<?xml version="1.0" encoding="utf-8"?>
<TestRun id="7040ffbe-4209-4219-af24-4a8dc04d6387" name="@ip-10-130-162-171 2025-09-12 15:56:41" xmlns="http://microsoft.com/schemas/VisualStudio/TeamTest/2010">
  <Times creation="2025-09-12T15:56:41.3286537+12:00" queuing="2025-09-12T15:56:41.3286538+12:00" start="2025-09-12T15:54:59.0596945+12:00" finish="2025-09-12T15:57:31.3820444+12:00" />
  <TestSettings name="default" id="720f3528-4f8b-4e40-824d-86b00a080f1f">
    <Deployment runDeploymentRoot="_ip-10-130-162-171_2025-09-12_15_56_41" />
  </TestSettings>
  <Results>
    <UnitTestResult executionId="a01aa988-8226-47e1-b5d2-5164a74bf7e7" testId="afb9cd69-b5fe-04c1-eadf-4d439dbc16a7" testName="PainValidationOnTextFields (CreditorAccountReference invalid chars,CreditorAccountReference,!@#$%^&amp;*()-=,'Transfer Initiation Request Creditor Account Reference' contains invalid characters.,)" computerName="ip-10-130-162-171" duration="00:00:00.6071257" startTime="2025-09-12T15:57:30.7114690+12:00" endTime="2025-09-12T15:57:31.3242031+12:00" testType="13cdc9d9-ddb5-4fa4-a97d-d965ccfc6d4b" outcome="Passed" testListId="8c84fa94-04c1-424b-9868-57a2d4851a1d" relativeResultsDirectory="a01aa988-8226-47e1-b5d2-5164a74bf7e7">
      <Output>
        <StdOut>[2025-09-12 15:57:31 INF] mutation InitiateTransfer { initiateTransfer( idempotencyKey: "da0241ed-2ee6-4912-96e9-4d14136c476b" transferDetails: { amount: { value: "1.00" currency: NZD } debtorAccountId: "lc_2ff00be3-5081-4171-8ba6-6f32f66ed70c" debtorAccountCode: "string" debtorAccountParticulars: "string" debtorAccountReference: "string" creditorAccountId: "lc_a47b5129-4085-46b6-9f65-baf821fa6b94" creditorAccountCode: "string" creditorAccountParticulars: "string" creditorAccountReference: "!@#$%^&amp;*()-=" } ) { debtorAccountNumber, creditorAccountNumber, paymentId, paymentInstructionCreationDateTime, initiatingAccessNumber, amount { value, currency }, debtorAccountCode, debtorAccountParticulars, debtorAccountReference, creditorAccountCode, creditorAccountParticulars, creditorAccountReference, __typename, ... on Payment { paymentId, paymentInstructionCreationDateTime, paymentExecutionDateTime, initiatingAccessNumber, amount { value, currency }, debtorAccountNumber, debtorAccountCode, debtorAccountParticulars, debtorAccountReference, creditorAccountNumber, creditorAccountCode, creditorAccountParticulars, creditorAccountReference }, ... on UnsuccessfulPayment { paymentId, code, message, paymentInstructionCreationDateTime, initiatingAccessNumber, amount { value, currency }, debtorAccountNumber, debtorAccountCode, debtorAccountParticulars, debtorAccountReference, creditorAccountNumber, creditorAccountCode, creditorAccountParticulars, creditorAccountReference } } }
[2025-09-12 15:57:31 INF] Start processing HTTP request POST https://payments-pain-integrate.apps.97c0.cip-non-production.nonprod.internal.aws.kiwibank.co.nz/graphql
[2025-09-12 15:57:31 INF] Sending HTTP request POST https://payments-pain-integrate.apps.97c0.cip-non-production.nonprod.internal.aws.kiwibank.co.nz/graphql
[2025-09-12 15:57:31 INF] Received HTTP response headers after 22.9588ms - 200
[2025-09-12 15:57:31 INF] End processing HTTP request after 23.0306ms - 200
[2025-09-12 15:57:31 INF] {"errors":[{"message":"Validation failed.","locations":[{"line":1,"column":29}],"path":["initiateTransfer"],"extensions":{"code":"BAD_USER_INPUT","validationErrors":[{"property":"TransferInitiationRequest.CreditorAccountReference","message":"'Transfer Initiation Request Creditor Account Reference' contains invalid characters."}]}],"data":null}



TestContext Messages:
Given a TransferInitiation is created for DebtorAccountId lc_2ff00be3-5081-4171-8ba6-6f32f66ed70c and CreditorAccountId lc_a47b5129-4085-46b6-9f65-baf821fa6b94
-&gt; done: PainStepDefinitions.GivenATransferInitiationIsCreatedFor("lc_2ff00be3-5081-...", "lc_a47b5129-4085-...") (0.0s)
And the field CreditorAccountReference is set to !@#$%^&amp;*()-=
-&gt; done: PainStepDefinitions.GivenTheFieldIsSetToEmpty("CreditorAccountRe...", "!@#$%^&amp;*()-=") (0.0s)
And an InitiateTransfer mutation is generated from the TransferInitiation
-&gt; done: PainStepDefinitions.GivenAnInitiateTransferMutationIsGeneratedFromTheTransferInitiation() (0.0s)
And a valid customers CIAM token is added to the request for the access number 6652627
-&gt; done: PainStepDefinitions.GivenAValidNZHLCiamTokenIsAddedToTheRequest("customers", "6652627") (0.6s)
When the request is sent
-&gt; done: PainStepDefinitions.WhenTheRequestIsSent() (0.0s)
Then the response code is 200
-&gt; done: PainStepDefinitions.ThenTheResponseCodeIs(200) (0.0s)
And the error response contains the fields:
  --- table step argument ---
  | Field                                              | Value                                                                                 |
  | $.errors[0].message                                | Validation failed.                                                                    |
  | $.errors[0].path[0]                                | initiateTransfer                                                                      |
  | $.errors[0].extensions.code                        | BAD_USER_INPUT                                                                        |
  | $.errors[0].extensions.validationErrors[0].message | 'Transfer Initiation Request Creditor Account Reference' contains invalid characters. |
-&gt; done: PainStepDefinitions.ThenTheErrorResponseContainsTheFields(&lt;table&gt;) (0.0s)</StdOut>
      </Output>
    </UnitTestResult>
    <UnitTestResult executionId="db94ccdb-a777-4c87-8baa-0de7594e638d" testId="519bd28f-fdd6-3f47-4fde-b5c432d3e430" testName="PainValidationOnTextFields (CreditorAccountReference 13 chars,CreditorAccountReference,1234567890123,The length of 'Transfer Initiation Request Creditor Account Reference' must be 12 characters or fewer. You entered 13 characters.,)" computerName="ip-10-130-162-171" duration="00:00:00.7036192" startTime="2025-09-12T15:57:30.0075459+12:00" endTime="2025-09-12T15:57:30.7113961+12:00" testType="13cdc9d9-ddb5-4fa4-a97d-d965ccfc6d4b" outcome="Passed" testListId="8c84fa94-04c1-424b-9868-57a2d4851a1d" relativeResultsDirectory="db94ccdb-a777-4c87-8baa-0de7594e638d">
      <Output>
        <StdOut>[2025-09-12 15:57:30 INF] mutation InitiateTransfer { initiateTransfer( idempotencyKey: "00ab1a68-f37d-48e9-9c07-5ff4db68d76f" transferDetails: { amount: { value: "1.00" currency: NZD } debtorAccountId: "lc_2ff00be3-5081-4171-8ba6-6f32f66ed70c" debtorAccountCode: "string" debtorAccountParticulars: "string" debtorAccountReference: "string" creditorAccountId: "lc_a47b5129-4085-46b6-9f65-baf821fa6b94" creditorAccountCode: "string" creditorAccountParticulars: "string" creditorAccountReference: "1234567890123" } ) { debtorAccountNumber, creditorAccountNumber, paymentId, paymentInstructionCreationDateTime, initiatingAccessNumber, amount { value, currency }, debtorAccountCode, debtorAccountParticulars, debtorAccountReference, creditorAccountCode, creditorAccountParticulars, creditorAccountReference, __typename, ... on Payment { paymentId, paymentInstructionCreationDateTime, paymentExecutionDateTime, initiatingAccessNumber, amount { value, currency }, debtorAccountNumber, debtorAccountCode, debtorAccountParticulars, debtorAccountReference, creditorAccountNumber, creditorAccountCode, creditorAccountParticulars, creditorAccountReference }, ... on UnsuccessfulPayment { paymentId, code, message, paymentInstructionCreationDateTime, initiatingAccessNumber, amount { value, currency }, debtorAccountNumber, debtorAccountCode, debtorAccountParticulars, debtorAccountReference, creditorAccountNumber, creditorAccountCode, creditorAccountParticulars, creditorAccountReference } } }
[2025-09-12 15:57:30 INF] Start processing HTTP request POST https://payments-pain-integrate.apps.97c0.cip-non-production.nonprod.internal.aws.kiwibank.co.nz/graphql
[2025-09-12 15:57:30 INF] Sending HTTP request POST https://payments-pain-integrate.apps.97c0.cip-non-production.nonprod.internal.aws.kiwibank.co.nz/graphql
[2025-09-12 15:57:30 INF] Received HTTP response headers after 22.0866ms - 200
[2025-09-12 15:57:30 INF] End processing HTTP request after 22.1636ms - 200
[2025-09-12 15:57:30 INF] {"errors":[{"message":"Validation failed.","locations":[{"line":1,"column":29}],"path":["initiateTransfer"],"extensions":{"code":"BAD_USER_INPUT","validationErrors":[{"property":"TransferInitiationRequest.CreditorAccountReference","message":"The length of 'Transfer Initiation Request Creditor Account Reference' must be 12 characters or fewer. You entered 13 characters."}]}],"data":null}



TestContext Messages:
Given a TransferInitiation is created for DebtorAccountId lc_2ff00be3-5081-4171-8ba6-6f32f66ed70c and CreditorAccountId lc_a47b5129-4085-46b6-9f65-baf821fa6b94
-&gt; done: PainStepDefinitions.GivenATransferInitiationIsCreatedFor("lc_2ff00be3-5081-...", "lc_a47b5129-4085-...") (0.0s)
And the field CreditorAccountReference is set to 1234567890123
-&gt; done: PainStepDefinitions.GivenTheFieldIsSetToEmpty("CreditorAccountRe...", "1234567890123") (0.0s)
And an InitiateTransfer mutation is generated from the TransferInitiation
-&gt; done: PainStepDefinitions.GivenAnInitiateTransferMutationIsGeneratedFromTheTransferInitiation() (0.0s)
And a valid customers CIAM token is added to the request for the access number 6652627
-&gt; done: PainStepDefinitions.GivenAValidNZHLCiamTokenIsAddedToTheRequest("customers", "6652627") (0.7s)
When the request is sent
-&gt; done: PainStepDefinitions.WhenTheRequestIsSent() (0.0s)
Then the response code is 200
-&gt; done: PainStepDefinitions.ThenTheResponseCodeIs(200) (0.0s)
And the error response contains the fields:
  --- table step argument ---
  | Field                                              | Value                                                                                                                             |
  | $.errors[0].message                                | Validation failed.                                                                                                                |
  | $.errors[0].path[0]                                | initiateTransfer                                                                                                                  |
  | $.errors[0].extensions.code                        | BAD_USER_INPUT                                                                                                                    |
  | $.errors[0].extensions.validationErrors[0].message | The length of 'Transfer Initiation Request Creditor Account Reference' must be 12 characters or fewer. You entered 13 characters. |
-&gt; done: PainStepDefinitions.ThenTheErrorResponseContainsTheFields(&lt;table&gt;) (0.0s)</StdOut>
      </Output>
    </UnitTestResult>
    <UnitTestResult executionId="bae67b56-32c5-48c4-9f07-e93dfed9294f" testId="a6095b22-b0cc-4581-9545-60e5c12b1603" testName="PainTransfersBusinessChecks (Debtor signatories more than 1,528127,lc_48014f7a-838f-4bd2-87bd-b8656b745e8b,lc_26f971fd-1949-47e7-8282-0e2e501cf271,NUMBER_OF_SIGNATURES,Debtor account must have exactly 1 signatory.,)" computerName="ip-10-130-162-171" duration="00:00:01.6223041" startTime="2025-09-12T15:56:52.9399108+12:00" endTime="2025-09-12T15:56:54.5625419+12:00" testType="13cdc9d9-ddb5-4fa4-a97d-d965ccfc6d4b" outcome="Passed" testListId="8c84fa94-04c1-424b-9868-57a2d4851a1d" relativeResultsDirectory="bae67b56-32c5-48c4-9f07-e93dfed9294f">
      <Output>
        <StdOut>[2025-09-12 15:56:53 INF] mutation InitiateTransfer { initiateTransfer( idempotencyKey: "e866f2e3-cda0-4f7e-b48c-28e43fc12f39" transferDetails: { amount: { value: "1.00" currency: NZD } debtorAccountId: "lc_48014f7a-838f-4bd2-87bd-b8656b745e8b" debtorAccountCode: "string" debtorAccountParticulars: "string" debtorAccountReference: "string" creditorAccountId: "lc_26f971fd-1949-47e7-8282-0e2e501cf271" creditorAccountCode: "string" creditorAccountParticulars: "string" creditorAccountReference: "string" } ) { debtorAccountNumber, creditorAccountNumber, paymentId, paymentInstructionCreationDateTime, initiatingAccessNumber, amount { value, currency }, debtorAccountCode, debtorAccountParticulars, debtorAccountReference, creditorAccountCode, creditorAccountParticulars, creditorAccountReference, __typename, ... on Payment { paymentId, paymentInstructionCreationDateTime, paymentExecutionDateTime, initiatingAccessNumber, amount { value, currency }, debtorAccountNumber, debtorAccountCode, debtorAccountParticulars, debtorAccountReference, creditorAccountNumber, creditorAccountCode, creditorAccountParticulars, creditorAccountReference }, ... on UnsuccessfulPayment { paymentId, code, message, paymentInstructionCreationDateTime, initiatingAccessNumber, amount { value, currency }, debtorAccountNumber, debtorAccountCode, debtorAccountParticulars, debtorAccountReference, creditorAccountNumber, creditorAccountCode, creditorAccountParticulars, creditorAccountReference } } }
[2025-09-12 15:56:53 INF] Start processing HTTP request POST https://payments-pain-integrate.apps.97c0.cip-non-production.nonprod.internal.aws.kiwibank.co.nz/graphql
[2025-09-12 15:56:53 INF] Sending HTTP request POST https://payments-pain-integrate.apps.97c0.cip-non-production.nonprod.internal.aws.kiwibank.co.nz/graphql
[2025-09-12 15:56:54 INF] Received HTTP response headers after 889.7664ms - 200
[2025-09-12 15:56:54 INF] End processing HTTP request after 889.9757ms - 200
[2025-09-12 15:56:54 INF] {"data":{"initiateTransfer":{"debtorAccountNumber":"389006059700505","creditorAccountNumber":"389008000346903","paymentId":"b5b281ef72c948b5b0dc29da20326f3a","paymentInstructionCreationDateTime":"2025-09-12T03:56:54.556Z","initiatingAccessNumber":"528127","amount":{"value":"1.00","currency":"NZD"},"debtorAccountCode":"string","debtorAccountParticulars":"string","debtorAccountReference":"string","creditorAccountCode":"string","creditorAccountParticulars":"string","creditorAccountReference":"string","__typename":"UnsuccessfulPayment","code":"NUMBER_OF_SIGNATURES","message":"Debtor account must have exactly 1 signatory."}}



TestContext Messages:
Given an InitiateTransfer mutation is generated for DebtorAccountId lc_48014f7a-838f-4bd2-87bd-b8656b745e8b and CreditorAccountId lc_26f971fd-1949-47e7-8282-0e2e501cf271
-&gt; done: PainStepDefinitions.GivenAnInitiateTransferMutationIsGenerated("lc_48014f7a-838f-...", "lc_26f971fd-1949-...") (0.0s)
And a valid customers CIAM token is added to the request for the access number 528127
-&gt; done: PainStepDefinitions.GivenAValidNZHLCiamTokenIsAddedToTheRequest("customers", "528127") (0.7s)
When the request is sent
-&gt; done: PainStepDefinitions.WhenTheRequestIsSent() (0.9s)
Then the response code is 200
-&gt; done: PainStepDefinitions.ThenTheResponseCodeIs(200) (0.0s)
And the response contains the fields:
  --- table step argument ---
  | Field                              | Value                                         |
  | __typename                         | UnsuccessfulPayment                           |
  | debtorAccountNumber                |                                               |
  | creditorAccountNumber              |                                               |
  | paymentId                          | *                                             |
  | paymentInstructionCreationDateTime | *                                             |
  | initiatingAccessNumber             | *                                             |
  | debtorAccountCode                  | *                                             |
  | debtorAccountParticulars           | *                                             |
  | debtorAccountReference             | *                                             |
  | creditorAccountCode                | *                                             |
  | creditorAccountParticulars         | *                                             |
  | creditorAccountReference           | *                                             |
  | amount                             | *                                             |
  | code                               | NUMBER_OF_SIGNATURES                          |
  | message                            | Debtor account must have exactly 1 signatory. |
-&gt; done: PainStepDefinitions.ThenTheResponseContainsTheFields(&lt;table&gt;) (0.0s)</StdOut>
      </Output>
    </UnitTestResult>
    <UnitTestResult executionId="75c293f6-d83c-44da-834b-949016f745e8" testId="8952c872-cff2-fe8d-1b72-58fc9f5eccd9" testName="PainTransfersCoreCombosHappyPaths (LegacyCore to Core,6705483,lc_ba3a2de9-8b8c-4956-9949-9e7ff20e5f4a,nc_4202e682-c9be-4f6b-8727-142a48f750dd,)" computerName="ip-10-130-162-171" duration="00:00:03.7451155" startTime="2025-09-12T15:56:46.1594863+12:00" endTime="2025-09-12T15:56:49.9049504+12:00" testType="13cdc9d9-ddb5-4fa4-a97d-d965ccfc6d4b" outcome="Passed" testListId="8c84fa94-04c1-424b-9868-57a2d4851a1d" relativeResultsDirectory="75c293f6-d83c-44da-834b-949016f745e8">
      <Output>
        <StdOut>[2025-09-12 15:56:46 INF] mutation InitiateTransfer { initiateTransfer( idempotencyKey: "1a968c56-eef3-4a42-9a4c-dd81e9753f7e" transferDetails: { amount: { value: "1.00" currency: NZD } debtorAccountId: "lc_ba3a2de9-8b8c-4956-9949-9e7ff20e5f4a" debtorAccountCode: "string" debtorAccountParticulars: "string" debtorAccountReference: "string" creditorAccountId: "nc_4202e682-c9be-4f6b-8727-142a48f750dd" creditorAccountCode: "string" creditorAccountParticulars: "string" creditorAccountReference: "string" } ) { debtorAccountNumber, creditorAccountNumber, paymentId, paymentInstructionCreationDateTime, initiatingAccessNumber, amount { value, currency }, debtorAccountCode, debtorAccountParticulars, debtorAccountReference, creditorAccountCode, creditorAccountParticulars, creditorAccountReference, __typename, ... on Payment { paymentId, paymentInstructionCreationDateTime, paymentExecutionDateTime, initiatingAccessNumber, amount { value, currency }, debtorAccountNumber, debtorAccountCode, debtorAccountParticulars, debtorAccountReference, creditorAccountNumber, creditorAccountCode, creditorAccountParticulars, creditorAccountReference }, ... on UnsuccessfulPayment { paymentId, code, message, paymentInstructionCreationDateTime, initiatingAccessNumber, amount { value, currency }, debtorAccountNumber, debtorAccountCode, debtorAccountParticulars, debtorAccountReference, creditorAccountNumber, creditorAccountCode, creditorAccountParticulars, creditorAccountReference } } }
[2025-09-12 15:56:46 INF] Start processing HTTP request POST https://payments-pain-integrate.apps.97c0.cip-non-production.nonprod.internal.aws.kiwibank.co.nz/graphql
[2025-09-12 15:56:46 INF] Sending HTTP request POST https://payments-pain-integrate.apps.97c0.cip-non-production.nonprod.internal.aws.kiwibank.co.nz/graphql
[2025-09-12 15:56:49 INF] Received HTTP response headers after 3100.5625ms - 200
[2025-09-12 15:56:49 INF] End processing HTTP request after 3100.7994ms - 200
[2025-09-12 15:56:49 INF] {"data":{"initiateTransfer":{"debtorAccountNumber":"389023066848503","creditorAccountNumber":"389023066848550","paymentId":"a21f272cf5594a03b7a219ee45213714","paymentInstructionCreationDateTime":"2025-09-12T03:56:48.847Z","initiatingAccessNumber":"6705483","amount":{"value":"1.00","currency":"NZD"},"debtorAccountCode":"string","debtorAccountParticulars":"string","debtorAccountReference":"string","creditorAccountCode":"string","creditorAccountParticulars":"string","creditorAccountReference":"string","__typename":"Payment","paymentExecutionDateTime":"2025-09-12T03:56:49.756Z"}}



TestContext Messages:
Given an InitiateTransfer mutation is generated for DebtorAccountId lc_ba3a2de9-8b8c-4956-9949-9e7ff20e5f4a and CreditorAccountId nc_4202e682-c9be-4f6b-8727-142a48f750dd
-&gt; done: PainStepDefinitions.GivenAnInitiateTransferMutationIsGenerated("lc_ba3a2de9-8b8c-...", "nc_4202e682-c9be-...") (0.0s)
And a valid customers CIAM token is added to the request for the access number 6705483
-&gt; done: PainStepDefinitions.GivenAValidNZHLCiamTokenIsAddedToTheRequest("customers", "6705483") (0.6s)
When the request is sent
-&gt; done: PainStepDefinitions.WhenTheRequestIsSent() (3.1s)
Then the response code is 200
-&gt; done: PainStepDefinitions.ThenTheResponseCodeIs(200) (0.0s)
And the response contains the fields:
  --- table step argument ---
  | Field                              | Value   |
  | __typename                         | Payment |
  | debtorAccountNumber                | *       |
  | creditorAccountNumber              | *       |
  | paymentId                          | *       |
  | paymentInstructionCreationDateTime | *       |
  | initiatingAccessNumber             | *       |
  | debtorAccountCode                  | *       |
  | debtorAccountParticulars           | *       |
  | debtorAccountReference             | *       |
  | creditorAccountCode                | *       |
  | creditorAccountParticulars         | *       |
  | creditorAccountReference           | *       |
  | amount                             | *       |
-&gt; done: PainStepDefinitions.ThenTheResponseContainsTheFields(&lt;table&gt;) (0.0s)</StdOut>
      </Output>
    </UnitTestResult>
    <UnitTestResult executionId="e32f8e98-053d-4745-a87d-752e8d462469" testId="4d0a7814-8793-3952-06bd-424d8da8581b" testName="PainValidationOnTextFields (CreditorAccountCode invalid chars,CreditorAccountCode,!@#$%^&amp;*()-=,'Transfer Initiation Request Creditor Account Code' contains invalid characters.,)" computerName="ip-10-130-162-171" duration="00:00:00.6201321" startTime="2025-09-12T15:57:29.3871273+12:00" endTime="2025-09-12T15:57:30.0074828+12:00" testType="13cdc9d9-ddb5-4fa4-a97d-d965ccfc6d4b" outcome="Passed" testListId="8c84fa94-04c1-424b-9868-57a2d4851a1d" relativeResultsDirectory="e32f8e98-053d-4745-a87d-752e8d462469">
      <Output>
        <StdOut>[2025-09-12 15:57:29 INF] mutation InitiateTransfer { initiateTransfer( idempotencyKey: "92c0be98-79b8-438a-9717-e0cc9e82b238" transferDetails: { amount: { value: "1.00" currency: NZD } debtorAccountId: "lc_2ff00be3-5081-4171-8ba6-6f32f66ed70c" debtorAccountCode: "string" debtorAccountParticulars: "string" debtorAccountReference: "string" creditorAccountId: "lc_a47b5129-4085-46b6-9f65-baf821fa6b94" creditorAccountCode: "!@#$%^&amp;*()-=" creditorAccountParticulars: "string" creditorAccountReference: "string" } ) { debtorAccountNumber, creditorAccountNumber, paymentId, paymentInstructionCreationDateTime, initiatingAccessNumber, amount { value, currency }, debtorAccountCode, debtorAccountParticulars, debtorAccountReference, creditorAccountCode, creditorAccountParticulars, creditorAccountReference, __typename, ... on Payment { paymentId, paymentInstructionCreationDateTime, paymentExecutionDateTime, initiatingAccessNumber, amount { value, currency }, debtorAccountNumber, debtorAccountCode, debtorAccountParticulars, debtorAccountReference, creditorAccountNumber, creditorAccountCode, creditorAccountParticulars, creditorAccountReference }, ... on UnsuccessfulPayment { paymentId, code, message, paymentInstructionCreationDateTime, initiatingAccessNumber, amount { value, currency }, debtorAccountNumber, debtorAccountCode, debtorAccountParticulars, debtorAccountReference, creditorAccountNumber, creditorAccountCode, creditorAccountParticulars, creditorAccountReference } } }
[2025-09-12 15:57:29 INF] Start processing HTTP request POST https://payments-pain-integrate.apps.97c0.cip-non-production.nonprod.internal.aws.kiwibank.co.nz/graphql
[2025-09-12 15:57:29 INF] Sending HTTP request POST https://payments-pain-integrate.apps.97c0.cip-non-production.nonprod.internal.aws.kiwibank.co.nz/graphql
[2025-09-12 15:57:30 INF] Received HTTP response headers after 24.297ms - 200
[2025-09-12 15:57:30 INF] End processing HTTP request after 24.3714ms - 200
[2025-09-12 15:57:30 INF] {"errors":[{"message":"Validation failed.","locations":[{"line":1,"column":29}],"path":["initiateTransfer"],"extensions":{"code":"BAD_USER_INPUT","validationErrors":[{"property":"TransferInitiationRequest.CreditorAccountCode","message":"'Transfer Initiation Request Creditor Account Code' contains invalid characters."}]}],"data":null}



TestContext Messages:
Given a TransferInitiation is created for DebtorAccountId lc_2ff00be3-5081-4171-8ba6-6f32f66ed70c and CreditorAccountId lc_a47b5129-4085-46b6-9f65-baf821fa6b94
-&gt; done: PainStepDefinitions.GivenATransferInitiationIsCreatedFor("lc_2ff00be3-5081-...", "lc_a47b5129-4085-...") (0.0s)
And the field CreditorAccountCode is set to !@#$%^&amp;*()-=
-&gt; done: PainStepDefinitions.GivenTheFieldIsSetToEmpty("CreditorAccountCode", "!@#$%^&amp;*()-=") (0.0s)
And an InitiateTransfer mutation is generated from the TransferInitiation
-&gt; done: PainStepDefinitions.GivenAnInitiateTransferMutationIsGeneratedFromTheTransferInitiation() (0.0s)
And a valid customers CIAM token is added to the request for the access number 6652627
-&gt; done: PainStepDefinitions.GivenAValidNZHLCiamTokenIsAddedToTheRequest("customers", "6652627") (0.6s)
When the request is sent
-&gt; done: PainStepDefinitions.WhenTheRequestIsSent() (0.0s)
Then the response code is 200
-&gt; done: PainStepDefinitions.ThenTheResponseCodeIs(200) (0.0s)
And the error response contains the fields:
  --- table step argument ---
  | Field                                              | Value                                                                            |
  | $.errors[0].message                                | Validation failed.                                                               |
  | $.errors[0].path[0]                                | initiateTransfer                                                                 |
  | $.errors[0].extensions.code                        | BAD_USER_INPUT                                                                   |
  | $.errors[0].extensions.validationErrors[0].message | 'Transfer Initiation Request Creditor Account Code' contains invalid characters. |
-&gt; done: PainStepDefinitions.ThenTheErrorResponseContainsTheFields(&lt;table&gt;) (0.0s)</StdOut>
      </Output>
    </UnitTestResult>
    <UnitTestResult executionId="a8ecb1f5-c274-4e28-8de7-7c8a4dad8ede" testId="cecae228-356b-66ca-4aa3-cc20fe45237c" testName="PainTransfersBusinessChecks (Invalid transfer FROM product (I9),910035,lc_ed6d8a13-e618-4304-adcd-e7e14ceaced4,lc_89043a72-4052-436f-a333-3a4be440eeca,OPERATION_INVALID_FOR_ACCOUNT,Transaction is not allowed for the selected accounts.,)" computerName="ip-10-130-162-171" duration="00:00:01.2907640" startTime="2025-09-12T15:56:59.8550916+12:00" endTime="2025-09-12T15:57:01.1460815+12:00" testType="13cdc9d9-ddb5-4fa4-a97d-d965ccfc6d4b" outcome="Passed" testListId="8c84fa94-04c1-424b-9868-57a2d4851a1d" relativeResultsDirectory="a8ecb1f5-c274-4e28-8de7-7c8a4dad8ede">
      <Output>
        <StdOut>[2025-09-12 15:57:00 INF] mutation InitiateTransfer { initiateTransfer( idempotencyKey: "dd37ab64-950e-452f-8fbc-b1f83f9092bf" transferDetails: { amount: { value: "1.00" currency: NZD } debtorAccountId: "lc_ed6d8a13-e618-4304-adcd-e7e14ceaced4" debtorAccountCode: "string" debtorAccountParticulars: "string" debtorAccountReference: "string" creditorAccountId: "lc_89043a72-4052-436f-a333-3a4be440eeca" creditorAccountCode: "string" creditorAccountParticulars: "string" creditorAccountReference: "string" } ) { debtorAccountNumber, creditorAccountNumber, paymentId, paymentInstructionCreationDateTime, initiatingAccessNumber, amount { value, currency }, debtorAccountCode, debtorAccountParticulars, debtorAccountReference, creditorAccountCode, creditorAccountParticulars, creditorAccountReference, __typename, ... on Payment { paymentId, paymentInstructionCreationDateTime, paymentExecutionDateTime, initiatingAccessNumber, amount { value, currency }, debtorAccountNumber, debtorAccountCode, debtorAccountParticulars, debtorAccountReference, creditorAccountNumber, creditorAccountCode, creditorAccountParticulars, creditorAccountReference }, ... on UnsuccessfulPayment { paymentId, code, message, paymentInstructionCreationDateTime, initiatingAccessNumber, amount { value, currency }, debtorAccountNumber, debtorAccountCode, debtorAccountParticulars, debtorAccountReference, creditorAccountNumber, creditorAccountCode, creditorAccountParticulars, creditorAccountReference } } }
[2025-09-12 15:57:00 INF] Start processing HTTP request POST https://payments-pain-integrate.apps.97c0.cip-non-production.nonprod.internal.aws.kiwibank.co.nz/graphql
[2025-09-12 15:57:00 INF] Sending HTTP request POST https://payments-pain-integrate.apps.97c0.cip-non-production.nonprod.internal.aws.kiwibank.co.nz/graphql
[2025-09-12 15:57:01 INF] Received HTTP response headers after 669.064ms - 200
[2025-09-12 15:57:01 INF] End processing HTTP request after 669.2005ms - 200
[2025-09-12 15:57:01 INF] {"data":{"initiateTransfer":{"debtorAccountNumber":"389007072627810","creditorAccountNumber":"389007072627887","paymentId":"8a3b34d75a394f4384071703c98d530d","paymentInstructionCreationDateTime":"2025-09-12T03:57:01.141Z","initiatingAccessNumber":"910035","amount":{"value":"1.00","currency":"NZD"},"debtorAccountCode":"string","debtorAccountParticulars":"string","debtorAccountReference":"string","creditorAccountCode":"string","creditorAccountParticulars":"string","creditorAccountReference":"string","__typename":"UnsuccessfulPayment","code":"OPERATION_INVALID_FOR_ACCOUNT","message":"Transaction is not allowed for the selected accounts."}}



TestContext Messages:
Given an InitiateTransfer mutation is generated for DebtorAccountId lc_ed6d8a13-e618-4304-adcd-e7e14ceaced4 and CreditorAccountId lc_89043a72-4052-436f-a333-3a4be440eeca
-&gt; done: PainStepDefinitions.GivenAnInitiateTransferMutationIsGenerated("lc_ed6d8a13-e618-...", "lc_89043a72-4052-...") (0.0s)
And a valid customers CIAM token is added to the request for the access number 910035
-&gt; done: PainStepDefinitions.GivenAValidNZHLCiamTokenIsAddedToTheRequest("customers", "910035") (0.6s)
When the request is sent
-&gt; done: PainStepDefinitions.WhenTheRequestIsSent() (0.7s)
Then the response code is 200
-&gt; done: PainStepDefinitions.ThenTheResponseCodeIs(200) (0.0s)
And the response contains the fields:
  --- table step argument ---
  | Field                              | Value                                                 |
  | __typename                         | UnsuccessfulPayment                                   |
  | debtorAccountNumber                |                                                       |
  | creditorAccountNumber              |                                                       |
  | paymentId                          | *                                                     |
  | paymentInstructionCreationDateTime | *                                                     |
  | initiatingAccessNumber             | *                                                     |
  | debtorAccountCode                  | *                                                     |
  | debtorAccountParticulars           | *                                                     |
  | debtorAccountReference             | *                                                     |
  | creditorAccountCode                | *                                                     |
  | creditorAccountParticulars         | *                                                     |
  | creditorAccountReference           | *                                                     |
  | amount                             | *                                                     |
  | code                               | OPERATION_INVALID_FOR_ACCOUNT                         |
  | message                            | Transaction is not allowed for the selected accounts. |
-&gt; done: PainStepDefinitions.ThenTheResponseContainsTheFields(&lt;table&gt;) (0.0s)</StdOut>
      </Output>
    </UnitTestResult>
    <UnitTestResult executionId="170ac4c0-0aa2-42b4-8513-2b20fa6ae041" testId="543609a5-8759-ee9d-1d11-b96381c5c840" testName="PainTransfersIdempotencyUnsuccessfulPaymentGivesSuccessfulPaymentForSameIdempotencyCombo" computerName="ip-10-130-162-171" duration="00:00:02.2297574" startTime="2025-09-12T15:57:04.0566195+12:00" endTime="2025-09-12T15:57:06.2865866+12:00" testType="13cdc9d9-ddb5-4fa4-a97d-d965ccfc6d4b" outcome="Passed" testListId="8c84fa94-04c1-424b-9868-57a2d4851a1d" relativeResultsDirectory="170ac4c0-0aa2-42b4-8513-2b20fa6ae041">
      <Output>
        <StdOut>[2025-09-12 15:57:04 INF] mutation InitiateTransfer { initiateTransfer( idempotencyKey: "b928d74d-332b-44e4-9ab2-3cd416c02c44" transferDetails: { amount: { value: "1000000.00" currency: NZD } debtorAccountId: "lc_2ff00be3-5081-4171-8ba6-6f32f66ed70c" debtorAccountCode: "string" debtorAccountParticulars: "string" debtorAccountReference: "string" creditorAccountId: "lc_a47b5129-4085-46b6-9f65-baf821fa6b94" creditorAccountCode: "string" creditorAccountParticulars: "string" creditorAccountReference: "string" } ) { debtorAccountNumber, creditorAccountNumber, paymentId, paymentInstructionCreationDateTime, initiatingAccessNumber, amount { value, currency }, debtorAccountCode, debtorAccountParticulars, debtorAccountReference, creditorAccountCode, creditorAccountParticulars, creditorAccountReference, __typename, ... on Payment { paymentId, paymentInstructionCreationDateTime, paymentExecutionDateTime, initiatingAccessNumber, amount { value, currency }, debtorAccountNumber, debtorAccountCode, debtorAccountParticulars, debtorAccountReference, creditorAccountNumber, creditorAccountCode, creditorAccountParticulars, creditorAccountReference }, ... on UnsuccessfulPayment { paymentId, code, message, paymentInstructionCreationDateTime, initiatingAccessNumber, amount { value, currency }, debtorAccountNumber, debtorAccountCode, debtorAccountParticulars, debtorAccountReference, creditorAccountNumber, creditorAccountCode, creditorAccountParticulars, creditorAccountReference } } }
[2025-09-12 15:57:04 INF] Start processing HTTP request POST https://payments-pain-integrate.apps.97c0.cip-non-production.nonprod.internal.aws.kiwibank.co.nz/graphql
[2025-09-12 15:57:04 INF] Sending HTTP request POST https://payments-pain-integrate.apps.97c0.cip-non-production.nonprod.internal.aws.kiwibank.co.nz/graphql
[2025-09-12 15:57:05 INF] Received HTTP response headers after 824.2087ms - 200
[2025-09-12 15:57:05 INF] End processing HTTP request after 824.3348ms - 200
[2025-09-12 15:57:05 INF] {"data":{"initiateTransfer":{"debtorAccountNumber":"389023045175300","creditorAccountNumber":"389023045175303","paymentId":"5cbba287a18c4366a5105b10db616487","paymentInstructionCreationDateTime":"2025-09-12T03:57:05.270Z","initiatingAccessNumber":"6652627","amount":{"value":"1000000.00","currency":"NZD"},"debtorAccountCode":"string","debtorAccountParticulars":"string","debtorAccountReference":"string","creditorAccountCode":"string","creditorAccountParticulars":"string","creditorAccountReference":"string","__typename":"UnsuccessfulPayment","code":"INSUFFICIENT_FUNDS","message":"Account has insufficient funds to complete request"}}
[2025-09-12 15:57:05 INF] mutation InitiateTransfer { initiateTransfer( idempotencyKey: "b928d74d-332b-44e4-9ab2-3cd416c02c44" transferDetails: { amount: { value: "1.00" currency: NZD } debtorAccountId: "lc_2ff00be3-5081-4171-8ba6-6f32f66ed70c" debtorAccountCode: "string" debtorAccountParticulars: "string" debtorAccountReference: "string" creditorAccountId: "lc_a47b5129-4085-46b6-9f65-baf821fa6b94" creditorAccountCode: "string" creditorAccountParticulars: "string" creditorAccountReference: "string" } ) { debtorAccountNumber, creditorAccountNumber, paymentId, paymentInstructionCreationDateTime, initiatingAccessNumber, amount { value, currency }, debtorAccountCode, debtorAccountParticulars, debtorAccountReference, creditorAccountCode, creditorAccountParticulars, creditorAccountReference, __typename, ... on Payment { paymentId, paymentInstructionCreationDateTime, paymentExecutionDateTime, initiatingAccessNumber, amount { value, currency }, debtorAccountNumber, debtorAccountCode, debtorAccountParticulars, debtorAccountReference, creditorAccountNumber, creditorAccountCode, creditorAccountParticulars, creditorAccountReference }, ... on UnsuccessfulPayment { paymentId, code, message, paymentInstructionCreationDateTime, initiatingAccessNumber, amount { value, currency }, debtorAccountNumber, debtorAccountCode, debtorAccountParticulars, debtorAccountReference, creditorAccountNumber, creditorAccountCode, creditorAccountParticulars, creditorAccountReference } } }
[2025-09-12 15:57:05 INF] Start processing HTTP request POST https://payments-pain-integrate.apps.97c0.cip-non-production.nonprod.internal.aws.kiwibank.co.nz/graphql
[2025-09-12 15:57:05 INF] Sending HTTP request POST https://payments-pain-integrate.apps.97c0.cip-non-production.nonprod.internal.aws.kiwibank.co.nz/graphql
[2025-09-12 15:57:06 INF] Received HTTP response headers after 794.95ms - 200
[2025-09-12 15:57:06 INF] End processing HTTP request after 795.0715ms - 200
[2025-09-12 15:57:06 INF] {"data":{"initiateTransfer":{"debtorAccountNumber":"389023045175300","creditorAccountNumber":"389023045175303","paymentId":"800b7cb3f5304c12a96ca07f2ab3603d","paymentInstructionCreationDateTime":"2025-09-12T03:57:06.046Z","initiatingAccessNumber":"6652627","amount":{"value":"1.00","currency":"NZD"},"debtorAccountCode":"string","debtorAccountParticulars":"string","debtorAccountReference":"string","creditorAccountCode":"string","creditorAccountParticulars":"string","creditorAccountReference":"string","__typename":"Payment","paymentExecutionDateTime":"2025-09-12T03:57:06.272Z"}}



TestContext Messages:
Given an InitiateTransfer mutation is generated for DebtorAccountId lc_2ff00be3-5081-4171-8ba6-6f32f66ed70c and CreditorAccountId lc_a47b5129-4085-46b6-9f65-baf821fa6b94
-&gt; done: PainStepDefinitions.GivenAnInitiateTransferMutationIsGenerated("lc_2ff00be3-5081-...", "lc_a47b5129-4085-...") (0.0s)
And the mutation is updated to have the amount of 1000000.00
-&gt; done: PainStepDefinitions.GivenTheMutationIsUpdatedToHaveTheAmountOf("1000000.00") (0.0s)
And a valid customers CIAM token is added to the request for the access number 6652627
-&gt; done: PainStepDefinitions.GivenAValidNZHLCiamTokenIsAddedToTheRequest("customers", "6652627") (0.6s)
And the request is sent
-&gt; done: PainStepDefinitions.WhenTheRequestIsSent() (0.8s)
And the response code is 200
-&gt; done: PainStepDefinitions.ThenTheResponseCodeIs(200) (0.0s)
And the response contains the fields:
  --- table step argument ---
  | Field                                | Value               |
  | __typename                           | UnsuccessfulPayment |
  | $.data.initiateTransfer.amount.value | 1000000.00          |
-&gt; done: PainStepDefinitions.ThenTheResponseContainsTheFields(&lt;table&gt;) (0.0s)
When the mutation is updated to have the amount of 1.00
-&gt; done: PainStepDefinitions.GivenTheMutationIsUpdatedToHaveTheAmountOf("1.00") (0.0s)
And the request is sent again
-&gt; done: PainStepDefinitions.WhenTheRequestIsSentAgain() (0.8s)
Then the response code is 200
-&gt; done: PainStepDefinitions.ThenTheResponseCodeIs(200) (0.0s)
And the response contains the fields:
  --- table step argument ---
  | Field                                | Value   |
  | __typename                           | Payment |
  | $.data.initiateTransfer.amount.value | 1.00    |
-&gt; done: PainStepDefinitions.ThenTheResponseContainsTheFields(&lt;table&gt;) (0.0s)</StdOut>
      </Output>
    </UnitTestResult>
    <UnitTestResult executionId="d19e72e8-f32d-4f9a-b462-8eaa1fb33fa3" testId="c36825ac-ab77-7371-c3f6-ce3c9df165c2" testName="PainValidationOnTextFields (DebtorAccountParticulars 13 chars,DebtorAccountParticulars,1234567890123,The length of 'Transfer Initiation Request Debtor Account Particulars' must be 12 characters or fewer. You entered 13 characters.,)" computerName="ip-10-130-162-171" duration="00:00:00.8609193" startTime="2025-09-12T15:57:22.6846101+12:00" endTime="2025-09-12T15:57:23.5457240+12:00" testType="13cdc9d9-ddb5-4fa4-a97d-d965ccfc6d4b" outcome="Passed" testListId="8c84fa94-04c1-424b-9868-57a2d4851a1d" relativeResultsDirectory="d19e72e8-f32d-4f9a-b462-8eaa1fb33fa3">
      <Output>
        <StdOut>[2025-09-12 15:57:23 INF] mutation InitiateTransfer { initiateTransfer( idempotencyKey: "80920449-f0ab-413a-8c0e-d74a7971b70d" transferDetails: { amount: { value: "1.00" currency: NZD } debtorAccountId: "lc_2ff00be3-5081-4171-8ba6-6f32f66ed70c" debtorAccountCode: "string" debtorAccountParticulars: "1234567890123" debtorAccountReference: "string" creditorAccountId: "lc_a47b5129-4085-46b6-9f65-baf821fa6b94" creditorAccountCode: "string" creditorAccountParticulars: "string" creditorAccountReference: "string" } ) { debtorAccountNumber, creditorAccountNumber, paymentId, paymentInstructionCreationDateTime, initiatingAccessNumber, amount { value, currency }, debtorAccountCode, debtorAccountParticulars, debtorAccountReference, creditorAccountCode, creditorAccountParticulars, creditorAccountReference, __typename, ... on Payment { paymentId, paymentInstructionCreationDateTime, paymentExecutionDateTime, initiatingAccessNumber, amount { value, currency }, debtorAccountNumber, debtorAccountCode, debtorAccountParticulars, debtorAccountReference, creditorAccountNumber, creditorAccountCode, creditorAccountParticulars, creditorAccountReference }, ... on UnsuccessfulPayment { paymentId, code, message, paymentInstructionCreationDateTime, initiatingAccessNumber, amount { value, currency }, debtorAccountNumber, debtorAccountCode, debtorAccountParticulars, debtorAccountReference, creditorAccountNumber, creditorAccountCode, creditorAccountParticulars, creditorAccountReference } } }
[2025-09-12 15:57:23 INF] Start processing HTTP request POST https://payments-pain-integrate.apps.97c0.cip-non-production.nonprod.internal.aws.kiwibank.co.nz/graphql
[2025-09-12 15:57:23 INF] Sending HTTP request POST https://payments-pain-integrate.apps.97c0.cip-non-production.nonprod.internal.aws.kiwibank.co.nz/graphql
[2025-09-12 15:57:23 INF] Received HTTP response headers after 23.3923ms - 200
[2025-09-12 15:57:23 INF] End processing HTTP request after 23.4699ms - 200
[2025-09-12 15:57:23 INF] {"errors":[{"message":"Validation failed.","locations":[{"line":1,"column":29}],"path":["initiateTransfer"],"extensions":{"code":"BAD_USER_INPUT","validationErrors":[{"property":"TransferInitiationRequest.DebtorAccountParticulars","message":"The length of 'Transfer Initiation Request Debtor Account Particulars' must be 12 characters or fewer. You entered 13 characters."}]}],"data":null}



TestContext Messages:
Given a TransferInitiation is created for DebtorAccountId lc_2ff00be3-5081-4171-8ba6-6f32f66ed70c and CreditorAccountId lc_a47b5129-4085-46b6-9f65-baf821fa6b94
-&gt; done: PainStepDefinitions.GivenATransferInitiationIsCreatedFor("lc_2ff00be3-5081-...", "lc_a47b5129-4085-...") (0.0s)
And the field DebtorAccountParticulars is set to 1234567890123
-&gt; done: PainStepDefinitions.GivenTheFieldIsSetToEmpty("DebtorAccountPart...", "1234567890123") (0.0s)
And an InitiateTransfer mutation is generated from the TransferInitiation
-&gt; done: PainStepDefinitions.GivenAnInitiateTransferMutationIsGeneratedFromTheTransferInitiation() (0.0s)
And a valid customers CIAM token is added to the request for the access number 6652627
-&gt; done: PainStepDefinitions.GivenAValidNZHLCiamTokenIsAddedToTheRequest("customers", "6652627") (0.8s)
When the request is sent
-&gt; done: PainStepDefinitions.WhenTheRequestIsSent() (0.0s)
Then the response code is 200
-&gt; done: PainStepDefinitions.ThenTheResponseCodeIs(200) (0.0s)
And the error response contains the fields:
  --- table step argument ---
  | Field                                              | Value                                                                                                                             |
  | $.errors[0].message                                | Validation failed.                                                                                                                |
  | $.errors[0].path[0]                                | initiateTransfer                                                                                                                  |
  | $.errors[0].extensions.code                        | BAD_USER_INPUT                                                                                                                    |
  | $.errors[0].extensions.validationErrors[0].message | The length of 'Transfer Initiation Request Debtor Account Particulars' must be 12 characters or fewer. You entered 13 characters. |
-&gt; done: PainStepDefinitions.ThenTheErrorResponseContainsTheFields(&lt;table&gt;) (0.0s)</StdOut>
      </Output>
    </UnitTestResult>
    <UnitTestResult executionId="20917c1f-1011-4dcc-9f85-76cd40852a39" testId="4b838005-93a0-94ec-0827-2ae6e9ef935d" testName="PainValidationOnAccountNumbers (Creditor ID missing,lc_2ff00be3-5081-4171-8ba6-6f32f66ed70c,,'Transfer Initiation Request Creditor Account Id' must not be empty.,$.errors[0].extensions.validationErrors[0].message,)" computerName="ip-10-130-162-171" duration="00:00:00.6447007" startTime="2025-09-12T15:57:14.5803225+12:00" endTime="2025-09-12T15:57:15.2251999+12:00" testType="13cdc9d9-ddb5-4fa4-a97d-d965ccfc6d4b" outcome="Failed" testListId="8c84fa94-04c1-424b-9868-57a2d4851a1d" relativeResultsDirectory="20917c1f-1011-4dcc-9f85-76cd40852a39">
      <Output>
        <StdOut>[2025-09-12 15:57:15 INF] mutation InitiateTransfer { initiateTransfer( idempotencyKey: "8a669bbe-8204-40ec-bc30-d64c769acb69" transferDetails: { amount: { value: "1.00" currency: NZD } debtorAccountId: "lc_2ff00be3-5081-4171-8ba6-6f32f66ed70c" debtorAccountCode: "string" debtorAccountParticulars: "string" debtorAccountReference: "string" creditorAccountId: creditorAccountCode: "string" creditorAccountParticulars: "string" creditorAccountReference: "string" } ) { debtorAccountNumber, creditorAccountNumber, paymentId, paymentInstructionCreationDateTime, initiatingAccessNumber, amount { value, currency }, debtorAccountCode, debtorAccountParticulars, debtorAccountReference, creditorAccountCode, creditorAccountParticulars, creditorAccountReference, __typename, ... on Payment { paymentId, paymentInstructionCreationDateTime, paymentExecutionDateTime, initiatingAccessNumber, amount { value, currency }, debtorAccountNumber, debtorAccountCode, debtorAccountParticulars, debtorAccountReference, creditorAccountNumber, creditorAccountCode, creditorAccountParticulars, creditorAccountReference }, ... on UnsuccessfulPayment { paymentId, code, message, paymentInstructionCreationDateTime, initiatingAccessNumber, amount { value, currency }, debtorAccountNumber, debtorAccountCode, debtorAccountParticulars, debtorAccountReference, creditorAccountNumber, creditorAccountCode, creditorAccountParticulars, creditorAccountReference } } }
[2025-09-12 15:57:15 INF] Start processing HTTP request POST https://payments-pain-integrate.apps.97c0.cip-non-production.nonprod.internal.aws.kiwibank.co.nz/graphql
[2025-09-12 15:57:15 INF] Sending HTTP request POST https://payments-pain-integrate.apps.97c0.cip-non-production.nonprod.internal.aws.kiwibank.co.nz/graphql
[2025-09-12 15:57:15 INF] Received HTTP response headers after 29.3903ms - 400
[2025-09-12 15:57:15 INF] End processing HTTP request after 29.4912ms - 400



TestContext Messages:
Given an InitiateTransfer mutation is generated for DebtorAccountId lc_2ff00be3-5081-4171-8ba6-6f32f66ed70c and CreditorAccountId
-&gt; done: PainStepDefinitions.GivenAnInitiateTransferMutationIsGenerated("lc_2ff00be3-5081-...", "") (0.0s)
And a valid customers CIAM token is added to the request for the access number 6652627
-&gt; done: PainStepDefinitions.GivenAValidNZHLCiamTokenIsAddedToTheRequest("customers", "6652627") (0.6s)
When the request is sent
-&gt; done: PainStepDefinitions.WhenTheRequestIsSent() (0.0s)
Then the response code is 200
-&gt; error: Assert.AreEqual failed. Expected:&lt;200&gt;. Actual:&lt;400&gt;.  (0.0s)
And the error response contains the fields:
  --- table step argument ---
  | Field                                              | Value                                                                |
  | $.errors[0].message                                | Validation failed.                                                   |
  | $.errors[0].path[0]                                | initiateTransfer                                                     |
  | $.errors[0].extensions.code                        | BAD_USER_INPUT                                                       |
  | $.errors[0].extensions.validationErrors[0].message | 'Transfer Initiation Request Creditor Account Id' must not be empty. |
-&gt; skipped because of previous errors</StdOut>
        <ErrorInfo>
          <Message>Assert.AreEqual failed. Expected:&lt;200&gt;. Actual:&lt;400&gt;. </Message>
          <StackTrace>   at InvokeStub_Action`2.Invoke(Object, Span`1)
   at System.Reflection.MethodBaseInvoker.InvokeWithFewArgs(Object obj, BindingFlags invokeAttr, Binder binder, Object[] parameters, CultureInfo culture)
--- End of stack trace from previous location ---
   at Reqnroll.Bindings.BindingInvoker.InvokeBindingAsync(IBinding binding, IContextManager contextManager, Object[] arguments, ITestTracer testTracer, DurationHolder durationHolder)
   at Reqnroll.Infrastructure.TestExecutionEngine.ExecuteStepMatchAsync(BindingMatch match, Object[] arguments, DurationHolder durationHolder)
   at Reqnroll.Infrastructure.TestExecutionEngine.ExecuteStepAsync(IContextManager contextManager, StepInstance stepInstance)
   at Reqnroll.Infrastructure.TestExecutionEngine.OnAfterLastStepAsync()
   at Reqnroll.TestRunner.CollectScenarioErrorsAsync()
   at Kiwibank.Payments.Pain.Testings.Integration.TestFeatures.BusinessLogicTestsForPainFeature.ScenarioCleanupAsync()
   at Kiwibank.Payments.Pain.Testings.Integration.TestFeatures.BusinessLogicTestsForPainFeature.PainValidationOnAccountNumbers(String description, String debtorAccountId, String creditorAccountId, String errorMessage, String errorMessagePath, String[] exampleTags) in /codebuild/output/src563212923/src/Kiwibank-kb-cap-0cc8e8abec5297b8e3a35c2fcf6d6e0e0e42c0e0/services/pain/src/Testings.Integration/TestFeatures/PainValidationTests.feature:line 13
</StackTrace>
        </ErrorInfo>
      </Output>
    </UnitTestResult>
    <UnitTestResult executionId="2068b2ab-ede3-4a3e-8ad4-0de9a1ee3385" testId="7e52c93f-7f92-1179-10fd-a58f8916dfd8" testName="PainTransfersBusinessChecks (Debtor has insufficient funds,528127,lc_1da64147-37b7-4b14-bce6-8f04aa3d79b0,lc_26f971fd-1949-47e7-8282-0e2e501cf271,INSUFFICIENT_FUNDS,Account has insufficient funds to complete request,)" computerName="ip-10-130-162-171" duration="00:00:01.4946217" startTime="2025-09-12T15:56:54.5626534+12:00" endTime="2025-09-12T15:56:56.0576001+12:00" testType="13cdc9d9-ddb5-4fa4-a97d-d965ccfc6d4b" outcome="Passed" testListId="8c84fa94-04c1-424b-9868-57a2d4851a1d" relativeResultsDirectory="2068b2ab-ede3-4a3e-8ad4-0de9a1ee3385">
      <Output>
        <StdOut>[2025-09-12 15:56:55 INF] mutation InitiateTransfer { initiateTransfer( idempotencyKey: "02152f2d-e16b-4e69-a4ee-7509bc6a29d1" transferDetails: { amount: { value: "1.00" currency: NZD } debtorAccountId: "lc_1da64147-37b7-4b14-bce6-8f04aa3d79b0" debtorAccountCode: "string" debtorAccountParticulars: "string" debtorAccountReference: "string" creditorAccountId: "lc_26f971fd-1949-47e7-8282-0e2e501cf271" creditorAccountCode: "string" creditorAccountParticulars: "string" creditorAccountReference: "string" } ) { debtorAccountNumber, creditorAccountNumber, paymentId, paymentInstructionCreationDateTime, initiatingAccessNumber, amount { value, currency }, debtorAccountCode, debtorAccountParticulars, debtorAccountReference, creditorAccountCode, creditorAccountParticulars, creditorAccountReference, __typename, ... on Payment { paymentId, paymentInstructionCreationDateTime, paymentExecutionDateTime, initiatingAccessNumber, amount { value, currency }, debtorAccountNumber, debtorAccountCode, debtorAccountParticulars, debtorAccountReference, creditorAccountNumber, creditorAccountCode, creditorAccountParticulars, creditorAccountReference }, ... on UnsuccessfulPayment { paymentId, code, message, paymentInstructionCreationDateTime, initiatingAccessNumber, amount { value, currency }, debtorAccountNumber, debtorAccountCode, debtorAccountParticulars, debtorAccountReference, creditorAccountNumber, creditorAccountCode, creditorAccountParticulars, creditorAccountReference } } }
[2025-09-12 15:56:55 INF] Start processing HTTP request POST https://payments-pain-integrate.apps.97c0.cip-non-production.nonprod.internal.aws.kiwibank.co.nz/graphql
[2025-09-12 15:56:55 INF] Sending HTTP request POST https://payments-pain-integrate.apps.97c0.cip-non-production.nonprod.internal.aws.kiwibank.co.nz/graphql
[2025-09-12 15:56:56 INF] Received HTTP response headers after 881.9422ms - 200
[2025-09-12 15:56:56 INF] End processing HTTP request after 882.1901ms - 200
[2025-09-12 15:56:56 INF] {"data":{"initiateTransfer":{"debtorAccountNumber":"389004044670504","creditorAccountNumber":"389008000346903","paymentId":"ac4a91ca9a584fc6809d9af83439499c","paymentInstructionCreationDateTime":"2025-09-12T03:56:55.878Z","initiatingAccessNumber":"528127","amount":{"value":"1.00","currency":"NZD"},"debtorAccountCode":"string","debtorAccountParticulars":"string","debtorAccountReference":"string","creditorAccountCode":"string","creditorAccountParticulars":"string","creditorAccountReference":"string","__typename":"UnsuccessfulPayment","code":"INSUFFICIENT_FUNDS","message":"Account has insufficient funds to complete request"}}



TestContext Messages:
Given an InitiateTransfer mutation is generated for DebtorAccountId lc_1da64147-37b7-4b14-bce6-8f04aa3d79b0 and CreditorAccountId lc_26f971fd-1949-47e7-8282-0e2e501cf271
-&gt; done: PainStepDefinitions.GivenAnInitiateTransferMutationIsGenerated("lc_1da64147-37b7-...", "lc_26f971fd-1949-...") (0.0s)
And a valid customers CIAM token is added to the request for the access number 528127
-&gt; done: PainStepDefinitions.GivenAValidNZHLCiamTokenIsAddedToTheRequest("customers", "528127") (0.6s)
When the request is sent
-&gt; done: PainStepDefinitions.WhenTheRequestIsSent() (0.9s)
Then the response code is 200
-&gt; done: PainStepDefinitions.ThenTheResponseCodeIs(200) (0.0s)
And the response contains the fields:
  --- table step argument ---
  | Field                              | Value                                              |
  | __typename                         | UnsuccessfulPayment                                |
  | debtorAccountNumber                |                                                    |
  | creditorAccountNumber              |                                                    |
  | paymentId                          | *                                                  |
  | paymentInstructionCreationDateTime | *                                                  |
  | initiatingAccessNumber             | *                                                  |
  | debtorAccountCode                  | *                                                  |
  | debtorAccountParticulars           | *                                                  |
  | debtorAccountReference             | *                                                  |
  | creditorAccountCode                | *                                                  |
  | creditorAccountParticulars         | *                                                  |
  | creditorAccountReference           | *                                                  |
  | amount                             | *                                                  |
  | code                               | INSUFFICIENT_FUNDS                                 |
  | message                            | Account has insufficient funds to complete request |
-&gt; done: PainStepDefinitions.ThenTheResponseContainsTheFields(&lt;table&gt;) (0.0s)</StdOut>
      </Output>
    </UnitTestResult>
    <UnitTestResult executionId="34c44ca4-61c2-4f0a-ac3b-511935c3bbb9" testId="afc7ec3d-b388-16f6-9b15-2dc61cc7ba18" testName="PainValidationOnAmounts (Amount has one digit after decimal,1.0,Maximum 10 digits with 2 decimals.,)" computerName="ip-10-130-162-171" duration="00:00:00.6411921" startTime="2025-09-12T15:57:21.4070872+12:00" endTime="2025-09-12T15:57:22.0484444+12:00" testType="13cdc9d9-ddb5-4fa4-a97d-d965ccfc6d4b" outcome="Passed" testListId="8c84fa94-04c1-424b-9868-57a2d4851a1d" relativeResultsDirectory="34c44ca4-61c2-4f0a-ac3b-511935c3bbb9">
      <Output>
        <StdOut>[2025-09-12 15:57:22 INF] mutation InitiateTransfer { initiateTransfer( idempotencyKey: "4ee828e4-9aaa-4617-b5e0-c527c2f20c21" transferDetails: { amount: { value: "1.0" currency: NZD } debtorAccountId: "lc_2ff00be3-5081-4171-8ba6-6f32f66ed70c" debtorAccountCode: "string" debtorAccountParticulars: "string" debtorAccountReference: "string" creditorAccountId: "lc_a47b5129-4085-46b6-9f65-baf821fa6b94" creditorAccountCode: "string" creditorAccountParticulars: "string" creditorAccountReference: "string" } ) { debtorAccountNumber, creditorAccountNumber, paymentId, paymentInstructionCreationDateTime, initiatingAccessNumber, amount { value, currency }, debtorAccountCode, debtorAccountParticulars, debtorAccountReference, creditorAccountCode, creditorAccountParticulars, creditorAccountReference, __typename, ... on Payment { paymentId, paymentInstructionCreationDateTime, paymentExecutionDateTime, initiatingAccessNumber, amount { value, currency }, debtorAccountNumber, debtorAccountCode, debtorAccountParticulars, debtorAccountReference, creditorAccountNumber, creditorAccountCode, creditorAccountParticulars, creditorAccountReference }, ... on UnsuccessfulPayment { paymentId, code, message, paymentInstructionCreationDateTime, initiatingAccessNumber, amount { value, currency }, debtorAccountNumber, debtorAccountCode, debtorAccountParticulars, debtorAccountReference, creditorAccountNumber, creditorAccountCode, creditorAccountParticulars, creditorAccountReference } } }
[2025-09-12 15:57:22 INF] Start processing HTTP request POST https://payments-pain-integrate.apps.97c0.cip-non-production.nonprod.internal.aws.kiwibank.co.nz/graphql
[2025-09-12 15:57:22 INF] Sending HTTP request POST https://payments-pain-integrate.apps.97c0.cip-non-production.nonprod.internal.aws.kiwibank.co.nz/graphql
[2025-09-12 15:57:22 INF] Received HTTP response headers after 25.7014ms - 200
[2025-09-12 15:57:22 INF] End processing HTTP request after 25.785ms - 200
[2025-09-12 15:57:22 INF] {"errors":[{"message":"Validation failed.","locations":[{"line":1,"column":29}],"path":["initiateTransfer"],"extensions":{"code":"BAD_USER_INPUT","validationErrors":[{"property":"TransferInitiationRequest.Amount.Value","message":"Maximum 10 digits with 2 decimals."}]}],"data":null}



TestContext Messages:
Given an InitiateTransfer mutation is generated for DebtorAccountId lc_2ff00be3-5081-4171-8ba6-6f32f66ed70c and CreditorAccountId lc_a47b5129-4085-46b6-9f65-baf821fa6b94
-&gt; done: PainStepDefinitions.GivenAnInitiateTransferMutationIsGenerated("lc_2ff00be3-5081-...", "lc_a47b5129-4085-...") (0.0s)
And the transfer amount is set to 1.0
-&gt; done: PainStepDefinitions.GivenIUpdateTheTransferAmountToBe("1.0") (0.0s)
And a valid customers CIAM token is added to the request for the access number 6652627
-&gt; done: PainStepDefinitions.GivenAValidNZHLCiamTokenIsAddedToTheRequest("customers", "6652627") (0.6s)
When the request is sent
-&gt; done: PainStepDefinitions.WhenTheRequestIsSent() (0.0s)
Then the response code is 200
-&gt; done: PainStepDefinitions.ThenTheResponseCodeIs(200) (0.0s)
And the error response contains the fields:
  --- table step argument ---
  | Field                                              | Value                              |
  | $.errors[0].message                                | Validation failed.                 |
  | $.errors[0].path[0]                                | initiateTransfer                   |
  | $.errors[0].extensions.code                        | BAD_USER_INPUT                     |
  | $.errors[0].extensions.validationErrors[0].message | Maximum 10 digits with 2 decimals. |
-&gt; done: PainStepDefinitions.ThenTheErrorResponseContainsTheFields(&lt;table&gt;) (0.0s)</StdOut>
      </Output>
    </UnitTestResult>
    <UnitTestResult executionId="ce288f90-53fe-41c1-aa2b-cbdcb60ccf3f" testId="7eae5a1d-1587-8c01-55e4-07df56693a61" testName="PainTransfersBusinessChecks (FreezeAgainstAllTellerAction to not frozen,6430774,lc_9704fa28-b75c-4a15-a3f8-b4ea0f78f736,lc_fdb98252-d21d-4e3f-9511-b87f45a215f9,FROZEN_ACCOUNT,Debtor account has been frozen.,)" computerName="ip-10-130-162-171" duration="00:00:01.1595631" startTime="2025-09-12T15:56:57.2146473+12:00" endTime="2025-09-12T15:56:58.3744895+12:00" testType="13cdc9d9-ddb5-4fa4-a97d-d965ccfc6d4b" outcome="Passed" testListId="8c84fa94-04c1-424b-9868-57a2d4851a1d" relativeResultsDirectory="ce288f90-53fe-41c1-aa2b-cbdcb60ccf3f">
      <Output>
        <StdOut>[2025-09-12 15:56:58 INF] mutation InitiateTransfer { initiateTransfer( idempotencyKey: "5affbd4c-dab7-4640-9409-ff0dec6d8edf" transferDetails: { amount: { value: "1.00" currency: NZD } debtorAccountId: "lc_9704fa28-b75c-4a15-a3f8-b4ea0f78f736" debtorAccountCode: "string" debtorAccountParticulars: "string" debtorAccountReference: "string" creditorAccountId: "lc_fdb98252-d21d-4e3f-9511-b87f45a215f9" creditorAccountCode: "string" creditorAccountParticulars: "string" creditorAccountReference: "string" } ) { debtorAccountNumber, creditorAccountNumber, paymentId, paymentInstructionCreationDateTime, initiatingAccessNumber, amount { value, currency }, debtorAccountCode, debtorAccountParticulars, debtorAccountReference, creditorAccountCode, creditorAccountParticulars, creditorAccountReference, __typename, ... on Payment { paymentId, paymentInstructionCreationDateTime, paymentExecutionDateTime, initiatingAccessNumber, amount { value, currency }, debtorAccountNumber, debtorAccountCode, debtorAccountParticulars, debtorAccountReference, creditorAccountNumber, creditorAccountCode, creditorAccountParticulars, creditorAccountReference }, ... on UnsuccessfulPayment { paymentId, code, message, paymentInstructionCreationDateTime, initiatingAccessNumber, amount { value, currency }, debtorAccountNumber, debtorAccountCode, debtorAccountParticulars, debtorAccountReference, creditorAccountNumber, creditorAccountCode, creditorAccountParticulars, creditorAccountReference } } }
[2025-09-12 15:56:58 INF] Start processing HTTP request POST https://payments-pain-integrate.apps.97c0.cip-non-production.nonprod.internal.aws.kiwibank.co.nz/graphql
[2025-09-12 15:56:58 INF] Sending HTTP request POST https://payments-pain-integrate.apps.97c0.cip-non-production.nonprod.internal.aws.kiwibank.co.nz/graphql
[2025-09-12 15:56:58 INF] Received HTTP response headers after 368.8714ms - 200
[2025-09-12 15:56:58 INF] End processing HTTP request after 369.043ms - 200
[2025-09-12 15:56:58 INF] {"data":{"initiateTransfer":{"debtorAccountNumber":"389020084813011","creditorAccountNumber":"389020084813001","paymentId":"8084ef3391994a0cb4317ba1f93d491a","paymentInstructionCreationDateTime":"2025-09-12T03:56:58.370Z","initiatingAccessNumber":"6430774","amount":{"value":"1.00","currency":"NZD"},"debtorAccountCode":"string","debtorAccountParticulars":"string","debtorAccountReference":"string","creditorAccountCode":"string","creditorAccountParticulars":"string","creditorAccountReference":"string","__typename":"UnsuccessfulPayment","code":"FROZEN_ACCOUNT","message":"Debtor account has been frozen."}}



TestContext Messages:
Given an InitiateTransfer mutation is generated for DebtorAccountId lc_9704fa28-b75c-4a15-a3f8-b4ea0f78f736 and CreditorAccountId lc_fdb98252-d21d-4e3f-9511-b87f45a215f9
-&gt; done: PainStepDefinitions.GivenAnInitiateTransferMutationIsGenerated("lc_9704fa28-b75c-...", "lc_fdb98252-d21d-...") (0.0s)
And a valid customers CIAM token is added to the request for the access number 6430774
-&gt; done: PainStepDefinitions.GivenAValidNZHLCiamTokenIsAddedToTheRequest("customers", "6430774") (0.8s)
When the request is sent
-&gt; done: PainStepDefinitions.WhenTheRequestIsSent() (0.4s)
Then the response code is 200
-&gt; done: PainStepDefinitions.ThenTheResponseCodeIs(200) (0.0s)
And the response contains the fields:
  --- table step argument ---
  | Field                              | Value                           |
  | __typename                         | UnsuccessfulPayment             |
  | debtorAccountNumber                |                                 |
  | creditorAccountNumber              |                                 |
  | paymentId                          | *                               |
  | paymentInstructionCreationDateTime | *                               |
  | initiatingAccessNumber             | *                               |
  | debtorAccountCode                  | *                               |
  | debtorAccountParticulars           | *                               |
  | debtorAccountReference             | *                               |
  | creditorAccountCode                | *                               |
  | creditorAccountParticulars         | *                               |
  | creditorAccountReference           | *                               |
  | amount                             | *                               |
  | code                               | FROZEN_ACCOUNT                  |
  | message                            | Debtor account has been frozen. |
-&gt; done: PainStepDefinitions.ThenTheResponseContainsTheFields(&lt;table&gt;) (0.0s)</StdOut>
      </Output>
    </UnitTestResult>
    <UnitTestResult executionId="f9a6a9a9-649a-4517-9f8d-a81b28ac2748" testId="e446b993-66a5-721b-f84e-5cfa98d0bf57" testName="AccessNumberAndValidTransferAccountsDontMatch" computerName="ip-10-130-162-171" duration="00:00:01.2334939" startTime="2025-09-12T15:57:11.3525278+12:00" endTime="2025-09-12T15:57:12.5865176+12:00" testType="13cdc9d9-ddb5-4fa4-a97d-d965ccfc6d4b" outcome="Passed" testListId="8c84fa94-04c1-424b-9868-57a2d4851a1d" relativeResultsDirectory="f9a6a9a9-649a-4517-9f8d-a81b28ac2748">
      <Output>
        <StdOut>[2025-09-12 15:57:12 INF] mutation InitiateTransfer { initiateTransfer( idempotencyKey: "2f1917a3-9dd9-4c6b-bdd6-5dd06a2b73be" transferDetails: { amount: { value: "1.00" currency: NZD } debtorAccountId: "lc_2ff00be3-5081-4171-8ba6-6f32f66ed70c" debtorAccountCode: "string" debtorAccountParticulars: "string" debtorAccountReference: "string" creditorAccountId: "lc_a47b5129-4085-46b6-9f65-baf821fa6b94" creditorAccountCode: "string" creditorAccountParticulars: "string" creditorAccountReference: "string" } ) { debtorAccountNumber, creditorAccountNumber, paymentId, paymentInstructionCreationDateTime, initiatingAccessNumber, amount { value, currency }, debtorAccountCode, debtorAccountParticulars, debtorAccountReference, creditorAccountCode, creditorAccountParticulars, creditorAccountReference, __typename, ... on Payment { paymentId, paymentInstructionCreationDateTime, paymentExecutionDateTime, initiatingAccessNumber, amount { value, currency }, debtorAccountNumber, debtorAccountCode, debtorAccountParticulars, debtorAccountReference, creditorAccountNumber, creditorAccountCode, creditorAccountParticulars, creditorAccountReference }, ... on UnsuccessfulPayment { paymentId, code, message, paymentInstructionCreationDateTime, initiatingAccessNumber, amount { value, currency }, debtorAccountNumber, debtorAccountCode, debtorAccountParticulars, debtorAccountReference, creditorAccountNumber, creditorAccountCode, creditorAccountParticulars, creditorAccountReference } } }
[2025-09-12 15:57:12 INF] Start processing HTTP request POST https://payments-pain-integrate.apps.97c0.cip-non-production.nonprod.internal.aws.kiwibank.co.nz/graphql
[2025-09-12 15:57:12 INF] Sending HTTP request POST https://payments-pain-integrate.apps.97c0.cip-non-production.nonprod.internal.aws.kiwibank.co.nz/graphql
[2025-09-12 15:57:12 INF] Received HTTP response headers after 421.7376ms - 200
[2025-09-12 15:57:12 INF] End processing HTTP request after 421.8449ms - 200
[2025-09-12 15:57:12 INF] {"data":{"initiateTransfer":{"debtorAccountNumber":"","creditorAccountNumber":"","paymentId":"031e8020c7cd48c79d3544406404475d","paymentInstructionCreationDateTime":"2025-09-12T03:57:12.581Z","initiatingAccessNumber":"6652628","amount":{"value":"1.00","currency":"NZD"},"debtorAccountCode":"string","debtorAccountParticulars":"string","debtorAccountReference":"string","creditorAccountCode":"string","creditorAccountParticulars":"string","creditorAccountReference":"string","__typename":"UnsuccessfulPayment","code":"ACCOUNT_DETECTION_FAILED","message":"Accounts not found."}}



TestContext Messages:
Given an InitiateTransfer mutation is generated for DebtorAccountId lc_2ff00be3-5081-4171-8ba6-6f32f66ed70c and CreditorAccountId lc_a47b5129-4085-46b6-9f65-baf821fa6b94
-&gt; done: PainStepDefinitions.GivenAnInitiateTransferMutationIsGenerated("lc_2ff00be3-5081-...", "lc_a47b5129-4085-...") (0.0s)
And a valid customers CIAM token is added to the request for the access number 6652628
-&gt; done: PainStepDefinitions.GivenAValidNZHLCiamTokenIsAddedToTheRequest("customers", "6652628") (0.8s)
When the request is sent
-&gt; done: PainStepDefinitions.WhenTheRequestIsSent() (0.4s)
Then the response code is 200
-&gt; done: PainStepDefinitions.ThenTheResponseCodeIs(200) (0.0s)
And the response contains the fields:
  --- table step argument ---
  | Field                              | Value                    |
  | __typename                         | UnsuccessfulPayment      |
  | debtorAccountNumber                | *                        |
  | creditorAccountNumber              | *                        |
  | paymentId                          | *                        |
  | paymentInstructionCreationDateTime | *                        |
  | initiatingAccessNumber             | *                        |
  | debtorAccountCode                  | *                        |
  | debtorAccountParticulars           | *                        |
  | debtorAccountReference             | *                        |
  | creditorAccountCode                | *                        |
  | creditorAccountParticulars         | *                        |
  | creditorAccountReference           | *                        |
  | amount                             | *                        |
  | code                               | ACCOUNT_DETECTION_FAILED |
  | message                            | Accounts not found.      |
-&gt; done: PainStepDefinitions.ThenTheResponseContainsTheFields(&lt;table&gt;) (0.0s)</StdOut>
      </Output>
    </UnitTestResult>
    <UnitTestResult executionId="ffb63302-b589-445a-b5f1-ebd8abf7be3a" testId="16cc09b9-961f-f835-21e0-5d11a58be156" testName="InvalidAccountsResultsFromUAS (Invalid Creditor,lc_2ff00be3-5081-4171-8ba6-6f32f66ed70c,lc_a47b5129-4085-46b6-9f65-baf821fa6abc,Creditor account not found.,)" computerName="ip-10-130-162-171" duration="00:00:01.1734833" startTime="2025-09-12T15:57:08.3142813+12:00" endTime="2025-09-12T15:57:09.4886156+12:00" testType="13cdc9d9-ddb5-4fa4-a97d-d965ccfc6d4b" outcome="Passed" testListId="8c84fa94-04c1-424b-9868-57a2d4851a1d" relativeResultsDirectory="ffb63302-b589-445a-b5f1-ebd8abf7be3a">
      <Output>
        <StdOut>[2025-09-12 15:57:09 INF] mutation InitiateTransfer { initiateTransfer( idempotencyKey: "9e2df0b8-cc56-4a6f-a4c3-c15ae6e5dc0f" transferDetails: { amount: { value: "1.00" currency: NZD } debtorAccountId: "lc_2ff00be3-5081-4171-8ba6-6f32f66ed70c" debtorAccountCode: "string" debtorAccountParticulars: "string" debtorAccountReference: "string" creditorAccountId: "lc_a47b5129-4085-46b6-9f65-baf821fa6abc" creditorAccountCode: "string" creditorAccountParticulars: "string" creditorAccountReference: "string" } ) { debtorAccountNumber, creditorAccountNumber, paymentId, paymentInstructionCreationDateTime, initiatingAccessNumber, amount { value, currency }, debtorAccountCode, debtorAccountParticulars, debtorAccountReference, creditorAccountCode, creditorAccountParticulars, creditorAccountReference, __typename, ... on Payment { paymentId, paymentInstructionCreationDateTime, paymentExecutionDateTime, initiatingAccessNumber, amount { value, currency }, debtorAccountNumber, debtorAccountCode, debtorAccountParticulars, debtorAccountReference, creditorAccountNumber, creditorAccountCode, creditorAccountParticulars, creditorAccountReference }, ... on UnsuccessfulPayment { paymentId, code, message, paymentInstructionCreationDateTime, initiatingAccessNumber, amount { value, currency }, debtorAccountNumber, debtorAccountCode, debtorAccountParticulars, debtorAccountReference, creditorAccountNumber, creditorAccountCode, creditorAccountParticulars, creditorAccountReference } } }
[2025-09-12 15:57:09 INF] Start processing HTTP request POST https://payments-pain-integrate.apps.97c0.cip-non-production.nonprod.internal.aws.kiwibank.co.nz/graphql
[2025-09-12 15:57:09 INF] Sending HTTP request POST https://payments-pain-integrate.apps.97c0.cip-non-production.nonprod.internal.aws.kiwibank.co.nz/graphql
[2025-09-12 15:57:09 INF] Received HTTP response headers after 341.7706ms - 200
[2025-09-12 15:57:09 INF] End processing HTTP request after 342.1524ms - 200
[2025-09-12 15:57:09 INF] {"data":{"initiateTransfer":{"debtorAccountNumber":"389023045175300","creditorAccountNumber":"","paymentId":"9b857dbb8eb64325a2bdd42bf09b1263","paymentInstructionCreationDateTime":"2025-09-12T03:57:09.483Z","initiatingAccessNumber":"6652627","amount":{"value":"1.00","currency":"NZD"},"debtorAccountCode":"string","debtorAccountParticulars":"string","debtorAccountReference":"string","creditorAccountCode":"string","creditorAccountParticulars":"string","creditorAccountReference":"string","__typename":"UnsuccessfulPayment","code":"ACCOUNT_DETECTION_FAILED","message":"Creditor account not found."}}



TestContext Messages:
Given an InitiateTransfer mutation is generated for DebtorAccountId lc_2ff00be3-5081-4171-8ba6-6f32f66ed70c and CreditorAccountId lc_a47b5129-4085-46b6-9f65-baf821fa6abc
-&gt; done: PainStepDefinitions.GivenAnInitiateTransferMutationIsGenerated("lc_2ff00be3-5081-...", "lc_a47b5129-4085-...") (0.0s)
And a valid customers CIAM token is added to the request for the access number 6652627
-&gt; done: PainStepDefinitions.GivenAValidNZHLCiamTokenIsAddedToTheRequest("customers", "6652627") (0.8s)
When the request is sent
-&gt; done: PainStepDefinitions.WhenTheRequestIsSent() (0.3s)
Then the response code is 200
-&gt; done: PainStepDefinitions.ThenTheResponseCodeIs(200) (0.0s)
And the response contains the fields:
  --- table step argument ---
  | Field                              | Value                       |
  | __typename                         | UnsuccessfulPayment         |
  | debtorAccountNumber                | *                           |
  | creditorAccountNumber              | *                           |
  | paymentId                          | *                           |
  | paymentInstructionCreationDateTime | *                           |
  | initiatingAccessNumber             | *                           |
  | debtorAccountCode                  | *                           |
  | debtorAccountParticulars           | *                           |
  | debtorAccountReference             | *                           |
  | creditorAccountCode                | *                           |
  | creditorAccountParticulars         | *                           |
  | creditorAccountReference           | *                           |
  | amount                             | *                           |
  | code                               | ACCOUNT_DETECTION_FAILED    |
  | message                            | Creditor account not found. |
-&gt; done: PainStepDefinitions.ThenTheResponseContainsTheFields(&lt;table&gt;) (0.0s)</StdOut>
      </Output>
    </UnitTestResult>
    <UnitTestResult executionId="f957118d-5c86-4c6b-9fbd-6da350c72c52" testId="857a1663-8620-fc7d-5e58-3b4259676fa3" testName="PainValidationOnAccountNumbers (Creditor ID invalid chars,lc_2ff00be3-5081-4171-8ba6-6f32f66ed70c,lc_a47b5129-4085-46b6-9f65-baf821fa6$%^,'Transfer Initiation Request Creditor Account Id' must be 1-40 characters and only contain letters, numbers, underscores, or hyphens.,$.errors[0].extensions.validationErrors[0].message,)" computerName="ip-10-130-162-171" duration="00:00:00.9293941" startTime="2025-09-12T15:57:15.8714269+12:00" endTime="2025-09-12T15:57:16.8010127+12:00" testType="13cdc9d9-ddb5-4fa4-a97d-d965ccfc6d4b" outcome="Passed" testListId="8c84fa94-04c1-424b-9868-57a2d4851a1d" relativeResultsDirectory="f957118d-5c86-4c6b-9fbd-6da350c72c52">
      <Output>
        <StdOut>[2025-09-12 15:57:16 INF] mutation InitiateTransfer { initiateTransfer( idempotencyKey: "f0708497-bba6-41e6-ac8a-35d70fa4b9d5" transferDetails: { amount: { value: "1.00" currency: NZD } debtorAccountId: "lc_2ff00be3-5081-4171-8ba6-6f32f66ed70c" debtorAccountCode: "string" debtorAccountParticulars: "string" debtorAccountReference: "string" creditorAccountId: "lc_a47b5129-4085-46b6-9f65-baf821fa6$%^" creditorAccountCode: "string" creditorAccountParticulars: "string" creditorAccountReference: "string" } ) { debtorAccountNumber, creditorAccountNumber, paymentId, paymentInstructionCreationDateTime, initiatingAccessNumber, amount { value, currency }, debtorAccountCode, debtorAccountParticulars, debtorAccountReference, creditorAccountCode, creditorAccountParticulars, creditorAccountReference, __typename, ... on Payment { paymentId, paymentInstructionCreationDateTime, paymentExecutionDateTime, initiatingAccessNumber, amount { value, currency }, debtorAccountNumber, debtorAccountCode, debtorAccountParticulars, debtorAccountReference, creditorAccountNumber, creditorAccountCode, creditorAccountParticulars, creditorAccountReference }, ... on UnsuccessfulPayment { paymentId, code, message, paymentInstructionCreationDateTime, initiatingAccessNumber, amount { value, currency }, debtorAccountNumber, debtorAccountCode, debtorAccountParticulars, debtorAccountReference, creditorAccountNumber, creditorAccountCode, creditorAccountParticulars, creditorAccountReference } } }
[2025-09-12 15:57:16 INF] Start processing HTTP request POST https://payments-pain-integrate.apps.97c0.cip-non-production.nonprod.internal.aws.kiwibank.co.nz/graphql
[2025-09-12 15:57:16 INF] Sending HTTP request POST https://payments-pain-integrate.apps.97c0.cip-non-production.nonprod.internal.aws.kiwibank.co.nz/graphql
[2025-09-12 15:57:16 INF] Received HTTP response headers after 24.4664ms - 200
[2025-09-12 15:57:16 INF] End processing HTTP request after 24.552ms - 200
[2025-09-12 15:57:16 INF] {"errors":[{"message":"Validation failed.","locations":[{"line":1,"column":29}],"path":["initiateTransfer"],"extensions":{"code":"BAD_USER_INPUT","validationErrors":[{"property":"TransferInitiationRequest.CreditorAccountId","message":"'Transfer Initiation Request Creditor Account Id' must be 1-40 characters and only contain letters, numbers, underscores, or hyphens."}]}],"data":null}



TestContext Messages:
Given an InitiateTransfer mutation is generated for DebtorAccountId lc_2ff00be3-5081-4171-8ba6-6f32f66ed70c and CreditorAccountId lc_a47b5129-4085-46b6-9f65-baf821fa6$%^
-&gt; done: PainStepDefinitions.GivenAnInitiateTransferMutationIsGenerated("lc_2ff00be3-5081-...", "lc_a47b5129-4085-...") (0.0s)
And a valid customers CIAM token is added to the request for the access number 6652627
-&gt; done: PainStepDefinitions.GivenAValidNZHLCiamTokenIsAddedToTheRequest("customers", "6652627") (0.9s)
When the request is sent
-&gt; done: PainStepDefinitions.WhenTheRequestIsSent() (0.0s)
Then the response code is 200
-&gt; done: PainStepDefinitions.ThenTheResponseCodeIs(200) (0.0s)
And the error response contains the fields:
  --- table step argument ---
  | Field                                              | Value                                                                                                                                 |
  | $.errors[0].message                                | Validation failed.                                                                                                                    |
  | $.errors[0].path[0]                                | initiateTransfer                                                                                                                      |
  | $.errors[0].extensions.code                        | BAD_USER_INPUT                                                                                                                        |
  | $.errors[0].extensions.validationErrors[0].message | 'Transfer Initiation Request Creditor Account Id' must be 1-40 characters and only contain letters, numbers, underscores, or hyphens. |
-&gt; done: PainStepDefinitions.ThenTheErrorResponseContainsTheFields(&lt;table&gt;) (0.0s)</StdOut>
      </Output>
    </UnitTestResult>
    <UnitTestResult executionId="45e08e42-f5ee-49a0-9a4e-a47af774ee09" testId="eaf622d1-7de3-932b-2b22-c1a7680cfcdd" testName="PainValidationOnAccountNumbers (Creditor ID too long,lc_2ff00be3-5081-4171-8ba6-6f32f66ed70c,lc_a47b5129-4085-46b6-9f65-baf821fa6b94123,'Transfer Initiation Request Creditor Account Id' must be between 1 and 40 characters. You entered 42 characters.,$.errors[0].extensions.validationErrors[0].message,)" computerName="ip-10-130-162-171" duration="00:00:00.6458572" startTime="2025-09-12T15:57:15.2253008+12:00" endTime="2025-09-12T15:57:15.8713505+12:00" testType="13cdc9d9-ddb5-4fa4-a97d-d965ccfc6d4b" outcome="Passed" testListId="8c84fa94-04c1-424b-9868-57a2d4851a1d" relativeResultsDirectory="45e08e42-f5ee-49a0-9a4e-a47af774ee09">
      <Output>
        <StdOut>[2025-09-12 15:57:15 INF] mutation InitiateTransfer { initiateTransfer( idempotencyKey: "940cf491-1745-49a8-9385-cb30e3326cab" transferDetails: { amount: { value: "1.00" currency: NZD } debtorAccountId: "lc_2ff00be3-5081-4171-8ba6-6f32f66ed70c" debtorAccountCode: "string" debtorAccountParticulars: "string" debtorAccountReference: "string" creditorAccountId: "lc_a47b5129-4085-46b6-9f65-baf821fa6b94123" creditorAccountCode: "string" creditorAccountParticulars: "string" creditorAccountReference: "string" } ) { debtorAccountNumber, creditorAccountNumber, paymentId, paymentInstructionCreationDateTime, initiatingAccessNumber, amount { value, currency }, debtorAccountCode, debtorAccountParticulars, debtorAccountReference, creditorAccountCode, creditorAccountParticulars, creditorAccountReference, __typename, ... on Payment { paymentId, paymentInstructionCreationDateTime, paymentExecutionDateTime, initiatingAccessNumber, amount { value, currency }, debtorAccountNumber, debtorAccountCode, debtorAccountParticulars, debtorAccountReference, creditorAccountNumber, creditorAccountCode, creditorAccountParticulars, creditorAccountReference }, ... on UnsuccessfulPayment { paymentId, code, message, paymentInstructionCreationDateTime, initiatingAccessNumber, amount { value, currency }, debtorAccountNumber, debtorAccountCode, debtorAccountParticulars, debtorAccountReference, creditorAccountNumber, creditorAccountCode, creditorAccountParticulars, creditorAccountReference } } }
[2025-09-12 15:57:15 INF] Start processing HTTP request POST https://payments-pain-integrate.apps.97c0.cip-non-production.nonprod.internal.aws.kiwibank.co.nz/graphql
[2025-09-12 15:57:15 INF] Sending HTTP request POST https://payments-pain-integrate.apps.97c0.cip-non-production.nonprod.internal.aws.kiwibank.co.nz/graphql
[2025-09-12 15:57:15 INF] Received HTTP response headers after 61.0884ms - 200
[2025-09-12 15:57:15 INF] End processing HTTP request after 61.1785ms - 200
[2025-09-12 15:57:15 INF] {"errors":[{"message":"Validation failed.","locations":[{"line":1,"column":29}],"path":["initiateTransfer"],"extensions":{"code":"BAD_USER_INPUT","validationErrors":[{"property":"TransferInitiationRequest.CreditorAccountId","message":"'Transfer Initiation Request Creditor Account Id' must be between 1 and 40 characters. You entered 42 characters."}]}],"data":null}



TestContext Messages:
Given an InitiateTransfer mutation is generated for DebtorAccountId lc_2ff00be3-5081-4171-8ba6-6f32f66ed70c and CreditorAccountId lc_a47b5129-4085-46b6-9f65-baf821fa6b94123
-&gt; done: PainStepDefinitions.GivenAnInitiateTransferMutationIsGenerated("lc_2ff00be3-5081-...", "lc_a47b5129-4085-...") (0.0s)
And a valid customers CIAM token is added to the request for the access number 6652627
-&gt; done: PainStepDefinitions.GivenAValidNZHLCiamTokenIsAddedToTheRequest("customers", "6652627") (0.6s)
When the request is sent
-&gt; done: PainStepDefinitions.WhenTheRequestIsSent() (0.1s)
Then the response code is 200
-&gt; done: PainStepDefinitions.ThenTheResponseCodeIs(200) (0.0s)
And the error response contains the fields:
  --- table step argument ---
  | Field                                              | Value                                                                                                             |
  | $.errors[0].message                                | Validation failed.                                                                                                |
  | $.errors[0].path[0]                                | initiateTransfer                                                                                                  |
  | $.errors[0].extensions.code                        | BAD_USER_INPUT                                                                                                    |
  | $.errors[0].extensions.validationErrors[0].message | 'Transfer Initiation Request Creditor Account Id' must be between 1 and 40 characters. You entered 42 characters. |
-&gt; done: PainStepDefinitions.ThenTheErrorResponseContainsTheFields(&lt;table&gt;) (0.0s)</StdOut>
      </Output>
    </UnitTestResult>
    <UnitTestResult executionId="0f2d108d-175e-433b-b143-dd6bdfbca68a" testId="6cb87893-eb99-e64b-8333-dd4b56090f2a" testName="PainTransfersBusinessChecks (Invalid transfer FROM account status (BLOCKED_UNVALIDATED),612026,lc_6ea9b858-6a7e-4a4b-9a4a-31f3800d42f1,lc_dedb708b-bac1-4c69-87c0-1873f59214cd,INVALID_ACCOUNT_STATE,Debtor account status is not valid.,)" computerName="ip-10-130-162-171" duration="00:00:01.0375355" startTime="2025-09-12T15:57:03.0186245+12:00" endTime="2025-09-12T15:57:04.0565340+12:00" testType="13cdc9d9-ddb5-4fa4-a97d-d965ccfc6d4b" outcome="Passed" testListId="8c84fa94-04c1-424b-9868-57a2d4851a1d" relativeResultsDirectory="0f2d108d-175e-433b-b143-dd6bdfbca68a">
      <Output>
        <StdOut>[2025-09-12 15:57:03 INF] mutation InitiateTransfer { initiateTransfer( idempotencyKey: "10eae40c-db32-464b-b7c3-61bd01f62a5c" transferDetails: { amount: { value: "1.00" currency: NZD } debtorAccountId: "lc_6ea9b858-6a7e-4a4b-9a4a-31f3800d42f1" debtorAccountCode: "string" debtorAccountParticulars: "string" debtorAccountReference: "string" creditorAccountId: "lc_dedb708b-bac1-4c69-87c0-1873f59214cd" creditorAccountCode: "string" creditorAccountParticulars: "string" creditorAccountReference: "string" } ) { debtorAccountNumber, creditorAccountNumber, paymentId, paymentInstructionCreationDateTime, initiatingAccessNumber, amount { value, currency }, debtorAccountCode, debtorAccountParticulars, debtorAccountReference, creditorAccountCode, creditorAccountParticulars, creditorAccountReference, __typename, ... on Payment { paymentId, paymentInstructionCreationDateTime, paymentExecutionDateTime, initiatingAccessNumber, amount { value, currency }, debtorAccountNumber, debtorAccountCode, debtorAccountParticulars, debtorAccountReference, creditorAccountNumber, creditorAccountCode, creditorAccountParticulars, creditorAccountReference }, ... on UnsuccessfulPayment { paymentId, code, message, paymentInstructionCreationDateTime, initiatingAccessNumber, amount { value, currency }, debtorAccountNumber, debtorAccountCode, debtorAccountParticulars, debtorAccountReference, creditorAccountNumber, creditorAccountCode, creditorAccountParticulars, creditorAccountReference } } }
[2025-09-12 15:57:03 INF] Start processing HTTP request POST https://payments-pain-integrate.apps.97c0.cip-non-production.nonprod.internal.aws.kiwibank.co.nz/graphql
[2025-09-12 15:57:03 INF] Sending HTTP request POST https://payments-pain-integrate.apps.97c0.cip-non-production.nonprod.internal.aws.kiwibank.co.nz/graphql
[2025-09-12 15:57:04 INF] Received HTTP response headers after 433.3003ms - 200
[2025-09-12 15:57:04 INF] End processing HTTP request after 433.4546ms - 200
[2025-09-12 15:57:04 INF] {"data":{"initiateTransfer":{"debtorAccountNumber":"389003032826402","creditorAccountNumber":"389005015454400","paymentId":"44e297a6edb24bb3b0aa21e92c9cd81c","paymentInstructionCreationDateTime":"2025-09-12T03:57:04.051Z","initiatingAccessNumber":"612026","amount":{"value":"1.00","currency":"NZD"},"debtorAccountCode":"string","debtorAccountParticulars":"string","debtorAccountReference":"string","creditorAccountCode":"string","creditorAccountParticulars":"string","creditorAccountReference":"string","__typename":"UnsuccessfulPayment","code":"INVALID_ACCOUNT_STATE","message":"Debtor account status is not valid."}}



TestContext Messages:
Given an InitiateTransfer mutation is generated for DebtorAccountId lc_6ea9b858-6a7e-4a4b-9a4a-31f3800d42f1 and CreditorAccountId lc_dedb708b-bac1-4c69-87c0-1873f59214cd
-&gt; done: PainStepDefinitions.GivenAnInitiateTransferMutationIsGenerated("lc_6ea9b858-6a7e-...", "lc_dedb708b-bac1-...") (0.0s)
And a valid customers CIAM token is added to the request for the access number 612026
-&gt; done: PainStepDefinitions.GivenAValidNZHLCiamTokenIsAddedToTheRequest("customers", "612026") (0.6s)
When the request is sent
-&gt; done: PainStepDefinitions.WhenTheRequestIsSent() (0.4s)
Then the response code is 200
-&gt; done: PainStepDefinitions.ThenTheResponseCodeIs(200) (0.0s)
And the response contains the fields:
  --- table step argument ---
  | Field                              | Value                               |
  | __typename                         | UnsuccessfulPayment                 |
  | debtorAccountNumber                |                                     |
  | creditorAccountNumber              |                                     |
  | paymentId                          | *                                   |
  | paymentInstructionCreationDateTime | *                                   |
  | initiatingAccessNumber             | *                                   |
  | debtorAccountCode                  | *                                   |
  | debtorAccountParticulars           | *                                   |
  | debtorAccountReference             | *                                   |
  | creditorAccountCode                | *                                   |
  | creditorAccountParticulars         | *                                   |
  | creditorAccountReference           | *                                   |
  | amount                             | *                                   |
  | code                               | INVALID_ACCOUNT_STATE               |
  | message                            | Debtor account status is not valid. |
-&gt; done: PainStepDefinitions.ThenTheResponseContainsTheFields(&lt;table&gt;) (0.0s)</StdOut>
      </Output>
    </UnitTestResult>
    <UnitTestResult executionId="e9b37b45-6f92-42c0-8a8d-4becc4289aa0" testId="3d6b90c8-c0eb-6113-9321-ce28922275cf" testName="PainTransfersBusinessChecks (Invalid transfer TO account status (BLOCKED_UNVALIDATED),612026,lc_dedb708b-bac1-4c69-87c0-1873f59214cd,lc_6ea9b858-6a7e-4a4b-9a4a-31f3800d42f1,INVALID_ACCOUNT_STATE,Creditor account status is not valid.,)" computerName="ip-10-130-162-171" duration="00:00:01.8720910" startTime="2025-09-12T15:57:01.1461703+12:00" endTime="2025-09-12T15:57:03.0185151+12:00" testType="13cdc9d9-ddb5-4fa4-a97d-d965ccfc6d4b" outcome="Passed" testListId="8c84fa94-04c1-424b-9868-57a2d4851a1d" relativeResultsDirectory="e9b37b45-6f92-42c0-8a8d-4becc4289aa0">
      <Output>
        <StdOut>[2025-09-12 15:57:01 INF] mutation InitiateTransfer { initiateTransfer( idempotencyKey: "18463e25-95df-40a5-9aab-21fd1da1e839" transferDetails: { amount: { value: "1.00" currency: NZD } debtorAccountId: "lc_dedb708b-bac1-4c69-87c0-1873f59214cd" debtorAccountCode: "string" debtorAccountParticulars: "string" debtorAccountReference: "string" creditorAccountId: "lc_6ea9b858-6a7e-4a4b-9a4a-31f3800d42f1" creditorAccountCode: "string" creditorAccountParticulars: "string" creditorAccountReference: "string" } ) { debtorAccountNumber, creditorAccountNumber, paymentId, paymentInstructionCreationDateTime, initiatingAccessNumber, amount { value, currency }, debtorAccountCode, debtorAccountParticulars, debtorAccountReference, creditorAccountCode, creditorAccountParticulars, creditorAccountReference, __typename, ... on Payment { paymentId, paymentInstructionCreationDateTime, paymentExecutionDateTime, initiatingAccessNumber, amount { value, currency }, debtorAccountNumber, debtorAccountCode, debtorAccountParticulars, debtorAccountReference, creditorAccountNumber, creditorAccountCode, creditorAccountParticulars, creditorAccountReference }, ... on UnsuccessfulPayment { paymentId, code, message, paymentInstructionCreationDateTime, initiatingAccessNumber, amount { value, currency }, debtorAccountNumber, debtorAccountCode, debtorAccountParticulars, debtorAccountReference, creditorAccountNumber, creditorAccountCode, creditorAccountParticulars, creditorAccountReference } } }
[2025-09-12 15:57:01 INF] Start processing HTTP request POST https://payments-pain-integrate.apps.97c0.cip-non-production.nonprod.internal.aws.kiwibank.co.nz/graphql
[2025-09-12 15:57:01 INF] Sending HTTP request POST https://payments-pain-integrate.apps.97c0.cip-non-production.nonprod.internal.aws.kiwibank.co.nz/graphql
[2025-09-12 15:57:03 INF] Received HTTP response headers after 1025.6964ms - 200
[2025-09-12 15:57:03 INF] End processing HTTP request after 1025.8195ms - 200
[2025-09-12 15:57:03 INF] {"data":{"initiateTransfer":{"debtorAccountNumber":"389005015454400","creditorAccountNumber":"389003032826402","paymentId":"ed4a123ec1ae4e308da0bc5ab319620d","paymentInstructionCreationDateTime":"2025-09-12T03:57:03.013Z","initiatingAccessNumber":"612026","amount":{"value":"1.00","currency":"NZD"},"debtorAccountCode":"string","debtorAccountParticulars":"string","debtorAccountReference":"string","creditorAccountCode":"string","creditorAccountParticulars":"string","creditorAccountReference":"string","__typename":"UnsuccessfulPayment","code":"INVALID_ACCOUNT_STATE","message":"Creditor account status is not valid."}}



TestContext Messages:
Given an InitiateTransfer mutation is generated for DebtorAccountId lc_dedb708b-bac1-4c69-87c0-1873f59214cd and CreditorAccountId lc_6ea9b858-6a7e-4a4b-9a4a-31f3800d42f1
-&gt; done: PainStepDefinitions.GivenAnInitiateTransferMutationIsGenerated("lc_dedb708b-bac1-...", "lc_6ea9b858-6a7e-...") (0.0s)
And a valid customers CIAM token is added to the request for the access number 612026
-&gt; done: PainStepDefinitions.GivenAValidNZHLCiamTokenIsAddedToTheRequest("customers", "612026") (0.8s)
When the request is sent
-&gt; done: PainStepDefinitions.WhenTheRequestIsSent() (1.0s)
Then the response code is 200
-&gt; done: PainStepDefinitions.ThenTheResponseCodeIs(200) (0.0s)
And the response contains the fields:
  --- table step argument ---
  | Field                              | Value                                 |
  | __typename                         | UnsuccessfulPayment                   |
  | debtorAccountNumber                |                                       |
  | creditorAccountNumber              |                                       |
  | paymentId                          | *                                     |
  | paymentInstructionCreationDateTime | *                                     |
  | initiatingAccessNumber             | *                                     |
  | debtorAccountCode                  | *                                     |
  | debtorAccountParticulars           | *                                     |
  | debtorAccountReference             | *                                     |
  | creditorAccountCode                | *                                     |
  | creditorAccountParticulars         | *                                     |
  | creditorAccountReference           | *                                     |
  | amount                             | *                                     |
  | code                               | INVALID_ACCOUNT_STATE                 |
  | message                            | Creditor account status is not valid. |
-&gt; done: PainStepDefinitions.ThenTheResponseContainsTheFields(&lt;table&gt;) (0.0s)</StdOut>
      </Output>
    </UnitTestResult>
    <UnitTestResult executionId="bdcfc5ff-e7c8-4035-acbf-096484b0be8e" testId="42813fa0-c870-1e72-c467-75cb23e4acf4" testName="PainValidationOnAmounts (Amount is negative,-1.00,Maximum 10 digits with 2 decimals.,)" computerName="ip-10-130-162-171" duration="00:00:00.6217563" startTime="2025-09-12T15:57:18.6663616+12:00" endTime="2025-09-12T15:57:19.2883067+12:00" testType="13cdc9d9-ddb5-4fa4-a97d-d965ccfc6d4b" outcome="Passed" testListId="8c84fa94-04c1-424b-9868-57a2d4851a1d" relativeResultsDirectory="bdcfc5ff-e7c8-4035-acbf-096484b0be8e">
      <Output>
        <StdOut>[2025-09-12 15:57:19 INF] mutation InitiateTransfer { initiateTransfer( idempotencyKey: "4f42f7f8-6aa1-4ded-83ea-1504cd8f9bfe" transferDetails: { amount: { value: "-1.00" currency: NZD } debtorAccountId: "lc_2ff00be3-5081-4171-8ba6-6f32f66ed70c" debtorAccountCode: "string" debtorAccountParticulars: "string" debtorAccountReference: "string" creditorAccountId: "lc_a47b5129-4085-46b6-9f65-baf821fa6b94" creditorAccountCode: "string" creditorAccountParticulars: "string" creditorAccountReference: "string" } ) { debtorAccountNumber, creditorAccountNumber, paymentId, paymentInstructionCreationDateTime, initiatingAccessNumber, amount { value, currency }, debtorAccountCode, debtorAccountParticulars, debtorAccountReference, creditorAccountCode, creditorAccountParticulars, creditorAccountReference, __typename, ... on Payment { paymentId, paymentInstructionCreationDateTime, paymentExecutionDateTime, initiatingAccessNumber, amount { value, currency }, debtorAccountNumber, debtorAccountCode, debtorAccountParticulars, debtorAccountReference, creditorAccountNumber, creditorAccountCode, creditorAccountParticulars, creditorAccountReference }, ... on UnsuccessfulPayment { paymentId, code, message, paymentInstructionCreationDateTime, initiatingAccessNumber, amount { value, currency }, debtorAccountNumber, debtorAccountCode, debtorAccountParticulars, debtorAccountReference, creditorAccountNumber, creditorAccountCode, creditorAccountParticulars, creditorAccountReference } } }
[2025-09-12 15:57:19 INF] Start processing HTTP request POST https://payments-pain-integrate.apps.97c0.cip-non-production.nonprod.internal.aws.kiwibank.co.nz/graphql
[2025-09-12 15:57:19 INF] Sending HTTP request POST https://payments-pain-integrate.apps.97c0.cip-non-production.nonprod.internal.aws.kiwibank.co.nz/graphql
[2025-09-12 15:57:19 INF] Received HTTP response headers after 24.885ms - 200
[2025-09-12 15:57:19 INF] End processing HTTP request after 25.0378ms - 200
[2025-09-12 15:57:19 INF] {"errors":[{"message":"Validation failed.","locations":[{"line":1,"column":29}],"path":["initiateTransfer"],"extensions":{"code":"BAD_USER_INPUT","validationErrors":[{"property":"TransferInitiationRequest.Amount.Value","message":"Maximum 10 digits with 2 decimals."}]}],"data":null}



TestContext Messages:
Given an InitiateTransfer mutation is generated for DebtorAccountId lc_2ff00be3-5081-4171-8ba6-6f32f66ed70c and CreditorAccountId lc_a47b5129-4085-46b6-9f65-baf821fa6b94
-&gt; done: PainStepDefinitions.GivenAnInitiateTransferMutationIsGenerated("lc_2ff00be3-5081-...", "lc_a47b5129-4085-...") (0.0s)
And the transfer amount is set to -1.00
-&gt; done: PainStepDefinitions.GivenIUpdateTheTransferAmountToBe("-1.00") (0.0s)
And a valid customers CIAM token is added to the request for the access number 6652627
-&gt; done: PainStepDefinitions.GivenAValidNZHLCiamTokenIsAddedToTheRequest("customers", "6652627") (0.6s)
When the request is sent
-&gt; done: PainStepDefinitions.WhenTheRequestIsSent() (0.0s)
Then the response code is 200
-&gt; done: PainStepDefinitions.ThenTheResponseCodeIs(200) (0.0s)
And the error response contains the fields:
  --- table step argument ---
  | Field                                              | Value                              |
  | $.errors[0].message                                | Validation failed.                 |
  | $.errors[0].path[0]                                | initiateTransfer                   |
  | $.errors[0].extensions.code                        | BAD_USER_INPUT                     |
  | $.errors[0].extensions.validationErrors[0].message | Maximum 10 digits with 2 decimals. |
-&gt; done: PainStepDefinitions.ThenTheErrorResponseContainsTheFields(&lt;table&gt;) (0.0s)</StdOut>
      </Output>
    </UnitTestResult>
    <UnitTestResult executionId="a0850cad-fab4-4892-a844-3298c3f45d57" testId="381ea2ec-7401-e279-91b2-778138ed66d9" testName="PainCurrencyIsNotNZD" computerName="ip-10-130-162-171" duration="00:00:00.8569100" startTime="2025-09-12T15:57:17.8091639+12:00" endTime="2025-09-12T15:57:18.6662723+12:00" testType="13cdc9d9-ddb5-4fa4-a97d-d965ccfc6d4b" outcome="Passed" testListId="8c84fa94-04c1-424b-9868-57a2d4851a1d" relativeResultsDirectory="a0850cad-fab4-4892-a844-3298c3f45d57">
      <Output>
        <StdOut>[2025-09-12 15:57:18 INF] mutation InitiateTransfer { initiateTransfer( idempotencyKey: "d876c53f-9aad-4416-a807-3e0cbf5ff19d" transferDetails: { amount: { value: "1.00" currency: AUD } debtorAccountId: "lc_2ff00be3-5081-4171-8ba6-6f32f66ed70c" debtorAccountCode: "string" debtorAccountParticulars: "string" debtorAccountReference: "string" creditorAccountId: "lc_a47b5129-4085-46b6-9f65-baf821fa6b94" creditorAccountCode: "string" creditorAccountParticulars: "string" creditorAccountReference: "string" } ) { debtorAccountNumber, creditorAccountNumber, paymentId, paymentInstructionCreationDateTime, initiatingAccessNumber, amount { value, currency }, debtorAccountCode, debtorAccountParticulars, debtorAccountReference, creditorAccountCode, creditorAccountParticulars, creditorAccountReference, __typename, ... on Payment { paymentId, paymentInstructionCreationDateTime, paymentExecutionDateTime, initiatingAccessNumber, amount { value, currency }, debtorAccountNumber, debtorAccountCode, debtorAccountParticulars, debtorAccountReference, creditorAccountNumber, creditorAccountCode, creditorAccountParticulars, creditorAccountReference }, ... on UnsuccessfulPayment { paymentId, code, message, paymentInstructionCreationDateTime, initiatingAccessNumber, amount { value, currency }, debtorAccountNumber, debtorAccountCode, debtorAccountParticulars, debtorAccountReference, creditorAccountNumber, creditorAccountCode, creditorAccountParticulars, creditorAccountReference } } }
[2025-09-12 15:57:18 INF] Start processing HTTP request POST https://payments-pain-integrate.apps.97c0.cip-non-production.nonprod.internal.aws.kiwibank.co.nz/graphql
[2025-09-12 15:57:18 INF] Sending HTTP request POST https://payments-pain-integrate.apps.97c0.cip-non-production.nonprod.internal.aws.kiwibank.co.nz/graphql
[2025-09-12 15:57:18 INF] Received HTTP response headers after 24.5601ms - 400
[2025-09-12 15:57:18 INF] End processing HTTP request after 24.6626ms - 400
[2025-09-12 15:57:18 INF] {"errors":[{"message":"The specified value type of field `currency` does not match the field type.","locations":[{"line":1,"column":155}],"path":["initiateTransfer"],"extensions":{"fieldName":"currency","fieldType":"Currency!","locationType":"Currency!","specifiedBy":"https://spec.graphql.org/October2021/#sec-Values-of-Correct-Type"}}]}



TestContext Messages:
Given an InitiateTransfer mutation is generated for DebtorAccountId lc_2ff00be3-5081-4171-8ba6-6f32f66ed70c and CreditorAccountId lc_a47b5129-4085-46b6-9f65-baf821fa6b94
-&gt; done: PainStepDefinitions.GivenAnInitiateTransferMutationIsGenerated("lc_2ff00be3-5081-...", "lc_a47b5129-4085-...") (0.0s)
And a valid customers CIAM token is added to the request for the access number 6652627
-&gt; done: PainStepDefinitions.GivenAValidNZHLCiamTokenIsAddedToTheRequest("customers", "6652627") (0.8s)
And the currency is updated to AUD
-&gt; done: PainStepDefinitions.GivenTheCurrencyIsUpdatedTo("AUD") (0.0s)
When the request is sent
-&gt; done: PainStepDefinitions.WhenTheRequestIsSent() (0.0s)
Then the error response contains the fields:
  --- table step argument ---
  | Field                               | Value                                                                       |
  | $.errors[0].message                 | The specified value type of field `currency` does not match the field type. |
  | $.errors[0].path[0]                 | initiateTransfer                                                            |
  | $.errors[0].extensions.fieldName    | currency                                                                    |
  | $.errors[0].extensions.fieldType    | Currency!                                                                   |
  | $.errors[0].extensions.locationType | Currency!                                                                   |
-&gt; done: PainStepDefinitions.ThenTheErrorResponseContainsTheFields(&lt;table&gt;) (0.0s)</StdOut>
      </Output>
    </UnitTestResult>
    <UnitTestResult executionId="ead9e53b-682f-4212-bf0d-78b58d04a6ef" testId="60e70f57-134e-e7fe-6aaa-e8088fd9f622" testName="InvalidAccountsResultsFromUAS (Both invalid,lc_2ff00be3-5081-4171-8ba6-6f32f66edabc,lc_a47b5129-4085-46b6-9f65-baf821fa6abc,Accounts not found.,)" computerName="ip-10-130-162-171" duration="00:00:00.7188832" startTime="2025-09-12T15:57:10.6333863+12:00" endTime="2025-09-12T15:57:11.3524527+12:00" testType="13cdc9d9-ddb5-4fa4-a97d-d965ccfc6d4b" outcome="Passed" testListId="8c84fa94-04c1-424b-9868-57a2d4851a1d" relativeResultsDirectory="ead9e53b-682f-4212-bf0d-78b58d04a6ef">
      <Output>
        <StdOut>[2025-09-12 15:57:11 INF] mutation InitiateTransfer { initiateTransfer( idempotencyKey: "325dc4cf-ca58-4e7b-a47f-5f4521f16dd3" transferDetails: { amount: { value: "1.00" currency: NZD } debtorAccountId: "lc_2ff00be3-5081-4171-8ba6-6f32f66edabc" debtorAccountCode: "string" debtorAccountParticulars: "string" debtorAccountReference: "string" creditorAccountId: "lc_a47b5129-4085-46b6-9f65-baf821fa6abc" creditorAccountCode: "string" creditorAccountParticulars: "string" creditorAccountReference: "string" } ) { debtorAccountNumber, creditorAccountNumber, paymentId, paymentInstructionCreationDateTime, initiatingAccessNumber, amount { value, currency }, debtorAccountCode, debtorAccountParticulars, debtorAccountReference, creditorAccountCode, creditorAccountParticulars, creditorAccountReference, __typename, ... on Payment { paymentId, paymentInstructionCreationDateTime, paymentExecutionDateTime, initiatingAccessNumber, amount { value, currency }, debtorAccountNumber, debtorAccountCode, debtorAccountParticulars, debtorAccountReference, creditorAccountNumber, creditorAccountCode, creditorAccountParticulars, creditorAccountReference }, ... on UnsuccessfulPayment { paymentId, code, message, paymentInstructionCreationDateTime, initiatingAccessNumber, amount { value, currency }, debtorAccountNumber, debtorAccountCode, debtorAccountParticulars, debtorAccountReference, creditorAccountNumber, creditorAccountCode, creditorAccountParticulars, creditorAccountReference } } }
[2025-09-12 15:57:11 INF] Start processing HTTP request POST https://payments-pain-integrate.apps.97c0.cip-non-production.nonprod.internal.aws.kiwibank.co.nz/graphql
[2025-09-12 15:57:11 INF] Sending HTTP request POST https://payments-pain-integrate.apps.97c0.cip-non-production.nonprod.internal.aws.kiwibank.co.nz/graphql
[2025-09-12 15:57:11 INF] Received HTTP response headers after 105.5769ms - 200
[2025-09-12 15:57:11 INF] End processing HTTP request after 105.6735ms - 200
[2025-09-12 15:57:11 INF] {"data":{"initiateTransfer":{"debtorAccountNumber":"","creditorAccountNumber":"","paymentId":"458c8cb144cf47339f8b90c6d4e1047c","paymentInstructionCreationDateTime":"2025-09-12T03:57:11.347Z","initiatingAccessNumber":"6652627","amount":{"value":"1.00","currency":"NZD"},"debtorAccountCode":"string","debtorAccountParticulars":"string","debtorAccountReference":"string","creditorAccountCode":"string","creditorAccountParticulars":"string","creditorAccountReference":"string","__typename":"UnsuccessfulPayment","code":"ACCOUNT_DETECTION_FAILED","message":"Accounts not found."}}



TestContext Messages:
Given an InitiateTransfer mutation is generated for DebtorAccountId lc_2ff00be3-5081-4171-8ba6-6f32f66edabc and CreditorAccountId lc_a47b5129-4085-46b6-9f65-baf821fa6abc
-&gt; done: PainStepDefinitions.GivenAnInitiateTransferMutationIsGenerated("lc_2ff00be3-5081-...", "lc_a47b5129-4085-...") (0.0s)
And a valid customers CIAM token is added to the request for the access number 6652627
-&gt; done: PainStepDefinitions.GivenAValidNZHLCiamTokenIsAddedToTheRequest("customers", "6652627") (0.6s)
When the request is sent
-&gt; done: PainStepDefinitions.WhenTheRequestIsSent() (0.1s)
Then the response code is 200
-&gt; done: PainStepDefinitions.ThenTheResponseCodeIs(200) (0.0s)
And the response contains the fields:
  --- table step argument ---
  | Field                              | Value                    |
  | __typename                         | UnsuccessfulPayment      |
  | debtorAccountNumber                | *                        |
  | creditorAccountNumber              | *                        |
  | paymentId                          | *                        |
  | paymentInstructionCreationDateTime | *                        |
  | initiatingAccessNumber             | *                        |
  | debtorAccountCode                  | *                        |
  | debtorAccountParticulars           | *                        |
  | debtorAccountReference             | *                        |
  | creditorAccountCode                | *                        |
  | creditorAccountParticulars         | *                        |
  | creditorAccountReference           | *                        |
  | amount                             | *                        |
  | code                               | ACCOUNT_DETECTION_FAILED |
  | message                            | Accounts not found.      |
-&gt; done: PainStepDefinitions.ThenTheResponseContainsTheFields(&lt;table&gt;) (0.0s)</StdOut>
      </Output>
    </UnitTestResult>
    <UnitTestResult executionId="e8cbbdcc-1720-4f9c-abc5-9221dccaa74e" testId="00980bf6-e88f-038c-b88b-ded38068738e" testName="OPAUNAUTHORISEDPermissionsError" computerName="ip-10-130-162-171" duration="00:00:02.2973400" startTime="2025-09-12T15:56:41.3035284+12:00" endTime="2025-09-12T15:56:43.6053662+12:00" testType="13cdc9d9-ddb5-4fa4-a97d-d965ccfc6d4b" outcome="Passed" testListId="8c84fa94-04c1-424b-9868-57a2d4851a1d" relativeResultsDirectory="e8cbbdcc-1720-4f9c-abc5-9221dccaa74e">
      <Output>
        <StdOut>[2025-09-12 15:56:42 INF] mutation InitiateTransfer { initiateTransfer( idempotencyKey: "25f2790b-7e68-45be-8131-c60d98ced56e" transferDetails: { amount: { value: "1.00" currency: NZD } debtorAccountId: "lc_fdb98252-d21d-4e3f-9511-b87f45a215f9" debtorAccountCode: "string" debtorAccountParticulars: "string" debtorAccountReference: "string" creditorAccountId: "lc_c02cdef6-7b43-4281-a20a-f672ffc243b5" creditorAccountCode: "string" creditorAccountParticulars: "string" creditorAccountReference: "string" } ) { debtorAccountNumber, creditorAccountNumber, paymentId, paymentInstructionCreationDateTime, initiatingAccessNumber, amount { value, currency }, debtorAccountCode, debtorAccountParticulars, debtorAccountReference, creditorAccountCode, creditorAccountParticulars, creditorAccountReference, __typename, ... on Payment { paymentId, paymentInstructionCreationDateTime, paymentExecutionDateTime, initiatingAccessNumber, amount { value, currency }, debtorAccountNumber, debtorAccountCode, debtorAccountParticulars, debtorAccountReference, creditorAccountNumber, creditorAccountCode, creditorAccountParticulars, creditorAccountReference }, ... on UnsuccessfulPayment { paymentId, code, message, paymentInstructionCreationDateTime, initiatingAccessNumber, amount { value, currency }, debtorAccountNumber, debtorAccountCode, debtorAccountParticulars, debtorAccountReference, creditorAccountNumber, creditorAccountCode, creditorAccountParticulars, creditorAccountReference } } }
[2025-09-12 15:56:42 INF] Start processing HTTP request POST https://payments-pain-integrate.apps.97c0.cip-non-production.nonprod.internal.aws.kiwibank.co.nz/graphql
[2025-09-12 15:56:42 INF] Sending HTTP request POST https://payments-pain-integrate.apps.97c0.cip-non-production.nonprod.internal.aws.kiwibank.co.nz/graphql
[2025-09-12 15:56:43 INF] Received HTTP response headers after 1263.5927ms - 200
[2025-09-12 15:56:43 INF] End processing HTTP request after 1264.3082ms - 200
[2025-09-12 15:56:43 INF] {"data":{"initiateTransfer":{"debtorAccountNumber":"389020084813001","creditorAccountNumber":"389020084813003","paymentId":"6be31bb6036a4616af0f97074e38b3a8","paymentInstructionCreationDateTime":"2025-09-12T03:56:43.573Z","initiatingAccessNumber":"6430774","amount":{"value":"1.00","currency":"NZD"},"debtorAccountCode":"string","debtorAccountParticulars":"string","debtorAccountReference":"string","creditorAccountCode":"string","creditorAccountParticulars":"string","creditorAccountReference":"string","__typename":"UnsuccessfulPayment","code":"UNAUTHORISED","message":"Authorisation Failed"}}



TestContext Messages:
Given an InitiateTransfer mutation is generated for DebtorAccountId lc_fdb98252-d21d-4e3f-9511-b87f45a215f9 and CreditorAccountId lc_c02cdef6-7b43-4281-a20a-f672ffc243b5
-&gt; done: PainStepDefinitions.GivenAnInitiateTransferMutationIsGenerated("lc_fdb98252-d21d-...", "lc_c02cdef6-7b43-...") (0.0s)
And a valid customers CIAM token is added to the request for the access number 6430774
-&gt; done: PainStepDefinitions.GivenAValidNZHLCiamTokenIsAddedToTheRequest("customers", "6430774") (1.0s)
When the request is sent
-&gt; done: PainStepDefinitions.WhenTheRequestIsSent() (1.3s)
Then the response code is 200
-&gt; done: PainStepDefinitions.ThenTheResponseCodeIs(200) (0.0s)
And the response contains the fields:
  --- table step argument ---
  | Field      | Value                |
  | __typename | UnsuccessfulPayment  |
  | code       | UNAUTHORISED         |
  | message    | Authorisation Failed |
-&gt; done: PainStepDefinitions.ThenTheResponseContainsTheFields(&lt;table&gt;) (0.0s)</StdOut>
      </Output>
    </UnitTestResult>
    <UnitTestResult executionId="2080b7b1-4b41-44b2-b8d6-a1a81953bad8" testId="54337e3e-81c1-48ef-6c8b-712d1fe36e44" testName="PainTransfersBusinessChecks (Invalid transfer TO product (I9),910035,lc_89043a72-4052-436f-a333-3a4be440eeca,lc_ed6d8a13-e618-4304-adcd-e7e14ceaced4,OPERATION_INVALID_FOR_ACCOUNT,Transaction is not allowed for the selected accounts.,)" computerName="ip-10-130-162-171" duration="00:00:01.4800710" startTime="2025-09-12T15:56:58.3745947+12:00" endTime="2025-09-12T15:56:59.8550002+12:00" testType="13cdc9d9-ddb5-4fa4-a97d-d965ccfc6d4b" outcome="Passed" testListId="8c84fa94-04c1-424b-9868-57a2d4851a1d" relativeResultsDirectory="2080b7b1-4b41-44b2-b8d6-a1a81953bad8">
      <Output>
        <StdOut>[2025-09-12 15:56:59 INF] mutation InitiateTransfer { initiateTransfer( idempotencyKey: "b50b2957-e969-47d1-9278-e05f56bd69ae" transferDetails: { amount: { value: "1.00" currency: NZD } debtorAccountId: "lc_89043a72-4052-436f-a333-3a4be440eeca" debtorAccountCode: "string" debtorAccountParticulars: "string" debtorAccountReference: "string" creditorAccountId: "lc_ed6d8a13-e618-4304-adcd-e7e14ceaced4" creditorAccountCode: "string" creditorAccountParticulars: "string" creditorAccountReference: "string" } ) { debtorAccountNumber, creditorAccountNumber, paymentId, paymentInstructionCreationDateTime, initiatingAccessNumber, amount { value, currency }, debtorAccountCode, debtorAccountParticulars, debtorAccountReference, creditorAccountCode, creditorAccountParticulars, creditorAccountReference, __typename, ... on Payment { paymentId, paymentInstructionCreationDateTime, paymentExecutionDateTime, initiatingAccessNumber, amount { value, currency }, debtorAccountNumber, debtorAccountCode, debtorAccountParticulars, debtorAccountReference, creditorAccountNumber, creditorAccountCode, creditorAccountParticulars, creditorAccountReference }, ... on UnsuccessfulPayment { paymentId, code, message, paymentInstructionCreationDateTime, initiatingAccessNumber, amount { value, currency }, debtorAccountNumber, debtorAccountCode, debtorAccountParticulars, debtorAccountReference, creditorAccountNumber, creditorAccountCode, creditorAccountParticulars, creditorAccountReference } } }
[2025-09-12 15:56:59 INF] Start processing HTTP request POST https://payments-pain-integrate.apps.97c0.cip-non-production.nonprod.internal.aws.kiwibank.co.nz/graphql
[2025-09-12 15:56:59 INF] Sending HTTP request POST https://payments-pain-integrate.apps.97c0.cip-non-production.nonprod.internal.aws.kiwibank.co.nz/graphql
[2025-09-12 15:56:59 INF] Received HTTP response headers after 680.3518ms - 200
[2025-09-12 15:56:59 INF] End processing HTTP request after 680.5381ms - 200
[2025-09-12 15:56:59 INF] {"data":{"initiateTransfer":{"debtorAccountNumber":"389007072627887","creditorAccountNumber":"389007072627810","paymentId":"8bd98b32a08343f390393b91122bd11b","paymentInstructionCreationDateTime":"2025-09-12T03:56:59.845Z","initiatingAccessNumber":"910035","amount":{"value":"1.00","currency":"NZD"},"debtorAccountCode":"string","debtorAccountParticulars":"string","debtorAccountReference":"string","creditorAccountCode":"string","creditorAccountParticulars":"string","creditorAccountReference":"string","__typename":"UnsuccessfulPayment","code":"OPERATION_INVALID_FOR_ACCOUNT","message":"Transaction is not allowed for the selected accounts."}}



TestContext Messages:
Given an InitiateTransfer mutation is generated for DebtorAccountId lc_89043a72-4052-436f-a333-3a4be440eeca and CreditorAccountId lc_ed6d8a13-e618-4304-adcd-e7e14ceaced4
-&gt; done: PainStepDefinitions.GivenAnInitiateTransferMutationIsGenerated("lc_89043a72-4052-...", "lc_ed6d8a13-e618-...") (0.0s)
And a valid customers CIAM token is added to the request for the access number 910035
-&gt; done: PainStepDefinitions.GivenAValidNZHLCiamTokenIsAddedToTheRequest("customers", "910035") (0.8s)
When the request is sent
-&gt; done: PainStepDefinitions.WhenTheRequestIsSent() (0.7s)
Then the response code is 200
-&gt; done: PainStepDefinitions.ThenTheResponseCodeIs(200) (0.0s)
And the response contains the fields:
  --- table step argument ---
  | Field                              | Value                                                 |
  | __typename                         | UnsuccessfulPayment                                   |
  | debtorAccountNumber                |                                                       |
  | creditorAccountNumber              |                                                       |
  | paymentId                          | *                                                     |
  | paymentInstructionCreationDateTime | *                                                     |
  | initiatingAccessNumber             | *                                                     |
  | debtorAccountCode                  | *                                                     |
  | debtorAccountParticulars           | *                                                     |
  | debtorAccountReference             | *                                                     |
  | creditorAccountCode                | *                                                     |
  | creditorAccountParticulars         | *                                                     |
  | creditorAccountReference           | *                                                     |
  | amount                             | *                                                     |
  | code                               | OPERATION_INVALID_FOR_ACCOUNT                         |
  | message                            | Transaction is not allowed for the selected accounts. |
-&gt; done: PainStepDefinitions.ThenTheResponseContainsTheFields(&lt;table&gt;) (0.0s)</StdOut>
      </Output>
    </UnitTestResult>
    <UnitTestResult executionId="107bf807-7702-4ea7-9c2b-0d466a20b720" testId="0c4d36bd-46e3-a3fa-91ec-c5b14f66991b" testName="PainValidationOnAmounts (Amount is empty,,Maximum 10 digits with 2 decimals.,)" computerName="ip-10-130-162-171" duration="00:00:00.6358414" startTime="2025-09-12T15:57:22.0485133+12:00" endTime="2025-09-12T15:57:22.6845383+12:00" testType="13cdc9d9-ddb5-4fa4-a97d-d965ccfc6d4b" outcome="Passed" testListId="8c84fa94-04c1-424b-9868-57a2d4851a1d" relativeResultsDirectory="107bf807-7702-4ea7-9c2b-0d466a20b720">
      <Output>
        <StdOut>[2025-09-12 15:57:22 INF] mutation InitiateTransfer { initiateTransfer( idempotencyKey: "21438b87-84ae-4077-9b1b-07ca75691476" transferDetails: { amount: { value: "" currency: NZD } debtorAccountId: "lc_2ff00be3-5081-4171-8ba6-6f32f66ed70c" debtorAccountCode: "string" debtorAccountParticulars: "string" debtorAccountReference: "string" creditorAccountId: "lc_a47b5129-4085-46b6-9f65-baf821fa6b94" creditorAccountCode: "string" creditorAccountParticulars: "string" creditorAccountReference: "string" } ) { debtorAccountNumber, creditorAccountNumber, paymentId, paymentInstructionCreationDateTime, initiatingAccessNumber, amount { value, currency }, debtorAccountCode, debtorAccountParticulars, debtorAccountReference, creditorAccountCode, creditorAccountParticulars, creditorAccountReference, __typename, ... on Payment { paymentId, paymentInstructionCreationDateTime, paymentExecutionDateTime, initiatingAccessNumber, amount { value, currency }, debtorAccountNumber, debtorAccountCode, debtorAccountParticulars, debtorAccountReference, creditorAccountNumber, creditorAccountCode, creditorAccountParticulars, creditorAccountReference }, ... on UnsuccessfulPayment { paymentId, code, message, paymentInstructionCreationDateTime, initiatingAccessNumber, amount { value, currency }, debtorAccountNumber, debtorAccountCode, debtorAccountParticulars, debtorAccountReference, creditorAccountNumber, creditorAccountCode, creditorAccountParticulars, creditorAccountReference } } }
[2025-09-12 15:57:22 INF] Start processing HTTP request POST https://payments-pain-integrate.apps.97c0.cip-non-production.nonprod.internal.aws.kiwibank.co.nz/graphql
[2025-09-12 15:57:22 INF] Sending HTTP request POST https://payments-pain-integrate.apps.97c0.cip-non-production.nonprod.internal.aws.kiwibank.co.nz/graphql
[2025-09-12 15:57:22 INF] Received HTTP response headers after 22.4944ms - 200
[2025-09-12 15:57:22 INF] End processing HTTP request after 22.5801ms - 200
[2025-09-12 15:57:22 INF] {"errors":[{"message":"Validation failed.","locations":[{"line":1,"column":29}],"path":["initiateTransfer"],"extensions":{"code":"BAD_USER_INPUT","validationErrors":[{"property":"TransferInitiationRequest.Amount.Value","message":"Maximum 10 digits with 2 decimals."}]}],"data":null}



TestContext Messages:
Given an InitiateTransfer mutation is generated for DebtorAccountId lc_2ff00be3-5081-4171-8ba6-6f32f66ed70c and CreditorAccountId lc_a47b5129-4085-46b6-9f65-baf821fa6b94
-&gt; done: PainStepDefinitions.GivenAnInitiateTransferMutationIsGenerated("lc_2ff00be3-5081-...", "lc_a47b5129-4085-...") (0.0s)
And the transfer amount is set to
-&gt; done: PainStepDefinitions.GivenIUpdateTheTransferAmountToBe("") (0.0s)
And a valid customers CIAM token is added to the request for the access number 6652627
-&gt; done: PainStepDefinitions.GivenAValidNZHLCiamTokenIsAddedToTheRequest("customers", "6652627") (0.6s)
When the request is sent
-&gt; done: PainStepDefinitions.WhenTheRequestIsSent() (0.0s)
Then the response code is 200
-&gt; done: PainStepDefinitions.ThenTheResponseCodeIs(200) (0.0s)
And the error response contains the fields:
  --- table step argument ---
  | Field                                              | Value                              |
  | $.errors[0].message                                | Validation failed.                 |
  | $.errors[0].path[0]                                | initiateTransfer                   |
  | $.errors[0].extensions.code                        | BAD_USER_INPUT                     |
  | $.errors[0].extensions.validationErrors[0].message | Maximum 10 digits with 2 decimals. |
-&gt; done: PainStepDefinitions.ThenTheErrorResponseContainsTheFields(&lt;table&gt;) (0.0s)</StdOut>
      </Output>
    </UnitTestResult>
    <UnitTestResult executionId="35dec370-d675-4f5c-aaf5-48b2bb148318" testId="c084b585-9a9b-6cc8-e1c6-6e7dbb006b92" testName="PainValidationOnAccountNumbers (Debtor ID invalid chars,lc_2ff00be3-5081-4171-8ba6-6f32f66ed#$%,lc_a47b5129-4085-46b6-9f65-baf821fa6b94,'Transfer Initiation Request Debtor Account Id' must be 1-40 characters and only contain letters, numbers, underscores, or hyphens.,$.errors[0].extensions.validationErrors[0].message,)" computerName="ip-10-130-162-171" duration="00:00:00.6391131" startTime="2025-09-12T15:57:13.9409538+12:00" endTime="2025-09-12T15:57:14.5802476+12:00" testType="13cdc9d9-ddb5-4fa4-a97d-d965ccfc6d4b" outcome="Passed" testListId="8c84fa94-04c1-424b-9868-57a2d4851a1d" relativeResultsDirectory="35dec370-d675-4f5c-aaf5-48b2bb148318">
      <Output>
        <StdOut>[2025-09-12 15:57:14 INF] mutation InitiateTransfer { initiateTransfer( idempotencyKey: "62cdf93f-eaeb-48c0-be63-ddd277e11bce" transferDetails: { amount: { value: "1.00" currency: NZD } debtorAccountId: "lc_2ff00be3-5081-4171-8ba6-6f32f66ed#$%" debtorAccountCode: "string" debtorAccountParticulars: "string" debtorAccountReference: "string" creditorAccountId: "lc_a47b5129-4085-46b6-9f65-baf821fa6b94" creditorAccountCode: "string" creditorAccountParticulars: "string" creditorAccountReference: "string" } ) { debtorAccountNumber, creditorAccountNumber, paymentId, paymentInstructionCreationDateTime, initiatingAccessNumber, amount { value, currency }, debtorAccountCode, debtorAccountParticulars, debtorAccountReference, creditorAccountCode, creditorAccountParticulars, creditorAccountReference, __typename, ... on Payment { paymentId, paymentInstructionCreationDateTime, paymentExecutionDateTime, initiatingAccessNumber, amount { value, currency }, debtorAccountNumber, debtorAccountCode, debtorAccountParticulars, debtorAccountReference, creditorAccountNumber, creditorAccountCode, creditorAccountParticulars, creditorAccountReference }, ... on UnsuccessfulPayment { paymentId, code, message, paymentInstructionCreationDateTime, initiatingAccessNumber, amount { value, currency }, debtorAccountNumber, debtorAccountCode, debtorAccountParticulars, debtorAccountReference, creditorAccountNumber, creditorAccountCode, creditorAccountParticulars, creditorAccountReference } } }
[2025-09-12 15:57:14 INF] Start processing HTTP request POST https://payments-pain-integrate.apps.97c0.cip-non-production.nonprod.internal.aws.kiwibank.co.nz/graphql
[2025-09-12 15:57:14 INF] Sending HTTP request POST https://payments-pain-integrate.apps.97c0.cip-non-production.nonprod.internal.aws.kiwibank.co.nz/graphql
[2025-09-12 15:57:14 INF] Received HTTP response headers after 30.9981ms - 200
[2025-09-12 15:57:14 INF] End processing HTTP request after 31.0814ms - 200
[2025-09-12 15:57:14 INF] {"errors":[{"message":"Validation failed.","locations":[{"line":1,"column":29}],"path":["initiateTransfer"],"extensions":{"code":"BAD_USER_INPUT","validationErrors":[{"property":"TransferInitiationRequest.DebtorAccountId","message":"'Transfer Initiation Request Debtor Account Id' must be 1-40 characters and only contain letters, numbers, underscores, or hyphens."}]}],"data":null}



TestContext Messages:
Given an InitiateTransfer mutation is generated for DebtorAccountId lc_2ff00be3-5081-4171-8ba6-6f32f66ed#$% and CreditorAccountId lc_a47b5129-4085-46b6-9f65-baf821fa6b94
-&gt; done: PainStepDefinitions.GivenAnInitiateTransferMutationIsGenerated("lc_2ff00be3-5081-...", "lc_a47b5129-4085-...") (0.0s)
And a valid customers CIAM token is added to the request for the access number 6652627
-&gt; done: PainStepDefinitions.GivenAValidNZHLCiamTokenIsAddedToTheRequest("customers", "6652627") (0.6s)
When the request is sent
-&gt; done: PainStepDefinitions.WhenTheRequestIsSent() (0.0s)
Then the response code is 200
-&gt; done: PainStepDefinitions.ThenTheResponseCodeIs(200) (0.0s)
And the error response contains the fields:
  --- table step argument ---
  | Field                                              | Value                                                                                                                               |
  | $.errors[0].message                                | Validation failed.                                                                                                                  |
  | $.errors[0].path[0]                                | initiateTransfer                                                                                                                    |
  | $.errors[0].extensions.code                        | BAD_USER_INPUT                                                                                                                      |
  | $.errors[0].extensions.validationErrors[0].message | 'Transfer Initiation Request Debtor Account Id' must be 1-40 characters and only contain letters, numbers, underscores, or hyphens. |
-&gt; done: PainStepDefinitions.ThenTheErrorResponseContainsTheFields(&lt;table&gt;) (0.0s)</StdOut>
      </Output>
    </UnitTestResult>
    <UnitTestResult executionId="8115d76a-2530-49f4-b568-50d93ac4dc01" testId="e11e0881-2eb0-6af5-5d2a-1d4794526a7c" testName="PainTransfersCoreCombosHappyPaths (Core to Core,6705483,nc_c9f3e0cd-dcb4-4642-b07c-cb65fd99c918,nc_4202e682-c9be-4f6b-8727-142a48f750dd,)" computerName="ip-10-130-162-171" duration="00:00:01.3061770" startTime="2025-09-12T15:56:51.6332189+12:00" endTime="2025-09-12T15:56:52.9397998+12:00" testType="13cdc9d9-ddb5-4fa4-a97d-d965ccfc6d4b" outcome="Passed" testListId="8c84fa94-04c1-424b-9868-57a2d4851a1d" relativeResultsDirectory="8115d76a-2530-49f4-b568-50d93ac4dc01">
      <Output>
        <StdOut>[2025-09-12 15:56:52 INF] mutation InitiateTransfer { initiateTransfer( idempotencyKey: "06ea5606-f644-49d8-b93a-6746a9b18855" transferDetails: { amount: { value: "1.00" currency: NZD } debtorAccountId: "nc_c9f3e0cd-dcb4-4642-b07c-cb65fd99c918" debtorAccountCode: "string" debtorAccountParticulars: "string" debtorAccountReference: "string" creditorAccountId: "nc_4202e682-c9be-4f6b-8727-142a48f750dd" creditorAccountCode: "string" creditorAccountParticulars: "string" creditorAccountReference: "string" } ) { debtorAccountNumber, creditorAccountNumber, paymentId, paymentInstructionCreationDateTime, initiatingAccessNumber, amount { value, currency }, debtorAccountCode, debtorAccountParticulars, debtorAccountReference, creditorAccountCode, creditorAccountParticulars, creditorAccountReference, __typename, ... on Payment { paymentId, paymentInstructionCreationDateTime, paymentExecutionDateTime, initiatingAccessNumber, amount { value, currency }, debtorAccountNumber, debtorAccountCode, debtorAccountParticulars, debtorAccountReference, creditorAccountNumber, creditorAccountCode, creditorAccountParticulars, creditorAccountReference }, ... on UnsuccessfulPayment { paymentId, code, message, paymentInstructionCreationDateTime, initiatingAccessNumber, amount { value, currency }, debtorAccountNumber, debtorAccountCode, debtorAccountParticulars, debtorAccountReference, creditorAccountNumber, creditorAccountCode, creditorAccountParticulars, creditorAccountReference } } }
[2025-09-12 15:56:52 INF] Start processing HTTP request POST https://payments-pain-integrate.apps.97c0.cip-non-production.nonprod.internal.aws.kiwibank.co.nz/graphql
[2025-09-12 15:56:52 INF] Sending HTTP request POST https://payments-pain-integrate.apps.97c0.cip-non-production.nonprod.internal.aws.kiwibank.co.nz/graphql
[2025-09-12 15:56:52 INF] Received HTTP response headers after 650.7849ms - 200
[2025-09-12 15:56:52 INF] End processing HTTP request after 651.0116ms - 200
[2025-09-12 15:56:52 INF] {"data":{"initiateTransfer":{"debtorAccountNumber":"389018025647890","creditorAccountNumber":"389023066848550","paymentId":"e95596cc7c1d4a7ca2b5d84159afbb1f","paymentInstructionCreationDateTime":"2025-09-12T03:56:52.775Z","initiatingAccessNumber":"6705483","amount":{"value":"1.00","currency":"NZD"},"debtorAccountCode":"string","debtorAccountParticulars":"string","debtorAccountReference":"string","creditorAccountCode":"string","creditorAccountParticulars":"string","creditorAccountReference":"string","__typename":"Payment","paymentExecutionDateTime":"2025-09-12T03:56:52.924Z"}}



TestContext Messages:
Given an InitiateTransfer mutation is generated for DebtorAccountId nc_c9f3e0cd-dcb4-4642-b07c-cb65fd99c918 and CreditorAccountId nc_4202e682-c9be-4f6b-8727-142a48f750dd
-&gt; done: PainStepDefinitions.GivenAnInitiateTransferMutationIsGenerated("nc_c9f3e0cd-dcb4-...", "nc_4202e682-c9be-...") (0.0s)
And a valid customers CIAM token is added to the request for the access number 6705483
-&gt; done: PainStepDefinitions.GivenAValidNZHLCiamTokenIsAddedToTheRequest("customers", "6705483") (0.7s)
When the request is sent
-&gt; done: PainStepDefinitions.WhenTheRequestIsSent() (0.7s)
Then the response code is 200
-&gt; done: PainStepDefinitions.ThenTheResponseCodeIs(200) (0.0s)
And the response contains the fields:
  --- table step argument ---
  | Field                              | Value   |
  | __typename                         | Payment |
  | debtorAccountNumber                | *       |
  | creditorAccountNumber              | *       |
  | paymentId                          | *       |
  | paymentInstructionCreationDateTime | *       |
  | initiatingAccessNumber             | *       |
  | debtorAccountCode                  | *       |
  | debtorAccountParticulars           | *       |
  | debtorAccountReference             | *       |
  | creditorAccountCode                | *       |
  | creditorAccountParticulars         | *       |
  | creditorAccountReference           | *       |
  | amount                             | *       |
-&gt; done: PainStepDefinitions.ThenTheResponseContainsTheFields(&lt;table&gt;) (0.0s)</StdOut>
      </Output>
    </UnitTestResult>
    <UnitTestResult executionId="44137f77-d27c-4962-a015-61bc16d5bb23" testId="13d14820-3526-8d82-8e1a-a3c81e369d7e" testName="PainValidationOnAmounts (Amount is 11 digits before decimal,12345678901.00,Maximum 10 digits with 2 decimals.,)" computerName="ip-10-130-162-171" duration="00:00:00.8639018" startTime="2025-09-12T15:57:19.2883844+12:00" endTime="2025-09-12T15:57:20.1524766+12:00" testType="13cdc9d9-ddb5-4fa4-a97d-d965ccfc6d4b" outcome="Passed" testListId="8c84fa94-04c1-424b-9868-57a2d4851a1d" relativeResultsDirectory="44137f77-d27c-4962-a015-61bc16d5bb23">
      <Output>
        <StdOut>[2025-09-12 15:57:20 INF] mutation InitiateTransfer { initiateTransfer( idempotencyKey: "533c4f4f-82cf-4c07-8120-74f53cfb9021" transferDetails: { amount: { value: "12345678901.00" currency: NZD } debtorAccountId: "lc_2ff00be3-5081-4171-8ba6-6f32f66ed70c" debtorAccountCode: "string" debtorAccountParticulars: "string" debtorAccountReference: "string" creditorAccountId: "lc_a47b5129-4085-46b6-9f65-baf821fa6b94" creditorAccountCode: "string" creditorAccountParticulars: "string" creditorAccountReference: "string" } ) { debtorAccountNumber, creditorAccountNumber, paymentId, paymentInstructionCreationDateTime, initiatingAccessNumber, amount { value, currency }, debtorAccountCode, debtorAccountParticulars, debtorAccountReference, creditorAccountCode, creditorAccountParticulars, creditorAccountReference, __typename, ... on Payment { paymentId, paymentInstructionCreationDateTime, paymentExecutionDateTime, initiatingAccessNumber, amount { value, currency }, debtorAccountNumber, debtorAccountCode, debtorAccountParticulars, debtorAccountReference, creditorAccountNumber, creditorAccountCode, creditorAccountParticulars, creditorAccountReference }, ... on UnsuccessfulPayment { paymentId, code, message, paymentInstructionCreationDateTime, initiatingAccessNumber, amount { value, currency }, debtorAccountNumber, debtorAccountCode, debtorAccountParticulars, debtorAccountReference, creditorAccountNumber, creditorAccountCode, creditorAccountParticulars, creditorAccountReference } } }
[2025-09-12 15:57:20 INF] Start processing HTTP request POST https://payments-pain-integrate.apps.97c0.cip-non-production.nonprod.internal.aws.kiwibank.co.nz/graphql
[2025-09-12 15:57:20 INF] Sending HTTP request POST https://payments-pain-integrate.apps.97c0.cip-non-production.nonprod.internal.aws.kiwibank.co.nz/graphql
[2025-09-12 15:57:20 INF] Received HTTP response headers after 24.9693ms - 200
[2025-09-12 15:57:20 INF] End processing HTTP request after 25.0635ms - 200
[2025-09-12 15:57:20 INF] {"errors":[{"message":"Validation failed.","locations":[{"line":1,"column":29}],"path":["initiateTransfer"],"extensions":{"code":"BAD_USER_INPUT","validationErrors":[{"property":"TransferInitiationRequest.Amount.Value","message":"Maximum 10 digits with 2 decimals."}]}],"data":null}



TestContext Messages:
Given an InitiateTransfer mutation is generated for DebtorAccountId lc_2ff00be3-5081-4171-8ba6-6f32f66ed70c and CreditorAccountId lc_a47b5129-4085-46b6-9f65-baf821fa6b94
-&gt; done: PainStepDefinitions.GivenAnInitiateTransferMutationIsGenerated("lc_2ff00be3-5081-...", "lc_a47b5129-4085-...") (0.0s)
And the transfer amount is set to 12345678901.00
-&gt; done: PainStepDefinitions.GivenIUpdateTheTransferAmountToBe("12345678901.00") (0.0s)
And a valid customers CIAM token is added to the request for the access number 6652627
-&gt; done: PainStepDefinitions.GivenAValidNZHLCiamTokenIsAddedToTheRequest("customers", "6652627") (0.8s)
When the request is sent
-&gt; done: PainStepDefinitions.WhenTheRequestIsSent() (0.0s)
Then the response code is 200
-&gt; done: PainStepDefinitions.ThenTheResponseCodeIs(200) (0.0s)
And the error response contains the fields:
  --- table step argument ---
  | Field                                              | Value                              |
  | $.errors[0].message                                | Validation failed.                 |
  | $.errors[0].path[0]                                | initiateTransfer                   |
  | $.errors[0].extensions.code                        | BAD_USER_INPUT                     |
  | $.errors[0].extensions.validationErrors[0].message | Maximum 10 digits with 2 decimals. |
-&gt; done: PainStepDefinitions.ThenTheErrorResponseContainsTheFields(&lt;table&gt;) (0.0s)</StdOut>
      </Output>
    </UnitTestResult>
    <UnitTestResult executionId="de0bbc01-0adf-45cf-9757-69952869109e" testId="dd725057-4ec5-d159-a747-c22c263649f8" testName="PainValidationOnTextFields (DebtorAccountReference 13 chars,DebtorAccountReference,1234567890123,The length of 'Transfer Initiation Request Debtor Account Reference' must be 12 characters or fewer. You entered 13 characters.,)" computerName="ip-10-130-162-171" duration="00:00:00.6334032" startTime="2025-09-12T15:57:25.6232633+12:00" endTime="2025-09-12T15:57:26.2569057+12:00" testType="13cdc9d9-ddb5-4fa4-a97d-d965ccfc6d4b" outcome="Passed" testListId="8c84fa94-04c1-424b-9868-57a2d4851a1d" relativeResultsDirectory="de0bbc01-0adf-45cf-9757-69952869109e">
      <Output>
        <StdOut>[2025-09-12 15:57:26 INF] mutation InitiateTransfer { initiateTransfer( idempotencyKey: "398289dd-b67d-4d59-9637-0940f3087b0a" transferDetails: { amount: { value: "1.00" currency: NZD } debtorAccountId: "lc_2ff00be3-5081-4171-8ba6-6f32f66ed70c" debtorAccountCode: "string" debtorAccountParticulars: "string" debtorAccountReference: "1234567890123" creditorAccountId: "lc_a47b5129-4085-46b6-9f65-baf821fa6b94" creditorAccountCode: "string" creditorAccountParticulars: "string" creditorAccountReference: "string" } ) { debtorAccountNumber, creditorAccountNumber, paymentId, paymentInstructionCreationDateTime, initiatingAccessNumber, amount { value, currency }, debtorAccountCode, debtorAccountParticulars, debtorAccountReference, creditorAccountCode, creditorAccountParticulars, creditorAccountReference, __typename, ... on Payment { paymentId, paymentInstructionCreationDateTime, paymentExecutionDateTime, initiatingAccessNumber, amount { value, currency }, debtorAccountNumber, debtorAccountCode, debtorAccountParticulars, debtorAccountReference, creditorAccountNumber, creditorAccountCode, creditorAccountParticulars, creditorAccountReference }, ... on UnsuccessfulPayment { paymentId, code, message, paymentInstructionCreationDateTime, initiatingAccessNumber, amount { value, currency }, debtorAccountNumber, debtorAccountCode, debtorAccountParticulars, debtorAccountReference, creditorAccountNumber, creditorAccountCode, creditorAccountParticulars, creditorAccountReference } } }
[2025-09-12 15:57:26 INF] Start processing HTTP request POST https://payments-pain-integrate.apps.97c0.cip-non-production.nonprod.internal.aws.kiwibank.co.nz/graphql
[2025-09-12 15:57:26 INF] Sending HTTP request POST https://payments-pain-integrate.apps.97c0.cip-non-production.nonprod.internal.aws.kiwibank.co.nz/graphql
[2025-09-12 15:57:26 INF] Received HTTP response headers after 26.9332ms - 200
[2025-09-12 15:57:26 INF] End processing HTTP request after 27.0143ms - 200
[2025-09-12 15:57:26 INF] {"errors":[{"message":"Validation failed.","locations":[{"line":1,"column":29}],"path":["initiateTransfer"],"extensions":{"code":"BAD_USER_INPUT","validationErrors":[{"property":"TransferInitiationRequest.DebtorAccountReference","message":"The length of 'Transfer Initiation Request Debtor Account Reference' must be 12 characters or fewer. You entered 13 characters."}]}],"data":null}



TestContext Messages:
Given a TransferInitiation is created for DebtorAccountId lc_2ff00be3-5081-4171-8ba6-6f32f66ed70c and CreditorAccountId lc_a47b5129-4085-46b6-9f65-baf821fa6b94
-&gt; done: PainStepDefinitions.GivenATransferInitiationIsCreatedFor("lc_2ff00be3-5081-...", "lc_a47b5129-4085-...") (0.0s)
And the field DebtorAccountReference is set to 1234567890123
-&gt; done: PainStepDefinitions.GivenTheFieldIsSetToEmpty("DebtorAccountRefe...", "1234567890123") (0.0s)
And an InitiateTransfer mutation is generated from the TransferInitiation
-&gt; done: PainStepDefinitions.GivenAnInitiateTransferMutationIsGeneratedFromTheTransferInitiation() (0.0s)
And a valid customers CIAM token is added to the request for the access number 6652627
-&gt; done: PainStepDefinitions.GivenAValidNZHLCiamTokenIsAddedToTheRequest("customers", "6652627") (0.6s)
When the request is sent
-&gt; done: PainStepDefinitions.WhenTheRequestIsSent() (0.0s)
Then the response code is 200
-&gt; done: PainStepDefinitions.ThenTheResponseCodeIs(200) (0.0s)
And the error response contains the fields:
  --- table step argument ---
  | Field                                              | Value                                                                                                                           |
  | $.errors[0].message                                | Validation failed.                                                                                                              |
  | $.errors[0].path[0]                                | initiateTransfer                                                                                                                |
  | $.errors[0].extensions.code                        | BAD_USER_INPUT                                                                                                                  |
  | $.errors[0].extensions.validationErrors[0].message | The length of 'Transfer Initiation Request Debtor Account Reference' must be 12 characters or fewer. You entered 13 characters. |
-&gt; done: PainStepDefinitions.ThenTheErrorResponseContainsTheFields(&lt;table&gt;) (0.0s)</StdOut>
      </Output>
    </UnitTestResult>
    <UnitTestResult executionId="58b3373e-0fa4-4712-bfb9-e5d069225ffb" testId="f5ea5989-e582-8926-6234-f3954c3df2ff" testName="PainValidationOnTextFields (DebtorAccountReference invalid chars,DebtorAccountReference,!@#$%^&amp;*()-=,'Transfer Initiation Request Debtor Account Reference' contains invalid characters.,)" computerName="ip-10-130-162-171" duration="00:00:00.8196089" startTime="2025-09-12T15:57:26.2569918+12:00" endTime="2025-09-12T15:57:27.0768265+12:00" testType="13cdc9d9-ddb5-4fa4-a97d-d965ccfc6d4b" outcome="Passed" testListId="8c84fa94-04c1-424b-9868-57a2d4851a1d" relativeResultsDirectory="58b3373e-0fa4-4712-bfb9-e5d069225ffb">
      <Output>
        <StdOut>[2025-09-12 15:57:27 INF] mutation InitiateTransfer { initiateTransfer( idempotencyKey: "af691e49-023a-4c5d-b9c5-f87a996b5db6" transferDetails: { amount: { value: "1.00" currency: NZD } debtorAccountId: "lc_2ff00be3-5081-4171-8ba6-6f32f66ed70c" debtorAccountCode: "string" debtorAccountParticulars: "string" debtorAccountReference: "!@#$%^&amp;*()-=" creditorAccountId: "lc_a47b5129-4085-46b6-9f65-baf821fa6b94" creditorAccountCode: "string" creditorAccountParticulars: "string" creditorAccountReference: "string" } ) { debtorAccountNumber, creditorAccountNumber, paymentId, paymentInstructionCreationDateTime, initiatingAccessNumber, amount { value, currency }, debtorAccountCode, debtorAccountParticulars, debtorAccountReference, creditorAccountCode, creditorAccountParticulars, creditorAccountReference, __typename, ... on Payment { paymentId, paymentInstructionCreationDateTime, paymentExecutionDateTime, initiatingAccessNumber, amount { value, currency }, debtorAccountNumber, debtorAccountCode, debtorAccountParticulars, debtorAccountReference, creditorAccountNumber, creditorAccountCode, creditorAccountParticulars, creditorAccountReference }, ... on UnsuccessfulPayment { paymentId, code, message, paymentInstructionCreationDateTime, initiatingAccessNumber, amount { value, currency }, debtorAccountNumber, debtorAccountCode, debtorAccountParticulars, debtorAccountReference, creditorAccountNumber, creditorAccountCode, creditorAccountParticulars, creditorAccountReference } } }
[2025-09-12 15:57:27 INF] Start processing HTTP request POST https://payments-pain-integrate.apps.97c0.cip-non-production.nonprod.internal.aws.kiwibank.co.nz/graphql
[2025-09-12 15:57:27 INF] Sending HTTP request POST https://payments-pain-integrate.apps.97c0.cip-non-production.nonprod.internal.aws.kiwibank.co.nz/graphql
[2025-09-12 15:57:27 INF] Received HTTP response headers after 22.0598ms - 200
[2025-09-12 15:57:27 INF] End processing HTTP request after 22.1437ms - 200
[2025-09-12 15:57:27 INF] {"errors":[{"message":"Validation failed.","locations":[{"line":1,"column":29}],"path":["initiateTransfer"],"extensions":{"code":"BAD_USER_INPUT","validationErrors":[{"property":"TransferInitiationRequest.DebtorAccountReference","message":"'Transfer Initiation Request Debtor Account Reference' contains invalid characters."}]}],"data":null}



TestContext Messages:
Given a TransferInitiation is created for DebtorAccountId lc_2ff00be3-5081-4171-8ba6-6f32f66ed70c and CreditorAccountId lc_a47b5129-4085-46b6-9f65-baf821fa6b94
-&gt; done: PainStepDefinitions.GivenATransferInitiationIsCreatedFor("lc_2ff00be3-5081-...", "lc_a47b5129-4085-...") (0.0s)
And the field DebtorAccountReference is set to !@#$%^&amp;*()-=
-&gt; done: PainStepDefinitions.GivenTheFieldIsSetToEmpty("DebtorAccountRefe...", "!@#$%^&amp;*()-=") (0.0s)
And an InitiateTransfer mutation is generated from the TransferInitiation
-&gt; done: PainStepDefinitions.GivenAnInitiateTransferMutationIsGeneratedFromTheTransferInitiation() (0.0s)
And a valid customers CIAM token is added to the request for the access number 6652627
-&gt; done: PainStepDefinitions.GivenAValidNZHLCiamTokenIsAddedToTheRequest("customers", "6652627") (0.8s)
When the request is sent
-&gt; done: PainStepDefinitions.WhenTheRequestIsSent() (0.0s)
Then the response code is 200
-&gt; done: PainStepDefinitions.ThenTheResponseCodeIs(200) (0.0s)
And the error response contains the fields:
  --- table step argument ---
  | Field                                              | Value                                                                               |
  | $.errors[0].message                                | Validation failed.                                                                  |
  | $.errors[0].path[0]                                | initiateTransfer                                                                    |
  | $.errors[0].extensions.code                        | BAD_USER_INPUT                                                                      |
  | $.errors[0].extensions.validationErrors[0].message | 'Transfer Initiation Request Debtor Account Reference' contains invalid characters. |
-&gt; done: PainStepDefinitions.ThenTheErrorResponseContainsTheFields(&lt;table&gt;) (0.0s)</StdOut>
      </Output>
    </UnitTestResult>
    <UnitTestResult executionId="eae69511-3e2b-4408-901d-2d2cb9a3b8c3" testId="d06dd017-9b3b-4d51-ecc0-f4433d2717b6" testName="PainTransfersCoreCombosHappyPaths (Core to LegacyCore,6705483,nc_4202e682-c9be-4f6b-8727-142a48f750dd,lc_ba3a2de9-8b8c-4956-9949-9e7ff20e5f4a,)" computerName="ip-10-130-162-171" duration="00:00:01.7267100" startTime="2025-09-12T15:56:49.9056460+12:00" endTime="2025-09-12T15:56:51.6327393+12:00" testType="13cdc9d9-ddb5-4fa4-a97d-d965ccfc6d4b" outcome="Passed" testListId="8c84fa94-04c1-424b-9868-57a2d4851a1d" relativeResultsDirectory="eae69511-3e2b-4408-901d-2d2cb9a3b8c3">
      <Output>
        <StdOut>[2025-09-12 15:56:50 INF] mutation InitiateTransfer { initiateTransfer( idempotencyKey: "e9cd3f7a-411a-48d8-9600-69a5d8d34250" transferDetails: { amount: { value: "1.00" currency: NZD } debtorAccountId: "nc_4202e682-c9be-4f6b-8727-142a48f750dd" debtorAccountCode: "string" debtorAccountParticulars: "string" debtorAccountReference: "string" creditorAccountId: "lc_ba3a2de9-8b8c-4956-9949-9e7ff20e5f4a" creditorAccountCode: "string" creditorAccountParticulars: "string" creditorAccountReference: "string" } ) { debtorAccountNumber, creditorAccountNumber, paymentId, paymentInstructionCreationDateTime, initiatingAccessNumber, amount { value, currency }, debtorAccountCode, debtorAccountParticulars, debtorAccountReference, creditorAccountCode, creditorAccountParticulars, creditorAccountReference, __typename, ... on Payment { paymentId, paymentInstructionCreationDateTime, paymentExecutionDateTime, initiatingAccessNumber, amount { value, currency }, debtorAccountNumber, debtorAccountCode, debtorAccountParticulars, debtorAccountReference, creditorAccountNumber, creditorAccountCode, creditorAccountParticulars, creditorAccountReference }, ... on UnsuccessfulPayment { paymentId, code, message, paymentInstructionCreationDateTime, initiatingAccessNumber, amount { value, currency }, debtorAccountNumber, debtorAccountCode, debtorAccountParticulars, debtorAccountReference, creditorAccountNumber, creditorAccountCode, creditorAccountParticulars, creditorAccountReference } } }
[2025-09-12 15:56:50 INF] Start processing HTTP request POST https://payments-pain-integrate.apps.97c0.cip-non-production.nonprod.internal.aws.kiwibank.co.nz/graphql
[2025-09-12 15:56:50 INF] Sending HTTP request POST https://payments-pain-integrate.apps.97c0.cip-non-production.nonprod.internal.aws.kiwibank.co.nz/graphql
[2025-09-12 15:56:51 INF] Received HTTP response headers after 898.2132ms - 200
[2025-09-12 15:56:51 INF] End processing HTTP request after 898.5221ms - 200
[2025-09-12 15:56:51 INF] {"data":{"initiateTransfer":{"debtorAccountNumber":"389023066848550","creditorAccountNumber":"389023066848503","paymentId":"dcdb86c959a54a5ea1e595c6f6a5361d","paymentInstructionCreationDateTime":"2025-09-12T03:56:51.259Z","initiatingAccessNumber":"6705483","amount":{"value":"1.00","currency":"NZD"},"debtorAccountCode":"string","debtorAccountParticulars":"string","debtorAccountReference":"string","creditorAccountCode":"string","creditorAccountParticulars":"string","creditorAccountReference":"string","__typename":"Payment","paymentExecutionDateTime":"2025-09-12T03:56:51.614Z"}}



TestContext Messages:
Given an InitiateTransfer mutation is generated for DebtorAccountId nc_4202e682-c9be-4f6b-8727-142a48f750dd and CreditorAccountId lc_ba3a2de9-8b8c-4956-9949-9e7ff20e5f4a
-&gt; done: PainStepDefinitions.GivenAnInitiateTransferMutationIsGenerated("nc_4202e682-c9be-...", "lc_ba3a2de9-8b8c-...") (0.0s)
And a valid customers CIAM token is added to the request for the access number 6705483
-&gt; done: PainStepDefinitions.GivenAValidNZHLCiamTokenIsAddedToTheRequest("customers", "6705483") (0.8s)
When the request is sent
-&gt; done: PainStepDefinitions.WhenTheRequestIsSent() (0.9s)
Then the response code is 200
-&gt; done: PainStepDefinitions.ThenTheResponseCodeIs(200) (0.0s)
And the response contains the fields:
  --- table step argument ---
  | Field                              | Value   |
  | __typename                         | Payment |
  | debtorAccountNumber                | *       |
  | creditorAccountNumber              | *       |
  | paymentId                          | *       |
  | paymentInstructionCreationDateTime | *       |
  | initiatingAccessNumber             | *       |
  | debtorAccountCode                  | *       |
  | debtorAccountParticulars           | *       |
  | debtorAccountReference             | *       |
  | creditorAccountCode                | *       |
  | creditorAccountParticulars         | *       |
  | creditorAccountReference           | *       |
  | amount                             | *       |
-&gt; done: PainStepDefinitions.ThenTheResponseContainsTheFields(&lt;table&gt;) (0.0s)</StdOut>
      </Output>
    </UnitTestResult>
    <UnitTestResult executionId="4eb304ef-b9ab-4532-ac1c-fb68032ef945" testId="fd44373c-f1b5-2346-afba-71a4b1157d29" testName="PainValidationOnAccountNumbers (Debtor ID missing,,lc_a47b5129-4085-46b6-9f65-baf821fa6b94,'Transfer Initiation Request Debtor Account Id' must not be empty.,$.errors[0].extensions.validationErrors[0].message,)" computerName="ip-10-130-162-171" duration="00:00:00.6574069" startTime="2025-09-12T15:57:12.5867453+12:00" endTime="2025-09-12T15:57:13.2449555+12:00" testType="13cdc9d9-ddb5-4fa4-a97d-d965ccfc6d4b" outcome="Failed" testListId="8c84fa94-04c1-424b-9868-57a2d4851a1d" relativeResultsDirectory="4eb304ef-b9ab-4532-ac1c-fb68032ef945">
      <Output>
        <StdOut>[2025-09-12 15:57:13 INF] mutation InitiateTransfer { initiateTransfer( idempotencyKey: "e10e48c1-57be-4ef1-ad50-cd9c17b34995" transferDetails: { amount: { value: "1.00" currency: NZD } debtorAccountId: debtorAccountCode: "string" debtorAccountParticulars: "string" debtorAccountReference: "string" creditorAccountId: "lc_a47b5129-4085-46b6-9f65-baf821fa6b94" creditorAccountCode: "string" creditorAccountParticulars: "string" creditorAccountReference: "string" } ) { debtorAccountNumber, creditorAccountNumber, paymentId, paymentInstructionCreationDateTime, initiatingAccessNumber, amount { value, currency }, debtorAccountCode, debtorAccountParticulars, debtorAccountReference, creditorAccountCode, creditorAccountParticulars, creditorAccountReference, __typename, ... on Payment { paymentId, paymentInstructionCreationDateTime, paymentExecutionDateTime, initiatingAccessNumber, amount { value, currency }, debtorAccountNumber, debtorAccountCode, debtorAccountParticulars, debtorAccountReference, creditorAccountNumber, creditorAccountCode, creditorAccountParticulars, creditorAccountReference }, ... on UnsuccessfulPayment { paymentId, code, message, paymentInstructionCreationDateTime, initiatingAccessNumber, amount { value, currency }, debtorAccountNumber, debtorAccountCode, debtorAccountParticulars, debtorAccountReference, creditorAccountNumber, creditorAccountCode, creditorAccountParticulars, creditorAccountReference } } }
[2025-09-12 15:57:13 INF] Start processing HTTP request POST https://payments-pain-integrate.apps.97c0.cip-non-production.nonprod.internal.aws.kiwibank.co.nz/graphql
[2025-09-12 15:57:13 INF] Sending HTTP request POST https://payments-pain-integrate.apps.97c0.cip-non-production.nonprod.internal.aws.kiwibank.co.nz/graphql
[2025-09-12 15:57:13 INF] Received HTTP response headers after 27.4884ms - 400
[2025-09-12 15:57:13 INF] End processing HTTP request after 27.8263ms - 400



TestContext Messages:
Given an InitiateTransfer mutation is generated for DebtorAccountId  and CreditorAccountId lc_a47b5129-4085-46b6-9f65-baf821fa6b94
-&gt; done: PainStepDefinitions.GivenAnInitiateTransferMutationIsGenerated("", "lc_a47b5129-4085-...") (0.0s)
And a valid customers CIAM token is added to the request for the access number 6652627
-&gt; done: PainStepDefinitions.GivenAValidNZHLCiamTokenIsAddedToTheRequest("customers", "6652627") (0.6s)
When the request is sent
-&gt; done: PainStepDefinitions.WhenTheRequestIsSent() (0.0s)
Then the response code is 200
-&gt; error: Assert.AreEqual failed. Expected:&lt;200&gt;. Actual:&lt;400&gt;.  (0.0s)
And the error response contains the fields:
  --- table step argument ---
  | Field                                              | Value                                                              |
  | $.errors[0].message                                | Validation failed.                                                 |
  | $.errors[0].path[0]                                | initiateTransfer                                                   |
  | $.errors[0].extensions.code                        | BAD_USER_INPUT                                                     |
  | $.errors[0].extensions.validationErrors[0].message | 'Transfer Initiation Request Debtor Account Id' must not be empty. |
-&gt; skipped because of previous errors</StdOut>
        <ErrorInfo>
          <Message>Assert.AreEqual failed. Expected:&lt;200&gt;. Actual:&lt;400&gt;. </Message>
          <StackTrace>   at InvokeStub_Action`2.Invoke(Object, Span`1)
   at System.Reflection.MethodBaseInvoker.InvokeWithFewArgs(Object obj, BindingFlags invokeAttr, Binder binder, Object[] parameters, CultureInfo culture)
--- End of stack trace from previous location ---
   at Reqnroll.Bindings.BindingInvoker.InvokeBindingAsync(IBinding binding, IContextManager contextManager, Object[] arguments, ITestTracer testTracer, DurationHolder durationHolder)
   at Reqnroll.Infrastructure.TestExecutionEngine.ExecuteStepMatchAsync(BindingMatch match, Object[] arguments, DurationHolder durationHolder)
   at Reqnroll.Infrastructure.TestExecutionEngine.ExecuteStepAsync(IContextManager contextManager, StepInstance stepInstance)
   at Reqnroll.Infrastructure.TestExecutionEngine.OnAfterLastStepAsync()
   at Reqnroll.TestRunner.CollectScenarioErrorsAsync()
   at Kiwibank.Payments.Pain.Testings.Integration.TestFeatures.BusinessLogicTestsForPainFeature.ScenarioCleanupAsync()
   at Kiwibank.Payments.Pain.Testings.Integration.TestFeatures.BusinessLogicTestsForPainFeature.PainValidationOnAccountNumbers(String description, String debtorAccountId, String creditorAccountId, String errorMessage, String errorMessagePath, String[] exampleTags) in /codebuild/output/src563212923/src/Kiwibank-kb-cap-0cc8e8abec5297b8e3a35c2fcf6d6e0e0e42c0e0/services/pain/src/Testings.Integration/TestFeatures/PainValidationTests.feature:line 13
</StackTrace>
        </ErrorInfo>
      </Output>
    </UnitTestResult>
    <UnitTestResult executionId="dcf142ed-3eee-48b0-800c-d163a5e3a67f" testId="800a2182-a828-27ba-b872-5948839fa85d" testName="InvalidAccountsResultsFromUAS (Invalid Debtor,lc_2ff00be3-5081-4171-8ba6-6f32f66edabc,lc_a47b5129-4085-46b6-9f65-baf821fa6b94,Debtor account not found.,)" computerName="ip-10-130-162-171" duration="00:00:01.1443683" startTime="2025-09-12T15:57:09.4887197+12:00" endTime="2025-09-12T15:57:10.6333002+12:00" testType="13cdc9d9-ddb5-4fa4-a97d-d965ccfc6d4b" outcome="Passed" testListId="8c84fa94-04c1-424b-9868-57a2d4851a1d" relativeResultsDirectory="dcf142ed-3eee-48b0-800c-d163a5e3a67f">
      <Output>
        <StdOut>[2025-09-12 15:57:10 INF] mutation InitiateTransfer { initiateTransfer( idempotencyKey: "2a8825cf-ed71-4135-b677-b549ac13b04a" transferDetails: { amount: { value: "1.00" currency: NZD } debtorAccountId: "lc_2ff00be3-5081-4171-8ba6-6f32f66edabc" debtorAccountCode: "string" debtorAccountParticulars: "string" debtorAccountReference: "string" creditorAccountId: "lc_a47b5129-4085-46b6-9f65-baf821fa6b94" creditorAccountCode: "string" creditorAccountParticulars: "string" creditorAccountReference: "string" } ) { debtorAccountNumber, creditorAccountNumber, paymentId, paymentInstructionCreationDateTime, initiatingAccessNumber, amount { value, currency }, debtorAccountCode, debtorAccountParticulars, debtorAccountReference, creditorAccountCode, creditorAccountParticulars, creditorAccountReference, __typename, ... on Payment { paymentId, paymentInstructionCreationDateTime, paymentExecutionDateTime, initiatingAccessNumber, amount { value, currency }, debtorAccountNumber, debtorAccountCode, debtorAccountParticulars, debtorAccountReference, creditorAccountNumber, creditorAccountCode, creditorAccountParticulars, creditorAccountReference }, ... on UnsuccessfulPayment { paymentId, code, message, paymentInstructionCreationDateTime, initiatingAccessNumber, amount { value, currency }, debtorAccountNumber, debtorAccountCode, debtorAccountParticulars, debtorAccountReference, creditorAccountNumber, creditorAccountCode, creditorAccountParticulars, creditorAccountReference } } }
[2025-09-12 15:57:10 INF] Start processing HTTP request POST https://payments-pain-integrate.apps.97c0.cip-non-production.nonprod.internal.aws.kiwibank.co.nz/graphql
[2025-09-12 15:57:10 INF] Sending HTTP request POST https://payments-pain-integrate.apps.97c0.cip-non-production.nonprod.internal.aws.kiwibank.co.nz/graphql
[2025-09-12 15:57:10 INF] Received HTTP response headers after 341.1731ms - 200
[2025-09-12 15:57:10 INF] End processing HTTP request after 341.2681ms - 200
[2025-09-12 15:57:10 INF] {"data":{"initiateTransfer":{"debtorAccountNumber":"","creditorAccountNumber":"389023045175303","paymentId":"cdf6796211094f4595eee3a9a3d0c43b","paymentInstructionCreationDateTime":"2025-09-12T03:57:10.628Z","initiatingAccessNumber":"6652627","amount":{"value":"1.00","currency":"NZD"},"debtorAccountCode":"string","debtorAccountParticulars":"string","debtorAccountReference":"string","creditorAccountCode":"string","creditorAccountParticulars":"string","creditorAccountReference":"string","__typename":"UnsuccessfulPayment","code":"ACCOUNT_DETECTION_FAILED","message":"Debtor account not found."}}



TestContext Messages:
Given an InitiateTransfer mutation is generated for DebtorAccountId lc_2ff00be3-5081-4171-8ba6-6f32f66edabc and CreditorAccountId lc_a47b5129-4085-46b6-9f65-baf821fa6b94
-&gt; done: PainStepDefinitions.GivenAnInitiateTransferMutationIsGenerated("lc_2ff00be3-5081-...", "lc_a47b5129-4085-...") (0.0s)
And a valid customers CIAM token is added to the request for the access number 6652627
-&gt; done: PainStepDefinitions.GivenAValidNZHLCiamTokenIsAddedToTheRequest("customers", "6652627") (0.8s)
When the request is sent
-&gt; done: PainStepDefinitions.WhenTheRequestIsSent() (0.3s)
Then the response code is 200
-&gt; done: PainStepDefinitions.ThenTheResponseCodeIs(200) (0.0s)
And the response contains the fields:
  --- table step argument ---
  | Field                              | Value                     |
  | __typename                         | UnsuccessfulPayment       |
  | debtorAccountNumber                | *                         |
  | creditorAccountNumber              | *                         |
  | paymentId                          | *                         |
  | paymentInstructionCreationDateTime | *                         |
  | initiatingAccessNumber             | *                         |
  | debtorAccountCode                  | *                         |
  | debtorAccountParticulars           | *                         |
  | debtorAccountReference             | *                         |
  | creditorAccountCode                | *                         |
  | creditorAccountParticulars         | *                         |
  | creditorAccountReference           | *                         |
  | amount                             | *                         |
  | code                               | ACCOUNT_DETECTION_FAILED  |
  | message                            | Debtor account not found. |
-&gt; done: PainStepDefinitions.ThenTheResponseContainsTheFields(&lt;table&gt;) (0.0s)</StdOut>
      </Output>
    </UnitTestResult>
    <UnitTestResult executionId="a5327f40-1e2f-4b01-9861-020303319d11" testId="d43c5480-c716-2dc4-d971-fa86188417da" testName="PainValidationOnTextFields (CreditorAccountCode 13 chars,CreditorAccountCode,1234567890123,The length of 'Transfer Initiation Request Creditor Account Code' must be 12 characters or fewer. You entered 13 characters.,)" computerName="ip-10-130-162-171" duration="00:00:00.8309337" startTime="2025-09-12T15:57:28.5559111+12:00" endTime="2025-09-12T15:57:29.3870432+12:00" testType="13cdc9d9-ddb5-4fa4-a97d-d965ccfc6d4b" outcome="Passed" testListId="8c84fa94-04c1-424b-9868-57a2d4851a1d" relativeResultsDirectory="a5327f40-1e2f-4b01-9861-020303319d11">
      <Output>
        <StdOut>[2025-09-12 15:57:29 INF] mutation InitiateTransfer { initiateTransfer( idempotencyKey: "2f8eb9f2-e8ba-4cc5-831e-b8ff776c2ea9" transferDetails: { amount: { value: "1.00" currency: NZD } debtorAccountId: "lc_2ff00be3-5081-4171-8ba6-6f32f66ed70c" debtorAccountCode: "string" debtorAccountParticulars: "string" debtorAccountReference: "string" creditorAccountId: "lc_a47b5129-4085-46b6-9f65-baf821fa6b94" creditorAccountCode: "1234567890123" creditorAccountParticulars: "string" creditorAccountReference: "string" } ) { debtorAccountNumber, creditorAccountNumber, paymentId, paymentInstructionCreationDateTime, initiatingAccessNumber, amount { value, currency }, debtorAccountCode, debtorAccountParticulars, debtorAccountReference, creditorAccountCode, creditorAccountParticulars, creditorAccountReference, __typename, ... on Payment { paymentId, paymentInstructionCreationDateTime, paymentExecutionDateTime, initiatingAccessNumber, amount { value, currency }, debtorAccountNumber, debtorAccountCode, debtorAccountParticulars, debtorAccountReference, creditorAccountNumber, creditorAccountCode, creditorAccountParticulars, creditorAccountReference }, ... on UnsuccessfulPayment { paymentId, code, message, paymentInstructionCreationDateTime, initiatingAccessNumber, amount { value, currency }, debtorAccountNumber, debtorAccountCode, debtorAccountParticulars, debtorAccountReference, creditorAccountNumber, creditorAccountCode, creditorAccountParticulars, creditorAccountReference } } }
[2025-09-12 15:57:29 INF] Start processing HTTP request POST https://payments-pain-integrate.apps.97c0.cip-non-production.nonprod.internal.aws.kiwibank.co.nz/graphql
[2025-09-12 15:57:29 INF] Sending HTTP request POST https://payments-pain-integrate.apps.97c0.cip-non-production.nonprod.internal.aws.kiwibank.co.nz/graphql
[2025-09-12 15:57:29 INF] Received HTTP response headers after 22.1061ms - 200
[2025-09-12 15:57:29 INF] End processing HTTP request after 22.2054ms - 200
[2025-09-12 15:57:29 INF] {"errors":[{"message":"Validation failed.","locations":[{"line":1,"column":29}],"path":["initiateTransfer"],"extensions":{"code":"BAD_USER_INPUT","validationErrors":[{"property":"TransferInitiationRequest.CreditorAccountCode","message":"The length of 'Transfer Initiation Request Creditor Account Code' must be 12 characters or fewer. You entered 13 characters."}]}],"data":null}



TestContext Messages:
Given a TransferInitiation is created for DebtorAccountId lc_2ff00be3-5081-4171-8ba6-6f32f66ed70c and CreditorAccountId lc_a47b5129-4085-46b6-9f65-baf821fa6b94
-&gt; done: PainStepDefinitions.GivenATransferInitiationIsCreatedFor("lc_2ff00be3-5081-...", "lc_a47b5129-4085-...") (0.0s)
And the field CreditorAccountCode is set to 1234567890123
-&gt; done: PainStepDefinitions.GivenTheFieldIsSetToEmpty("CreditorAccountCode", "1234567890123") (0.0s)
And an InitiateTransfer mutation is generated from the TransferInitiation
-&gt; done: PainStepDefinitions.GivenAnInitiateTransferMutationIsGeneratedFromTheTransferInitiation() (0.0s)
And a valid customers CIAM token is added to the request for the access number 6652627
-&gt; done: PainStepDefinitions.GivenAValidNZHLCiamTokenIsAddedToTheRequest("customers", "6652627") (0.8s)
When the request is sent
-&gt; done: PainStepDefinitions.WhenTheRequestIsSent() (0.0s)
Then the response code is 200
-&gt; done: PainStepDefinitions.ThenTheResponseCodeIs(200) (0.0s)
And the error response contains the fields:
  --- table step argument ---
  | Field                                              | Value                                                                                                                        |
  | $.errors[0].message                                | Validation failed.                                                                                                           |
  | $.errors[0].path[0]                                | initiateTransfer                                                                                                             |
  | $.errors[0].extensions.code                        | BAD_USER_INPUT                                                                                                               |
  | $.errors[0].extensions.validationErrors[0].message | The length of 'Transfer Initiation Request Creditor Account Code' must be 12 characters or fewer. You entered 13 characters. |
-&gt; done: PainStepDefinitions.ThenTheErrorResponseContainsTheFields(&lt;table&gt;) (0.0s)</StdOut>
      </Output>
    </UnitTestResult>
    <UnitTestResult executionId="74b1eeee-563f-4a92-9a12-ca4e83c20c02" testId="e50cbeca-e394-bad0-15a7-d86a0cda20ea" testName="PainValidationOnTextFields (DebtorAccountCode invalid chars,DebtorAccountCode,!@#$%^&amp;*()-=,'Transfer Initiation Request Debtor Account Code' contains invalid characters.,)" computerName="ip-10-130-162-171" duration="00:00:00.6050373" startTime="2025-09-12T15:57:25.0179193+12:00" endTime="2025-09-12T15:57:25.6231778+12:00" testType="13cdc9d9-ddb5-4fa4-a97d-d965ccfc6d4b" outcome="Passed" testListId="8c84fa94-04c1-424b-9868-57a2d4851a1d" relativeResultsDirectory="74b1eeee-563f-4a92-9a12-ca4e83c20c02">
      <Output>
        <StdOut>[2025-09-12 15:57:25 INF] mutation InitiateTransfer { initiateTransfer( idempotencyKey: "98340100-c8ef-4f34-81d7-c1df17645016" transferDetails: { amount: { value: "1.00" currency: NZD } debtorAccountId: "lc_2ff00be3-5081-4171-8ba6-6f32f66ed70c" debtorAccountCode: "!@#$%^&amp;*()-=" debtorAccountParticulars: "string" debtorAccountReference: "string" creditorAccountId: "lc_a47b5129-4085-46b6-9f65-baf821fa6b94" creditorAccountCode: "string" creditorAccountParticulars: "string" creditorAccountReference: "string" } ) { debtorAccountNumber, creditorAccountNumber, paymentId, paymentInstructionCreationDateTime, initiatingAccessNumber, amount { value, currency }, debtorAccountCode, debtorAccountParticulars, debtorAccountReference, creditorAccountCode, creditorAccountParticulars, creditorAccountReference, __typename, ... on Payment { paymentId, paymentInstructionCreationDateTime, paymentExecutionDateTime, initiatingAccessNumber, amount { value, currency }, debtorAccountNumber, debtorAccountCode, debtorAccountParticulars, debtorAccountReference, creditorAccountNumber, creditorAccountCode, creditorAccountParticulars, creditorAccountReference }, ... on UnsuccessfulPayment { paymentId, code, message, paymentInstructionCreationDateTime, initiatingAccessNumber, amount { value, currency }, debtorAccountNumber, debtorAccountCode, debtorAccountParticulars, debtorAccountReference, creditorAccountNumber, creditorAccountCode, creditorAccountParticulars, creditorAccountReference } } }
[2025-09-12 15:57:25 INF] Start processing HTTP request POST https://payments-pain-integrate.apps.97c0.cip-non-production.nonprod.internal.aws.kiwibank.co.nz/graphql
[2025-09-12 15:57:25 INF] Sending HTTP request POST https://payments-pain-integrate.apps.97c0.cip-non-production.nonprod.internal.aws.kiwibank.co.nz/graphql
[2025-09-12 15:57:25 INF] Received HTTP response headers after 24.0423ms - 200
[2025-09-12 15:57:25 INF] End processing HTTP request after 24.1245ms - 200
[2025-09-12 15:57:25 INF] {"errors":[{"message":"Validation failed.","locations":[{"line":1,"column":29}],"path":["initiateTransfer"],"extensions":{"code":"BAD_USER_INPUT","validationErrors":[{"property":"TransferInitiationRequest.DebtorAccountCode","message":"'Transfer Initiation Request Debtor Account Code' contains invalid characters."}]}],"data":null}



TestContext Messages:
Given a TransferInitiation is created for DebtorAccountId lc_2ff00be3-5081-4171-8ba6-6f32f66ed70c and CreditorAccountId lc_a47b5129-4085-46b6-9f65-baf821fa6b94
-&gt; done: PainStepDefinitions.GivenATransferInitiationIsCreatedFor("lc_2ff00be3-5081-...", "lc_a47b5129-4085-...") (0.0s)
And the field DebtorAccountCode is set to !@#$%^&amp;*()-=
-&gt; done: PainStepDefinitions.GivenTheFieldIsSetToEmpty("DebtorAccountCode", "!@#$%^&amp;*()-=") (0.0s)
And an InitiateTransfer mutation is generated from the TransferInitiation
-&gt; done: PainStepDefinitions.GivenAnInitiateTransferMutationIsGeneratedFromTheTransferInitiation() (0.0s)
And a valid customers CIAM token is added to the request for the access number 6652627
-&gt; done: PainStepDefinitions.GivenAValidNZHLCiamTokenIsAddedToTheRequest("customers", "6652627") (0.6s)
When the request is sent
-&gt; done: PainStepDefinitions.WhenTheRequestIsSent() (0.0s)
Then the response code is 200
-&gt; done: PainStepDefinitions.ThenTheResponseCodeIs(200) (0.0s)
And the error response contains the fields:
  --- table step argument ---
  | Field                                              | Value                                                                          |
  | $.errors[0].message                                | Validation failed.                                                             |
  | $.errors[0].path[0]                                | initiateTransfer                                                               |
  | $.errors[0].extensions.code                        | BAD_USER_INPUT                                                                 |
  | $.errors[0].extensions.validationErrors[0].message | 'Transfer Initiation Request Debtor Account Code' contains invalid characters. |
-&gt; done: PainStepDefinitions.ThenTheErrorResponseContainsTheFields(&lt;table&gt;) (0.0s)</StdOut>
      </Output>
    </UnitTestResult>
    <UnitTestResult executionId="62ca8ab6-dab9-4086-9ae5-1bb37b9094c0" testId="259a029f-0cc5-185f-b5fc-9593b10c15fe" testName="PainDoesNotAllowTransfersToFromSameAccount" computerName="ip-10-130-162-171" duration="00:00:01.0077615" startTime="2025-09-12T15:57:16.8010879+12:00" endTime="2025-09-12T15:57:17.8090644+12:00" testType="13cdc9d9-ddb5-4fa4-a97d-d965ccfc6d4b" outcome="Passed" testListId="8c84fa94-04c1-424b-9868-57a2d4851a1d" relativeResultsDirectory="62ca8ab6-dab9-4086-9ae5-1bb37b9094c0">
      <Output>
        <StdOut>[2025-09-12 15:57:17 INF] mutation InitiateTransfer { initiateTransfer( idempotencyKey: "10fe9bf0-d85b-4270-97f6-2429e3f52850" transferDetails: { amount: { value: "1.00" currency: NZD } debtorAccountId: "lc_2ff00be3-5081-4171-8ba6-6f32f66ed70c" debtorAccountCode: "string" debtorAccountParticulars: "string" debtorAccountReference: "string" creditorAccountId: "lc_2ff00be3-5081-4171-8ba6-6f32f66ed70c" creditorAccountCode: "string" creditorAccountParticulars: "string" creditorAccountReference: "string" } ) { debtorAccountNumber, creditorAccountNumber, paymentId, paymentInstructionCreationDateTime, initiatingAccessNumber, amount { value, currency }, debtorAccountCode, debtorAccountParticulars, debtorAccountReference, creditorAccountCode, creditorAccountParticulars, creditorAccountReference, __typename, ... on Payment { paymentId, paymentInstructionCreationDateTime, paymentExecutionDateTime, initiatingAccessNumber, amount { value, currency }, debtorAccountNumber, debtorAccountCode, debtorAccountParticulars, debtorAccountReference, creditorAccountNumber, creditorAccountCode, creditorAccountParticulars, creditorAccountReference }, ... on UnsuccessfulPayment { paymentId, code, message, paymentInstructionCreationDateTime, initiatingAccessNumber, amount { value, currency }, debtorAccountNumber, debtorAccountCode, debtorAccountParticulars, debtorAccountReference, creditorAccountNumber, creditorAccountCode, creditorAccountParticulars, creditorAccountReference } } }
[2025-09-12 15:57:17 INF] Start processing HTTP request POST https://payments-pain-integrate.apps.97c0.cip-non-production.nonprod.internal.aws.kiwibank.co.nz/graphql
[2025-09-12 15:57:17 INF] Sending HTTP request POST https://payments-pain-integrate.apps.97c0.cip-non-production.nonprod.internal.aws.kiwibank.co.nz/graphql
[2025-09-12 15:57:17 INF] Received HTTP response headers after 367.6175ms - 200
[2025-09-12 15:57:17 INF] End processing HTTP request after 367.7191ms - 200
[2025-09-12 15:57:17 INF] {"data":{"initiateTransfer":{"debtorAccountNumber":"389023045175300","creditorAccountNumber":"389023045175300","paymentId":"f09bcba0ecbe4a9086af4b58546aaccb","paymentInstructionCreationDateTime":"2025-09-12T03:57:17.804Z","initiatingAccessNumber":"6652627","amount":{"value":"1.00","currency":"NZD"},"debtorAccountCode":"string","debtorAccountParticulars":"string","debtorAccountReference":"string","creditorAccountCode":"string","creditorAccountParticulars":"string","creditorAccountReference":"string","__typename":"UnsuccessfulPayment","code":"OPERATION_INVALID_FOR_ACCOUNT","message":"Transaction is not allowed for the selected accounts."}}



TestContext Messages:
Given an InitiateTransfer mutation is generated for DebtorAccountId lc_2ff00be3-5081-4171-8ba6-6f32f66ed70c and CreditorAccountId lc_2ff00be3-5081-4171-8ba6-6f32f66ed70c
-&gt; done: PainStepDefinitions.GivenAnInitiateTransferMutationIsGenerated("lc_2ff00be3-5081-...", "lc_2ff00be3-5081-...") (0.0s)
And a valid customers CIAM token is added to the request for the access number 6652627
-&gt; done: PainStepDefinitions.GivenAValidNZHLCiamTokenIsAddedToTheRequest("customers", "6652627") (0.6s)
When the request is sent
-&gt; done: PainStepDefinitions.WhenTheRequestIsSent() (0.4s)
Then the response code is 200
-&gt; done: PainStepDefinitions.ThenTheResponseCodeIs(200) (0.0s)
And the response contains the fields:
  --- table step argument ---
  | Field                              | Value                                                 |
  | __typename                         | UnsuccessfulPayment                                   |
  | debtorAccountNumber                | *                                                     |
  | creditorAccountNumber              | *                                                     |
  | paymentId                          | *                                                     |
  | paymentInstructionCreationDateTime | *                                                     |
  | initiatingAccessNumber             | *                                                     |
  | debtorAccountCode                  | *                                                     |
  | debtorAccountParticulars           | *                                                     |
  | debtorAccountReference             | *                                                     |
  | creditorAccountCode                | *                                                     |
  | creditorAccountParticulars         | *                                                     |
  | creditorAccountReference           | *                                                     |
  | amount                             | *                                                     |
  | code                               | OPERATION_INVALID_FOR_ACCOUNT                         |
  | message                            | Transaction is not allowed for the selected accounts. |
-&gt; done: PainStepDefinitions.ThenTheResponseContainsTheFields(&lt;table&gt;) (0.0s)</StdOut>
      </Output>
    </UnitTestResult>
    <UnitTestResult executionId="cf4483d6-0624-4f11-8a55-5cee46f96f21" testId="22e01879-86ce-6a2b-0986-da4a6d2c8487" testName="PainValidationOnAmounts (Amount has three digits after decimal,1.000,Maximum 10 digits with 2 decimals.,)" computerName="ip-10-130-162-171" duration="00:00:00.6167856" startTime="2025-09-12T15:57:20.7899921+12:00" endTime="2025-09-12T15:57:21.4070100+12:00" testType="13cdc9d9-ddb5-4fa4-a97d-d965ccfc6d4b" outcome="Passed" testListId="8c84fa94-04c1-424b-9868-57a2d4851a1d" relativeResultsDirectory="cf4483d6-0624-4f11-8a55-5cee46f96f21">
      <Output>
        <StdOut>[2025-09-12 15:57:21 INF] mutation InitiateTransfer { initiateTransfer( idempotencyKey: "dd8f39fa-dc42-49cd-b1a9-47c3f7d2328a" transferDetails: { amount: { value: "1.000" currency: NZD } debtorAccountId: "lc_2ff00be3-5081-4171-8ba6-6f32f66ed70c" debtorAccountCode: "string" debtorAccountParticulars: "string" debtorAccountReference: "string" creditorAccountId: "lc_a47b5129-4085-46b6-9f65-baf821fa6b94" creditorAccountCode: "string" creditorAccountParticulars: "string" creditorAccountReference: "string" } ) { debtorAccountNumber, creditorAccountNumber, paymentId, paymentInstructionCreationDateTime, initiatingAccessNumber, amount { value, currency }, debtorAccountCode, debtorAccountParticulars, debtorAccountReference, creditorAccountCode, creditorAccountParticulars, creditorAccountReference, __typename, ... on Payment { paymentId, paymentInstructionCreationDateTime, paymentExecutionDateTime, initiatingAccessNumber, amount { value, currency }, debtorAccountNumber, debtorAccountCode, debtorAccountParticulars, debtorAccountReference, creditorAccountNumber, creditorAccountCode, creditorAccountParticulars, creditorAccountReference }, ... on UnsuccessfulPayment { paymentId, code, message, paymentInstructionCreationDateTime, initiatingAccessNumber, amount { value, currency }, debtorAccountNumber, debtorAccountCode, debtorAccountParticulars, debtorAccountReference, creditorAccountNumber, creditorAccountCode, creditorAccountParticulars, creditorAccountReference } } }
[2025-09-12 15:57:21 INF] Start processing HTTP request POST https://payments-pain-integrate.apps.97c0.cip-non-production.nonprod.internal.aws.kiwibank.co.nz/graphql
[2025-09-12 15:57:21 INF] Sending HTTP request POST https://payments-pain-integrate.apps.97c0.cip-non-production.nonprod.internal.aws.kiwibank.co.nz/graphql
[2025-09-12 15:57:21 INF] Received HTTP response headers after 23.4985ms - 200
[2025-09-12 15:57:21 INF] End processing HTTP request after 23.5664ms - 200
[2025-09-12 15:57:21 INF] {"errors":[{"message":"Validation failed.","locations":[{"line":1,"column":29}],"path":["initiateTransfer"],"extensions":{"code":"BAD_USER_INPUT","validationErrors":[{"property":"TransferInitiationRequest.Amount.Value","message":"Maximum 10 digits with 2 decimals."}]}],"data":null}



TestContext Messages:
Given an InitiateTransfer mutation is generated for DebtorAccountId lc_2ff00be3-5081-4171-8ba6-6f32f66ed70c and CreditorAccountId lc_a47b5129-4085-46b6-9f65-baf821fa6b94
-&gt; done: PainStepDefinitions.GivenAnInitiateTransferMutationIsGenerated("lc_2ff00be3-5081-...", "lc_a47b5129-4085-...") (0.0s)
And the transfer amount is set to 1.000
-&gt; done: PainStepDefinitions.GivenIUpdateTheTransferAmountToBe("1.000") (0.0s)
And a valid customers CIAM token is added to the request for the access number 6652627
-&gt; done: PainStepDefinitions.GivenAValidNZHLCiamTokenIsAddedToTheRequest("customers", "6652627") (0.6s)
When the request is sent
-&gt; done: PainStepDefinitions.WhenTheRequestIsSent() (0.0s)
Then the response code is 200
-&gt; done: PainStepDefinitions.ThenTheResponseCodeIs(200) (0.0s)
And the error response contains the fields:
  --- table step argument ---
  | Field                                              | Value                              |
  | $.errors[0].message                                | Validation failed.                 |
  | $.errors[0].path[0]                                | initiateTransfer                   |
  | $.errors[0].extensions.code                        | BAD_USER_INPUT                     |
  | $.errors[0].extensions.validationErrors[0].message | Maximum 10 digits with 2 decimals. |
-&gt; done: PainStepDefinitions.ThenTheErrorResponseContainsTheFields(&lt;table&gt;) (0.0s)</StdOut>
      </Output>
    </UnitTestResult>
    <UnitTestResult executionId="060e98a7-0afa-4d88-ab65-62facaaa3d94" testId="fe9c5d37-ecca-64ed-13c8-2129551698ca" testName="PainValidationOnTextFields (CreditorAccountParticulars invalid chars,CreditorAccountParticulars,!@#$%^&amp;*()-=,'Transfer Initiation Request Creditor Account Particulars' contains invalid characters.,)" computerName="ip-10-130-162-171" duration="00:00:00.8337319" startTime="2025-09-12T15:57:27.7219417+12:00" endTime="2025-09-12T15:57:28.5558485+12:00" testType="13cdc9d9-ddb5-4fa4-a97d-d965ccfc6d4b" outcome="Passed" testListId="8c84fa94-04c1-424b-9868-57a2d4851a1d" relativeResultsDirectory="060e98a7-0afa-4d88-ab65-62facaaa3d94">
      <Output>
        <StdOut>[2025-09-12 15:57:28 INF] mutation InitiateTransfer { initiateTransfer( idempotencyKey: "4d69237c-afed-405c-be87-a867a58b9339" transferDetails: { amount: { value: "1.00" currency: NZD } debtorAccountId: "lc_2ff00be3-5081-4171-8ba6-6f32f66ed70c" debtorAccountCode: "string" debtorAccountParticulars: "string" debtorAccountReference: "string" creditorAccountId: "lc_a47b5129-4085-46b6-9f65-baf821fa6b94" creditorAccountCode: "string" creditorAccountParticulars: "!@#$%^&amp;*()-=" creditorAccountReference: "string" } ) { debtorAccountNumber, creditorAccountNumber, paymentId, paymentInstructionCreationDateTime, initiatingAccessNumber, amount { value, currency }, debtorAccountCode, debtorAccountParticulars, debtorAccountReference, creditorAccountCode, creditorAccountParticulars, creditorAccountReference, __typename, ... on Payment { paymentId, paymentInstructionCreationDateTime, paymentExecutionDateTime, initiatingAccessNumber, amount { value, currency }, debtorAccountNumber, debtorAccountCode, debtorAccountParticulars, debtorAccountReference, creditorAccountNumber, creditorAccountCode, creditorAccountParticulars, creditorAccountReference }, ... on UnsuccessfulPayment { paymentId, code, message, paymentInstructionCreationDateTime, initiatingAccessNumber, amount { value, currency }, debtorAccountNumber, debtorAccountCode, debtorAccountParticulars, debtorAccountReference, creditorAccountNumber, creditorAccountCode, creditorAccountParticulars, creditorAccountReference } } }
[2025-09-12 15:57:28 INF] Start processing HTTP request POST https://payments-pain-integrate.apps.97c0.cip-non-production.nonprod.internal.aws.kiwibank.co.nz/graphql
[2025-09-12 15:57:28 INF] Sending HTTP request POST https://payments-pain-integrate.apps.97c0.cip-non-production.nonprod.internal.aws.kiwibank.co.nz/graphql
[2025-09-12 15:57:28 INF] Received HTTP response headers after 22.449ms - 200
[2025-09-12 15:57:28 INF] End processing HTTP request after 22.5273ms - 200
[2025-09-12 15:57:28 INF] {"errors":[{"message":"Validation failed.","locations":[{"line":1,"column":29}],"path":["initiateTransfer"],"extensions":{"code":"BAD_USER_INPUT","validationErrors":[{"property":"TransferInitiationRequest.CreditorAccountParticulars","message":"'Transfer Initiation Request Creditor Account Particulars' contains invalid characters."}]}],"data":null}



TestContext Messages:
Given a TransferInitiation is created for DebtorAccountId lc_2ff00be3-5081-4171-8ba6-6f32f66ed70c and CreditorAccountId lc_a47b5129-4085-46b6-9f65-baf821fa6b94
-&gt; done: PainStepDefinitions.GivenATransferInitiationIsCreatedFor("lc_2ff00be3-5081-...", "lc_a47b5129-4085-...") (0.0s)
And the field CreditorAccountParticulars is set to !@#$%^&amp;*()-=
-&gt; done: PainStepDefinitions.GivenTheFieldIsSetToEmpty("CreditorAccountPa...", "!@#$%^&amp;*()-=") (0.0s)
And an InitiateTransfer mutation is generated from the TransferInitiation
-&gt; done: PainStepDefinitions.GivenAnInitiateTransferMutationIsGeneratedFromTheTransferInitiation() (0.0s)
And a valid customers CIAM token is added to the request for the access number 6652627
-&gt; done: PainStepDefinitions.GivenAValidNZHLCiamTokenIsAddedToTheRequest("customers", "6652627") (0.8s)
When the request is sent
-&gt; done: PainStepDefinitions.WhenTheRequestIsSent() (0.0s)
Then the response code is 200
-&gt; done: PainStepDefinitions.ThenTheResponseCodeIs(200) (0.0s)
And the error response contains the fields:
  --- table step argument ---
  | Field                                              | Value                                                                                   |
  | $.errors[0].message                                | Validation failed.                                                                      |
  | $.errors[0].path[0]                                | initiateTransfer                                                                        |
  | $.errors[0].extensions.code                        | BAD_USER_INPUT                                                                          |
  | $.errors[0].extensions.validationErrors[0].message | 'Transfer Initiation Request Creditor Account Particulars' contains invalid characters. |
-&gt; done: PainStepDefinitions.ThenTheErrorResponseContainsTheFields(&lt;table&gt;) (0.0s)</StdOut>
      </Output>
    </UnitTestResult>
    <UnitTestResult executionId="b6c8f0fe-581a-4fc1-b0b0-d66e4b966c4e" testId="74b09c90-3d9e-74ad-7473-1d0412768359" testName="PainValidationOnAmounts (Amount has no digits before decimal,.00,Maximum 10 digits with 2 decimals.,)" computerName="ip-10-130-162-171" duration="00:00:00.6369936" startTime="2025-09-12T15:57:20.1525997+12:00" endTime="2025-09-12T15:57:20.7898620+12:00" testType="13cdc9d9-ddb5-4fa4-a97d-d965ccfc6d4b" outcome="Passed" testListId="8c84fa94-04c1-424b-9868-57a2d4851a1d" relativeResultsDirectory="b6c8f0fe-581a-4fc1-b0b0-d66e4b966c4e">
      <Output>
        <StdOut>[2025-09-12 15:57:20 INF] mutation InitiateTransfer { initiateTransfer( idempotencyKey: "8ad0551e-dc97-460e-ae60-0a4966c48e5c" transferDetails: { amount: { value: ".00" currency: NZD } debtorAccountId: "lc_2ff00be3-5081-4171-8ba6-6f32f66ed70c" debtorAccountCode: "string" debtorAccountParticulars: "string" debtorAccountReference: "string" creditorAccountId: "lc_a47b5129-4085-46b6-9f65-baf821fa6b94" creditorAccountCode: "string" creditorAccountParticulars: "string" creditorAccountReference: "string" } ) { debtorAccountNumber, creditorAccountNumber, paymentId, paymentInstructionCreationDateTime, initiatingAccessNumber, amount { value, currency }, debtorAccountCode, debtorAccountParticulars, debtorAccountReference, creditorAccountCode, creditorAccountParticulars, creditorAccountReference, __typename, ... on Payment { paymentId, paymentInstructionCreationDateTime, paymentExecutionDateTime, initiatingAccessNumber, amount { value, currency }, debtorAccountNumber, debtorAccountCode, debtorAccountParticulars, debtorAccountReference, creditorAccountNumber, creditorAccountCode, creditorAccountParticulars, creditorAccountReference }, ... on UnsuccessfulPayment { paymentId, code, message, paymentInstructionCreationDateTime, initiatingAccessNumber, amount { value, currency }, debtorAccountNumber, debtorAccountCode, debtorAccountParticulars, debtorAccountReference, creditorAccountNumber, creditorAccountCode, creditorAccountParticulars, creditorAccountReference } } }
[2025-09-12 15:57:20 INF] Start processing HTTP request POST https://payments-pain-integrate.apps.97c0.cip-non-production.nonprod.internal.aws.kiwibank.co.nz/graphql
[2025-09-12 15:57:20 INF] Sending HTTP request POST https://payments-pain-integrate.apps.97c0.cip-non-production.nonprod.internal.aws.kiwibank.co.nz/graphql
[2025-09-12 15:57:20 INF] Received HTTP response headers after 21.4913ms - 200
[2025-09-12 15:57:20 INF] End processing HTTP request after 21.5831ms - 200
[2025-09-12 15:57:20 INF] {"errors":[{"message":"Validation failed.","locations":[{"line":1,"column":29}],"path":["initiateTransfer"],"extensions":{"code":"BAD_USER_INPUT","validationErrors":[{"property":"TransferInitiationRequest.Amount.Value","message":"Maximum 10 digits with 2 decimals."}]}],"data":null}



TestContext Messages:
Given an InitiateTransfer mutation is generated for DebtorAccountId lc_2ff00be3-5081-4171-8ba6-6f32f66ed70c and CreditorAccountId lc_a47b5129-4085-46b6-9f65-baf821fa6b94
-&gt; done: PainStepDefinitions.GivenAnInitiateTransferMutationIsGenerated("lc_2ff00be3-5081-...", "lc_a47b5129-4085-...") (0.0s)
And the transfer amount is set to .00
-&gt; done: PainStepDefinitions.GivenIUpdateTheTransferAmountToBe(".00") (0.0s)
And a valid customers CIAM token is added to the request for the access number 6652627
-&gt; done: PainStepDefinitions.GivenAValidNZHLCiamTokenIsAddedToTheRequest("customers", "6652627") (0.6s)
When the request is sent
-&gt; done: PainStepDefinitions.WhenTheRequestIsSent() (0.0s)
Then the response code is 200
-&gt; done: PainStepDefinitions.ThenTheResponseCodeIs(200) (0.0s)
And the error response contains the fields:
  --- table step argument ---
  | Field                                              | Value                              |
  | $.errors[0].message                                | Validation failed.                 |
  | $.errors[0].path[0]                                | initiateTransfer                   |
  | $.errors[0].extensions.code                        | BAD_USER_INPUT                     |
  | $.errors[0].extensions.validationErrors[0].message | Maximum 10 digits with 2 decimals. |
-&gt; done: PainStepDefinitions.ThenTheErrorResponseContainsTheFields(&lt;table&gt;) (0.0s)</StdOut>
      </Output>
    </UnitTestResult>
    <UnitTestResult executionId="81e76244-0979-4b8d-ba5e-d0b723936764" testId="e9a26a91-eac5-ca31-c5b0-cf6f108ea4e1" testName="PainRejectsNzhl_CustomerTransfers" computerName="ip-10-130-162-171" duration="00:00:01.2804554" startTime="2025-09-12T15:54:59.7471307+12:00" endTime="2025-09-12T15:56:41.2909274+12:00" testType="13cdc9d9-ddb5-4fa4-a97d-d965ccfc6d4b" outcome="Passed" testListId="8c84fa94-04c1-424b-9868-57a2d4851a1d" relativeResultsDirectory="81e76244-0979-4b8d-ba5e-d0b723936764">
      <Output>
        <StdOut>-&gt; Loading plugin /codebuild/output/src563212923/src/Kiwibank-kb-cap-0cc8e8abec5297b8e3a35c2fcf6d6e0e0e42c0e0/services/pain/src/Testings.Integration/bin/Release/net8.0/Reqnroll.Microsoft.Extensions.DependencyInjection.ReqnrollPlugin.dll
-&gt; Loading plugin /codebuild/output/src563212923/src/Kiwibank-kb-cap-0cc8e8abec5297b8e3a35c2fcf6d6e0e0e42c0e0/services/pain/src/Testings.Integration/bin/Release/net8.0/Reqnroll.MSTest.ReqnrollPlugin.dll
-&gt; Loading plugin /codebuild/output/src563212923/src/Kiwibank-kb-cap-0cc8e8abec5297b8e3a35c2fcf6d6e0e0e42c0e0/services/pain/src/Testings.Integration/bin/Release/net8.0/Kiwibank.Payments.Pain.Testings.Integration.dll
-&gt; Using default config
Test environment integrate
[2025-09-12 15:56:41 INF] mutation InitiateTransfer { initiateTransfer( idempotencyKey: "751a70b9-39ef-47c3-8c7b-574767f81666" transferDetails: { amount: { value: "1.00" currency: NZD } debtorAccountId: "lc_2ff00be3-5081-4171-8ba6-6f32f66ed70c" debtorAccountCode: "string" debtorAccountParticulars: "string" debtorAccountReference: "string" creditorAccountId: "lc_a47b5129-4085-46b6-9f65-baf821fa6b94" creditorAccountCode: "string" creditorAccountParticulars: "string" creditorAccountReference: "string" } ) { debtorAccountNumber, creditorAccountNumber, paymentId, paymentInstructionCreationDateTime, initiatingAccessNumber, amount { value, currency }, debtorAccountCode, debtorAccountParticulars, debtorAccountReference, creditorAccountCode, creditorAccountParticulars, creditorAccountReference, __typename, ... on Payment { paymentId, paymentInstructionCreationDateTime, paymentExecutionDateTime, initiatingAccessNumber, amount { value, currency }, debtorAccountNumber, debtorAccountCode, debtorAccountParticulars, debtorAccountReference, creditorAccountNumber, creditorAccountCode, creditorAccountParticulars, creditorAccountReference }, ... on UnsuccessfulPayment { paymentId, code, message, paymentInstructionCreationDateTime, initiatingAccessNumber, amount { value, currency }, debtorAccountNumber, debtorAccountCode, debtorAccountParticulars, debtorAccountReference, creditorAccountNumber, creditorAccountCode, creditorAccountParticulars, creditorAccountReference } } }
[2025-09-12 15:56:41 INF] Start processing HTTP request POST https://payments-pain-integrate.apps.97c0.cip-non-production.nonprod.internal.aws.kiwibank.co.nz/graphql
[2025-09-12 15:56:41 INF] Sending HTTP request POST https://payments-pain-integrate.apps.97c0.cip-non-production.nonprod.internal.aws.kiwibank.co.nz/graphql
[2025-09-12 15:56:41 INF] Received HTTP response headers after 129.7302ms - 200
[2025-09-12 15:56:41 INF] End processing HTTP request after 142.9224ms - 200
[2025-09-12 15:56:41 INF] {"errors":[{"message":"NZHL customer transfers are not permitted.","locations":[{"line":1,"column":29}],"path":["initiateTransfer"],"extensions":{"code":"FORBIDDEN"}}],"data":null}



TestContext Messages:
Given an InitiateTransfer mutation is generated for DebtorAccountId lc_2ff00be3-5081-4171-8ba6-6f32f66ed70c and CreditorAccountId lc_a47b5129-4085-46b6-9f65-baf821fa6b94
-&gt; done: PainStepDefinitions.GivenAnInitiateTransferMutationIsGenerated("lc_2ff00be3-5081-...", "lc_a47b5129-4085-...") (0.0s)
And a valid NZHL-customers CIAM token is added to the request for the access number 707324
-&gt; done: PainStepDefinitions.GivenAValidNZHLCiamTokenIsAddedToTheRequest("NZHL-customers", "707324") (0.9s)
When the request is sent
-&gt; done: PainStepDefinitions.WhenTheRequestIsSent() (0.2s)
Then the response code is 200
-&gt; done: PainStepDefinitions.ThenTheResponseCodeIs(200) (0.0s)
And the error response contains the fields:
  --- table step argument ---
  | Field                       | Value                                      |
  | $.errors[0].message         | NZHL customer transfers are not permitted. |
  | $.errors[0].path[0]         | initiateTransfer                           |
  | $.errors[0].extensions.code | FORBIDDEN                                  |
-&gt; done: PainStepDefinitions.ThenTheErrorResponseContainsTheFields(&lt;table&gt;) (0.0s)</StdOut>
      </Output>
    </UnitTestResult>
    <UnitTestResult executionId="ed9752c9-ce2b-47ff-aeb9-2aaf917d449a" testId="ef4a22fb-2e86-67cf-febe-c41f2fefc4d5" testName="PainTransfersBusinessChecks (Not frozen to FreezeAgainstAllTellerAction,6430774,lc_fdb98252-d21d-4e3f-9511-b87f45a215f9,lc_9704fa28-b75c-4a15-a3f8-b4ea0f78f736,FROZEN_ACCOUNT,Creditor account has been frozen.,)" computerName="ip-10-130-162-171" duration="00:00:01.1564292" startTime="2025-09-12T15:56:56.0577544+12:00" endTime="2025-09-12T15:56:57.2145495+12:00" testType="13cdc9d9-ddb5-4fa4-a97d-d965ccfc6d4b" outcome="Passed" testListId="8c84fa94-04c1-424b-9868-57a2d4851a1d" relativeResultsDirectory="ed9752c9-ce2b-47ff-aeb9-2aaf917d449a">
      <Output>
        <StdOut>[2025-09-12 15:56:56 INF] mutation InitiateTransfer { initiateTransfer( idempotencyKey: "6a616de4-cdf3-4f79-8611-0c1dbd50db3f" transferDetails: { amount: { value: "1.00" currency: NZD } debtorAccountId: "lc_fdb98252-d21d-4e3f-9511-b87f45a215f9" debtorAccountCode: "string" debtorAccountParticulars: "string" debtorAccountReference: "string" creditorAccountId: "lc_9704fa28-b75c-4a15-a3f8-b4ea0f78f736" creditorAccountCode: "string" creditorAccountParticulars: "string" creditorAccountReference: "string" } ) { debtorAccountNumber, creditorAccountNumber, paymentId, paymentInstructionCreationDateTime, initiatingAccessNumber, amount { value, currency }, debtorAccountCode, debtorAccountParticulars, debtorAccountReference, creditorAccountCode, creditorAccountParticulars, creditorAccountReference, __typename, ... on Payment { paymentId, paymentInstructionCreationDateTime, paymentExecutionDateTime, initiatingAccessNumber, amount { value, currency }, debtorAccountNumber, debtorAccountCode, debtorAccountParticulars, debtorAccountReference, creditorAccountNumber, creditorAccountCode, creditorAccountParticulars, creditorAccountReference }, ... on UnsuccessfulPayment { paymentId, code, message, paymentInstructionCreationDateTime, initiatingAccessNumber, amount { value, currency }, debtorAccountNumber, debtorAccountCode, debtorAccountParticulars, debtorAccountReference, creditorAccountNumber, creditorAccountCode, creditorAccountParticulars, creditorAccountReference } } }
[2025-09-12 15:56:56 INF] Start processing HTTP request POST https://payments-pain-integrate.apps.97c0.cip-non-production.nonprod.internal.aws.kiwibank.co.nz/graphql
[2025-09-12 15:56:56 INF] Sending HTTP request POST https://payments-pain-integrate.apps.97c0.cip-non-production.nonprod.internal.aws.kiwibank.co.nz/graphql
[2025-09-12 15:56:57 INF] Received HTTP response headers after 373.9642ms - 200
[2025-09-12 15:56:57 INF] End processing HTTP request after 374.198ms - 200
[2025-09-12 15:56:57 INF] {"data":{"initiateTransfer":{"debtorAccountNumber":"389020084813001","creditorAccountNumber":"389020084813011","paymentId":"434eb344ecac4d9ea44e1bff96ce11d5","paymentInstructionCreationDateTime":"2025-09-12T03:56:57.208Z","initiatingAccessNumber":"6430774","amount":{"value":"1.00","currency":"NZD"},"debtorAccountCode":"string","debtorAccountParticulars":"string","debtorAccountReference":"string","creditorAccountCode":"string","creditorAccountParticulars":"string","creditorAccountReference":"string","__typename":"UnsuccessfulPayment","code":"FROZEN_ACCOUNT","message":"Creditor account has been frozen."}}



TestContext Messages:
Given an InitiateTransfer mutation is generated for DebtorAccountId lc_fdb98252-d21d-4e3f-9511-b87f45a215f9 and CreditorAccountId lc_9704fa28-b75c-4a15-a3f8-b4ea0f78f736
-&gt; done: PainStepDefinitions.GivenAnInitiateTransferMutationIsGenerated("lc_fdb98252-d21d-...", "lc_9704fa28-b75c-...") (0.0s)
And a valid customers CIAM token is added to the request for the access number 6430774
-&gt; done: PainStepDefinitions.GivenAValidNZHLCiamTokenIsAddedToTheRequest("customers", "6430774") (0.8s)
When the request is sent
-&gt; done: PainStepDefinitions.WhenTheRequestIsSent() (0.4s)
Then the response code is 200
-&gt; done: PainStepDefinitions.ThenTheResponseCodeIs(200) (0.0s)
And the response contains the fields:
  --- table step argument ---
  | Field                              | Value                             |
  | __typename                         | UnsuccessfulPayment               |
  | debtorAccountNumber                |                                   |
  | creditorAccountNumber              |                                   |
  | paymentId                          | *                                 |
  | paymentInstructionCreationDateTime | *                                 |
  | initiatingAccessNumber             | *                                 |
  | debtorAccountCode                  | *                                 |
  | debtorAccountParticulars           | *                                 |
  | debtorAccountReference             | *                                 |
  | creditorAccountCode                | *                                 |
  | creditorAccountParticulars         | *                                 |
  | creditorAccountReference           | *                                 |
  | amount                             | *                                 |
  | code                               | FROZEN_ACCOUNT                    |
  | message                            | Creditor account has been frozen. |
-&gt; done: PainStepDefinitions.ThenTheResponseContainsTheFields(&lt;table&gt;) (0.0s)</StdOut>
      </Output>
    </UnitTestResult>
    <UnitTestResult executionId="abb32a0c-1013-4da6-aa0e-31a2ef2cb59d" testId="a200c054-3842-14ad-ed44-d1af0e0e89a1" testName="PainValidationOnTextFields (CreditorAccountParticulars 13 chars,CreditorAccountParticulars,1234567890123,The length of 'Transfer Initiation Request Creditor Account Particulars' must be 12 characters or fewer. You entered 13 characters.,)" computerName="ip-10-130-162-171" duration="00:00:00.6447883" startTime="2025-09-12T15:57:27.0768936+12:00" endTime="2025-09-12T15:57:27.7218779+12:00" testType="13cdc9d9-ddb5-4fa4-a97d-d965ccfc6d4b" outcome="Passed" testListId="8c84fa94-04c1-424b-9868-57a2d4851a1d" relativeResultsDirectory="abb32a0c-1013-4da6-aa0e-31a2ef2cb59d">
      <Output>
        <StdOut>[2025-09-12 15:57:27 INF] mutation InitiateTransfer { initiateTransfer( idempotencyKey: "887d9ab0-9dc5-4bbb-94d5-af42a0a054cf" transferDetails: { amount: { value: "1.00" currency: NZD } debtorAccountId: "lc_2ff00be3-5081-4171-8ba6-6f32f66ed70c" debtorAccountCode: "string" debtorAccountParticulars: "string" debtorAccountReference: "string" creditorAccountId: "lc_a47b5129-4085-46b6-9f65-baf821fa6b94" creditorAccountCode: "string" creditorAccountParticulars: "1234567890123" creditorAccountReference: "string" } ) { debtorAccountNumber, creditorAccountNumber, paymentId, paymentInstructionCreationDateTime, initiatingAccessNumber, amount { value, currency }, debtorAccountCode, debtorAccountParticulars, debtorAccountReference, creditorAccountCode, creditorAccountParticulars, creditorAccountReference, __typename, ... on Payment { paymentId, paymentInstructionCreationDateTime, paymentExecutionDateTime, initiatingAccessNumber, amount { value, currency }, debtorAccountNumber, debtorAccountCode, debtorAccountParticulars, debtorAccountReference, creditorAccountNumber, creditorAccountCode, creditorAccountParticulars, creditorAccountReference }, ... on UnsuccessfulPayment { paymentId, code, message, paymentInstructionCreationDateTime, initiatingAccessNumber, amount { value, currency }, debtorAccountNumber, debtorAccountCode, debtorAccountParticulars, debtorAccountReference, creditorAccountNumber, creditorAccountCode, creditorAccountParticulars, creditorAccountReference } } }
[2025-09-12 15:57:27 INF] Start processing HTTP request POST https://payments-pain-integrate.apps.97c0.cip-non-production.nonprod.internal.aws.kiwibank.co.nz/graphql
[2025-09-12 15:57:27 INF] Sending HTTP request POST https://payments-pain-integrate.apps.97c0.cip-non-production.nonprod.internal.aws.kiwibank.co.nz/graphql
[2025-09-12 15:57:27 INF] Received HTTP response headers after 28.2877ms - 200
[2025-09-12 15:57:27 INF] End processing HTTP request after 28.3773ms - 200
[2025-09-12 15:57:27 INF] {"errors":[{"message":"Validation failed.","locations":[{"line":1,"column":29}],"path":["initiateTransfer"],"extensions":{"code":"BAD_USER_INPUT","validationErrors":[{"property":"TransferInitiationRequest.CreditorAccountParticulars","message":"The length of 'Transfer Initiation Request Creditor Account Particulars' must be 12 characters or fewer. You entered 13 characters."}]}],"data":null}



TestContext Messages:
Given a TransferInitiation is created for DebtorAccountId lc_2ff00be3-5081-4171-8ba6-6f32f66ed70c and CreditorAccountId lc_a47b5129-4085-46b6-9f65-baf821fa6b94
-&gt; done: PainStepDefinitions.GivenATransferInitiationIsCreatedFor("lc_2ff00be3-5081-...", "lc_a47b5129-4085-...") (0.0s)
And the field CreditorAccountParticulars is set to 1234567890123
-&gt; done: PainStepDefinitions.GivenTheFieldIsSetToEmpty("CreditorAccountPa...", "1234567890123") (0.0s)
And an InitiateTransfer mutation is generated from the TransferInitiation
-&gt; done: PainStepDefinitions.GivenAnInitiateTransferMutationIsGeneratedFromTheTransferInitiation() (0.0s)
And a valid customers CIAM token is added to the request for the access number 6652627
-&gt; done: PainStepDefinitions.GivenAValidNZHLCiamTokenIsAddedToTheRequest("customers", "6652627") (0.6s)
When the request is sent
-&gt; done: PainStepDefinitions.WhenTheRequestIsSent() (0.0s)
Then the response code is 200
-&gt; done: PainStepDefinitions.ThenTheResponseCodeIs(200) (0.0s)
And the error response contains the fields:
  --- table step argument ---
  | Field                                              | Value                                                                                                                               |
  | $.errors[0].message                                | Validation failed.                                                                                                                  |
  | $.errors[0].path[0]                                | initiateTransfer                                                                                                                    |
  | $.errors[0].extensions.code                        | BAD_USER_INPUT                                                                                                                      |
  | $.errors[0].extensions.validationErrors[0].message | The length of 'Transfer Initiation Request Creditor Account Particulars' must be 12 characters or fewer. You entered 13 characters. |
-&gt; done: PainStepDefinitions.ThenTheErrorResponseContainsTheFields(&lt;table&gt;) (0.0s)</StdOut>
      </Output>
    </UnitTestResult>
    <UnitTestResult executionId="a490c4c1-234b-4725-80d8-63309cda8ca7" testId="29965302-c4f8-21de-b5ef-363db8042454" testName="PainTransfersIdempotencySuccessfulPaymentGivesSuccessfulPaymentForSameIdempotencyCombo" computerName="ip-10-130-162-171" duration="00:00:02.0264833" startTime="2025-09-12T15:57:06.2866876+12:00" endTime="2025-09-12T15:57:08.3138261+12:00" testType="13cdc9d9-ddb5-4fa4-a97d-d965ccfc6d4b" outcome="Passed" testListId="8c84fa94-04c1-424b-9868-57a2d4851a1d" relativeResultsDirectory="a490c4c1-234b-4725-80d8-63309cda8ca7">
      <Output>
        <StdOut>[2025-09-12 15:57:07 INF] mutation InitiateTransfer { initiateTransfer( idempotencyKey: "8a59d64a-5dc0-4f60-b5f9-fb8af785a6a5" transferDetails: { amount: { value: "1.00" currency: NZD } debtorAccountId: "lc_2ff00be3-5081-4171-8ba6-6f32f66ed70c" debtorAccountCode: "string" debtorAccountParticulars: "string" debtorAccountReference: "string" creditorAccountId: "lc_a47b5129-4085-46b6-9f65-baf821fa6b94" creditorAccountCode: "string" creditorAccountParticulars: "string" creditorAccountReference: "string" } ) { debtorAccountNumber, creditorAccountNumber, paymentId, paymentInstructionCreationDateTime, initiatingAccessNumber, amount { value, currency }, debtorAccountCode, debtorAccountParticulars, debtorAccountReference, creditorAccountCode, creditorAccountParticulars, creditorAccountReference, __typename, ... on Payment { paymentId, paymentInstructionCreationDateTime, paymentExecutionDateTime, initiatingAccessNumber, amount { value, currency }, debtorAccountNumber, debtorAccountCode, debtorAccountParticulars, debtorAccountReference, creditorAccountNumber, creditorAccountCode, creditorAccountParticulars, creditorAccountReference }, ... on UnsuccessfulPayment { paymentId, code, message, paymentInstructionCreationDateTime, initiatingAccessNumber, amount { value, currency }, debtorAccountNumber, debtorAccountCode, debtorAccountParticulars, debtorAccountReference, creditorAccountNumber, creditorAccountCode, creditorAccountParticulars, creditorAccountReference } } }
[2025-09-12 15:57:07 INF] Start processing HTTP request POST https://payments-pain-integrate.apps.97c0.cip-non-production.nonprod.internal.aws.kiwibank.co.nz/graphql
[2025-09-12 15:57:07 INF] Sending HTTP request POST https://payments-pain-integrate.apps.97c0.cip-non-production.nonprod.internal.aws.kiwibank.co.nz/graphql
[2025-09-12 15:57:07 INF] Received HTTP response headers after 708.6493ms - 200
[2025-09-12 15:57:07 INF] End processing HTTP request after 708.7802ms - 200
[2025-09-12 15:57:07 INF] {"data":{"initiateTransfer":{"debtorAccountNumber":"389023045175300","creditorAccountNumber":"389023045175303","paymentId":"8934542486a346fd9eb638af500fcc5f","paymentInstructionCreationDateTime":"2025-09-12T03:57:07.579Z","initiatingAccessNumber":"6652627","amount":{"value":"1.00","currency":"NZD"},"debtorAccountCode":"string","debtorAccountParticulars":"string","debtorAccountReference":"string","creditorAccountCode":"string","creditorAccountParticulars":"string","creditorAccountReference":"string","__typename":"Payment","paymentExecutionDateTime":"2025-09-12T03:57:07.773Z"}}
[2025-09-12 15:57:07 INF] mutation InitiateTransfer { initiateTransfer( idempotencyKey: "8a59d64a-5dc0-4f60-b5f9-fb8af785a6a5" transferDetails: { amount: { value: "10.00" currency: NZD } debtorAccountId: "lc_2ff00be3-5081-4171-8ba6-6f32f66ed70c" debtorAccountCode: "string" debtorAccountParticulars: "string" debtorAccountReference: "string" creditorAccountId: "lc_a47b5129-4085-46b6-9f65-baf821fa6b94" creditorAccountCode: "string" creditorAccountParticulars: "string" creditorAccountReference: "string" } ) { debtorAccountNumber, creditorAccountNumber, paymentId, paymentInstructionCreationDateTime, initiatingAccessNumber, amount { value, currency }, debtorAccountCode, debtorAccountParticulars, debtorAccountReference, creditorAccountCode, creditorAccountParticulars, creditorAccountReference, __typename, ... on Payment { paymentId, paymentInstructionCreationDateTime, paymentExecutionDateTime, initiatingAccessNumber, amount { value, currency }, debtorAccountNumber, debtorAccountCode, debtorAccountParticulars, debtorAccountReference, creditorAccountNumber, creditorAccountCode, creditorAccountParticulars, creditorAccountReference }, ... on UnsuccessfulPayment { paymentId, code, message, paymentInstructionCreationDateTime, initiatingAccessNumber, amount { value, currency }, debtorAccountNumber, debtorAccountCode, debtorAccountParticulars, debtorAccountReference, creditorAccountNumber, creditorAccountCode, creditorAccountParticulars, creditorAccountReference } } }
[2025-09-12 15:57:07 INF] Start processing HTTP request POST https://payments-pain-integrate.apps.97c0.cip-non-production.nonprod.internal.aws.kiwibank.co.nz/graphql
[2025-09-12 15:57:07 INF] Sending HTTP request POST https://payments-pain-integrate.apps.97c0.cip-non-production.nonprod.internal.aws.kiwibank.co.nz/graphql
[2025-09-12 15:57:08 INF] Received HTTP response headers after 524.2752ms - 200
[2025-09-12 15:57:08 INF] End processing HTTP request after 524.3724ms - 200
[2025-09-12 15:57:08 INF] {"data":{"initiateTransfer":{"debtorAccountNumber":"389023045175300","creditorAccountNumber":"389023045175303","paymentId":"8934542486a346fd9eb638af500fcc5f","paymentInstructionCreationDateTime":"2025-09-12T03:57:07.579Z","initiatingAccessNumber":"6652627","amount":{"value":"1.00","currency":"NZD"},"debtorAccountCode":"string","debtorAccountParticulars":"string","debtorAccountReference":"string","creditorAccountCode":"string","creditorAccountParticulars":"string","creditorAccountReference":"string","__typename":"Payment","paymentExecutionDateTime":"2025-09-12T03:57:07.773Z"}}



TestContext Messages:
Given an InitiateTransfer mutation is generated for DebtorAccountId lc_2ff00be3-5081-4171-8ba6-6f32f66ed70c and CreditorAccountId lc_a47b5129-4085-46b6-9f65-baf821fa6b94
-&gt; done: PainStepDefinitions.GivenAnInitiateTransferMutationIsGenerated("lc_2ff00be3-5081-...", "lc_a47b5129-4085-...") (0.0s)
And a valid customers CIAM token is added to the request for the access number 6652627
-&gt; done: PainStepDefinitions.GivenAValidNZHLCiamTokenIsAddedToTheRequest("customers", "6652627") (0.8s)
And the request is sent
-&gt; done: PainStepDefinitions.WhenTheRequestIsSent() (0.7s)
And the response code is 200
-&gt; done: PainStepDefinitions.ThenTheResponseCodeIs(200) (0.0s)
And the response contains the fields:
  --- table step argument ---
  | Field      | Value   |
  | __typename | Payment |
-&gt; done: PainStepDefinitions.ThenTheResponseContainsTheFields(&lt;table&gt;) (0.0s)
When the mutation is updated to have the amount of 10.00
-&gt; done: PainStepDefinitions.GivenTheMutationIsUpdatedToHaveTheAmountOf("10.00") (0.0s)
And the request is sent again
-&gt; done: PainStepDefinitions.WhenTheRequestIsSentAgain() (0.5s)
Then the response code is 200
-&gt; done: PainStepDefinitions.ThenTheResponseCodeIs(200) (0.0s)
And the response contains the fields:
  --- table step argument ---
  | Field      | Value   |
  | __typename | Payment |
-&gt; done: PainStepDefinitions.ThenTheResponseContainsTheFields(&lt;table&gt;) (0.0s)
And the new response matches the original response
-&gt; done: PainStepDefinitions.ThenTheNewResponseMatchesTheOriginalResponse() (0.0s)</StdOut>
      </Output>
    </UnitTestResult>
    <UnitTestResult executionId="b066166c-8b23-41a2-b342-2bc54a63fd66" testId="64a25a6e-9a5a-3006-cd96-befeabea82f6" testName="PainValidationOnTextFields (DebtorAccountCode 13 chars,DebtorAccountCode,1234567890123,The length of 'Transfer Initiation Request Debtor Account Code' must be 12 characters or fewer. You entered 13 characters.,)" computerName="ip-10-130-162-171" duration="00:00:00.6366240" startTime="2025-09-12T15:57:24.3809802+12:00" endTime="2025-09-12T15:57:25.0178373+12:00" testType="13cdc9d9-ddb5-4fa4-a97d-d965ccfc6d4b" outcome="Passed" testListId="8c84fa94-04c1-424b-9868-57a2d4851a1d" relativeResultsDirectory="b066166c-8b23-41a2-b342-2bc54a63fd66">
      <Output>
        <StdOut>[2025-09-12 15:57:24 INF] mutation InitiateTransfer { initiateTransfer( idempotencyKey: "3125b773-f8e3-4aa0-b610-a17ccd09aadf" transferDetails: { amount: { value: "1.00" currency: NZD } debtorAccountId: "lc_2ff00be3-5081-4171-8ba6-6f32f66ed70c" debtorAccountCode: "1234567890123" debtorAccountParticulars: "string" debtorAccountReference: "string" creditorAccountId: "lc_a47b5129-4085-46b6-9f65-baf821fa6b94" creditorAccountCode: "string" creditorAccountParticulars: "string" creditorAccountReference: "string" } ) { debtorAccountNumber, creditorAccountNumber, paymentId, paymentInstructionCreationDateTime, initiatingAccessNumber, amount { value, currency }, debtorAccountCode, debtorAccountParticulars, debtorAccountReference, creditorAccountCode, creditorAccountParticulars, creditorAccountReference, __typename, ... on Payment { paymentId, paymentInstructionCreationDateTime, paymentExecutionDateTime, initiatingAccessNumber, amount { value, currency }, debtorAccountNumber, debtorAccountCode, debtorAccountParticulars, debtorAccountReference, creditorAccountNumber, creditorAccountCode, creditorAccountParticulars, creditorAccountReference }, ... on UnsuccessfulPayment { paymentId, code, message, paymentInstructionCreationDateTime, initiatingAccessNumber, amount { value, currency }, debtorAccountNumber, debtorAccountCode, debtorAccountParticulars, debtorAccountReference, creditorAccountNumber, creditorAccountCode, creditorAccountParticulars, creditorAccountReference } } }
[2025-09-12 15:57:24 INF] Start processing HTTP request POST https://payments-pain-integrate.apps.97c0.cip-non-production.nonprod.internal.aws.kiwibank.co.nz/graphql
[2025-09-12 15:57:24 INF] Sending HTTP request POST https://payments-pain-integrate.apps.97c0.cip-non-production.nonprod.internal.aws.kiwibank.co.nz/graphql
[2025-09-12 15:57:25 INF] Received HTTP response headers after 21.5945ms - 200
[2025-09-12 15:57:25 INF] End processing HTTP request after 21.6657ms - 200
[2025-09-12 15:57:25 INF] {"errors":[{"message":"Validation failed.","locations":[{"line":1,"column":29}],"path":["initiateTransfer"],"extensions":{"code":"BAD_USER_INPUT","validationErrors":[{"property":"TransferInitiationRequest.DebtorAccountCode","message":"The length of 'Transfer Initiation Request Debtor Account Code' must be 12 characters or fewer. You entered 13 characters."}]}],"data":null}



TestContext Messages:
Given a TransferInitiation is created for DebtorAccountId lc_2ff00be3-5081-4171-8ba6-6f32f66ed70c and CreditorAccountId lc_a47b5129-4085-46b6-9f65-baf821fa6b94
-&gt; done: PainStepDefinitions.GivenATransferInitiationIsCreatedFor("lc_2ff00be3-5081-...", "lc_a47b5129-4085-...") (0.0s)
And the field DebtorAccountCode is set to 1234567890123
-&gt; done: PainStepDefinitions.GivenTheFieldIsSetToEmpty("DebtorAccountCode", "1234567890123") (0.0s)
And an InitiateTransfer mutation is generated from the TransferInitiation
-&gt; done: PainStepDefinitions.GivenAnInitiateTransferMutationIsGeneratedFromTheTransferInitiation() (0.0s)
And a valid customers CIAM token is added to the request for the access number 6652627
-&gt; done: PainStepDefinitions.GivenAValidNZHLCiamTokenIsAddedToTheRequest("customers", "6652627") (0.6s)
When the request is sent
-&gt; done: PainStepDefinitions.WhenTheRequestIsSent() (0.0s)
Then the response code is 200
-&gt; done: PainStepDefinitions.ThenTheResponseCodeIs(200) (0.0s)
And the error response contains the fields:
  --- table step argument ---
  | Field                                              | Value                                                                                                                      |
  | $.errors[0].message                                | Validation failed.                                                                                                         |
  | $.errors[0].path[0]                                | initiateTransfer                                                                                                           |
  | $.errors[0].extensions.code                        | BAD_USER_INPUT                                                                                                             |
  | $.errors[0].extensions.validationErrors[0].message | The length of 'Transfer Initiation Request Debtor Account Code' must be 12 characters or fewer. You entered 13 characters. |
-&gt; done: PainStepDefinitions.ThenTheErrorResponseContainsTheFields(&lt;table&gt;) (0.0s)</StdOut>
      </Output>
    </UnitTestResult>
    <UnitTestResult executionId="9f8c4368-3769-4a14-9478-d7b6996e1c26" testId="e340cbb9-e570-bc64-ac30-4fe59dd3e191" testName="PainValidationOnAccountNumbers (Debtor ID too long,lc_2ff00be3-5081-4171-8ba6-6f32f66ed70c123,lc_a47b5129-4085-46b6-9f65-baf821fa6b94,'Transfer Initiation Request Debtor Account Id' must be between 1 and 40 characters. You entered 42 characters.,$.errors[0].extensions.validationErrors[0].message,)" computerName="ip-10-130-162-171" duration="00:00:00.6955921" startTime="2025-09-12T15:57:13.2450783+12:00" endTime="2025-09-12T15:57:13.9408465+12:00" testType="13cdc9d9-ddb5-4fa4-a97d-d965ccfc6d4b" outcome="Passed" testListId="8c84fa94-04c1-424b-9868-57a2d4851a1d" relativeResultsDirectory="9f8c4368-3769-4a14-9478-d7b6996e1c26">
      <Output>
        <StdOut>[2025-09-12 15:57:13 INF] mutation InitiateTransfer { initiateTransfer( idempotencyKey: "1c863cae-c0a3-4dbb-852a-ca812c52f80c" transferDetails: { amount: { value: "1.00" currency: NZD } debtorAccountId: "lc_2ff00be3-5081-4171-8ba6-6f32f66ed70c123" debtorAccountCode: "string" debtorAccountParticulars: "string" debtorAccountReference: "string" creditorAccountId: "lc_a47b5129-4085-46b6-9f65-baf821fa6b94" creditorAccountCode: "string" creditorAccountParticulars: "string" creditorAccountReference: "string" } ) { debtorAccountNumber, creditorAccountNumber, paymentId, paymentInstructionCreationDateTime, initiatingAccessNumber, amount { value, currency }, debtorAccountCode, debtorAccountParticulars, debtorAccountReference, creditorAccountCode, creditorAccountParticulars, creditorAccountReference, __typename, ... on Payment { paymentId, paymentInstructionCreationDateTime, paymentExecutionDateTime, initiatingAccessNumber, amount { value, currency }, debtorAccountNumber, debtorAccountCode, debtorAccountParticulars, debtorAccountReference, creditorAccountNumber, creditorAccountCode, creditorAccountParticulars, creditorAccountReference }, ... on UnsuccessfulPayment { paymentId, code, message, paymentInstructionCreationDateTime, initiatingAccessNumber, amount { value, currency }, debtorAccountNumber, debtorAccountCode, debtorAccountParticulars, debtorAccountReference, creditorAccountNumber, creditorAccountCode, creditorAccountParticulars, creditorAccountReference } } }
[2025-09-12 15:57:13 INF] Start processing HTTP request POST https://payments-pain-integrate.apps.97c0.cip-non-production.nonprod.internal.aws.kiwibank.co.nz/graphql
[2025-09-12 15:57:13 INF] Sending HTTP request POST https://payments-pain-integrate.apps.97c0.cip-non-production.nonprod.internal.aws.kiwibank.co.nz/graphql
[2025-09-12 15:57:13 INF] Received HTTP response headers after 103.0281ms - 200
[2025-09-12 15:57:13 INF] End processing HTTP request after 103.1145ms - 200
[2025-09-12 15:57:13 INF] {"errors":[{"message":"Validation failed.","locations":[{"line":1,"column":29}],"path":["initiateTransfer"],"extensions":{"code":"BAD_USER_INPUT","validationErrors":[{"property":"TransferInitiationRequest.DebtorAccountId","message":"'Transfer Initiation Request Debtor Account Id' must be between 1 and 40 characters. You entered 42 characters."}]}],"data":null}



TestContext Messages:
Given an InitiateTransfer mutation is generated for DebtorAccountId lc_2ff00be3-5081-4171-8ba6-6f32f66ed70c123 and CreditorAccountId lc_a47b5129-4085-46b6-9f65-baf821fa6b94
-&gt; done: PainStepDefinitions.GivenAnInitiateTransferMutationIsGenerated("lc_2ff00be3-5081-...", "lc_a47b5129-4085-...") (0.0s)
And a valid customers CIAM token is added to the request for the access number 6652627
-&gt; done: PainStepDefinitions.GivenAValidNZHLCiamTokenIsAddedToTheRequest("customers", "6652627") (0.6s)
When the request is sent
-&gt; done: PainStepDefinitions.WhenTheRequestIsSent() (0.1s)
Then the response code is 200
-&gt; done: PainStepDefinitions.ThenTheResponseCodeIs(200) (0.0s)
And the error response contains the fields:
  --- table step argument ---
  | Field                                              | Value                                                                                                           |
  | $.errors[0].message                                | Validation failed.                                                                                              |
  | $.errors[0].path[0]                                | initiateTransfer                                                                                                |
  | $.errors[0].extensions.code                        | BAD_USER_INPUT                                                                                                  |
  | $.errors[0].extensions.validationErrors[0].message | 'Transfer Initiation Request Debtor Account Id' must be between 1 and 40 characters. You entered 42 characters. |
-&gt; done: PainStepDefinitions.ThenTheErrorResponseContainsTheFields(&lt;table&gt;) (0.0s)</StdOut>
      </Output>
    </UnitTestResult>
    <UnitTestResult executionId="877f6747-8b90-4846-8e5d-4d9f118596b6" testId="09dc3aa6-6a31-47d8-ad1e-e8ae4f72c491" testName="PainValidationOnTextFields (DebtorAccountParticulars invalid chars,DebtorAccountParticulars,!@#$%^&amp;*()-=,'Transfer Initiation Request Debtor Account Particulars' contains invalid characters.,)" computerName="ip-10-130-162-171" duration="00:00:00.8349155" startTime="2025-09-12T15:57:23.5457875+12:00" endTime="2025-09-12T15:57:24.3808924+12:00" testType="13cdc9d9-ddb5-4fa4-a97d-d965ccfc6d4b" outcome="Passed" testListId="8c84fa94-04c1-424b-9868-57a2d4851a1d" relativeResultsDirectory="877f6747-8b90-4846-8e5d-4d9f118596b6">
      <Output>
        <StdOut>[2025-09-12 15:57:24 INF] mutation InitiateTransfer { initiateTransfer( idempotencyKey: "1d5ec19d-56c7-4eba-9524-5c73c1ed1145" transferDetails: { amount: { value: "1.00" currency: NZD } debtorAccountId: "lc_2ff00be3-5081-4171-8ba6-6f32f66ed70c" debtorAccountCode: "string" debtorAccountParticulars: "!@#$%^&amp;*()-=" debtorAccountReference: "string" creditorAccountId: "lc_a47b5129-4085-46b6-9f65-baf821fa6b94" creditorAccountCode: "string" creditorAccountParticulars: "string" creditorAccountReference: "string" } ) { debtorAccountNumber, creditorAccountNumber, paymentId, paymentInstructionCreationDateTime, initiatingAccessNumber, amount { value, currency }, debtorAccountCode, debtorAccountParticulars, debtorAccountReference, creditorAccountCode, creditorAccountParticulars, creditorAccountReference, __typename, ... on Payment { paymentId, paymentInstructionCreationDateTime, paymentExecutionDateTime, initiatingAccessNumber, amount { value, currency }, debtorAccountNumber, debtorAccountCode, debtorAccountParticulars, debtorAccountReference, creditorAccountNumber, creditorAccountCode, creditorAccountParticulars, creditorAccountReference }, ... on UnsuccessfulPayment { paymentId, code, message, paymentInstructionCreationDateTime, initiatingAccessNumber, amount { value, currency }, debtorAccountNumber, debtorAccountCode, debtorAccountParticulars, debtorAccountReference, creditorAccountNumber, creditorAccountCode, creditorAccountParticulars, creditorAccountReference } } }
[2025-09-12 15:57:24 INF] Start processing HTTP request POST https://payments-pain-integrate.apps.97c0.cip-non-production.nonprod.internal.aws.kiwibank.co.nz/graphql
[2025-09-12 15:57:24 INF] Sending HTTP request POST https://payments-pain-integrate.apps.97c0.cip-non-production.nonprod.internal.aws.kiwibank.co.nz/graphql
[2025-09-12 15:57:24 INF] Received HTTP response headers after 26.179ms - 200
[2025-09-12 15:57:24 INF] End processing HTTP request after 26.2727ms - 200
[2025-09-12 15:57:24 INF] {"errors":[{"message":"Validation failed.","locations":[{"line":1,"column":29}],"path":["initiateTransfer"],"extensions":{"code":"BAD_USER_INPUT","validationErrors":[{"property":"TransferInitiationRequest.DebtorAccountParticulars","message":"'Transfer Initiation Request Debtor Account Particulars' contains invalid characters."}]}],"data":null}



TestContext Messages:
Given a TransferInitiation is created for DebtorAccountId lc_2ff00be3-5081-4171-8ba6-6f32f66ed70c and CreditorAccountId lc_a47b5129-4085-46b6-9f65-baf821fa6b94
-&gt; done: PainStepDefinitions.GivenATransferInitiationIsCreatedFor("lc_2ff00be3-5081-...", "lc_a47b5129-4085-...") (0.0s)
And the field DebtorAccountParticulars is set to !@#$%^&amp;*()-=
-&gt; done: PainStepDefinitions.GivenTheFieldIsSetToEmpty("DebtorAccountPart...", "!@#$%^&amp;*()-=") (0.0s)
And an InitiateTransfer mutation is generated from the TransferInitiation
-&gt; done: PainStepDefinitions.GivenAnInitiateTransferMutationIsGeneratedFromTheTransferInitiation() (0.0s)
And a valid customers CIAM token is added to the request for the access number 6652627
-&gt; done: PainStepDefinitions.GivenAValidNZHLCiamTokenIsAddedToTheRequest("customers", "6652627") (0.8s)
When the request is sent
-&gt; done: PainStepDefinitions.WhenTheRequestIsSent() (0.0s)
Then the response code is 200
-&gt; done: PainStepDefinitions.ThenTheResponseCodeIs(200) (0.0s)
And the error response contains the fields:
  --- table step argument ---
  | Field                                              | Value                                                                                 |
  | $.errors[0].message                                | Validation failed.                                                                    |
  | $.errors[0].path[0]                                | initiateTransfer                                                                      |
  | $.errors[0].extensions.code                        | BAD_USER_INPUT                                                                        |
  | $.errors[0].extensions.validationErrors[0].message | 'Transfer Initiation Request Debtor Account Particulars' contains invalid characters. |
-&gt; done: PainStepDefinitions.ThenTheErrorResponseContainsTheFields(&lt;table&gt;) (0.0s)</StdOut>
      </Output>
    </UnitTestResult>
    <UnitTestResult executionId="79b691cd-170f-4c1e-b9a3-2e3725ddbd0a" testId="3531a168-72f2-fca1-6ff3-3d6784600278" testName="PainTransfersCoreCombosHappyPaths (LegacyCore to LegacyCore,6652627,lc_2ff00be3-5081-4171-8ba6-6f32f66ed70c,lc_a47b5129-4085-46b6-9f65-baf821fa6b94,)" computerName="ip-10-130-162-171" duration="00:00:02.5476484" startTime="2025-09-12T15:56:43.6065549+12:00" endTime="2025-09-12T15:56:46.1590233+12:00" testType="13cdc9d9-ddb5-4fa4-a97d-d965ccfc6d4b" outcome="Passed" testListId="8c84fa94-04c1-424b-9868-57a2d4851a1d" relativeResultsDirectory="79b691cd-170f-4c1e-b9a3-2e3725ddbd0a">
      <Output>
        <StdOut>[2025-09-12 15:56:44 INF] mutation InitiateTransfer { initiateTransfer( idempotencyKey: "cd0f5ebd-95b8-4b2a-9095-1495aa2d5a59" transferDetails: { amount: { value: "1.00" currency: NZD } debtorAccountId: "lc_2ff00be3-5081-4171-8ba6-6f32f66ed70c" debtorAccountCode: "string" debtorAccountParticulars: "string" debtorAccountReference: "string" creditorAccountId: "lc_a47b5129-4085-46b6-9f65-baf821fa6b94" creditorAccountCode: "string" creditorAccountParticulars: "string" creditorAccountReference: "string" } ) { debtorAccountNumber, creditorAccountNumber, paymentId, paymentInstructionCreationDateTime, initiatingAccessNumber, amount { value, currency }, debtorAccountCode, debtorAccountParticulars, debtorAccountReference, creditorAccountCode, creditorAccountParticulars, creditorAccountReference, __typename, ... on Payment { paymentId, paymentInstructionCreationDateTime, paymentExecutionDateTime, initiatingAccessNumber, amount { value, currency }, debtorAccountNumber, debtorAccountCode, debtorAccountParticulars, debtorAccountReference, creditorAccountNumber, creditorAccountCode, creditorAccountParticulars, creditorAccountReference }, ... on UnsuccessfulPayment { paymentId, code, message, paymentInstructionCreationDateTime, initiatingAccessNumber, amount { value, currency }, debtorAccountNumber, debtorAccountCode, debtorAccountParticulars, debtorAccountReference, creditorAccountNumber, creditorAccountCode, creditorAccountParticulars, creditorAccountReference } } }
[2025-09-12 15:56:44 INF] Start processing HTTP request POST https://payments-pain-integrate.apps.97c0.cip-non-production.nonprod.internal.aws.kiwibank.co.nz/graphql
[2025-09-12 15:56:44 INF] Sending HTTP request POST https://payments-pain-integrate.apps.97c0.cip-non-production.nonprod.internal.aws.kiwibank.co.nz/graphql
[2025-09-12 15:56:46 INF] Received HTTP response headers after 1867.9073ms - 200
[2025-09-12 15:56:46 INF] End processing HTTP request after 1868.5683ms - 200
[2025-09-12 15:56:46 INF] {"data":{"initiateTransfer":{"debtorAccountNumber":"389023045175300","creditorAccountNumber":"389023045175303","paymentId":"d4d02a48c70648ff8ea2d74ae59182aa","paymentInstructionCreationDateTime":"2025-09-12T03:56:45.317Z","initiatingAccessNumber":"6652627","amount":{"value":"1.00","currency":"NZD"},"debtorAccountCode":"string","debtorAccountParticulars":"string","debtorAccountReference":"string","creditorAccountCode":"string","creditorAccountParticulars":"string","creditorAccountReference":"string","__typename":"Payment","paymentExecutionDateTime":"2025-09-12T03:56:46.078Z"}}



TestContext Messages:
Given an InitiateTransfer mutation is generated for DebtorAccountId lc_2ff00be3-5081-4171-8ba6-6f32f66ed70c and CreditorAccountId lc_a47b5129-4085-46b6-9f65-baf821fa6b94
-&gt; done: PainStepDefinitions.GivenAnInitiateTransferMutationIsGenerated("lc_2ff00be3-5081-...", "lc_a47b5129-4085-...") (0.0s)
And a valid customers CIAM token is added to the request for the access number 6652627
-&gt; done: PainStepDefinitions.GivenAValidNZHLCiamTokenIsAddedToTheRequest("customers", "6652627") (0.6s)
When the request is sent
-&gt; done: PainStepDefinitions.WhenTheRequestIsSent() (1.9s)
Then the response code is 200
-&gt; done: PainStepDefinitions.ThenTheResponseCodeIs(200) (0.0s)
And the response contains the fields:
  --- table step argument ---
  | Field                              | Value   |
  | __typename                         | Payment |
  | debtorAccountNumber                | *       |
  | creditorAccountNumber              | *       |
  | paymentId                          | *       |
  | paymentInstructionCreationDateTime | *       |
  | initiatingAccessNumber             | *       |
  | debtorAccountCode                  | *       |
  | debtorAccountParticulars           | *       |
  | debtorAccountReference             | *       |
  | creditorAccountCode                | *       |
  | creditorAccountParticulars         | *       |
  | creditorAccountReference           | *       |
  | amount                             | *       |
-&gt; done: PainStepDefinitions.ThenTheResponseContainsTheFields(&lt;table&gt;) (0.0s)</StdOut>
      </Output>
    </UnitTestResult>
  </Results>
  <TestDefinitions>
    <UnitTest name="PainValidationOnAccountNumbers (Debtor ID too long,lc_2ff00be3-5081-4171-8ba6-6f32f66ed70c123,lc_a47b5129-4085-46b6-9f65-baf821fa6b94,'Transfer Initiation Request Debtor Account Id' must be between 1 and 40 characters. You entered 42 characters.,$.errors[0].extensions.validationErrors[0].message,)" storage="/codebuild/output/src563212923/src/kiwibank-kb-cap-0cc8e8abec5297b8e3a35c2fcf6d6e0e0e42c0e0/services/pain/src/testings.integration/bin/release/net8.0/kiwibank.payments.pain.testings.integration.dll" id="e340cbb9-e570-bc64-ac30-4fe59dd3e191">
      <TestCategory>
        <TestCategoryItem TestCategory="Outcome:L4ProcessPayment.UltracsUltracsTransfer" />
        <TestCategoryItem TestCategory="Process:L4ProcessPayment" />
      </TestCategory>
      <Execution id="9f8c4368-3769-4a14-9478-d7b6996e1c26" />
      <TestMethod codeBase="/codebuild/output/src563212923/src/Kiwibank-kb-cap-0cc8e8abec5297b8e3a35c2fcf6d6e0e0e42c0e0/services/pain/src/Testings.Integration/bin/Release/net8.0/Kiwibank.Payments.Pain.Testings.Integration.dll" adapterTypeName="executor://mstestadapter/v2" className="Kiwibank.Payments.Pain.Testings.Integration.TestFeatures.BusinessLogicTestsForPainFeature" name="PainValidationOnAccountNumbers" />
    </UnitTest>
    <UnitTest name="PainTransfersBusinessChecks (Invalid transfer FROM account status (BLOCKED_UNVALIDATED),612026,lc_6ea9b858-6a7e-4a4b-9a4a-31f3800d42f1,lc_dedb708b-bac1-4c69-87c0-1873f59214cd,INVALID_ACCOUNT_STATE,Debtor account status is not valid.,)" storage="/codebuild/output/src563212923/src/kiwibank-kb-cap-0cc8e8abec5297b8e3a35c2fcf6d6e0e0e42c0e0/services/pain/src/testings.integration/bin/release/net8.0/kiwibank.payments.pain.testings.integration.dll" id="6cb87893-eb99-e64b-8333-dd4b56090f2a">
      <TestCategory>
        <TestCategoryItem TestCategory="Outcome:L4ProcessPayment.TMVTMVTransfer" />
        <TestCategoryItem TestCategory="Outcome:L4ProcessPayment.UltracsTMVTransfer" />
        <TestCategoryItem TestCategory="Outcome:L4ProcessPayment.UltracsUltracsTransfer" />
        <TestCategoryItem TestCategory="Process:L4ProcessPayment" />
        <TestCategoryItem TestCategory="Outcome:L4ProcessPayment.TMVUltracsTransfer" />
      </TestCategory>
      <Execution id="0f2d108d-175e-433b-b143-dd6bdfbca68a" />
      <TestMethod codeBase="/codebuild/output/src563212923/src/Kiwibank-kb-cap-0cc8e8abec5297b8e3a35c2fcf6d6e0e0e42c0e0/services/pain/src/Testings.Integration/bin/Release/net8.0/Kiwibank.Payments.Pain.Testings.Integration.dll" adapterTypeName="executor://mstestadapter/v2" className="Kiwibank.Payments.Pain.Testings.Integration.TestFeatures.PAINTransfersApiTestsInIntegrateFeature" name="PainTransfersBusinessChecks" />
    </UnitTest>
    <UnitTest name="PainValidationOnTextFields (DebtorAccountParticulars 13 chars,DebtorAccountParticulars,1234567890123,The length of 'Transfer Initiation Request Debtor Account Particulars' must be 12 characters or fewer. You entered 13 characters.,)" storage="/codebuild/output/src563212923/src/kiwibank-kb-cap-0cc8e8abec5297b8e3a35c2fcf6d6e0e0e42c0e0/services/pain/src/testings.integration/bin/release/net8.0/kiwibank.payments.pain.testings.integration.dll" id="c36825ac-ab77-7371-c3f6-ce3c9df165c2">
      <TestCategory>
        <TestCategoryItem TestCategory="Outcome:L4ProcessPayment.UltracsUltracsTransfer" />
        <TestCategoryItem TestCategory="Process:L4ProcessPayment" />
      </TestCategory>
      <Execution id="d19e72e8-f32d-4f9a-b462-8eaa1fb33fa3" />
      <TestMethod codeBase="/codebuild/output/src563212923/src/Kiwibank-kb-cap-0cc8e8abec5297b8e3a35c2fcf6d6e0e0e42c0e0/services/pain/src/Testings.Integration/bin/Release/net8.0/Kiwibank.Payments.Pain.Testings.Integration.dll" adapterTypeName="executor://mstestadapter/v2" className="Kiwibank.Payments.Pain.Testings.Integration.TestFeatures.BusinessLogicTestsForPainFeature" name="PainValidationOnTextFields" />
    </UnitTest>
    <UnitTest name="PainDoesNotAllowTransfersToFromSameAccount" storage="/codebuild/output/src563212923/src/kiwibank-kb-cap-0cc8e8abec5297b8e3a35c2fcf6d6e0e0e42c0e0/services/pain/src/testings.integration/bin/release/net8.0/kiwibank.payments.pain.testings.integration.dll" id="259a029f-0cc5-185f-b5fc-9593b10c15fe">
      <TestCategory>
        <TestCategoryItem TestCategory="Outcome:L4ProcessPayment.UltracsUltracsTransfer" />
        <TestCategoryItem TestCategory="Process:L4ProcessPayment" />
      </TestCategory>
      <Execution id="62ca8ab6-dab9-4086-9ae5-1bb37b9094c0" />
      <TestMethod codeBase="/codebuild/output/src563212923/src/Kiwibank-kb-cap-0cc8e8abec5297b8e3a35c2fcf6d6e0e0e42c0e0/services/pain/src/Testings.Integration/bin/Release/net8.0/Kiwibank.Payments.Pain.Testings.Integration.dll" adapterTypeName="executor://mstestadapter/v2" className="Kiwibank.Payments.Pain.Testings.Integration.TestFeatures.BusinessLogicTestsForPainFeature" name="PainDoesNotAllowTransfersToFromSameAccount" />
    </UnitTest>
    <UnitTest name="PainCurrencyIsNotNZD" storage="/codebuild/output/src563212923/src/kiwibank-kb-cap-0cc8e8abec5297b8e3a35c2fcf6d6e0e0e42c0e0/services/pain/src/testings.integration/bin/release/net8.0/kiwibank.payments.pain.testings.integration.dll" id="381ea2ec-7401-e279-91b2-778138ed66d9">
      <TestCategory>
        <TestCategoryItem TestCategory="Outcome:L4ProcessPayment.UltracsUltracsTransfer" />
        <TestCategoryItem TestCategory="Process:L4ProcessPayment" />
      </TestCategory>
      <Execution id="a0850cad-fab4-4892-a844-3298c3f45d57" />
      <TestMethod codeBase="/codebuild/output/src563212923/src/Kiwibank-kb-cap-0cc8e8abec5297b8e3a35c2fcf6d6e0e0e42c0e0/services/pain/src/Testings.Integration/bin/Release/net8.0/Kiwibank.Payments.Pain.Testings.Integration.dll" adapterTypeName="executor://mstestadapter/v2" className="Kiwibank.Payments.Pain.Testings.Integration.TestFeatures.BusinessLogicTestsForPainFeature" name="PainCurrencyIsNotNZD" />
    </UnitTest>
    <UnitTest name="PainValidationOnTextFields (CreditorAccountParticulars 13 chars,CreditorAccountParticulars,1234567890123,The length of 'Transfer Initiation Request Creditor Account Particulars' must be 12 characters or fewer. You entered 13 characters.,)" storage="/codebuild/output/src563212923/src/kiwibank-kb-cap-0cc8e8abec5297b8e3a35c2fcf6d6e0e0e42c0e0/services/pain/src/testings.integration/bin/release/net8.0/kiwibank.payments.pain.testings.integration.dll" id="a200c054-3842-14ad-ed44-d1af0e0e89a1">
      <TestCategory>
        <TestCategoryItem TestCategory="Outcome:L4ProcessPayment.UltracsUltracsTransfer" />
        <TestCategoryItem TestCategory="Process:L4ProcessPayment" />
      </TestCategory>
      <Execution id="abb32a0c-1013-4da6-aa0e-31a2ef2cb59d" />
      <TestMethod codeBase="/codebuild/output/src563212923/src/Kiwibank-kb-cap-0cc8e8abec5297b8e3a35c2fcf6d6e0e0e42c0e0/services/pain/src/Testings.Integration/bin/Release/net8.0/Kiwibank.Payments.Pain.Testings.Integration.dll" adapterTypeName="executor://mstestadapter/v2" className="Kiwibank.Payments.Pain.Testings.Integration.TestFeatures.BusinessLogicTestsForPainFeature" name="PainValidationOnTextFields" />
    </UnitTest>
    <UnitTest name="PainValidationOnAccountNumbers (Creditor ID missing,lc_2ff00be3-5081-4171-8ba6-6f32f66ed70c,,'Transfer Initiation Request Creditor Account Id' must not be empty.,$.errors[0].extensions.validationErrors[0].message,)" storage="/codebuild/output/src563212923/src/kiwibank-kb-cap-0cc8e8abec5297b8e3a35c2fcf6d6e0e0e42c0e0/services/pain/src/testings.integration/bin/release/net8.0/kiwibank.payments.pain.testings.integration.dll" id="4b838005-93a0-94ec-0827-2ae6e9ef935d">
      <TestCategory>
        <TestCategoryItem TestCategory="Outcome:L4ProcessPayment.UltracsUltracsTransfer" />
        <TestCategoryItem TestCategory="Process:L4ProcessPayment" />
      </TestCategory>
      <Execution id="20917c1f-1011-4dcc-9f85-76cd40852a39" />
      <TestMethod codeBase="/codebuild/output/src563212923/src/Kiwibank-kb-cap-0cc8e8abec5297b8e3a35c2fcf6d6e0e0e42c0e0/services/pain/src/Testings.Integration/bin/Release/net8.0/Kiwibank.Payments.Pain.Testings.Integration.dll" adapterTypeName="executor://mstestadapter/v2" className="Kiwibank.Payments.Pain.Testings.Integration.TestFeatures.BusinessLogicTestsForPainFeature" name="PainValidationOnAccountNumbers" />
    </UnitTest>
    <UnitTest name="PainTransfersIdempotencySuccessfulPaymentGivesSuccessfulPaymentForSameIdempotencyCombo" storage="/codebuild/output/src563212923/src/kiwibank-kb-cap-0cc8e8abec5297b8e3a35c2fcf6d6e0e0e42c0e0/services/pain/src/testings.integration/bin/release/net8.0/kiwibank.payments.pain.testings.integration.dll" id="29965302-c4f8-21de-b5ef-363db8042454">
      <TestCategory>
        <TestCategoryItem TestCategory="Outcome:L4ProcessPayment.TMVTMVTransfer" />
        <TestCategoryItem TestCategory="Outcome:L4ProcessPayment.UltracsTMVTransfer" />
        <TestCategoryItem TestCategory="Outcome:L4ProcessPayment.UltracsUltracsTransfer" />
        <TestCategoryItem TestCategory="Process:L4ProcessPayment" />
        <TestCategoryItem TestCategory="Outcome:L4ProcessPayment.TMVUltracsTransfer" />
      </TestCategory>
      <Execution id="a490c4c1-234b-4725-80d8-63309cda8ca7" />
      <TestMethod codeBase="/codebuild/output/src563212923/src/Kiwibank-kb-cap-0cc8e8abec5297b8e3a35c2fcf6d6e0e0e42c0e0/services/pain/src/Testings.Integration/bin/Release/net8.0/Kiwibank.Payments.Pain.Testings.Integration.dll" adapterTypeName="executor://mstestadapter/v2" className="Kiwibank.Payments.Pain.Testings.Integration.TestFeatures.PAINTransfersApiTestsInIntegrateFeature" name="PainTransfersIdempotencySuccessfulPaymentGivesSuccessfulPaymentForSameIdempotencyCombo" />
    </UnitTest>
    <UnitTest name="PainTransfersCoreCombosHappyPaths (Core to Core,6705483,nc_c9f3e0cd-dcb4-4642-b07c-cb65fd99c918,nc_4202e682-c9be-4f6b-8727-142a48f750dd,)" storage="/codebuild/output/src563212923/src/kiwibank-kb-cap-0cc8e8abec5297b8e3a35c2fcf6d6e0e0e42c0e0/services/pain/src/testings.integration/bin/release/net8.0/kiwibank.payments.pain.testings.integration.dll" id="e11e0881-2eb0-6af5-5d2a-1d4794526a7c">
      <TestCategory>
        <TestCategoryItem TestCategory="Outcome:L4ProcessPayment.TMVTMVTransfer" />
        <TestCategoryItem TestCategory="Outcome:L4ProcessPayment.UltracsTMVTransfer" />
        <TestCategoryItem TestCategory="Outcome:L4ProcessPayment.UltracsUltracsTransfer" />
        <TestCategoryItem TestCategory="Process:L4ProcessPayment" />
        <TestCategoryItem TestCategory="Outcome:L4ProcessPayment.TMVUltracsTransfer" />
      </TestCategory>
      <Execution id="8115d76a-2530-49f4-b568-50d93ac4dc01" />
      <TestMethod codeBase="/codebuild/output/src563212923/src/Kiwibank-kb-cap-0cc8e8abec5297b8e3a35c2fcf6d6e0e0e42c0e0/services/pain/src/Testings.Integration/bin/Release/net8.0/Kiwibank.Payments.Pain.Testings.Integration.dll" adapterTypeName="executor://mstestadapter/v2" className="Kiwibank.Payments.Pain.Testings.Integration.TestFeatures.PAINTransfersApiTestsInIntegrateFeature" name="PainTransfersCoreCombosHappyPaths" />
    </UnitTest>
    <UnitTest name="PainValidationOnAmounts (Amount has no digits before decimal,.00,Maximum 10 digits with 2 decimals.,)" storage="/codebuild/output/src563212923/src/kiwibank-kb-cap-0cc8e8abec5297b8e3a35c2fcf6d6e0e0e42c0e0/services/pain/src/testings.integration/bin/release/net8.0/kiwibank.payments.pain.testings.integration.dll" id="74b09c90-3d9e-74ad-7473-1d0412768359">
      <TestCategory>
        <TestCategoryItem TestCategory="Outcome:L4ProcessPayment.UltracsUltracsTransfer" />
        <TestCategoryItem TestCategory="Process:L4ProcessPayment" />
      </TestCategory>
      <Execution id="b6c8f0fe-581a-4fc1-b0b0-d66e4b966c4e" />
      <TestMethod codeBase="/codebuild/output/src563212923/src/Kiwibank-kb-cap-0cc8e8abec5297b8e3a35c2fcf6d6e0e0e42c0e0/services/pain/src/Testings.Integration/bin/Release/net8.0/Kiwibank.Payments.Pain.Testings.Integration.dll" adapterTypeName="executor://mstestadapter/v2" className="Kiwibank.Payments.Pain.Testings.Integration.TestFeatures.BusinessLogicTestsForPainFeature" name="PainValidationOnAmounts" />
    </UnitTest>
    <UnitTest name="PainTransfersBusinessChecks (Debtor signatories more than 1,528127,lc_48014f7a-838f-4bd2-87bd-b8656b745e8b,lc_26f971fd-1949-47e7-8282-0e2e501cf271,NUMBER_OF_SIGNATURES,Debtor account must have exactly 1 signatory.,)" storage="/codebuild/output/src563212923/src/kiwibank-kb-cap-0cc8e8abec5297b8e3a35c2fcf6d6e0e0e42c0e0/services/pain/src/testings.integration/bin/release/net8.0/kiwibank.payments.pain.testings.integration.dll" id="a6095b22-b0cc-4581-9545-60e5c12b1603">
      <TestCategory>
        <TestCategoryItem TestCategory="Outcome:L4ProcessPayment.TMVTMVTransfer" />
        <TestCategoryItem TestCategory="Outcome:L4ProcessPayment.UltracsTMVTransfer" />
        <TestCategoryItem TestCategory="Outcome:L4ProcessPayment.UltracsUltracsTransfer" />
        <TestCategoryItem TestCategory="Process:L4ProcessPayment" />
        <TestCategoryItem TestCategory="Outcome:L4ProcessPayment.TMVUltracsTransfer" />
      </TestCategory>
      <Execution id="bae67b56-32c5-48c4-9f07-e93dfed9294f" />
      <TestMethod codeBase="/codebuild/output/src563212923/src/Kiwibank-kb-cap-0cc8e8abec5297b8e3a35c2fcf6d6e0e0e42c0e0/services/pain/src/Testings.Integration/bin/Release/net8.0/Kiwibank.Payments.Pain.Testings.Integration.dll" adapterTypeName="executor://mstestadapter/v2" className="Kiwibank.Payments.Pain.Testings.Integration.TestFeatures.PAINTransfersApiTestsInIntegrateFeature" name="PainTransfersBusinessChecks" />
    </UnitTest>
    <UnitTest name="PainTransfersIdempotencyUnsuccessfulPaymentGivesSuccessfulPaymentForSameIdempotencyCombo" storage="/codebuild/output/src563212923/src/kiwibank-kb-cap-0cc8e8abec5297b8e3a35c2fcf6d6e0e0e42c0e0/services/pain/src/testings.integration/bin/release/net8.0/kiwibank.payments.pain.testings.integration.dll" id="543609a5-8759-ee9d-1d11-b96381c5c840">
      <TestCategory>
        <TestCategoryItem TestCategory="Outcome:L4ProcessPayment.TMVTMVTransfer" />
        <TestCategoryItem TestCategory="Outcome:L4ProcessPayment.UltracsTMVTransfer" />
        <TestCategoryItem TestCategory="Outcome:L4ProcessPayment.UltracsUltracsTransfer" />
        <TestCategoryItem TestCategory="Process:L4ProcessPayment" />
        <TestCategoryItem TestCategory="Outcome:L4ProcessPayment.TMVUltracsTransfer" />
      </TestCategory>
      <Execution id="170ac4c0-0aa2-42b4-8513-2b20fa6ae041" />
      <TestMethod codeBase="/codebuild/output/src563212923/src/Kiwibank-kb-cap-0cc8e8abec5297b8e3a35c2fcf6d6e0e0e42c0e0/services/pain/src/Testings.Integration/bin/Release/net8.0/Kiwibank.Payments.Pain.Testings.Integration.dll" adapterTypeName="executor://mstestadapter/v2" className="Kiwibank.Payments.Pain.Testings.Integration.TestFeatures.PAINTransfersApiTestsInIntegrateFeature" name="PainTransfersIdempotencyUnsuccessfulPaymentGivesSuccessfulPaymentForSameIdempotencyCombo" />
    </UnitTest>
    <UnitTest name="PainValidationOnAccountNumbers (Debtor ID invalid chars,lc_2ff00be3-5081-4171-8ba6-6f32f66ed#$%,lc_a47b5129-4085-46b6-9f65-baf821fa6b94,'Transfer Initiation Request Debtor Account Id' must be 1-40 characters and only contain letters, numbers, underscores, or hyphens.,$.errors[0].extensions.validationErrors[0].message,)" storage="/codebuild/output/src563212923/src/kiwibank-kb-cap-0cc8e8abec5297b8e3a35c2fcf6d6e0e0e42c0e0/services/pain/src/testings.integration/bin/release/net8.0/kiwibank.payments.pain.testings.integration.dll" id="c084b585-9a9b-6cc8-e1c6-6e7dbb006b92">
      <TestCategory>
        <TestCategoryItem TestCategory="Outcome:L4ProcessPayment.UltracsUltracsTransfer" />
        <TestCategoryItem TestCategory="Process:L4ProcessPayment" />
      </TestCategory>
      <Execution id="35dec370-d675-4f5c-aaf5-48b2bb148318" />
      <TestMethod codeBase="/codebuild/output/src563212923/src/Kiwibank-kb-cap-0cc8e8abec5297b8e3a35c2fcf6d6e0e0e42c0e0/services/pain/src/Testings.Integration/bin/Release/net8.0/Kiwibank.Payments.Pain.Testings.Integration.dll" adapterTypeName="executor://mstestadapter/v2" className="Kiwibank.Payments.Pain.Testings.Integration.TestFeatures.BusinessLogicTestsForPainFeature" name="PainValidationOnAccountNumbers" />
    </UnitTest>
    <UnitTest name="PainTransfersBusinessChecks (Not frozen to FreezeAgainstAllTellerAction,6430774,lc_fdb98252-d21d-4e3f-9511-b87f45a215f9,lc_9704fa28-b75c-4a15-a3f8-b4ea0f78f736,FROZEN_ACCOUNT,Creditor account has been frozen.,)" storage="/codebuild/output/src563212923/src/kiwibank-kb-cap-0cc8e8abec5297b8e3a35c2fcf6d6e0e0e42c0e0/services/pain/src/testings.integration/bin/release/net8.0/kiwibank.payments.pain.testings.integration.dll" id="ef4a22fb-2e86-67cf-febe-c41f2fefc4d5">
      <TestCategory>
        <TestCategoryItem TestCategory="Outcome:L4ProcessPayment.TMVTMVTransfer" />
        <TestCategoryItem TestCategory="Outcome:L4ProcessPayment.UltracsTMVTransfer" />
        <TestCategoryItem TestCategory="Outcome:L4ProcessPayment.UltracsUltracsTransfer" />
        <TestCategoryItem TestCategory="Process:L4ProcessPayment" />
        <TestCategoryItem TestCategory="Outcome:L4ProcessPayment.TMVUltracsTransfer" />
      </TestCategory>
      <Execution id="ed9752c9-ce2b-47ff-aeb9-2aaf917d449a" />
      <TestMethod codeBase="/codebuild/output/src563212923/src/Kiwibank-kb-cap-0cc8e8abec5297b8e3a35c2fcf6d6e0e0e42c0e0/services/pain/src/Testings.Integration/bin/Release/net8.0/Kiwibank.Payments.Pain.Testings.Integration.dll" adapterTypeName="executor://mstestadapter/v2" className="Kiwibank.Payments.Pain.Testings.Integration.TestFeatures.PAINTransfersApiTestsInIntegrateFeature" name="PainTransfersBusinessChecks" />
    </UnitTest>
    <UnitTest name="PainValidationOnAmounts (Amount is empty,,Maximum 10 digits with 2 decimals.,)" storage="/codebuild/output/src563212923/src/kiwibank-kb-cap-0cc8e8abec5297b8e3a35c2fcf6d6e0e0e42c0e0/services/pain/src/testings.integration/bin/release/net8.0/kiwibank.payments.pain.testings.integration.dll" id="0c4d36bd-46e3-a3fa-91ec-c5b14f66991b">
      <TestCategory>
        <TestCategoryItem TestCategory="Outcome:L4ProcessPayment.UltracsUltracsTransfer" />
        <TestCategoryItem TestCategory="Process:L4ProcessPayment" />
      </TestCategory>
      <Execution id="107bf807-7702-4ea7-9c2b-0d466a20b720" />
      <TestMethod codeBase="/codebuild/output/src563212923/src/Kiwibank-kb-cap-0cc8e8abec5297b8e3a35c2fcf6d6e0e0e42c0e0/services/pain/src/Testings.Integration/bin/Release/net8.0/Kiwibank.Payments.Pain.Testings.Integration.dll" adapterTypeName="executor://mstestadapter/v2" className="Kiwibank.Payments.Pain.Testings.Integration.TestFeatures.BusinessLogicTestsForPainFeature" name="PainValidationOnAmounts" />
    </UnitTest>
    <UnitTest name="PainTransfersBusinessChecks (Invalid transfer TO product (I9),910035,lc_89043a72-4052-436f-a333-3a4be440eeca,lc_ed6d8a13-e618-4304-adcd-e7e14ceaced4,OPERATION_INVALID_FOR_ACCOUNT,Transaction is not allowed for the selected accounts.,)" storage="/codebuild/output/src563212923/src/kiwibank-kb-cap-0cc8e8abec5297b8e3a35c2fcf6d6e0e0e42c0e0/services/pain/src/testings.integration/bin/release/net8.0/kiwibank.payments.pain.testings.integration.dll" id="54337e3e-81c1-48ef-6c8b-712d1fe36e44">
      <TestCategory>
        <TestCategoryItem TestCategory="Outcome:L4ProcessPayment.TMVTMVTransfer" />
        <TestCategoryItem TestCategory="Outcome:L4ProcessPayment.UltracsTMVTransfer" />
        <TestCategoryItem TestCategory="Outcome:L4ProcessPayment.UltracsUltracsTransfer" />
        <TestCategoryItem TestCategory="Process:L4ProcessPayment" />
        <TestCategoryItem TestCategory="Outcome:L4ProcessPayment.TMVUltracsTransfer" />
      </TestCategory>
      <Execution id="2080b7b1-4b41-44b2-b8d6-a1a81953bad8" />
      <TestMethod codeBase="/codebuild/output/src563212923/src/Kiwibank-kb-cap-0cc8e8abec5297b8e3a35c2fcf6d6e0e0e42c0e0/services/pain/src/Testings.Integration/bin/Release/net8.0/Kiwibank.Payments.Pain.Testings.Integration.dll" adapterTypeName="executor://mstestadapter/v2" className="Kiwibank.Payments.Pain.Testings.Integration.TestFeatures.PAINTransfersApiTestsInIntegrateFeature" name="PainTransfersBusinessChecks" />
    </UnitTest>
    <UnitTest name="PainValidationOnTextFields (CreditorAccountReference invalid chars,CreditorAccountReference,!@#$%^&amp;*()-=,'Transfer Initiation Request Creditor Account Reference' contains invalid characters.,)" storage="/codebuild/output/src563212923/src/kiwibank-kb-cap-0cc8e8abec5297b8e3a35c2fcf6d6e0e0e42c0e0/services/pain/src/testings.integration/bin/release/net8.0/kiwibank.payments.pain.testings.integration.dll" id="afb9cd69-b5fe-04c1-eadf-4d439dbc16a7">
      <TestCategory>
        <TestCategoryItem TestCategory="Outcome:L4ProcessPayment.UltracsUltracsTransfer" />
        <TestCategoryItem TestCategory="Process:L4ProcessPayment" />
      </TestCategory>
      <Execution id="a01aa988-8226-47e1-b5d2-5164a74bf7e7" />
      <TestMethod codeBase="/codebuild/output/src563212923/src/Kiwibank-kb-cap-0cc8e8abec5297b8e3a35c2fcf6d6e0e0e42c0e0/services/pain/src/Testings.Integration/bin/Release/net8.0/Kiwibank.Payments.Pain.Testings.Integration.dll" adapterTypeName="executor://mstestadapter/v2" className="Kiwibank.Payments.Pain.Testings.Integration.TestFeatures.BusinessLogicTestsForPainFeature" name="PainValidationOnTextFields" />
    </UnitTest>
    <UnitTest name="PainValidationOnTextFields (CreditorAccountCode 13 chars,CreditorAccountCode,1234567890123,The length of 'Transfer Initiation Request Creditor Account Code' must be 12 characters or fewer. You entered 13 characters.,)" storage="/codebuild/output/src563212923/src/kiwibank-kb-cap-0cc8e8abec5297b8e3a35c2fcf6d6e0e0e42c0e0/services/pain/src/testings.integration/bin/release/net8.0/kiwibank.payments.pain.testings.integration.dll" id="d43c5480-c716-2dc4-d971-fa86188417da">
      <TestCategory>
        <TestCategoryItem TestCategory="Outcome:L4ProcessPayment.UltracsUltracsTransfer" />
        <TestCategoryItem TestCategory="Process:L4ProcessPayment" />
      </TestCategory>
      <Execution id="a5327f40-1e2f-4b01-9861-020303319d11" />
      <TestMethod codeBase="/codebuild/output/src563212923/src/Kiwibank-kb-cap-0cc8e8abec5297b8e3a35c2fcf6d6e0e0e42c0e0/services/pain/src/Testings.Integration/bin/Release/net8.0/Kiwibank.Payments.Pain.Testings.Integration.dll" adapterTypeName="executor://mstestadapter/v2" className="Kiwibank.Payments.Pain.Testings.Integration.TestFeatures.BusinessLogicTestsForPainFeature" name="PainValidationOnTextFields" />
    </UnitTest>
    <UnitTest name="PainValidationOnTextFields (DebtorAccountParticulars invalid chars,DebtorAccountParticulars,!@#$%^&amp;*()-=,'Transfer Initiation Request Debtor Account Particulars' contains invalid characters.,)" storage="/codebuild/output/src563212923/src/kiwibank-kb-cap-0cc8e8abec5297b8e3a35c2fcf6d6e0e0e42c0e0/services/pain/src/testings.integration/bin/release/net8.0/kiwibank.payments.pain.testings.integration.dll" id="09dc3aa6-6a31-47d8-ad1e-e8ae4f72c491">
      <TestCategory>
        <TestCategoryItem TestCategory="Outcome:L4ProcessPayment.UltracsUltracsTransfer" />
        <TestCategoryItem TestCategory="Process:L4ProcessPayment" />
      </TestCategory>
      <Execution id="877f6747-8b90-4846-8e5d-4d9f118596b6" />
      <TestMethod codeBase="/codebuild/output/src563212923/src/Kiwibank-kb-cap-0cc8e8abec5297b8e3a35c2fcf6d6e0e0e42c0e0/services/pain/src/Testings.Integration/bin/Release/net8.0/Kiwibank.Payments.Pain.Testings.Integration.dll" adapterTypeName="executor://mstestadapter/v2" className="Kiwibank.Payments.Pain.Testings.Integration.TestFeatures.BusinessLogicTestsForPainFeature" name="PainValidationOnTextFields" />
    </UnitTest>
    <UnitTest name="PainTransfersCoreCombosHappyPaths (LegacyCore to Core,6705483,lc_ba3a2de9-8b8c-4956-9949-9e7ff20e5f4a,nc_4202e682-c9be-4f6b-8727-142a48f750dd,)" storage="/codebuild/output/src563212923/src/kiwibank-kb-cap-0cc8e8abec5297b8e3a35c2fcf6d6e0e0e42c0e0/services/pain/src/testings.integration/bin/release/net8.0/kiwibank.payments.pain.testings.integration.dll" id="8952c872-cff2-fe8d-1b72-58fc9f5eccd9">
      <TestCategory>
        <TestCategoryItem TestCategory="Outcome:L4ProcessPayment.TMVTMVTransfer" />
        <TestCategoryItem TestCategory="Outcome:L4ProcessPayment.UltracsTMVTransfer" />
        <TestCategoryItem TestCategory="Outcome:L4ProcessPayment.UltracsUltracsTransfer" />
        <TestCategoryItem TestCategory="Process:L4ProcessPayment" />
        <TestCategoryItem TestCategory="Outcome:L4ProcessPayment.TMVUltracsTransfer" />
      </TestCategory>
      <Execution id="75c293f6-d83c-44da-834b-949016f745e8" />
      <TestMethod codeBase="/codebuild/output/src563212923/src/Kiwibank-kb-cap-0cc8e8abec5297b8e3a35c2fcf6d6e0e0e42c0e0/services/pain/src/Testings.Integration/bin/Release/net8.0/Kiwibank.Payments.Pain.Testings.Integration.dll" adapterTypeName="executor://mstestadapter/v2" className="Kiwibank.Payments.Pain.Testings.Integration.TestFeatures.PAINTransfersApiTestsInIntegrateFeature" name="PainTransfersCoreCombosHappyPaths" />
    </UnitTest>
    <UnitTest name="InvalidAccountsResultsFromUAS (Both invalid,lc_2ff00be3-5081-4171-8ba6-6f32f66edabc,lc_a47b5129-4085-46b6-9f65-baf821fa6abc,Accounts not found.,)" storage="/codebuild/output/src563212923/src/kiwibank-kb-cap-0cc8e8abec5297b8e3a35c2fcf6d6e0e0e42c0e0/services/pain/src/testings.integration/bin/release/net8.0/kiwibank.payments.pain.testings.integration.dll" id="60e70f57-134e-e7fe-6aaa-e8088fd9f622">
      <TestCategory>
        <TestCategoryItem TestCategory="Outcome:L4ProcessPayment.UltracsUltracsTransfer" />
        <TestCategoryItem TestCategory="Process:L4ProcessPayment" />
      </TestCategory>
      <Execution id="ead9e53b-682f-4212-bf0d-78b58d04a6ef" />
      <TestMethod codeBase="/codebuild/output/src563212923/src/Kiwibank-kb-cap-0cc8e8abec5297b8e3a35c2fcf6d6e0e0e42c0e0/services/pain/src/Testings.Integration/bin/Release/net8.0/Kiwibank.Payments.Pain.Testings.Integration.dll" adapterTypeName="executor://mstestadapter/v2" className="Kiwibank.Payments.Pain.Testings.Integration.TestFeatures.InteractionsBetweenPainAndUASFeature" name="InvalidAccountsResultsFromUAS" />
    </UnitTest>
    <UnitTest name="PainTransfersCoreCombosHappyPaths (Core to LegacyCore,6705483,nc_4202e682-c9be-4f6b-8727-142a48f750dd,lc_ba3a2de9-8b8c-4956-9949-9e7ff20e5f4a,)" storage="/codebuild/output/src563212923/src/kiwibank-kb-cap-0cc8e8abec5297b8e3a35c2fcf6d6e0e0e42c0e0/services/pain/src/testings.integration/bin/release/net8.0/kiwibank.payments.pain.testings.integration.dll" id="d06dd017-9b3b-4d51-ecc0-f4433d2717b6">
      <TestCategory>
        <TestCategoryItem TestCategory="Outcome:L4ProcessPayment.TMVTMVTransfer" />
        <TestCategoryItem TestCategory="Outcome:L4ProcessPayment.UltracsTMVTransfer" />
        <TestCategoryItem TestCategory="Outcome:L4ProcessPayment.UltracsUltracsTransfer" />
        <TestCategoryItem TestCategory="Process:L4ProcessPayment" />
        <TestCategoryItem TestCategory="Outcome:L4ProcessPayment.TMVUltracsTransfer" />
      </TestCategory>
      <Execution id="eae69511-3e2b-4408-901d-2d2cb9a3b8c3" />
      <TestMethod codeBase="/codebuild/output/src563212923/src/Kiwibank-kb-cap-0cc8e8abec5297b8e3a35c2fcf6d6e0e0e42c0e0/services/pain/src/Testings.Integration/bin/Release/net8.0/Kiwibank.Payments.Pain.Testings.Integration.dll" adapterTypeName="executor://mstestadapter/v2" className="Kiwibank.Payments.Pain.Testings.Integration.TestFeatures.PAINTransfersApiTestsInIntegrateFeature" name="PainTransfersCoreCombosHappyPaths" />
    </UnitTest>
    <UnitTest name="PainValidationOnAmounts (Amount has one digit after decimal,1.0,Maximum 10 digits with 2 decimals.,)" storage="/codebuild/output/src563212923/src/kiwibank-kb-cap-0cc8e8abec5297b8e3a35c2fcf6d6e0e0e42c0e0/services/pain/src/testings.integration/bin/release/net8.0/kiwibank.payments.pain.testings.integration.dll" id="afc7ec3d-b388-16f6-9b15-2dc61cc7ba18">
      <TestCategory>
        <TestCategoryItem TestCategory="Outcome:L4ProcessPayment.UltracsUltracsTransfer" />
        <TestCategoryItem TestCategory="Process:L4ProcessPayment" />
      </TestCategory>
      <Execution id="34c44ca4-61c2-4f0a-ac3b-511935c3bbb9" />
      <TestMethod codeBase="/codebuild/output/src563212923/src/Kiwibank-kb-cap-0cc8e8abec5297b8e3a35c2fcf6d6e0e0e42c0e0/services/pain/src/Testings.Integration/bin/Release/net8.0/Kiwibank.Payments.Pain.Testings.Integration.dll" adapterTypeName="executor://mstestadapter/v2" className="Kiwibank.Payments.Pain.Testings.Integration.TestFeatures.BusinessLogicTestsForPainFeature" name="PainValidationOnAmounts" />
    </UnitTest>
    <UnitTest name="PainValidationOnTextFields (CreditorAccountCode invalid chars,CreditorAccountCode,!@#$%^&amp;*()-=,'Transfer Initiation Request Creditor Account Code' contains invalid characters.,)" storage="/codebuild/output/src563212923/src/kiwibank-kb-cap-0cc8e8abec5297b8e3a35c2fcf6d6e0e0e42c0e0/services/pain/src/testings.integration/bin/release/net8.0/kiwibank.payments.pain.testings.integration.dll" id="4d0a7814-8793-3952-06bd-424d8da8581b">
      <TestCategory>
        <TestCategoryItem TestCategory="Outcome:L4ProcessPayment.UltracsUltracsTransfer" />
        <TestCategoryItem TestCategory="Process:L4ProcessPayment" />
      </TestCategory>
      <Execution id="e32f8e98-053d-4745-a87d-752e8d462469" />
      <TestMethod codeBase="/codebuild/output/src563212923/src/Kiwibank-kb-cap-0cc8e8abec5297b8e3a35c2fcf6d6e0e0e42c0e0/services/pain/src/Testings.Integration/bin/Release/net8.0/Kiwibank.Payments.Pain.Testings.Integration.dll" adapterTypeName="executor://mstestadapter/v2" className="Kiwibank.Payments.Pain.Testings.Integration.TestFeatures.BusinessLogicTestsForPainFeature" name="PainValidationOnTextFields" />
    </UnitTest>
    <UnitTest name="PainValidationOnTextFields (DebtorAccountCode 13 chars,DebtorAccountCode,1234567890123,The length of 'Transfer Initiation Request Debtor Account Code' must be 12 characters or fewer. You entered 13 characters.,)" storage="/codebuild/output/src563212923/src/kiwibank-kb-cap-0cc8e8abec5297b8e3a35c2fcf6d6e0e0e42c0e0/services/pain/src/testings.integration/bin/release/net8.0/kiwibank.payments.pain.testings.integration.dll" id="64a25a6e-9a5a-3006-cd96-befeabea82f6">
      <TestCategory>
        <TestCategoryItem TestCategory="Outcome:L4ProcessPayment.UltracsUltracsTransfer" />
        <TestCategoryItem TestCategory="Process:L4ProcessPayment" />
      </TestCategory>
      <Execution id="b066166c-8b23-41a2-b342-2bc54a63fd66" />
      <TestMethod codeBase="/codebuild/output/src563212923/src/Kiwibank-kb-cap-0cc8e8abec5297b8e3a35c2fcf6d6e0e0e42c0e0/services/pain/src/Testings.Integration/bin/Release/net8.0/Kiwibank.Payments.Pain.Testings.Integration.dll" adapterTypeName="executor://mstestadapter/v2" className="Kiwibank.Payments.Pain.Testings.Integration.TestFeatures.BusinessLogicTestsForPainFeature" name="PainValidationOnTextFields" />
    </UnitTest>
    <UnitTest name="OPAUNAUTHORISEDPermissionsError" storage="/codebuild/output/src563212923/src/kiwibank-kb-cap-0cc8e8abec5297b8e3a35c2fcf6d6e0e0e42c0e0/services/pain/src/testings.integration/bin/release/net8.0/kiwibank.payments.pain.testings.integration.dll" id="00980bf6-e88f-038c-b88b-ded38068738e">
      <TestCategory>
        <TestCategoryItem TestCategory="Outcome:L4ProcessPayment.UltracsUltracsTransfer" />
        <TestCategoryItem TestCategory="Process:L4ProcessPayment" />
      </TestCategory>
      <Execution id="e8cbbdcc-1720-4f9c-abc5-9221dccaa74e" />
      <TestMethod codeBase="/codebuild/output/src563212923/src/Kiwibank-kb-cap-0cc8e8abec5297b8e3a35c2fcf6d6e0e0e42c0e0/services/pain/src/Testings.Integration/bin/Release/net8.0/Kiwibank.Payments.Pain.Testings.Integration.dll" adapterTypeName="executor://mstestadapter/v2" className="Kiwibank.Payments.Pain.Testings.Integration.TestFeatures.PAINAuthenticationFeature" name="OPAUNAUTHORISEDPermissionsError" />
    </UnitTest>
    <UnitTest name="PainValidationOnAccountNumbers (Debtor ID missing,,lc_a47b5129-4085-46b6-9f65-baf821fa6b94,'Transfer Initiation Request Debtor Account Id' must not be empty.,$.errors[0].extensions.validationErrors[0].message,)" storage="/codebuild/output/src563212923/src/kiwibank-kb-cap-0cc8e8abec5297b8e3a35c2fcf6d6e0e0e42c0e0/services/pain/src/testings.integration/bin/release/net8.0/kiwibank.payments.pain.testings.integration.dll" id="fd44373c-f1b5-2346-afba-71a4b1157d29">
      <TestCategory>
        <TestCategoryItem TestCategory="Outcome:L4ProcessPayment.UltracsUltracsTransfer" />
        <TestCategoryItem TestCategory="Process:L4ProcessPayment" />
      </TestCategory>
      <Execution id="4eb304ef-b9ab-4532-ac1c-fb68032ef945" />
      <TestMethod codeBase="/codebuild/output/src563212923/src/Kiwibank-kb-cap-0cc8e8abec5297b8e3a35c2fcf6d6e0e0e42c0e0/services/pain/src/Testings.Integration/bin/Release/net8.0/Kiwibank.Payments.Pain.Testings.Integration.dll" adapterTypeName="executor://mstestadapter/v2" className="Kiwibank.Payments.Pain.Testings.Integration.TestFeatures.BusinessLogicTestsForPainFeature" name="PainValidationOnAccountNumbers" />
    </UnitTest>
    <UnitTest name="PainValidationOnAmounts (Amount has three digits after decimal,1.000,Maximum 10 digits with 2 decimals.,)" storage="/codebuild/output/src563212923/src/kiwibank-kb-cap-0cc8e8abec5297b8e3a35c2fcf6d6e0e0e42c0e0/services/pain/src/testings.integration/bin/release/net8.0/kiwibank.payments.pain.testings.integration.dll" id="22e01879-86ce-6a2b-0986-da4a6d2c8487">
      <TestCategory>
        <TestCategoryItem TestCategory="Outcome:L4ProcessPayment.UltracsUltracsTransfer" />
        <TestCategoryItem TestCategory="Process:L4ProcessPayment" />
      </TestCategory>
      <Execution id="cf4483d6-0624-4f11-8a55-5cee46f96f21" />
      <TestMethod codeBase="/codebuild/output/src563212923/src/Kiwibank-kb-cap-0cc8e8abec5297b8e3a35c2fcf6d6e0e0e42c0e0/services/pain/src/Testings.Integration/bin/Release/net8.0/Kiwibank.Payments.Pain.Testings.Integration.dll" adapterTypeName="executor://mstestadapter/v2" className="Kiwibank.Payments.Pain.Testings.Integration.TestFeatures.BusinessLogicTestsForPainFeature" name="PainValidationOnAmounts" />
    </UnitTest>
    <UnitTest name="PainTransfersBusinessChecks (Invalid transfer FROM product (I9),910035,lc_ed6d8a13-e618-4304-adcd-e7e14ceaced4,lc_89043a72-4052-436f-a333-3a4be440eeca,OPERATION_INVALID_FOR_ACCOUNT,Transaction is not allowed for the selected accounts.,)" storage="/codebuild/output/src563212923/src/kiwibank-kb-cap-0cc8e8abec5297b8e3a35c2fcf6d6e0e0e42c0e0/services/pain/src/testings.integration/bin/release/net8.0/kiwibank.payments.pain.testings.integration.dll" id="cecae228-356b-66ca-4aa3-cc20fe45237c">
      <TestCategory>
        <TestCategoryItem TestCategory="Outcome:L4ProcessPayment.TMVTMVTransfer" />
        <TestCategoryItem TestCategory="Outcome:L4ProcessPayment.UltracsTMVTransfer" />
        <TestCategoryItem TestCategory="Outcome:L4ProcessPayment.UltracsUltracsTransfer" />
        <TestCategoryItem TestCategory="Process:L4ProcessPayment" />
        <TestCategoryItem TestCategory="Outcome:L4ProcessPayment.TMVUltracsTransfer" />
      </TestCategory>
      <Execution id="a8ecb1f5-c274-4e28-8de7-7c8a4dad8ede" />
      <TestMethod codeBase="/codebuild/output/src563212923/src/Kiwibank-kb-cap-0cc8e8abec5297b8e3a35c2fcf6d6e0e0e42c0e0/services/pain/src/Testings.Integration/bin/Release/net8.0/Kiwibank.Payments.Pain.Testings.Integration.dll" adapterTypeName="executor://mstestadapter/v2" className="Kiwibank.Payments.Pain.Testings.Integration.TestFeatures.PAINTransfersApiTestsInIntegrateFeature" name="PainTransfersBusinessChecks" />
    </UnitTest>
    <UnitTest name="InvalidAccountsResultsFromUAS (Invalid Creditor,lc_2ff00be3-5081-4171-8ba6-6f32f66ed70c,lc_a47b5129-4085-46b6-9f65-baf821fa6abc,Creditor account not found.,)" storage="/codebuild/output/src563212923/src/kiwibank-kb-cap-0cc8e8abec5297b8e3a35c2fcf6d6e0e0e42c0e0/services/pain/src/testings.integration/bin/release/net8.0/kiwibank.payments.pain.testings.integration.dll" id="16cc09b9-961f-f835-21e0-5d11a58be156">
      <TestCategory>
        <TestCategoryItem TestCategory="Outcome:L4ProcessPayment.UltracsUltracsTransfer" />
        <TestCategoryItem TestCategory="Process:L4ProcessPayment" />
      </TestCategory>
      <Execution id="ffb63302-b589-445a-b5f1-ebd8abf7be3a" />
      <TestMethod codeBase="/codebuild/output/src563212923/src/Kiwibank-kb-cap-0cc8e8abec5297b8e3a35c2fcf6d6e0e0e42c0e0/services/pain/src/Testings.Integration/bin/Release/net8.0/Kiwibank.Payments.Pain.Testings.Integration.dll" adapterTypeName="executor://mstestadapter/v2" className="Kiwibank.Payments.Pain.Testings.Integration.TestFeatures.InteractionsBetweenPainAndUASFeature" name="InvalidAccountsResultsFromUAS" />
    </UnitTest>
    <UnitTest name="InvalidAccountsResultsFromUAS (Invalid Debtor,lc_2ff00be3-5081-4171-8ba6-6f32f66edabc,lc_a47b5129-4085-46b6-9f65-baf821fa6b94,Debtor account not found.,)" storage="/codebuild/output/src563212923/src/kiwibank-kb-cap-0cc8e8abec5297b8e3a35c2fcf6d6e0e0e42c0e0/services/pain/src/testings.integration/bin/release/net8.0/kiwibank.payments.pain.testings.integration.dll" id="800a2182-a828-27ba-b872-5948839fa85d">
      <TestCategory>
        <TestCategoryItem TestCategory="Outcome:L4ProcessPayment.UltracsUltracsTransfer" />
        <TestCategoryItem TestCategory="Process:L4ProcessPayment" />
      </TestCategory>
      <Execution id="dcf142ed-3eee-48b0-800c-d163a5e3a67f" />
      <TestMethod codeBase="/codebuild/output/src563212923/src/Kiwibank-kb-cap-0cc8e8abec5297b8e3a35c2fcf6d6e0e0e42c0e0/services/pain/src/Testings.Integration/bin/Release/net8.0/Kiwibank.Payments.Pain.Testings.Integration.dll" adapterTypeName="executor://mstestadapter/v2" className="Kiwibank.Payments.Pain.Testings.Integration.TestFeatures.InteractionsBetweenPainAndUASFeature" name="InvalidAccountsResultsFromUAS" />
    </UnitTest>
    <UnitTest name="PainTransfersBusinessChecks (Invalid transfer TO account status (BLOCKED_UNVALIDATED),612026,lc_dedb708b-bac1-4c69-87c0-1873f59214cd,lc_6ea9b858-6a7e-4a4b-9a4a-31f3800d42f1,INVALID_ACCOUNT_STATE,Creditor account status is not valid.,)" storage="/codebuild/output/src563212923/src/kiwibank-kb-cap-0cc8e8abec5297b8e3a35c2fcf6d6e0e0e42c0e0/services/pain/src/testings.integration/bin/release/net8.0/kiwibank.payments.pain.testings.integration.dll" id="3d6b90c8-c0eb-6113-9321-ce28922275cf">
      <TestCategory>
        <TestCategoryItem TestCategory="Outcome:L4ProcessPayment.TMVTMVTransfer" />
        <TestCategoryItem TestCategory="Outcome:L4ProcessPayment.UltracsTMVTransfer" />
        <TestCategoryItem TestCategory="Outcome:L4ProcessPayment.UltracsUltracsTransfer" />
        <TestCategoryItem TestCategory="Process:L4ProcessPayment" />
        <TestCategoryItem TestCategory="Outcome:L4ProcessPayment.TMVUltracsTransfer" />
      </TestCategory>
      <Execution id="e9b37b45-6f92-42c0-8a8d-4becc4289aa0" />
      <TestMethod codeBase="/codebuild/output/src563212923/src/Kiwibank-kb-cap-0cc8e8abec5297b8e3a35c2fcf6d6e0e0e42c0e0/services/pain/src/Testings.Integration/bin/Release/net8.0/Kiwibank.Payments.Pain.Testings.Integration.dll" adapterTypeName="executor://mstestadapter/v2" className="Kiwibank.Payments.Pain.Testings.Integration.TestFeatures.PAINTransfersApiTestsInIntegrateFeature" name="PainTransfersBusinessChecks" />
    </UnitTest>
    <UnitTest name="PainTransfersBusinessChecks (FreezeAgainstAllTellerAction to not frozen,6430774,lc_9704fa28-b75c-4a15-a3f8-b4ea0f78f736,lc_fdb98252-d21d-4e3f-9511-b87f45a215f9,FROZEN_ACCOUNT,Debtor account has been frozen.,)" storage="/codebuild/output/src563212923/src/kiwibank-kb-cap-0cc8e8abec5297b8e3a35c2fcf6d6e0e0e42c0e0/services/pain/src/testings.integration/bin/release/net8.0/kiwibank.payments.pain.testings.integration.dll" id="7eae5a1d-1587-8c01-55e4-07df56693a61">
      <TestCategory>
        <TestCategoryItem TestCategory="Outcome:L4ProcessPayment.TMVTMVTransfer" />
        <TestCategoryItem TestCategory="Outcome:L4ProcessPayment.UltracsTMVTransfer" />
        <TestCategoryItem TestCategory="Outcome:L4ProcessPayment.UltracsUltracsTransfer" />
        <TestCategoryItem TestCategory="Process:L4ProcessPayment" />
        <TestCategoryItem TestCategory="Outcome:L4ProcessPayment.TMVUltracsTransfer" />
      </TestCategory>
      <Execution id="ce288f90-53fe-41c1-aa2b-cbdcb60ccf3f" />
      <TestMethod codeBase="/codebuild/output/src563212923/src/Kiwibank-kb-cap-0cc8e8abec5297b8e3a35c2fcf6d6e0e0e42c0e0/services/pain/src/Testings.Integration/bin/Release/net8.0/Kiwibank.Payments.Pain.Testings.Integration.dll" adapterTypeName="executor://mstestadapter/v2" className="Kiwibank.Payments.Pain.Testings.Integration.TestFeatures.PAINTransfersApiTestsInIntegrateFeature" name="PainTransfersBusinessChecks" />
    </UnitTest>
    <UnitTest name="PainValidationOnAmounts (Amount is 11 digits before decimal,12345678901.00,Maximum 10 digits with 2 decimals.,)" storage="/codebuild/output/src563212923/src/kiwibank-kb-cap-0cc8e8abec5297b8e3a35c2fcf6d6e0e0e42c0e0/services/pain/src/testings.integration/bin/release/net8.0/kiwibank.payments.pain.testings.integration.dll" id="13d14820-3526-8d82-8e1a-a3c81e369d7e">
      <TestCategory>
        <TestCategoryItem TestCategory="Outcome:L4ProcessPayment.UltracsUltracsTransfer" />
        <TestCategoryItem TestCategory="Process:L4ProcessPayment" />
      </TestCategory>
      <Execution id="44137f77-d27c-4962-a015-61bc16d5bb23" />
      <TestMethod codeBase="/codebuild/output/src563212923/src/Kiwibank-kb-cap-0cc8e8abec5297b8e3a35c2fcf6d6e0e0e42c0e0/services/pain/src/Testings.Integration/bin/Release/net8.0/Kiwibank.Payments.Pain.Testings.Integration.dll" adapterTypeName="executor://mstestadapter/v2" className="Kiwibank.Payments.Pain.Testings.Integration.TestFeatures.BusinessLogicTestsForPainFeature" name="PainValidationOnAmounts" />
    </UnitTest>
    <UnitTest name="PainValidationOnTextFields (CreditorAccountParticulars invalid chars,CreditorAccountParticulars,!@#$%^&amp;*()-=,'Transfer Initiation Request Creditor Account Particulars' contains invalid characters.,)" storage="/codebuild/output/src563212923/src/kiwibank-kb-cap-0cc8e8abec5297b8e3a35c2fcf6d6e0e0e42c0e0/services/pain/src/testings.integration/bin/release/net8.0/kiwibank.payments.pain.testings.integration.dll" id="fe9c5d37-ecca-64ed-13c8-2129551698ca">
      <TestCategory>
        <TestCategoryItem TestCategory="Outcome:L4ProcessPayment.UltracsUltracsTransfer" />
        <TestCategoryItem TestCategory="Process:L4ProcessPayment" />
      </TestCategory>
      <Execution id="060e98a7-0afa-4d88-ab65-62facaaa3d94" />
      <TestMethod codeBase="/codebuild/output/src563212923/src/Kiwibank-kb-cap-0cc8e8abec5297b8e3a35c2fcf6d6e0e0e42c0e0/services/pain/src/Testings.Integration/bin/Release/net8.0/Kiwibank.Payments.Pain.Testings.Integration.dll" adapterTypeName="executor://mstestadapter/v2" className="Kiwibank.Payments.Pain.Testings.Integration.TestFeatures.BusinessLogicTestsForPainFeature" name="PainValidationOnTextFields" />
    </UnitTest>
    <UnitTest name="PainValidationOnTextFields (DebtorAccountReference 13 chars,DebtorAccountReference,1234567890123,The length of 'Transfer Initiation Request Debtor Account Reference' must be 12 characters or fewer. You entered 13 characters.,)" storage="/codebuild/output/src563212923/src/kiwibank-kb-cap-0cc8e8abec5297b8e3a35c2fcf6d6e0e0e42c0e0/services/pain/src/testings.integration/bin/release/net8.0/kiwibank.payments.pain.testings.integration.dll" id="dd725057-4ec5-d159-a747-c22c263649f8">
      <TestCategory>
        <TestCategoryItem TestCategory="Outcome:L4ProcessPayment.UltracsUltracsTransfer" />
        <TestCategoryItem TestCategory="Process:L4ProcessPayment" />
      </TestCategory>
      <Execution id="de0bbc01-0adf-45cf-9757-69952869109e" />
      <TestMethod codeBase="/codebuild/output/src563212923/src/Kiwibank-kb-cap-0cc8e8abec5297b8e3a35c2fcf6d6e0e0e42c0e0/services/pain/src/Testings.Integration/bin/Release/net8.0/Kiwibank.Payments.Pain.Testings.Integration.dll" adapterTypeName="executor://mstestadapter/v2" className="Kiwibank.Payments.Pain.Testings.Integration.TestFeatures.BusinessLogicTestsForPainFeature" name="PainValidationOnTextFields" />
    </UnitTest>
    <UnitTest name="PainTransfersBusinessChecks (Debtor has insufficient funds,528127,lc_1da64147-37b7-4b14-bce6-8f04aa3d79b0,lc_26f971fd-1949-47e7-8282-0e2e501cf271,INSUFFICIENT_FUNDS,Account has insufficient funds to complete request,)" storage="/codebuild/output/src563212923/src/kiwibank-kb-cap-0cc8e8abec5297b8e3a35c2fcf6d6e0e0e42c0e0/services/pain/src/testings.integration/bin/release/net8.0/kiwibank.payments.pain.testings.integration.dll" id="7e52c93f-7f92-1179-10fd-a58f8916dfd8">
      <TestCategory>
        <TestCategoryItem TestCategory="Outcome:L4ProcessPayment.TMVTMVTransfer" />
        <TestCategoryItem TestCategory="Outcome:L4ProcessPayment.UltracsTMVTransfer" />
        <TestCategoryItem TestCategory="Outcome:L4ProcessPayment.UltracsUltracsTransfer" />
        <TestCategoryItem TestCategory="Process:L4ProcessPayment" />
        <TestCategoryItem TestCategory="Outcome:L4ProcessPayment.TMVUltracsTransfer" />
      </TestCategory>
      <Execution id="2068b2ab-ede3-4a3e-8ad4-0de9a1ee3385" />
      <TestMethod codeBase="/codebuild/output/src563212923/src/Kiwibank-kb-cap-0cc8e8abec5297b8e3a35c2fcf6d6e0e0e42c0e0/services/pain/src/Testings.Integration/bin/Release/net8.0/Kiwibank.Payments.Pain.Testings.Integration.dll" adapterTypeName="executor://mstestadapter/v2" className="Kiwibank.Payments.Pain.Testings.Integration.TestFeatures.PAINTransfersApiTestsInIntegrateFeature" name="PainTransfersBusinessChecks" />
    </UnitTest>
    <UnitTest name="PainValidationOnTextFields (DebtorAccountReference invalid chars,DebtorAccountReference,!@#$%^&amp;*()-=,'Transfer Initiation Request Debtor Account Reference' contains invalid characters.,)" storage="/codebuild/output/src563212923/src/kiwibank-kb-cap-0cc8e8abec5297b8e3a35c2fcf6d6e0e0e42c0e0/services/pain/src/testings.integration/bin/release/net8.0/kiwibank.payments.pain.testings.integration.dll" id="f5ea5989-e582-8926-6234-f3954c3df2ff">
      <TestCategory>
        <TestCategoryItem TestCategory="Outcome:L4ProcessPayment.UltracsUltracsTransfer" />
        <TestCategoryItem TestCategory="Process:L4ProcessPayment" />
      </TestCategory>
      <Execution id="58b3373e-0fa4-4712-bfb9-e5d069225ffb" />
      <TestMethod codeBase="/codebuild/output/src563212923/src/Kiwibank-kb-cap-0cc8e8abec5297b8e3a35c2fcf6d6e0e0e42c0e0/services/pain/src/Testings.Integration/bin/Release/net8.0/Kiwibank.Payments.Pain.Testings.Integration.dll" adapterTypeName="executor://mstestadapter/v2" className="Kiwibank.Payments.Pain.Testings.Integration.TestFeatures.BusinessLogicTestsForPainFeature" name="PainValidationOnTextFields" />
    </UnitTest>
    <UnitTest name="PainValidationOnTextFields (DebtorAccountCode invalid chars,DebtorAccountCode,!@#$%^&amp;*()-=,'Transfer Initiation Request Debtor Account Code' contains invalid characters.,)" storage="/codebuild/output/src563212923/src/kiwibank-kb-cap-0cc8e8abec5297b8e3a35c2fcf6d6e0e0e42c0e0/services/pain/src/testings.integration/bin/release/net8.0/kiwibank.payments.pain.testings.integration.dll" id="e50cbeca-e394-bad0-15a7-d86a0cda20ea">
      <TestCategory>
        <TestCategoryItem TestCategory="Outcome:L4ProcessPayment.UltracsUltracsTransfer" />
        <TestCategoryItem TestCategory="Process:L4ProcessPayment" />
      </TestCategory>
      <Execution id="74b1eeee-563f-4a92-9a12-ca4e83c20c02" />
      <TestMethod codeBase="/codebuild/output/src563212923/src/Kiwibank-kb-cap-0cc8e8abec5297b8e3a35c2fcf6d6e0e0e42c0e0/services/pain/src/Testings.Integration/bin/Release/net8.0/Kiwibank.Payments.Pain.Testings.Integration.dll" adapterTypeName="executor://mstestadapter/v2" className="Kiwibank.Payments.Pain.Testings.Integration.TestFeatures.BusinessLogicTestsForPainFeature" name="PainValidationOnTextFields" />
    </UnitTest>
    <UnitTest name="PainValidationOnAccountNumbers (Creditor ID invalid chars,lc_2ff00be3-5081-4171-8ba6-6f32f66ed70c,lc_a47b5129-4085-46b6-9f65-baf821fa6$%^,'Transfer Initiation Request Creditor Account Id' must be 1-40 characters and only contain letters, numbers, underscores, or hyphens.,$.errors[0].extensions.validationErrors[0].message,)" storage="/codebuild/output/src563212923/src/kiwibank-kb-cap-0cc8e8abec5297b8e3a35c2fcf6d6e0e0e42c0e0/services/pain/src/testings.integration/bin/release/net8.0/kiwibank.payments.pain.testings.integration.dll" id="857a1663-8620-fc7d-5e58-3b4259676fa3">
      <TestCategory>
        <TestCategoryItem TestCategory="Outcome:L4ProcessPayment.UltracsUltracsTransfer" />
        <TestCategoryItem TestCategory="Process:L4ProcessPayment" />
      </TestCategory>
      <Execution id="f957118d-5c86-4c6b-9fbd-6da350c72c52" />
      <TestMethod codeBase="/codebuild/output/src563212923/src/Kiwibank-kb-cap-0cc8e8abec5297b8e3a35c2fcf6d6e0e0e42c0e0/services/pain/src/Testings.Integration/bin/Release/net8.0/Kiwibank.Payments.Pain.Testings.Integration.dll" adapterTypeName="executor://mstestadapter/v2" className="Kiwibank.Payments.Pain.Testings.Integration.TestFeatures.BusinessLogicTestsForPainFeature" name="PainValidationOnAccountNumbers" />
    </UnitTest>
    <UnitTest name="PainValidationOnTextFields (CreditorAccountReference 13 chars,CreditorAccountReference,1234567890123,The length of 'Transfer Initiation Request Creditor Account Reference' must be 12 characters or fewer. You entered 13 characters.,)" storage="/codebuild/output/src563212923/src/kiwibank-kb-cap-0cc8e8abec5297b8e3a35c2fcf6d6e0e0e42c0e0/services/pain/src/testings.integration/bin/release/net8.0/kiwibank.payments.pain.testings.integration.dll" id="519bd28f-fdd6-3f47-4fde-b5c432d3e430">
      <TestCategory>
        <TestCategoryItem TestCategory="Outcome:L4ProcessPayment.UltracsUltracsTransfer" />
        <TestCategoryItem TestCategory="Process:L4ProcessPayment" />
      </TestCategory>
      <Execution id="db94ccdb-a777-4c87-8baa-0de7594e638d" />
      <TestMethod codeBase="/codebuild/output/src563212923/src/Kiwibank-kb-cap-0cc8e8abec5297b8e3a35c2fcf6d6e0e0e42c0e0/services/pain/src/Testings.Integration/bin/Release/net8.0/Kiwibank.Payments.Pain.Testings.Integration.dll" adapterTypeName="executor://mstestadapter/v2" className="Kiwibank.Payments.Pain.Testings.Integration.TestFeatures.BusinessLogicTestsForPainFeature" name="PainValidationOnTextFields" />
    </UnitTest>
    <UnitTest name="PainValidationOnAmounts (Amount is negative,-1.00,Maximum 10 digits with 2 decimals.,)" storage="/codebuild/output/src563212923/src/kiwibank-kb-cap-0cc8e8abec5297b8e3a35c2fcf6d6e0e0e42c0e0/services/pain/src/testings.integration/bin/release/net8.0/kiwibank.payments.pain.testings.integration.dll" id="42813fa0-c870-1e72-c467-75cb23e4acf4">
      <TestCategory>
        <TestCategoryItem TestCategory="Outcome:L4ProcessPayment.UltracsUltracsTransfer" />
        <TestCategoryItem TestCategory="Process:L4ProcessPayment" />
      </TestCategory>
      <Execution id="bdcfc5ff-e7c8-4035-acbf-096484b0be8e" />
      <TestMethod codeBase="/codebuild/output/src563212923/src/Kiwibank-kb-cap-0cc8e8abec5297b8e3a35c2fcf6d6e0e0e42c0e0/services/pain/src/Testings.Integration/bin/Release/net8.0/Kiwibank.Payments.Pain.Testings.Integration.dll" adapterTypeName="executor://mstestadapter/v2" className="Kiwibank.Payments.Pain.Testings.Integration.TestFeatures.BusinessLogicTestsForPainFeature" name="PainValidationOnAmounts" />
    </UnitTest>
    <UnitTest name="AccessNumberAndValidTransferAccountsDontMatch" storage="/codebuild/output/src563212923/src/kiwibank-kb-cap-0cc8e8abec5297b8e3a35c2fcf6d6e0e0e42c0e0/services/pain/src/testings.integration/bin/release/net8.0/kiwibank.payments.pain.testings.integration.dll" id="e446b993-66a5-721b-f84e-5cfa98d0bf57">
      <TestCategory>
        <TestCategoryItem TestCategory="Outcome:L4ProcessPayment.UltracsUltracsTransfer" />
        <TestCategoryItem TestCategory="Process:L4ProcessPayment" />
      </TestCategory>
      <Execution id="f9a6a9a9-649a-4517-9f8d-a81b28ac2748" />
      <TestMethod codeBase="/codebuild/output/src563212923/src/Kiwibank-kb-cap-0cc8e8abec5297b8e3a35c2fcf6d6e0e0e42c0e0/services/pain/src/Testings.Integration/bin/Release/net8.0/Kiwibank.Payments.Pain.Testings.Integration.dll" adapterTypeName="executor://mstestadapter/v2" className="Kiwibank.Payments.Pain.Testings.Integration.TestFeatures.InteractionsBetweenPainAndUASFeature" name="AccessNumberAndValidTransferAccountsDontMatch" />
    </UnitTest>
    <UnitTest name="PainTransfersCoreCombosHappyPaths (LegacyCore to LegacyCore,6652627,lc_2ff00be3-5081-4171-8ba6-6f32f66ed70c,lc_a47b5129-4085-46b6-9f65-baf821fa6b94,)" storage="/codebuild/output/src563212923/src/kiwibank-kb-cap-0cc8e8abec5297b8e3a35c2fcf6d6e0e0e42c0e0/services/pain/src/testings.integration/bin/release/net8.0/kiwibank.payments.pain.testings.integration.dll" id="3531a168-72f2-fca1-6ff3-3d6784600278">
      <TestCategory>
        <TestCategoryItem TestCategory="Outcome:L4ProcessPayment.TMVTMVTransfer" />
        <TestCategoryItem TestCategory="Outcome:L4ProcessPayment.UltracsTMVTransfer" />
        <TestCategoryItem TestCategory="Outcome:L4ProcessPayment.UltracsUltracsTransfer" />
        <TestCategoryItem TestCategory="Process:L4ProcessPayment" />
        <TestCategoryItem TestCategory="Outcome:L4ProcessPayment.TMVUltracsTransfer" />
      </TestCategory>
      <Execution id="79b691cd-170f-4c1e-b9a3-2e3725ddbd0a" />
      <TestMethod codeBase="/codebuild/output/src563212923/src/Kiwibank-kb-cap-0cc8e8abec5297b8e3a35c2fcf6d6e0e0e42c0e0/services/pain/src/Testings.Integration/bin/Release/net8.0/Kiwibank.Payments.Pain.Testings.Integration.dll" adapterTypeName="executor://mstestadapter/v2" className="Kiwibank.Payments.Pain.Testings.Integration.TestFeatures.PAINTransfersApiTestsInIntegrateFeature" name="PainTransfersCoreCombosHappyPaths" />
    </UnitTest>
    <UnitTest name="PainRejectsNzhl_CustomerTransfers" storage="/codebuild/output/src563212923/src/kiwibank-kb-cap-0cc8e8abec5297b8e3a35c2fcf6d6e0e0e42c0e0/services/pain/src/testings.integration/bin/release/net8.0/kiwibank.payments.pain.testings.integration.dll" id="e9a26a91-eac5-ca31-c5b0-cf6f108ea4e1">
      <TestCategory>
        <TestCategoryItem TestCategory="Outcome:L4ProcessPayment.UltracsUltracsTransfer" />
        <TestCategoryItem TestCategory="Process:L4ProcessPayment" />
      </TestCategory>
      <Execution id="81e76244-0979-4b8d-ba5e-d0b723936764" />
      <TestMethod codeBase="/codebuild/output/src563212923/src/Kiwibank-kb-cap-0cc8e8abec5297b8e3a35c2fcf6d6e0e0e42c0e0/services/pain/src/Testings.Integration/bin/Release/net8.0/Kiwibank.Payments.Pain.Testings.Integration.dll" adapterTypeName="executor://mstestadapter/v2" className="Kiwibank.Payments.Pain.Testings.Integration.TestFeatures.PAINAuthenticationFeature" name="PainRejectsNzhl_CustomerTransfers" />
    </UnitTest>
    <UnitTest name="PainValidationOnAccountNumbers (Creditor ID too long,lc_2ff00be3-5081-4171-8ba6-6f32f66ed70c,lc_a47b5129-4085-46b6-9f65-baf821fa6b94123,'Transfer Initiation Request Creditor Account Id' must be between 1 and 40 characters. You entered 42 characters.,$.errors[0].extensions.validationErrors[0].message,)" storage="/codebuild/output/src563212923/src/kiwibank-kb-cap-0cc8e8abec5297b8e3a35c2fcf6d6e0e0e42c0e0/services/pain/src/testings.integration/bin/release/net8.0/kiwibank.payments.pain.testings.integration.dll" id="eaf622d1-7de3-932b-2b22-c1a7680cfcdd">
      <TestCategory>
        <TestCategoryItem TestCategory="Outcome:L4ProcessPayment.UltracsUltracsTransfer" />
        <TestCategoryItem TestCategory="Process:L4ProcessPayment" />
      </TestCategory>
      <Execution id="45e08e42-f5ee-49a0-9a4e-a47af774ee09" />
      <TestMethod codeBase="/codebuild/output/src563212923/src/Kiwibank-kb-cap-0cc8e8abec5297b8e3a35c2fcf6d6e0e0e42c0e0/services/pain/src/Testings.Integration/bin/Release/net8.0/Kiwibank.Payments.Pain.Testings.Integration.dll" adapterTypeName="executor://mstestadapter/v2" className="Kiwibank.Payments.Pain.Testings.Integration.TestFeatures.BusinessLogicTestsForPainFeature" name="PainValidationOnAccountNumbers" />
    </UnitTest>
  </TestDefinitions>
  <TestEntries>
    <TestEntry testId="afb9cd69-b5fe-04c1-eadf-4d439dbc16a7" executionId="a01aa988-8226-47e1-b5d2-5164a74bf7e7" testListId="8c84fa94-04c1-424b-9868-57a2d4851a1d" />
    <TestEntry testId="519bd28f-fdd6-3f47-4fde-b5c432d3e430" executionId="db94ccdb-a777-4c87-8baa-0de7594e638d" testListId="8c84fa94-04c1-424b-9868-57a2d4851a1d" />
    <TestEntry testId="a6095b22-b0cc-4581-9545-60e5c12b1603" executionId="bae67b56-32c5-48c4-9f07-e93dfed9294f" testListId="8c84fa94-04c1-424b-9868-57a2d4851a1d" />
    <TestEntry testId="8952c872-cff2-fe8d-1b72-58fc9f5eccd9" executionId="75c293f6-d83c-44da-834b-949016f745e8" testListId="8c84fa94-04c1-424b-9868-57a2d4851a1d" />
    <TestEntry testId="4d0a7814-8793-3952-06bd-424d8da8581b" executionId="e32f8e98-053d-4745-a87d-752e8d462469" testListId="8c84fa94-04c1-424b-9868-57a2d4851a1d" />
    <TestEntry testId="cecae228-356b-66ca-4aa3-cc20fe45237c" executionId="a8ecb1f5-c274-4e28-8de7-7c8a4dad8ede" testListId="8c84fa94-04c1-424b-9868-57a2d4851a1d" />
    <TestEntry testId="543609a5-8759-ee9d-1d11-b96381c5c840" executionId="170ac4c0-0aa2-42b4-8513-2b20fa6ae041" testListId="8c84fa94-04c1-424b-9868-57a2d4851a1d" />
    <TestEntry testId="c36825ac-ab77-7371-c3f6-ce3c9df165c2" executionId="d19e72e8-f32d-4f9a-b462-8eaa1fb33fa3" testListId="8c84fa94-04c1-424b-9868-57a2d4851a1d" />
    <TestEntry testId="4b838005-93a0-94ec-0827-2ae6e9ef935d" executionId="20917c1f-1011-4dcc-9f85-76cd40852a39" testListId="8c84fa94-04c1-424b-9868-57a2d4851a1d" />
    <TestEntry testId="7e52c93f-7f92-1179-10fd-a58f8916dfd8" executionId="2068b2ab-ede3-4a3e-8ad4-0de9a1ee3385" testListId="8c84fa94-04c1-424b-9868-57a2d4851a1d" />
    <TestEntry testId="afc7ec3d-b388-16f6-9b15-2dc61cc7ba18" executionId="34c44ca4-61c2-4f0a-ac3b-511935c3bbb9" testListId="8c84fa94-04c1-424b-9868-57a2d4851a1d" />
    <TestEntry testId="7eae5a1d-1587-8c01-55e4-07df56693a61" executionId="ce288f90-53fe-41c1-aa2b-cbdcb60ccf3f" testListId="8c84fa94-04c1-424b-9868-57a2d4851a1d" />
    <TestEntry testId="e446b993-66a5-721b-f84e-5cfa98d0bf57" executionId="f9a6a9a9-649a-4517-9f8d-a81b28ac2748" testListId="8c84fa94-04c1-424b-9868-57a2d4851a1d" />
    <TestEntry testId="16cc09b9-961f-f835-21e0-5d11a58be156" executionId="ffb63302-b589-445a-b5f1-ebd8abf7be3a" testListId="8c84fa94-04c1-424b-9868-57a2d4851a1d" />
    <TestEntry testId="857a1663-8620-fc7d-5e58-3b4259676fa3" executionId="f957118d-5c86-4c6b-9fbd-6da350c72c52" testListId="8c84fa94-04c1-424b-9868-57a2d4851a1d" />
    <TestEntry testId="eaf622d1-7de3-932b-2b22-c1a7680cfcdd" executionId="45e08e42-f5ee-49a0-9a4e-a47af774ee09" testListId="8c84fa94-04c1-424b-9868-57a2d4851a1d" />
    <TestEntry testId="6cb87893-eb99-e64b-8333-dd4b56090f2a" executionId="0f2d108d-175e-433b-b143-dd6bdfbca68a" testListId="8c84fa94-04c1-424b-9868-57a2d4851a1d" />
    <TestEntry testId="3d6b90c8-c0eb-6113-9321-ce28922275cf" executionId="e9b37b45-6f92-42c0-8a8d-4becc4289aa0" testListId="8c84fa94-04c1-424b-9868-57a2d4851a1d" />
    <TestEntry testId="42813fa0-c870-1e72-c467-75cb23e4acf4" executionId="bdcfc5ff-e7c8-4035-acbf-096484b0be8e" testListId="8c84fa94-04c1-424b-9868-57a2d4851a1d" />
    <TestEntry testId="381ea2ec-7401-e279-91b2-778138ed66d9" executionId="a0850cad-fab4-4892-a844-3298c3f45d57" testListId="8c84fa94-04c1-424b-9868-57a2d4851a1d" />
    <TestEntry testId="60e70f57-134e-e7fe-6aaa-e8088fd9f622" executionId="ead9e53b-682f-4212-bf0d-78b58d04a6ef" testListId="8c84fa94-04c1-424b-9868-57a2d4851a1d" />
    <TestEntry testId="00980bf6-e88f-038c-b88b-ded38068738e" executionId="e8cbbdcc-1720-4f9c-abc5-9221dccaa74e" testListId="8c84fa94-04c1-424b-9868-57a2d4851a1d" />
    <TestEntry testId="54337e3e-81c1-48ef-6c8b-712d1fe36e44" executionId="2080b7b1-4b41-44b2-b8d6-a1a81953bad8" testListId="8c84fa94-04c1-424b-9868-57a2d4851a1d" />
    <TestEntry testId="0c4d36bd-46e3-a3fa-91ec-c5b14f66991b" executionId="107bf807-7702-4ea7-9c2b-0d466a20b720" testListId="8c84fa94-04c1-424b-9868-57a2d4851a1d" />
    <TestEntry testId="c084b585-9a9b-6cc8-e1c6-6e7dbb006b92" executionId="35dec370-d675-4f5c-aaf5-48b2bb148318" testListId="8c84fa94-04c1-424b-9868-57a2d4851a1d" />
    <TestEntry testId="e11e0881-2eb0-6af5-5d2a-1d4794526a7c" executionId="8115d76a-2530-49f4-b568-50d93ac4dc01" testListId="8c84fa94-04c1-424b-9868-57a2d4851a1d" />
    <TestEntry testId="13d14820-3526-8d82-8e1a-a3c81e369d7e" executionId="44137f77-d27c-4962-a015-61bc16d5bb23" testListId="8c84fa94-04c1-424b-9868-57a2d4851a1d" />
    <TestEntry testId="dd725057-4ec5-d159-a747-c22c263649f8" executionId="de0bbc01-0adf-45cf-9757-69952869109e" testListId="8c84fa94-04c1-424b-9868-57a2d4851a1d" />
    <TestEntry testId="f5ea5989-e582-8926-6234-f3954c3df2ff" executionId="58b3373e-0fa4-4712-bfb9-e5d069225ffb" testListId="8c84fa94-04c1-424b-9868-57a2d4851a1d" />
    <TestEntry testId="d06dd017-9b3b-4d51-ecc0-f4433d2717b6" executionId="eae69511-3e2b-4408-901d-2d2cb9a3b8c3" testListId="8c84fa94-04c1-424b-9868-57a2d4851a1d" />
    <TestEntry testId="fd44373c-f1b5-2346-afba-71a4b1157d29" executionId="4eb304ef-b9ab-4532-ac1c-fb68032ef945" testListId="8c84fa94-04c1-424b-9868-57a2d4851a1d" />
    <TestEntry testId="800a2182-a828-27ba-b872-5948839fa85d" executionId="dcf142ed-3eee-48b0-800c-d163a5e3a67f" testListId="8c84fa94-04c1-424b-9868-57a2d4851a1d" />
    <TestEntry testId="d43c5480-c716-2dc4-d971-fa86188417da" executionId="a5327f40-1e2f-4b01-9861-020303319d11" testListId="8c84fa94-04c1-424b-9868-57a2d4851a1d" />
    <TestEntry testId="e50cbeca-e394-bad0-15a7-d86a0cda20ea" executionId="74b1eeee-563f-4a92-9a12-ca4e83c20c02" testListId="8c84fa94-04c1-424b-9868-57a2d4851a1d" />
    <TestEntry testId="259a029f-0cc5-185f-b5fc-9593b10c15fe" executionId="62ca8ab6-dab9-4086-9ae5-1bb37b9094c0" testListId="8c84fa94-04c1-424b-9868-57a2d4851a1d" />
    <TestEntry testId="22e01879-86ce-6a2b-0986-da4a6d2c8487" executionId="cf4483d6-0624-4f11-8a55-5cee46f96f21" testListId="8c84fa94-04c1-424b-9868-57a2d4851a1d" />
    <TestEntry testId="fe9c5d37-ecca-64ed-13c8-2129551698ca" executionId="060e98a7-0afa-4d88-ab65-62facaaa3d94" testListId="8c84fa94-04c1-424b-9868-57a2d4851a1d" />
    <TestEntry testId="74b09c90-3d9e-74ad-7473-1d0412768359" executionId="b6c8f0fe-581a-4fc1-b0b0-d66e4b966c4e" testListId="8c84fa94-04c1-424b-9868-57a2d4851a1d" />
    <TestEntry testId="e9a26a91-eac5-ca31-c5b0-cf6f108ea4e1" executionId="81e76244-0979-4b8d-ba5e-d0b723936764" testListId="8c84fa94-04c1-424b-9868-57a2d4851a1d" />
    <TestEntry testId="ef4a22fb-2e86-67cf-febe-c41f2fefc4d5" executionId="ed9752c9-ce2b-47ff-aeb9-2aaf917d449a" testListId="8c84fa94-04c1-424b-9868-57a2d4851a1d" />
    <TestEntry testId="a200c054-3842-14ad-ed44-d1af0e0e89a1" executionId="abb32a0c-1013-4da6-aa0e-31a2ef2cb59d" testListId="8c84fa94-04c1-424b-9868-57a2d4851a1d" />
    <TestEntry testId="29965302-c4f8-21de-b5ef-363db8042454" executionId="a490c4c1-234b-4725-80d8-63309cda8ca7" testListId="8c84fa94-04c1-424b-9868-57a2d4851a1d" />
    <TestEntry testId="64a25a6e-9a5a-3006-cd96-befeabea82f6" executionId="b066166c-8b23-41a2-b342-2bc54a63fd66" testListId="8c84fa94-04c1-424b-9868-57a2d4851a1d" />
    <TestEntry testId="e340cbb9-e570-bc64-ac30-4fe59dd3e191" executionId="9f8c4368-3769-4a14-9478-d7b6996e1c26" testListId="8c84fa94-04c1-424b-9868-57a2d4851a1d" />
    <TestEntry testId="09dc3aa6-6a31-47d8-ad1e-e8ae4f72c491" executionId="877f6747-8b90-4846-8e5d-4d9f118596b6" testListId="8c84fa94-04c1-424b-9868-57a2d4851a1d" />
    <TestEntry testId="3531a168-72f2-fca1-6ff3-3d6784600278" executionId="79b691cd-170f-4c1e-b9a3-2e3725ddbd0a" testListId="8c84fa94-04c1-424b-9868-57a2d4851a1d" />
  </TestEntries>
  <TestLists>
    <TestList name="Results Not in a List" id="8c84fa94-04c1-424b-9868-57a2d4851a1d" />
    <TestList name="All Loaded Results" id="19431567-8539-422a-85d7-44ee4e166bda" />
  </TestLists>
  <ResultSummary outcome="Failed">
    <Counters total="46" executed="46" passed="44" failed="2" error="0" timeout="0" aborted="0" inconclusive="0" passedButRunAborted="0" notRunnable="0" notExecuted="0" disconnected="0" warning="0" completed="0" inProgress="0" pending="0" />
    <Output>
      <StdOut>[xUnit.net 00:00:00.00] xUnit.net VSTest Adapter v3.0.2+dd36e86129 (64-bit .NET 8.0.20)
[xUnit.net 00:00:00.10]   Discovering: Kiwibank.Payments.Pain.Testings.Integration
[xUnit.net 00:00:00.12]   Discovered:  Kiwibank.Payments.Pain.Testings.Integration
</StdOut>
    </Output>
  </ResultSummary>
</TestRun>