<?xml version="1.0" encoding="utf-8"?>
<TestRun id="909bd9e6-f301-4717-a9db-69c728fc3546" name="@ip-10-130-163-242 2025-09-05 12:23:56" xmlns="http://microsoft.com/schemas/VisualStudio/TeamTest/2010">
  <Times creation="2025-09-05T12:23:56.9915170+12:00" queuing="2025-09-05T12:23:56.9915171+12:00" start="2025-09-05T12:22:12.0855351+12:00" finish="2025-09-05T12:26:27.2170607+12:00" />
  <TestSettings name="default" id="60ef54f9-da08-4cd3-94c8-d1d46eacf0f3">
    <Deployment runDeploymentRoot="_ip-10-130-163-242_2025-09-05_12_23_56" />
  </TestSettings>
  <Results>
    <UnitTestResult executionId="ed020fb5-0449-4979-ad4a-8b2214288342" testId="e6a6ceda-dfef-7277-77b1-95458be43904" testName="POrchAPI_Invalid_Currency_Return_Error (AUD,400,)" computerName="ip-10-130-163-242" duration="00:00:00.0196087" startTime="2025-09-05T12:25:02.6571846+12:00" endTime="2025-09-05T12:25:02.6769331+12:00" testType="13cdc9d9-ddb5-4fa4-a97d-d965ccfc6d4b" outcome="Passed" testListId="8c84fa94-04c1-424b-9868-57a2d4851a1d" relativeResultsDirectory="ed020fb5-0449-4979-ad4a-8b2214288342">
      <Output>
        <StdOut>[2025-09-05 12:25:02 INF] Starting Test Execution: POrchAPI_Invalid_Currency_Return_Error:["[CurrencyValue, AUD]","[StatusCode, 400]"]
[2025-09-05 12:25:02 INF] Finished Test Execution: POrchAPI_Invalid_Currency_Return_Error
[2025-09-05 12:25:02 INF] ---------------------------------------------------



TestContext Messages:
Given a POrch PaymentRequest is created
-&gt; done: POrchAPIStepDefinitions.GivenAPOrchPaymentRequestIsCreated() (0.0s)
And the Payment Currency Field is AUD
-&gt; done: POrchAPIStepDefinitions.WhenTheCurrencyFieldIs("Payment", "AUD") (0.0s)
When POrch Payment API is called
-&gt; done: POrchAPIStepDefinitions.WhenPOrchAPIIsCalled("Payment") (0.0s)
Then the request should return status code 400
-&gt; done: POrchAPIStepDefinitions.ThenTheRequestShouldReturnStatusCode(400) (0.0s)</StdOut>
      </Output>
    </UnitTestResult>
    <UnitTestResult executionId="afbc3418-08fb-49d9-993d-611cb44d467c" testId="d5d0ad9c-ccbe-06a9-b9aa-ca9f6c51210e" testName="POrchAPI_Fraud_Retries (504,,)" computerName="ip-10-130-163-242" duration="00:00:01.6343240" startTime="2025-09-05T12:25:19.5550249+12:00" endTime="2025-09-05T12:25:21.1894999+12:00" testType="13cdc9d9-ddb5-4fa4-a97d-d965ccfc6d4b" outcome="Passed" testListId="8c84fa94-04c1-424b-9868-57a2d4851a1d" relativeResultsDirectory="afbc3418-08fb-49d9-993d-611cb44d467c">
      <Output>
        <StdOut>[2025-09-05 12:25:19 INF] Starting Test Execution: POrchAPI_Fraud_Retries:["[ErrorCode, 504]"]
[2025-09-05 12:25:19 INF] Mocks are not ready after 1 / 5 attempt(s). Expected 3 mock(s) to be registered with the manager and got 0.
[2025-09-05 12:25:19 INF] Successfully created map FraudErrorResponse_504_a844dbd9-33de-4114-9824-74cd7a241614_1 for /api/v1/financial-transaction-fraud-checks
[2025-09-05 12:25:19 INF] Successfully created map FraudSuccess_429bb8df-8521-4eb5-855c-4226c36afe71 for /api/v1/financial-transaction-fraud-checks
[2025-09-05 12:25:19 INF] Successfully created map MiddlewareMock_Success_dd2b58df-c1b9-4ebb-bddf-14033b0ffc3d for /initialisepaymentorder/basic
[2025-09-05 12:25:21 INF] Response has PaymentId: a6f6316a-cf56-4c3e-8c74-ffdbb3f3ee7b
[2025-09-05 12:25:21 INF] Finished Test Execution: POrchAPI_Fraud_Retries
[2025-09-05 12:25:21 INF] ---------------------------------------------------



TestContext Messages:
Given a POrch PaymentRequest is created
-&gt; done: POrchAPIStepDefinitions.GivenAPOrchPaymentRequestIsCreated() (0.0s)
And the credit Account is 389300099302202
-&gt; done: POrchAPIStepDefinitions.WhenTheCreditAccountIs("389300099302202") (0.0s)
And the Fraudcheck mock response will return 504 then 200
-&gt; done: POrchAPIStepDefinitions.GivenTheFraudcheckMockResponseWillReturnThen("504") (0.0s)
And MiddleWare Response is Success
-&gt; done: POrchAPIStepDefinitions.SetMiddlewareResponse("Success") (0.0s)
When POrch Payment API is called
-&gt; done: POrchAPIStepDefinitions.WhenPOrchAPIIsCalled("Payment") (1.6s)
Then the request should return status code 201
-&gt; done: POrchAPIStepDefinitions.ThenTheRequestShouldReturnStatusCode(201) (0.0s)</StdOut>
      </Output>
    </UnitTestResult>
    <UnitTestResult executionId="acb47d06-4de6-47cc-aabe-2d3d6df84521" testId="feec267f-5f3b-8ce3-d984-d9d9c2c9da27" testName="POrchAPI_TMVUltracs_Transfer_Invalid_Transfer_Reference_Return_Error (transfer to MR Test - 00,400,)" computerName="ip-10-130-163-242" duration="00:00:00.0066555" startTime="2025-09-05T12:26:27.0998957+12:00" endTime="2025-09-05T12:26:27.1066646+12:00" testType="13cdc9d9-ddb5-4fa4-a97d-d965ccfc6d4b" outcome="Passed" testListId="8c84fa94-04c1-424b-9868-57a2d4851a1d" relativeResultsDirectory="acb47d06-4de6-47cc-aabe-2d3d6df84521">
      <Output>
        <StdOut>[2025-09-05 12:26:27 INF] Starting Test Execution: POrchAPI_TMVUltracs_Transfer_Invalid_Transfer_Reference_Return_Error:["[TransferRefValue, transfer to MR Test - 00]","[StatusCode, 400]"]
[2025-09-05 12:26:27 INF] Finished Test Execution: POrchAPI_TMVUltracs_Transfer_Invalid_Transfer_Reference_Return_Error
[2025-09-05 12:26:27 INF] ---------------------------------------------------



TestContext Messages:
Given a TMV to Ultracs POrch TransferRequest is created
-&gt; done: POrchAPIStepDefinitions.ConditionalPOrchTransferRequestIsCreated("TMV", "Ultracs") (0.0s)
And the Transfer Reference is transfer to MR Test - 00
-&gt; done: POrchAPIStepDefinitions.TheTransferReferenceIs("transfer to MR Te...") (0.0s)
When POrch Transfer API is called
-&gt; done: POrchAPIStepDefinitions.WhenPOrchAPIIsCalled("Transfer") (0.0s)
Then the request should return status code 400
-&gt; done: POrchAPIStepDefinitions.ThenTheRequestShouldReturnStatusCode(400) (0.0s)</StdOut>
      </Output>
    </UnitTestResult>
    <UnitTestResult executionId="f9048179-9473-4e1b-97d2-9d5774e15817" testId="2acb2af8-f3fb-080e-8fda-e0eac2bb3f2e" testName="POrchAPI_Transfer_Invalid_Currency_Return_Error (nzd,400,)" computerName="ip-10-130-163-242" duration="00:00:00.0149440" startTime="2025-09-05T12:26:26.7354528+12:00" endTime="2025-09-05T12:26:26.7504940+12:00" testType="13cdc9d9-ddb5-4fa4-a97d-d965ccfc6d4b" outcome="Passed" testListId="8c84fa94-04c1-424b-9868-57a2d4851a1d" relativeResultsDirectory="f9048179-9473-4e1b-97d2-9d5774e15817">
      <Output>
        <StdOut>[2025-09-05 12:26:26 INF] Starting Test Execution: POrchAPI_Transfer_Invalid_Currency_Return_Error:["[CurrencyValue, nzd]","[StatusCode, 400]"]
[2025-09-05 12:26:26 INF] Finished Test Execution: POrchAPI_Transfer_Invalid_Currency_Return_Error
[2025-09-05 12:26:26 INF] ---------------------------------------------------



TestContext Messages:
Given a POrch TransferRequest is created
-&gt; done: POrchAPIStepDefinitions.GivenAPOrchTransferRequestIsCreated() (0.0s)
And the Transfer Currency Field is nzd
-&gt; done: POrchAPIStepDefinitions.WhenTheCurrencyFieldIs("Transfer", "nzd") (0.0s)
When POrch Transfer API is called
-&gt; done: POrchAPIStepDefinitions.WhenPOrchAPIIsCalled("Transfer") (0.0s)
Then the request should return status code 400
-&gt; done: POrchAPIStepDefinitions.ThenTheRequestShouldReturnStatusCode(400) (0.0s)</StdOut>
      </Output>
    </UnitTestResult>
    <UnitTestResult executionId="f275d12b-c81d-4527-bf32-6f57da45e6e2" testId="a310d40e-f014-60e6-7b2c-ec53a7367fc9" testName="POrchAPI_Fraud_Retries (408,,)" computerName="ip-10-130-163-242" duration="00:00:01.6362258" startTime="2025-09-05T12:25:21.1895576+12:00" endTime="2025-09-05T12:25:22.8259142+12:00" testType="13cdc9d9-ddb5-4fa4-a97d-d965ccfc6d4b" outcome="Passed" testListId="8c84fa94-04c1-424b-9868-57a2d4851a1d" relativeResultsDirectory="f275d12b-c81d-4527-bf32-6f57da45e6e2">
      <Output>
        <StdOut>[2025-09-05 12:25:21 INF] Starting Test Execution: POrchAPI_Fraud_Retries:["[ErrorCode, 408]"]
[2025-09-05 12:25:21 INF] Mocks are not ready after 1 / 5 attempt(s). Expected 3 mock(s) to be registered with the manager and got 0.
[2025-09-05 12:25:21 INF] Successfully created map FraudErrorResponse_408_08357953-b4b1-46ab-8dbd-6061e825d1bf_1 for /api/v1/financial-transaction-fraud-checks
[2025-09-05 12:25:21 INF] Successfully created map FraudSuccess_000be9ad-956a-49c5-aadb-6d9c84a68055 for /api/v1/financial-transaction-fraud-checks
[2025-09-05 12:25:21 INF] Successfully created map MiddlewareMock_Success_93ec116b-424c-4405-9dd2-a0ce14c2bcc5 for /initialisepaymentorder/basic
[2025-09-05 12:25:22 INF] Response has PaymentId: 74cef4d5-ddec-4e1e-9dcb-ad429329756c
[2025-09-05 12:25:22 INF] Finished Test Execution: POrchAPI_Fraud_Retries
[2025-09-05 12:25:22 INF] ---------------------------------------------------



TestContext Messages:
Given a POrch PaymentRequest is created
-&gt; done: POrchAPIStepDefinitions.GivenAPOrchPaymentRequestIsCreated() (0.0s)
And the credit Account is 389300099302202
-&gt; done: POrchAPIStepDefinitions.WhenTheCreditAccountIs("389300099302202") (0.0s)
And the Fraudcheck mock response will return 408 then 200
-&gt; done: POrchAPIStepDefinitions.GivenTheFraudcheckMockResponseWillReturnThen("408") (0.0s)
And MiddleWare Response is Success
-&gt; done: POrchAPIStepDefinitions.SetMiddlewareResponse("Success") (0.0s)
When POrch Payment API is called
-&gt; done: POrchAPIStepDefinitions.WhenPOrchAPIIsCalled("Payment") (1.6s)
Then the request should return status code 201
-&gt; done: POrchAPIStepDefinitions.ThenTheRequestShouldReturnStatusCode(201) (0.0s)</StdOut>
      </Output>
    </UnitTestResult>
    <UnitTestResult executionId="210aa2b0-5cf2-4842-b69f-add46bea9ed8" testId="3d87b9df-462b-a8e2-6ede-09a058082661" testName="POrchAPI_Valid_Creditor_Code_Return_Success (()+$*!;-/?:,201,)" computerName="ip-10-130-163-242" duration="00:00:01.0840624" startTime="2025-09-05T12:24:18.7204418+12:00" endTime="2025-09-05T12:24:19.8048114+12:00" testType="13cdc9d9-ddb5-4fa4-a97d-d965ccfc6d4b" outcome="Passed" testListId="8c84fa94-04c1-424b-9868-57a2d4851a1d" relativeResultsDirectory="210aa2b0-5cf2-4842-b69f-add46bea9ed8">
      <Output>
        <StdOut>[2025-09-05 12:24:18 INF] Starting Test Execution: POrchAPI_Valid_Creditor_Code_Return_Success:["[CreditorCodeValue, ()+$*!;-/?:]","[StatusCode, 201]"]
[2025-09-05 12:24:18 INF] Mocks are not ready after 1 / 5 attempt(s). Expected 2 mock(s) to be registered with the manager and got 0.
[2025-09-05 12:24:18 INF] Successfully created map FraudcheckMock_Authorize_dd79719c-1df2-4e3d-89a6-fbd2a5016b93 for /api/v1/financial-transaction-fraud-checks
[2025-09-05 12:24:18 INF] Successfully created map MiddlewareMock_Success_6bfedec7-2f79-4d23-bc0a-86f588aceeb0 for /initialisepaymentorder/basic
[2025-09-05 12:24:19 INF] Response has PaymentId: f55e91d6-e253-4995-a151-52637cddd3e6
[2025-09-05 12:24:19 INF] Finished Test Execution: POrchAPI_Valid_Creditor_Code_Return_Success
[2025-09-05 12:24:19 INF] ---------------------------------------------------



TestContext Messages:
Given a POrch PaymentRequest is created
-&gt; done: POrchAPIStepDefinitions.GivenAPOrchPaymentRequestIsCreated() (0.0s)
And the Payment Creditor Code is ()+$*!;-/?:
-&gt; done: POrchAPIStepDefinitions.WhenTheCreditorCodeIs("Payment", "()+$*!;-/?:") (0.0s)
And FraudCheck Response is Authorize
-&gt; done: POrchAPIStepDefinitions.SetFraudCheckResponse("Authorize") (0.0s)
And MiddleWare Response is Success
-&gt; done: POrchAPIStepDefinitions.SetMiddlewareResponse("Success") (0.0s)
When POrch Payment API is called
-&gt; done: POrchAPIStepDefinitions.WhenPOrchAPIIsCalled("Payment") (1.1s)
Then the request should return status code 201
-&gt; done: POrchAPIStepDefinitions.ThenTheRequestShouldReturnStatusCode(201) (0.0s)</StdOut>
      </Output>
    </UnitTestResult>
    <UnitTestResult executionId="97c3fc40-df7f-4621-a915-d7586a2040d7" testId="100bbf7a-69e8-fc51-888e-46253336c0ce" testName="POrchAPI_UltracsTMV_Transfer_Invalid_Transfer_Reference_Return_Error (TRANSFER FROM MR Test  00,400,)" computerName="ip-10-130-163-242" duration="00:00:00.0100289" startTime="2025-09-05T12:26:27.0586732+12:00" endTime="2025-09-05T12:26:27.0687931+12:00" testType="13cdc9d9-ddb5-4fa4-a97d-d965ccfc6d4b" outcome="Passed" testListId="8c84fa94-04c1-424b-9868-57a2d4851a1d" relativeResultsDirectory="97c3fc40-df7f-4621-a915-d7586a2040d7">
      <Output>
        <StdOut>[2025-09-05 12:26:27 INF] Starting Test Execution: POrchAPI_UltracsTMV_Transfer_Invalid_Transfer_Reference_Return_Error:["[TransferRefValue, TRANSFER FROM MR Test  00]","[StatusCode, 400]"]
[2025-09-05 12:26:27 INF] Finished Test Execution: POrchAPI_UltracsTMV_Transfer_Invalid_Transfer_Reference_Return_Error
[2025-09-05 12:26:27 INF] ---------------------------------------------------



TestContext Messages:
Given a Ultracs to TMV POrch TransferRequest is created
-&gt; done: POrchAPIStepDefinitions.ConditionalPOrchTransferRequestIsCreated("Ultracs", "TMV") (0.0s)
And the Transfer Reference is TRANSFER FROM MR Test  00
-&gt; done: POrchAPIStepDefinitions.TheTransferReferenceIs("TRANSFER FROM MR ...") (0.0s)
When POrch Transfer API is called
-&gt; done: POrchAPIStepDefinitions.WhenPOrchAPIIsCalled("Transfer") (0.0s)
Then the request should return status code 400
-&gt; done: POrchAPIStepDefinitions.ThenTheRequestShouldReturnStatusCode(400) (0.0s)</StdOut>
      </Output>
    </UnitTestResult>
    <UnitTestResult executionId="25205ac9-78fd-4ee0-874c-6eb9a1d59b40" testId="69685b74-7fc2-5b44-30db-5fa56ac301e3" testName="POrchAPI_Valid_Debtor_Code_Return_Success (=@#_%,.,201,)" computerName="ip-10-130-163-242" duration="00:00:01.1025043" startTime="2025-09-05T12:24:17.6175867+12:00" endTime="2025-09-05T12:24:18.7203542+12:00" testType="13cdc9d9-ddb5-4fa4-a97d-d965ccfc6d4b" outcome="Passed" testListId="8c84fa94-04c1-424b-9868-57a2d4851a1d" relativeResultsDirectory="25205ac9-78fd-4ee0-874c-6eb9a1d59b40">
      <Output>
        <StdOut>[2025-09-05 12:24:17 INF] Starting Test Execution: POrchAPI_Valid_Debtor_Code_Return_Success:["[DebtorCodeValue, =@#_%,.]","[StatusCode, 201]"]
[2025-09-05 12:24:17 INF] Mocks are not ready after 1 / 5 attempt(s). Expected 2 mock(s) to be registered with the manager and got 0.
[2025-09-05 12:24:17 INF] Successfully created map FraudcheckMock_Authorize_f355901b-6cb2-4cd5-b7d9-6035d5573cab for /api/v1/financial-transaction-fraud-checks
[2025-09-05 12:24:17 INF] Successfully created map MiddlewareMock_Success_5033c9d5-f63f-4289-a58a-7a9253eb097e for /initialisepaymentorder/basic
[2025-09-05 12:24:18 INF] Response has PaymentId: 300099ad-15f8-475e-bbc4-cce99b63d185
[2025-09-05 12:24:18 INF] Finished Test Execution: POrchAPI_Valid_Debtor_Code_Return_Success
[2025-09-05 12:24:18 INF] ---------------------------------------------------



TestContext Messages:
Given a POrch PaymentRequest is created
-&gt; done: POrchAPIStepDefinitions.GivenAPOrchPaymentRequestIsCreated() (0.0s)
And the Payment Debtor Code is =@#_%,.
-&gt; done: POrchAPIStepDefinitions.WhenTheDebtorCodeIs("Payment", "=@#_%,.") (0.0s)
And FraudCheck Response is Authorize
-&gt; done: POrchAPIStepDefinitions.SetFraudCheckResponse("Authorize") (0.0s)
And MiddleWare Response is Success
-&gt; done: POrchAPIStepDefinitions.SetMiddlewareResponse("Success") (0.0s)
When POrch Payment API is called
-&gt; done: POrchAPIStepDefinitions.WhenPOrchAPIIsCalled("Payment") (1.1s)
Then the request should return status code 201
-&gt; done: POrchAPIStepDefinitions.ThenTheRequestShouldReturnStatusCode(201) (0.0s)</StdOut>
      </Output>
    </UnitTestResult>
    <UnitTestResult executionId="1a5be862-6afc-47af-b05d-e3e1bb37363b" testId="0f49765d-7714-2e01-cacb-5bcb003533f7" testName="POrchAPI_Other_Fraud_Responses_Do_Not_Retry (Refer,409,)" computerName="ip-10-130-163-242" duration="00:00:00.0101902" startTime="2025-09-05T12:25:25.8735834+12:00" endTime="2025-09-05T12:25:25.8839059+12:00" testType="13cdc9d9-ddb5-4fa4-a97d-d965ccfc6d4b" outcome="Passed" testListId="8c84fa94-04c1-424b-9868-57a2d4851a1d" relativeResultsDirectory="1a5be862-6afc-47af-b05d-e3e1bb37363b">
      <Output>
        <StdOut>[2025-09-05 12:25:25 INF] Starting Test Execution: POrchAPI_Other_Fraud_Responses_Do_Not_Retry:["[Result, Refer]","[StatusCode, 409]"]
[2025-09-05 12:25:25 INF] Finished Test Execution: POrchAPI_Other_Fraud_Responses_Do_Not_Retry
[2025-09-05 12:25:25 INF] ---------------------------------------------------
[2025-09-05 12:25:25 INF] Successfully created map FraudErrorResponse_Refer_1a7c4701-5a9f-4234-9469-9456220ebda1_1 for /api/v1/financial-transaction-fraud-checks
[2025-09-05 12:25:25 INF] Successfully created map PartyActivityServiceMock_Created_7fb6890e-8269-4bca-9f1d-2de2e74c30af for /v2/activities
[2025-09-05 12:25:25 INF] Successfully created map MiddlewareMock_FrozenError_dcab0ace-5dd2-487a-8081-22f49f08c084 for /initialisepaymentorder/basic
[2025-09-05 12:25:25 INF] Successfully created map FraudSuccess_28f64191-f5d9-432b-8c94-446f8fa3f86b for /api/v1/financial-transaction-fraud-checks



TestContext Messages:
Given a POrch PaymentRequest is created
-&gt; done: POrchAPIStepDefinitions.GivenAPOrchPaymentRequestIsCreated() (0.0s)
And the Fraudcheck mock response will return Refer then 200
-&gt; done: POrchAPIStepDefinitions.GivenTheFraudcheckMockResponseWillReturnThen("Refer") (0.0s)
And MiddleWare Response is FrozenError
-&gt; done: POrchAPIStepDefinitions.SetMiddlewareResponse("FrozenError") (0.0s)
And the PAS response is Created
-&gt; done: POrchAPIStepDefinitions.ThePasResponseIs("Created") (0.0s)</StdOut>
      </Output>
    </UnitTestResult>
    <UnitTestResult executionId="906a1b0c-01ab-4436-9161-e71380d068ca" testId="912abe41-bb13-547c-08b8-149371040095" testName="POrchAPI_Transfer_Invalid_Debtor_Account_Source_Return_Error (&lt;null&gt;,400,'DebtorAccountSource' must not be empty.,)" computerName="ip-10-130-163-242" duration="00:00:00.0073135" startTime="2025-09-05T12:26:26.9940665+12:00" endTime="2025-09-05T12:26:27.0014985+12:00" testType="13cdc9d9-ddb5-4fa4-a97d-d965ccfc6d4b" outcome="Passed" testListId="8c84fa94-04c1-424b-9868-57a2d4851a1d" relativeResultsDirectory="906a1b0c-01ab-4436-9161-e71380d068ca">
      <Output>
        <StdOut>[2025-09-05 12:26:26 INF] Starting Test Execution: POrchAPI_Transfer_Invalid_Debtor_Account_Source_Return_Error:["[AccountSource, &lt;null&gt;]","[StatusCode, 400]","[ErrorMessage, 'DebtorAccountSource' must not be empty.]"]
[2025-09-05 12:26:27 INF] Finished Test Execution: POrchAPI_Transfer_Invalid_Debtor_Account_Source_Return_Error
[2025-09-05 12:26:27 INF] ---------------------------------------------------



TestContext Messages:
Given a POrch TransferRequest is created
-&gt; done: POrchAPIStepDefinitions.GivenAPOrchTransferRequestIsCreated() (0.0s)
And the transfer Debtor Account Source is &lt;null&gt;
-&gt; done: POrchAPIStepDefinitions.GivenTheTransferDebtorAccountSourceIs(null) (0.0s)
When POrch Transfer API is called
-&gt; done: POrchAPIStepDefinitions.WhenPOrchAPIIsCalled("Transfer") (0.0s)
Then the request should return status code 400
-&gt; done: POrchAPIStepDefinitions.ThenTheRequestShouldReturnStatusCode(400) (0.0s)
And the error message should be 'DebtorAccountSource' must not be empty.
-&gt; done: POrchAPIStepDefinitions.ThenTheErrorMessageShouldBeErrorMessage("'DebtorAccountSou...") (0.0s)</StdOut>
      </Output>
    </UnitTestResult>
    <UnitTestResult executionId="5a016903-67cc-41d3-9648-31f47eca1c7d" testId="eea8f669-6182-59fe-4fe6-631eec187179" testName="POrchAPI_TMVToUltracs_Negative_MiddleWare_Response_409 (AccountNumberIsInvalidError,409,)" computerName="ip-10-130-163-242" startTime="2025-09-05T12:26:12.5011221+12:00" endTime="2025-09-05T12:26:12.5011495+12:00" testType="13cdc9d9-ddb5-4fa4-a97d-d965ccfc6d4b" outcome="NotExecuted" testListId="8c84fa94-04c1-424b-9868-57a2d4851a1d" relativeResultsDirectory="5a016903-67cc-41d3-9648-31f47eca1c7d">
      <Output></Output>
    </UnitTestResult>
    <UnitTestResult executionId="3d4165bc-9534-42d2-966b-9aa63146460e" testId="a52497f5-e481-7b26-d6c5-a55a6ad7abb4" testName="POrchAPI_TMVToUltracs_Negative_MiddleWare_Response_409 (AccountIdentificationInsufficientError,409,)" computerName="ip-10-130-163-242" startTime="2025-09-05T12:26:12.5015963+12:00" endTime="2025-09-05T12:26:12.5016709+12:00" testType="13cdc9d9-ddb5-4fa4-a97d-d965ccfc6d4b" outcome="NotExecuted" testListId="8c84fa94-04c1-424b-9868-57a2d4851a1d" relativeResultsDirectory="3d4165bc-9534-42d2-966b-9aa63146460e">
      <Output></Output>
    </UnitTestResult>
    <UnitTestResult executionId="4e366201-fbfe-4f61-b5e1-765df6dceb17" testId="8a250861-9e55-1130-202a-5e79a2a0feae" testName="POrchAPI_Negative_FraudCheck_Response_Close_Middleware_409 (Refer,409,)" computerName="ip-10-130-163-242" duration="00:00:01.0764576" startTime="2025-09-05T12:24:44.7680729+12:00" endTime="2025-09-05T12:24:45.8447077+12:00" testType="13cdc9d9-ddb5-4fa4-a97d-d965ccfc6d4b" outcome="Passed" testListId="8c84fa94-04c1-424b-9868-57a2d4851a1d" relativeResultsDirectory="4e366201-fbfe-4f61-b5e1-765df6dceb17">
      <Output>
        <StdOut>[2025-09-05 12:24:44 INF] Starting Test Execution: POrchAPI_Negative_FraudCheck_Response_Close_Middleware_409:["[Result, Refer]","[StatusCode, 409]"]
[2025-09-05 12:24:44 INF] Successfully created map FraudcheckMock_Refer_8122510e-288a-4a46-81e6-9a78f2aea144 for /api/v1/financial-transaction-fraud-checks
[2025-09-05 12:24:44 INF] Mocks are not ready after 1 / 5 attempt(s). Expected 3 mock(s) to be registered with the manager and got 1.
[2025-09-05 12:24:44 INF] Successfully created map PartyActivityServiceMock_Created_0a8242ff-995f-43fb-b3c3-7f0402a30a38 for /v2/activities
[2025-09-05 12:24:44 INF] Successfully created map MiddlewareMock_FrozenError_004c0568-88ff-48f3-8a70-890392d94be5 for /initialisepaymentorder/basic
[2025-09-05 12:24:45 INF] Response has PaymentId: d35015d8-3f4e-42ab-bd50-b312660a8d51
[2025-09-05 12:24:45 INF] Finished Test Execution: POrchAPI_Negative_FraudCheck_Response_Close_Middleware_409
[2025-09-05 12:24:45 INF] ---------------------------------------------------



TestContext Messages:
Given a POrch PaymentRequest is created
-&gt; done: POrchAPIStepDefinitions.GivenAPOrchPaymentRequestIsCreated() (0.0s)
And FraudCheck Response is Refer
-&gt; done: POrchAPIStepDefinitions.SetFraudCheckResponse("Refer") (0.0s)
And MiddleWare Response is FrozenError
-&gt; done: POrchAPIStepDefinitions.SetMiddlewareResponse("FrozenError") (0.0s)
And the PAS response is Created
-&gt; done: POrchAPIStepDefinitions.ThePasResponseIs("Created") (0.0s)
When POrch Payment API is called
-&gt; done: POrchAPIStepDefinitions.WhenPOrchAPIIsCalled("Payment") (1.1s)
Then the request should return status code 409
-&gt; done: POrchAPIStepDefinitions.ThenTheRequestShouldReturnStatusCode(409) (0.0s)</StdOut>
      </Output>
    </UnitTestResult>
    <UnitTestResult executionId="30afb404-1f87-4ebf-9d3e-56adedfadc39" testId="e3d003eb-216d-67bb-ca2c-8e3b1ca8a7b8" testName="POrchAPI_Other_Middleware_Responses_Do_Not_Retry (FrozenError,409,)" computerName="ip-10-130-163-242" duration="00:00:01.0854115" startTime="2025-09-05T12:25:32.3881365+12:00" endTime="2025-09-05T12:25:33.4736958+12:00" testType="13cdc9d9-ddb5-4fa4-a97d-d965ccfc6d4b" outcome="Passed" testListId="8c84fa94-04c1-424b-9868-57a2d4851a1d" relativeResultsDirectory="30afb404-1f87-4ebf-9d3e-56adedfadc39">
      <Output>
        <StdOut>[2025-09-05 12:25:32 INF] Starting Test Execution: POrchAPI_Other_Middleware_Responses_Do_Not_Retry:["[Response, FrozenError]","[StatusCode, 409]"]
[2025-09-05 12:25:32 INF] Mocks are not ready after 1 / 5 attempt(s). Expected 3 mock(s) to be registered with the manager and got 0.
[2025-09-05 12:25:32 INF] Successfully created map FraudcheckMock_Authorize_664574a5-e6a5-4f4f-a5a0-b05d255f91d4 for /api/v1/financial-transaction-fraud-checks
[2025-09-05 12:25:32 INF] Successfully created map MiddlewareSuccess_1eac9c7a-dae9-4b7b-89df-2262993d9985 for /initialisepaymentorder/basic
[2025-09-05 12:25:32 INF] Successfully created map MiddlewareFailure_FrozenError_fd03cf09-fe94-4f13-81dd-8954b8e230c5_1 for /initialisepaymentorder/basic
[2025-09-05 12:25:33 INF] Response has PaymentId: ed0ca20d-926c-46ae-86fe-7f8e8cc50f0b
[2025-09-05 12:25:33 INF] Finished Test Execution: POrchAPI_Other_Middleware_Responses_Do_Not_Retry
[2025-09-05 12:25:33 INF] ---------------------------------------------------



TestContext Messages:
Given a POrch PaymentRequest is created
-&gt; done: POrchAPIStepDefinitions.GivenAPOrchPaymentRequestIsCreated() (0.0s)
And the credit Account is 389300099302202
-&gt; done: POrchAPIStepDefinitions.WhenTheCreditAccountIs("389300099302202") (0.0s)
And FraudCheck Response is Authorize
-&gt; done: POrchAPIStepDefinitions.SetFraudCheckResponse("Authorize") (0.0s)
And the Middleware responses will be FrozenError then 201
-&gt; done: POrchAPIStepDefinitions.GivenTheMiddlewareResponsesWillBe("FrozenError") (0.0s)
When POrch Payment API is called
-&gt; done: POrchAPIStepDefinitions.WhenPOrchAPIIsCalled("Payment") (1.1s)
Then the request should return status code 409
-&gt; done: POrchAPIStepDefinitions.ThenTheRequestShouldReturnStatusCode(409) (0.0s)</StdOut>
      </Output>
    </UnitTestResult>
    <UnitTestResult executionId="af5290c3-3548-43c2-8e33-5718264799b0" testId="cde0434b-bd2d-c388-0502-f1cc3498473d" testName="POrchAPI_Other_Fraud_Responses_Do_Not_Retry (Decline,409,)" computerName="ip-10-130-163-242" duration="00:00:00.0272203" startTime="2025-09-05T12:25:25.9138649+12:00" endTime="2025-09-05T12:25:25.9412438+12:00" testType="13cdc9d9-ddb5-4fa4-a97d-d965ccfc6d4b" outcome="Passed" testListId="8c84fa94-04c1-424b-9868-57a2d4851a1d" relativeResultsDirectory="af5290c3-3548-43c2-8e33-5718264799b0">
      <Output>
        <StdOut>[2025-09-05 12:25:25 INF] Starting Test Execution: POrchAPI_Other_Fraud_Responses_Do_Not_Retry:["[Result, Decline]","[StatusCode, 409]"]
[2025-09-05 12:25:25 INF] Finished Test Execution: POrchAPI_Other_Fraud_Responses_Do_Not_Retry
[2025-09-05 12:25:25 INF] ---------------------------------------------------
[2025-09-05 12:25:25 INF] Successfully created map PartyActivityServiceMock_Created_7b8768f0-a389-4855-93b5-7e7763da4451 for /v2/activities
[2025-09-05 12:25:25 INF] Successfully created map FraudErrorResponse_Decline_4174bfb1-dad7-401b-b2e6-2cef6e1562b1_1 for /api/v1/financial-transaction-fraud-checks
[2025-09-05 12:25:25 INF] Successfully created map FraudSuccess_deebb64b-074b-4316-bf02-89c565aeff6f for /api/v1/financial-transaction-fraud-checks
[2025-09-05 12:25:25 INF] Successfully created map MiddlewareMock_FrozenError_1ba35f74-7159-4edb-be4e-1656a67a1a85 for /initialisepaymentorder/basic
[2025-09-05 12:25:25 INF] Successfully created map PartyActivityServiceMock_Created_9f576551-a6d6-4fa7-83cc-cf18c283de43 for /v2/activities
[2025-09-05 12:25:25 INF] Successfully created map MiddlewareMock_FrozenError_7981e679-4e0e-44b7-85db-633e52bd51c4 for /initialisepaymentorder/basic
[2025-09-05 12:25:25 INF] Successfully created map FraudSuccess_5727d082-7fad-4bbf-ba1e-1b87339b0990 for /api/v1/financial-transaction-fraud-checks



TestContext Messages:
Given a POrch PaymentRequest is created
-&gt; done: POrchAPIStepDefinitions.GivenAPOrchPaymentRequestIsCreated() (0.0s)
And the Fraudcheck mock response will return Decline then 200
-&gt; done: POrchAPIStepDefinitions.GivenTheFraudcheckMockResponseWillReturnThen("Decline") (0.0s)
And MiddleWare Response is FrozenError
-&gt; done: POrchAPIStepDefinitions.SetMiddlewareResponse("FrozenError") (0.0s)
And the PAS response is Created
-&gt; done: POrchAPIStepDefinitions.ThePasResponseIs("Created") (0.0s)</StdOut>
      </Output>
    </UnitTestResult>
    <UnitTestResult executionId="d9ace298-1a4b-4e42-b379-9877c4a6964b" testId="7416401c-ea0e-cc6d-9990-152626aa5d18" testName="POrchAPI_TMVToTMV_Valid_Creditor_Reference_Return_Success (=@#_%,.,201,)" computerName="ip-10-130-163-242" duration="00:00:01.0698709" startTime="2025-09-05T12:25:55.0894791+12:00" endTime="2025-09-05T12:25:56.1594863+12:00" testType="13cdc9d9-ddb5-4fa4-a97d-d965ccfc6d4b" outcome="Passed" testListId="8c84fa94-04c1-424b-9868-57a2d4851a1d" relativeResultsDirectory="d9ace298-1a4b-4e42-b379-9877c4a6964b">
      <Output>
        <StdOut>[2025-09-05 12:25:55 INF] Starting Test Execution: POrchAPI_TMVToTMV_Valid_Creditor_Reference_Return_Success:["[CreditorReferenceValue, =@#_%,.]","[StatusCode, 201]"]
[2025-09-05 12:25:55 INF] Mocks are not ready after 1 / 5 attempt(s). Expected 1 mock(s) to be registered with the manager and got 0.
[2025-09-05 12:25:55 INF] Successfully created map AdpsMock_Success_b4ef9dc0-91d3-4f76-91cf-b2e7815507c5 for /api/v1/payment-instruction/domestic/immediate
[2025-09-05 12:25:56 INF] Response has PaymentId: 309b5fca-1e57-4b4f-a336-76cd7a16b593
[2025-09-05 12:25:56 INF] Finished Test Execution: POrchAPI_TMVToTMV_Valid_Creditor_Reference_Return_Success
[2025-09-05 12:25:56 INF] ---------------------------------------------------



TestContext Messages:
Given a TMV to TMV POrch TransferRequest is created
-&gt; done: POrchAPIStepDefinitions.ConditionalPOrchTransferRequestIsCreated("TMV", "TMV") (0.0s)
And the Transfer Creditor Reference is =@#_%,.
-&gt; done: POrchAPIStepDefinitions.WhenTheCreditorReferenceIs("Transfer", "=@#_%,.") (0.0s)
And ADPS Response is Success
-&gt; done: POrchAPIStepDefinitions.SetAdpsResponse("Success") (0.0s)
When POrch Transfer API is called
-&gt; done: POrchAPIStepDefinitions.WhenPOrchAPIIsCalled("Transfer") (1.1s)
Then the request should return status code 201
-&gt; done: POrchAPIStepDefinitions.ThenTheRequestShouldReturnStatusCode(201) (0.0s)</StdOut>
      </Output>
    </UnitTestResult>
    <UnitTestResult executionId="c4b127e4-10b9-41ce-be79-c97cd7ba9772" testId="0f05724c-ecb1-a49e-a7ab-eb22e8343906" testName="POrchAPI_Negative_FraudCheck_Response_Frozen_Middleware_409 (Decline,409,)" computerName="ip-10-130-163-242" duration="00:00:01.1187714" startTime="2025-09-05T12:24:39.3526745+12:00" endTime="2025-09-05T12:24:40.4716396+12:00" testType="13cdc9d9-ddb5-4fa4-a97d-d965ccfc6d4b" outcome="Passed" testListId="8c84fa94-04c1-424b-9868-57a2d4851a1d" relativeResultsDirectory="c4b127e4-10b9-41ce-be79-c97cd7ba9772">
      <Output>
        <StdOut>[2025-09-05 12:24:39 INF] Starting Test Execution: POrchAPI_Negative_FraudCheck_Response_Frozen_Middleware_409:["[Result, Decline]","[StatusCode, 409]"]
[2025-09-05 12:24:39 INF] Successfully created map MiddlewareMock_FrozenError_5c479ded-b060-4a04-821f-d13460fbf516 for /initialisepaymentorder/basic
[2025-09-05 12:24:39 INF] Successfully created map FraudcheckMock_Decline_28367716-ec59-4c95-8322-f9de2fd97fa2 for /api/v1/financial-transaction-fraud-checks
[2025-09-05 12:24:39 INF] Mocks are not ready after 1 / 5 attempt(s). Expected 3 mock(s) to be registered with the manager and got 2.
[2025-09-05 12:24:39 INF] Successfully created map PartyActivityServiceMock_Created_f52d84c0-e96e-4ee4-981d-fbee194d9e00 for /v2/activities
[2025-09-05 12:24:40 INF] Response has PaymentId: b43870f3-641d-437c-ad97-b85b947335bc
[2025-09-05 12:24:40 INF] Finished Test Execution: POrchAPI_Negative_FraudCheck_Response_Frozen_Middleware_409
[2025-09-05 12:24:40 INF] ---------------------------------------------------



TestContext Messages:
Given a POrch PaymentRequest is created
-&gt; done: POrchAPIStepDefinitions.GivenAPOrchPaymentRequestIsCreated() (0.0s)
And FraudCheck Response is Decline
-&gt; done: POrchAPIStepDefinitions.SetFraudCheckResponse("Decline") (0.0s)
And MiddleWare Response is FrozenError
-&gt; done: POrchAPIStepDefinitions.SetMiddlewareResponse("FrozenError") (0.0s)
And the PAS response is Created
-&gt; done: POrchAPIStepDefinitions.ThePasResponseIs("Created") (0.0s)
When POrch Payment API is called
-&gt; done: POrchAPIStepDefinitions.WhenPOrchAPIIsCalled("Payment") (1.1s)
Then the request should return status code 409
-&gt; done: POrchAPIStepDefinitions.ThenTheRequestShouldReturnStatusCode(409) (0.0s)</StdOut>
      </Output>
    </UnitTestResult>
    <UnitTestResult executionId="323bd2d2-a780-48f7-8b54-f0e2194b13cb" testId="42a3bc4d-02bc-8094-0907-2e9fbb08778b" testName="POrchAPI_TMVToTMV_Valid_Debtor_Code_Return_Success (()+$*!;-/?:,201,)" computerName="ip-10-130-163-242" duration="00:00:01.0743715" startTime="2025-09-05T12:25:49.7392381+12:00" endTime="2025-09-05T12:25:50.8137681+12:00" testType="13cdc9d9-ddb5-4fa4-a97d-d965ccfc6d4b" outcome="Passed" testListId="8c84fa94-04c1-424b-9868-57a2d4851a1d" relativeResultsDirectory="323bd2d2-a780-48f7-8b54-f0e2194b13cb">
      <Output>
        <StdOut>[2025-09-05 12:25:49 INF] Starting Test Execution: POrchAPI_TMVToTMV_Valid_Debtor_Code_Return_Success:["[DebtorCodeValue, ()+$*!;-/?:]","[StatusCode, 201]"]
[2025-09-05 12:25:49 INF] Mocks are not ready after 1 / 5 attempt(s). Expected 1 mock(s) to be registered with the manager and got 0.
[2025-09-05 12:25:49 INF] Successfully created map AdpsMock_Success_bb751bfd-b5a5-4eeb-8bf4-230099df249b for /api/v1/payment-instruction/domestic/immediate
[2025-09-05 12:25:50 INF] Response has PaymentId: c91c989b-121b-4b0d-bdb8-9fd506037242
[2025-09-05 12:25:50 INF] Finished Test Execution: POrchAPI_TMVToTMV_Valid_Debtor_Code_Return_Success
[2025-09-05 12:25:50 INF] ---------------------------------------------------



TestContext Messages:
Given a TMV to TMV POrch TransferRequest is created
-&gt; done: POrchAPIStepDefinitions.ConditionalPOrchTransferRequestIsCreated("TMV", "TMV") (0.0s)
And the Transfer Debtor Code is ()+$*!;-/?:
-&gt; done: POrchAPIStepDefinitions.WhenTheDebtorCodeIs("Transfer", "()+$*!;-/?:") (0.0s)
And ADPS Response is Success
-&gt; done: POrchAPIStepDefinitions.SetAdpsResponse("Success") (0.0s)
When POrch Transfer API is called
-&gt; done: POrchAPIStepDefinitions.WhenPOrchAPIIsCalled("Transfer") (1.1s)
Then the request should return status code 201
-&gt; done: POrchAPIStepDefinitions.ThenTheRequestShouldReturnStatusCode(201) (0.0s)</StdOut>
      </Output>
    </UnitTestResult>
    <UnitTestResult executionId="7ebf92c9-d019-477b-9541-26c440f948bb" testId="0e9c9dc4-cb99-11e9-939a-074176508061" testName="POrchAPI_Valid_Creditor_Particulars_Return_Success (=@#_%,.,201,)" computerName="ip-10-130-163-242" duration="00:00:01.0945771" startTime="2025-09-05T12:24:15.4393233+12:00" endTime="2025-09-05T12:24:16.5341986+12:00" testType="13cdc9d9-ddb5-4fa4-a97d-d965ccfc6d4b" outcome="Passed" testListId="8c84fa94-04c1-424b-9868-57a2d4851a1d" relativeResultsDirectory="7ebf92c9-d019-477b-9541-26c440f948bb">
      <Output>
        <StdOut>[2025-09-05 12:24:15 INF] Starting Test Execution: POrchAPI_Valid_Creditor_Particulars_Return_Success:["[CreditorParticularsValue, =@#_%,.]","[StatusCode, 201]"]
[2025-09-05 12:24:15 INF] Mocks are not ready after 1 / 5 attempt(s). Expected 2 mock(s) to be registered with the manager and got 0.
[2025-09-05 12:24:15 INF] Successfully created map FraudcheckMock_Authorize_7537a2be-bafb-4445-807c-98c5f551b5d0 for /api/v1/financial-transaction-fraud-checks
[2025-09-05 12:24:15 INF] Successfully created map MiddlewareMock_Success_9c2c9fcb-0aef-4921-8cf0-aace5dfe5b2c for /initialisepaymentorder/basic
[2025-09-05 12:24:16 INF] Response has PaymentId: db943c23-3be6-4b38-a857-9233c5bdee6b
[2025-09-05 12:24:16 INF] Finished Test Execution: POrchAPI_Valid_Creditor_Particulars_Return_Success
[2025-09-05 12:24:16 INF] ---------------------------------------------------



TestContext Messages:
Given a POrch PaymentRequest is created
-&gt; done: POrchAPIStepDefinitions.GivenAPOrchPaymentRequestIsCreated() (0.0s)
And the Payment Creditor particulars is =@#_%,.
-&gt; done: POrchAPIStepDefinitions.WhenTheCreditorParticularsIs("Payment", "=@#_%,.") (0.0s)
And FraudCheck Response is Authorize
-&gt; done: POrchAPIStepDefinitions.SetFraudCheckResponse("Authorize") (0.0s)
And MiddleWare Response is Success
-&gt; done: POrchAPIStepDefinitions.SetMiddlewareResponse("Success") (0.0s)
When POrch Payment API is called
-&gt; done: POrchAPIStepDefinitions.WhenPOrchAPIIsCalled("Payment") (1.1s)
Then the request should return status code 201
-&gt; done: POrchAPIStepDefinitions.ThenTheRequestShouldReturnStatusCode(201) (0.0s)</StdOut>
      </Output>
    </UnitTestResult>
    <UnitTestResult executionId="68fc6e30-b05e-418a-bfee-079700cec6bf" testId="018ced43-41c2-42e8-f806-f4bb8c3aa21c" testName="POrchAPI_UltracsToTMV_Valid_Debtor_Code_Return_Success (()+$*!;-/?:,201,)" computerName="ip-10-130-163-242" duration="00:00:01.0934262" startTime="2025-09-05T12:26:17.9654044+12:00" endTime="2025-09-05T12:26:19.0589854+12:00" testType="13cdc9d9-ddb5-4fa4-a97d-d965ccfc6d4b" outcome="Passed" testListId="8c84fa94-04c1-424b-9868-57a2d4851a1d" relativeResultsDirectory="68fc6e30-b05e-418a-bfee-079700cec6bf">
      <Output>
        <StdOut>[2025-09-05 12:26:17 INF] Starting Test Execution: POrchAPI_UltracsToTMV_Valid_Debtor_Code_Return_Success:["[DebtorCodeValue, ()+$*!;-/?:]","[StatusCode, 201]"]
[2025-09-05 12:26:17 INF] Mocks are not ready after 1 / 5 attempt(s). Expected 2 mock(s) to be registered with the manager and got 0.
[2025-09-05 12:26:17 INF] Successfully created map AdpsMock_Success_434f81e8-8b2b-49d6-85b9-c0abff9a118e for /api/v1/payment-instruction/domestic/immediate
[2025-09-05 12:26:17 INF] Successfully created map MiddlewareMock_Success_46e2b01b-7dc2-49a1-92a4-9e1998e9ec0e for /initialisepaymentorder/basic
[2025-09-05 12:26:19 INF] Response has PaymentId: 40b7b657-6982-42aa-993d-6b1c0800f0d7
[2025-09-05 12:26:19 INF] Finished Test Execution: POrchAPI_UltracsToTMV_Valid_Debtor_Code_Return_Success
[2025-09-05 12:26:19 INF] ---------------------------------------------------



TestContext Messages:
Given a Ultracs to TMV POrch TransferRequest is created
-&gt; done: POrchAPIStepDefinitions.ConditionalPOrchTransferRequestIsCreated("Ultracs", "TMV") (0.0s)
And the Transfer Debtor Code is ()+$*!;-/?:
-&gt; done: POrchAPIStepDefinitions.WhenTheDebtorCodeIs("Transfer", "()+$*!;-/?:") (0.0s)
And ADPS Response is Success
-&gt; done: POrchAPIStepDefinitions.SetAdpsResponse("Success") (0.0s)
And MiddleWare Response is Success
-&gt; done: POrchAPIStepDefinitions.SetMiddlewareResponse("Success") (0.0s)
When POrch Transfer API is called
-&gt; done: POrchAPIStepDefinitions.WhenPOrchAPIIsCalled("Transfer") (1.1s)
Then the request should return status code 201
-&gt; done: POrchAPIStepDefinitions.ThenTheRequestShouldReturnStatusCode(201) (0.0s)</StdOut>
      </Output>
    </UnitTestResult>
    <UnitTestResult executionId="538f14f1-fb4c-4114-9e79-da1a87abe7a3" testId="1e8e6330-c538-1157-ece4-73d09ac62670" testName="POrchAPI_Valid_Debtor_Reference_Return_Success (()+$*!;-/?:,201,)" computerName="ip-10-130-163-242" duration="00:00:01.0972588" startTime="2025-09-05T12:24:23.0406120+12:00" endTime="2025-09-05T12:24:24.1381126+12:00" testType="13cdc9d9-ddb5-4fa4-a97d-d965ccfc6d4b" outcome="Passed" testListId="8c84fa94-04c1-424b-9868-57a2d4851a1d" relativeResultsDirectory="538f14f1-fb4c-4114-9e79-da1a87abe7a3">
      <Output>
        <StdOut>[2025-09-05 12:24:23 INF] Starting Test Execution: POrchAPI_Valid_Debtor_Reference_Return_Success:["[DebtorReferenceValue, ()+$*!;-/?:]","[StatusCode, 201]"]
[2025-09-05 12:24:23 INF] Mocks are not ready after 1 / 5 attempt(s). Expected 2 mock(s) to be registered with the manager and got 0.
[2025-09-05 12:24:23 INF] Successfully created map FraudcheckMock_Authorize_fcb6e974-5c7c-4eeb-a80b-a55625f8bda2 for /api/v1/financial-transaction-fraud-checks
[2025-09-05 12:24:23 INF] Successfully created map MiddlewareMock_Success_bd57bb3c-cabe-4250-82a6-297090683394 for /initialisepaymentorder/basic
[2025-09-05 12:24:24 INF] Response has PaymentId: b782f860-73c1-4326-b894-45e83a428295
[2025-09-05 12:24:24 INF] Finished Test Execution: POrchAPI_Valid_Debtor_Reference_Return_Success
[2025-09-05 12:24:24 INF] ---------------------------------------------------



TestContext Messages:
Given a POrch PaymentRequest is created
-&gt; done: POrchAPIStepDefinitions.GivenAPOrchPaymentRequestIsCreated() (0.0s)
And the Payment Debtor Reference is ()+$*!;-/?:
-&gt; done: POrchAPIStepDefinitions.WhenTheDebtorReferenceIs("Payment", "()+$*!;-/?:") (0.0s)
And FraudCheck Response is Authorize
-&gt; done: POrchAPIStepDefinitions.SetFraudCheckResponse("Authorize") (0.0s)
And MiddleWare Response is Success
-&gt; done: POrchAPIStepDefinitions.SetMiddlewareResponse("Success") (0.0s)
When POrch Payment API is called
-&gt; done: POrchAPIStepDefinitions.WhenPOrchAPIIsCalled("Payment") (1.1s)
Then the request should return status code 201
-&gt; done: POrchAPIStepDefinitions.ThenTheRequestShouldReturnStatusCode(201) (0.0s)</StdOut>
      </Output>
    </UnitTestResult>
    <UnitTestResult executionId="87668aaf-eba1-46e7-84a2-4254c573718a" testId="e1f7352b-0f9a-6b65-cb9b-1232c6779ad0" testName="POrchAPI_Transfer_Invalid_Credit_Account_Return_Error (38231234562856345,400,)" computerName="ip-10-130-163-242" duration="00:00:00.0077265" startTime="2025-09-05T12:26:26.8002114+12:00" endTime="2025-09-05T12:26:26.8080350+12:00" testType="13cdc9d9-ddb5-4fa4-a97d-d965ccfc6d4b" outcome="Passed" testListId="8c84fa94-04c1-424b-9868-57a2d4851a1d" relativeResultsDirectory="87668aaf-eba1-46e7-84a2-4254c573718a">
      <Output>
        <StdOut>[2025-09-05 12:26:26 INF] Starting Test Execution: POrchAPI_Transfer_Invalid_Credit_Account_Return_Error:["[CreditAccounValue, 38231234562856345]","[StatusCode, 400]"]
[2025-09-05 12:26:26 INF] Finished Test Execution: POrchAPI_Transfer_Invalid_Credit_Account_Return_Error
[2025-09-05 12:26:26 INF] ---------------------------------------------------



TestContext Messages:
Given a POrch TransferRequest is created
-&gt; done: POrchAPIStepDefinitions.GivenAPOrchTransferRequestIsCreated() (0.0s)
And the Transfer Credit Account field is &lt;CreditAccountValue&gt;
-&gt; done: POrchAPIStepDefinitions.WhenTheCreditAccountFieldIs("Transfer", "&lt;CreditAccountValue&gt;") (0.0s)
When POrch Transfer API is called
-&gt; done: POrchAPIStepDefinitions.WhenPOrchAPIIsCalled("Transfer") (0.0s)
Then the request should return status code 400
-&gt; done: POrchAPIStepDefinitions.ThenTheRequestShouldReturnStatusCode(400) (0.0s)</StdOut>
      </Output>
    </UnitTestResult>
    <UnitTestResult executionId="f3c82c87-00be-4f64-8a2b-52ad47c54dc4" testId="ef366ad6-05cd-30d5-8f23-368e1f3db7b0" testName="POrchAPI_TMVToTMV_Valid_Debtor_Reference_Return_Success (=@#_%,.,201,)" computerName="ip-10-130-163-242" duration="00:00:01.0696947" startTime="2025-09-05T12:25:57.2273780+12:00" endTime="2025-09-05T12:25:58.2977140+12:00" testType="13cdc9d9-ddb5-4fa4-a97d-d965ccfc6d4b" outcome="Passed" testListId="8c84fa94-04c1-424b-9868-57a2d4851a1d" relativeResultsDirectory="f3c82c87-00be-4f64-8a2b-52ad47c54dc4">
      <Output>
        <StdOut>[2025-09-05 12:25:57 INF] Starting Test Execution: POrchAPI_TMVToTMV_Valid_Debtor_Reference_Return_Success:["[DebtorReferenceValue, =@#_%,.]","[StatusCode, 201]"]
[2025-09-05 12:25:57 INF] Mocks are not ready after 1 / 5 attempt(s). Expected 1 mock(s) to be registered with the manager and got 0.
[2025-09-05 12:25:57 INF] Successfully created map AdpsMock_Success_09a963a1-7c11-4309-a13c-7de1256fb090 for /api/v1/payment-instruction/domestic/immediate
[2025-09-05 12:25:58 INF] Response has PaymentId: f2ef80f2-3186-4b88-9636-e1c1ba3b061c
[2025-09-05 12:25:58 INF] Finished Test Execution: POrchAPI_TMVToTMV_Valid_Debtor_Reference_Return_Success
[2025-09-05 12:25:58 INF] ---------------------------------------------------



TestContext Messages:
Given a TMV to TMV POrch TransferRequest is created
-&gt; done: POrchAPIStepDefinitions.ConditionalPOrchTransferRequestIsCreated("TMV", "TMV") (0.0s)
And the Transfer Debtor Reference is =@#_%,.
-&gt; done: POrchAPIStepDefinitions.WhenTheDebtorReferenceIs("Transfer", "=@#_%,.") (0.0s)
And ADPS Response is Success
-&gt; done: POrchAPIStepDefinitions.SetAdpsResponse("Success") (0.0s)
When POrch Transfer API is called
-&gt; done: POrchAPIStepDefinitions.WhenPOrchAPIIsCalled("Transfer") (1.1s)
Then the request should return status code 201
-&gt; done: POrchAPIStepDefinitions.ThenTheRequestShouldReturnStatusCode(201) (0.0s)</StdOut>
      </Output>
    </UnitTestResult>
    <UnitTestResult executionId="32ef6e9a-e0ba-40ea-b0b4-9e6ba095b94a" testId="e6d1c36d-6dd6-74e8-a2bb-c4429896bd7c" testName="POrchAPI_Transfer_Invalid_Debit_Account_Return_Error (38231234562856345,400,)" computerName="ip-10-130-163-242" duration="00:00:00.0081057" startTime="2025-09-05T12:26:26.7750003+12:00" endTime="2025-09-05T12:26:26.7832050+12:00" testType="13cdc9d9-ddb5-4fa4-a97d-d965ccfc6d4b" outcome="Passed" testListId="8c84fa94-04c1-424b-9868-57a2d4851a1d" relativeResultsDirectory="32ef6e9a-e0ba-40ea-b0b4-9e6ba095b94a">
      <Output>
        <StdOut>[2025-09-05 12:26:26 INF] Starting Test Execution: POrchAPI_Transfer_Invalid_Debit_Account_Return_Error:["[DebitAccountValue, 38231234562856345]","[StatusCode, 400]"]
[2025-09-05 12:26:26 INF] Finished Test Execution: POrchAPI_Transfer_Invalid_Debit_Account_Return_Error
[2025-09-05 12:26:26 INF] ---------------------------------------------------



TestContext Messages:
Given a POrch TransferRequest is created
-&gt; done: POrchAPIStepDefinitions.GivenAPOrchTransferRequestIsCreated() (0.0s)
And the Transfer Debit Account field is 38231234562856345
-&gt; done: POrchAPIStepDefinitions.WhenTheDebitAccountFieldIs("Transfer", "38231234562856345") (0.0s)
When POrch Transfer API is called
-&gt; done: POrchAPIStepDefinitions.WhenPOrchAPIIsCalled("Transfer") (0.0s)
Then the request should return status code 400
-&gt; done: POrchAPIStepDefinitions.ThenTheRequestShouldReturnStatusCode(400) (0.0s)</StdOut>
      </Output>
    </UnitTestResult>
    <UnitTestResult executionId="80ac3f63-d8ff-4baf-bcfb-c00c71838f8a" testId="8fe1e456-62c1-1f3d-ba20-1f75ca2590ef" testName="POrchAPI_UltracsToTMV_Valid_Debtor_Particulars_Return_Success (()+$*!;-/?:,201,)" computerName="ip-10-130-163-242" duration="00:00:01.0929024" startTime="2025-09-05T12:26:13.5999234+12:00" endTime="2025-09-05T12:26:14.6929578+12:00" testType="13cdc9d9-ddb5-4fa4-a97d-d965ccfc6d4b" outcome="Passed" testListId="8c84fa94-04c1-424b-9868-57a2d4851a1d" relativeResultsDirectory="80ac3f63-d8ff-4baf-bcfb-c00c71838f8a">
      <Output>
        <StdOut>[2025-09-05 12:26:13 INF] Starting Test Execution: POrchAPI_UltracsToTMV_Valid_Debtor_Particulars_Return_Success:["[DebtorParticularsValue, ()+$*!;-/?:]","[StatusCode, 201]"]
[2025-09-05 12:26:13 INF] Mocks are not ready after 1 / 5 attempt(s). Expected 2 mock(s) to be registered with the manager and got 0.
[2025-09-05 12:26:13 INF] Successfully created map AdpsMock_Success_4142ce04-c6aa-45a7-a891-e8e189901bdf for /api/v1/payment-instruction/domestic/immediate
[2025-09-05 12:26:13 INF] Successfully created map MiddlewareMock_Success_6234f7f2-1df4-42b3-bf2b-9a096ea6c80d for /initialisepaymentorder/basic
[2025-09-05 12:26:14 INF] Response has PaymentId: 9162def4-c982-4236-ba4c-53cf4e56da96
[2025-09-05 12:26:14 INF] Finished Test Execution: POrchAPI_UltracsToTMV_Valid_Debtor_Particulars_Return_Success
[2025-09-05 12:26:14 INF] ---------------------------------------------------



TestContext Messages:
Given a Ultracs to TMV POrch TransferRequest is created
-&gt; done: POrchAPIStepDefinitions.ConditionalPOrchTransferRequestIsCreated("Ultracs", "TMV") (0.0s)
And the Transfer Debtor particulars is ()+$*!;-/?:
-&gt; done: POrchAPIStepDefinitions.WhenTheDebtorParticularsIs("Transfer", "()+$*!;-/?:") (0.0s)
And ADPS Response is Success
-&gt; done: POrchAPIStepDefinitions.SetAdpsResponse("Success") (0.0s)
And MiddleWare Response is Success
-&gt; done: POrchAPIStepDefinitions.SetMiddlewareResponse("Success") (0.0s)
When POrch Transfer API is called
-&gt; done: POrchAPIStepDefinitions.WhenPOrchAPIIsCalled("Transfer") (1.1s)
Then the request should return status code 201
-&gt; done: POrchAPIStepDefinitions.ThenTheRequestShouldReturnStatusCode(201) (0.0s)</StdOut>
      </Output>
    </UnitTestResult>
    <UnitTestResult executionId="efeeb204-e20b-4dd2-a008-30c73b78ab59" testId="aea9dbb7-f7b6-b4e5-e721-553a69502aed" testName="POrchAPI_Transfer_Invalid_Currency_Return_Error (AUD,400,)" computerName="ip-10-130-163-242" duration="00:00:00.0089107" startTime="2025-09-05T12:26:26.7187058+12:00" endTime="2025-09-05T12:26:26.7277232+12:00" testType="13cdc9d9-ddb5-4fa4-a97d-d965ccfc6d4b" outcome="Passed" testListId="8c84fa94-04c1-424b-9868-57a2d4851a1d" relativeResultsDirectory="efeeb204-e20b-4dd2-a008-30c73b78ab59">
      <Output>
        <StdOut>[2025-09-05 12:26:26 INF] Starting Test Execution: POrchAPI_Transfer_Invalid_Currency_Return_Error:["[CurrencyValue, AUD]","[StatusCode, 400]"]
[2025-09-05 12:26:26 INF] Finished Test Execution: POrchAPI_Transfer_Invalid_Currency_Return_Error
[2025-09-05 12:26:26 INF] ---------------------------------------------------



TestContext Messages:
Given a POrch TransferRequest is created
-&gt; done: POrchAPIStepDefinitions.GivenAPOrchTransferRequestIsCreated() (0.0s)
And the Transfer Currency Field is AUD
-&gt; done: POrchAPIStepDefinitions.WhenTheCurrencyFieldIs("Transfer", "AUD") (0.0s)
When POrch Transfer API is called
-&gt; done: POrchAPIStepDefinitions.WhenPOrchAPIIsCalled("Transfer") (0.0s)
Then the request should return status code 400
-&gt; done: POrchAPIStepDefinitions.ThenTheRequestShouldReturnStatusCode(400) (0.0s)</StdOut>
      </Output>
    </UnitTestResult>
    <UnitTestResult executionId="790679ea-abfb-4050-9053-2e625a294eb9" testId="875445ef-e209-9bf8-5e7e-3be88ab2dbc5" testName="Example_Process_NRT_On_Demand" computerName="ip-10-130-163-242" duration="00:00:00.8960898" startTime="2025-09-05T12:25:02.9534669+12:00" endTime="2025-09-05T12:25:03.8503606+12:00" testType="13cdc9d9-ddb5-4fa4-a97d-d965ccfc6d4b" outcome="Passed" testListId="8c84fa94-04c1-424b-9868-57a2d4851a1d" relativeResultsDirectory="790679ea-abfb-4050-9053-2e625a294eb9">
      <Output>
        <StdOut>[2025-09-05 12:25:02 INF] Starting Test Execution: Example_Process_NRT_On_Demand:[]
[2025-09-05 12:25:03 INF] Executed DbCommand (16ms) [Parameters=[], CommandType='Text', CommandTimeout='30']
SELECT n.id, n.attempts, n.created_at, n.payment_id, n.status, n.updated_at
FROM net.nrt_outbox AS n
WHERE n.attempts &gt;= 0
[2025-09-05 12:25:03 INF] Executed DbCommand (10ms) [Parameters=[@p0='?' (DbType = Guid), @p1='?' (DbType = Guid), @p2='?' (DbType = Guid), @p3='?' (DbType = Guid), @p4='?' (DbType = Guid), @p5='?' (DbType = Guid), @p6='?' (DbType = Guid), @p7='?' (DbType = Guid), @p8='?' (DbType = Guid), @p9='?' (DbType = Guid), @p10='?' (DbType = Guid), @p11='?' (DbType = Guid), @p12='?' (DbType = Guid), @p13='?' (DbType = Guid), @p14='?' (DbType = Guid), @p15='?' (DbType = Guid), @p16='?' (DbType = Guid), @p17='?' (DbType = Guid), @p18='?' (DbType = Guid), @p19='?' (DbType = Guid), @p20='?' (DbType = Guid), @p21='?' (DbType = Guid), @p22='?' (DbType = Guid), @p23='?' (DbType = Guid), @p24='?' (DbType = Guid), @p25='?' (DbType = Guid), @p26='?' (DbType = Guid), @p27='?' (DbType = Guid), @p28='?' (DbType = Guid), @p29='?' (DbType = Guid), @p30='?' (DbType = Guid), @p31='?' (DbType = Guid), @p32='?' (DbType = Guid), @p33='?' (DbType = Guid), @p34='?' (DbType = Guid), @p35='?' (DbType = Guid), @p36='?' (DbType = Guid), @p37='?' (DbType = Guid), @p38='?' (DbType = Guid), @p39='?' (DbType = Guid), @p40='?' (DbType = Guid), @p41='?' (DbType = Guid), @p42='?' (DbType = Guid), @p43='?' (DbType = Guid), @p44='?' (DbType = Guid), @p45='?' (DbType = Guid), @p46='?' (DbType = Guid), @p47='?' (DbType = Guid), @p48='?' (DbType = Guid), @p49='?' (DbType = Guid), @p50='?' (DbType = Guid), @p51='?' (DbType = Guid), @p52='?' (DbType = Guid), @p53='?' (DbType = Guid), @p54='?' (DbType = Guid)], CommandType='Text', CommandTimeout='30']
DELETE FROM net.nrt_outbox
WHERE id = @p0;
DELETE FROM net.nrt_outbox
WHERE id = @p1;
DELETE FROM net.nrt_outbox
WHERE id = @p2;
DELETE FROM net.nrt_outbox
WHERE id = @p3;
DELETE FROM net.nrt_outbox
WHERE id = @p4;
DELETE FROM net.nrt_outbox
WHERE id = @p5;
DELETE FROM net.nrt_outbox
WHERE id = @p6;
DELETE FROM net.nrt_outbox
WHERE id = @p7;
DELETE FROM net.nrt_outbox
WHERE id = @p8;
DELETE FROM net.nrt_outbox
WHERE id = @p9;
DELETE FROM net.nrt_outbox
WHERE id = @p10;
DELETE FROM net.nrt_outbox
WHERE id = @p11;
DELETE FROM net.nrt_outbox
WHERE id = @p12;
DELETE FROM net.nrt_outbox
WHERE id = @p13;
DELETE FROM net.nrt_outbox
WHERE id = @p14;
DELETE FROM net.nrt_outbox
WHERE id = @p15;
DELETE FROM net.nrt_outbox
WHERE id = @p16;
DELETE FROM net.nrt_outbox
WHERE id = @p17;
DELETE FROM net.nrt_outbox
WHERE id = @p18;
DELETE FROM net.nrt_outbox
WHERE id = @p19;
DELETE FROM net.nrt_outbox
WHERE id = @p20;
DELETE FROM net.nrt_outbox
WHERE id = @p21;
DELETE FROM net.nrt_outbox
WHERE id = @p22;
DELETE FROM net.nrt_outbox
WHERE id = @p23;
DELETE FROM net.nrt_outbox
WHERE id = @p24;
DELETE FROM net.nrt_outbox
WHERE id = @p25;
DELETE FROM net.nrt_outbox
WHERE id = @p26;
DELETE FROM net.nrt_outbox
WHERE id = @p27;
DELETE FROM net.nrt_outbox
WHERE id = @p28;
DELETE FROM net.nrt_outbox
WHERE id = @p29;
DELETE FROM net.nrt_outbox
WHERE id = @p30;
DELETE FROM net.nrt_outbox
WHERE id = @p31;
DELETE FROM net.nrt_outbox
WHERE id = @p32;
DELETE FROM net.nrt_outbox
WHERE id = @p33;
DELETE FROM net.nrt_outbox
WHERE id = @p34;
DELETE FROM net.nrt_outbox
WHERE id = @p35;
DELETE FROM net.nrt_outbox
WHERE id = @p36;
DELETE FROM net.nrt_outbox
WHERE id = @p37;
DELETE FROM net.nrt_outbox
WHERE id = @p38;
DELETE FROM net.nrt_outbox
WHERE id = @p39;
DELETE FROM net.nrt_outbox
WHERE id = @p40;
DELETE FROM net.nrt_outbox
WHERE id = @p41;
DELETE FROM net.nrt_outbox
WHERE id = @p42;
DELETE FROM net.nrt_outbox
WHERE id = @p43;
DELETE FROM net.nrt_outbox
WHERE id = @p44;
DELETE FROM net.nrt_outbox
WHERE id = @p45;
DELETE FROM net.nrt_outbox
WHERE id = @p46;
DELETE FROM net.nrt_outbox
WHERE id = @p47;
DELETE FROM net.nrt_outbox
WHERE id = @p48;
DELETE FROM net.nrt_outbox
WHERE id = @p49;
DELETE FROM net.nrt_outbox
WHERE id = @p50;
DELETE FROM net.nrt_outbox
WHERE id = @p51;
DELETE FROM net.nrt_outbox
WHERE id = @p52;
DELETE FROM net.nrt_outbox
WHERE id = @p53;
DELETE FROM net.nrt_outbox
WHERE id = @p54;
[2025-09-05 12:25:03 INF] Executed DbCommand (11ms) [Parameters=[@p0='?' (DbType = Guid), @p1='?', @p2='?' (DbType = Decimal), @p3='?' (DbType = DateTime), @p4='?', @p5='?', @p6='?', @p7='?', @p8='?' (DbType = Object), @p9='?' (DbType = Object), @p10='?', @p11='?', @p12='?', @p13='?', @p14='?' (DbType = Object), @p15='?' (DbType = Object), @p16='?' (DbType = Object), @p17='?' (DbType = DateTime), @p18='?' (DbType = Object), @p19='?' (DbType = DateTime), @p20='?' (DbType = Guid), @p21='?' (DbType = Int32), @p22='?' (DbType = DateTime), @p23='?' (DbType = Guid), @p24='?' (DbType = Object), @p25='?' (DbType = DateTime)], CommandType='Text', CommandTimeout='30']
INSERT INTO net.payment (id, access_number, amount, created_at, creditor_account_code, creditor_account_number, creditor_account_particulars, creditor_account_reference, creditor_account_source, currency, debtor_account_code, debtor_account_number, debtor_account_particulars, debtor_account_reference, debtor_account_source, fraud_check_disposition, payment_type, processed_at, status, updated_at)
VALUES (@p0, @p1, @p2, @p3, @p4, @p5, @p6, @p7, @p8, @p9, @p10, @p11, @p12, @p13, @p14, @p15, @p16, @p17, @p18, @p19);
INSERT INTO net.nrt_outbox (id, attempts, created_at, payment_id, status, updated_at)
VALUES (@p20, @p21, @p22, @p23, @p24, @p25);
[2025-09-05 12:25:03 INF] Successfully created map FraudCheckNRTMock_Success_199521a6-af68-4e1c-b873-b2dc5994b846 for /api/v1/financial-transaction-fraud-checks/7886536c-f63e-4d6b-bacf-58e8e8778fe7
[2025-09-05 12:25:03 INF] Executed DbCommand (1ms) [Parameters=[@__p_0='?' (DbType = Guid)], CommandType='Text', CommandTimeout='30']
SELECT n.id, n.attempts, n.created_at, n.payment_id, n.status, n.updated_at
FROM net.nrt_outbox AS n
WHERE n.id = @__p_0
LIMIT 1
[2025-09-05 12:25:03 INF] Finished Test Execution: Example_Process_NRT_On_Demand
[2025-09-05 12:25:03 INF] ---------------------------------------------------



TestContext Messages:
Given The NRT table is clean
-&gt; done: POrchAPIStepDefinitions.GivenTheNrtTableIsClean() (0.5s)
And there is an NRT entry with payment successful to process
-&gt; done: POrchAPIStepDefinitions.GivenThereIsAnNrtEntryToProcess("successful") (0.1s)
And the NRT entry should be processed successfully
-&gt; done: POrchAPIStepDefinitions.GivenTheNrtEntryShouldBeProcessedSuccessfully() (0.0s)
When the NRT Processor Has Run for at most 1 entry
-&gt; done: POrchAPIStepDefinitions.WhenTheNrtProcessorHasRunForAtMostXEntry(1) (0.2s)
Then the NRT entry has status Sent
-&gt; done: POrchAPIStepDefinitions.ThenTheNrtEntryHasStatus("Sent") (0.1s)</StdOut>
      </Output>
    </UnitTestResult>
    <UnitTestResult executionId="e11534c4-2575-4c91-8165-223e28b040be" testId="7ec3e2f7-5c97-0db2-5273-5ff8a3fa8b7d" testName="POrchAPI_UltracsToTMV_Valid_Debtor_Particulars_Return_Success (=@#_%,.,201,)" computerName="ip-10-130-163-242" duration="00:00:01.0861105" startTime="2025-09-05T12:26:14.6929971+12:00" endTime="2025-09-05T12:26:15.7792370+12:00" testType="13cdc9d9-ddb5-4fa4-a97d-d965ccfc6d4b" outcome="Passed" testListId="8c84fa94-04c1-424b-9868-57a2d4851a1d" relativeResultsDirectory="e11534c4-2575-4c91-8165-223e28b040be">
      <Output>
        <StdOut>[2025-09-05 12:26:14 INF] Starting Test Execution: POrchAPI_UltracsToTMV_Valid_Debtor_Particulars_Return_Success:["[DebtorParticularsValue, =@#_%,.]","[StatusCode, 201]"]
[2025-09-05 12:26:14 INF] Mocks are not ready after 1 / 5 attempt(s). Expected 2 mock(s) to be registered with the manager and got 0.
[2025-09-05 12:26:14 INF] Successfully created map AdpsMock_Success_91310ede-9c3c-48ee-b1ae-9a373fd18bdb for /api/v1/payment-instruction/domestic/immediate
[2025-09-05 12:26:14 INF] Successfully created map MiddlewareMock_Success_ecb1864e-d75b-4bf3-bf30-b6d84ee92aec for /initialisepaymentorder/basic
[2025-09-05 12:26:15 INF] Response has PaymentId: eedd4ce9-6658-474a-a8cc-f47fb66099a5
[2025-09-05 12:26:15 INF] Finished Test Execution: POrchAPI_UltracsToTMV_Valid_Debtor_Particulars_Return_Success
[2025-09-05 12:26:15 INF] ---------------------------------------------------



TestContext Messages:
Given a Ultracs to TMV POrch TransferRequest is created
-&gt; done: POrchAPIStepDefinitions.ConditionalPOrchTransferRequestIsCreated("Ultracs", "TMV") (0.0s)
And the Transfer Debtor particulars is =@#_%,.
-&gt; done: POrchAPIStepDefinitions.WhenTheDebtorParticularsIs("Transfer", "=@#_%,.") (0.0s)
And ADPS Response is Success
-&gt; done: POrchAPIStepDefinitions.SetAdpsResponse("Success") (0.0s)
And MiddleWare Response is Success
-&gt; done: POrchAPIStepDefinitions.SetMiddlewareResponse("Success") (0.0s)
When POrch Transfer API is called
-&gt; done: POrchAPIStepDefinitions.WhenPOrchAPIIsCalled("Transfer") (1.1s)
Then the request should return status code 201
-&gt; done: POrchAPIStepDefinitions.ThenTheRequestShouldReturnStatusCode(201) (0.0s)</StdOut>
      </Output>
    </UnitTestResult>
    <UnitTestResult executionId="69321422-b2ed-4240-9e0b-576c921507eb" testId="e0c97504-1436-a1ed-d7df-2c297bbad90c" testName="POrchAPI_UltracsToTMV_Negative_MiddleWare_Response_409 (ClosedAccountError,409,)" computerName="ip-10-130-163-242" startTime="2025-09-05T12:26:26.6942940+12:00" endTime="2025-09-05T12:26:26.6943277+12:00" testType="13cdc9d9-ddb5-4fa4-a97d-d965ccfc6d4b" outcome="NotExecuted" testListId="8c84fa94-04c1-424b-9868-57a2d4851a1d" relativeResultsDirectory="69321422-b2ed-4240-9e0b-576c921507eb">
      <Output></Output>
    </UnitTestResult>
    <UnitTestResult executionId="79443206-c1af-43d5-bf56-e14786d2d4f3" testId="7e4ff303-6afd-4499-de8d-cb38653a6f34" testName="POrchAPI_PAS_Retries (500,,)" computerName="ip-10-130-163-242" duration="00:00:01.1858833" startTime="2025-09-05T12:25:04.4932526+12:00" endTime="2025-09-05T12:25:05.6797519+12:00" testType="13cdc9d9-ddb5-4fa4-a97d-d965ccfc6d4b" outcome="Passed" testListId="8c84fa94-04c1-424b-9868-57a2d4851a1d" relativeResultsDirectory="79443206-c1af-43d5-bf56-e14786d2d4f3">
      <Output>
        <StdOut>[2025-09-05 12:25:04 INF] Starting Test Execution: POrchAPI_PAS_Retries:["[ErrorCode, 500]"]
[2025-09-05 12:25:04 INF] Successfully created map FraudcheckMock_Decline_dbbb8f6f-b527-4992-b16a-fe4ba81c905f for /api/v1/financial-transaction-fraud-checks
[2025-09-05 12:25:04 INF] Successfully created map PASErrorResponse_500_0aa27a64-cd99-4720-b615-d8b8f6f1e666_1 for /v2/activities
[2025-09-05 12:25:04 INF] Successfully created map PASSuccess_9fc1ca63-09d3-4273-ad08-3727fbbca120 for /v2/activities
[2025-09-05 12:25:05 INF] Response has PaymentId: 3278faee-6b04-404c-930b-6f79c7d3c689
[2025-09-05 12:25:05 INF] Finished Test Execution: POrchAPI_PAS_Retries
[2025-09-05 12:25:05 INF] ---------------------------------------------------



TestContext Messages:
Given a POrch PaymentRequest is created
-&gt; done: POrchAPIStepDefinitions.GivenAPOrchPaymentRequestIsCreated() (0.0s)
And FraudCheck Response is Decline
-&gt; done: POrchAPIStepDefinitions.SetFraudCheckResponse("Decline") (0.0s)
And the PAS mock response will return 500 then 200
-&gt; done: POrchAPIStepDefinitions.GivenThePASMockResponseWillReturnThen("500") (0.5s)
When POrch Payment API is called
-&gt; done: POrchAPIStepDefinitions.WhenPOrchAPIIsCalled("Payment") (0.6s)
Then the request should return status code 409
-&gt; done: POrchAPIStepDefinitions.ThenTheRequestShouldReturnStatusCode(409) (0.0s)
And there are 1 calls to the PASErrorResponse mock
-&gt; done: POrchAPIStepDefinitions.ThenThereAreCallsToThePasMock(1, "PASErrorResponse") (0.0s)
And there are 1 calls to the PASSuccess mock
-&gt; done: POrchAPIStepDefinitions.ThenThereAreCallsToThePasMock(1, "PASSuccess") (0.0s)</StdOut>
      </Output>
    </UnitTestResult>
    <UnitTestResult executionId="3cf8db41-3b3f-43d0-8101-7163a850829c" testId="9e425f6e-42f2-b256-89c2-edfb5efac27a" testName="POrchAPI_Invalid_PAS_Response_Doesnt_Retry (400,,)" computerName="ip-10-130-163-242" duration="00:00:00.6210021" startTime="2025-09-05T12:25:12.8114637+12:00" endTime="2025-09-05T12:25:13.4326141+12:00" testType="13cdc9d9-ddb5-4fa4-a97d-d965ccfc6d4b" outcome="Passed" testListId="8c84fa94-04c1-424b-9868-57a2d4851a1d" relativeResultsDirectory="3cf8db41-3b3f-43d0-8101-7163a850829c">
      <Output>
        <StdOut>[2025-09-05 12:25:12 INF] Starting Test Execution: POrchAPI_Invalid_PAS_Response_Doesn't_Retry:["[PASResponse, 400]"]
[2025-09-05 12:25:12 INF] Successfully created map FraudcheckMock_Decline_9d1f0f15-307d-47e6-ac95-7abc94467a42 for /api/v1/financial-transaction-fraud-checks
[2025-09-05 12:25:12 INF] Successfully created map PASErrorResponse_400_cc85db8b-eb13-4a35-8108-1c7a9cc8dc33_1 for /v2/activities
[2025-09-05 12:25:12 INF] Successfully created map PASSuccess_9d6ade57-46d7-4da9-bb40-baf939dc062f for /v2/activities
[2025-09-05 12:25:13 INF] Response has PaymentId: d6a36ece-90a1-48e5-a369-2131698fdd7b
[2025-09-05 12:25:13 INF] Finished Test Execution: POrchAPI_Invalid_PAS_Response_Doesn't_Retry
[2025-09-05 12:25:13 INF] ---------------------------------------------------



TestContext Messages:
Given a POrch PaymentRequest is created
-&gt; done: POrchAPIStepDefinitions.GivenAPOrchPaymentRequestIsCreated() (0.0s)
And FraudCheck Response is Decline
-&gt; done: POrchAPIStepDefinitions.SetFraudCheckResponse("Decline") (0.0s)
And the PAS mock response will return 400 then 200
-&gt; done: POrchAPIStepDefinitions.GivenThePASMockResponseWillReturnThen("400") (0.5s)
When POrch Payment API is called
-&gt; done: POrchAPIStepDefinitions.WhenPOrchAPIIsCalled("Payment") (0.1s)
Then the request should return status code 409
-&gt; done: POrchAPIStepDefinitions.ThenTheRequestShouldReturnStatusCode(409) (0.0s)
And there are 1 calls to the PASErrorResponse mock
-&gt; done: POrchAPIStepDefinitions.ThenThereAreCallsToThePasMock(1, "PASErrorResponse") (0.0s)</StdOut>
      </Output>
    </UnitTestResult>
    <UnitTestResult executionId="7fd89628-c6d1-4b09-8e0c-759d97c9f194" testId="dc6df0ef-6815-0cab-7d5e-39c1193f19d2" testName="POrchNRT_Unsuccessful_Response_From_FraudCheck_Unsuccessful_From_NRT (PaymentNrtUnauthorized,,)" computerName="ip-10-130-163-242" duration="00:00:00.0512243" startTime="2025-09-05T12:25:04.2092517+12:00" endTime="2025-09-05T12:25:04.2606578+12:00" testType="13cdc9d9-ddb5-4fa4-a97d-d965ccfc6d4b" outcome="Passed" testListId="8c84fa94-04c1-424b-9868-57a2d4851a1d" relativeResultsDirectory="7fd89628-c6d1-4b09-8e0c-759d97c9f194">
      <Output>
        <StdOut>[2025-09-05 12:25:04 INF] Starting Test Execution: POrchNRT_Unsuccessful_Response_From_FraudCheck_Unsuccessful_From_NRT:["[result, PaymentNrtUnauthorized]"]
[2025-09-05 12:25:04 INF] Executed DbCommand (1ms) [Parameters=[], CommandType='Text', CommandTimeout='30']
SELECT n.id, n.attempts, n.created_at, n.payment_id, n.status, n.updated_at
FROM net.nrt_outbox AS n
WHERE n.attempts &gt;= 0
[2025-09-05 12:25:04 INF] Executed DbCommand (1ms) [Parameters=[@p0='?' (DbType = Guid)], CommandType='Text', CommandTimeout='30']
DELETE FROM net.nrt_outbox
WHERE id = @p0;
[2025-09-05 12:25:04 INF] Executed DbCommand (1ms) [Parameters=[@p0='?' (DbType = Guid), @p1='?', @p2='?' (DbType = Decimal), @p3='?' (DbType = DateTime), @p4='?', @p5='?', @p6='?', @p7='?', @p8='?' (DbType = Object), @p9='?' (DbType = Object), @p10='?', @p11='?', @p12='?', @p13='?', @p14='?' (DbType = Object), @p15='?' (DbType = Object), @p16='?' (DbType = Object), @p17='?' (DbType = DateTime), @p18='?' (DbType = Object), @p19='?' (DbType = DateTime), @p20='?' (DbType = Guid), @p21='?' (DbType = Int32), @p22='?' (DbType = DateTime), @p23='?' (DbType = Guid), @p24='?' (DbType = Object), @p25='?' (DbType = DateTime)], CommandType='Text', CommandTimeout='30']
INSERT INTO net.payment (id, access_number, amount, created_at, creditor_account_code, creditor_account_number, creditor_account_particulars, creditor_account_reference, creditor_account_source, currency, debtor_account_code, debtor_account_number, debtor_account_particulars, debtor_account_reference, debtor_account_source, fraud_check_disposition, payment_type, processed_at, status, updated_at)
VALUES (@p0, @p1, @p2, @p3, @p4, @p5, @p6, @p7, @p8, @p9, @p10, @p11, @p12, @p13, @p14, @p15, @p16, @p17, @p18, @p19);
INSERT INTO net.nrt_outbox (id, attempts, created_at, payment_id, status, updated_at)
VALUES (@p20, @p21, @p22, @p23, @p24, @p25);
[2025-09-05 12:25:04 INF] Successfully created map FraudCheckNRTMock_PaymentNrtUnauthorized_f3bf0bf1-0b10-48f7-9938-913fa376266a for /api/v1/financial-transaction-fraud-checks/368939a7-7886-463b-9507-d76e7e110e14
[2025-09-05 12:25:04 INF] Executed DbCommand (1ms) [Parameters=[@__p_0='?' (DbType = Guid)], CommandType='Text', CommandTimeout='30']
SELECT n.id, n.attempts, n.created_at, n.payment_id, n.status, n.updated_at
FROM net.nrt_outbox AS n
WHERE n.id = @__p_0
LIMIT 1
[2025-09-05 12:25:04 INF] Finished Test Execution: POrchNRT_Unsuccessful_Response_From_FraudCheck_Unsuccessful_From_NRT
[2025-09-05 12:25:04 INF] ---------------------------------------------------



TestContext Messages:
Given The NRT table is clean
-&gt; done: POrchAPIStepDefinitions.GivenTheNrtTableIsClean() (0.0s)
And there is an NRT entry with payment FraudFailed to process
-&gt; done: POrchAPIStepDefinitions.GivenThereIsAnNrtEntryToProcess("FraudFailed") (0.0s)
And the NRT entry should be processed with PaymentNrtUnauthorized
-&gt; done: POrchAPIStepDefinitions.GivenTheNrtEntryShouldBeProcessedWithUnsuccessfulResult("PaymentNrtUnautho...") (0.0s)
When the NRT Processor Has Run for at most 1 entry
-&gt; done: POrchAPIStepDefinitions.WhenTheNrtProcessorHasRunForAtMostXEntry(1) (0.0s)
Then the NRT entry has status NotSent
-&gt; done: POrchAPIStepDefinitions.ThenTheNrtEntryHasStatus("NotSent") (0.0s)</StdOut>
      </Output>
    </UnitTestResult>
    <UnitTestResult executionId="4e8564b7-54e6-4e5e-bb18-72c12cc1da10" testId="53b6770d-123b-c33a-2e83-ccd7b92d6331" testName="POrchAPI_Invalid_Creditor_Particulars_Return_Error (abcdefghijklmnsey,400,)" computerName="ip-10-130-163-242" duration="00:00:00.0089358" startTime="2025-09-05T12:25:02.8021290+12:00" endTime="2025-09-05T12:25:02.8111845+12:00" testType="13cdc9d9-ddb5-4fa4-a97d-d965ccfc6d4b" outcome="Passed" testListId="8c84fa94-04c1-424b-9868-57a2d4851a1d" relativeResultsDirectory="4e8564b7-54e6-4e5e-bb18-72c12cc1da10">
      <Output>
        <StdOut>[2025-09-05 12:25:02 INF] Starting Test Execution: POrchAPI_Invalid_Creditor_Particulars_Return_Error:["[PayeeParticularsValue, abcdefghijklmnsey]","[StatusCode, 400]"]
[2025-09-05 12:25:02 INF] Finished Test Execution: POrchAPI_Invalid_Creditor_Particulars_Return_Error
[2025-09-05 12:25:02 INF] ---------------------------------------------------



TestContext Messages:
Given a POrch PaymentRequest is created
-&gt; done: POrchAPIStepDefinitions.GivenAPOrchPaymentRequestIsCreated() (0.0s)
And the Payment Creditor particulars is abcdefghijklmnsey
-&gt; done: POrchAPIStepDefinitions.WhenTheCreditorParticularsIs("Payment", "abcdefghijklmnsey") (0.0s)
When POrch Payment API is called
-&gt; done: POrchAPIStepDefinitions.WhenPOrchAPIIsCalled("Payment") (0.0s)
Then the request should return status code 400
-&gt; done: POrchAPIStepDefinitions.ThenTheRequestShouldReturnStatusCode(400) (0.0s)</StdOut>
      </Output>
    </UnitTestResult>
    <UnitTestResult executionId="1c9f33b2-7778-4b0e-8c04-8ac44eb1eaf6" testId="1eba9d5f-108c-2454-5cfd-d38f970f6020" testName="POrchAPI_Invalid_Debtor_Reference_Return_Error (abcdefghijklmnsey,400,)" computerName="ip-10-130-163-242" duration="00:00:00.0093774" startTime="2025-09-05T12:25:02.9270291+12:00" endTime="2025-09-05T12:25:02.9365403+12:00" testType="13cdc9d9-ddb5-4fa4-a97d-d965ccfc6d4b" outcome="Passed" testListId="8c84fa94-04c1-424b-9868-57a2d4851a1d" relativeResultsDirectory="1c9f33b2-7778-4b0e-8c04-8ac44eb1eaf6">
      <Output>
        <StdOut>[2025-09-05 12:25:02 INF] Starting Test Execution: POrchAPI_Invalid_Debtor_Reference_Return_Error:["[DebtorReferenceValue, abcdefghijklmnsey]","[StatusCode, 400]"]
[2025-09-05 12:25:02 INF] Finished Test Execution: POrchAPI_Invalid_Debtor_Reference_Return_Error
[2025-09-05 12:25:02 INF] ---------------------------------------------------



TestContext Messages:
Given a POrch PaymentRequest is created
-&gt; done: POrchAPIStepDefinitions.GivenAPOrchPaymentRequestIsCreated() (0.0s)
And the Payment Debtor Reference is abcdefghijklmnsey
-&gt; done: POrchAPIStepDefinitions.WhenTheDebtorReferenceIs("Payment", "abcdefghijklmnsey") (0.0s)
When POrch Payment API is called
-&gt; done: POrchAPIStepDefinitions.WhenPOrchAPIIsCalled("Payment") (0.0s)
Then the request should return status code 400
-&gt; done: POrchAPIStepDefinitions.ThenTheRequestShouldReturnStatusCode(400) (0.0s)</StdOut>
      </Output>
    </UnitTestResult>
    <UnitTestResult executionId="d16252d6-6a99-449a-aac9-d8d179fa500a" testId="f77da77f-ccab-db1f-b601-b20ad8accc1c" testName="POrchAPI_Invalid_Debtor_Particulars_Return_Error (\,400,)" computerName="ip-10-130-163-242" duration="00:00:00.0097960" startTime="2025-09-05T12:25:02.7844487+12:00" endTime="2025-09-05T12:25:02.7944212+12:00" testType="13cdc9d9-ddb5-4fa4-a97d-d965ccfc6d4b" outcome="Passed" testListId="8c84fa94-04c1-424b-9868-57a2d4851a1d" relativeResultsDirectory="d16252d6-6a99-449a-aac9-d8d179fa500a">
      <Output>
        <StdOut>[2025-09-05 12:25:02 INF] Starting Test Execution: POrchAPI_Invalid_Debtor_Particulars_Return_Error:["[PayerParticularsValue, \\]","[StatusCode, 400]"]
[2025-09-05 12:25:02 INF] Finished Test Execution: POrchAPI_Invalid_Debtor_Particulars_Return_Error
[2025-09-05 12:25:02 INF] ---------------------------------------------------



TestContext Messages:
Given a POrch PaymentRequest is created
-&gt; done: POrchAPIStepDefinitions.GivenAPOrchPaymentRequestIsCreated() (0.0s)
And the Payment Debtor particulars is \
-&gt; done: POrchAPIStepDefinitions.WhenTheDebtorParticularsIs("Payment", "\") (0.0s)
When POrch Payment API is called
-&gt; done: POrchAPIStepDefinitions.WhenPOrchAPIIsCalled("Payment") (0.0s)
Then the request should return status code 400
-&gt; done: POrchAPIStepDefinitions.ThenTheRequestShouldReturnStatusCode(400) (0.0s)</StdOut>
      </Output>
    </UnitTestResult>
    <UnitTestResult executionId="cc083c09-0b6b-4f33-87bc-61a420b34a81" testId="6e0b63eb-2fd6-39bc-279e-348579ae6eae" testName="POrchAPI_UltracsUltracs_Transfer_Send_Transfer_Reference_Return_Error (TRANSFER FROM MR Test - 00,400,)" computerName="ip-10-130-163-242" duration="00:00:00.0073162" startTime="2025-09-05T12:26:27.1371436+12:00" endTime="2025-09-05T12:26:27.1498513+12:00" testType="13cdc9d9-ddb5-4fa4-a97d-d965ccfc6d4b" outcome="Passed" testListId="8c84fa94-04c1-424b-9868-57a2d4851a1d" relativeResultsDirectory="cc083c09-0b6b-4f33-87bc-61a420b34a81">
      <Output>
        <StdOut>[2025-09-05 12:26:27 INF] Starting Test Execution: POrchAPI_UltracsUltracs_Transfer_Send_Transfer_Reference_Return_Error:["[TransferRefValue, TRANSFER FROM MR Test - 00]","[StatusCode, 400]"]
[2025-09-05 12:26:27 INF] Finished Test Execution: POrchAPI_UltracsUltracs_Transfer_Send_Transfer_Reference_Return_Error
[2025-09-05 12:26:27 INF] ---------------------------------------------------



TestContext Messages:
Given a Ultracs to Ultracs POrch TransferRequest is created
-&gt; done: POrchAPIStepDefinitions.ConditionalPOrchTransferRequestIsCreated("Ultracs", "Ultracs") (0.0s)
And the Transfer Reference is TRANSFER FROM MR Test - 00
-&gt; done: POrchAPIStepDefinitions.TheTransferReferenceIs("TRANSFER FROM MR ...") (0.0s)
When POrch Transfer API is called
-&gt; done: POrchAPIStepDefinitions.WhenPOrchAPIIsCalled("Transfer") (0.0s)
Then the request should return status code 400
-&gt; done: POrchAPIStepDefinitions.ThenTheRequestShouldReturnStatusCode(400) (0.0s)</StdOut>
      </Output>
    </UnitTestResult>
    <UnitTestResult executionId="82616774-6c87-4be6-b74c-a02db1314736" testId="01a614b6-dddf-0daf-b823-0fab31c9f504" testName="POrchAPI_UltracsToTMV_Valid_Creditor_Code_Return_Success (()+$*!;-/?:,201,)" computerName="ip-10-130-163-242" duration="00:00:01.0898698" startTime="2025-09-05T12:26:20.1458124+12:00" endTime="2025-09-05T12:26:21.2358276+12:00" testType="13cdc9d9-ddb5-4fa4-a97d-d965ccfc6d4b" outcome="Passed" testListId="8c84fa94-04c1-424b-9868-57a2d4851a1d" relativeResultsDirectory="82616774-6c87-4be6-b74c-a02db1314736">
      <Output>
        <StdOut>[2025-09-05 12:26:20 INF] Starting Test Execution: POrchAPI_UltracsToTMV_Valid_Creditor_Code_Return_Success:["[CreditorCodeValue, ()+$*!;-/?:]","[StatusCode, 201]"]
[2025-09-05 12:26:20 INF] Mocks are not ready after 1 / 5 attempt(s). Expected 2 mock(s) to be registered with the manager and got 0.
[2025-09-05 12:26:20 INF] Successfully created map AdpsMock_Success_0cd8d7e2-8724-4282-b66f-c1d6154ace44 for /api/v1/payment-instruction/domestic/immediate
[2025-09-05 12:26:20 INF] Successfully created map MiddlewareMock_Success_b1cca249-45d8-45b0-b2f1-db8c2c05e447 for /initialisepaymentorder/basic
[2025-09-05 12:26:21 INF] Response has PaymentId: 3256b7ee-6161-4945-bf89-b23946eec896
[2025-09-05 12:26:21 INF] Finished Test Execution: POrchAPI_UltracsToTMV_Valid_Creditor_Code_Return_Success
[2025-09-05 12:26:21 INF] ---------------------------------------------------



TestContext Messages:
Given a Ultracs to TMV POrch TransferRequest is created
-&gt; done: POrchAPIStepDefinitions.ConditionalPOrchTransferRequestIsCreated("Ultracs", "TMV") (0.0s)
And the Transfer Creditor Code is ()+$*!;-/?:
-&gt; done: POrchAPIStepDefinitions.WhenTheCreditorCodeIs("Transfer", "()+$*!;-/?:") (0.0s)
And ADPS Response is Success
-&gt; done: POrchAPIStepDefinitions.SetAdpsResponse("Success") (0.0s)
And MiddleWare Response is Success
-&gt; done: POrchAPIStepDefinitions.SetMiddlewareResponse("Success") (0.0s)
When POrch Transfer API is called
-&gt; done: POrchAPIStepDefinitions.WhenPOrchAPIIsCalled("Transfer") (1.1s)
Then the request should return status code 201
-&gt; done: POrchAPIStepDefinitions.ThenTheRequestShouldReturnStatusCode(201) (0.0s)</StdOut>
      </Output>
    </UnitTestResult>
    <UnitTestResult executionId="30550091-5860-4cf1-81a8-3981fdb825f7" testId="5e0f1cfa-75f6-24c9-04dc-0016c4d99c0e" testName="POrchAPI_Idempotency_Multiple_Identical_Requests_Gives_409" computerName="ip-10-130-163-242" duration="00:00:01.5755714" startTime="2025-09-05T12:24:53.3830839+12:00" endTime="2025-09-05T12:24:54.9588456+12:00" testType="13cdc9d9-ddb5-4fa4-a97d-d965ccfc6d4b" outcome="Passed" testListId="8c84fa94-04c1-424b-9868-57a2d4851a1d" relativeResultsDirectory="30550091-5860-4cf1-81a8-3981fdb825f7">
      <Output>
        <StdOut>[2025-09-05 12:24:53 INF] Starting Test Execution: POrchAPI_Idempotency_Multiple_Identical_Requests_Gives_409:[]
[2025-09-05 12:24:53 INF] Successfully created map FraudcheckMock_Authorize_b3372ed0-6cf8-4c5e-a333-9eddd5022b6f for /api/v1/financial-transaction-fraud-checks
[2025-09-05 12:24:53 INF] Successfully created map MiddlewareMock_Success_02aafe26-80cd-47b3-b422-3078a82300ef for /initialisepaymentorder/basic
[2025-09-05 12:24:54 INF] Finished Test Execution: POrchAPI_Idempotency_Multiple_Identical_Requests_Gives_409
[2025-09-05 12:24:54 INF] ---------------------------------------------------



TestContext Messages:
Given a POrch PaymentRequest is created
-&gt; done: POrchAPIStepDefinitions.GivenAPOrchPaymentRequestIsCreated() (0.0s)
And the Payment Credit Account field is 389300099302202
-&gt; done: POrchAPIStepDefinitions.WhenTheCreditAccountFieldIs("Payment", "389300099302202") (0.0s)
And FraudCheck Response is Authorize
-&gt; done: POrchAPIStepDefinitions.SetFraudCheckResponse("Authorize") (0.0s)
And MiddleWare Response will be Success with a delay of 1500ms
-&gt; done: POrchAPIStepDefinitions.SetMiddlewareResponse("Success", 1500) (0.0s)
When two identical requests are sent to POrch API and the second is delayed by 500ms
-&gt; done: POrchAPIStepDefinitions.WhenTwoIdenticalRequestsAreSentToPOrchApi(500) (1.6s)
Then the first response code is 201
-&gt; done: POrchAPIStepDefinitions.ThenTheFirstResponseCodeIs(201) (0.0s)
And the second response code is 429
-&gt; done: POrchAPIStepDefinitions.ThenTheSecondResponseCodeIs(429) (0.0s)</StdOut>
      </Output>
    </UnitTestResult>
    <UnitTestResult executionId="5baa0953-9055-481d-9677-fff1d8b98235" testId="53c1eb3d-2c21-ebf0-7781-bbd510504b80" testName="POrchAPI_TMVToUltracs_Valid_Debtor_Reference_Return_Success (=@#_%,.,201,)" computerName="ip-10-130-163-242" duration="00:00:01.0865684" startTime="2025-09-05T12:26:11.4140627+12:00" endTime="2025-09-05T12:26:12.5007739+12:00" testType="13cdc9d9-ddb5-4fa4-a97d-d965ccfc6d4b" outcome="Passed" testListId="8c84fa94-04c1-424b-9868-57a2d4851a1d" relativeResultsDirectory="5baa0953-9055-481d-9677-fff1d8b98235">
      <Output>
        <StdOut>[2025-09-05 12:26:11 INF] Starting Test Execution: POrchAPI_TMVToUltracs_Valid_Debtor_Reference_Return_Success:["[DebtorReferenceValue, =@#_%,.]","[StatusCode, 201]"]
[2025-09-05 12:26:11 INF] Mocks are not ready after 1 / 5 attempt(s). Expected 2 mock(s) to be registered with the manager and got 0.
[2025-09-05 12:26:11 INF] Successfully created map AdpsMock_Success_a7a7861b-b60c-4374-af92-506d61ded9e3 for /api/v1/payment-instruction/domestic/immediate
[2025-09-05 12:26:11 INF] Successfully created map MiddlewareMock_Success_6310fee2-999f-4821-89c0-0837778badc3 for /initialisepaymentorder/basic
[2025-09-05 12:26:12 INF] Response has PaymentId: fb34c435-0c02-43e5-82e6-6860ff53adb9
[2025-09-05 12:26:12 INF] Finished Test Execution: POrchAPI_TMVToUltracs_Valid_Debtor_Reference_Return_Success
[2025-09-05 12:26:12 INF] ---------------------------------------------------



TestContext Messages:
Given a TMV to Ultracs POrch TransferRequest is created
-&gt; done: POrchAPIStepDefinitions.ConditionalPOrchTransferRequestIsCreated("TMV", "Ultracs") (0.0s)
And the Transfer Debtor Reference is =@#_%,.
-&gt; done: POrchAPIStepDefinitions.WhenTheDebtorReferenceIs("Transfer", "=@#_%,.") (0.0s)
And ADPS Response is Success
-&gt; done: POrchAPIStepDefinitions.SetAdpsResponse("Success") (0.0s)
And MiddleWare Response is Success
-&gt; done: POrchAPIStepDefinitions.SetMiddlewareResponse("Success") (0.0s)
When POrch Transfer API is called
-&gt; done: POrchAPIStepDefinitions.WhenPOrchAPIIsCalled("Transfer") (1.1s)
Then the request should return status code 201
-&gt; done: POrchAPIStepDefinitions.ThenTheRequestShouldReturnStatusCode(201) (0.0s)</StdOut>
      </Output>
    </UnitTestResult>
    <UnitTestResult executionId="1455adda-671f-48f1-b92e-610087be86c7" testId="f2684dfd-f53c-b5d2-96f0-3d700f9cbced" testName="POrchAPI_Middleware_Times_Out" computerName="ip-10-130-163-242" duration="00:00:03.0624769" startTime="2025-09-05T12:25:29.3252945+12:00" endTime="2025-09-05T12:25:32.3879188+12:00" testType="13cdc9d9-ddb5-4fa4-a97d-d965ccfc6d4b" outcome="Passed" testListId="8c84fa94-04c1-424b-9868-57a2d4851a1d" relativeResultsDirectory="1455adda-671f-48f1-b92e-610087be86c7">
      <Output>
        <StdOut>[2025-09-05 12:25:29 INF] Starting Test Execution: POrchAPI_Middleware_Times_Out:[]
[2025-09-05 12:25:29 INF] Mocks are not ready after 1 / 5 attempt(s). Expected 2 mock(s) to be registered with the manager and got 0.
[2025-09-05 12:25:29 INF] Successfully created map FraudcheckMock_Authorize_6acbdf8a-87d6-4d7b-a06c-cda55abe7167 for /api/v1/financial-transaction-fraud-checks
[2025-09-05 12:25:29 INF] Successfully created map MiddlewareMock_Success_88886574-78b3-4074-b7f1-012516c61b66 for /initialisepaymentorder/basic
[2025-09-05 12:25:32 INF] Finished Test Execution: POrchAPI_Middleware_Times_Out
[2025-09-05 12:25:32 INF] ---------------------------------------------------



TestContext Messages:
Given a POrch PaymentRequest is created
-&gt; done: POrchAPIStepDefinitions.GivenAPOrchPaymentRequestIsCreated() (0.0s)
And the credit Account is 389300099302202
-&gt; done: POrchAPIStepDefinitions.WhenTheCreditAccountIs("389300099302202") (0.0s)
And FraudCheck Response is Authorize
-&gt; done: POrchAPIStepDefinitions.SetFraudCheckResponse("Authorize") (0.0s)
And MiddleWare Response will be Success with a delay of 15000ms
-&gt; done: POrchAPIStepDefinitions.SetMiddlewareResponse("Success", 15000) (0.0s)
When POrch Payment API is called
-&gt; done: POrchAPIStepDefinitions.WhenPOrchAPIIsCalled("Payment") (3.1s)
Then the request should return status code 500
-&gt; done: POrchAPIStepDefinitions.ThenTheRequestShouldReturnStatusCode(500) (0.0s)</StdOut>
      </Output>
    </UnitTestResult>
    <UnitTestResult executionId="a6b9995f-3f1a-4d29-abe8-628178482258" testId="250ddffa-5865-dc85-3782-1d123181032f" testName="POrchAPI_UltracsToTMV_Valid_Creditor_Particulars_Return_Success (=@#_%,.,201,)" computerName="ip-10-130-163-242" duration="00:00:01.0947589" startTime="2025-09-05T12:26:16.8704797+12:00" endTime="2025-09-05T12:26:17.9653628+12:00" testType="13cdc9d9-ddb5-4fa4-a97d-d965ccfc6d4b" outcome="Passed" testListId="8c84fa94-04c1-424b-9868-57a2d4851a1d" relativeResultsDirectory="a6b9995f-3f1a-4d29-abe8-628178482258">
      <Output>
        <StdOut>[2025-09-05 12:26:16 INF] Starting Test Execution: POrchAPI_UltracsToTMV_Valid_Creditor_Particulars_Return_Success:["[CreditorParticularsValue, =@#_%,.]","[StatusCode, 201]"]
[2025-09-05 12:26:16 INF] Mocks are not ready after 1 / 5 attempt(s). Expected 2 mock(s) to be registered with the manager and got 0.
[2025-09-05 12:26:16 INF] Successfully created map AdpsMock_Success_a79eff2f-3b48-4ad6-a4a5-cd8c3db1cab5 for /api/v1/payment-instruction/domestic/immediate
[2025-09-05 12:26:16 INF] Successfully created map MiddlewareMock_Success_c6b1bd09-dc6c-489b-9882-db0622d13c4e for /initialisepaymentorder/basic
[2025-09-05 12:26:17 INF] Response has PaymentId: 286b29b3-88fd-4293-8ca9-5d8e74d5ea88
[2025-09-05 12:26:17 INF] Finished Test Execution: POrchAPI_UltracsToTMV_Valid_Creditor_Particulars_Return_Success
[2025-09-05 12:26:17 INF] ---------------------------------------------------



TestContext Messages:
Given a Ultracs to TMV POrch TransferRequest is created
-&gt; done: POrchAPIStepDefinitions.ConditionalPOrchTransferRequestIsCreated("Ultracs", "TMV") (0.0s)
And the Transfer Creditor particulars is =@#_%,.
-&gt; done: POrchAPIStepDefinitions.WhenTheCreditorParticularsIs("Transfer", "=@#_%,.") (0.0s)
And ADPS Response is Success
-&gt; done: POrchAPIStepDefinitions.SetAdpsResponse("Success") (0.0s)
And MiddleWare Response is Success
-&gt; done: POrchAPIStepDefinitions.SetMiddlewareResponse("Success") (0.0s)
When POrch Transfer API is called
-&gt; done: POrchAPIStepDefinitions.WhenPOrchAPIIsCalled("Transfer") (1.1s)
Then the request should return status code 201
-&gt; done: POrchAPIStepDefinitions.ThenTheRequestShouldReturnStatusCode(201) (0.0s)</StdOut>
      </Output>
    </UnitTestResult>
    <UnitTestResult executionId="01412432-2091-4767-b0b7-c0eb7291d84c" testId="89804543-53e1-d8c6-96f9-d64716b77f4c" testName="POrchAPI_UltracsToTMV_Valid_Creditor_Reference_Return_Success (=@#_%,.,201,)" computerName="ip-10-130-163-242" duration="00:00:01.0898964" startTime="2025-09-05T12:26:23.4189643+12:00" endTime="2025-09-05T12:26:24.5089886+12:00" testType="13cdc9d9-ddb5-4fa4-a97d-d965ccfc6d4b" outcome="Passed" testListId="8c84fa94-04c1-424b-9868-57a2d4851a1d" relativeResultsDirectory="01412432-2091-4767-b0b7-c0eb7291d84c">
      <Output>
        <StdOut>[2025-09-05 12:26:23 INF] Starting Test Execution: POrchAPI_UltracsToTMV_Valid_Creditor_Reference_Return_Success:["[CreditorReferenceValue, =@#_%,.]","[StatusCode, 201]"]
[2025-09-05 12:26:23 INF] Mocks are not ready after 1 / 5 attempt(s). Expected 2 mock(s) to be registered with the manager and got 0.
[2025-09-05 12:26:23 INF] Successfully created map AdpsMock_Success_9abdb43d-8da1-49dd-bbb0-4b07bfa8c859 for /api/v1/payment-instruction/domestic/immediate
[2025-09-05 12:26:23 INF] Successfully created map MiddlewareMock_Success_c73b1894-c30c-45b2-866a-57a56a9c3b7d for /initialisepaymentorder/basic
[2025-09-05 12:26:24 INF] Response has PaymentId: eed6af09-7e86-4d1f-b34d-f33156459253
[2025-09-05 12:26:24 INF] Finished Test Execution: POrchAPI_UltracsToTMV_Valid_Creditor_Reference_Return_Success
[2025-09-05 12:26:24 INF] ---------------------------------------------------



TestContext Messages:
Given a Ultracs to TMV POrch TransferRequest is created
-&gt; done: POrchAPIStepDefinitions.ConditionalPOrchTransferRequestIsCreated("Ultracs", "TMV") (0.0s)
And the Transfer Creditor Reference is =@#_%,.
-&gt; done: POrchAPIStepDefinitions.WhenTheCreditorReferenceIs("Transfer", "=@#_%,.") (0.0s)
And ADPS Response is Success
-&gt; done: POrchAPIStepDefinitions.SetAdpsResponse("Success") (0.0s)
And MiddleWare Response is Success
-&gt; done: POrchAPIStepDefinitions.SetMiddlewareResponse("Success") (0.0s)
When POrch Transfer API is called
-&gt; done: POrchAPIStepDefinitions.WhenPOrchAPIIsCalled("Transfer") (1.1s)
Then the request should return status code 201
-&gt; done: POrchAPIStepDefinitions.ThenTheRequestShouldReturnStatusCode(201) (0.0s)</StdOut>
      </Output>
    </UnitTestResult>
    <UnitTestResult executionId="3e8e40f7-77f9-4a81-ba58-a15b3d70653c" testId="e0888376-299a-3fad-9735-42c534ccca04" testName="POrchAPI_Negative_MiddleWare_Response_409 (InvalidBankBranchNumberError,409,)" computerName="ip-10-130-163-242" duration="00:00:01.0942912" startTime="2025-09-05T12:24:28.5008512+12:00" endTime="2025-09-05T12:24:29.5954868+12:00" testType="13cdc9d9-ddb5-4fa4-a97d-d965ccfc6d4b" outcome="Passed" testListId="8c84fa94-04c1-424b-9868-57a2d4851a1d" relativeResultsDirectory="3e8e40f7-77f9-4a81-ba58-a15b3d70653c">
      <Output>
        <StdOut>[2025-09-05 12:24:28 INF] Starting Test Execution: POrchAPI_Negative_MiddleWare_Response_409:["[Result, InvalidBankBranchNumberError]","[StatusCode, 409]"]
[2025-09-05 12:24:28 INF] Mocks are not ready after 1 / 5 attempt(s). Expected 2 mock(s) to be registered with the manager and got 0.
[2025-09-05 12:24:28 INF] Successfully created map MiddlewareMock_InvalidBankBranchNumberError_80afc8c3-4d63-49e8-9c1e-eb57973fee16 for /initialisepaymentorder/basic
[2025-09-05 12:24:28 INF] Successfully created map FraudcheckMock_Authorize_2d4466cd-c112-4301-a842-3980e8120b60 for /api/v1/financial-transaction-fraud-checks
[2025-09-05 12:24:29 INF] Response has PaymentId: 4a26535f-50fc-4527-b70a-040737973eda
[2025-09-05 12:24:29 INF] Finished Test Execution: POrchAPI_Negative_MiddleWare_Response_409
[2025-09-05 12:24:29 INF] ---------------------------------------------------



TestContext Messages:
Given a POrch PaymentRequest is created
-&gt; done: POrchAPIStepDefinitions.GivenAPOrchPaymentRequestIsCreated() (0.0s)
And FraudCheck Response is Authorize
-&gt; done: POrchAPIStepDefinitions.SetFraudCheckResponse("Authorize") (0.0s)
And MiddleWare Response is InvalidBankBranchNumberError
-&gt; done: POrchAPIStepDefinitions.SetMiddlewareResponse("InvalidBankBranch...") (0.0s)
When POrch Payment API is called
-&gt; done: POrchAPIStepDefinitions.WhenPOrchAPIIsCalled("Payment") (1.1s)
Then the request should return status code 409
-&gt; done: POrchAPIStepDefinitions.ThenTheRequestShouldReturnStatusCode(409) (0.0s)</StdOut>
      </Output>
    </UnitTestResult>
    <UnitTestResult executionId="561e0182-3687-40f5-94df-5213a75b93f3" testId="e050b393-98d3-94ce-7c71-c1e2257cc835" testName="POrchAPI_Invalid_Credit_Account_Return_Error (38231234562856345,400,)" computerName="ip-10-130-163-242" duration="00:00:00.0080825" startTime="2025-09-05T12:25:02.7511945+12:00" endTime="2025-09-05T12:25:02.7594022+12:00" testType="13cdc9d9-ddb5-4fa4-a97d-d965ccfc6d4b" outcome="Passed" testListId="8c84fa94-04c1-424b-9868-57a2d4851a1d" relativeResultsDirectory="561e0182-3687-40f5-94df-5213a75b93f3">
      <Output>
        <StdOut>[2025-09-05 12:25:02 INF] Starting Test Execution: POrchAPI_Invalid_Credit_Account_Return_Error:["[CreditAccounValue, 38231234562856345]","[StatusCode, 400]"]
[2025-09-05 12:25:02 INF] Finished Test Execution: POrchAPI_Invalid_Credit_Account_Return_Error
[2025-09-05 12:25:02 INF] ---------------------------------------------------



TestContext Messages:
Given a POrch PaymentRequest is created
-&gt; done: POrchAPIStepDefinitions.GivenAPOrchPaymentRequestIsCreated() (0.0s)
And the Payment Credit Account field is &lt;CreditAccountValue&gt;
-&gt; done: POrchAPIStepDefinitions.WhenTheCreditAccountFieldIs("Payment", "&lt;CreditAccountValue&gt;") (0.0s)
When POrch Payment API is called
-&gt; done: POrchAPIStepDefinitions.WhenPOrchAPIIsCalled("Payment") (0.0s)
Then the request should return status code 400
-&gt; done: POrchAPIStepDefinitions.ThenTheRequestShouldReturnStatusCode(400) (0.0s)</StdOut>
      </Output>
    </UnitTestResult>
    <UnitTestResult executionId="ddcdfd04-5b73-49f2-aca4-50a0931c2d69" testId="77b189ce-eb39-7c71-e2c3-21da24d1bcc0" testName="POrchAPI_Invalid_Creditor_Particulars_Return_Error (\,400,)" computerName="ip-10-130-163-242" duration="00:00:00.0085220" startTime="2025-09-05T12:25:02.8116817+12:00" endTime="2025-09-05T12:25:02.8203767+12:00" testType="13cdc9d9-ddb5-4fa4-a97d-d965ccfc6d4b" outcome="Passed" testListId="8c84fa94-04c1-424b-9868-57a2d4851a1d" relativeResultsDirectory="ddcdfd04-5b73-49f2-aca4-50a0931c2d69">
      <Output>
        <StdOut>[2025-09-05 12:25:02 INF] Starting Test Execution: POrchAPI_Invalid_Creditor_Particulars_Return_Error:["[PayeeParticularsValue, \\]","[StatusCode, 400]"]
[2025-09-05 12:25:02 INF] Finished Test Execution: POrchAPI_Invalid_Creditor_Particulars_Return_Error
[2025-09-05 12:25:02 INF] ---------------------------------------------------



TestContext Messages:
Given a POrch PaymentRequest is created
-&gt; done: POrchAPIStepDefinitions.GivenAPOrchPaymentRequestIsCreated() (0.0s)
And the Payment Creditor particulars is \
-&gt; done: POrchAPIStepDefinitions.WhenTheCreditorParticularsIs("Payment", "\") (0.0s)
When POrch Payment API is called
-&gt; done: POrchAPIStepDefinitions.WhenPOrchAPIIsCalled("Payment") (0.0s)
Then the request should return status code 400
-&gt; done: POrchAPIStepDefinitions.ThenTheRequestShouldReturnStatusCode(400) (0.0s)</StdOut>
      </Output>
    </UnitTestResult>
    <UnitTestResult executionId="af7a2f05-afe6-42a4-9c20-4729c2629526" testId="51ee23f8-e718-45a4-098e-53f61dfd5593" testName="POrchAPI_Negative_MiddleWare_Response_409 (AccountNumberIsInvalidError,409,)" computerName="ip-10-130-163-242" duration="00:00:01.1071963" startTime="2025-09-05T12:24:31.7494892+12:00" endTime="2025-09-05T12:24:32.8568830+12:00" testType="13cdc9d9-ddb5-4fa4-a97d-d965ccfc6d4b" outcome="Passed" testListId="8c84fa94-04c1-424b-9868-57a2d4851a1d" relativeResultsDirectory="af7a2f05-afe6-42a4-9c20-4729c2629526">
      <Output>
        <StdOut>[2025-09-05 12:24:31 INF] Starting Test Execution: POrchAPI_Negative_MiddleWare_Response_409:["[Result, AccountNumberIsInvalidError]","[StatusCode, 409]"]
[2025-09-05 12:24:31 INF] Mocks are not ready after 1 / 5 attempt(s). Expected 2 mock(s) to be registered with the manager and got 0.
[2025-09-05 12:24:31 INF] Successfully created map FraudcheckMock_Authorize_fe96d0d1-5d42-41b8-8ca7-c7901cdf0475 for /api/v1/financial-transaction-fraud-checks
[2025-09-05 12:24:31 INF] Successfully created map MiddlewareMock_AccountNumberIsInvalidError_60b7869f-3e95-4903-83d7-8e0901939993 for /initialisepaymentorder/basic
[2025-09-05 12:24:32 INF] Response has PaymentId: c7d1942b-1519-4aa2-8120-194bb11662ff
[2025-09-05 12:24:32 INF] Finished Test Execution: POrchAPI_Negative_MiddleWare_Response_409
[2025-09-05 12:24:32 INF] ---------------------------------------------------



TestContext Messages:
Given a POrch PaymentRequest is created
-&gt; done: POrchAPIStepDefinitions.GivenAPOrchPaymentRequestIsCreated() (0.0s)
And FraudCheck Response is Authorize
-&gt; done: POrchAPIStepDefinitions.SetFraudCheckResponse("Authorize") (0.0s)
And MiddleWare Response is AccountNumberIsInvalidError
-&gt; done: POrchAPIStepDefinitions.SetMiddlewareResponse("AccountNumberIsIn...") (0.0s)
When POrch Payment API is called
-&gt; done: POrchAPIStepDefinitions.WhenPOrchAPIIsCalled("Payment") (1.1s)
Then the request should return status code 409
-&gt; done: POrchAPIStepDefinitions.ThenTheRequestShouldReturnStatusCode(409) (0.0s)</StdOut>
      </Output>
    </UnitTestResult>
    <UnitTestResult executionId="b4a06ba0-e241-4e77-a173-5bc6dfd477ea" testId="9949895d-04f1-c413-02a3-f5fbc14f55ed" testName="POrchAPI_Other_Middleware_Responses_Do_Not_Retry (UnknownError,500,)" computerName="ip-10-130-163-242" duration="00:00:01.0851274" startTime="2025-09-05T12:25:43.2268643+12:00" endTime="2025-09-05T12:25:44.3121563+12:00" testType="13cdc9d9-ddb5-4fa4-a97d-d965ccfc6d4b" outcome="Passed" testListId="8c84fa94-04c1-424b-9868-57a2d4851a1d" relativeResultsDirectory="b4a06ba0-e241-4e77-a173-5bc6dfd477ea">
      <Output>
        <StdOut>[2025-09-05 12:25:43 INF] Starting Test Execution: POrchAPI_Other_Middleware_Responses_Do_Not_Retry:["[Response, UnknownError]","[StatusCode, 500]"]
[2025-09-05 12:25:43 INF] Mocks are not ready after 1 / 5 attempt(s). Expected 3 mock(s) to be registered with the manager and got 0.
[2025-09-05 12:25:43 INF] Successfully created map FraudcheckMock_Authorize_d242f7b4-8753-4d4f-8c40-fb5b2f6a52ce for /api/v1/financial-transaction-fraud-checks
[2025-09-05 12:25:43 INF] Successfully created map MiddlewareSuccess_ab891d83-858e-4d76-b860-10ec17d20f04 for /initialisepaymentorder/basic
[2025-09-05 12:25:43 INF] Successfully created map MiddlewareFailure_UnknownError_f4eb9b9b-f5d7-4e77-b76b-064eb4dc12e4_1 for /initialisepaymentorder/basic
[2025-09-05 12:25:44 INF] Finished Test Execution: POrchAPI_Other_Middleware_Responses_Do_Not_Retry
[2025-09-05 12:25:44 INF] ---------------------------------------------------



TestContext Messages:
Given a POrch PaymentRequest is created
-&gt; done: POrchAPIStepDefinitions.GivenAPOrchPaymentRequestIsCreated() (0.0s)
And the credit Account is 389300099302202
-&gt; done: POrchAPIStepDefinitions.WhenTheCreditAccountIs("389300099302202") (0.0s)
And FraudCheck Response is Authorize
-&gt; done: POrchAPIStepDefinitions.SetFraudCheckResponse("Authorize") (0.0s)
And the Middleware responses will be UnknownError then 201
-&gt; done: POrchAPIStepDefinitions.GivenTheMiddlewareResponsesWillBe("UnknownError") (0.0s)
When POrch Payment API is called
-&gt; done: POrchAPIStepDefinitions.WhenPOrchAPIIsCalled("Payment") (1.1s)
Then the request should return status code 500
-&gt; done: POrchAPIStepDefinitions.ThenTheRequestShouldReturnStatusCode(500) (0.0s)</StdOut>
      </Output>
    </UnitTestResult>
    <UnitTestResult executionId="506fee0d-7d86-409f-a183-d9da693cc7e5" testId="429a1c3b-e939-1746-62d9-442bf834c169" testName="POrchAPI_Fraud_Retries (503,,)" computerName="ip-10-130-163-242" duration="00:00:01.6398032" startTime="2025-09-05T12:25:17.9150138+12:00" endTime="2025-09-05T12:25:19.5549726+12:00" testType="13cdc9d9-ddb5-4fa4-a97d-d965ccfc6d4b" outcome="Passed" testListId="8c84fa94-04c1-424b-9868-57a2d4851a1d" relativeResultsDirectory="506fee0d-7d86-409f-a183-d9da693cc7e5">
      <Output>
        <StdOut>[2025-09-05 12:25:17 INF] Starting Test Execution: POrchAPI_Fraud_Retries:["[ErrorCode, 503]"]
[2025-09-05 12:25:17 INF] Mocks are not ready after 1 / 5 attempt(s). Expected 3 mock(s) to be registered with the manager and got 0.
[2025-09-05 12:25:17 INF] Successfully created map FraudSuccess_8a78441e-6001-4498-b77d-b20b5cee286d for /api/v1/financial-transaction-fraud-checks
[2025-09-05 12:25:17 INF] Successfully created map FraudErrorResponse_503_aecaa0f4-b2c9-4e5c-a7eb-4f0e10236a77_1 for /api/v1/financial-transaction-fraud-checks
[2025-09-05 12:25:17 INF] Successfully created map MiddlewareMock_Success_a4a817ea-6fe1-40fd-bef7-3bcc33541a60 for /initialisepaymentorder/basic
[2025-09-05 12:25:19 INF] Response has PaymentId: 3ed4c840-4273-445a-831b-0b59bf8a7631
[2025-09-05 12:25:19 INF] Finished Test Execution: POrchAPI_Fraud_Retries
[2025-09-05 12:25:19 INF] ---------------------------------------------------



TestContext Messages:
Given a POrch PaymentRequest is created
-&gt; done: POrchAPIStepDefinitions.GivenAPOrchPaymentRequestIsCreated() (0.0s)
And the credit Account is 389300099302202
-&gt; done: POrchAPIStepDefinitions.WhenTheCreditAccountIs("389300099302202") (0.0s)
And the Fraudcheck mock response will return 503 then 200
-&gt; done: POrchAPIStepDefinitions.GivenTheFraudcheckMockResponseWillReturnThen("503") (0.0s)
And MiddleWare Response is Success
-&gt; done: POrchAPIStepDefinitions.SetMiddlewareResponse("Success") (0.0s)
When POrch Payment API is called
-&gt; done: POrchAPIStepDefinitions.WhenPOrchAPIIsCalled("Payment") (1.6s)
Then the request should return status code 201
-&gt; done: POrchAPIStepDefinitions.ThenTheRequestShouldReturnStatusCode(201) (0.0s)</StdOut>
      </Output>
    </UnitTestResult>
    <UnitTestResult executionId="5cf9180b-608d-4c6d-bc41-000263ebecc2" testId="ac6f18e1-b1aa-fc1d-9736-25be49d247df" testName="POrchAPI_UltracsToTMV_Valid_Creditor_Particulars_Return_Success (()+$*!;-/?:,201,)" computerName="ip-10-130-163-242" duration="00:00:01.0909710" startTime="2025-09-05T12:26:15.7792908+12:00" endTime="2025-09-05T12:26:16.8704338+12:00" testType="13cdc9d9-ddb5-4fa4-a97d-d965ccfc6d4b" outcome="Passed" testListId="8c84fa94-04c1-424b-9868-57a2d4851a1d" relativeResultsDirectory="5cf9180b-608d-4c6d-bc41-000263ebecc2">
      <Output>
        <StdOut>[2025-09-05 12:26:15 INF] Starting Test Execution: POrchAPI_UltracsToTMV_Valid_Creditor_Particulars_Return_Success:["[CreditorParticularsValue, ()+$*!;-/?:]","[StatusCode, 201]"]
[2025-09-05 12:26:15 INF] Mocks are not ready after 1 / 5 attempt(s). Expected 2 mock(s) to be registered with the manager and got 0.
[2025-09-05 12:26:15 INF] Successfully created map AdpsMock_Success_103ec18d-dfc6-473a-bc00-2b3921565e21 for /api/v1/payment-instruction/domestic/immediate
[2025-09-05 12:26:15 INF] Successfully created map MiddlewareMock_Success_989f658d-6260-484a-9ac7-ad6566da6940 for /initialisepaymentorder/basic
[2025-09-05 12:26:16 INF] Response has PaymentId: 69dc100c-0f72-4fd6-a1b3-a22bae429e97
[2025-09-05 12:26:16 INF] Finished Test Execution: POrchAPI_UltracsToTMV_Valid_Creditor_Particulars_Return_Success
[2025-09-05 12:26:16 INF] ---------------------------------------------------



TestContext Messages:
Given a Ultracs to TMV POrch TransferRequest is created
-&gt; done: POrchAPIStepDefinitions.ConditionalPOrchTransferRequestIsCreated("Ultracs", "TMV") (0.0s)
And the Transfer Creditor particulars is ()+$*!;-/?:
-&gt; done: POrchAPIStepDefinitions.WhenTheCreditorParticularsIs("Transfer", "()+$*!;-/?:") (0.0s)
And ADPS Response is Success
-&gt; done: POrchAPIStepDefinitions.SetAdpsResponse("Success") (0.0s)
And MiddleWare Response is Success
-&gt; done: POrchAPIStepDefinitions.SetMiddlewareResponse("Success") (0.0s)
When POrch Transfer API is called
-&gt; done: POrchAPIStepDefinitions.WhenPOrchAPIIsCalled("Transfer") (1.1s)
Then the request should return status code 201
-&gt; done: POrchAPIStepDefinitions.ThenTheRequestShouldReturnStatusCode(201) (0.0s)</StdOut>
      </Output>
    </UnitTestResult>
    <UnitTestResult executionId="55e20400-755d-4c8c-aaae-e67f58c7ac38" testId="2c1e2f18-dfa5-3295-1131-b7430d488d2a" testName="POrchAPI_Invalid_Access_Number_Field_Return_Error (testValue,400,)" computerName="ip-10-130-163-242" duration="00:00:00.0184956" startTime="2025-09-05T12:25:02.6384274+12:00" endTime="2025-09-05T12:25:02.6571308+12:00" testType="13cdc9d9-ddb5-4fa4-a97d-d965ccfc6d4b" outcome="Passed" testListId="8c84fa94-04c1-424b-9868-57a2d4851a1d" relativeResultsDirectory="55e20400-755d-4c8c-aaae-e67f58c7ac38">
      <Output>
        <StdOut>[2025-09-05 12:25:02 INF] Starting Test Execution: POrchAPI_Invalid_Access_Number_Field_Return_Error:["[AccessNumberValue, testValue]","[StatusCode, 400]"]
[2025-09-05 12:25:02 INF] Finished Test Execution: POrchAPI_Invalid_Access_Number_Field_Return_Error
[2025-09-05 12:25:02 INF] ---------------------------------------------------



TestContext Messages:
Given a POrch PaymentRequest is created
-&gt; done: POrchAPIStepDefinitions.GivenAPOrchPaymentRequestIsCreated() (0.0s)
And the Payment Access Number Field is testValue
-&gt; done: POrchAPIStepDefinitions.WhenTheAccessNumberFieldIs("Payment", "testValue") (0.0s)
When POrch Payment API is called
-&gt; done: POrchAPIStepDefinitions.WhenPOrchAPIIsCalled("Payment") (0.0s)
Then the request should return status code 400
-&gt; done: POrchAPIStepDefinitions.ThenTheRequestShouldReturnStatusCode(400) (0.0s)</StdOut>
      </Output>
    </UnitTestResult>
    <UnitTestResult executionId="2c9718f9-ba14-48cb-ad35-9aaebe87add8" testId="cc6e8de5-37e2-ebc2-e199-323c623a3e71" testName="POrchAPI_Negative_FraudCheck_Response_Frozen_Middleware_409 (Refer,409,)" computerName="ip-10-130-163-242" duration="00:00:01.0751516" startTime="2025-09-05T12:24:36.1345146+12:00" endTime="2025-09-05T12:24:37.2098368+12:00" testType="13cdc9d9-ddb5-4fa4-a97d-d965ccfc6d4b" outcome="Passed" testListId="8c84fa94-04c1-424b-9868-57a2d4851a1d" relativeResultsDirectory="2c9718f9-ba14-48cb-ad35-9aaebe87add8">
      <Output>
        <StdOut>[2025-09-05 12:24:36 INF] Starting Test Execution: POrchAPI_Negative_FraudCheck_Response_Frozen_Middleware_409:["[Result, Refer]","[StatusCode, 409]"]
[2025-09-05 12:24:36 INF] Successfully created map FraudcheckMock_Refer_9f58df5e-be0f-43e0-abc1-3de6559613e1 for /api/v1/financial-transaction-fraud-checks
[2025-09-05 12:24:36 INF] Successfully created map MiddlewareMock_FrozenError_89f4acd4-866e-44b6-a892-6ce30883b76f for /initialisepaymentorder/basic
[2025-09-05 12:24:36 INF] Mocks are not ready after 1 / 5 attempt(s). Expected 3 mock(s) to be registered with the manager and got 2.
[2025-09-05 12:24:36 INF] Successfully created map PartyActivityServiceMock_Created_7417fd42-2799-4648-8426-208cafd41710 for /v2/activities
[2025-09-05 12:24:37 INF] Response has PaymentId: d93fada2-1ee5-4d92-bb9f-7a5ce347e8cb
[2025-09-05 12:24:37 INF] Finished Test Execution: POrchAPI_Negative_FraudCheck_Response_Frozen_Middleware_409
[2025-09-05 12:24:37 INF] ---------------------------------------------------



TestContext Messages:
Given a POrch PaymentRequest is created
-&gt; done: POrchAPIStepDefinitions.GivenAPOrchPaymentRequestIsCreated() (0.0s)
And FraudCheck Response is Refer
-&gt; done: POrchAPIStepDefinitions.SetFraudCheckResponse("Refer") (0.0s)
And MiddleWare Response is FrozenError
-&gt; done: POrchAPIStepDefinitions.SetMiddlewareResponse("FrozenError") (0.0s)
And the PAS response is Created
-&gt; done: POrchAPIStepDefinitions.ThePasResponseIs("Created") (0.0s)
When POrch Payment API is called
-&gt; done: POrchAPIStepDefinitions.WhenPOrchAPIIsCalled("Payment") (1.1s)
Then the request should return status code 409
-&gt; done: POrchAPIStepDefinitions.ThenTheRequestShouldReturnStatusCode(409) (0.0s)</StdOut>
      </Output>
    </UnitTestResult>
    <UnitTestResult executionId="e0397ce2-71fa-43c9-af6e-c15fcb9824d2" testId="72295e45-e674-1c99-e24a-c81a771d4fe0" testName="POrchAPI_Negative_MiddleWare_Response_409 (UnknownError,500,)" computerName="ip-10-130-163-242" duration="00:00:01.0794981" startTime="2025-09-05T12:24:35.0547546+12:00" endTime="2025-09-05T12:24:36.1344570+12:00" testType="13cdc9d9-ddb5-4fa4-a97d-d965ccfc6d4b" outcome="Passed" testListId="8c84fa94-04c1-424b-9868-57a2d4851a1d" relativeResultsDirectory="e0397ce2-71fa-43c9-af6e-c15fcb9824d2">
      <Output>
        <StdOut>[2025-09-05 12:24:35 INF] Starting Test Execution: POrchAPI_Negative_MiddleWare_Response_409:["[Result, UnknownError]","[StatusCode, 500]"]
[2025-09-05 12:24:35 INF] Mocks are not ready after 1 / 5 attempt(s). Expected 2 mock(s) to be registered with the manager and got 0.
[2025-09-05 12:24:35 INF] Successfully created map FraudcheckMock_Authorize_f1e740ba-a937-432c-8816-447277d7b3be for /api/v1/financial-transaction-fraud-checks
[2025-09-05 12:24:35 INF] Successfully created map MiddlewareMock_UnknownError_f4c7a590-e7fe-4bfb-ad5d-5294abcd346b for /initialisepaymentorder/basic
[2025-09-05 12:24:36 INF] Finished Test Execution: POrchAPI_Negative_MiddleWare_Response_409
[2025-09-05 12:24:36 INF] ---------------------------------------------------



TestContext Messages:
Given a POrch PaymentRequest is created
-&gt; done: POrchAPIStepDefinitions.GivenAPOrchPaymentRequestIsCreated() (0.0s)
And FraudCheck Response is Authorize
-&gt; done: POrchAPIStepDefinitions.SetFraudCheckResponse("Authorize") (0.0s)
And MiddleWare Response is UnknownError
-&gt; done: POrchAPIStepDefinitions.SetMiddlewareResponse("UnknownError") (0.0s)
When POrch Payment API is called
-&gt; done: POrchAPIStepDefinitions.WhenPOrchAPIIsCalled("Payment") (1.1s)
Then the request should return status code 500
-&gt; done: POrchAPIStepDefinitions.ThenTheRequestShouldReturnStatusCode(500) (0.0s)</StdOut>
      </Output>
    </UnitTestResult>
    <UnitTestResult executionId="3aba829f-77f5-4570-b575-93df7be60ef7" testId="0bbe4b7d-872b-2c47-337d-1d2c17bb07b3" testName="POrchAPI_UltracsToTMV_Valid_Creditor_Code_Return_Success (=@#_%,.,201,)" computerName="ip-10-130-163-242" duration="00:00:01.0898278" startTime="2025-09-05T12:26:21.2358953+12:00" endTime="2025-09-05T12:26:22.3258684+12:00" testType="13cdc9d9-ddb5-4fa4-a97d-d965ccfc6d4b" outcome="Passed" testListId="8c84fa94-04c1-424b-9868-57a2d4851a1d" relativeResultsDirectory="3aba829f-77f5-4570-b575-93df7be60ef7">
      <Output>
        <StdOut>[2025-09-05 12:26:21 INF] Starting Test Execution: POrchAPI_UltracsToTMV_Valid_Creditor_Code_Return_Success:["[CreditorCodeValue, =@#_%,.]","[StatusCode, 201]"]
[2025-09-05 12:26:21 INF] Mocks are not ready after 1 / 5 attempt(s). Expected 2 mock(s) to be registered with the manager and got 0.
[2025-09-05 12:26:21 INF] Successfully created map AdpsMock_Success_d9be1473-d983-42e9-a4bc-82fd95a8be54 for /api/v1/payment-instruction/domestic/immediate
[2025-09-05 12:26:21 INF] Successfully created map MiddlewareMock_Success_ac65d107-7a4d-4973-a250-bbae24ae3ed2 for /initialisepaymentorder/basic
[2025-09-05 12:26:22 INF] Response has PaymentId: ffe1cfc7-4992-4636-9006-fb387bb31151
[2025-09-05 12:26:22 INF] Finished Test Execution: POrchAPI_UltracsToTMV_Valid_Creditor_Code_Return_Success
[2025-09-05 12:26:22 INF] ---------------------------------------------------



TestContext Messages:
Given a Ultracs to TMV POrch TransferRequest is created
-&gt; done: POrchAPIStepDefinitions.ConditionalPOrchTransferRequestIsCreated("Ultracs", "TMV") (0.0s)
And the Transfer Creditor Code is =@#_%,.
-&gt; done: POrchAPIStepDefinitions.WhenTheCreditorCodeIs("Transfer", "=@#_%,.") (0.0s)
And ADPS Response is Success
-&gt; done: POrchAPIStepDefinitions.SetAdpsResponse("Success") (0.0s)
And MiddleWare Response is Success
-&gt; done: POrchAPIStepDefinitions.SetMiddlewareResponse("Success") (0.0s)
When POrch Transfer API is called
-&gt; done: POrchAPIStepDefinitions.WhenPOrchAPIIsCalled("Transfer") (1.1s)
Then the request should return status code 201
-&gt; done: POrchAPIStepDefinitions.ThenTheRequestShouldReturnStatusCode(201) (0.0s)</StdOut>
      </Output>
    </UnitTestResult>
    <UnitTestResult executionId="635b8986-0c1e-4d16-9b78-13c027d96637" testId="7851ebde-72f9-3991-4091-a85fc3a11eba" testName="POrchAPI_PAS_Times_Out" computerName="ip-10-130-163-242" duration="00:00:02.5727159" startTime="2025-09-05T12:25:10.2385350+12:00" endTime="2025-09-05T12:25:12.8114118+12:00" testType="13cdc9d9-ddb5-4fa4-a97d-d965ccfc6d4b" outcome="Passed" testListId="8c84fa94-04c1-424b-9868-57a2d4851a1d" relativeResultsDirectory="635b8986-0c1e-4d16-9b78-13c027d96637">
      <Output>
        <StdOut>[2025-09-05 12:25:10 INF] Starting Test Execution: POrchAPI_PAS_Times_Out:[]
[2025-09-05 12:25:10 INF] Successfully created map FraudcheckMock_Decline_2a7087c0-c5e4-4abc-8c95-cf19ad1b0f17 for /api/v1/financial-transaction-fraud-checks
[2025-09-05 12:25:10 INF] Successfully created map PASSuccess_2ee19e90-34a0-4eee-8813-20315b0fa8f5 for /v2/activities
[2025-09-05 12:25:12 INF] Response has PaymentId: 1a3df527-6103-4f52-b61e-f985453c84ae
[2025-09-05 12:25:12 INF] Finished Test Execution: POrchAPI_PAS_Times_Out
[2025-09-05 12:25:12 INF] ---------------------------------------------------



TestContext Messages:
Given a POrch PaymentRequest is created
-&gt; done: POrchAPIStepDefinitions.GivenAPOrchPaymentRequestIsCreated() (0.0s)
And FraudCheck Response is Decline
-&gt; done: POrchAPIStepDefinitions.SetFraudCheckResponse("Decline") (0.0s)
And the PAS mock response will time out
-&gt; done: POrchAPIStepDefinitions.GivenThePASMockResponseWillTimeOut() (0.5s)
When POrch Payment API is called
-&gt; done: POrchAPIStepDefinitions.WhenPOrchAPIIsCalled("Payment") (2.1s)
Then the request should return status code 409
-&gt; done: POrchAPIStepDefinitions.ThenTheRequestShouldReturnStatusCode(409) (0.0s)</StdOut>
      </Output>
    </UnitTestResult>
    <UnitTestResult executionId="79c8ad26-7464-44e8-8115-495804e70c78" testId="c8bcd01b-a393-1de5-8512-1f4782ddff91" testName="POrchAPI_Various_Amounts_Return_Success_When_Below_Max (01.11,,)" computerName="ip-10-130-163-242" duration="00:00:01.1206302" startTime="2025-09-05T12:24:02.6172150+12:00" endTime="2025-09-05T12:24:03.7381816+12:00" testType="13cdc9d9-ddb5-4fa4-a97d-d965ccfc6d4b" outcome="Passed" testListId="8c84fa94-04c1-424b-9868-57a2d4851a1d" relativeResultsDirectory="79c8ad26-7464-44e8-8115-495804e70c78">
      <Output>
        <StdOut>[2025-09-05 12:24:02 INF] Starting Test Execution: POrchAPI_Various_Amounts_Return_Success_When_Below_Max:["[Amount, 01.11]"]
[2025-09-05 12:24:02 INF] Mocks are not ready after 1 / 5 attempt(s). Expected 2 mock(s) to be registered with the manager and got 0.
[2025-09-05 12:24:02 INF] Successfully created map FraudcheckMock_Authorize_8c72a899-b7cc-4ecb-9f6a-e1d889820123 for /api/v1/financial-transaction-fraud-checks
[2025-09-05 12:24:02 INF] Successfully created map MiddlewareMock_Success_18a2b4eb-495c-4991-a9a5-3212cf88237c for /initialisepaymentorder/basic
[2025-09-05 12:24:03 INF] Response has PaymentId: c2d581ae-f3a3-4e9b-af66-c5d064e4c3f7
[2025-09-05 12:24:03 INF] Finished Test Execution: POrchAPI_Various_Amounts_Return_Success_When_Below_Max
[2025-09-05 12:24:03 INF] ---------------------------------------------------



TestContext Messages:
Given a POrch PaymentRequest is created
-&gt; done: POrchAPIStepDefinitions.GivenAPOrchPaymentRequestIsCreated() (0.0s)
And the Payment Amount Field is 01.11
-&gt; done: POrchAPIStepDefinitions.WhenTheAcountFieldIs("Payment", "01.11") (0.0s)
And FraudCheck Response is Authorize
-&gt; done: POrchAPIStepDefinitions.SetFraudCheckResponse("Authorize") (0.0s)
And MiddleWare Response is Success
-&gt; done: POrchAPIStepDefinitions.SetMiddlewareResponse("Success") (0.0s)
When POrch Payment API is called
-&gt; done: POrchAPIStepDefinitions.WhenPOrchAPIIsCalled("Payment") (1.1s)
Then the request should return status code 201
-&gt; done: POrchAPIStepDefinitions.ThenTheRequestShouldReturnStatusCode(201) (0.0s)</StdOut>
      </Output>
    </UnitTestResult>
    <UnitTestResult executionId="2b141b5f-eb31-417c-9398-ce851582340d" testId="a923da62-0967-101d-20f5-b36319276a81" testName="POrchAPI_TMVToTMV_Valid_Creditor_Reference_Return_Success (()+$*!;-/?:,201,)" computerName="ip-10-130-163-242" duration="00:00:01.0704826" startTime="2025-09-05T12:25:54.0188047+12:00" endTime="2025-09-05T12:25:55.0894360+12:00" testType="13cdc9d9-ddb5-4fa4-a97d-d965ccfc6d4b" outcome="Passed" testListId="8c84fa94-04c1-424b-9868-57a2d4851a1d" relativeResultsDirectory="2b141b5f-eb31-417c-9398-ce851582340d">
      <Output>
        <StdOut>[2025-09-05 12:25:54 INF] Starting Test Execution: POrchAPI_TMVToTMV_Valid_Creditor_Reference_Return_Success:["[CreditorReferenceValue, ()+$*!;-/?:]","[StatusCode, 201]"]
[2025-09-05 12:25:54 INF] Mocks are not ready after 1 / 5 attempt(s). Expected 1 mock(s) to be registered with the manager and got 0.
[2025-09-05 12:25:54 INF] Successfully created map AdpsMock_Success_ba982695-1001-4d27-98be-f630d3eebbea for /api/v1/payment-instruction/domestic/immediate
[2025-09-05 12:25:55 INF] Response has PaymentId: 71215a59-31e9-4efd-876f-66f9a2f4ae53
[2025-09-05 12:25:55 INF] Finished Test Execution: POrchAPI_TMVToTMV_Valid_Creditor_Reference_Return_Success
[2025-09-05 12:25:55 INF] ---------------------------------------------------



TestContext Messages:
Given a TMV to TMV POrch TransferRequest is created
-&gt; done: POrchAPIStepDefinitions.ConditionalPOrchTransferRequestIsCreated("TMV", "TMV") (0.0s)
And the Transfer Creditor Reference is ()+$*!;-/?:
-&gt; done: POrchAPIStepDefinitions.WhenTheCreditorReferenceIs("Transfer", "()+$*!;-/?:") (0.0s)
And ADPS Response is Success
-&gt; done: POrchAPIStepDefinitions.SetAdpsResponse("Success") (0.0s)
When POrch Transfer API is called
-&gt; done: POrchAPIStepDefinitions.WhenPOrchAPIIsCalled("Transfer") (1.1s)
Then the request should return status code 201
-&gt; done: POrchAPIStepDefinitions.ThenTheRequestShouldReturnStatusCode(201) (0.0s)</StdOut>
      </Output>
    </UnitTestResult>
    <UnitTestResult executionId="321ff2bc-16c4-4d69-8ca3-85a2e904a63b" testId="775249f2-5313-8dc4-2a6f-e5ee207fa0a2" testName="POrchAPI_Invalid_Amount_Field_Return_Error (testAmount,400,)" computerName="ip-10-130-163-242" duration="00:00:00.0157535" startTime="2025-09-05T12:25:02.6218624+12:00" endTime="2025-09-05T12:25:02.6383036+12:00" testType="13cdc9d9-ddb5-4fa4-a97d-d965ccfc6d4b" outcome="Passed" testListId="8c84fa94-04c1-424b-9868-57a2d4851a1d" relativeResultsDirectory="321ff2bc-16c4-4d69-8ca3-85a2e904a63b">
      <Output>
        <StdOut>[2025-09-05 12:25:02 INF] Starting Test Execution: POrchAPI_Invalid_Amount_Field_Return_Error:["[AmountValue, testAmount]","[StatusCode, 400]"]
[2025-09-05 12:25:02 INF] Finished Test Execution: POrchAPI_Invalid_Amount_Field_Return_Error
[2025-09-05 12:25:02 INF] ---------------------------------------------------



TestContext Messages:
Given a POrch PaymentRequest is created
-&gt; done: POrchAPIStepDefinitions.GivenAPOrchPaymentRequestIsCreated() (0.0s)
And the Payment Amount Field is testAmount
-&gt; done: POrchAPIStepDefinitions.WhenTheAcountFieldIs("Payment", "testAmount") (0.0s)
When POrch Payment API is called
-&gt; done: POrchAPIStepDefinitions.WhenPOrchAPIIsCalled("Payment") (0.0s)
Then the request should return status code 400
-&gt; done: POrchAPIStepDefinitions.ThenTheRequestShouldReturnStatusCode(400) (0.0s)</StdOut>
      </Output>
    </UnitTestResult>
    <UnitTestResult executionId="6ced88bd-9af2-4e2d-bdfa-e824a8ab1f5c" testId="ebb7c562-38a7-096a-0612-1d420361f243" testName="POrchAPI_Other_Fraud_Responses_Do_Not_Retry (Hold,409,)" computerName="ip-10-130-163-242" duration="00:00:00.0082302" startTime="2025-09-05T12:25:25.8839544+12:00" endTime="2025-09-05T12:25:25.8922949+12:00" testType="13cdc9d9-ddb5-4fa4-a97d-d965ccfc6d4b" outcome="Passed" testListId="8c84fa94-04c1-424b-9868-57a2d4851a1d" relativeResultsDirectory="6ced88bd-9af2-4e2d-bdfa-e824a8ab1f5c">
      <Output>
        <StdOut>[2025-09-05 12:25:25 INF] Starting Test Execution: POrchAPI_Other_Fraud_Responses_Do_Not_Retry:["[Result, Hold]","[StatusCode, 409]"]
[2025-09-05 12:25:25 INF] Finished Test Execution: POrchAPI_Other_Fraud_Responses_Do_Not_Retry
[2025-09-05 12:25:25 INF] ---------------------------------------------------



TestContext Messages:
Given a POrch PaymentRequest is created
-&gt; done: POrchAPIStepDefinitions.GivenAPOrchPaymentRequestIsCreated() (0.0s)
And the Fraudcheck mock response will return Hold then 200
-&gt; done: POrchAPIStepDefinitions.GivenTheFraudcheckMockResponseWillReturnThen("Hold") (0.0s)
And MiddleWare Response is FrozenError
-&gt; done: POrchAPIStepDefinitions.SetMiddlewareResponse("FrozenError") (0.0s)
And the PAS response is Created
-&gt; done: POrchAPIStepDefinitions.ThePasResponseIs("Created") (0.0s)</StdOut>
      </Output>
    </UnitTestResult>
    <UnitTestResult executionId="91b88eaa-2f50-43f3-adb1-94329aa04bb1" testId="55967ab3-f02b-24cf-715e-447550358823" testName="POrchAPI_Invalid_Debtor_Code_Return_Error (},400,)" computerName="ip-10-130-163-242" duration="00:00:00.0073791" startTime="2025-09-05T12:25:02.8434056+12:00" endTime="2025-09-05T12:25:02.8509148+12:00" testType="13cdc9d9-ddb5-4fa4-a97d-d965ccfc6d4b" outcome="Passed" testListId="8c84fa94-04c1-424b-9868-57a2d4851a1d" relativeResultsDirectory="91b88eaa-2f50-43f3-adb1-94329aa04bb1">
      <Output>
        <StdOut>[2025-09-05 12:25:02 INF] Starting Test Execution: POrchAPI_Invalid_Debtor_Code_Return_Error:["[DebtorCodeValue, }]","[StatusCode, 400]"]
[2025-09-05 12:25:02 INF] Finished Test Execution: POrchAPI_Invalid_Debtor_Code_Return_Error
[2025-09-05 12:25:02 INF] ---------------------------------------------------



TestContext Messages:
Given a POrch PaymentRequest is created
-&gt; done: POrchAPIStepDefinitions.GivenAPOrchPaymentRequestIsCreated() (0.0s)
And the Payment Debtor Code is }
-&gt; done: POrchAPIStepDefinitions.WhenTheDebtorCodeIs("Payment", "}") (0.0s)
When POrch Payment API is called
-&gt; done: POrchAPIStepDefinitions.WhenPOrchAPIIsCalled("Payment") (0.0s)
Then the request should return status code 400
-&gt; done: POrchAPIStepDefinitions.ThenTheRequestShouldReturnStatusCode(400) (0.0s)</StdOut>
      </Output>
    </UnitTestResult>
    <UnitTestResult executionId="ad32de42-d998-4134-8787-e238325fd190" testId="b8ce9f29-cdc4-e1d3-26c0-ac7a8c66e827" testName="POrchAPI_TMVToUltracs_Valid_Debtor_Particulars_Return_Success (=@#_%,.,201,)" computerName="ip-10-130-163-242" duration="00:00:01.0866165" startTime="2025-09-05T12:26:00.4877334+12:00" endTime="2025-09-05T12:26:01.5744984+12:00" testType="13cdc9d9-ddb5-4fa4-a97d-d965ccfc6d4b" outcome="Passed" testListId="8c84fa94-04c1-424b-9868-57a2d4851a1d" relativeResultsDirectory="ad32de42-d998-4134-8787-e238325fd190">
      <Output>
        <StdOut>[2025-09-05 12:26:00 INF] Starting Test Execution: POrchAPI_TMVToUltracs_Valid_Debtor_Particulars_Return_Success:["[DebtorParticularsValue, =@#_%,.]","[StatusCode, 201]"]
[2025-09-05 12:26:00 INF] Mocks are not ready after 1 / 5 attempt(s). Expected 2 mock(s) to be registered with the manager and got 0.
[2025-09-05 12:26:00 INF] Successfully created map AdpsMock_Success_366d57ee-a1e1-4dcd-b2a3-84dcfda0873b for /api/v1/payment-instruction/domestic/immediate
[2025-09-05 12:26:00 INF] Successfully created map MiddlewareMock_Success_867d0ec1-e413-4296-a7e5-5e4f09caed6c for /initialisepaymentorder/basic
[2025-09-05 12:26:01 INF] Response has PaymentId: b549817d-238f-4f93-9068-3377b375b1f2
[2025-09-05 12:26:01 INF] Finished Test Execution: POrchAPI_TMVToUltracs_Valid_Debtor_Particulars_Return_Success
[2025-09-05 12:26:01 INF] ---------------------------------------------------



TestContext Messages:
Given a TMV to Ultracs POrch TransferRequest is created
-&gt; done: POrchAPIStepDefinitions.ConditionalPOrchTransferRequestIsCreated("TMV", "Ultracs") (0.0s)
And the Transfer Debtor particulars is =@#_%,.
-&gt; done: POrchAPIStepDefinitions.WhenTheDebtorParticularsIs("Transfer", "=@#_%,.") (0.0s)
And ADPS Response is Success
-&gt; done: POrchAPIStepDefinitions.SetAdpsResponse("Success") (0.0s)
And MiddleWare Response is Success
-&gt; done: POrchAPIStepDefinitions.SetMiddlewareResponse("Success") (0.0s)
When POrch Transfer API is called
-&gt; done: POrchAPIStepDefinitions.WhenPOrchAPIIsCalled("Transfer") (1.1s)
Then the request should return status code 201
-&gt; done: POrchAPIStepDefinitions.ThenTheRequestShouldReturnStatusCode(201) (0.0s)</StdOut>
      </Output>
    </UnitTestResult>
    <UnitTestResult executionId="11839d33-5456-4eab-983c-bb4658accb93" testId="3c202c3e-cb38-f9d5-3947-b248696c1469" testName="POrchAPI_Invalid_PAS_Response_Doesnt_Affect_POrch_Result (403,,)" computerName="ip-10-130-163-242" duration="00:00:01.0976547" startTime="2025-09-05T12:25:01.5195415+12:00" endTime="2025-09-05T12:25:02.6217779+12:00" testType="13cdc9d9-ddb5-4fa4-a97d-d965ccfc6d4b" outcome="Passed" testListId="8c84fa94-04c1-424b-9868-57a2d4851a1d" relativeResultsDirectory="11839d33-5456-4eab-983c-bb4658accb93">
      <Output>
        <StdOut>[2025-09-05 12:25:01 INF] Starting Test Execution: POrchAPI_Invalid_PAS_Response_Doesn't_Affect_POrch_Result:["[PASResponse, 403]"]
[2025-09-05 12:25:01 INF] Mocks are not ready after 1 / 5 attempt(s). Expected 3 mock(s) to be registered with the manager and got 0.
[2025-09-05 12:25:01 INF] Successfully created map FraudcheckMock_Decline_51b18a1c-a764-49f7-8ab5-e7b4aac879b4 for /api/v1/financial-transaction-fraud-checks
[2025-09-05 12:25:01 INF] Successfully created map MiddlewareMock_FrozenError_de0a2daa-7770-4289-b638-b2ee0fad821d for /initialisepaymentorder/basic
[2025-09-05 12:25:01 INF] Successfully created map PartyActivityServiceMock_403_bd79663a-9d88-4e1e-8502-4f5b590affb7 for /v2/activities
[2025-09-05 12:25:02 INF] Response has PaymentId: 531dbe0e-d063-4985-a9fe-b4367eb415ef
[2025-09-05 12:25:02 INF] Finished Test Execution: POrchAPI_Invalid_PAS_Response_Doesn't_Affect_POrch_Result
[2025-09-05 12:25:02 INF] ---------------------------------------------------



TestContext Messages:
Given a POrch PaymentRequest is created
-&gt; done: POrchAPIStepDefinitions.GivenAPOrchPaymentRequestIsCreated() (0.0s)
And FraudCheck Response is Decline
-&gt; done: POrchAPIStepDefinitions.SetFraudCheckResponse("Decline") (0.0s)
And MiddleWare Response is FrozenError
-&gt; done: POrchAPIStepDefinitions.SetMiddlewareResponse("FrozenError") (0.0s)
And the PAS response is 403
-&gt; done: POrchAPIStepDefinitions.ThePasResponseIs("403") (0.0s)
When POrch Payment API is called
-&gt; done: POrchAPIStepDefinitions.WhenPOrchAPIIsCalled("Payment") (1.1s)
Then the request should return status code 409
-&gt; done: POrchAPIStepDefinitions.ThenTheRequestShouldReturnStatusCode(409) (0.0s)</StdOut>
      </Output>
    </UnitTestResult>
    <UnitTestResult executionId="e43183b0-9db7-4e56-aa3f-e7c1423905bc" testId="49a78842-ec47-7cc5-2701-fa32c229c763" testName="POrchAPI_Transfer_Invalid_Creditor_Code_Return_Error (abcdefghijklmnsey,400,)" computerName="ip-10-130-163-242" duration="00:00:00.0080407" startTime="2025-09-05T12:26:26.8861072+12:00" endTime="2025-09-05T12:26:26.8942602+12:00" testType="13cdc9d9-ddb5-4fa4-a97d-d965ccfc6d4b" outcome="Passed" testListId="8c84fa94-04c1-424b-9868-57a2d4851a1d" relativeResultsDirectory="e43183b0-9db7-4e56-aa3f-e7c1423905bc">
      <Output>
        <StdOut>[2025-09-05 12:26:26 INF] Starting Test Execution: POrchAPI_Transfer_Invalid_Creditor_Code_Return_Error:["[CreditorCodeValue, abcdefghijklmnsey]","[StatusCode, 400]"]
[2025-09-05 12:26:26 INF] Finished Test Execution: POrchAPI_Transfer_Invalid_Creditor_Code_Return_Error
[2025-09-05 12:26:26 INF] ---------------------------------------------------



TestContext Messages:
Given a POrch TransferRequest is created
-&gt; done: POrchAPIStepDefinitions.GivenAPOrchTransferRequestIsCreated() (0.0s)
And the Transfer Creditor Code is abcdefghijklmnsey
-&gt; done: POrchAPIStepDefinitions.WhenTheCreditorCodeIs("Transfer", "abcdefghijklmnsey") (0.0s)
When POrch Transfer API is called
-&gt; done: POrchAPIStepDefinitions.WhenPOrchAPIIsCalled("Transfer") (0.0s)
Then the request should return status code 400
-&gt; done: POrchAPIStepDefinitions.ThenTheRequestShouldReturnStatusCode(400) (0.0s)</StdOut>
      </Output>
    </UnitTestResult>
    <UnitTestResult executionId="081b17e4-1f56-4e7d-b8f0-96ef914cb5f1" testId="770a30e6-f1f8-6922-1dd6-9f6a8a8c05a1" testName="POrchAPI_Transfer_Invalid_Creditor_Account_Source_Return_Error (&lt;null&gt;,400,'CreditorAccountSource' must not be empty.,)" computerName="ip-10-130-163-242" duration="00:00:00.0069567" startTime="2025-09-05T12:26:27.0345855+12:00" endTime="2025-09-05T12:26:27.0416379+12:00" testType="13cdc9d9-ddb5-4fa4-a97d-d965ccfc6d4b" outcome="Passed" testListId="8c84fa94-04c1-424b-9868-57a2d4851a1d" relativeResultsDirectory="081b17e4-1f56-4e7d-b8f0-96ef914cb5f1">
      <Output>
        <StdOut>[2025-09-05 12:26:27 INF] Starting Test Execution: POrchAPI_Transfer_Invalid_Creditor_Account_Source_Return_Error:["[AccountSource, &lt;null&gt;]","[StatusCode, 400]","[ErrorMessage, 'CreditorAccountSource' must not be empty.]"]
[2025-09-05 12:26:27 INF] Finished Test Execution: POrchAPI_Transfer_Invalid_Creditor_Account_Source_Return_Error
[2025-09-05 12:26:27 INF] ---------------------------------------------------



TestContext Messages:
Given a POrch TransferRequest is created
-&gt; done: POrchAPIStepDefinitions.GivenAPOrchTransferRequestIsCreated() (0.0s)
And the transfer Creditor Account Source is &lt;null&gt;
-&gt; done: POrchAPIStepDefinitions.GivenTheTransferCreditorAccountSourceIs(null) (0.0s)
When POrch Transfer API is called
-&gt; done: POrchAPIStepDefinitions.WhenPOrchAPIIsCalled("Transfer") (0.0s)
Then the request should return status code 400
-&gt; done: POrchAPIStepDefinitions.ThenTheRequestShouldReturnStatusCode(400) (0.0s)
And the error message should be 'CreditorAccountSource' must not be empty.
-&gt; done: POrchAPIStepDefinitions.ThenTheErrorMessageShouldBeErrorMessage("'CreditorAccountS...") (0.0s)</StdOut>
      </Output>
    </UnitTestResult>
    <UnitTestResult executionId="0ac96331-6f1e-4aff-9ce8-c8176a4d8e97" testId="b4944693-4056-da7f-f008-94659ea447c4" testName="POrchAPI_Transfer_Invalid_Debtor_Particulars_Return_Error (},400,)" computerName="ip-10-130-163-242" duration="00:00:00.0065225" startTime="2025-09-05T12:26:26.8329863+12:00" endTime="2025-09-05T12:26:26.8395945+12:00" testType="13cdc9d9-ddb5-4fa4-a97d-d965ccfc6d4b" outcome="Passed" testListId="8c84fa94-04c1-424b-9868-57a2d4851a1d" relativeResultsDirectory="0ac96331-6f1e-4aff-9ce8-c8176a4d8e97">
      <Output>
        <StdOut>[2025-09-05 12:26:26 INF] Starting Test Execution: POrchAPI_Transfer_Invalid_Debtor_Particulars_Return_Error:["[DebtorParticularsValue, }]","[StatusCode, 400]"]
[2025-09-05 12:26:26 INF] Finished Test Execution: POrchAPI_Transfer_Invalid_Debtor_Particulars_Return_Error
[2025-09-05 12:26:26 INF] ---------------------------------------------------



TestContext Messages:
Given a POrch TransferRequest is created
-&gt; done: POrchAPIStepDefinitions.GivenAPOrchTransferRequestIsCreated() (0.0s)
And the Transfer Debtor particulars is }
-&gt; done: POrchAPIStepDefinitions.WhenTheDebtorParticularsIs("Transfer", "}") (0.0s)
When POrch Transfer API is called
-&gt; done: POrchAPIStepDefinitions.WhenPOrchAPIIsCalled("Transfer") (0.0s)
Then the request should return status code 400
-&gt; done: POrchAPIStepDefinitions.ThenTheRequestShouldReturnStatusCode(400) (0.0s)</StdOut>
      </Output>
    </UnitTestResult>
    <UnitTestResult executionId="506262d0-bfb6-45ac-9e13-97a4d9c353ac" testId="45843d7e-796c-a104-9074-f38676441619" testName="POrchAPI_TMVToUltracs_Negative_MiddleWare_Response_409 (ClosedAccountError,409,)" computerName="ip-10-130-163-242" startTime="2025-09-05T12:26:12.5009398+12:00" endTime="2025-09-05T12:26:12.5009727+12:00" testType="13cdc9d9-ddb5-4fa4-a97d-d965ccfc6d4b" outcome="NotExecuted" testListId="8c84fa94-04c1-424b-9868-57a2d4851a1d" relativeResultsDirectory="506262d0-bfb6-45ac-9e13-97a4d9c353ac">
      <Output></Output>
    </UnitTestResult>
    <UnitTestResult executionId="bf091ebe-107f-48b6-afac-e6dacfb896d8" testId="953a78d6-fa77-032b-ac4f-79e4fda4fb2d" testName="POrchAPI_Other_Middleware_Responses_Do_Not_Retry (ClosedAccountError,409,)" computerName="ip-10-130-163-242" duration="00:00:01.0920160" startTime="2025-09-05T12:25:33.4737580+12:00" endTime="2025-09-05T12:25:34.5659175+12:00" testType="13cdc9d9-ddb5-4fa4-a97d-d965ccfc6d4b" outcome="Passed" testListId="8c84fa94-04c1-424b-9868-57a2d4851a1d" relativeResultsDirectory="bf091ebe-107f-48b6-afac-e6dacfb896d8">
      <Output>
        <StdOut>[2025-09-05 12:25:33 INF] Starting Test Execution: POrchAPI_Other_Middleware_Responses_Do_Not_Retry:["[Response, ClosedAccountError]","[StatusCode, 409]"]
[2025-09-05 12:25:33 INF] Mocks are not ready after 1 / 5 attempt(s). Expected 3 mock(s) to be registered with the manager and got 0.
[2025-09-05 12:25:33 INF] Successfully created map FraudcheckMock_Authorize_0ac5d69d-304e-4b85-91f5-8068ed65d2a1 for /api/v1/financial-transaction-fraud-checks
[2025-09-05 12:25:33 INF] Successfully created map MiddlewareFailure_ClosedAccountError_ec0d7d45-5bd5-4fd4-8a36-cc81a6a9d9c4_1 for /initialisepaymentorder/basic
[2025-09-05 12:25:33 INF] Successfully created map MiddlewareSuccess_756f8feb-c7cc-4254-af46-c1258fb0ad17 for /initialisepaymentorder/basic
[2025-09-05 12:25:34 INF] Response has PaymentId: de32a10f-a7e3-4165-a38f-378cc71c19c1
[2025-09-05 12:25:34 INF] Finished Test Execution: POrchAPI_Other_Middleware_Responses_Do_Not_Retry
[2025-09-05 12:25:34 INF] ---------------------------------------------------



TestContext Messages:
Given a POrch PaymentRequest is created
-&gt; done: POrchAPIStepDefinitions.GivenAPOrchPaymentRequestIsCreated() (0.0s)
And the credit Account is 389300099302202
-&gt; done: POrchAPIStepDefinitions.WhenTheCreditAccountIs("389300099302202") (0.0s)
And FraudCheck Response is Authorize
-&gt; done: POrchAPIStepDefinitions.SetFraudCheckResponse("Authorize") (0.0s)
And the Middleware responses will be ClosedAccountError then 201
-&gt; done: POrchAPIStepDefinitions.GivenTheMiddlewareResponsesWillBe("ClosedAccountError") (0.0s)
When POrch Payment API is called
-&gt; done: POrchAPIStepDefinitions.WhenPOrchAPIIsCalled("Payment") (1.1s)
Then the request should return status code 409
-&gt; done: POrchAPIStepDefinitions.ThenTheRequestShouldReturnStatusCode(409) (0.0s)</StdOut>
      </Output>
    </UnitTestResult>
    <UnitTestResult executionId="63d62191-f28c-4cef-905b-29c65126eaf4" testId="5d389af9-65a5-c3f7-2ce0-186dd7e293bb" testName="POrchAPI_TMVOnlineCall_To_UltracsTransactionAcct_Successful" computerName="ip-10-130-163-242" duration="00:00:01.0980572" startTime="2025-09-05T12:25:58.2977568+12:00" endTime="2025-09-05T12:25:59.3963362+12:00" testType="13cdc9d9-ddb5-4fa4-a97d-d965ccfc6d4b" outcome="Passed" testListId="8c84fa94-04c1-424b-9868-57a2d4851a1d" relativeResultsDirectory="63d62191-f28c-4cef-905b-29c65126eaf4">
      <Output>
        <StdOut>[2025-09-05 12:25:58 INF] Starting Test Execution: POrchAPI_TMVOnlineCall_To_UltracsTransactionAcct_successful:[]
[2025-09-05 12:25:58 INF] Mocks are not ready after 1 / 5 attempt(s). Expected 2 mock(s) to be registered with the manager and got 0.
[2025-09-05 12:25:58 INF] Successfully created map AdpsMock_Success_701ff733-4238-4a68-b6d7-63c188995a86 for /api/v1/payment-instruction/domestic/immediate
[2025-09-05 12:25:58 INF] Successfully created map MiddlewareMock_Success_2f186845-1c1f-44f9-9b4c-00c89cbe9d4e for /initialisepaymentorder/basic
[2025-09-05 12:25:59 INF] Response has PaymentId: 6c3cabfa-e497-4035-b089-8250d9f53976
[2025-09-05 12:25:59 INF] Finished Test Execution: POrchAPI_TMVOnlineCall_To_UltracsTransactionAcct_successful
[2025-09-05 12:25:59 INF] ---------------------------------------------------



TestContext Messages:
Given a TMV to Ultracs POrch TransferRequest is created
-&gt; done: POrchAPIStepDefinitions.ConditionalPOrchTransferRequestIsCreated("TMV", "Ultracs") (0.0s)
And ADPS Response is Success
-&gt; done: POrchAPIStepDefinitions.SetAdpsResponse("Success") (0.0s)
And MiddleWare Response is Success
-&gt; done: POrchAPIStepDefinitions.SetMiddlewareResponse("Success") (0.0s)
When POrch Transfer API is called
-&gt; done: POrchAPIStepDefinitions.WhenPOrchAPIIsCalled("Transfer") (1.1s)
Then the request should return status code 201
-&gt; done: POrchAPIStepDefinitions.ThenTheRequestShouldReturnStatusCode(201) (0.0s)</StdOut>
      </Output>
    </UnitTestResult>
    <UnitTestResult executionId="5d9199f3-e304-4237-aab5-8d9747e9cce1" testId="f508055b-5bee-31e3-7739-a002119aa0d0" testName="POrchAPI_Transfer_Invalid_Debtor_Account_Source_Return_Error (External,400,'DebtorAccountSource' can only be Ultracs or TMV for transfers.,)" computerName="ip-10-130-163-242" duration="00:00:00.0072995" startTime="2025-09-05T12:26:26.9866345+12:00" endTime="2025-09-05T12:26:26.9940302+12:00" testType="13cdc9d9-ddb5-4fa4-a97d-d965ccfc6d4b" outcome="Passed" testListId="8c84fa94-04c1-424b-9868-57a2d4851a1d" relativeResultsDirectory="5d9199f3-e304-4237-aab5-8d9747e9cce1">
      <Output>
        <StdOut>[2025-09-05 12:26:26 INF] Starting Test Execution: POrchAPI_Transfer_Invalid_Debtor_Account_Source_Return_Error:["[AccountSource, External]","[StatusCode, 400]","[ErrorMessage, 'DebtorAccountSource' can only be Ultracs or TMV for transfers.]"]
[2025-09-05 12:26:26 INF] Finished Test Execution: POrchAPI_Transfer_Invalid_Debtor_Account_Source_Return_Error
[2025-09-05 12:26:26 INF] ---------------------------------------------------



TestContext Messages:
Given a POrch TransferRequest is created
-&gt; done: POrchAPIStepDefinitions.GivenAPOrchTransferRequestIsCreated() (0.0s)
And the transfer Debtor Account Source is External
-&gt; done: POrchAPIStepDefinitions.GivenTheTransferDebtorAccountSourceIs("External") (0.0s)
When POrch Transfer API is called
-&gt; done: POrchAPIStepDefinitions.WhenPOrchAPIIsCalled("Transfer") (0.0s)
Then the request should return status code 400
-&gt; done: POrchAPIStepDefinitions.ThenTheRequestShouldReturnStatusCode(400) (0.0s)
And the error message should be 'DebtorAccountSource' can only be Ultracs or TMV for transfers.
-&gt; done: POrchAPIStepDefinitions.ThenTheErrorMessageShouldBeErrorMessage("'DebtorAccountSou...") (0.0s)</StdOut>
      </Output>
    </UnitTestResult>
    <UnitTestResult executionId="f0947bb7-d072-45ed-869f-4200f4691cc6" testId="2c9ea2e6-7811-c0cf-ceda-c0a495e83bbe" testName="POrchAPI_UltracsToTMV_Negative_MiddleWare_Response_409 (AccountIdentificationInsufficientError,409,)" computerName="ip-10-130-163-242" startTime="2025-09-05T12:26:26.6945312+12:00" endTime="2025-09-05T12:26:26.6945572+12:00" testType="13cdc9d9-ddb5-4fa4-a97d-d965ccfc6d4b" outcome="NotExecuted" testListId="8c84fa94-04c1-424b-9868-57a2d4851a1d" relativeResultsDirectory="f0947bb7-d072-45ed-869f-4200f4691cc6">
      <Output></Output>
    </UnitTestResult>
    <UnitTestResult executionId="b19f250f-243c-44f4-9f03-4e06b882b4c0" testId="3005acbb-bd0a-569e-1890-86c7b486cbc0" testName="POrchAPI_Negative_FraudCheck_Response_Insufficient_Middleware_409 (Refer,409,)" computerName="ip-10-130-163-242" duration="00:00:01.0772404" startTime="2025-09-05T12:24:49.0813559+12:00" endTime="2025-09-05T12:24:50.1587735+12:00" testType="13cdc9d9-ddb5-4fa4-a97d-d965ccfc6d4b" outcome="Passed" testListId="8c84fa94-04c1-424b-9868-57a2d4851a1d" relativeResultsDirectory="b19f250f-243c-44f4-9f03-4e06b882b4c0">
      <Output>
        <StdOut>[2025-09-05 12:24:49 INF] Starting Test Execution: POrchAPI_Negative_FraudCheck_Response_Insufficient_Middleware_409:["[Result, Refer]","[StatusCode, 409]"]
[2025-09-05 12:24:49 INF] Successfully created map FraudcheckMock_Refer_62d0f78f-ecbc-46d2-ba40-5aed7bf67d27 for /api/v1/financial-transaction-fraud-checks
[2025-09-05 12:24:49 INF] Mocks are not ready after 1 / 5 attempt(s). Expected 3 mock(s) to be registered with the manager and got 1.
[2025-09-05 12:24:49 INF] Successfully created map PartyActivityServiceMock_Created_2e16307e-8a39-4b2b-b889-4f66c6e5212f for /v2/activities
[2025-09-05 12:24:49 INF] Successfully created map MiddlewareMock_FrozenError_e3c861be-5d35-4d88-8b2d-ee6c6f588137 for /initialisepaymentorder/basic
[2025-09-05 12:24:50 INF] Response has PaymentId: 239ff98c-bd9a-48d8-9e81-9af7be879931
[2025-09-05 12:24:50 INF] Finished Test Execution: POrchAPI_Negative_FraudCheck_Response_Insufficient_Middleware_409
[2025-09-05 12:24:50 INF] ---------------------------------------------------



TestContext Messages:
Given a POrch PaymentRequest is created
-&gt; done: POrchAPIStepDefinitions.GivenAPOrchPaymentRequestIsCreated() (0.0s)
And FraudCheck Response is Refer
-&gt; done: POrchAPIStepDefinitions.SetFraudCheckResponse("Refer") (0.0s)
And MiddleWare Response is FrozenError
-&gt; done: POrchAPIStepDefinitions.SetMiddlewareResponse("FrozenError") (0.0s)
And the PAS response is Created
-&gt; done: POrchAPIStepDefinitions.ThePasResponseIs("Created") (0.0s)
When POrch Payment API is called
-&gt; done: POrchAPIStepDefinitions.WhenPOrchAPIIsCalled("Payment") (1.1s)
Then the request should return status code 409
-&gt; done: POrchAPIStepDefinitions.ThenTheRequestShouldReturnStatusCode(409) (0.0s)</StdOut>
      </Output>
    </UnitTestResult>
    <UnitTestResult executionId="b334273b-ef7a-429f-946e-64a776527573" testId="a9489768-942a-dcfa-ad6f-91ef6ea78a74" testName="POrchAPI_Negative_FraudCheck_Success_Middleware_Response (Hold,201,)" computerName="ip-10-130-163-242" duration="00:00:01.0736730" startTime="2025-09-05T12:24:41.5410331+12:00" endTime="2025-09-05T12:24:42.6149083+12:00" testType="13cdc9d9-ddb5-4fa4-a97d-d965ccfc6d4b" outcome="Passed" testListId="8c84fa94-04c1-424b-9868-57a2d4851a1d" relativeResultsDirectory="b334273b-ef7a-429f-946e-64a776527573">
      <Output>
        <StdOut>[2025-09-05 12:24:41 INF] Starting Test Execution: POrchAPI_Negative_FraudCheck_Success_Middleware_Response:["[Result, Hold]","[StatusCode, 201]"]
[2025-09-05 12:24:41 INF] Successfully created map FraudcheckMock_Hold_fceeb1e4-affb-4401-bbc4-28b54939fcbe for /api/v1/financial-transaction-fraud-checks
[2025-09-05 12:24:41 INF] Mocks are not ready after 1 / 5 attempt(s). Expected 3 mock(s) to be registered with the manager and got 1.
[2025-09-05 12:24:41 INF] Successfully created map PartyActivityServiceMock_Created_1c238448-b506-4005-9205-d4f71643bf36 for /v2/activities
[2025-09-05 12:24:41 INF] Successfully created map MiddlewareMock_Success_eb1ce4d7-fbc5-49ce-b121-8c29d9d96842 for /initialisepaymentorder/basic
[2025-09-05 12:24:42 INF] Response has PaymentId: 224b946d-fa44-4708-8aad-e7ac7af46a7b
[2025-09-05 12:24:42 INF] Finished Test Execution: POrchAPI_Negative_FraudCheck_Success_Middleware_Response
[2025-09-05 12:24:42 INF] ---------------------------------------------------



TestContext Messages:
Given a POrch PaymentRequest is created
-&gt; done: POrchAPIStepDefinitions.GivenAPOrchPaymentRequestIsCreated() (0.0s)
And FraudCheck Response is Hold
-&gt; done: POrchAPIStepDefinitions.SetFraudCheckResponse("Hold") (0.0s)
And MiddleWare Response is Success
-&gt; done: POrchAPIStepDefinitions.SetMiddlewareResponse("Success") (0.0s)
And the PAS response is Created
-&gt; done: POrchAPIStepDefinitions.ThePasResponseIs("Created") (0.0s)
When POrch Payment API is called
-&gt; done: POrchAPIStepDefinitions.WhenPOrchAPIIsCalled("Payment") (1.1s)
Then the request should return status code 201
-&gt; done: POrchAPIStepDefinitions.ThenTheRequestShouldReturnStatusCode(201) (0.0s)</StdOut>
      </Output>
    </UnitTestResult>
    <UnitTestResult executionId="90eea42c-1e92-477a-a376-3f0d9d6c0038" testId="d20a2387-a6b8-75e4-543a-484f53ff788e" testName="POrchAPI_TMVToUltracs_Valid_Creditor_Particulars_Return_Success (()+$*!;-/?:,201,)" computerName="ip-10-130-163-242" duration="00:00:01.0959562" startTime="2025-09-05T12:26:01.5745570+12:00" endTime="2025-09-05T12:26:02.6706820+12:00" testType="13cdc9d9-ddb5-4fa4-a97d-d965ccfc6d4b" outcome="Passed" testListId="8c84fa94-04c1-424b-9868-57a2d4851a1d" relativeResultsDirectory="90eea42c-1e92-477a-a376-3f0d9d6c0038">
      <Output>
        <StdOut>[2025-09-05 12:26:01 INF] Starting Test Execution: POrchAPI_TMVToUltracs_Valid_Creditor_Particulars_Return_Success:["[CreditorParticularsValue, ()+$*!;-/?:]","[StatusCode, 201]"]
[2025-09-05 12:26:01 INF] Mocks are not ready after 1 / 5 attempt(s). Expected 2 mock(s) to be registered with the manager and got 0.
[2025-09-05 12:26:01 INF] Successfully created map AdpsMock_Success_ee102eda-76f7-4bdd-8884-9a2842246b32 for /api/v1/payment-instruction/domestic/immediate
[2025-09-05 12:26:01 INF] Successfully created map MiddlewareMock_Success_b5c3b35d-36cf-49d2-a214-f59a55ebcfe3 for /initialisepaymentorder/basic
[2025-09-05 12:26:02 INF] Response has PaymentId: 1e34c58a-fb64-4347-aaf5-b10f8e80376c
[2025-09-05 12:26:02 INF] Finished Test Execution: POrchAPI_TMVToUltracs_Valid_Creditor_Particulars_Return_Success
[2025-09-05 12:26:02 INF] ---------------------------------------------------



TestContext Messages:
Given a TMV to Ultracs POrch TransferRequest is created
-&gt; done: POrchAPIStepDefinitions.ConditionalPOrchTransferRequestIsCreated("TMV", "Ultracs") (0.0s)
And the Transfer Creditor particulars is ()+$*!;-/?:
-&gt; done: POrchAPIStepDefinitions.WhenTheCreditorParticularsIs("Transfer", "()+$*!;-/?:") (0.0s)
And ADPS Response is Success
-&gt; done: POrchAPIStepDefinitions.SetAdpsResponse("Success") (0.0s)
And MiddleWare Response is Success
-&gt; done: POrchAPIStepDefinitions.SetMiddlewareResponse("Success") (0.0s)
When POrch Transfer API is called
-&gt; done: POrchAPIStepDefinitions.WhenPOrchAPIIsCalled("Transfer") (1.1s)
Then the request should return status code 201
-&gt; done: POrchAPIStepDefinitions.ThenTheRequestShouldReturnStatusCode(201) (0.0s)</StdOut>
      </Output>
    </UnitTestResult>
    <UnitTestResult executionId="2298fe6c-7e06-4584-9c14-32bb64fffc18" testId="cb4fe453-385e-5b34-821a-7787f23cec1a" testName="POrchAPI_Valid_Creditor_Reference_Return_Success (()+$*!;-/?:,201,)" computerName="ip-10-130-163-242" duration="00:00:01.0838620" startTime="2025-09-05T12:24:20.8816748+12:00" endTime="2025-09-05T12:24:21.9658003+12:00" testType="13cdc9d9-ddb5-4fa4-a97d-d965ccfc6d4b" outcome="Passed" testListId="8c84fa94-04c1-424b-9868-57a2d4851a1d" relativeResultsDirectory="2298fe6c-7e06-4584-9c14-32bb64fffc18">
      <Output>
        <StdOut>[2025-09-05 12:24:20 INF] Starting Test Execution: POrchAPI_Valid_Creditor_Reference_Return_Success:["[CreditorReferenceValue, ()+$*!;-/?:]","[StatusCode, 201]"]
[2025-09-05 12:24:20 INF] Mocks are not ready after 1 / 5 attempt(s). Expected 2 mock(s) to be registered with the manager and got 0.
[2025-09-05 12:24:20 INF] Successfully created map FraudcheckMock_Authorize_74894cfe-94a4-4549-a259-f26e534104fd for /api/v1/financial-transaction-fraud-checks
[2025-09-05 12:24:20 INF] Successfully created map MiddlewareMock_Success_9cd4959d-96fa-441d-8206-330f46ef013a for /initialisepaymentorder/basic
[2025-09-05 12:24:21 INF] Response has PaymentId: 279d3bbf-db1f-43e1-b7b1-15f23f3f713f
[2025-09-05 12:24:21 INF] Finished Test Execution: POrchAPI_Valid_Creditor_Reference_Return_Success
[2025-09-05 12:24:21 INF] ---------------------------------------------------



TestContext Messages:
Given a POrch PaymentRequest is created
-&gt; done: POrchAPIStepDefinitions.GivenAPOrchPaymentRequestIsCreated() (0.0s)
And the Payment Creditor Reference is ()+$*!;-/?:
-&gt; done: POrchAPIStepDefinitions.WhenTheCreditorReferenceIs("Payment", "()+$*!;-/?:") (0.0s)
And FraudCheck Response is Authorize
-&gt; done: POrchAPIStepDefinitions.SetFraudCheckResponse("Authorize") (0.0s)
And MiddleWare Response is Success
-&gt; done: POrchAPIStepDefinitions.SetMiddlewareResponse("Success") (0.0s)
When POrch Payment API is called
-&gt; done: POrchAPIStepDefinitions.WhenPOrchAPIIsCalled("Payment") (1.1s)
Then the request should return status code 201
-&gt; done: POrchAPIStepDefinitions.ThenTheRequestShouldReturnStatusCode(201) (0.0s)</StdOut>
      </Output>
    </UnitTestResult>
    <UnitTestResult executionId="ecb524a7-cdae-4434-b422-45265430b87f" testId="ed8aee25-48dd-6d15-d23f-42c8b81147c0" testName="POrchAPI_TMVToUltracs_Negative_MiddleWare_Response_409 (WithdrawalNotPermittedError,409,)" computerName="ip-10-130-163-242" startTime="2025-09-05T12:26:12.5010880+12:00" endTime="2025-09-05T12:26:12.5011155+12:00" testType="13cdc9d9-ddb5-4fa4-a97d-d965ccfc6d4b" outcome="NotExecuted" testListId="8c84fa94-04c1-424b-9868-57a2d4851a1d" relativeResultsDirectory="ecb524a7-cdae-4434-b422-45265430b87f">
      <Output></Output>
    </UnitTestResult>
    <UnitTestResult executionId="eaa34f45-12ca-4c43-a1e4-0a163bd0f29f" testId="06644832-0720-9f66-794e-34617103e056" testName="POrchAPI_Transfer_Invalid_Debtor_Code_Return_Error (\,400,)" computerName="ip-10-130-163-242" duration="00:00:00.0073062" startTime="2025-09-05T12:26:26.8712794+12:00" endTime="2025-09-05T12:26:26.8786853+12:00" testType="13cdc9d9-ddb5-4fa4-a97d-d965ccfc6d4b" outcome="Passed" testListId="8c84fa94-04c1-424b-9868-57a2d4851a1d" relativeResultsDirectory="eaa34f45-12ca-4c43-a1e4-0a163bd0f29f">
      <Output>
        <StdOut>[2025-09-05 12:26:26 INF] Starting Test Execution: POrchAPI_Transfer_Invalid_Debtor_Code_Return_Error:["[DebtorCodeValue, \\]","[StatusCode, 400]"]
[2025-09-05 12:26:26 INF] Finished Test Execution: POrchAPI_Transfer_Invalid_Debtor_Code_Return_Error
[2025-09-05 12:26:26 INF] ---------------------------------------------------



TestContext Messages:
Given a POrch TransferRequest is created
-&gt; done: POrchAPIStepDefinitions.GivenAPOrchTransferRequestIsCreated() (0.0s)
And the Transfer Debtor Code is \
-&gt; done: POrchAPIStepDefinitions.WhenTheDebtorCodeIs("Transfer", "\") (0.0s)
When POrch Transfer API is called
-&gt; done: POrchAPIStepDefinitions.WhenPOrchAPIIsCalled("Transfer") (0.0s)
Then the request should return status code 400
-&gt; done: POrchAPIStepDefinitions.ThenTheRequestShouldReturnStatusCode(400) (0.0s)</StdOut>
      </Output>
    </UnitTestResult>
    <UnitTestResult executionId="cb061d4b-5995-4327-9a54-05b3a2463aa5" testId="6e13db0b-eab0-62c7-9943-5f8d6499ceec" testName="POrchAPI_PAS_Retries (408,,)" computerName="ip-10-130-163-242" duration="00:00:01.1383814" startTime="2025-09-05T12:25:09.0999736+12:00" endTime="2025-09-05T12:25:10.2384870+12:00" testType="13cdc9d9-ddb5-4fa4-a97d-d965ccfc6d4b" outcome="Passed" testListId="8c84fa94-04c1-424b-9868-57a2d4851a1d" relativeResultsDirectory="cb061d4b-5995-4327-9a54-05b3a2463aa5">
      <Output>
        <StdOut>[2025-09-05 12:25:09 INF] Starting Test Execution: POrchAPI_PAS_Retries:["[ErrorCode, 408]"]
[2025-09-05 12:25:09 INF] Successfully created map FraudcheckMock_Decline_fb93f243-1a03-497f-ba01-90bfd9fae81e for /api/v1/financial-transaction-fraud-checks
[2025-09-05 12:25:09 INF] Successfully created map PASErrorResponse_408_82a4bf45-1246-4746-9057-57f6980ae1e7_1 for /v2/activities
[2025-09-05 12:25:09 INF] Successfully created map PASSuccess_b6fb99ae-e2e9-4c5c-ab13-f6a6dc400671 for /v2/activities
[2025-09-05 12:25:10 INF] Response has PaymentId: 828e7aec-2e23-4332-a359-209d26a9b3e9
[2025-09-05 12:25:10 INF] Finished Test Execution: POrchAPI_PAS_Retries
[2025-09-05 12:25:10 INF] ---------------------------------------------------



TestContext Messages:
Given a POrch PaymentRequest is created
-&gt; done: POrchAPIStepDefinitions.GivenAPOrchPaymentRequestIsCreated() (0.0s)
And FraudCheck Response is Decline
-&gt; done: POrchAPIStepDefinitions.SetFraudCheckResponse("Decline") (0.0s)
And the PAS mock response will return 408 then 200
-&gt; done: POrchAPIStepDefinitions.GivenThePASMockResponseWillReturnThen("408") (0.5s)
When POrch Payment API is called
-&gt; done: POrchAPIStepDefinitions.WhenPOrchAPIIsCalled("Payment") (0.6s)
Then the request should return status code 409
-&gt; done: POrchAPIStepDefinitions.ThenTheRequestShouldReturnStatusCode(409) (0.0s)
And there are 1 calls to the PASErrorResponse mock
-&gt; done: POrchAPIStepDefinitions.ThenThereAreCallsToThePasMock(1, "PASErrorResponse") (0.0s)
And there are 1 calls to the PASSuccess mock
-&gt; done: POrchAPIStepDefinitions.ThenThereAreCallsToThePasMock(1, "PASSuccess") (0.0s)</StdOut>
      </Output>
    </UnitTestResult>
    <UnitTestResult executionId="a2f8db0d-6770-44a3-bf6d-a4b7131a859b" testId="8b7df467-989e-dea2-b676-4968df992a0d" testName="POrchAPI_Valid_Debtor_Reference_Return_Success (=@#_%,.,201,)" computerName="ip-10-130-163-242" duration="00:00:01.0954644" startTime="2025-09-05T12:24:24.1382140+12:00" endTime="2025-09-05T12:24:25.2339962+12:00" testType="13cdc9d9-ddb5-4fa4-a97d-d965ccfc6d4b" outcome="Passed" testListId="8c84fa94-04c1-424b-9868-57a2d4851a1d" relativeResultsDirectory="a2f8db0d-6770-44a3-bf6d-a4b7131a859b">
      <Output>
        <StdOut>[2025-09-05 12:24:24 INF] Starting Test Execution: POrchAPI_Valid_Debtor_Reference_Return_Success:["[DebtorReferenceValue, =@#_%,.]","[StatusCode, 201]"]
[2025-09-05 12:24:24 INF] Mocks are not ready after 1 / 5 attempt(s). Expected 2 mock(s) to be registered with the manager and got 0.
[2025-09-05 12:24:24 INF] Successfully created map FraudcheckMock_Authorize_cf1042d5-2882-44b5-acb2-e0dd42d45755 for /api/v1/financial-transaction-fraud-checks
[2025-09-05 12:24:24 INF] Successfully created map MiddlewareMock_Success_269f62c4-78cc-4077-9420-0b3581572e9e for /initialisepaymentorder/basic
[2025-09-05 12:24:25 INF] Response has PaymentId: fdcfab9f-b0b7-482d-b01d-c541a9268a52
[2025-09-05 12:24:25 INF] Finished Test Execution: POrchAPI_Valid_Debtor_Reference_Return_Success
[2025-09-05 12:24:25 INF] ---------------------------------------------------



TestContext Messages:
Given a POrch PaymentRequest is created
-&gt; done: POrchAPIStepDefinitions.GivenAPOrchPaymentRequestIsCreated() (0.0s)
And the Payment Debtor Reference is =@#_%,.
-&gt; done: POrchAPIStepDefinitions.WhenTheDebtorReferenceIs("Payment", "=@#_%,.") (0.0s)
And FraudCheck Response is Authorize
-&gt; done: POrchAPIStepDefinitions.SetFraudCheckResponse("Authorize") (0.0s)
And MiddleWare Response is Success
-&gt; done: POrchAPIStepDefinitions.SetMiddlewareResponse("Success") (0.0s)
When POrch Payment API is called
-&gt; done: POrchAPIStepDefinitions.WhenPOrchAPIIsCalled("Payment") (1.1s)
Then the request should return status code 201
-&gt; done: POrchAPIStepDefinitions.ThenTheRequestShouldReturnStatusCode(201) (0.0s)</StdOut>
      </Output>
    </UnitTestResult>
    <UnitTestResult executionId="08e27559-e6b5-4266-a481-da44573916e7" testId="5c7021b2-ab84-6ddb-0ca5-4189e02d5ac9" testName="POrchAPI_Negative_FraudCheck_Response_Frozen_Middleware_409 (Hold,409,)" computerName="ip-10-130-163-242" duration="00:00:01.0755193" startTime="2025-09-05T12:24:37.2098998+12:00" endTime="2025-09-05T12:24:38.2855909+12:00" testType="13cdc9d9-ddb5-4fa4-a97d-d965ccfc6d4b" outcome="Passed" testListId="8c84fa94-04c1-424b-9868-57a2d4851a1d" relativeResultsDirectory="08e27559-e6b5-4266-a481-da44573916e7">
      <Output>
        <StdOut>[2025-09-05 12:24:37 INF] Starting Test Execution: POrchAPI_Negative_FraudCheck_Response_Frozen_Middleware_409:["[Result, Hold]","[StatusCode, 409]"]
[2025-09-05 12:24:37 INF] Mocks are not ready after 1 / 5 attempt(s). Expected 3 mock(s) to be registered with the manager and got 0.
[2025-09-05 12:24:37 INF] Successfully created map FraudcheckMock_Hold_a7c6ed7b-676c-4e5f-95f4-0427bc54776d for /api/v1/financial-transaction-fraud-checks
[2025-09-05 12:24:37 INF] Successfully created map MiddlewareMock_FrozenError_dbb5e95e-4712-484a-a697-50cb41537016 for /initialisepaymentorder/basic
[2025-09-05 12:24:37 INF] Successfully created map PartyActivityServiceMock_Created_96b3abf3-910e-478c-87af-ca92e0d67e7e for /v2/activities
[2025-09-05 12:24:38 INF] Response has PaymentId: 8458c0df-da32-480c-b9be-4c87ca9874d6
[2025-09-05 12:24:38 INF] Finished Test Execution: POrchAPI_Negative_FraudCheck_Response_Frozen_Middleware_409
[2025-09-05 12:24:38 INF] ---------------------------------------------------



TestContext Messages:
Given a POrch PaymentRequest is created
-&gt; done: POrchAPIStepDefinitions.GivenAPOrchPaymentRequestIsCreated() (0.0s)
And FraudCheck Response is Hold
-&gt; done: POrchAPIStepDefinitions.SetFraudCheckResponse("Hold") (0.0s)
And MiddleWare Response is FrozenError
-&gt; done: POrchAPIStepDefinitions.SetMiddlewareResponse("FrozenError") (0.0s)
And the PAS response is Created
-&gt; done: POrchAPIStepDefinitions.ThePasResponseIs("Created") (0.0s)
When POrch Payment API is called
-&gt; done: POrchAPIStepDefinitions.WhenPOrchAPIIsCalled("Payment") (1.1s)
Then the request should return status code 409
-&gt; done: POrchAPIStepDefinitions.ThenTheRequestShouldReturnStatusCode(409) (0.0s)</StdOut>
      </Output>
    </UnitTestResult>
    <UnitTestResult executionId="3576d482-7051-4bc9-b030-be5c49433883" testId="1aaafd23-625c-e340-226c-f8478ccc875e" testName="POrchAPI_Negative_FraudCheck_Response_Insufficient_Middleware_409 (Unknown,409,)" computerName="ip-10-130-163-242" duration="00:00:01.0738697" startTime="2025-09-05T12:24:51.2342616+12:00" endTime="2025-09-05T12:24:52.3083363+12:00" testType="13cdc9d9-ddb5-4fa4-a97d-d965ccfc6d4b" outcome="Passed" testListId="8c84fa94-04c1-424b-9868-57a2d4851a1d" relativeResultsDirectory="3576d482-7051-4bc9-b030-be5c49433883">
      <Output>
        <StdOut>[2025-09-05 12:24:51 INF] Starting Test Execution: POrchAPI_Negative_FraudCheck_Response_Insufficient_Middleware_409:["[Result, Unknown]","[StatusCode, 409]"]
[2025-09-05 12:24:51 INF] Mocks are not ready after 1 / 5 attempt(s). Expected 3 mock(s) to be registered with the manager and got 0.
[2025-09-05 12:24:51 INF] Successfully created map FraudcheckMock_Unknown_9c5042e8-5e32-4492-af9e-93b8622b439d for /api/v1/financial-transaction-fraud-checks
[2025-09-05 12:24:51 INF] Successfully created map PartyActivityServiceMock_Created_4f437de4-ad26-4aa2-9101-79172cf4b534 for /v2/activities
[2025-09-05 12:24:51 INF] Successfully created map MiddlewareMock_FrozenError_b2c9bf56-ce34-401b-9451-8787d20fd008 for /initialisepaymentorder/basic
[2025-09-05 12:24:52 INF] Response has PaymentId: 6346ef02-0c83-45c0-a9d9-f16e1a7deb86
[2025-09-05 12:24:52 INF] Finished Test Execution: POrchAPI_Negative_FraudCheck_Response_Insufficient_Middleware_409
[2025-09-05 12:24:52 INF] ---------------------------------------------------



TestContext Messages:
Given a POrch PaymentRequest is created
-&gt; done: POrchAPIStepDefinitions.GivenAPOrchPaymentRequestIsCreated() (0.0s)
And FraudCheck Response is Unknown
-&gt; done: POrchAPIStepDefinitions.SetFraudCheckResponse("Unknown") (0.0s)
And MiddleWare Response is FrozenError
-&gt; done: POrchAPIStepDefinitions.SetMiddlewareResponse("FrozenError") (0.0s)
And the PAS response is Created
-&gt; done: POrchAPIStepDefinitions.ThePasResponseIs("Created") (0.0s)
When POrch Payment API is called
-&gt; done: POrchAPIStepDefinitions.WhenPOrchAPIIsCalled("Payment") (1.1s)
Then the request should return status code 409
-&gt; done: POrchAPIStepDefinitions.ThenTheRequestShouldReturnStatusCode(409) (0.0s)</StdOut>
      </Output>
    </UnitTestResult>
    <UnitTestResult executionId="e9d86090-fbd4-462e-b627-77e9ccc3f372" testId="41ca75c3-6259-05b8-285b-4f5ddad16486" testName="POrchAPI_Idempotency_Successful_Request_Gives_201_For_Same_Idempotency_Combo" computerName="ip-10-130-163-242" duration="00:00:02.1869280" startTime="2025-09-05T12:24:54.9589078+12:00" endTime="2025-09-05T12:24:57.1460790+12:00" testType="13cdc9d9-ddb5-4fa4-a97d-d965ccfc6d4b" outcome="Passed" testListId="8c84fa94-04c1-424b-9868-57a2d4851a1d" relativeResultsDirectory="e9d86090-fbd4-462e-b627-77e9ccc3f372">
      <Output>
        <StdOut>[2025-09-05 12:24:54 INF] Starting Test Execution: POrchAPI_Idempotency_Successful_Request_Gives_201_For_Same_Idempotency_Combo:[]
[2025-09-05 12:24:54 INF] Successfully created map FraudcheckMock_Authorize_bb98bcf9-76b8-4876-ad61-f013d502fb71 for /api/v1/financial-transaction-fraud-checks
[2025-09-05 12:24:54 INF] Mocks are not ready after 1 / 5 attempt(s). Expected 2 mock(s) to be registered with the manager and got 1.
[2025-09-05 12:24:54 INF] Successfully created map MiddlewareMock_Success_88ae9805-1c0d-401f-ad94-f1b2aa5763ed for /initialisepaymentorder/basic
[2025-09-05 12:24:56 INF] Response has PaymentId: fbfda7bf-143e-4cfc-b0b7-9fa8c2ef1cc7
[2025-09-05 12:24:56 INF] Mocks are not ready after 1 / 5 attempt(s). Expected 2 mock(s) to be registered with the manager and got 0.
[2025-09-05 12:24:56 INF] Successfully created map FraudcheckMock_Authorize_a93dd1a6-cbb6-4d20-9f0e-9969b8e6e0a4 for /api/v1/financial-transaction-fraud-checks
[2025-09-05 12:24:56 INF] Successfully created map MiddlewareMock_UnknownError_3471d266-2d5a-4cb8-892e-cc8a4d91b7bb for /initialisepaymentorder/basic
[2025-09-05 12:24:57 INF] Response has PaymentId: fbfda7bf-143e-4cfc-b0b7-9fa8c2ef1cc7
[2025-09-05 12:24:57 INF] Finished Test Execution: POrchAPI_Idempotency_Successful_Request_Gives_201_For_Same_Idempotency_Combo
[2025-09-05 12:24:57 INF] ---------------------------------------------------



TestContext Messages:
Given a POrch PaymentRequest is created
-&gt; done: POrchAPIStepDefinitions.GivenAPOrchPaymentRequestIsCreated() (0.0s)
And the credit Account is 389300099302202
-&gt; done: POrchAPIStepDefinitions.WhenTheCreditAccountIs("389300099302202") (0.0s)
And FraudCheck Response is Authorize
-&gt; done: POrchAPIStepDefinitions.SetFraudCheckResponse("Authorize") (0.0s)
And MiddleWare Response is Success
-&gt; done: POrchAPIStepDefinitions.SetMiddlewareResponse("Success") (0.0s)
And POrch Payment API is called
-&gt; done: POrchAPIStepDefinitions.WhenPOrchAPIIsCalled("Payment") (1.1s)
And the request should return status code 201
-&gt; done: POrchAPIStepDefinitions.ThenTheRequestShouldReturnStatusCode(201) (0.0s)
And the mock mappings are cleared
-&gt; done: POrchAPIStepDefinitions.WhenTheMockResponsesAreCleared() (0.0s)
And FraudCheck Response is Authorize
-&gt; done: POrchAPIStepDefinitions.SetFraudCheckResponse("Authorize") (0.0s)
And MiddleWare Response is UnknownError
-&gt; done: POrchAPIStepDefinitions.SetMiddlewareResponse("UnknownError") (0.0s)
When POrch Payment API is called again
-&gt; done: POrchAPIStepDefinitions.WhenPOrchAPIIsCalledAgain("Payment") (1.1s)
Then the request should return status code 201
-&gt; done: POrchAPIStepDefinitions.ThenTheRequestShouldReturnStatusCode(201) (0.0s)
And the new response matches the original response
-&gt; done: POrchAPIStepDefinitions.ThenTheNewResponseMatchesTheOriginalResponse() (0.0s)</StdOut>
      </Output>
    </UnitTestResult>
    <UnitTestResult executionId="e229f86b-6ea7-49f6-b686-7ba5cab45a44" testId="3c9ce4a6-a234-4f04-3950-b005d33815c2" testName="POrchAPI_Negative_FraudCheck_Response_Insufficient_Middleware_409 (Decline,409,)" computerName="ip-10-130-163-242" duration="00:00:01.0735348" startTime="2025-09-05T12:24:52.3084034+12:00" endTime="2025-09-05T12:24:53.3821173+12:00" testType="13cdc9d9-ddb5-4fa4-a97d-d965ccfc6d4b" outcome="Passed" testListId="8c84fa94-04c1-424b-9868-57a2d4851a1d" relativeResultsDirectory="e229f86b-6ea7-49f6-b686-7ba5cab45a44">
      <Output>
        <StdOut>[2025-09-05 12:24:52 INF] Starting Test Execution: POrchAPI_Negative_FraudCheck_Response_Insufficient_Middleware_409:["[Result, Decline]","[StatusCode, 409]"]
[2025-09-05 12:24:52 INF] Successfully created map FraudcheckMock_Decline_9a0f7b5a-954c-4885-bb02-4cd8950c227d for /api/v1/financial-transaction-fraud-checks
[2025-09-05 12:24:52 INF] Mocks are not ready after 1 / 5 attempt(s). Expected 3 mock(s) to be registered with the manager and got 1.
[2025-09-05 12:24:52 INF] Successfully created map MiddlewareMock_FrozenError_d08940e4-ea67-4f5e-b11a-6183ecefa62c for /initialisepaymentorder/basic
[2025-09-05 12:24:52 INF] Successfully created map PartyActivityServiceMock_Created_bda533ae-41f4-46f4-a704-0215d721fdd8 for /v2/activities
[2025-09-05 12:24:53 INF] Response has PaymentId: 92b3aad3-5ab9-4a22-97c0-f2e42c5e9652
[2025-09-05 12:24:53 INF] Finished Test Execution: POrchAPI_Negative_FraudCheck_Response_Insufficient_Middleware_409
[2025-09-05 12:24:53 INF] ---------------------------------------------------



TestContext Messages:
Given a POrch PaymentRequest is created
-&gt; done: POrchAPIStepDefinitions.GivenAPOrchPaymentRequestIsCreated() (0.0s)
And FraudCheck Response is Decline
-&gt; done: POrchAPIStepDefinitions.SetFraudCheckResponse("Decline") (0.0s)
And MiddleWare Response is FrozenError
-&gt; done: POrchAPIStepDefinitions.SetMiddlewareResponse("FrozenError") (0.0s)
And the PAS response is Created
-&gt; done: POrchAPIStepDefinitions.ThePasResponseIs("Created") (0.0s)
When POrch Payment API is called
-&gt; done: POrchAPIStepDefinitions.WhenPOrchAPIIsCalled("Payment") (1.1s)
Then the request should return status code 409
-&gt; done: POrchAPIStepDefinitions.ThenTheRequestShouldReturnStatusCode(409) (0.0s)</StdOut>
      </Output>
    </UnitTestResult>
    <UnitTestResult executionId="3c828413-97de-44ab-a904-a70f6ac5c74e" testId="80e74a32-3a38-ad7d-dbbc-155069dd63ff" testName="POrchAPI_Other_Middleware_Responses_Do_Not_Retry (WithdrawalNotPermittedError,409,)" computerName="ip-10-130-163-242" duration="00:00:01.0811769" startTime="2025-09-05T12:25:37.8067127+12:00" endTime="2025-09-05T12:25:38.8880247+12:00" testType="13cdc9d9-ddb5-4fa4-a97d-d965ccfc6d4b" outcome="Passed" testListId="8c84fa94-04c1-424b-9868-57a2d4851a1d" relativeResultsDirectory="3c828413-97de-44ab-a904-a70f6ac5c74e">
      <Output>
        <StdOut>[2025-09-05 12:25:37 INF] Starting Test Execution: POrchAPI_Other_Middleware_Responses_Do_Not_Retry:["[Response, WithdrawalNotPermittedError]","[StatusCode, 409]"]
[2025-09-05 12:25:37 INF] Successfully created map FraudcheckMock_Authorize_f969e91d-7bfa-4e49-b5c1-cd6b365b809a for /api/v1/financial-transaction-fraud-checks
[2025-09-05 12:25:37 INF] Mocks are not ready after 1 / 5 attempt(s). Expected 3 mock(s) to be registered with the manager and got 1.
[2025-09-05 12:25:37 INF] Successfully created map MiddlewareFailure_WithdrawalNotPermittedError_b6f30689-5674-4baf-acc7-ddc78f7ffb09_1 for /initialisepaymentorder/basic
[2025-09-05 12:25:37 INF] Successfully created map MiddlewareSuccess_26a681b0-8638-4721-9d22-945716d6ddce for /initialisepaymentorder/basic
[2025-09-05 12:25:38 INF] Response has PaymentId: d9a3c9e9-c425-4d9c-8bdd-2618bd624d48
[2025-09-05 12:25:38 INF] Finished Test Execution: POrchAPI_Other_Middleware_Responses_Do_Not_Retry
[2025-09-05 12:25:38 INF] ---------------------------------------------------



TestContext Messages:
Given a POrch PaymentRequest is created
-&gt; done: POrchAPIStepDefinitions.GivenAPOrchPaymentRequestIsCreated() (0.0s)
And the credit Account is 389300099302202
-&gt; done: POrchAPIStepDefinitions.WhenTheCreditAccountIs("389300099302202") (0.0s)
And FraudCheck Response is Authorize
-&gt; done: POrchAPIStepDefinitions.SetFraudCheckResponse("Authorize") (0.0s)
And the Middleware responses will be WithdrawalNotPermittedError then 201
-&gt; done: POrchAPIStepDefinitions.GivenTheMiddlewareResponsesWillBe("WithdrawalNotPerm...") (0.0s)
When POrch Payment API is called
-&gt; done: POrchAPIStepDefinitions.WhenPOrchAPIIsCalled("Payment") (1.1s)
Then the request should return status code 409
-&gt; done: POrchAPIStepDefinitions.ThenTheRequestShouldReturnStatusCode(409) (0.0s)</StdOut>
      </Output>
    </UnitTestResult>
    <UnitTestResult executionId="acfa3896-4c3d-4fdc-93ef-5a03255ce5be" testId="566b1200-57eb-44bd-2743-4b05607b5df1" testName="POrchAPI_Valid_Debtor_Code_Return_Success (()+$*!;-/?:,201,)" computerName="ip-10-130-163-242" duration="00:00:01.0829206" startTime="2025-09-05T12:24:16.5343212+12:00" endTime="2025-09-05T12:24:17.6174891+12:00" testType="13cdc9d9-ddb5-4fa4-a97d-d965ccfc6d4b" outcome="Passed" testListId="8c84fa94-04c1-424b-9868-57a2d4851a1d" relativeResultsDirectory="acfa3896-4c3d-4fdc-93ef-5a03255ce5be">
      <Output>
        <StdOut>[2025-09-05 12:24:16 INF] Starting Test Execution: POrchAPI_Valid_Debtor_Code_Return_Success:["[DebtorCodeValue, ()+$*!;-/?:]","[StatusCode, 201]"]
[2025-09-05 12:24:16 INF] Mocks are not ready after 1 / 5 attempt(s). Expected 2 mock(s) to be registered with the manager and got 0.
[2025-09-05 12:24:16 INF] Successfully created map FraudcheckMock_Authorize_f3289124-5359-4f78-8c6a-b2c68fe987f3 for /api/v1/financial-transaction-fraud-checks
[2025-09-05 12:24:16 INF] Successfully created map MiddlewareMock_Success_56703b2c-6119-4d9a-998a-ab602e4f9d4c for /initialisepaymentorder/basic
[2025-09-05 12:24:17 INF] Response has PaymentId: d188c0e6-df09-40e2-a5f9-d77ea0d907c4
[2025-09-05 12:24:17 INF] Finished Test Execution: POrchAPI_Valid_Debtor_Code_Return_Success
[2025-09-05 12:24:17 INF] ---------------------------------------------------



TestContext Messages:
Given a POrch PaymentRequest is created
-&gt; done: POrchAPIStepDefinitions.GivenAPOrchPaymentRequestIsCreated() (0.0s)
And the Payment Debtor Code is ()+$*!;-/?:
-&gt; done: POrchAPIStepDefinitions.WhenTheDebtorCodeIs("Payment", "()+$*!;-/?:") (0.0s)
And FraudCheck Response is Authorize
-&gt; done: POrchAPIStepDefinitions.SetFraudCheckResponse("Authorize") (0.0s)
And MiddleWare Response is Success
-&gt; done: POrchAPIStepDefinitions.SetMiddlewareResponse("Success") (0.0s)
When POrch Payment API is called
-&gt; done: POrchAPIStepDefinitions.WhenPOrchAPIIsCalled("Payment") (1.1s)
Then the request should return status code 201
-&gt; done: POrchAPIStepDefinitions.ThenTheRequestShouldReturnStatusCode(201) (0.0s)</StdOut>
      </Output>
    </UnitTestResult>
    <UnitTestResult executionId="d37454bd-61ea-459d-9728-9d1c5e0910f5" testId="42d01a79-698a-8bdf-a47a-b3816ad9c51b" testName="POrchAPI_Valid_Creditor_Code_Return_Success (=@#_%,.,201,)" computerName="ip-10-130-163-242" duration="00:00:01.0764436" startTime="2025-09-05T12:24:19.8048997+12:00" endTime="2025-09-05T12:24:20.8815730+12:00" testType="13cdc9d9-ddb5-4fa4-a97d-d965ccfc6d4b" outcome="Passed" testListId="8c84fa94-04c1-424b-9868-57a2d4851a1d" relativeResultsDirectory="d37454bd-61ea-459d-9728-9d1c5e0910f5">
      <Output>
        <StdOut>[2025-09-05 12:24:19 INF] Starting Test Execution: POrchAPI_Valid_Creditor_Code_Return_Success:["[CreditorCodeValue, =@#_%,.]","[StatusCode, 201]"]
[2025-09-05 12:24:19 INF] Mocks are not ready after 1 / 5 attempt(s). Expected 2 mock(s) to be registered with the manager and got 0.
[2025-09-05 12:24:19 INF] Successfully created map FraudcheckMock_Authorize_de4053ee-824b-418a-9a7d-05daf1c3fa9e for /api/v1/financial-transaction-fraud-checks
[2025-09-05 12:24:19 INF] Successfully created map MiddlewareMock_Success_46c2a28a-3cd3-4c07-97a8-4b7a8f14a009 for /initialisepaymentorder/basic
[2025-09-05 12:24:20 INF] Response has PaymentId: 527eeaa5-4e8a-4890-a236-da87ed7da296
[2025-09-05 12:24:20 INF] Finished Test Execution: POrchAPI_Valid_Creditor_Code_Return_Success
[2025-09-05 12:24:20 INF] ---------------------------------------------------



TestContext Messages:
Given a POrch PaymentRequest is created
-&gt; done: POrchAPIStepDefinitions.GivenAPOrchPaymentRequestIsCreated() (0.0s)
And the Payment Creditor Code is =@#_%,.
-&gt; done: POrchAPIStepDefinitions.WhenTheCreditorCodeIs("Payment", "=@#_%,.") (0.0s)
And FraudCheck Response is Authorize
-&gt; done: POrchAPIStepDefinitions.SetFraudCheckResponse("Authorize") (0.0s)
And MiddleWare Response is Success
-&gt; done: POrchAPIStepDefinitions.SetMiddlewareResponse("Success") (0.0s)
When POrch Payment API is called
-&gt; done: POrchAPIStepDefinitions.WhenPOrchAPIIsCalled("Payment") (1.1s)
Then the request should return status code 201
-&gt; done: POrchAPIStepDefinitions.ThenTheRequestShouldReturnStatusCode(201) (0.0s)</StdOut>
      </Output>
    </UnitTestResult>
    <UnitTestResult executionId="e4ba0a1b-3a2d-48d9-99bd-d89bf54830ad" testId="67e37726-eab6-6c29-52b6-70f881dce15b" testName="POrchAPI_Transfer_Invalid_Debtor_Reference_Return_Error (},400,)" computerName="ip-10-130-163-242" duration="00:00:00.0075349" startTime="2025-09-05T12:26:26.9570877+12:00" endTime="2025-09-05T12:26:26.9647246+12:00" testType="13cdc9d9-ddb5-4fa4-a97d-d965ccfc6d4b" outcome="Passed" testListId="8c84fa94-04c1-424b-9868-57a2d4851a1d" relativeResultsDirectory="e4ba0a1b-3a2d-48d9-99bd-d89bf54830ad">
      <Output>
        <StdOut>[2025-09-05 12:26:26 INF] Starting Test Execution: POrchAPI_Transfer_Invalid_Debtor_Reference_Return_Error:["[DebtorReferenceValue, }]","[StatusCode, 400]"]
[2025-09-05 12:26:26 INF] Finished Test Execution: POrchAPI_Transfer_Invalid_Debtor_Reference_Return_Error
[2025-09-05 12:26:26 INF] ---------------------------------------------------



TestContext Messages:
Given a POrch TransferRequest is created
-&gt; done: POrchAPIStepDefinitions.GivenAPOrchTransferRequestIsCreated() (0.0s)
And the Transfer Debtor Reference is }
-&gt; done: POrchAPIStepDefinitions.WhenTheDebtorReferenceIs("Transfer", "}") (0.0s)
When POrch Transfer API is called
-&gt; done: POrchAPIStepDefinitions.WhenPOrchAPIIsCalled("Transfer") (0.0s)
Then the request should return status code 400
-&gt; done: POrchAPIStepDefinitions.ThenTheRequestShouldReturnStatusCode(400) (0.0s)</StdOut>
      </Output>
    </UnitTestResult>
    <UnitTestResult executionId="8eca4e61-db40-4880-a77f-5806d15a3eca" testId="50ca2893-6404-dd2c-fb98-40482ee17ad2" testName="POrchAPI_Invalid_Debtor_Reference_Return_Error (\,400,)" computerName="ip-10-130-163-242" duration="00:00:00.0081086" startTime="2025-09-05T12:25:02.9365989+12:00" endTime="2025-09-05T12:25:02.9448493+12:00" testType="13cdc9d9-ddb5-4fa4-a97d-d965ccfc6d4b" outcome="Passed" testListId="8c84fa94-04c1-424b-9868-57a2d4851a1d" relativeResultsDirectory="8eca4e61-db40-4880-a77f-5806d15a3eca">
      <Output>
        <StdOut>[2025-09-05 12:25:02 INF] Starting Test Execution: POrchAPI_Invalid_Debtor_Reference_Return_Error:["[DebtorReferenceValue, \\]","[StatusCode, 400]"]
[2025-09-05 12:25:02 INF] Finished Test Execution: POrchAPI_Invalid_Debtor_Reference_Return_Error
[2025-09-05 12:25:02 INF] ---------------------------------------------------



TestContext Messages:
Given a POrch PaymentRequest is created
-&gt; done: POrchAPIStepDefinitions.GivenAPOrchPaymentRequestIsCreated() (0.0s)
And the Payment Debtor Reference is \
-&gt; done: POrchAPIStepDefinitions.WhenTheDebtorReferenceIs("Payment", "\") (0.0s)
When POrch Payment API is called
-&gt; done: POrchAPIStepDefinitions.WhenPOrchAPIIsCalled("Payment") (0.0s)
Then the request should return status code 400
-&gt; done: POrchAPIStepDefinitions.ThenTheRequestShouldReturnStatusCode(400) (0.0s)</StdOut>
      </Output>
    </UnitTestResult>
    <UnitTestResult executionId="272cec1b-4854-4758-b209-0825e288b684" testId="c53f27fb-3d3b-a509-2c4d-ee99c63b8770" testName="POrchAPI_Invalid_Payee_Code_Return_Error (abcdefghijklmnsey,400,)" computerName="ip-10-130-163-242" duration="00:00:00.0086675" startTime="2025-09-05T12:25:02.8509675+12:00" endTime="2025-09-05T12:25:02.8597693+12:00" testType="13cdc9d9-ddb5-4fa4-a97d-d965ccfc6d4b" outcome="Passed" testListId="8c84fa94-04c1-424b-9868-57a2d4851a1d" relativeResultsDirectory="272cec1b-4854-4758-b209-0825e288b684">
      <Output>
        <StdOut>[2025-09-05 12:25:02 INF] Starting Test Execution: POrchAPI_Invalid_Payee_Code_Return_Error:["[CreditorCodeValue, abcdefghijklmnsey]","[StatusCode, 400]"]
[2025-09-05 12:25:02 INF] Finished Test Execution: POrchAPI_Invalid_Payee_Code_Return_Error
[2025-09-05 12:25:02 INF] ---------------------------------------------------



TestContext Messages:
Given a POrch PaymentRequest is created
-&gt; done: POrchAPIStepDefinitions.GivenAPOrchPaymentRequestIsCreated() (0.0s)
And the Payment Creditor Code is abcdefghijklmnsey
-&gt; done: POrchAPIStepDefinitions.WhenTheCreditorCodeIs("Payment", "abcdefghijklmnsey") (0.0s)
When POrch Payment API is called
-&gt; done: POrchAPIStepDefinitions.WhenPOrchAPIIsCalled("Payment") (0.0s)
Then the request should return status code 400
-&gt; done: POrchAPIStepDefinitions.ThenTheRequestShouldReturnStatusCode(400) (0.0s)</StdOut>
      </Output>
    </UnitTestResult>
    <UnitTestResult executionId="a5ef2726-7409-4788-8e16-e49120a39f36" testId="1bfbc150-832a-e4ca-ae13-017131075b85" testName="POrchAPI_PAS_Retries (502,,)" computerName="ip-10-130-163-242" duration="00:00:01.1342366" startTime="2025-09-05T12:25:05.6798046+12:00" endTime="2025-09-05T12:25:06.8141677+12:00" testType="13cdc9d9-ddb5-4fa4-a97d-d965ccfc6d4b" outcome="Passed" testListId="8c84fa94-04c1-424b-9868-57a2d4851a1d" relativeResultsDirectory="a5ef2726-7409-4788-8e16-e49120a39f36">
      <Output>
        <StdOut>[2025-09-05 12:25:05 INF] Starting Test Execution: POrchAPI_PAS_Retries:["[ErrorCode, 502]"]
[2025-09-05 12:25:05 INF] Successfully created map FraudcheckMock_Decline_274dc78c-361c-47ba-ac78-0d8672284f5a for /api/v1/financial-transaction-fraud-checks
[2025-09-05 12:25:05 INF] Successfully created map PASErrorResponse_502_e13c59e9-4adf-41e4-8e7a-59e392a41eee_1 for /v2/activities
[2025-09-05 12:25:05 INF] Successfully created map PASSuccess_dd80b51f-3e13-4438-a04f-3541b76f541c for /v2/activities
[2025-09-05 12:25:06 INF] Response has PaymentId: 6407e75a-726c-491f-9f3e-d4fb012e46dc
[2025-09-05 12:25:06 INF] Finished Test Execution: POrchAPI_PAS_Retries
[2025-09-05 12:25:06 INF] ---------------------------------------------------



TestContext Messages:
Given a POrch PaymentRequest is created
-&gt; done: POrchAPIStepDefinitions.GivenAPOrchPaymentRequestIsCreated() (0.0s)
And FraudCheck Response is Decline
-&gt; done: POrchAPIStepDefinitions.SetFraudCheckResponse("Decline") (0.0s)
And the PAS mock response will return 502 then 200
-&gt; done: POrchAPIStepDefinitions.GivenThePASMockResponseWillReturnThen("502") (0.5s)
When POrch Payment API is called
-&gt; done: POrchAPIStepDefinitions.WhenPOrchAPIIsCalled("Payment") (0.6s)
Then the request should return status code 409
-&gt; done: POrchAPIStepDefinitions.ThenTheRequestShouldReturnStatusCode(409) (0.0s)
And there are 1 calls to the PASErrorResponse mock
-&gt; done: POrchAPIStepDefinitions.ThenThereAreCallsToThePasMock(1, "PASErrorResponse") (0.0s)
And there are 1 calls to the PASSuccess mock
-&gt; done: POrchAPIStepDefinitions.ThenThereAreCallsToThePasMock(1, "PASSuccess") (0.0s)</StdOut>
      </Output>
    </UnitTestResult>
    <UnitTestResult executionId="60535045-79cc-4c0d-8665-53b739d9b346" testId="bfac94ad-c6ba-d365-29bc-e5cd11571be9" testName="POrchAPI_Middleware_Retries_Correctly (500,201,)" computerName="ip-10-130-163-242" duration="00:00:01.0974430" startTime="2025-09-05T12:25:27.1278642+12:00" endTime="2025-09-05T12:25:28.2254381+12:00" testType="13cdc9d9-ddb5-4fa4-a97d-d965ccfc6d4b" outcome="Passed" testListId="8c84fa94-04c1-424b-9868-57a2d4851a1d" relativeResultsDirectory="60535045-79cc-4c0d-8665-53b739d9b346">
      <Output>
        <StdOut>[2025-09-05 12:25:27 INF] Starting Test Execution: POrchAPI_Middleware_Retries_Correctly:["[ErrorCode, 500]","[ResponseCode, 201]"]
[2025-09-05 12:25:27 INF] Mocks are not ready after 1 / 5 attempt(s). Expected 3 mock(s) to be registered with the manager and got 0.
[2025-09-05 12:25:27 INF] Successfully created map FraudcheckMock_Authorize_2cf33b8c-6e1a-4d74-8466-6ae3ab69e725 for /api/v1/financial-transaction-fraud-checks
[2025-09-05 12:25:27 INF] Successfully created map MiddlewareSuccess_81f8b482-d9ab-4f1e-bbe3-122ad87b08cc for /initialisepaymentorder/basic
[2025-09-05 12:25:27 INF] Successfully created map MiddlewareFailure_500_f75539d4-8672-47dd-803f-d7f4f78949dc_1 for /initialisepaymentorder/basic
[2025-09-05 12:25:28 INF] Response has PaymentId: 3934c9f6-5956-4a88-bea6-2199940897ce
[2025-09-05 12:25:28 INF] Finished Test Execution: POrchAPI_Middleware_Retries_Correctly
[2025-09-05 12:25:28 INF] ---------------------------------------------------



TestContext Messages:
Given a POrch PaymentRequest is created
-&gt; done: POrchAPIStepDefinitions.GivenAPOrchPaymentRequestIsCreated() (0.0s)
And the credit Account is 389300099302202
-&gt; done: POrchAPIStepDefinitions.WhenTheCreditAccountIs("389300099302202") (0.0s)
And FraudCheck Response is Authorize
-&gt; done: POrchAPIStepDefinitions.SetFraudCheckResponse("Authorize") (0.0s)
And the Middleware responses will be 500 then 201
-&gt; done: POrchAPIStepDefinitions.GivenTheMiddlewareResponsesWillBe("500") (0.0s)
When POrch Payment API is called
-&gt; done: POrchAPIStepDefinitions.WhenPOrchAPIIsCalled("Payment") (1.1s)
Then the request should return status code 201
-&gt; done: POrchAPIStepDefinitions.ThenTheRequestShouldReturnStatusCode(201) (0.0s)</StdOut>
      </Output>
    </UnitTestResult>
    <UnitTestResult executionId="c57c638b-4c14-4d60-930f-eea44699287f" testId="262a88e0-7eec-695a-5519-9da294723f05" testName="POrchAPI_Invalid_Debit_Account_Return_Error (abcdefghijklmnse,400,)" computerName="ip-10-130-163-242" duration="00:00:00.0076560" startTime="2025-09-05T12:25:02.7023902+12:00" endTime="2025-09-05T12:25:02.7101826+12:00" testType="13cdc9d9-ddb5-4fa4-a97d-d965ccfc6d4b" outcome="Passed" testListId="8c84fa94-04c1-424b-9868-57a2d4851a1d" relativeResultsDirectory="c57c638b-4c14-4d60-930f-eea44699287f">
      <Output>
        <StdOut>[2025-09-05 12:25:02 INF] Starting Test Execution: POrchAPI_Invalid_Debit_Account_Return_Error:["[DebitAccountValue, abcdefghijklmnse]","[StatusCode, 400]"]
[2025-09-05 12:25:02 INF] Finished Test Execution: POrchAPI_Invalid_Debit_Account_Return_Error
[2025-09-05 12:25:02 INF] ---------------------------------------------------



TestContext Messages:
Given a POrch PaymentRequest is created
-&gt; done: POrchAPIStepDefinitions.GivenAPOrchPaymentRequestIsCreated() (0.0s)
And the Payment Debit Account field is abcdefghijklmnse
-&gt; done: POrchAPIStepDefinitions.WhenTheDebitAccountFieldIs("Payment", "abcdefghijklmnse") (0.0s)
When POrch Payment API is called
-&gt; done: POrchAPIStepDefinitions.WhenPOrchAPIIsCalled("Payment") (0.0s)
Then the request should return status code 400
-&gt; done: POrchAPIStepDefinitions.ThenTheRequestShouldReturnStatusCode(400) (0.0s)</StdOut>
      </Output>
    </UnitTestResult>
    <UnitTestResult executionId="48e4b1d0-f554-4c1b-b890-4c731bbb6b76" testId="c67d40ef-7aa0-2b61-c77e-51a5c90cb5be" testName="POrchAPI_Invalid_Debit_Account_Return_Error (1200000000000000,400,)" computerName="ip-10-130-163-242" duration="00:00:00.0093705" startTime="2025-09-05T12:25:02.6928037+12:00" endTime="2025-09-05T12:25:02.7023165+12:00" testType="13cdc9d9-ddb5-4fa4-a97d-d965ccfc6d4b" outcome="Passed" testListId="8c84fa94-04c1-424b-9868-57a2d4851a1d" relativeResultsDirectory="48e4b1d0-f554-4c1b-b890-4c731bbb6b76">
      <Output>
        <StdOut>[2025-09-05 12:25:02 INF] Starting Test Execution: POrchAPI_Invalid_Debit_Account_Return_Error:["[DebitAccountValue, 1200000000000000]","[StatusCode, 400]"]
[2025-09-05 12:25:02 INF] Finished Test Execution: POrchAPI_Invalid_Debit_Account_Return_Error
[2025-09-05 12:25:02 INF] ---------------------------------------------------



TestContext Messages:
Given a POrch PaymentRequest is created
-&gt; done: POrchAPIStepDefinitions.GivenAPOrchPaymentRequestIsCreated() (0.0s)
And the Payment Debit Account field is 1200000000000000
-&gt; done: POrchAPIStepDefinitions.WhenTheDebitAccountFieldIs("Payment", "1200000000000000") (0.0s)
When POrch Payment API is called
-&gt; done: POrchAPIStepDefinitions.WhenPOrchAPIIsCalled("Payment") (0.0s)
Then the request should return status code 400
-&gt; done: POrchAPIStepDefinitions.ThenTheRequestShouldReturnStatusCode(400) (0.0s)</StdOut>
      </Output>
    </UnitTestResult>
    <UnitTestResult executionId="27a73557-c253-4c17-8a85-f1475ccfa130" testId="9b93787a-b09d-885f-e62d-26302a9764e3" testName="POrchAPI_TMVToUltracs_Negative_MiddleWare_Response_409 (InsufficientFundsError,409,)" computerName="ip-10-130-163-242" startTime="2025-09-05T12:26:12.5009801+12:00" endTime="2025-09-05T12:26:12.5010094+12:00" testType="13cdc9d9-ddb5-4fa4-a97d-d965ccfc6d4b" outcome="NotExecuted" testListId="8c84fa94-04c1-424b-9868-57a2d4851a1d" relativeResultsDirectory="27a73557-c253-4c17-8a85-f1475ccfa130">
      <Output></Output>
    </UnitTestResult>
    <UnitTestResult executionId="69236f6d-0571-4b61-bb79-55f471d17f3b" testId="903cd4f8-517c-7a37-07f4-921fbc9d361d" testName="POrchAPI_TMVToUltracs_Valid_Creditor_Code_Return_Success (=@#_%,.,201,)" computerName="ip-10-130-163-242" duration="00:00:01.0889772" startTime="2025-09-05T12:26:07.0478935+12:00" endTime="2025-09-05T12:26:08.1370004+12:00" testType="13cdc9d9-ddb5-4fa4-a97d-d965ccfc6d4b" outcome="Passed" testListId="8c84fa94-04c1-424b-9868-57a2d4851a1d" relativeResultsDirectory="69236f6d-0571-4b61-bb79-55f471d17f3b">
      <Output>
        <StdOut>[2025-09-05 12:26:07 INF] Starting Test Execution: POrchAPI_TMVToUltracs_Valid_Creditor_Code_Return_Success:["[CreditorCodeValue, =@#_%,.]","[StatusCode, 201]"]
[2025-09-05 12:26:07 INF] Mocks are not ready after 1 / 5 attempt(s). Expected 2 mock(s) to be registered with the manager and got 0.
[2025-09-05 12:26:07 INF] Successfully created map AdpsMock_Success_b91a26bd-7b2a-4b77-bc64-1407cce4092b for /api/v1/payment-instruction/domestic/immediate
[2025-09-05 12:26:07 INF] Successfully created map MiddlewareMock_Success_96dc5ca9-e0f7-4a56-932c-84558bb7028d for /initialisepaymentorder/basic
[2025-09-05 12:26:08 INF] Response has PaymentId: ed104110-d1fe-4a6f-bcbe-dec9a9b504e8
[2025-09-05 12:26:08 INF] Finished Test Execution: POrchAPI_TMVToUltracs_Valid_Creditor_Code_Return_Success
[2025-09-05 12:26:08 INF] ---------------------------------------------------



TestContext Messages:
Given a TMV to Ultracs POrch TransferRequest is created
-&gt; done: POrchAPIStepDefinitions.ConditionalPOrchTransferRequestIsCreated("TMV", "Ultracs") (0.0s)
And the Transfer Creditor Code is =@#_%,.
-&gt; done: POrchAPIStepDefinitions.WhenTheCreditorCodeIs("Transfer", "=@#_%,.") (0.0s)
And ADPS Response is Success
-&gt; done: POrchAPIStepDefinitions.SetAdpsResponse("Success") (0.0s)
And MiddleWare Response is Success
-&gt; done: POrchAPIStepDefinitions.SetMiddlewareResponse("Success") (0.0s)
When POrch Transfer API is called
-&gt; done: POrchAPIStepDefinitions.WhenPOrchAPIIsCalled("Transfer") (1.1s)
Then the request should return status code 201
-&gt; done: POrchAPIStepDefinitions.ThenTheRequestShouldReturnStatusCode(201) (0.0s)</StdOut>
      </Output>
    </UnitTestResult>
    <UnitTestResult executionId="506293b9-b90f-4aa7-9758-4c51fe7c23a8" testId="f644defc-09e1-a2b2-0b72-6e70140be709" testName="POrchAPI_Invalid_PAS_Response_Doesnt_Affect_POrch_Result (401,,)" computerName="ip-10-130-163-242" duration="00:00:01.1212483" startTime="2025-09-05T12:25:00.3980344+12:00" endTime="2025-09-05T12:25:01.5194666+12:00" testType="13cdc9d9-ddb5-4fa4-a97d-d965ccfc6d4b" outcome="Passed" testListId="8c84fa94-04c1-424b-9868-57a2d4851a1d" relativeResultsDirectory="506293b9-b90f-4aa7-9758-4c51fe7c23a8">
      <Output>
        <StdOut>[2025-09-05 12:25:00 INF] Starting Test Execution: POrchAPI_Invalid_PAS_Response_Doesn't_Affect_POrch_Result:["[PASResponse, 401]"]
[2025-09-05 12:25:00 INF] Successfully created map FraudcheckMock_Decline_a8b26a85-4415-4dab-9632-6df79b3117e0 for /api/v1/financial-transaction-fraud-checks
[2025-09-05 12:25:00 INF] Mocks are not ready after 1 / 5 attempt(s). Expected 3 mock(s) to be registered with the manager and got 1.
[2025-09-05 12:25:00 INF] Successfully created map PartyActivityServiceMock_401_0c61c1e6-0d1b-4c70-9000-ba3a27d8f7be for /v2/activities
[2025-09-05 12:25:00 INF] Successfully created map MiddlewareMock_FrozenError_4240c425-85cb-4aeb-a09e-a1c5e974561f for /initialisepaymentorder/basic
[2025-09-05 12:25:01 INF] Response has PaymentId: 800ca0be-2830-47e6-a647-4024614922df
[2025-09-05 12:25:01 INF] Finished Test Execution: POrchAPI_Invalid_PAS_Response_Doesn't_Affect_POrch_Result
[2025-09-05 12:25:01 INF] ---------------------------------------------------



TestContext Messages:
Given a POrch PaymentRequest is created
-&gt; done: POrchAPIStepDefinitions.GivenAPOrchPaymentRequestIsCreated() (0.0s)
And FraudCheck Response is Decline
-&gt; done: POrchAPIStepDefinitions.SetFraudCheckResponse("Decline") (0.0s)
And MiddleWare Response is FrozenError
-&gt; done: POrchAPIStepDefinitions.SetMiddlewareResponse("FrozenError") (0.0s)
And the PAS response is 401
-&gt; done: POrchAPIStepDefinitions.ThePasResponseIs("401") (0.0s)
When POrch Payment API is called
-&gt; done: POrchAPIStepDefinitions.WhenPOrchAPIIsCalled("Payment") (1.1s)
Then the request should return status code 409
-&gt; done: POrchAPIStepDefinitions.ThenTheRequestShouldReturnStatusCode(409) (0.0s)</StdOut>
      </Output>
    </UnitTestResult>
    <UnitTestResult executionId="f781e1ef-062a-407e-a96e-b193d51063ed" testId="a734b8d7-64b6-c5b0-a01b-89519383f833" testName="POrchAPI_UltracsToTMV_Negative_MiddleWare_Response_409 (InvalidBankBranchNumberError,409,)" computerName="ip-10-130-163-242" startTime="2025-09-05T12:26:26.6943922+12:00" endTime="2025-09-05T12:26:26.6944196+12:00" testType="13cdc9d9-ddb5-4fa4-a97d-d965ccfc6d4b" outcome="NotExecuted" testListId="8c84fa94-04c1-424b-9868-57a2d4851a1d" relativeResultsDirectory="f781e1ef-062a-407e-a96e-b193d51063ed">
      <Output></Output>
    </UnitTestResult>
    <UnitTestResult executionId="76ade7c8-cd6a-41df-a320-e1ef59e8175c" testId="56fb65db-6e4f-4370-45ab-c4f18ac46c69" testName="POrchAPI_Various_Amounts_Return_Success_When_Below_Max (1234567890.11,,)" computerName="ip-10-130-163-242" duration="00:00:01.0950788" startTime="2025-09-05T12:24:05.9230560+12:00" endTime="2025-09-05T12:24:07.0184339+12:00" testType="13cdc9d9-ddb5-4fa4-a97d-d965ccfc6d4b" outcome="Passed" testListId="8c84fa94-04c1-424b-9868-57a2d4851a1d" relativeResultsDirectory="76ade7c8-cd6a-41df-a320-e1ef59e8175c">
      <Output>
        <StdOut>[2025-09-05 12:24:05 INF] Starting Test Execution: POrchAPI_Various_Amounts_Return_Success_When_Below_Max:["[Amount, 1234567890.11]"]
[2025-09-05 12:24:05 INF] Mocks are not ready after 1 / 5 attempt(s). Expected 2 mock(s) to be registered with the manager and got 0.
[2025-09-05 12:24:05 INF] Successfully created map FraudcheckMock_Authorize_7a2f7986-54c6-43dd-b96e-d67788fa1174 for /api/v1/financial-transaction-fraud-checks
[2025-09-05 12:24:05 INF] Successfully created map MiddlewareMock_Success_7ac3eb80-2bfb-4766-90f8-064825f5dbd7 for /initialisepaymentorder/basic
[2025-09-05 12:24:07 INF] Response has PaymentId: 6f965d3b-6812-4ed2-a4e7-90f0d772f9a7
[2025-09-05 12:24:07 INF] Finished Test Execution: POrchAPI_Various_Amounts_Return_Success_When_Below_Max
[2025-09-05 12:24:07 INF] ---------------------------------------------------



TestContext Messages:
Given a POrch PaymentRequest is created
-&gt; done: POrchAPIStepDefinitions.GivenAPOrchPaymentRequestIsCreated() (0.0s)
And the Payment Amount Field is 1234567890.11
-&gt; done: POrchAPIStepDefinitions.WhenTheAcountFieldIs("Payment", "1234567890.11") (0.0s)
And FraudCheck Response is Authorize
-&gt; done: POrchAPIStepDefinitions.SetFraudCheckResponse("Authorize") (0.0s)
And MiddleWare Response is Success
-&gt; done: POrchAPIStepDefinitions.SetMiddlewareResponse("Success") (0.0s)
When POrch Payment API is called
-&gt; done: POrchAPIStepDefinitions.WhenPOrchAPIIsCalled("Payment") (1.1s)
Then the request should return status code 201
-&gt; done: POrchAPIStepDefinitions.ThenTheRequestShouldReturnStatusCode(201) (0.0s)</StdOut>
      </Output>
    </UnitTestResult>
    <UnitTestResult executionId="229d74ad-69bc-4348-b07b-331e4fcb2938" testId="4ce7a7b1-260a-ec58-a1fb-b116afa545c9" testName="POrchAPI_UltracsToTMV_Negative_MiddleWare_Response_409 (UnknownError,500,)" computerName="ip-10-130-163-242" startTime="2025-09-05T12:26:26.6949778+12:00" endTime="2025-09-05T12:26:26.6955689+12:00" testType="13cdc9d9-ddb5-4fa4-a97d-d965ccfc6d4b" outcome="NotExecuted" testListId="8c84fa94-04c1-424b-9868-57a2d4851a1d" relativeResultsDirectory="229d74ad-69bc-4348-b07b-331e4fcb2938">
      <Output></Output>
    </UnitTestResult>
    <UnitTestResult executionId="8f2ff9b9-9551-4a23-9c7f-f95efabe7530" testId="ee755468-4bdc-15d4-aa8b-4fc09225ec87" testName="POrchAPI_TMVToUltracs_Valid_Debtor_Particulars_Return_Success (()+$*!;-/?:,201,)" computerName="ip-10-130-163-242" duration="00:00:01.0911577" startTime="2025-09-05T12:25:59.3963824+12:00" endTime="2025-09-05T12:26:00.4876900+12:00" testType="13cdc9d9-ddb5-4fa4-a97d-d965ccfc6d4b" outcome="Passed" testListId="8c84fa94-04c1-424b-9868-57a2d4851a1d" relativeResultsDirectory="8f2ff9b9-9551-4a23-9c7f-f95efabe7530">
      <Output>
        <StdOut>[2025-09-05 12:25:59 INF] Starting Test Execution: POrchAPI_TMVToUltracs_Valid_Debtor_Particulars_Return_Success:["[DebtorParticularsValue, ()+$*!;-/?:]","[StatusCode, 201]"]
[2025-09-05 12:25:59 INF] Mocks are not ready after 1 / 5 attempt(s). Expected 2 mock(s) to be registered with the manager and got 0.
[2025-09-05 12:25:59 INF] Successfully created map AdpsMock_Success_e2417640-7b82-4287-8050-005a43d3955a for /api/v1/payment-instruction/domestic/immediate
[2025-09-05 12:25:59 INF] Successfully created map MiddlewareMock_Success_0cfb135d-8ff1-421b-a31b-20e2ab42c088 for /initialisepaymentorder/basic
[2025-09-05 12:26:00 INF] Response has PaymentId: 2adf5f84-858d-45f0-9722-8a2d190630a3
[2025-09-05 12:26:00 INF] Finished Test Execution: POrchAPI_TMVToUltracs_Valid_Debtor_Particulars_Return_Success
[2025-09-05 12:26:00 INF] ---------------------------------------------------



TestContext Messages:
Given a TMV to Ultracs POrch TransferRequest is created
-&gt; done: POrchAPIStepDefinitions.ConditionalPOrchTransferRequestIsCreated("TMV", "Ultracs") (0.0s)
And the Transfer Debtor particulars is ()+$*!;-/?:
-&gt; done: POrchAPIStepDefinitions.WhenTheDebtorParticularsIs("Transfer", "()+$*!;-/?:") (0.0s)
And ADPS Response is Success
-&gt; done: POrchAPIStepDefinitions.SetAdpsResponse("Success") (0.0s)
And MiddleWare Response is Success
-&gt; done: POrchAPIStepDefinitions.SetMiddlewareResponse("Success") (0.0s)
When POrch Transfer API is called
-&gt; done: POrchAPIStepDefinitions.WhenPOrchAPIIsCalled("Transfer") (1.1s)
Then the request should return status code 201
-&gt; done: POrchAPIStepDefinitions.ThenTheRequestShouldReturnStatusCode(201) (0.0s)</StdOut>
      </Output>
    </UnitTestResult>
    <UnitTestResult executionId="636f8558-1e5a-416a-b0d8-5f43d1d3bb74" testId="b6540edd-33a1-7fb7-59dd-c429fe9deaf1" testName="POrchAPI_TMVUltracs_Transfer_Invalid_Transfer_Reference_Return_Error (TRANSFER TO MR Test - 00,400,)" computerName="ip-10-130-163-242" duration="00:00:00.0066791" startTime="2025-09-05T12:26:27.1066989+12:00" endTime="2025-09-05T12:26:27.1134644+12:00" testType="13cdc9d9-ddb5-4fa4-a97d-d965ccfc6d4b" outcome="Passed" testListId="8c84fa94-04c1-424b-9868-57a2d4851a1d" relativeResultsDirectory="636f8558-1e5a-416a-b0d8-5f43d1d3bb74">
      <Output>
        <StdOut>[2025-09-05 12:26:27 INF] Starting Test Execution: POrchAPI_TMVUltracs_Transfer_Invalid_Transfer_Reference_Return_Error:["[TransferRefValue, TRANSFER TO MR Test - 00]","[StatusCode, 400]"]
[2025-09-05 12:26:27 INF] Finished Test Execution: POrchAPI_TMVUltracs_Transfer_Invalid_Transfer_Reference_Return_Error
[2025-09-05 12:26:27 INF] ---------------------------------------------------



TestContext Messages:
Given a TMV to Ultracs POrch TransferRequest is created
-&gt; done: POrchAPIStepDefinitions.ConditionalPOrchTransferRequestIsCreated("TMV", "Ultracs") (0.0s)
And the Transfer Reference is TRANSFER TO MR Test - 00
-&gt; done: POrchAPIStepDefinitions.TheTransferReferenceIs("TRANSFER TO MR Te...") (0.0s)
When POrch Transfer API is called
-&gt; done: POrchAPIStepDefinitions.WhenPOrchAPIIsCalled("Transfer") (0.0s)
Then the request should return status code 400
-&gt; done: POrchAPIStepDefinitions.ThenTheRequestShouldReturnStatusCode(400) (0.0s)</StdOut>
      </Output>
    </UnitTestResult>
    <UnitTestResult executionId="39cd4c23-82ae-4795-935f-9afaf7f83102" testId="fc88963e-633c-7e9a-9319-8a8e2a64aa72" testName="POrchAPI_Negative_FraudCheck_Response_Frozen_Middleware_409 (Unknown,409,)" computerName="ip-10-130-163-242" duration="00:00:01.0667549" startTime="2025-09-05T12:24:38.2856557+12:00" endTime="2025-09-05T12:24:39.3525976+12:00" testType="13cdc9d9-ddb5-4fa4-a97d-d965ccfc6d4b" outcome="Passed" testListId="8c84fa94-04c1-424b-9868-57a2d4851a1d" relativeResultsDirectory="39cd4c23-82ae-4795-935f-9afaf7f83102">
      <Output>
        <StdOut>[2025-09-05 12:24:38 INF] Starting Test Execution: POrchAPI_Negative_FraudCheck_Response_Frozen_Middleware_409:["[Result, Unknown]","[StatusCode, 409]"]
[2025-09-05 12:24:38 INF] Mocks are not ready after 1 / 5 attempt(s). Expected 3 mock(s) to be registered with the manager and got 0.
[2025-09-05 12:24:38 INF] Successfully created map FraudcheckMock_Unknown_e2094cd0-71c0-4e4f-bdaf-92d67db587ce for /api/v1/financial-transaction-fraud-checks
[2025-09-05 12:24:38 INF] Successfully created map MiddlewareMock_FrozenError_fad536c4-6c4f-4fb0-9a76-ef2f2aff1899 for /initialisepaymentorder/basic
[2025-09-05 12:24:38 INF] Successfully created map PartyActivityServiceMock_Created_967e2f20-669f-4bb8-8576-186d3e6ac3a6 for /v2/activities
[2025-09-05 12:24:39 INF] Response has PaymentId: e7b2b726-4735-46b6-a132-71ea8f43aa7f
[2025-09-05 12:24:39 INF] Finished Test Execution: POrchAPI_Negative_FraudCheck_Response_Frozen_Middleware_409
[2025-09-05 12:24:39 INF] ---------------------------------------------------



TestContext Messages:
Given a POrch PaymentRequest is created
-&gt; done: POrchAPIStepDefinitions.GivenAPOrchPaymentRequestIsCreated() (0.0s)
And FraudCheck Response is Unknown
-&gt; done: POrchAPIStepDefinitions.SetFraudCheckResponse("Unknown") (0.0s)
And MiddleWare Response is FrozenError
-&gt; done: POrchAPIStepDefinitions.SetMiddlewareResponse("FrozenError") (0.0s)
And the PAS response is Created
-&gt; done: POrchAPIStepDefinitions.ThePasResponseIs("Created") (0.0s)
When POrch Payment API is called
-&gt; done: POrchAPIStepDefinitions.WhenPOrchAPIIsCalled("Payment") (1.1s)
Then the request should return status code 409
-&gt; done: POrchAPIStepDefinitions.ThenTheRequestShouldReturnStatusCode(409) (0.0s)</StdOut>
      </Output>
    </UnitTestResult>
    <UnitTestResult executionId="c5199eec-7d8e-488b-8fb9-1e24d5109050" testId="21e999d7-510e-1c4e-c52c-d104b54dd531" testName="POrchAPI_Transfer_Invalid_Debit_Account_Return_Error (38123456789765,400,)" computerName="ip-10-130-163-242" duration="00:00:00.0070791" startTime="2025-09-05T12:26:26.7673057+12:00" endTime="2025-09-05T12:26:26.7744944+12:00" testType="13cdc9d9-ddb5-4fa4-a97d-d965ccfc6d4b" outcome="Passed" testListId="8c84fa94-04c1-424b-9868-57a2d4851a1d" relativeResultsDirectory="c5199eec-7d8e-488b-8fb9-1e24d5109050">
      <Output>
        <StdOut>[2025-09-05 12:26:26 INF] Starting Test Execution: POrchAPI_Transfer_Invalid_Debit_Account_Return_Error:["[DebitAccountValue, 38123456789765]","[StatusCode, 400]"]
[2025-09-05 12:26:26 INF] Finished Test Execution: POrchAPI_Transfer_Invalid_Debit_Account_Return_Error
[2025-09-05 12:26:26 INF] ---------------------------------------------------



TestContext Messages:
Given a POrch TransferRequest is created
-&gt; done: POrchAPIStepDefinitions.GivenAPOrchTransferRequestIsCreated() (0.0s)
And the Transfer Debit Account field is 38123456789765
-&gt; done: POrchAPIStepDefinitions.WhenTheDebitAccountFieldIs("Transfer", "38123456789765") (0.0s)
When POrch Transfer API is called
-&gt; done: POrchAPIStepDefinitions.WhenPOrchAPIIsCalled("Transfer") (0.0s)
Then the request should return status code 400
-&gt; done: POrchAPIStepDefinitions.ThenTheRequestShouldReturnStatusCode(400) (0.0s)</StdOut>
      </Output>
    </UnitTestResult>
    <UnitTestResult executionId="62cf7253-4eef-40fa-8cee-7456b78c7e85" testId="ced0770e-b901-4274-885a-59ff4d76a8a9" testName="POrchAPI_Middleware_Retries_Correctly (500 with body,201,)" computerName="ip-10-130-163-242" duration="00:00:01.0976305" startTime="2025-09-05T12:25:26.0300366+12:00" endTime="2025-09-05T12:25:27.1278081+12:00" testType="13cdc9d9-ddb5-4fa4-a97d-d965ccfc6d4b" outcome="Passed" testListId="8c84fa94-04c1-424b-9868-57a2d4851a1d" relativeResultsDirectory="62cf7253-4eef-40fa-8cee-7456b78c7e85">
      <Output>
        <StdOut>[2025-09-05 12:25:26 INF] Starting Test Execution: POrchAPI_Middleware_Retries_Correctly:["[ErrorCode, 500 with body]","[ResponseCode, 201]"]
[2025-09-05 12:25:26 INF] Mocks are not ready after 1 / 5 attempt(s). Expected 3 mock(s) to be registered with the manager and got 0.
[2025-09-05 12:25:26 INF] Successfully created map FraudcheckMock_Authorize_d5299084-c6ec-4a96-8054-dea0905a5911 for /api/v1/financial-transaction-fraud-checks
[2025-09-05 12:25:26 INF] Successfully created map MiddlewareFailure_500 with body_242d8ea0-2d52-4436-9a5b-70add9158523_1 for /initialisepaymentorder/basic
[2025-09-05 12:25:26 INF] Successfully created map MiddlewareSuccess_64bb0841-7c2c-4b3c-b337-67d6bf4a2dc3 for /initialisepaymentorder/basic
[2025-09-05 12:25:27 INF] Response has PaymentId: c7da55f4-653e-4047-bedd-8a499e5dc44b
[2025-09-05 12:25:27 INF] Finished Test Execution: POrchAPI_Middleware_Retries_Correctly
[2025-09-05 12:25:27 INF] ---------------------------------------------------



TestContext Messages:
Given a POrch PaymentRequest is created
-&gt; done: POrchAPIStepDefinitions.GivenAPOrchPaymentRequestIsCreated() (0.0s)
And the credit Account is 389300099302202
-&gt; done: POrchAPIStepDefinitions.WhenTheCreditAccountIs("389300099302202") (0.0s)
And FraudCheck Response is Authorize
-&gt; done: POrchAPIStepDefinitions.SetFraudCheckResponse("Authorize") (0.0s)
And the Middleware responses will be 500 with body then 201
-&gt; done: POrchAPIStepDefinitions.GivenTheMiddlewareResponsesWillBe("500 with body") (0.0s)
When POrch Payment API is called
-&gt; done: POrchAPIStepDefinitions.WhenPOrchAPIIsCalled("Payment") (1.1s)
Then the request should return status code 201
-&gt; done: POrchAPIStepDefinitions.ThenTheRequestShouldReturnStatusCode(201) (0.0s)</StdOut>
      </Output>
    </UnitTestResult>
    <UnitTestResult executionId="fbd25cc9-ee61-45f8-b6fa-0b04a614a907" testId="dcb661a8-080d-71c7-db9e-f900984a04d7" testName="POrchAPI_UltracsToTMV_Valid_Debtor_Reference_Return_Success (=@#_%,.,201,)" computerName="ip-10-130-163-242" duration="00:00:01.0859486" startTime="2025-09-05T12:26:25.6080348+12:00" endTime="2025-09-05T12:26:26.6941258+12:00" testType="13cdc9d9-ddb5-4fa4-a97d-d965ccfc6d4b" outcome="Passed" testListId="8c84fa94-04c1-424b-9868-57a2d4851a1d" relativeResultsDirectory="fbd25cc9-ee61-45f8-b6fa-0b04a614a907">
      <Output>
        <StdOut>[2025-09-05 12:26:25 INF] Starting Test Execution: POrchAPI_UltracsToTMV_Valid_Debtor_Reference_Return_Success:["[DebtorReferenceValue, =@#_%,.]","[StatusCode, 201]"]
[2025-09-05 12:26:25 INF] Mocks are not ready after 1 / 5 attempt(s). Expected 2 mock(s) to be registered with the manager and got 0.
[2025-09-05 12:26:25 INF] Successfully created map AdpsMock_Success_fadb6e95-7803-464f-a806-e289af8c41ac for /api/v1/payment-instruction/domestic/immediate
[2025-09-05 12:26:25 INF] Successfully created map MiddlewareMock_Success_dbfbd3c1-a3e0-4b84-8527-62beb6090261 for /initialisepaymentorder/basic
[2025-09-05 12:26:26 INF] Response has PaymentId: 81e88798-b1cb-4b8d-9694-d3d87f241470
[2025-09-05 12:26:26 INF] Finished Test Execution: POrchAPI_UltracsToTMV_Valid_Debtor_Reference_Return_Success
[2025-09-05 12:26:26 INF] ---------------------------------------------------



TestContext Messages:
Given a Ultracs to TMV POrch TransferRequest is created
-&gt; done: POrchAPIStepDefinitions.ConditionalPOrchTransferRequestIsCreated("Ultracs", "TMV") (0.0s)
And the Transfer Debtor Reference is =@#_%,.
-&gt; done: POrchAPIStepDefinitions.WhenTheDebtorReferenceIs("Transfer", "=@#_%,.") (0.0s)
And ADPS Response is Success
-&gt; done: POrchAPIStepDefinitions.SetAdpsResponse("Success") (0.0s)
And MiddleWare Response is Success
-&gt; done: POrchAPIStepDefinitions.SetMiddlewareResponse("Success") (0.0s)
When POrch Transfer API is called
-&gt; done: POrchAPIStepDefinitions.WhenPOrchAPIIsCalled("Transfer") (1.1s)
Then the request should return status code 201
-&gt; done: POrchAPIStepDefinitions.ThenTheRequestShouldReturnStatusCode(201) (0.0s)</StdOut>
      </Output>
    </UnitTestResult>
    <UnitTestResult executionId="5958922a-fe1c-4291-923f-3a150d420e58" testId="6f66e914-9cfb-4f18-5611-3ca4f7f1471d" testName="POrchAPI_Negative_MiddleWare_Response_409 (AccountDetectionFailedError,409,)" computerName="ip-10-130-163-242" duration="00:00:01.0751931" startTime="2025-09-05T12:24:29.5956195+12:00" endTime="2025-09-05T12:24:30.6711635+12:00" testType="13cdc9d9-ddb5-4fa4-a97d-d965ccfc6d4b" outcome="Passed" testListId="8c84fa94-04c1-424b-9868-57a2d4851a1d" relativeResultsDirectory="5958922a-fe1c-4291-923f-3a150d420e58">
      <Output>
        <StdOut>[2025-09-05 12:24:29 INF] Starting Test Execution: POrchAPI_Negative_MiddleWare_Response_409:["[Result, AccountDetectionFailedError]","[StatusCode, 409]"]
[2025-09-05 12:24:29 INF] Mocks are not ready after 1 / 5 attempt(s). Expected 2 mock(s) to be registered with the manager and got 0.
[2025-09-05 12:24:29 INF] Successfully created map FraudcheckMock_Authorize_b61e709d-9a1d-42b4-a722-846d5a64a657 for /api/v1/financial-transaction-fraud-checks
[2025-09-05 12:24:29 INF] Successfully created map MiddlewareMock_AccountDetectionFailedError_3960ccd6-2eac-4336-b247-bfbeb9a46014 for /initialisepaymentorder/basic
[2025-09-05 12:24:30 INF] Response has PaymentId: 099658cf-654f-4892-acdc-46180b17e0a6
[2025-09-05 12:24:30 INF] Finished Test Execution: POrchAPI_Negative_MiddleWare_Response_409
[2025-09-05 12:24:30 INF] ---------------------------------------------------



TestContext Messages:
Given a POrch PaymentRequest is created
-&gt; done: POrchAPIStepDefinitions.GivenAPOrchPaymentRequestIsCreated() (0.0s)
And FraudCheck Response is Authorize
-&gt; done: POrchAPIStepDefinitions.SetFraudCheckResponse("Authorize") (0.0s)
And MiddleWare Response is AccountDetectionFailedError
-&gt; done: POrchAPIStepDefinitions.SetMiddlewareResponse("AccountDetectionF...") (0.0s)
When POrch Payment API is called
-&gt; done: POrchAPIStepDefinitions.WhenPOrchAPIIsCalled("Payment") (1.1s)
Then the request should return status code 409
-&gt; done: POrchAPIStepDefinitions.ThenTheRequestShouldReturnStatusCode(409) (0.0s)</StdOut>
      </Output>
    </UnitTestResult>
    <UnitTestResult executionId="631ed088-abe6-424a-8013-0ced1289e426" testId="7921a5cf-e854-49ae-c247-664dc2281b3b" testName="POrchAPI_Transfer_Invalid_Creditor_Particulars_Return_Error (},400,)" computerName="ip-10-130-163-242" duration="00:00:00.0069561" startTime="2025-09-05T12:26:26.8564726+12:00" endTime="2025-09-05T12:26:26.8635192+12:00" testType="13cdc9d9-ddb5-4fa4-a97d-d965ccfc6d4b" outcome="Passed" testListId="8c84fa94-04c1-424b-9868-57a2d4851a1d" relativeResultsDirectory="631ed088-abe6-424a-8013-0ced1289e426">
      <Output>
        <StdOut>[2025-09-05 12:26:26 INF] Starting Test Execution: POrchAPI_Transfer_Invalid_Creditor_Particulars_Return_Error:["[CreditorParticularsValue, }]","[StatusCode, 400]"]
[2025-09-05 12:26:26 INF] Finished Test Execution: POrchAPI_Transfer_Invalid_Creditor_Particulars_Return_Error
[2025-09-05 12:26:26 INF] ---------------------------------------------------



TestContext Messages:
Given a POrch TransferRequest is created
-&gt; done: POrchAPIStepDefinitions.GivenAPOrchTransferRequestIsCreated() (0.0s)
And the Transfer Creditor particulars is }
-&gt; done: POrchAPIStepDefinitions.WhenTheCreditorParticularsIs("Transfer", "}") (0.0s)
When POrch Transfer API is called
-&gt; done: POrchAPIStepDefinitions.WhenPOrchAPIIsCalled("Transfer") (0.0s)
Then the request should return status code 400
-&gt; done: POrchAPIStepDefinitions.ThenTheRequestShouldReturnStatusCode(400) (0.0s)</StdOut>
      </Output>
    </UnitTestResult>
    <UnitTestResult executionId="1fff1f3b-46d4-4006-a5fd-1569ad7ce285" testId="ca7de9fd-b635-9a89-8d2f-9d0eb6bc888b" testName="POrchAPI_TMVUltracs_Transfer_Invalid_Transfer_Reference_Return_Error (TRANSFER TO MR Test  00,400,)" computerName="ip-10-130-163-242" duration="00:00:00.0071340" startTime="2025-09-05T12:26:27.0926375+12:00" endTime="2025-09-05T12:26:27.0998608+12:00" testType="13cdc9d9-ddb5-4fa4-a97d-d965ccfc6d4b" outcome="Passed" testListId="8c84fa94-04c1-424b-9868-57a2d4851a1d" relativeResultsDirectory="1fff1f3b-46d4-4006-a5fd-1569ad7ce285">
      <Output>
        <StdOut>[2025-09-05 12:26:27 INF] Starting Test Execution: POrchAPI_TMVUltracs_Transfer_Invalid_Transfer_Reference_Return_Error:["[TransferRefValue, TRANSFER TO MR Test  00]","[StatusCode, 400]"]
[2025-09-05 12:26:27 INF] Finished Test Execution: POrchAPI_TMVUltracs_Transfer_Invalid_Transfer_Reference_Return_Error
[2025-09-05 12:26:27 INF] ---------------------------------------------------



TestContext Messages:
Given a TMV to Ultracs POrch TransferRequest is created
-&gt; done: POrchAPIStepDefinitions.ConditionalPOrchTransferRequestIsCreated("TMV", "Ultracs") (0.0s)
And the Transfer Reference is TRANSFER TO MR Test  00
-&gt; done: POrchAPIStepDefinitions.TheTransferReferenceIs("TRANSFER TO MR Te...") (0.0s)
When POrch Transfer API is called
-&gt; done: POrchAPIStepDefinitions.WhenPOrchAPIIsCalled("Transfer") (0.0s)
Then the request should return status code 400
-&gt; done: POrchAPIStepDefinitions.ThenTheRequestShouldReturnStatusCode(400) (0.0s)</StdOut>
      </Output>
    </UnitTestResult>
    <UnitTestResult executionId="c81a603f-0e44-45b6-9e8e-d8b01e6f36d6" testId="e53b493e-3378-82fc-6e5a-40c8554a6b40" testName="POrchAPI_TMVToUltracs_Valid_Creditor_Particulars_Return_Success (=@#_%,.,201,)" computerName="ip-10-130-163-242" duration="00:00:01.0885991" startTime="2025-09-05T12:26:02.6707293+12:00" endTime="2025-09-05T12:26:03.7594522+12:00" testType="13cdc9d9-ddb5-4fa4-a97d-d965ccfc6d4b" outcome="Passed" testListId="8c84fa94-04c1-424b-9868-57a2d4851a1d" relativeResultsDirectory="c81a603f-0e44-45b6-9e8e-d8b01e6f36d6">
      <Output>
        <StdOut>[2025-09-05 12:26:02 INF] Starting Test Execution: POrchAPI_TMVToUltracs_Valid_Creditor_Particulars_Return_Success:["[CreditorParticularsValue, =@#_%,.]","[StatusCode, 201]"]
[2025-09-05 12:26:02 INF] Mocks are not ready after 1 / 5 attempt(s). Expected 2 mock(s) to be registered with the manager and got 0.
[2025-09-05 12:26:02 INF] Successfully created map AdpsMock_Success_aea2f727-6f69-456e-b30b-7d83e92586b9 for /api/v1/payment-instruction/domestic/immediate
[2025-09-05 12:26:02 INF] Successfully created map MiddlewareMock_Success_fb512251-b642-4d6b-b625-4f9403bcd40a for /initialisepaymentorder/basic
[2025-09-05 12:26:03 INF] Response has PaymentId: 54d281d2-88a5-4926-a121-7f09e7163a3e
[2025-09-05 12:26:03 INF] Finished Test Execution: POrchAPI_TMVToUltracs_Valid_Creditor_Particulars_Return_Success
[2025-09-05 12:26:03 INF] ---------------------------------------------------



TestContext Messages:
Given a TMV to Ultracs POrch TransferRequest is created
-&gt; done: POrchAPIStepDefinitions.ConditionalPOrchTransferRequestIsCreated("TMV", "Ultracs") (0.0s)
And the Transfer Creditor particulars is =@#_%,.
-&gt; done: POrchAPIStepDefinitions.WhenTheCreditorParticularsIs("Transfer", "=@#_%,.") (0.0s)
And ADPS Response is Success
-&gt; done: POrchAPIStepDefinitions.SetAdpsResponse("Success") (0.0s)
And MiddleWare Response is Success
-&gt; done: POrchAPIStepDefinitions.SetMiddlewareResponse("Success") (0.0s)
When POrch Transfer API is called
-&gt; done: POrchAPIStepDefinitions.WhenPOrchAPIIsCalled("Transfer") (1.1s)
Then the request should return status code 201
-&gt; done: POrchAPIStepDefinitions.ThenTheRequestShouldReturnStatusCode(201) (0.0s)</StdOut>
      </Output>
    </UnitTestResult>
    <UnitTestResult executionId="da0c999c-ad66-46f0-b9bc-19e0f2869213" testId="140cdba7-bdd7-21ce-465d-c6f1ecf49583" testName="POrchAPI_Idempotency_Unsuccessful_Request_Gives_201_For_Same_Idempotency_Combo" computerName="ip-10-130-163-242" duration="00:00:02.1554914" startTime="2025-09-05T12:24:57.1463258+12:00" endTime="2025-09-05T12:24:59.3020593+12:00" testType="13cdc9d9-ddb5-4fa4-a97d-d965ccfc6d4b" outcome="Passed" testListId="8c84fa94-04c1-424b-9868-57a2d4851a1d" relativeResultsDirectory="da0c999c-ad66-46f0-b9bc-19e0f2869213">
      <Output>
        <StdOut>[2025-09-05 12:24:57 INF] Starting Test Execution: POrchAPI_Idempotency_Unsuccessful_Request_Gives_201_For_Same_Idempotency_Combo:[]
[2025-09-05 12:24:57 INF] Mocks are not ready after 1 / 5 attempt(s). Expected 2 mock(s) to be registered with the manager and got 0.
[2025-09-05 12:24:57 INF] Successfully created map FraudcheckMock_Authorize_57bb2d9f-1cbe-4ac4-aded-6d79d068ff7e for /api/v1/financial-transaction-fraud-checks
[2025-09-05 12:24:57 INF] Successfully created map MiddlewareMock_UnknownError_9a23e63e-1e66-404f-b438-2d0739d25bef for /initialisepaymentorder/basic
[2025-09-05 12:24:58 INF] Mocks are not ready after 1 / 5 attempt(s). Expected 2 mock(s) to be registered with the manager and got 0.
[2025-09-05 12:24:58 INF] Successfully created map FraudcheckMock_Authorize_d24d82ca-975e-4a63-af74-fbfb5150ec49 for /api/v1/financial-transaction-fraud-checks
[2025-09-05 12:24:58 INF] Successfully created map MiddlewareMock_Success_acd4d6ae-ed53-4cd4-a564-43e9d760374e for /initialisepaymentorder/basic
[2025-09-05 12:24:59 INF] Response has PaymentId: 989750b4-e4b0-424d-b9a0-df42769115e5
[2025-09-05 12:24:59 INF] Finished Test Execution: POrchAPI_Idempotency_Unsuccessful_Request_Gives_201_For_Same_Idempotency_Combo
[2025-09-05 12:24:59 INF] ---------------------------------------------------



TestContext Messages:
Given a POrch PaymentRequest is created
-&gt; done: POrchAPIStepDefinitions.GivenAPOrchPaymentRequestIsCreated() (0.0s)
And the credit Account is 389300099302202
-&gt; done: POrchAPIStepDefinitions.WhenTheCreditAccountIs("389300099302202") (0.0s)
And FraudCheck Response is Authorize
-&gt; done: POrchAPIStepDefinitions.SetFraudCheckResponse("Authorize") (0.0s)
And MiddleWare Response is UnknownError
-&gt; done: POrchAPIStepDefinitions.SetMiddlewareResponse("UnknownError") (0.0s)
And POrch Payment API is called
-&gt; done: POrchAPIStepDefinitions.WhenPOrchAPIIsCalled("Payment") (1.1s)
And the request should return status code 500
-&gt; done: POrchAPIStepDefinitions.ThenTheRequestShouldReturnStatusCode(500) (0.0s)
And the mock mappings are cleared
-&gt; done: POrchAPIStepDefinitions.WhenTheMockResponsesAreCleared() (0.0s)
And FraudCheck Response is Authorize
-&gt; done: POrchAPIStepDefinitions.SetFraudCheckResponse("Authorize") (0.0s)
And MiddleWare Response is Success
-&gt; done: POrchAPIStepDefinitions.SetMiddlewareResponse("Success") (0.0s)
When POrch Payment API is called again
-&gt; done: POrchAPIStepDefinitions.WhenPOrchAPIIsCalledAgain("Payment") (1.1s)
Then the request should return status code 201
-&gt; done: POrchAPIStepDefinitions.ThenTheRequestShouldReturnStatusCode(201) (0.0s)</StdOut>
      </Output>
    </UnitTestResult>
    <UnitTestResult executionId="df677c4d-159b-44ae-8ebb-84548bd35b84" testId="3dbdba1a-6fd0-35a0-1845-7a9d5e1b5f0c" testName="POrchAPI_TMVToTMV_Valid_Debtor_Particulars_Return_Success (()+$*!;-/?:,201,)" computerName="ip-10-130-163-242" duration="00:00:01.0710345" startTime="2025-09-05T12:25:45.4699640+12:00" endTime="2025-09-05T12:25:46.5411457+12:00" testType="13cdc9d9-ddb5-4fa4-a97d-d965ccfc6d4b" outcome="Passed" testListId="8c84fa94-04c1-424b-9868-57a2d4851a1d" relativeResultsDirectory="df677c4d-159b-44ae-8ebb-84548bd35b84">
      <Output>
        <StdOut>[2025-09-05 12:25:45 INF] Starting Test Execution: POrchAPI_TMVToTMV_Valid_Debtor_Particulars_Return_Success:["[DebtorParticularsValue, ()+$*!;-/?:]","[StatusCode, 201]"]
[2025-09-05 12:25:45 INF] Mocks are not ready after 1 / 5 attempt(s). Expected 1 mock(s) to be registered with the manager and got 0.
[2025-09-05 12:25:45 INF] Successfully created map AdpsMock_Success_b4ae6fb0-0163-4ce5-b9bd-3451f74ae502 for /api/v1/payment-instruction/domestic/immediate
[2025-09-05 12:25:46 INF] Response has PaymentId: 44455faf-bcfa-4098-a358-669435e5cc66
[2025-09-05 12:25:46 INF] Finished Test Execution: POrchAPI_TMVToTMV_Valid_Debtor_Particulars_Return_Success
[2025-09-05 12:25:46 INF] ---------------------------------------------------



TestContext Messages:
Given a TMV to TMV POrch TransferRequest is created
-&gt; done: POrchAPIStepDefinitions.ConditionalPOrchTransferRequestIsCreated("TMV", "TMV") (0.0s)
And the Transfer Debtor particulars is ()+$*!;-/?:
-&gt; done: POrchAPIStepDefinitions.WhenTheDebtorParticularsIs("Transfer", "()+$*!;-/?:") (0.0s)
And ADPS Response is Success
-&gt; done: POrchAPIStepDefinitions.SetAdpsResponse("Success") (0.0s)
When POrch Transfer API is called
-&gt; done: POrchAPIStepDefinitions.WhenPOrchAPIIsCalled("Transfer") (1.1s)
Then the request should return status code 201
-&gt; done: POrchAPIStepDefinitions.ThenTheRequestShouldReturnStatusCode(201) (0.0s)</StdOut>
      </Output>
    </UnitTestResult>
    <UnitTestResult executionId="49b93fc3-d8b6-49ae-a282-96d1687805c5" testId="550c4634-a435-f6fa-91e9-954fe692c2a9" testName="POrchAPI_Transfer_Invalid_Creditor_Code_Return_Error (\,400,)" computerName="ip-10-130-163-242" duration="00:00:00.0081140" startTime="2025-09-05T12:26:26.8942983+12:00" endTime="2025-09-05T12:26:26.9025229+12:00" testType="13cdc9d9-ddb5-4fa4-a97d-d965ccfc6d4b" outcome="Passed" testListId="8c84fa94-04c1-424b-9868-57a2d4851a1d" relativeResultsDirectory="49b93fc3-d8b6-49ae-a282-96d1687805c5">
      <Output>
        <StdOut>[2025-09-05 12:26:26 INF] Starting Test Execution: POrchAPI_Transfer_Invalid_Creditor_Code_Return_Error:["[CreditorCodeValue, \\]","[StatusCode, 400]"]
[2025-09-05 12:26:26 INF] Finished Test Execution: POrchAPI_Transfer_Invalid_Creditor_Code_Return_Error
[2025-09-05 12:26:26 INF] ---------------------------------------------------



TestContext Messages:
Given a POrch TransferRequest is created
-&gt; done: POrchAPIStepDefinitions.GivenAPOrchTransferRequestIsCreated() (0.0s)
And the Transfer Creditor Code is \
-&gt; done: POrchAPIStepDefinitions.WhenTheCreditorCodeIs("Transfer", "\") (0.0s)
When POrch Transfer API is called
-&gt; done: POrchAPIStepDefinitions.WhenPOrchAPIIsCalled("Transfer") (0.0s)
Then the request should return status code 400
-&gt; done: POrchAPIStepDefinitions.ThenTheRequestShouldReturnStatusCode(400) (0.0s)</StdOut>
      </Output>
    </UnitTestResult>
    <UnitTestResult executionId="4616610d-2a37-448c-b9b5-665722095784" testId="188ab1bc-d4b4-26df-945b-2f118c1675e7" testName="POrchAPI_Various_Amounts_Return_Success_When_Below_Max (0000000000.11,,)" computerName="ip-10-130-163-242" duration="00:00:01.0912526" startTime="2025-09-05T12:24:03.7383063+12:00" endTime="2025-09-05T12:24:04.8298728+12:00" testType="13cdc9d9-ddb5-4fa4-a97d-d965ccfc6d4b" outcome="Passed" testListId="8c84fa94-04c1-424b-9868-57a2d4851a1d" relativeResultsDirectory="4616610d-2a37-448c-b9b5-665722095784">
      <Output>
        <StdOut>[2025-09-05 12:24:03 INF] Starting Test Execution: POrchAPI_Various_Amounts_Return_Success_When_Below_Max:["[Amount, 0000000000.11]"]
[2025-09-05 12:24:03 INF] Mocks are not ready after 1 / 5 attempt(s). Expected 2 mock(s) to be registered with the manager and got 0.
[2025-09-05 12:24:03 INF] Successfully created map FraudcheckMock_Authorize_74733e50-6480-4462-96a5-f2421e154d1c for /api/v1/financial-transaction-fraud-checks
[2025-09-05 12:24:03 INF] Successfully created map MiddlewareMock_Success_81274c13-eb13-43b7-a14b-cfb67b295a7c for /initialisepaymentorder/basic
[2025-09-05 12:24:04 INF] Response has PaymentId: 3ec2b64b-9d50-47ab-9f83-c25028f167a4
[2025-09-05 12:24:04 INF] Finished Test Execution: POrchAPI_Various_Amounts_Return_Success_When_Below_Max
[2025-09-05 12:24:04 INF] ---------------------------------------------------



TestContext Messages:
Given a POrch PaymentRequest is created
-&gt; done: POrchAPIStepDefinitions.GivenAPOrchPaymentRequestIsCreated() (0.0s)
And the Payment Amount Field is 0000000000.11
-&gt; done: POrchAPIStepDefinitions.WhenTheAcountFieldIs("Payment", "0000000000.11") (0.0s)
And FraudCheck Response is Authorize
-&gt; done: POrchAPIStepDefinitions.SetFraudCheckResponse("Authorize") (0.0s)
And MiddleWare Response is Success
-&gt; done: POrchAPIStepDefinitions.SetMiddlewareResponse("Success") (0.0s)
When POrch Payment API is called
-&gt; done: POrchAPIStepDefinitions.WhenPOrchAPIIsCalled("Payment") (1.1s)
Then the request should return status code 201
-&gt; done: POrchAPIStepDefinitions.ThenTheRequestShouldReturnStatusCode(201) (0.0s)</StdOut>
      </Output>
    </UnitTestResult>
    <UnitTestResult executionId="a8e627ca-5342-43fc-ae9d-738235a612bb" testId="e7d2e063-5684-48de-cbd6-388356d5f6fc" testName="POrchAPI_Transfer_Invalid_Amount_Field_Return_Error (testAmount,400,)" computerName="ip-10-130-163-242" duration="00:00:00.0132101" startTime="2025-09-05T12:26:26.6956012+12:00" endTime="2025-09-05T12:26:26.7093375+12:00" testType="13cdc9d9-ddb5-4fa4-a97d-d965ccfc6d4b" outcome="Passed" testListId="8c84fa94-04c1-424b-9868-57a2d4851a1d" relativeResultsDirectory="a8e627ca-5342-43fc-ae9d-738235a612bb">
      <Output>
        <StdOut>[2025-09-05 12:26:26 INF] Starting Test Execution: POrchAPI_Transfer_Invalid_Amount_Field_Return_Error:["[AmountValue, testAmount]","[StatusCode, 400]"]
[2025-09-05 12:26:26 INF] Finished Test Execution: POrchAPI_Transfer_Invalid_Amount_Field_Return_Error
[2025-09-05 12:26:26 INF] ---------------------------------------------------



TestContext Messages:
Given a POrch TransferRequest is created
-&gt; done: POrchAPIStepDefinitions.GivenAPOrchTransferRequestIsCreated() (0.0s)
And the Transfer Amount Field is testAmount
-&gt; done: POrchAPIStepDefinitions.WhenTheAcountFieldIs("Transfer", "testAmount") (0.0s)
When POrch Transfer API is called
-&gt; done: POrchAPIStepDefinitions.WhenPOrchAPIIsCalled("Transfer") (0.0s)
Then the request should return status code 400
-&gt; done: POrchAPIStepDefinitions.ThenTheRequestShouldReturnStatusCode(400) (0.0s)</StdOut>
      </Output>
    </UnitTestResult>
    <UnitTestResult executionId="29306442-9987-448a-8850-e0a592fc6f62" testId="f76b3f32-ad31-efe4-5487-c23eb6b9c7da" testName="POrchAPI_PAS_Retries (503,,)" computerName="ip-10-130-163-242" duration="00:00:01.1334094" startTime="2025-09-05T12:25:06.8142541+12:00" endTime="2025-09-05T12:25:07.9478375+12:00" testType="13cdc9d9-ddb5-4fa4-a97d-d965ccfc6d4b" outcome="Passed" testListId="8c84fa94-04c1-424b-9868-57a2d4851a1d" relativeResultsDirectory="29306442-9987-448a-8850-e0a592fc6f62">
      <Output>
        <StdOut>[2025-09-05 12:25:06 INF] Starting Test Execution: POrchAPI_PAS_Retries:["[ErrorCode, 503]"]
[2025-09-05 12:25:06 INF] Successfully created map FraudcheckMock_Decline_5a3fdc28-4418-4dde-8f10-ac2acd009490 for /api/v1/financial-transaction-fraud-checks
[2025-09-05 12:25:06 INF] Successfully created map PASSuccess_71f41bcb-34bf-45be-bb02-a806a0af0645 for /v2/activities
[2025-09-05 12:25:06 INF] Successfully created map PASErrorResponse_503_0d16f0ff-02f3-471a-a4b9-cff8bc61c817_1 for /v2/activities
[2025-09-05 12:25:07 INF] Response has PaymentId: b88c8b82-3086-4c3b-991a-2943e389c077
[2025-09-05 12:25:07 INF] Finished Test Execution: POrchAPI_PAS_Retries
[2025-09-05 12:25:07 INF] ---------------------------------------------------



TestContext Messages:
Given a POrch PaymentRequest is created
-&gt; done: POrchAPIStepDefinitions.GivenAPOrchPaymentRequestIsCreated() (0.0s)
And FraudCheck Response is Decline
-&gt; done: POrchAPIStepDefinitions.SetFraudCheckResponse("Decline") (0.0s)
And the PAS mock response will return 503 then 200
-&gt; done: POrchAPIStepDefinitions.GivenThePASMockResponseWillReturnThen("503") (0.5s)
When POrch Payment API is called
-&gt; done: POrchAPIStepDefinitions.WhenPOrchAPIIsCalled("Payment") (0.6s)
Then the request should return status code 409
-&gt; done: POrchAPIStepDefinitions.ThenTheRequestShouldReturnStatusCode(409) (0.0s)
And there are 1 calls to the PASErrorResponse mock
-&gt; done: POrchAPIStepDefinitions.ThenThereAreCallsToThePasMock(1, "PASErrorResponse") (0.0s)
And there are 1 calls to the PASSuccess mock
-&gt; done: POrchAPIStepDefinitions.ThenThereAreCallsToThePasMock(1, "PASSuccess") (0.0s)</StdOut>
      </Output>
    </UnitTestResult>
    <UnitTestResult executionId="bbd98164-8899-4e85-af47-72e7413da1c5" testId="eebc9ed1-f2e7-45fc-4115-381dd920666a" testName="POrchAPI_TMVToUltracs_Valid_Debtor_Code_Return_Success (()+$*!;-/?:,201,)" computerName="ip-10-130-163-242" duration="00:00:01.0929208" startTime="2025-09-05T12:26:03.7595147+12:00" endTime="2025-09-05T12:26:04.8525715+12:00" testType="13cdc9d9-ddb5-4fa4-a97d-d965ccfc6d4b" outcome="Passed" testListId="8c84fa94-04c1-424b-9868-57a2d4851a1d" relativeResultsDirectory="bbd98164-8899-4e85-af47-72e7413da1c5">
      <Output>
        <StdOut>[2025-09-05 12:26:03 INF] Starting Test Execution: POrchAPI_TMVToUltracs_Valid_Debtor_Code_Return_Success:["[DebtorCodeValue, ()+$*!;-/?:]","[StatusCode, 201]"]
[2025-09-05 12:26:03 INF] Mocks are not ready after 1 / 5 attempt(s). Expected 2 mock(s) to be registered with the manager and got 0.
[2025-09-05 12:26:03 INF] Successfully created map AdpsMock_Success_88815f37-08a7-4872-b2b5-e490eea136a4 for /api/v1/payment-instruction/domestic/immediate
[2025-09-05 12:26:03 INF] Successfully created map MiddlewareMock_Success_398c93fe-792c-497a-bf75-87feba498297 for /initialisepaymentorder/basic
[2025-09-05 12:26:04 INF] Response has PaymentId: 0451aacf-f142-4d34-8513-3181304deefa
[2025-09-05 12:26:04 INF] Finished Test Execution: POrchAPI_TMVToUltracs_Valid_Debtor_Code_Return_Success
[2025-09-05 12:26:04 INF] ---------------------------------------------------



TestContext Messages:
Given a TMV to Ultracs POrch TransferRequest is created
-&gt; done: POrchAPIStepDefinitions.ConditionalPOrchTransferRequestIsCreated("TMV", "Ultracs") (0.0s)
And the Transfer Debtor Code is ()+$*!;-/?:
-&gt; done: POrchAPIStepDefinitions.WhenTheDebtorCodeIs("Transfer", "()+$*!;-/?:") (0.0s)
And ADPS Response is Success
-&gt; done: POrchAPIStepDefinitions.SetAdpsResponse("Success") (0.0s)
And MiddleWare Response is Success
-&gt; done: POrchAPIStepDefinitions.SetMiddlewareResponse("Success") (0.0s)
When POrch Transfer API is called
-&gt; done: POrchAPIStepDefinitions.WhenPOrchAPIIsCalled("Transfer") (1.1s)
Then the request should return status code 201
-&gt; done: POrchAPIStepDefinitions.ThenTheRequestShouldReturnStatusCode(201) (0.0s)</StdOut>
      </Output>
    </UnitTestResult>
    <UnitTestResult executionId="23bd8bd9-b4a2-442d-ac32-cc8c24d8875d" testId="f4b229a2-a8b7-144d-7478-c2badca0b648" testName="POrchAPI_Invalid_Debtor_Code_Return_Error (abcdefghijklmnsey,400,)" computerName="ip-10-130-163-242" duration="00:00:00.0080439" startTime="2025-09-05T12:25:02.8277146+12:00" endTime="2025-09-05T12:25:02.8358722+12:00" testType="13cdc9d9-ddb5-4fa4-a97d-d965ccfc6d4b" outcome="Passed" testListId="8c84fa94-04c1-424b-9868-57a2d4851a1d" relativeResultsDirectory="23bd8bd9-b4a2-442d-ac32-cc8c24d8875d">
      <Output>
        <StdOut>[2025-09-05 12:25:02 INF] Starting Test Execution: POrchAPI_Invalid_Debtor_Code_Return_Error:["[DebtorCodeValue, abcdefghijklmnsey]","[StatusCode, 400]"]
[2025-09-05 12:25:02 INF] Finished Test Execution: POrchAPI_Invalid_Debtor_Code_Return_Error
[2025-09-05 12:25:02 INF] ---------------------------------------------------



TestContext Messages:
Given a POrch PaymentRequest is created
-&gt; done: POrchAPIStepDefinitions.GivenAPOrchPaymentRequestIsCreated() (0.0s)
And the Payment Debtor Code is abcdefghijklmnsey
-&gt; done: POrchAPIStepDefinitions.WhenTheDebtorCodeIs("Payment", "abcdefghijklmnsey") (0.0s)
When POrch Payment API is called
-&gt; done: POrchAPIStepDefinitions.WhenPOrchAPIIsCalled("Payment") (0.0s)
Then the request should return status code 400
-&gt; done: POrchAPIStepDefinitions.ThenTheRequestShouldReturnStatusCode(400) (0.0s)</StdOut>
      </Output>
    </UnitTestResult>
    <UnitTestResult executionId="1f9ab006-7d11-432b-b774-81fc191e00c4" testId="46370a69-f762-494a-36ea-c68ad69179c4" testName="POrchAPI_Negative_MiddleWare_Response_409 (AccountNumberIsInvalidForTransactionTypeError,409,)" computerName="ip-10-130-163-242" duration="00:00:01.1071852" startTime="2025-09-05T12:24:33.9472705+12:00" endTime="2025-09-05T12:24:35.0546808+12:00" testType="13cdc9d9-ddb5-4fa4-a97d-d965ccfc6d4b" outcome="Passed" testListId="8c84fa94-04c1-424b-9868-57a2d4851a1d" relativeResultsDirectory="1f9ab006-7d11-432b-b774-81fc191e00c4">
      <Output>
        <StdOut>[2025-09-05 12:24:33 INF] Starting Test Execution: POrchAPI_Negative_MiddleWare_Response_409:["[Result, AccountNumberIsInvalidForTransactionTypeError]","[StatusCode, 409]"]
[2025-09-05 12:24:33 INF] Mocks are not ready after 1 / 5 attempt(s). Expected 2 mock(s) to be registered with the manager and got 0.
[2025-09-05 12:24:33 INF] Successfully created map FraudcheckMock_Authorize_b29f6907-d454-4a72-9f47-571973cbec96 for /api/v1/financial-transaction-fraud-checks
[2025-09-05 12:24:33 INF] Successfully created map MiddlewareMock_AccountNumberIsInvalidForTransactionTypeError_4fe81770-91ce-4aa8-9e1b-0c8933727192 for /initialisepaymentorder/basic
[2025-09-05 12:24:35 INF] Response has PaymentId: 64656022-d4e4-4ec4-a464-52299f705531
[2025-09-05 12:24:35 INF] Finished Test Execution: POrchAPI_Negative_MiddleWare_Response_409
[2025-09-05 12:24:35 INF] ---------------------------------------------------



TestContext Messages:
Given a POrch PaymentRequest is created
-&gt; done: POrchAPIStepDefinitions.GivenAPOrchPaymentRequestIsCreated() (0.0s)
And FraudCheck Response is Authorize
-&gt; done: POrchAPIStepDefinitions.SetFraudCheckResponse("Authorize") (0.0s)
And MiddleWare Response is AccountNumberIsInvalidForTransactionTypeError
-&gt; done: POrchAPIStepDefinitions.SetMiddlewareResponse("AccountNumberIsIn...") (0.0s)
When POrch Payment API is called
-&gt; done: POrchAPIStepDefinitions.WhenPOrchAPIIsCalled("Payment") (1.1s)
Then the request should return status code 409
-&gt; done: POrchAPIStepDefinitions.ThenTheRequestShouldReturnStatusCode(409) (0.0s)</StdOut>
      </Output>
    </UnitTestResult>
    <UnitTestResult executionId="91b13ded-11e2-4cd3-8ca9-6b1bd56b6a8f" testId="d237d2eb-6f05-5bfd-e442-cd9c40ea90e7" testName="POrchNRT_Unsuccessful_Response_From_NRT (PaymentNrtUnauthorized,,)" computerName="ip-10-130-163-242" duration="00:00:00.0540074" startTime="2025-09-05T12:25:03.9189273+12:00" endTime="2025-09-05T12:25:03.9731044+12:00" testType="13cdc9d9-ddb5-4fa4-a97d-d965ccfc6d4b" outcome="Passed" testListId="8c84fa94-04c1-424b-9868-57a2d4851a1d" relativeResultsDirectory="91b13ded-11e2-4cd3-8ca9-6b1bd56b6a8f">
      <Output>
        <StdOut>[2025-09-05 12:25:03 INF] Starting Test Execution: POrchNRT_Unsuccessful_Response_From_NRT:["[result, PaymentNrtUnauthorized]"]
[2025-09-05 12:25:03 INF] Executed DbCommand (0ms) [Parameters=[], CommandType='Text', CommandTimeout='30']
SELECT n.id, n.attempts, n.created_at, n.payment_id, n.status, n.updated_at
FROM net.nrt_outbox AS n
WHERE n.attempts &gt;= 0
[2025-09-05 12:25:03 INF] Executed DbCommand (1ms) [Parameters=[@p0='?' (DbType = Guid)], CommandType='Text', CommandTimeout='30']
DELETE FROM net.nrt_outbox
WHERE id = @p0;
[2025-09-05 12:25:03 INF] Executed DbCommand (1ms) [Parameters=[@p0='?' (DbType = Guid), @p1='?', @p2='?' (DbType = Decimal), @p3='?' (DbType = DateTime), @p4='?', @p5='?', @p6='?', @p7='?', @p8='?' (DbType = Object), @p9='?' (DbType = Object), @p10='?', @p11='?', @p12='?', @p13='?', @p14='?' (DbType = Object), @p15='?' (DbType = Object), @p16='?' (DbType = Object), @p17='?' (DbType = DateTime), @p18='?' (DbType = Object), @p19='?' (DbType = DateTime), @p20='?' (DbType = Guid), @p21='?' (DbType = Int32), @p22='?' (DbType = DateTime), @p23='?' (DbType = Guid), @p24='?' (DbType = Object), @p25='?' (DbType = DateTime)], CommandType='Text', CommandTimeout='30']
INSERT INTO net.payment (id, access_number, amount, created_at, creditor_account_code, creditor_account_number, creditor_account_particulars, creditor_account_reference, creditor_account_source, currency, debtor_account_code, debtor_account_number, debtor_account_particulars, debtor_account_reference, debtor_account_source, fraud_check_disposition, payment_type, processed_at, status, updated_at)
VALUES (@p0, @p1, @p2, @p3, @p4, @p5, @p6, @p7, @p8, @p9, @p10, @p11, @p12, @p13, @p14, @p15, @p16, @p17, @p18, @p19);
INSERT INTO net.nrt_outbox (id, attempts, created_at, payment_id, status, updated_at)
VALUES (@p20, @p21, @p22, @p23, @p24, @p25);
[2025-09-05 12:25:03 INF] Successfully created map FraudCheckNRTMock_PaymentNrtUnauthorized_3c92f079-7765-4665-970e-1a2c99d7ade9 for /api/v1/financial-transaction-fraud-checks/f8b7190e-6173-44e3-a1a3-9c113d33a000
[2025-09-05 12:25:03 INF] Executed DbCommand (1ms) [Parameters=[@__p_0='?' (DbType = Guid)], CommandType='Text', CommandTimeout='30']
SELECT n.id, n.attempts, n.created_at, n.payment_id, n.status, n.updated_at
FROM net.nrt_outbox AS n
WHERE n.id = @__p_0
LIMIT 1
[2025-09-05 12:25:03 INF] Finished Test Execution: POrchNRT_Unsuccessful_Response_From_NRT
[2025-09-05 12:25:03 INF] ---------------------------------------------------



TestContext Messages:
Given The NRT table is clean
-&gt; done: POrchAPIStepDefinitions.GivenTheNrtTableIsClean() (0.0s)
And there is an NRT entry with payment successful to process
-&gt; done: POrchAPIStepDefinitions.GivenThereIsAnNrtEntryToProcess("successful") (0.0s)
And the NRT entry should be processed with PaymentNrtUnauthorized
-&gt; done: POrchAPIStepDefinitions.GivenTheNrtEntryShouldBeProcessedWithUnsuccessfulResult("PaymentNrtUnautho...") (0.0s)
When the NRT Processor Has Run for at most 1 entry
-&gt; done: POrchAPIStepDefinitions.WhenTheNrtProcessorHasRunForAtMostXEntry(1) (0.0s)
Then the NRT entry has status NotSent
-&gt; done: POrchAPIStepDefinitions.ThenTheNrtEntryHasStatus("NotSent") (0.0s)</StdOut>
      </Output>
    </UnitTestResult>
    <UnitTestResult executionId="91349413-b18a-4c5d-9261-9054a4ffa3ad" testId="032f12d0-722f-e4e5-5e5f-09b7a65d8a24" testName="POrchAPI_Negative_FraudCheck_Success_Middleware_Response (Refer,201,)" computerName="ip-10-130-163-242" duration="00:00:01.0690974" startTime="2025-09-05T12:24:40.4717035+12:00" endTime="2025-09-05T12:24:41.5409700+12:00" testType="13cdc9d9-ddb5-4fa4-a97d-d965ccfc6d4b" outcome="Passed" testListId="8c84fa94-04c1-424b-9868-57a2d4851a1d" relativeResultsDirectory="91349413-b18a-4c5d-9261-9054a4ffa3ad">
      <Output>
        <StdOut>[2025-09-05 12:24:40 INF] Starting Test Execution: POrchAPI_Negative_FraudCheck_Success_Middleware_Response:["[Result, Refer]","[StatusCode, 201]"]
[2025-09-05 12:24:40 INF] Successfully created map FraudcheckMock_Refer_ed1b8e4b-fa01-42f6-95b1-078a4baf12d6 for /api/v1/financial-transaction-fraud-checks
[2025-09-05 12:24:40 INF] Mocks are not ready after 1 / 5 attempt(s). Expected 3 mock(s) to be registered with the manager and got 1.
[2025-09-05 12:24:40 INF] Successfully created map MiddlewareMock_Success_e5d697e8-4fb3-4fee-b1a8-f94168c9d610 for /initialisepaymentorder/basic
[2025-09-05 12:24:40 INF] Successfully created map PartyActivityServiceMock_Created_9e4eedb7-1954-4830-b8e1-8b5782f82b83 for /v2/activities
[2025-09-05 12:24:41 INF] Response has PaymentId: 2e3d3030-0d1e-4824-b5ea-afc919a3346a
[2025-09-05 12:24:41 INF] Finished Test Execution: POrchAPI_Negative_FraudCheck_Success_Middleware_Response
[2025-09-05 12:24:41 INF] ---------------------------------------------------



TestContext Messages:
Given a POrch PaymentRequest is created
-&gt; done: POrchAPIStepDefinitions.GivenAPOrchPaymentRequestIsCreated() (0.0s)
And FraudCheck Response is Refer
-&gt; done: POrchAPIStepDefinitions.SetFraudCheckResponse("Refer") (0.0s)
And MiddleWare Response is Success
-&gt; done: POrchAPIStepDefinitions.SetMiddlewareResponse("Success") (0.0s)
And the PAS response is Created
-&gt; done: POrchAPIStepDefinitions.ThePasResponseIs("Created") (0.0s)
When POrch Payment API is called
-&gt; done: POrchAPIStepDefinitions.WhenPOrchAPIIsCalled("Payment") (1.1s)
Then the request should return status code 201
-&gt; done: POrchAPIStepDefinitions.ThenTheRequestShouldReturnStatusCode(201) (0.0s)</StdOut>
      </Output>
    </UnitTestResult>
    <UnitTestResult executionId="4d298d8d-017d-4d4a-ba3c-9c14dc1293a2" testId="487b5447-1e0e-25cb-4f41-b1e89c7b33b5" testName="POrchAPI_TMVToTMV_Valid_Debtor_Particulars_Return_Success (=@#_%,.,201,)" computerName="ip-10-130-163-242" duration="00:00:01.0651314" startTime="2025-09-05T12:25:46.5411915+12:00" endTime="2025-09-05T12:25:47.6064596+12:00" testType="13cdc9d9-ddb5-4fa4-a97d-d965ccfc6d4b" outcome="Passed" testListId="8c84fa94-04c1-424b-9868-57a2d4851a1d" relativeResultsDirectory="4d298d8d-017d-4d4a-ba3c-9c14dc1293a2">
      <Output>
        <StdOut>[2025-09-05 12:25:46 INF] Starting Test Execution: POrchAPI_TMVToTMV_Valid_Debtor_Particulars_Return_Success:["[DebtorParticularsValue, =@#_%,.]","[StatusCode, 201]"]
[2025-09-05 12:25:46 INF] Mocks are not ready after 1 / 5 attempt(s). Expected 1 mock(s) to be registered with the manager and got 0.
[2025-09-05 12:25:46 INF] Successfully created map AdpsMock_Success_72db2f6e-faef-4545-af89-03daaac7e71f for /api/v1/payment-instruction/domestic/immediate
[2025-09-05 12:25:47 INF] Response has PaymentId: 6e97ff45-f5fe-46ad-ae6e-e12971b484cb
[2025-09-05 12:25:47 INF] Finished Test Execution: POrchAPI_TMVToTMV_Valid_Debtor_Particulars_Return_Success
[2025-09-05 12:25:47 INF] ---------------------------------------------------



TestContext Messages:
Given a TMV to TMV POrch TransferRequest is created
-&gt; done: POrchAPIStepDefinitions.ConditionalPOrchTransferRequestIsCreated("TMV", "TMV") (0.0s)
And the Transfer Debtor particulars is =@#_%,.
-&gt; done: POrchAPIStepDefinitions.WhenTheDebtorParticularsIs("Transfer", "=@#_%,.") (0.0s)
And ADPS Response is Success
-&gt; done: POrchAPIStepDefinitions.SetAdpsResponse("Success") (0.0s)
When POrch Transfer API is called
-&gt; done: POrchAPIStepDefinitions.WhenPOrchAPIIsCalled("Transfer") (1.1s)
Then the request should return status code 201
-&gt; done: POrchAPIStepDefinitions.ThenTheRequestShouldReturnStatusCode(201) (0.0s)</StdOut>
      </Output>
    </UnitTestResult>
    <UnitTestResult executionId="1addcdcf-8cbc-41a2-a99f-c9e5f0c2fb53" testId="e25d25bf-2450-37f1-6624-51c474e177b5" testName="POrchAPI_UltracsToTMV_Negative_MiddleWare_Response_409 (AccountDetectionFailedError,409,)" computerName="ip-10-130-163-242" startTime="2025-09-05T12:26:26.6944281+12:00" endTime="2025-09-05T12:26:26.6944548+12:00" testType="13cdc9d9-ddb5-4fa4-a97d-d965ccfc6d4b" outcome="NotExecuted" testListId="8c84fa94-04c1-424b-9868-57a2d4851a1d" relativeResultsDirectory="1addcdcf-8cbc-41a2-a99f-c9e5f0c2fb53">
      <Output></Output>
    </UnitTestResult>
    <UnitTestResult executionId="b0b6777f-82e0-4dae-ac35-74559665f921" testId="84215482-1639-cb06-f54a-780c0a44f94d" testName="POrchAPI_Transfer_Invalid_Creditor_Account_Source_Return_Error (&quot;&quot;,400,'CreditorAccountSource' can only be Ultracs or TMV for transfers.,)" computerName="ip-10-130-163-242" duration="00:00:00.0077070" startTime="2025-09-05T12:26:27.0416773+12:00" endTime="2025-09-05T12:26:27.0495249+12:00" testType="13cdc9d9-ddb5-4fa4-a97d-d965ccfc6d4b" outcome="Passed" testListId="8c84fa94-04c1-424b-9868-57a2d4851a1d" relativeResultsDirectory="b0b6777f-82e0-4dae-ac35-74559665f921">
      <Output>
        <StdOut>[2025-09-05 12:26:27 INF] Starting Test Execution: POrchAPI_Transfer_Invalid_Creditor_Account_Source_Return_Error:["[AccountSource, \"\"]","[StatusCode, 400]","[ErrorMessage, 'CreditorAccountSource' can only be Ultracs or TMV for transfers.]"]
[2025-09-05 12:26:27 INF] Finished Test Execution: POrchAPI_Transfer_Invalid_Creditor_Account_Source_Return_Error
[2025-09-05 12:26:27 INF] ---------------------------------------------------



TestContext Messages:
Given a POrch TransferRequest is created
-&gt; done: POrchAPIStepDefinitions.GivenAPOrchTransferRequestIsCreated() (0.0s)
And the transfer Creditor Account Source is ""
-&gt; done: POrchAPIStepDefinitions.GivenTheTransferCreditorAccountSourceIs("""") (0.0s)
When POrch Transfer API is called
-&gt; done: POrchAPIStepDefinitions.WhenPOrchAPIIsCalled("Transfer") (0.0s)
Then the request should return status code 400
-&gt; done: POrchAPIStepDefinitions.ThenTheRequestShouldReturnStatusCode(400) (0.0s)
And the error message should be 'CreditorAccountSource' can only be Ultracs or TMV for transfers.
-&gt; done: POrchAPIStepDefinitions.ThenTheErrorMessageShouldBeErrorMessage("'CreditorAccountS...") (0.0s)</StdOut>
      </Output>
    </UnitTestResult>
    <UnitTestResult executionId="c98dd379-49c0-4787-8355-899dcff8305f" testId="2fecca67-338e-25c3-05f8-daf7beebf1e8" testName="POrchAPI_Transfer_Invalid_Debtor_Account_Source_Return_Error (ULTRCS,400,'DebtorAccountSource' can only be Ultracs or TMV for transfers.,)" computerName="ip-10-130-163-242" duration="00:00:00.0072572" startTime="2025-09-05T12:26:26.9792397+12:00" endTime="2025-09-05T12:26:26.9866039+12:00" testType="13cdc9d9-ddb5-4fa4-a97d-d965ccfc6d4b" outcome="Passed" testListId="8c84fa94-04c1-424b-9868-57a2d4851a1d" relativeResultsDirectory="c98dd379-49c0-4787-8355-899dcff8305f">
      <Output>
        <StdOut>[2025-09-05 12:26:26 INF] Starting Test Execution: POrchAPI_Transfer_Invalid_Debtor_Account_Source_Return_Error:["[AccountSource, ULTRCS]","[StatusCode, 400]","[ErrorMessage, 'DebtorAccountSource' can only be Ultracs or TMV for transfers.]"]
[2025-09-05 12:26:26 INF] Finished Test Execution: POrchAPI_Transfer_Invalid_Debtor_Account_Source_Return_Error
[2025-09-05 12:26:26 INF] ---------------------------------------------------



TestContext Messages:
Given a POrch TransferRequest is created
-&gt; done: POrchAPIStepDefinitions.GivenAPOrchTransferRequestIsCreated() (0.0s)
And the transfer Debtor Account Source is ULTRCS
-&gt; done: POrchAPIStepDefinitions.GivenTheTransferDebtorAccountSourceIs("ULTRCS") (0.0s)
When POrch Transfer API is called
-&gt; done: POrchAPIStepDefinitions.WhenPOrchAPIIsCalled("Transfer") (0.0s)
Then the request should return status code 400
-&gt; done: POrchAPIStepDefinitions.ThenTheRequestShouldReturnStatusCode(400) (0.0s)
And the error message should be 'DebtorAccountSource' can only be Ultracs or TMV for transfers.
-&gt; done: POrchAPIStepDefinitions.ThenTheErrorMessageShouldBeErrorMessage("'DebtorAccountSou...") (0.0s)</StdOut>
      </Output>
    </UnitTestResult>
    <UnitTestResult executionId="a5fef518-2ab3-4164-aafc-75f74bfe5bca" testId="67871900-0900-889d-1aef-49ad77f50ba8" testName="POrchAPI_TMVToTMV_Valid_Creditor_Code_Return_Success (=@#_%,.,201,)" computerName="ip-10-130-163-242" duration="00:00:01.0676961" startTime="2025-09-05T12:25:52.9509389+12:00" endTime="2025-09-05T12:25:54.0187625+12:00" testType="13cdc9d9-ddb5-4fa4-a97d-d965ccfc6d4b" outcome="Passed" testListId="8c84fa94-04c1-424b-9868-57a2d4851a1d" relativeResultsDirectory="a5fef518-2ab3-4164-aafc-75f74bfe5bca">
      <Output>
        <StdOut>[2025-09-05 12:25:52 INF] Starting Test Execution: POrchAPI_TMVToTMV_Valid_Creditor_Code_Return_Success:["[CreditorCodeValue, =@#_%,.]","[StatusCode, 201]"]
[2025-09-05 12:25:52 INF] Mocks are not ready after 1 / 5 attempt(s). Expected 1 mock(s) to be registered with the manager and got 0.
[2025-09-05 12:25:52 INF] Successfully created map AdpsMock_Success_4abc1cde-3e91-496c-882c-2d58bd38e09a for /api/v1/payment-instruction/domestic/immediate
[2025-09-05 12:25:54 INF] Response has PaymentId: 2d046c37-c52c-486b-9050-f0a4e10d6275
[2025-09-05 12:25:54 INF] Finished Test Execution: POrchAPI_TMVToTMV_Valid_Creditor_Code_Return_Success
[2025-09-05 12:25:54 INF] ---------------------------------------------------



TestContext Messages:
Given a TMV to TMV POrch TransferRequest is created
-&gt; done: POrchAPIStepDefinitions.ConditionalPOrchTransferRequestIsCreated("TMV", "TMV") (0.0s)
And the Transfer Creditor Code is =@#_%,.
-&gt; done: POrchAPIStepDefinitions.WhenTheCreditorCodeIs("Transfer", "=@#_%,.") (0.0s)
And ADPS Response is Success
-&gt; done: POrchAPIStepDefinitions.SetAdpsResponse("Success") (0.0s)
When POrch Transfer API is called
-&gt; done: POrchAPIStepDefinitions.WhenPOrchAPIIsCalled("Transfer") (1.1s)
Then the request should return status code 201
-&gt; done: POrchAPIStepDefinitions.ThenTheRequestShouldReturnStatusCode(201) (0.0s)</StdOut>
      </Output>
    </UnitTestResult>
    <UnitTestResult executionId="e75c580b-87bd-487f-a9ea-80b89fd1f531" testId="23b19723-4ec5-2db0-0284-22ee74c1872a" testName="POrchAPI_Negative_MiddleWare_Response_409 (AccountIdentificationInsufficientError,409,)" computerName="ip-10-130-163-242" duration="00:00:01.0900253" startTime="2025-09-05T12:24:32.8569575+12:00" endTime="2025-09-05T12:24:33.9472014+12:00" testType="13cdc9d9-ddb5-4fa4-a97d-d965ccfc6d4b" outcome="Passed" testListId="8c84fa94-04c1-424b-9868-57a2d4851a1d" relativeResultsDirectory="e75c580b-87bd-487f-a9ea-80b89fd1f531">
      <Output>
        <StdOut>[2025-09-05 12:24:32 INF] Starting Test Execution: POrchAPI_Negative_MiddleWare_Response_409:["[Result, AccountIdentificationInsufficientError]","[StatusCode, 409]"]
[2025-09-05 12:24:32 INF] Mocks are not ready after 1 / 5 attempt(s). Expected 2 mock(s) to be registered with the manager and got 0.
[2025-09-05 12:24:32 INF] Successfully created map FraudcheckMock_Authorize_bcf8dfc7-2ab0-4dfd-9573-3747319f2143 for /api/v1/financial-transaction-fraud-checks
[2025-09-05 12:24:32 INF] Successfully created map MiddlewareMock_AccountIdentificationInsufficientError_25633e71-91ca-42e9-b3fc-05b30cb77a8e for /initialisepaymentorder/basic
[2025-09-05 12:24:33 INF] Response has PaymentId: d655cfb6-685c-4113-bb5f-1ea1b07c85a6
[2025-09-05 12:24:33 INF] Finished Test Execution: POrchAPI_Negative_MiddleWare_Response_409
[2025-09-05 12:24:33 INF] ---------------------------------------------------



TestContext Messages:
Given a POrch PaymentRequest is created
-&gt; done: POrchAPIStepDefinitions.GivenAPOrchPaymentRequestIsCreated() (0.0s)
And FraudCheck Response is Authorize
-&gt; done: POrchAPIStepDefinitions.SetFraudCheckResponse("Authorize") (0.0s)
And MiddleWare Response is AccountIdentificationInsufficientError
-&gt; done: POrchAPIStepDefinitions.SetMiddlewareResponse("AccountIdentifica...") (0.0s)
When POrch Payment API is called
-&gt; done: POrchAPIStepDefinitions.WhenPOrchAPIIsCalled("Payment") (1.1s)
Then the request should return status code 409
-&gt; done: POrchAPIStepDefinitions.ThenTheRequestShouldReturnStatusCode(409) (0.0s)</StdOut>
      </Output>
    </UnitTestResult>
    <UnitTestResult executionId="b6f1033d-e862-48d7-9b34-a1ccfe2e8263" testId="1bd5fb5a-9e9f-97ad-4b8a-d3a892f44a91" testName="POrchNRT_Unsuccessful_Response_From_FraudCheck_Successful_From_NRT (Unknown,,)" computerName="ip-10-130-163-242" duration="00:00:00.0796190" startTime="2025-09-05T12:25:04.0767596+12:00" endTime="2025-09-05T12:25:04.1565526+12:00" testType="13cdc9d9-ddb5-4fa4-a97d-d965ccfc6d4b" outcome="Passed" testListId="8c84fa94-04c1-424b-9868-57a2d4851a1d" relativeResultsDirectory="b6f1033d-e862-48d7-9b34-a1ccfe2e8263">
      <Output>
        <StdOut>[2025-09-05 12:25:04 INF] Starting Test Execution: POrchNRT_Unsuccessful_Response_From_FraudCheck_Successful_From_NRT:["[paymentResult, Unknown]"]
[2025-09-05 12:25:04 INF] Executed DbCommand (1ms) [Parameters=[], CommandType='Text', CommandTimeout='30']
SELECT n.id, n.attempts, n.created_at, n.payment_id, n.status, n.updated_at
FROM net.nrt_outbox AS n
WHERE n.attempts &gt;= 0
[2025-09-05 12:25:04 INF] Executed DbCommand (1ms) [Parameters=[@p0='?' (DbType = Guid)], CommandType='Text', CommandTimeout='30']
DELETE FROM net.nrt_outbox
WHERE id = @p0;
[2025-09-05 12:25:04 INF] Executed DbCommand (1ms) [Parameters=[@p0='?' (DbType = Guid), @p1='?', @p2='?' (DbType = Decimal), @p3='?' (DbType = DateTime), @p4='?', @p5='?', @p6='?', @p7='?', @p8='?' (DbType = Object), @p9='?' (DbType = Object), @p10='?', @p11='?', @p12='?', @p13='?', @p14='?' (DbType = Object), @p15='?' (DbType = Object), @p16='?' (DbType = Object), @p17='?' (DbType = DateTime), @p18='?' (DbType = Object), @p19='?' (DbType = DateTime), @p20='?' (DbType = Guid), @p21='?' (DbType = Int32), @p22='?' (DbType = DateTime), @p23='?' (DbType = Guid), @p24='?' (DbType = Object), @p25='?' (DbType = DateTime)], CommandType='Text', CommandTimeout='30']
INSERT INTO net.payment (id, access_number, amount, created_at, creditor_account_code, creditor_account_number, creditor_account_particulars, creditor_account_reference, creditor_account_source, currency, debtor_account_code, debtor_account_number, debtor_account_particulars, debtor_account_reference, debtor_account_source, fraud_check_disposition, payment_type, processed_at, status, updated_at)
VALUES (@p0, @p1, @p2, @p3, @p4, @p5, @p6, @p7, @p8, @p9, @p10, @p11, @p12, @p13, @p14, @p15, @p16, @p17, @p18, @p19);
INSERT INTO net.nrt_outbox (id, attempts, created_at, payment_id, status, updated_at)
VALUES (@p20, @p21, @p22, @p23, @p24, @p25);
[2025-09-05 12:25:04 INF] Successfully created map FraudCheckNRTMock_Success_7a171ef5-e60e-4541-92f5-25f162ff4a55 for /api/v1/financial-transaction-fraud-checks/8c1b8682-35b1-4557-b874-d78d03ab7ed8
[2025-09-05 12:25:04 INF] Executed DbCommand (1ms) [Parameters=[@__p_0='?' (DbType = Guid)], CommandType='Text', CommandTimeout='30']
SELECT n.id, n.attempts, n.created_at, n.payment_id, n.status, n.updated_at
FROM net.nrt_outbox AS n
WHERE n.id = @__p_0
LIMIT 1
[2025-09-05 12:25:04 INF] Finished Test Execution: POrchNRT_Unsuccessful_Response_From_FraudCheck_Successful_From_NRT
[2025-09-05 12:25:04 INF] ---------------------------------------------------



TestContext Messages:
Given The NRT table is clean
-&gt; done: POrchAPIStepDefinitions.GivenTheNrtTableIsClean() (0.0s)
And there is an NRT entry with payment Unknown to process
-&gt; done: POrchAPIStepDefinitions.GivenThereIsAnNrtEntryToProcess("Unknown") (0.0s)
And the NRT entry should be processed successfully
-&gt; done: POrchAPIStepDefinitions.GivenTheNrtEntryShouldBeProcessedSuccessfully() (0.0s)
When the NRT Processor Has Run for at most 1 entry
-&gt; done: POrchAPIStepDefinitions.WhenTheNrtProcessorHasRunForAtMostXEntry(1) (0.1s)
Then the NRT entry has status Sent
-&gt; done: POrchAPIStepDefinitions.ThenTheNrtEntryHasStatus("Sent") (0.0s)</StdOut>
      </Output>
    </UnitTestResult>
    <UnitTestResult executionId="bfbc21be-3865-4f9d-b1d0-87f235b942bd" testId="10f869b5-3f94-9d9b-fca6-ae8470aff83f" testName="POrchAPI_Invalid_Creditor_Particulars_Return_Error (},400,)" computerName="ip-10-130-163-242" duration="00:00:00.0071447" startTime="2025-09-05T12:25:02.8204142+12:00" endTime="2025-09-05T12:25:02.8276768+12:00" testType="13cdc9d9-ddb5-4fa4-a97d-d965ccfc6d4b" outcome="Passed" testListId="8c84fa94-04c1-424b-9868-57a2d4851a1d" relativeResultsDirectory="bfbc21be-3865-4f9d-b1d0-87f235b942bd">
      <Output>
        <StdOut>[2025-09-05 12:25:02 INF] Starting Test Execution: POrchAPI_Invalid_Creditor_Particulars_Return_Error:["[PayeeParticularsValue, }]","[StatusCode, 400]"]
[2025-09-05 12:25:02 INF] Finished Test Execution: POrchAPI_Invalid_Creditor_Particulars_Return_Error
[2025-09-05 12:25:02 INF] ---------------------------------------------------



TestContext Messages:
Given a POrch PaymentRequest is created
-&gt; done: POrchAPIStepDefinitions.GivenAPOrchPaymentRequestIsCreated() (0.0s)
And the Payment Creditor particulars is }
-&gt; done: POrchAPIStepDefinitions.WhenTheCreditorParticularsIs("Payment", "}") (0.0s)
When POrch Payment API is called
-&gt; done: POrchAPIStepDefinitions.WhenPOrchAPIIsCalled("Payment") (0.0s)
Then the request should return status code 400
-&gt; done: POrchAPIStepDefinitions.ThenTheRequestShouldReturnStatusCode(400) (0.0s)</StdOut>
      </Output>
    </UnitTestResult>
    <UnitTestResult executionId="16662089-d1e8-4693-8116-85d6aab973a6" testId="730f96a6-2c95-70cd-5315-1cda5ab862b7" testName="POrchAPI_TMVToTMV_Valid_Debtor_Code_Return_Success (=@#_%,.,201,)" computerName="ip-10-130-163-242" duration="00:00:01.0668679" startTime="2025-09-05T12:25:50.8138080+12:00" endTime="2025-09-05T12:25:51.8808004+12:00" testType="13cdc9d9-ddb5-4fa4-a97d-d965ccfc6d4b" outcome="Passed" testListId="8c84fa94-04c1-424b-9868-57a2d4851a1d" relativeResultsDirectory="16662089-d1e8-4693-8116-85d6aab973a6">
      <Output>
        <StdOut>[2025-09-05 12:25:50 INF] Starting Test Execution: POrchAPI_TMVToTMV_Valid_Debtor_Code_Return_Success:["[DebtorCodeValue, =@#_%,.]","[StatusCode, 201]"]
[2025-09-05 12:25:50 INF] Mocks are not ready after 1 / 5 attempt(s). Expected 1 mock(s) to be registered with the manager and got 0.
[2025-09-05 12:25:50 INF] Successfully created map AdpsMock_Success_0124713b-cfb0-428a-bd9c-2ac13045585e for /api/v1/payment-instruction/domestic/immediate
[2025-09-05 12:25:51 INF] Response has PaymentId: a6d4fec0-5078-482a-a8e3-7db1ebc00feb
[2025-09-05 12:25:51 INF] Finished Test Execution: POrchAPI_TMVToTMV_Valid_Debtor_Code_Return_Success
[2025-09-05 12:25:51 INF] ---------------------------------------------------



TestContext Messages:
Given a TMV to TMV POrch TransferRequest is created
-&gt; done: POrchAPIStepDefinitions.ConditionalPOrchTransferRequestIsCreated("TMV", "TMV") (0.0s)
And the Transfer Debtor Code is =@#_%,.
-&gt; done: POrchAPIStepDefinitions.WhenTheDebtorCodeIs("Transfer", "=@#_%,.") (0.0s)
And ADPS Response is Success
-&gt; done: POrchAPIStepDefinitions.SetAdpsResponse("Success") (0.0s)
When POrch Transfer API is called
-&gt; done: POrchAPIStepDefinitions.WhenPOrchAPIIsCalled("Transfer") (1.1s)
Then the request should return status code 201
-&gt; done: POrchAPIStepDefinitions.ThenTheRequestShouldReturnStatusCode(201) (0.0s)</StdOut>
      </Output>
    </UnitTestResult>
    <UnitTestResult executionId="e6929bb8-f0ff-4acd-875a-75952b6cef2f" testId="bf2ebf86-752e-56e5-3529-0dcee7532d5d" testName="POrchAPI_UltracsUltracs_Transfer_Send_Transfer_Reference_Return_Error (TRANSFER TO MR Test - 00,400,)" computerName="ip-10-130-163-242" duration="00:00:00.0077601" startTime="2025-09-05T12:26:27.1292639+12:00" endTime="2025-09-05T12:26:27.1371127+12:00" testType="13cdc9d9-ddb5-4fa4-a97d-d965ccfc6d4b" outcome="Passed" testListId="8c84fa94-04c1-424b-9868-57a2d4851a1d" relativeResultsDirectory="e6929bb8-f0ff-4acd-875a-75952b6cef2f">
      <Output>
        <StdOut>[2025-09-05 12:26:27 INF] Starting Test Execution: POrchAPI_UltracsUltracs_Transfer_Send_Transfer_Reference_Return_Error:["[TransferRefValue, TRANSFER TO MR Test - 00]","[StatusCode, 400]"]
[2025-09-05 12:26:27 INF] Finished Test Execution: POrchAPI_UltracsUltracs_Transfer_Send_Transfer_Reference_Return_Error
[2025-09-05 12:26:27 INF] ---------------------------------------------------



TestContext Messages:
Given a Ultracs to Ultracs POrch TransferRequest is created
-&gt; done: POrchAPIStepDefinitions.ConditionalPOrchTransferRequestIsCreated("Ultracs", "Ultracs") (0.0s)
And the Transfer Reference is TRANSFER TO MR Test - 00
-&gt; done: POrchAPIStepDefinitions.TheTransferReferenceIs("TRANSFER TO MR Te...") (0.0s)
When POrch Transfer API is called
-&gt; done: POrchAPIStepDefinitions.WhenPOrchAPIIsCalled("Transfer") (0.0s)
Then the request should return status code 400
-&gt; done: POrchAPIStepDefinitions.ThenTheRequestShouldReturnStatusCode(400) (0.0s)</StdOut>
      </Output>
    </UnitTestResult>
    <UnitTestResult executionId="816ab00d-2ac8-461a-8581-eb1dcce50ca7" testId="0ab362cb-d48b-f45c-dc7e-403a2a8556ef" testName="POrchNRT_Unsuccessful_Response_From_FraudCheck_Unsuccessful_From_NRT (PaymentNrtForbidden,,)" computerName="ip-10-130-163-242" duration="00:00:00.0493322" startTime="2025-09-05T12:25:04.2607164+12:00" endTime="2025-09-05T12:25:04.3102195+12:00" testType="13cdc9d9-ddb5-4fa4-a97d-d965ccfc6d4b" outcome="Passed" testListId="8c84fa94-04c1-424b-9868-57a2d4851a1d" relativeResultsDirectory="816ab00d-2ac8-461a-8581-eb1dcce50ca7">
      <Output>
        <StdOut>[2025-09-05 12:25:04 INF] Starting Test Execution: POrchNRT_Unsuccessful_Response_From_FraudCheck_Unsuccessful_From_NRT:["[result, PaymentNrtForbidden]"]
[2025-09-05 12:25:04 INF] Executed DbCommand (0ms) [Parameters=[], CommandType='Text', CommandTimeout='30']
SELECT n.id, n.attempts, n.created_at, n.payment_id, n.status, n.updated_at
FROM net.nrt_outbox AS n
WHERE n.attempts &gt;= 0
[2025-09-05 12:25:04 INF] Executed DbCommand (1ms) [Parameters=[@p0='?' (DbType = Guid)], CommandType='Text', CommandTimeout='30']
DELETE FROM net.nrt_outbox
WHERE id = @p0;
[2025-09-05 12:25:04 INF] Executed DbCommand (1ms) [Parameters=[@p0='?' (DbType = Guid), @p1='?', @p2='?' (DbType = Decimal), @p3='?' (DbType = DateTime), @p4='?', @p5='?', @p6='?', @p7='?', @p8='?' (DbType = Object), @p9='?' (DbType = Object), @p10='?', @p11='?', @p12='?', @p13='?', @p14='?' (DbType = Object), @p15='?' (DbType = Object), @p16='?' (DbType = Object), @p17='?' (DbType = DateTime), @p18='?' (DbType = Object), @p19='?' (DbType = DateTime), @p20='?' (DbType = Guid), @p21='?' (DbType = Int32), @p22='?' (DbType = DateTime), @p23='?' (DbType = Guid), @p24='?' (DbType = Object), @p25='?' (DbType = DateTime)], CommandType='Text', CommandTimeout='30']
INSERT INTO net.payment (id, access_number, amount, created_at, creditor_account_code, creditor_account_number, creditor_account_particulars, creditor_account_reference, creditor_account_source, currency, debtor_account_code, debtor_account_number, debtor_account_particulars, debtor_account_reference, debtor_account_source, fraud_check_disposition, payment_type, processed_at, status, updated_at)
VALUES (@p0, @p1, @p2, @p3, @p4, @p5, @p6, @p7, @p8, @p9, @p10, @p11, @p12, @p13, @p14, @p15, @p16, @p17, @p18, @p19);
INSERT INTO net.nrt_outbox (id, attempts, created_at, payment_id, status, updated_at)
VALUES (@p20, @p21, @p22, @p23, @p24, @p25);
[2025-09-05 12:25:04 INF] Successfully created map FraudCheckNRTMock_PaymentNrtForbidden_b4fecb8f-4a7b-4639-aa8d-7427a518893e for /api/v1/financial-transaction-fraud-checks/a6a5ce76-30db-43fa-9fd3-f8424b6ad6a3
[2025-09-05 12:25:04 INF] Executed DbCommand (1ms) [Parameters=[@__p_0='?' (DbType = Guid)], CommandType='Text', CommandTimeout='30']
SELECT n.id, n.attempts, n.created_at, n.payment_id, n.status, n.updated_at
FROM net.nrt_outbox AS n
WHERE n.id = @__p_0
LIMIT 1
[2025-09-05 12:25:04 INF] Finished Test Execution: POrchNRT_Unsuccessful_Response_From_FraudCheck_Unsuccessful_From_NRT
[2025-09-05 12:25:04 INF] ---------------------------------------------------



TestContext Messages:
Given The NRT table is clean
-&gt; done: POrchAPIStepDefinitions.GivenTheNrtTableIsClean() (0.0s)
And there is an NRT entry with payment FraudFailed to process
-&gt; done: POrchAPIStepDefinitions.GivenThereIsAnNrtEntryToProcess("FraudFailed") (0.0s)
And the NRT entry should be processed with PaymentNrtForbidden
-&gt; done: POrchAPIStepDefinitions.GivenTheNrtEntryShouldBeProcessedWithUnsuccessfulResult("PaymentNrtForbidden") (0.0s)
When the NRT Processor Has Run for at most 1 entry
-&gt; done: POrchAPIStepDefinitions.WhenTheNrtProcessorHasRunForAtMostXEntry(1) (0.0s)
Then the NRT entry has status NotSent
-&gt; done: POrchAPIStepDefinitions.ThenTheNrtEntryHasStatus("NotSent") (0.0s)</StdOut>
      </Output>
    </UnitTestResult>
    <UnitTestResult executionId="b9110380-69a8-4ae2-a8c7-c93bae4ba6f7" testId="def15d37-a46e-6d35-8494-fbad53c206f8" testName="POrchAPI_TMVToUltracs_Valid_Creditor_Reference_Return_Success (()+$*!;-/?:,201,)" computerName="ip-10-130-163-242" duration="00:00:01.0934263" startTime="2025-09-05T12:26:08.1370469+12:00" endTime="2025-09-05T12:26:09.2306466+12:00" testType="13cdc9d9-ddb5-4fa4-a97d-d965ccfc6d4b" outcome="Passed" testListId="8c84fa94-04c1-424b-9868-57a2d4851a1d" relativeResultsDirectory="b9110380-69a8-4ae2-a8c7-c93bae4ba6f7">
      <Output>
        <StdOut>[2025-09-05 12:26:08 INF] Starting Test Execution: POrchAPI_TMVToUltracs_Valid_Creditor_Reference_Return_Success:["[CreditorReferenceValue, ()+$*!;-/?:]","[StatusCode, 201]"]
[2025-09-05 12:26:08 INF] Mocks are not ready after 1 / 5 attempt(s). Expected 2 mock(s) to be registered with the manager and got 0.
[2025-09-05 12:26:08 INF] Successfully created map AdpsMock_Success_466ecb90-88ff-4a24-a88e-6a78c0318e36 for /api/v1/payment-instruction/domestic/immediate
[2025-09-05 12:26:08 INF] Successfully created map MiddlewareMock_Success_8c46d77e-04a8-422c-a97e-271d4ba884c0 for /initialisepaymentorder/basic
[2025-09-05 12:26:09 INF] Response has PaymentId: 05b3c3ef-2b03-455a-8365-0c203b62fbbb
[2025-09-05 12:26:09 INF] Finished Test Execution: POrchAPI_TMVToUltracs_Valid_Creditor_Reference_Return_Success
[2025-09-05 12:26:09 INF] ---------------------------------------------------



TestContext Messages:
Given a TMV to Ultracs POrch TransferRequest is created
-&gt; done: POrchAPIStepDefinitions.ConditionalPOrchTransferRequestIsCreated("TMV", "Ultracs") (0.0s)
And the Transfer Creditor Reference is ()+$*!;-/?:
-&gt; done: POrchAPIStepDefinitions.WhenTheCreditorReferenceIs("Transfer", "()+$*!;-/?:") (0.0s)
And ADPS Response is Success
-&gt; done: POrchAPIStepDefinitions.SetAdpsResponse("Success") (0.0s)
And MiddleWare Response is Success
-&gt; done: POrchAPIStepDefinitions.SetMiddlewareResponse("Success") (0.0s)
When POrch Transfer API is called
-&gt; done: POrchAPIStepDefinitions.WhenPOrchAPIIsCalled("Transfer") (1.1s)
Then the request should return status code 201
-&gt; done: POrchAPIStepDefinitions.ThenTheRequestShouldReturnStatusCode(201) (0.0s)</StdOut>
      </Output>
    </UnitTestResult>
    <UnitTestResult executionId="68ba880f-22d1-43b2-9213-c397580ffe1b" testId="a3c39b41-51e1-a78c-afd1-34265f9d4312" testName="POrchAPI_Invalid_Credit_Account_Return_Error (3800000000000000,400,)" computerName="ip-10-130-163-242" duration="00:00:00.0085733" startTime="2025-09-05T12:25:02.7594461+12:00" endTime="2025-09-05T12:25:02.7681513+12:00" testType="13cdc9d9-ddb5-4fa4-a97d-d965ccfc6d4b" outcome="Passed" testListId="8c84fa94-04c1-424b-9868-57a2d4851a1d" relativeResultsDirectory="68ba880f-22d1-43b2-9213-c397580ffe1b">
      <Output>
        <StdOut>[2025-09-05 12:25:02 INF] Starting Test Execution: POrchAPI_Invalid_Credit_Account_Return_Error:["[CreditAccounValue, 3800000000000000]","[StatusCode, 400]"]
[2025-09-05 12:25:02 INF] Finished Test Execution: POrchAPI_Invalid_Credit_Account_Return_Error
[2025-09-05 12:25:02 INF] ---------------------------------------------------



TestContext Messages:
Given a POrch PaymentRequest is created
-&gt; done: POrchAPIStepDefinitions.GivenAPOrchPaymentRequestIsCreated() (0.0s)
And the Payment Credit Account field is &lt;CreditAccountValue&gt;
-&gt; done: POrchAPIStepDefinitions.WhenTheCreditAccountFieldIs("Payment", "&lt;CreditAccountValue&gt;") (0.0s)
When POrch Payment API is called
-&gt; done: POrchAPIStepDefinitions.WhenPOrchAPIIsCalled("Payment") (0.0s)
Then the request should return status code 400
-&gt; done: POrchAPIStepDefinitions.ThenTheRequestShouldReturnStatusCode(400) (0.0s)</StdOut>
      </Output>
    </UnitTestResult>
    <UnitTestResult executionId="6ed6b18a-d13e-4224-a92a-2bc95cac3813" testId="e93e5a9a-ab06-56d7-b779-cdb7aa605acc" testName="POrchAPI_Middleware_Retries_Correctly (503 with body,201,)" computerName="ip-10-130-163-242" duration="00:00:00.0885640" startTime="2025-09-05T12:25:25.9412851+12:00" endTime="2025-09-05T12:25:26.0299764+12:00" testType="13cdc9d9-ddb5-4fa4-a97d-d965ccfc6d4b" outcome="Passed" testListId="8c84fa94-04c1-424b-9868-57a2d4851a1d" relativeResultsDirectory="6ed6b18a-d13e-4224-a92a-2bc95cac3813">
      <Output>
        <StdOut>[2025-09-05 12:25:25 INF] Starting Test Execution: POrchAPI_Middleware_Retries_Correctly:["[ErrorCode, 503 with body]","[ResponseCode, 201]"]
[2025-09-05 12:25:25 INF] Successfully created map FraudcheckMock_Authorize_f88aeaa0-310e-450c-a29c-976f279c38f8 for /api/v1/financial-transaction-fraud-checks
[2025-09-05 12:25:25 INF] Successfully created map MiddlewareFailure_503 with body_0bc80103-bef2-47f4-bbec-6b7bb393e94f_1 for /initialisepaymentorder/basic
[2025-09-05 12:25:25 INF] Successfully created map MiddlewareSuccess_cae08748-7e61-4dc6-8d23-c558521eb02d for /initialisepaymentorder/basic
[2025-09-05 12:25:26 INF] Response has PaymentId: 85a037f4-6b3a-48a1-9e39-f26f7c3f5167
[2025-09-05 12:25:26 INF] Finished Test Execution: POrchAPI_Middleware_Retries_Correctly
[2025-09-05 12:25:26 INF] ---------------------------------------------------



TestContext Messages:
Given a POrch PaymentRequest is created
-&gt; done: POrchAPIStepDefinitions.GivenAPOrchPaymentRequestIsCreated() (0.0s)
And the credit Account is 389300099302202
-&gt; done: POrchAPIStepDefinitions.WhenTheCreditAccountIs("389300099302202") (0.0s)
And FraudCheck Response is Authorize
-&gt; done: POrchAPIStepDefinitions.SetFraudCheckResponse("Authorize") (0.0s)
And the Middleware responses will be 503 with body then 201
-&gt; done: POrchAPIStepDefinitions.GivenTheMiddlewareResponsesWillBe("503 with body") (0.0s)
When POrch Payment API is called
-&gt; done: POrchAPIStepDefinitions.WhenPOrchAPIIsCalled("Payment") (0.1s)
Then the request should return status code 201
-&gt; done: POrchAPIStepDefinitions.ThenTheRequestShouldReturnStatusCode(201) (0.0s)</StdOut>
      </Output>
    </UnitTestResult>
    <UnitTestResult executionId="a3cc17a2-a68c-49a5-9bfa-92c532f22786" testId="42f258d2-a624-e968-e234-9baaece024e5" testName="POrchAPI_TMVToUltracs_Valid_Debtor_Reference_Return_Success (()+$*!;-/?:,201,)" computerName="ip-10-130-163-242" duration="00:00:01.0897356" startTime="2025-09-05T12:26:10.3241487+12:00" endTime="2025-09-05T12:26:11.4140224+12:00" testType="13cdc9d9-ddb5-4fa4-a97d-d965ccfc6d4b" outcome="Passed" testListId="8c84fa94-04c1-424b-9868-57a2d4851a1d" relativeResultsDirectory="a3cc17a2-a68c-49a5-9bfa-92c532f22786">
      <Output>
        <StdOut>[2025-09-05 12:26:10 INF] Starting Test Execution: POrchAPI_TMVToUltracs_Valid_Debtor_Reference_Return_Success:["[DebtorReferenceValue, ()+$*!;-/?:]","[StatusCode, 201]"]
[2025-09-05 12:26:10 INF] Mocks are not ready after 1 / 5 attempt(s). Expected 2 mock(s) to be registered with the manager and got 0.
[2025-09-05 12:26:10 INF] Successfully created map AdpsMock_Success_c4e4cae6-f521-4569-9732-1aff692f2501 for /api/v1/payment-instruction/domestic/immediate
[2025-09-05 12:26:10 INF] Successfully created map MiddlewareMock_Success_411868a1-81ed-4a97-8b9b-edcd4ab6599d for /initialisepaymentorder/basic
[2025-09-05 12:26:11 INF] Response has PaymentId: 2bd83d12-523c-41dd-86de-739b65b0861a
[2025-09-05 12:26:11 INF] Finished Test Execution: POrchAPI_TMVToUltracs_Valid_Debtor_Reference_Return_Success
[2025-09-05 12:26:11 INF] ---------------------------------------------------



TestContext Messages:
Given a TMV to Ultracs POrch TransferRequest is created
-&gt; done: POrchAPIStepDefinitions.ConditionalPOrchTransferRequestIsCreated("TMV", "Ultracs") (0.0s)
And the Transfer Debtor Reference is ()+$*!;-/?:
-&gt; done: POrchAPIStepDefinitions.WhenTheDebtorReferenceIs("Transfer", "()+$*!;-/?:") (0.0s)
And ADPS Response is Success
-&gt; done: POrchAPIStepDefinitions.SetAdpsResponse("Success") (0.0s)
And MiddleWare Response is Success
-&gt; done: POrchAPIStepDefinitions.SetMiddlewareResponse("Success") (0.0s)
When POrch Transfer API is called
-&gt; done: POrchAPIStepDefinitions.WhenPOrchAPIIsCalled("Transfer") (1.1s)
Then the request should return status code 201
-&gt; done: POrchAPIStepDefinitions.ThenTheRequestShouldReturnStatusCode(201) (0.0s)</StdOut>
      </Output>
    </UnitTestResult>
    <UnitTestResult executionId="e96986b6-abdb-4d6a-8ba5-eddb1d63abd8" testId="39bffd83-9007-e2f4-e442-04d0b842cdea" testName="POrchAPI_Fraud_Retries (500,,)" computerName="ip-10-130-163-242" duration="00:00:01.6455493" startTime="2025-09-05T12:25:14.6266899+12:00" endTime="2025-09-05T12:25:16.2723811+12:00" testType="13cdc9d9-ddb5-4fa4-a97d-d965ccfc6d4b" outcome="Passed" testListId="8c84fa94-04c1-424b-9868-57a2d4851a1d" relativeResultsDirectory="e96986b6-abdb-4d6a-8ba5-eddb1d63abd8">
      <Output>
        <StdOut>[2025-09-05 12:25:14 INF] Starting Test Execution: POrchAPI_Fraud_Retries:["[ErrorCode, 500]"]
[2025-09-05 12:25:14 INF] Mocks are not ready after 1 / 5 attempt(s). Expected 3 mock(s) to be registered with the manager and got 0.
[2025-09-05 12:25:14 INF] Successfully created map FraudErrorResponse_500_3fbb3f0b-fa14-4612-a74e-f7d41c2ad871_1 for /api/v1/financial-transaction-fraud-checks
[2025-09-05 12:25:14 INF] Successfully created map FraudSuccess_ed1355cd-5b83-4004-a827-f678a3eb301c for /api/v1/financial-transaction-fraud-checks
[2025-09-05 12:25:14 INF] Successfully created map MiddlewareMock_Success_85e93964-4c2a-4df6-b1b2-8b00bcbd9709 for /initialisepaymentorder/basic
[2025-09-05 12:25:16 INF] Response has PaymentId: 32595f05-a86c-449f-b951-014dda7efb63
[2025-09-05 12:25:16 INF] Finished Test Execution: POrchAPI_Fraud_Retries
[2025-09-05 12:25:16 INF] ---------------------------------------------------



TestContext Messages:
Given a POrch PaymentRequest is created
-&gt; done: POrchAPIStepDefinitions.GivenAPOrchPaymentRequestIsCreated() (0.0s)
And the credit Account is 389300099302202
-&gt; done: POrchAPIStepDefinitions.WhenTheCreditAccountIs("389300099302202") (0.0s)
And the Fraudcheck mock response will return 500 then 200
-&gt; done: POrchAPIStepDefinitions.GivenTheFraudcheckMockResponseWillReturnThen("500") (0.0s)
And MiddleWare Response is Success
-&gt; done: POrchAPIStepDefinitions.SetMiddlewareResponse("Success") (0.0s)
When POrch Payment API is called
-&gt; done: POrchAPIStepDefinitions.WhenPOrchAPIIsCalled("Payment") (1.6s)
Then the request should return status code 201
-&gt; done: POrchAPIStepDefinitions.ThenTheRequestShouldReturnStatusCode(201) (0.0s)</StdOut>
      </Output>
    </UnitTestResult>
    <UnitTestResult executionId="b3ea0f91-fe1b-47c6-a4b4-7529f4f79d52" testId="619942a7-a80d-eb03-35dd-da59797fd3a6" testName="POrchAPI_UltracsTMV_Transfer_Invalid_Transfer_Reference_Return_Error (TRANSFER FROM MR Test - 00,400,)" computerName="ip-10-130-163-242" duration="00:00:00.0072032" startTime="2025-09-05T12:26:27.0767375+12:00" endTime="2025-09-05T12:26:27.0840617+12:00" testType="13cdc9d9-ddb5-4fa4-a97d-d965ccfc6d4b" outcome="Passed" testListId="8c84fa94-04c1-424b-9868-57a2d4851a1d" relativeResultsDirectory="b3ea0f91-fe1b-47c6-a4b4-7529f4f79d52">
      <Output>
        <StdOut>[2025-09-05 12:26:27 INF] Starting Test Execution: POrchAPI_UltracsTMV_Transfer_Invalid_Transfer_Reference_Return_Error:["[TransferRefValue, TRANSFER FROM MR Test - 00]","[StatusCode, 400]"]
[2025-09-05 12:26:27 INF] Finished Test Execution: POrchAPI_UltracsTMV_Transfer_Invalid_Transfer_Reference_Return_Error
[2025-09-05 12:26:27 INF] ---------------------------------------------------



TestContext Messages:
Given a Ultracs to TMV POrch TransferRequest is created
-&gt; done: POrchAPIStepDefinitions.ConditionalPOrchTransferRequestIsCreated("Ultracs", "TMV") (0.0s)
And the Transfer Reference is TRANSFER FROM MR Test - 00
-&gt; done: POrchAPIStepDefinitions.TheTransferReferenceIs("TRANSFER FROM MR ...") (0.0s)
When POrch Transfer API is called
-&gt; done: POrchAPIStepDefinitions.WhenPOrchAPIIsCalled("Transfer") (0.0s)
Then the request should return status code 400
-&gt; done: POrchAPIStepDefinitions.ThenTheRequestShouldReturnStatusCode(400) (0.0s)</StdOut>
      </Output>
    </UnitTestResult>
    <UnitTestResult executionId="401df9c9-1537-4e3d-a484-884f9cdda4fd" testId="a403b264-2f4d-ef39-f80b-4262b6dfcac5" testName="POrchAPI_TMVToUltracs_Negative_MiddleWare_Response_409 (InvalidBankBranchNumberError,409,)" computerName="ip-10-130-163-242" startTime="2025-09-05T12:26:12.5010184+12:00" endTime="2025-09-05T12:26:12.5010468+12:00" testType="13cdc9d9-ddb5-4fa4-a97d-d965ccfc6d4b" outcome="NotExecuted" testListId="8c84fa94-04c1-424b-9868-57a2d4851a1d" relativeResultsDirectory="401df9c9-1537-4e3d-a484-884f9cdda4fd">
      <Output></Output>
    </UnitTestResult>
    <UnitTestResult executionId="f5486118-1688-46e8-b178-aae8783cca01" testId="37322710-4f83-355d-c165-4ada16078ec2" testName="POrchAPI_Valid_Payee_Reference_Return_Success_Todo (&amp;&lt;&gt;,201,)" computerName="ip-10-130-163-242" startTime="2025-09-05T12:24:53.3821823+12:00" endTime="2025-09-05T12:24:53.3830328+12:00" testType="13cdc9d9-ddb5-4fa4-a97d-d965ccfc6d4b" outcome="NotExecuted" testListId="8c84fa94-04c1-424b-9868-57a2d4851a1d" relativeResultsDirectory="f5486118-1688-46e8-b178-aae8783cca01">
      <Output></Output>
    </UnitTestResult>
    <UnitTestResult executionId="2a8daf99-be46-4e3b-807a-a3f8499e0c81" testId="8dc1d0ae-0d54-54ca-643f-2bdcb01eb030" testName="POrchAPI_Negative_FraudCheck_Success_Middleware_Response (Unknown,201,)" computerName="ip-10-130-163-242" duration="00:00:01.0739248" startTime="2025-09-05T12:24:42.6149896+12:00" endTime="2025-09-05T12:24:43.6891650+12:00" testType="13cdc9d9-ddb5-4fa4-a97d-d965ccfc6d4b" outcome="Passed" testListId="8c84fa94-04c1-424b-9868-57a2d4851a1d" relativeResultsDirectory="2a8daf99-be46-4e3b-807a-a3f8499e0c81">
      <Output>
        <StdOut>[2025-09-05 12:24:42 INF] Starting Test Execution: POrchAPI_Negative_FraudCheck_Success_Middleware_Response:["[Result, Unknown]","[StatusCode, 201]"]
[2025-09-05 12:24:42 INF] Mocks are not ready after 1 / 5 attempt(s). Expected 3 mock(s) to be registered with the manager and got 0.
[2025-09-05 12:24:42 INF] Successfully created map FraudcheckMock_Unknown_0b01c01a-03eb-4e3f-b0fc-ad8a90cbd86f for /api/v1/financial-transaction-fraud-checks
[2025-09-05 12:24:42 INF] Successfully created map MiddlewareMock_Success_1306545e-c8c6-469c-966b-d611acad53a9 for /initialisepaymentorder/basic
[2025-09-05 12:24:42 INF] Successfully created map PartyActivityServiceMock_Created_117a8247-e87f-4474-a3d3-ad14667bf6dc for /v2/activities
[2025-09-05 12:24:43 INF] Response has PaymentId: 83bbfa3c-78fe-4d3f-8253-191e6253d06a
[2025-09-05 12:24:43 INF] Finished Test Execution: POrchAPI_Negative_FraudCheck_Success_Middleware_Response
[2025-09-05 12:24:43 INF] ---------------------------------------------------



TestContext Messages:
Given a POrch PaymentRequest is created
-&gt; done: POrchAPIStepDefinitions.GivenAPOrchPaymentRequestIsCreated() (0.0s)
And FraudCheck Response is Unknown
-&gt; done: POrchAPIStepDefinitions.SetFraudCheckResponse("Unknown") (0.0s)
And MiddleWare Response is Success
-&gt; done: POrchAPIStepDefinitions.SetMiddlewareResponse("Success") (0.0s)
And the PAS response is Created
-&gt; done: POrchAPIStepDefinitions.ThePasResponseIs("Created") (0.0s)
When POrch Payment API is called
-&gt; done: POrchAPIStepDefinitions.WhenPOrchAPIIsCalled("Payment") (1.1s)
Then the request should return status code 201
-&gt; done: POrchAPIStepDefinitions.ThenTheRequestShouldReturnStatusCode(201) (0.0s)</StdOut>
      </Output>
    </UnitTestResult>
    <UnitTestResult executionId="3053b775-e446-4786-a2c4-316f6cbe6f72" testId="bf597c8f-6d88-69fd-7af2-70d0b1b56fa7" testName="POrchAPI_UltracsToTMV_Valid_Debtor_Reference_Return_Success (()+$*!;-/?:,201,)" computerName="ip-10-130-163-242" duration="00:00:01.0987751" startTime="2025-09-05T12:26:24.5090378+12:00" endTime="2025-09-05T12:26:25.6079729+12:00" testType="13cdc9d9-ddb5-4fa4-a97d-d965ccfc6d4b" outcome="Passed" testListId="8c84fa94-04c1-424b-9868-57a2d4851a1d" relativeResultsDirectory="3053b775-e446-4786-a2c4-316f6cbe6f72">
      <Output>
        <StdOut>[2025-09-05 12:26:24 INF] Starting Test Execution: POrchAPI_UltracsToTMV_Valid_Debtor_Reference_Return_Success:["[DebtorReferenceValue, ()+$*!;-/?:]","[StatusCode, 201]"]
[2025-09-05 12:26:24 INF] Mocks are not ready after 1 / 5 attempt(s). Expected 2 mock(s) to be registered with the manager and got 0.
[2025-09-05 12:26:24 INF] Successfully created map AdpsMock_Success_2e3745c8-ce1a-44f9-b36d-ef9d6e7d38a0 for /api/v1/payment-instruction/domestic/immediate
[2025-09-05 12:26:24 INF] Successfully created map MiddlewareMock_Success_75c54e43-507d-43eb-9aa2-33c8f834fe47 for /initialisepaymentorder/basic
[2025-09-05 12:26:25 INF] Response has PaymentId: 11514b87-8dde-4c1a-9ee7-f72af80ef93f
[2025-09-05 12:26:25 INF] Finished Test Execution: POrchAPI_UltracsToTMV_Valid_Debtor_Reference_Return_Success
[2025-09-05 12:26:25 INF] ---------------------------------------------------



TestContext Messages:
Given a Ultracs to TMV POrch TransferRequest is created
-&gt; done: POrchAPIStepDefinitions.ConditionalPOrchTransferRequestIsCreated("Ultracs", "TMV") (0.0s)
And the Transfer Debtor Reference is ()+$*!;-/?:
-&gt; done: POrchAPIStepDefinitions.WhenTheDebtorReferenceIs("Transfer", "()+$*!;-/?:") (0.0s)
And ADPS Response is Success
-&gt; done: POrchAPIStepDefinitions.SetAdpsResponse("Success") (0.0s)
And MiddleWare Response is Success
-&gt; done: POrchAPIStepDefinitions.SetMiddlewareResponse("Success") (0.0s)
When POrch Transfer API is called
-&gt; done: POrchAPIStepDefinitions.WhenPOrchAPIIsCalled("Transfer") (1.1s)
Then the request should return status code 201
-&gt; done: POrchAPIStepDefinitions.ThenTheRequestShouldReturnStatusCode(201) (0.0s)</StdOut>
      </Output>
    </UnitTestResult>
    <UnitTestResult executionId="39519d47-5b93-4369-9ed0-0df2c17f5942" testId="68699688-1432-0773-2a3e-42a9bd29c51d" testName="POrchAPI_Invalid_PAS_Response_Doesnt_Retry (403,,)" computerName="ip-10-130-163-242" duration="00:00:00.5990738" startTime="2025-09-05T12:25:14.0274076+12:00" endTime="2025-09-05T12:25:14.6266383+12:00" testType="13cdc9d9-ddb5-4fa4-a97d-d965ccfc6d4b" outcome="Passed" testListId="8c84fa94-04c1-424b-9868-57a2d4851a1d" relativeResultsDirectory="39519d47-5b93-4369-9ed0-0df2c17f5942">
      <Output>
        <StdOut>[2025-09-05 12:25:14 INF] Starting Test Execution: POrchAPI_Invalid_PAS_Response_Doesn't_Retry:["[PASResponse, 403]"]
[2025-09-05 12:25:14 INF] Successfully created map PASErrorResponse_403_038061ce-580e-4ab7-b410-f710cfe4dafd_1 for /v2/activities
[2025-09-05 12:25:14 INF] Successfully created map PASSuccess_b4fe19b9-157b-45af-b0d1-8ee5a23e5b8a for /v2/activities
[2025-09-05 12:25:14 INF] Successfully created map FraudcheckMock_Decline_f9884919-e13f-4909-b374-4681da7eb174 for /api/v1/financial-transaction-fraud-checks
[2025-09-05 12:25:14 INF] Response has PaymentId: e5a3e921-8d2a-47fd-b214-7ae6d795046e
[2025-09-05 12:25:14 INF] Finished Test Execution: POrchAPI_Invalid_PAS_Response_Doesn't_Retry
[2025-09-05 12:25:14 INF] ---------------------------------------------------



TestContext Messages:
Given a POrch PaymentRequest is created
-&gt; done: POrchAPIStepDefinitions.GivenAPOrchPaymentRequestIsCreated() (0.0s)
And FraudCheck Response is Decline
-&gt; done: POrchAPIStepDefinitions.SetFraudCheckResponse("Decline") (0.0s)
And the PAS mock response will return 403 then 200
-&gt; done: POrchAPIStepDefinitions.GivenThePASMockResponseWillReturnThen("403") (0.5s)
When POrch Payment API is called
-&gt; done: POrchAPIStepDefinitions.WhenPOrchAPIIsCalled("Payment") (0.1s)
Then the request should return status code 409
-&gt; done: POrchAPIStepDefinitions.ThenTheRequestShouldReturnStatusCode(409) (0.0s)
And there are 1 calls to the PASErrorResponse mock
-&gt; done: POrchAPIStepDefinitions.ThenThereAreCallsToThePasMock(1, "PASErrorResponse") (0.0s)</StdOut>
      </Output>
    </UnitTestResult>
    <UnitTestResult executionId="48f5b199-814e-46c7-8073-58969f0e36c4" testId="966c9619-a79f-7ecc-eadf-07d8da635bb8" testName="POrchAPI_Transfer_Invalid_Debtor_Account_Source_Return_Error (TNV,400,'DebtorAccountSource' can only be Ultracs or TMV for transfers.,)" computerName="ip-10-130-163-242" duration="00:00:00.0143452" startTime="2025-09-05T12:26:26.9647648+12:00" endTime="2025-09-05T12:26:26.9792068+12:00" testType="13cdc9d9-ddb5-4fa4-a97d-d965ccfc6d4b" outcome="Passed" testListId="8c84fa94-04c1-424b-9868-57a2d4851a1d" relativeResultsDirectory="48f5b199-814e-46c7-8073-58969f0e36c4">
      <Output>
        <StdOut>[2025-09-05 12:26:26 INF] Starting Test Execution: POrchAPI_Transfer_Invalid_Debtor_Account_Source_Return_Error:["[AccountSource, TNV]","[StatusCode, 400]","[ErrorMessage, 'DebtorAccountSource' can only be Ultracs or TMV for transfers.]"]
[2025-09-05 12:26:26 INF] Finished Test Execution: POrchAPI_Transfer_Invalid_Debtor_Account_Source_Return_Error
[2025-09-05 12:26:26 INF] ---------------------------------------------------



TestContext Messages:
Given a POrch TransferRequest is created
-&gt; done: POrchAPIStepDefinitions.GivenAPOrchTransferRequestIsCreated() (0.0s)
And the transfer Debtor Account Source is TNV
-&gt; done: POrchAPIStepDefinitions.GivenTheTransferDebtorAccountSourceIs("TNV") (0.0s)
When POrch Transfer API is called
-&gt; done: POrchAPIStepDefinitions.WhenPOrchAPIIsCalled("Transfer") (0.0s)
Then the request should return status code 400
-&gt; done: POrchAPIStepDefinitions.ThenTheRequestShouldReturnStatusCode(400) (0.0s)
And the error message should be 'DebtorAccountSource' can only be Ultracs or TMV for transfers.
-&gt; done: POrchAPIStepDefinitions.ThenTheErrorMessageShouldBeErrorMessage("'DebtorAccountSou...") (0.0s)</StdOut>
      </Output>
    </UnitTestResult>
    <UnitTestResult executionId="86b996cf-8a79-4064-b1df-1261a0583531" testId="87cd87e7-f8b3-8fec-86a5-3e9d93a6a9b4" testName="POrchAPI_Invalid_Credit_Account_Return_Error (abcdefghijklmnse,400,)" computerName="ip-10-130-163-242" duration="00:00:00.0112563" startTime="2025-09-05T12:25:02.7302185+12:00" endTime="2025-09-05T12:25:02.7416745+12:00" testType="13cdc9d9-ddb5-4fa4-a97d-d965ccfc6d4b" outcome="Passed" testListId="8c84fa94-04c1-424b-9868-57a2d4851a1d" relativeResultsDirectory="86b996cf-8a79-4064-b1df-1261a0583531">
      <Output>
        <StdOut>[2025-09-05 12:25:02 INF] Starting Test Execution: POrchAPI_Invalid_Credit_Account_Return_Error:["[CreditAccounValue, abcdefghijklmnse]","[StatusCode, 400]"]
[2025-09-05 12:25:02 INF] Finished Test Execution: POrchAPI_Invalid_Credit_Account_Return_Error
[2025-09-05 12:25:02 INF] ---------------------------------------------------



TestContext Messages:
Given a POrch PaymentRequest is created
-&gt; done: POrchAPIStepDefinitions.GivenAPOrchPaymentRequestIsCreated() (0.0s)
And the Payment Credit Account field is &lt;CreditAccountValue&gt;
-&gt; done: POrchAPIStepDefinitions.WhenTheCreditAccountFieldIs("Payment", "&lt;CreditAccountValue&gt;") (0.0s)
When POrch Payment API is called
-&gt; done: POrchAPIStepDefinitions.WhenPOrchAPIIsCalled("Payment") (0.0s)
Then the request should return status code 400
-&gt; done: POrchAPIStepDefinitions.ThenTheRequestShouldReturnStatusCode(400) (0.0s)</StdOut>
      </Output>
    </UnitTestResult>
    <UnitTestResult executionId="5ae4642e-d09f-423f-9d9d-5474844fa3ed" testId="0b2452c9-3768-d7b0-b1d6-1659f9a1efa7" testName="POrchAPI_Valid_Creditor_Reference_Return_Success (=@#_%,.,201,)" computerName="ip-10-130-163-242" duration="00:00:01.0744398" startTime="2025-09-05T12:24:21.9658819+12:00" endTime="2025-09-05T12:24:23.0405306+12:00" testType="13cdc9d9-ddb5-4fa4-a97d-d965ccfc6d4b" outcome="Passed" testListId="8c84fa94-04c1-424b-9868-57a2d4851a1d" relativeResultsDirectory="5ae4642e-d09f-423f-9d9d-5474844fa3ed">
      <Output>
        <StdOut>[2025-09-05 12:24:21 INF] Starting Test Execution: POrchAPI_Valid_Creditor_Reference_Return_Success:["[CreditorReferenceValue, =@#_%,.]","[StatusCode, 201]"]
[2025-09-05 12:24:21 INF] Mocks are not ready after 1 / 5 attempt(s). Expected 2 mock(s) to be registered with the manager and got 0.
[2025-09-05 12:24:21 INF] Successfully created map FraudcheckMock_Authorize_0eb49056-1d25-49e7-88f5-b3a2eb21da3b for /api/v1/financial-transaction-fraud-checks
[2025-09-05 12:24:21 INF] Successfully created map MiddlewareMock_Success_8c753d40-4a6c-4989-a196-f1973e7fe94e for /initialisepaymentorder/basic
[2025-09-05 12:24:23 INF] Response has PaymentId: 1a2b8d46-ccd8-44fb-9464-83e162bc9556
[2025-09-05 12:24:23 INF] Finished Test Execution: POrchAPI_Valid_Creditor_Reference_Return_Success
[2025-09-05 12:24:23 INF] ---------------------------------------------------



TestContext Messages:
Given a POrch PaymentRequest is created
-&gt; done: POrchAPIStepDefinitions.GivenAPOrchPaymentRequestIsCreated() (0.0s)
And the Payment Creditor Reference is =@#_%,.
-&gt; done: POrchAPIStepDefinitions.WhenTheCreditorReferenceIs("Payment", "=@#_%,.") (0.0s)
And FraudCheck Response is Authorize
-&gt; done: POrchAPIStepDefinitions.SetFraudCheckResponse("Authorize") (0.0s)
And MiddleWare Response is Success
-&gt; done: POrchAPIStepDefinitions.SetMiddlewareResponse("Success") (0.0s)
When POrch Payment API is called
-&gt; done: POrchAPIStepDefinitions.WhenPOrchAPIIsCalled("Payment") (1.1s)
Then the request should return status code 201
-&gt; done: POrchAPIStepDefinitions.ThenTheRequestShouldReturnStatusCode(201) (0.0s)</StdOut>
      </Output>
    </UnitTestResult>
    <UnitTestResult executionId="a780eb5e-5acf-4959-872a-af4215f0be15" testId="a26ec6f8-6dd9-5136-a9d6-39566670d840" testName="POrchAPI_To_KBAccount_Successful" computerName="ip-10-130-163-242" duration="00:00:04.1161213" startTime="2025-09-05T12:22:12.6586149+12:00" endTime="2025-09-05T12:23:56.9521516+12:00" testType="13cdc9d9-ddb5-4fa4-a97d-d965ccfc6d4b" outcome="Passed" testListId="8c84fa94-04c1-424b-9868-57a2d4851a1d" relativeResultsDirectory="a780eb5e-5acf-4959-872a-af4215f0be15">
      <Output>
        <StdOut>-&gt; Loading plugin /codebuild/output/src2181318594/src/Kiwibank-kb-cap-beb3aadf75d6f51b6f04b4454d78e6dc8b8b86bc/services/payments-orchestrator/src/Testings.Integration.Mocked/bin/Release/net8.0/Reqnroll.MSTest.ReqnrollPlugin.dll
-&gt; Loading plugin /codebuild/output/src2181318594/src/Kiwibank-kb-cap-beb3aadf75d6f51b6f04b4454d78e6dc8b8b86bc/services/payments-orchestrator/src/Testings.Integration.Mocked/bin/Release/net8.0/Reqnroll.Microsoft.Extensions.DependencyInjection.ReqnrollPlugin.dll
-&gt; Loading plugin /codebuild/output/src2181318594/src/Kiwibank-kb-cap-beb3aadf75d6f51b6f04b4454d78e6dc8b8b86bc/services/payments-orchestrator/src/Testings.Integration.Mocked/bin/Release/net8.0/Kiwibank.Payments.PaymentsOrchestrator.Testings.Integration.Mocked.dll
-&gt; Using default config
Test environment accept
[2025-09-05 12:23:53 INF] Starting Test Execution: POrchAPI_To_KBAccount_successful:[]
[2025-09-05 12:23:54 INF] Mocks are not ready after 1 / 5 attempt(s). Expected 2 mock(s) to be registered with the manager and got 0.
[2025-09-05 12:23:54 INF] Successfully created map MiddlewareMock_Success_5b2bbac3-6773-4cee-94e1-a18bac72b300 for /initialisepaymentorder/basic
[2025-09-05 12:23:54 INF] Successfully created map FraudcheckMock_Authorize_045f82f9-0a2b-403b-9601-dec467283031 for /api/v1/financial-transaction-fraud-checks
[2025-09-05 12:23:56 INF] Response has PaymentId: 1a2b9ca2-cb7f-4b19-b8fe-c8faa22e4101
[2025-09-05 12:23:56 INF] Finished Test Execution: POrchAPI_To_KBAccount_successful
[2025-09-05 12:23:56 INF] ---------------------------------------------------



TestContext Messages:
Given a POrch PaymentRequest is created
-&gt; done: POrchAPIStepDefinitions.GivenAPOrchPaymentRequestIsCreated() (0.0s)
And the credit Account is 389300099302202
-&gt; done: POrchAPIStepDefinitions.WhenTheCreditAccountIs("389300099302202") (0.0s)
And FraudCheck Response is Authorize
-&gt; done: POrchAPIStepDefinitions.SetFraudCheckResponse("Authorize") (0.1s)
And MiddleWare Response is Success
-&gt; done: POrchAPIStepDefinitions.SetMiddlewareResponse("Success") (0.0s)
When POrch Payment API is called
-&gt; done: POrchAPIStepDefinitions.WhenPOrchAPIIsCalled("Payment") (2.9s)
Then the request should return status code 201
-&gt; done: POrchAPIStepDefinitions.ThenTheRequestShouldReturnStatusCode(201) (0.0s)</StdOut>
      </Output>
    </UnitTestResult>
    <UnitTestResult executionId="03f5c6aa-1c92-4b3b-9eff-b7736a860928" testId="5f5c9022-b4ac-a4d0-1be9-5e586da98280" testName="POrchAPI_TMVToTMV_Valid_Creditor_Code_Return_Success (()+$*!;-/?:,201,)" computerName="ip-10-130-163-242" duration="00:00:01.0699164" startTime="2025-09-05T12:25:51.8808459+12:00" endTime="2025-09-05T12:25:52.9508982+12:00" testType="13cdc9d9-ddb5-4fa4-a97d-d965ccfc6d4b" outcome="Passed" testListId="8c84fa94-04c1-424b-9868-57a2d4851a1d" relativeResultsDirectory="03f5c6aa-1c92-4b3b-9eff-b7736a860928">
      <Output>
        <StdOut>[2025-09-05 12:25:51 INF] Starting Test Execution: POrchAPI_TMVToTMV_Valid_Creditor_Code_Return_Success:["[CreditorCodeValue, ()+$*!;-/?:]","[StatusCode, 201]"]
[2025-09-05 12:25:51 INF] Mocks are not ready after 1 / 5 attempt(s). Expected 1 mock(s) to be registered with the manager and got 0.
[2025-09-05 12:25:51 INF] Successfully created map AdpsMock_Success_936702b7-a240-4216-ae41-19679b3067e6 for /api/v1/payment-instruction/domestic/immediate
[2025-09-05 12:25:52 INF] Response has PaymentId: e2c867cf-b86b-4366-a80c-b485f21b2e4a
[2025-09-05 12:25:52 INF] Finished Test Execution: POrchAPI_TMVToTMV_Valid_Creditor_Code_Return_Success
[2025-09-05 12:25:52 INF] ---------------------------------------------------



TestContext Messages:
Given a TMV to TMV POrch TransferRequest is created
-&gt; done: POrchAPIStepDefinitions.ConditionalPOrchTransferRequestIsCreated("TMV", "TMV") (0.0s)
And the Transfer Creditor Code is ()+$*!;-/?:
-&gt; done: POrchAPIStepDefinitions.WhenTheCreditorCodeIs("Transfer", "()+$*!;-/?:") (0.0s)
And ADPS Response is Success
-&gt; done: POrchAPIStepDefinitions.SetAdpsResponse("Success") (0.0s)
When POrch Transfer API is called
-&gt; done: POrchAPIStepDefinitions.WhenPOrchAPIIsCalled("Transfer") (1.1s)
Then the request should return status code 201
-&gt; done: POrchAPIStepDefinitions.ThenTheRequestShouldReturnStatusCode(201) (0.0s)</StdOut>
      </Output>
    </UnitTestResult>
    <UnitTestResult executionId="cae9db97-6103-4439-ab1d-dc08137fe13e" testId="06b9dd46-92f8-7409-e110-7dc0c68ab5fd" testName="POrchAPI_Other_Middleware_Responses_Do_Not_Retry (InvalidBankBranchNumberError,409,)" computerName="ip-10-130-163-242" duration="00:00:01.0821645" startTime="2025-09-05T12:25:35.6415229+12:00" endTime="2025-09-05T12:25:36.7238526+12:00" testType="13cdc9d9-ddb5-4fa4-a97d-d965ccfc6d4b" outcome="Passed" testListId="8c84fa94-04c1-424b-9868-57a2d4851a1d" relativeResultsDirectory="cae9db97-6103-4439-ab1d-dc08137fe13e">
      <Output>
        <StdOut>[2025-09-05 12:25:35 INF] Starting Test Execution: POrchAPI_Other_Middleware_Responses_Do_Not_Retry:["[Response, InvalidBankBranchNumberError]","[StatusCode, 409]"]
[2025-09-05 12:25:35 INF] Mocks are not ready after 1 / 5 attempt(s). Expected 3 mock(s) to be registered with the manager and got 0.
[2025-09-05 12:25:35 INF] Successfully created map FraudcheckMock_Authorize_6b04281e-294f-4194-8824-b541eaec1263 for /api/v1/financial-transaction-fraud-checks
[2025-09-05 12:25:35 INF] Successfully created map MiddlewareSuccess_1843db72-0de1-42c0-b90c-8a3fb46a78e9 for /initialisepaymentorder/basic
[2025-09-05 12:25:35 INF] Successfully created map MiddlewareFailure_InvalidBankBranchNumberError_a763a3ba-25b6-4d0c-af3a-dfbe7a666b69_1 for /initialisepaymentorder/basic
[2025-09-05 12:25:36 INF] Response has PaymentId: 64e3c65f-bebc-4289-8cc6-f5467d480036
[2025-09-05 12:25:36 INF] Finished Test Execution: POrchAPI_Other_Middleware_Responses_Do_Not_Retry
[2025-09-05 12:25:36 INF] ---------------------------------------------------



TestContext Messages:
Given a POrch PaymentRequest is created
-&gt; done: POrchAPIStepDefinitions.GivenAPOrchPaymentRequestIsCreated() (0.0s)
And the credit Account is 389300099302202
-&gt; done: POrchAPIStepDefinitions.WhenTheCreditAccountIs("389300099302202") (0.0s)
And FraudCheck Response is Authorize
-&gt; done: POrchAPIStepDefinitions.SetFraudCheckResponse("Authorize") (0.0s)
And the Middleware responses will be InvalidBankBranchNumberError then 201
-&gt; done: POrchAPIStepDefinitions.GivenTheMiddlewareResponsesWillBe("InvalidBankBranch...") (0.0s)
When POrch Payment API is called
-&gt; done: POrchAPIStepDefinitions.WhenPOrchAPIIsCalled("Payment") (1.1s)
Then the request should return status code 409
-&gt; done: POrchAPIStepDefinitions.ThenTheRequestShouldReturnStatusCode(409) (0.0s)</StdOut>
      </Output>
    </UnitTestResult>
    <UnitTestResult executionId="c7ec5669-c370-49d7-b6b2-331860395a32" testId="90f3763a-3900-3afd-f670-8ed70f8a8e9e" testName="POrchAPI_Transfer_Invalid_Credit_Account_Return_Error (38123456789765,400,)" computerName="ip-10-130-163-242" duration="00:00:00.0081641" startTime="2025-09-05T12:26:26.7919076+12:00" endTime="2025-09-05T12:26:26.8001688+12:00" testType="13cdc9d9-ddb5-4fa4-a97d-d965ccfc6d4b" outcome="Passed" testListId="8c84fa94-04c1-424b-9868-57a2d4851a1d" relativeResultsDirectory="c7ec5669-c370-49d7-b6b2-331860395a32">
      <Output>
        <StdOut>[2025-09-05 12:26:26 INF] Starting Test Execution: POrchAPI_Transfer_Invalid_Credit_Account_Return_Error:["[CreditAccounValue, 38123456789765]","[StatusCode, 400]"]
[2025-09-05 12:26:26 INF] Finished Test Execution: POrchAPI_Transfer_Invalid_Credit_Account_Return_Error
[2025-09-05 12:26:26 INF] ---------------------------------------------------



TestContext Messages:
Given a POrch TransferRequest is created
-&gt; done: POrchAPIStepDefinitions.GivenAPOrchTransferRequestIsCreated() (0.0s)
And the Transfer Credit Account field is &lt;CreditAccountValue&gt;
-&gt; done: POrchAPIStepDefinitions.WhenTheCreditAccountFieldIs("Transfer", "&lt;CreditAccountValue&gt;") (0.0s)
When POrch Transfer API is called
-&gt; done: POrchAPIStepDefinitions.WhenPOrchAPIIsCalled("Transfer") (0.0s)
Then the request should return status code 400
-&gt; done: POrchAPIStepDefinitions.ThenTheRequestShouldReturnStatusCode(400) (0.0s)</StdOut>
      </Output>
    </UnitTestResult>
    <UnitTestResult executionId="f371ae39-91ec-4d0c-b773-9f2eee992d59" testId="e960d17e-5a16-1088-2ab9-bd4cbfeb6051" testName="POrchAPI_Various_Amounts_Return_Error_When_Length_Exceeded (12345678901.11,,)" computerName="ip-10-130-163-242" duration="00:00:01.0204485" startTime="2025-09-05T12:24:11.1589492+12:00" endTime="2025-09-05T12:24:12.1797371+12:00" testType="13cdc9d9-ddb5-4fa4-a97d-d965ccfc6d4b" outcome="Passed" testListId="8c84fa94-04c1-424b-9868-57a2d4851a1d" relativeResultsDirectory="f371ae39-91ec-4d0c-b773-9f2eee992d59">
      <Output>
        <StdOut>[2025-09-05 12:24:11 INF] Starting Test Execution: POrchAPI_Various_Amounts_Return_Error_When_Length_Exceeded:["[Amount, 12345678901.11]"]
[2025-09-05 12:24:11 INF] Mocks are not ready after 1 / 5 attempt(s). Expected 2 mock(s) to be registered with the manager and got 0.
[2025-09-05 12:24:11 INF] Successfully created map FraudcheckMock_Authorize_ef2e0d4d-1e23-4ef0-9246-416ca6e516f3 for /api/v1/financial-transaction-fraud-checks
[2025-09-05 12:24:11 INF] Successfully created map MiddlewareMock_Success_5b0b8cc7-bc8f-4414-95b1-f2a175c61b65 for /initialisepaymentorder/basic
[2025-09-05 12:24:12 INF] Finished Test Execution: POrchAPI_Various_Amounts_Return_Error_When_Length_Exceeded
[2025-09-05 12:24:12 INF] ---------------------------------------------------



TestContext Messages:
Given a POrch PaymentRequest is created
-&gt; done: POrchAPIStepDefinitions.GivenAPOrchPaymentRequestIsCreated() (0.0s)
And the Payment Amount Field is 12345678901.11
-&gt; done: POrchAPIStepDefinitions.WhenTheAcountFieldIs("Payment", "12345678901.11") (0.0s)
And FraudCheck Response is Authorize
-&gt; done: POrchAPIStepDefinitions.SetFraudCheckResponse("Authorize") (0.0s)
And MiddleWare Response is Success
-&gt; done: POrchAPIStepDefinitions.SetMiddlewareResponse("Success") (0.0s)
When POrch Payment API is called
-&gt; done: POrchAPIStepDefinitions.WhenPOrchAPIIsCalled("Payment") (1.0s)
Then the request should return status code 400
-&gt; done: POrchAPIStepDefinitions.ThenTheRequestShouldReturnStatusCode(400) (0.0s)</StdOut>
      </Output>
    </UnitTestResult>
    <UnitTestResult executionId="47879d25-046d-42ed-922d-cab716af29a3" testId="67b89cf1-9fd9-82c6-35df-146c899a8938" testName="POrchAPI_Invalid_Debtor_Particulars_Return_Error (abcdefghijklmnsey,400,)" computerName="ip-10-130-163-242" duration="00:00:00.0160345" startTime="2025-09-05T12:25:02.7682121+12:00" endTime="2025-09-05T12:25:02.7843851+12:00" testType="13cdc9d9-ddb5-4fa4-a97d-d965ccfc6d4b" outcome="Passed" testListId="8c84fa94-04c1-424b-9868-57a2d4851a1d" relativeResultsDirectory="47879d25-046d-42ed-922d-cab716af29a3">
      <Output>
        <StdOut>[2025-09-05 12:25:02 INF] Starting Test Execution: POrchAPI_Invalid_Debtor_Particulars_Return_Error:["[PayerParticularsValue, abcdefghijklmnsey]","[StatusCode, 400]"]
[2025-09-05 12:25:02 INF] Finished Test Execution: POrchAPI_Invalid_Debtor_Particulars_Return_Error
[2025-09-05 12:25:02 INF] ---------------------------------------------------



TestContext Messages:
Given a POrch PaymentRequest is created
-&gt; done: POrchAPIStepDefinitions.GivenAPOrchPaymentRequestIsCreated() (0.0s)
And the Payment Debtor particulars is abcdefghijklmnsey
-&gt; done: POrchAPIStepDefinitions.WhenTheDebtorParticularsIs("Payment", "abcdefghijklmnsey") (0.0s)
When POrch Payment API is called
-&gt; done: POrchAPIStepDefinitions.WhenPOrchAPIIsCalled("Payment") (0.0s)
Then the request should return status code 400
-&gt; done: POrchAPIStepDefinitions.ThenTheRequestShouldReturnStatusCode(400) (0.0s)</StdOut>
      </Output>
    </UnitTestResult>
    <UnitTestResult executionId="ebb053eb-a66d-4003-b558-44d5997ad258" testId="7732a642-5f4c-48dd-1d7e-985649745b2b" testName="POrchAPI_UltracsToTMV_Negative_MiddleWare_Response_409 (FrozenError,409,)" computerName="ip-10-130-163-242" startTime="2025-09-05T12:26:26.6941756+12:00" endTime="2025-09-05T12:26:26.6942751+12:00" testType="13cdc9d9-ddb5-4fa4-a97d-d965ccfc6d4b" outcome="NotExecuted" testListId="8c84fa94-04c1-424b-9868-57a2d4851a1d" relativeResultsDirectory="ebb053eb-a66d-4003-b558-44d5997ad258">
      <Output></Output>
    </UnitTestResult>
    <UnitTestResult executionId="e7fcb0a4-8876-4ebe-bb21-6d7ca2267502" testId="fdea718c-e7bf-5aa2-3704-8a4192cbbb7b" testName="POrchAPI_Valid_Debtor_Particulars_Return_Success (()+$*!;-/?:,201,)" computerName="ip-10-130-163-242" duration="00:00:01.0902770" startTime="2025-09-05T12:24:12.1798667+12:00" endTime="2025-09-05T12:24:13.2708663+12:00" testType="13cdc9d9-ddb5-4fa4-a97d-d965ccfc6d4b" outcome="Passed" testListId="8c84fa94-04c1-424b-9868-57a2d4851a1d" relativeResultsDirectory="e7fcb0a4-8876-4ebe-bb21-6d7ca2267502">
      <Output>
        <StdOut>[2025-09-05 12:24:12 INF] Starting Test Execution: POrchAPI_Valid_Debtor_Particulars_Return_Success:["[DebtorParticularsValue, ()+$*!;-/?:]","[StatusCode, 201]"]
[2025-09-05 12:24:12 INF] Mocks are not ready after 1 / 5 attempt(s). Expected 2 mock(s) to be registered with the manager and got 0.
[2025-09-05 12:24:12 INF] Successfully created map MiddlewareMock_Success_a4d7e467-f05d-4f47-bf0a-4c880e1619d5 for /initialisepaymentorder/basic
[2025-09-05 12:24:12 INF] Successfully created map FraudcheckMock_Authorize_49677bb7-5fe2-4875-970d-551c55da5cf2 for /api/v1/financial-transaction-fraud-checks
[2025-09-05 12:24:13 INF] Response has PaymentId: 8ff7d9c3-ec0f-4a0f-9551-9650217f45e5
[2025-09-05 12:24:13 INF] Finished Test Execution: POrchAPI_Valid_Debtor_Particulars_Return_Success
[2025-09-05 12:24:13 INF] ---------------------------------------------------



TestContext Messages:
Given a POrch PaymentRequest is created
-&gt; done: POrchAPIStepDefinitions.GivenAPOrchPaymentRequestIsCreated() (0.0s)
And the Payment Debtor particulars is ()+$*!;-/?:
-&gt; done: POrchAPIStepDefinitions.WhenTheDebtorParticularsIs("Payment", "()+$*!;-/?:") (0.0s)
And FraudCheck Response is Authorize
-&gt; done: POrchAPIStepDefinitions.SetFraudCheckResponse("Authorize") (0.0s)
And MiddleWare Response is Success
-&gt; done: POrchAPIStepDefinitions.SetMiddlewareResponse("Success") (0.0s)
When POrch Payment API is called
-&gt; done: POrchAPIStepDefinitions.WhenPOrchAPIIsCalled("Payment") (1.1s)
Then the request should return status code 201
-&gt; done: POrchAPIStepDefinitions.ThenTheRequestShouldReturnStatusCode(201) (0.0s)</StdOut>
      </Output>
    </UnitTestResult>
    <UnitTestResult executionId="c079ae95-bd0e-4a4a-9950-0e42dbb537f6" testId="44f7b27f-f1c3-703c-68cf-d37045e86af9" testName="POrchAPI_Transfer_Invalid_Currency_Return_Error (Random,400,)" computerName="ip-10-130-163-242" duration="00:00:00.0075675" startTime="2025-09-05T12:26:26.7277562+12:00" endTime="2025-09-05T12:26:26.7354217+12:00" testType="13cdc9d9-ddb5-4fa4-a97d-d965ccfc6d4b" outcome="Passed" testListId="8c84fa94-04c1-424b-9868-57a2d4851a1d" relativeResultsDirectory="c079ae95-bd0e-4a4a-9950-0e42dbb537f6">
      <Output>
        <StdOut>[2025-09-05 12:26:26 INF] Starting Test Execution: POrchAPI_Transfer_Invalid_Currency_Return_Error:["[CurrencyValue, Random]","[StatusCode, 400]"]
[2025-09-05 12:26:26 INF] Finished Test Execution: POrchAPI_Transfer_Invalid_Currency_Return_Error
[2025-09-05 12:26:26 INF] ---------------------------------------------------



TestContext Messages:
Given a POrch TransferRequest is created
-&gt; done: POrchAPIStepDefinitions.GivenAPOrchTransferRequestIsCreated() (0.0s)
And the Transfer Currency Field is Random
-&gt; done: POrchAPIStepDefinitions.WhenTheCurrencyFieldIs("Transfer", "Random") (0.0s)
When POrch Transfer API is called
-&gt; done: POrchAPIStepDefinitions.WhenPOrchAPIIsCalled("Transfer") (0.0s)
Then the request should return status code 400
-&gt; done: POrchAPIStepDefinitions.ThenTheRequestShouldReturnStatusCode(400) (0.0s)</StdOut>
      </Output>
    </UnitTestResult>
    <UnitTestResult executionId="c728088f-1844-42dd-b400-5fea5b5ade3e" testId="b9c9f4bb-12e2-f31d-1164-f61d3e0a5f5b" testName="POrchAPI_UltracsToTMV_Valid_Debtor_Code_Return_Success (=@#_%,.,201,)" computerName="ip-10-130-163-242" duration="00:00:01.0865848" startTime="2025-09-05T12:26:19.0590323+12:00" endTime="2025-09-05T12:26:20.1457647+12:00" testType="13cdc9d9-ddb5-4fa4-a97d-d965ccfc6d4b" outcome="Passed" testListId="8c84fa94-04c1-424b-9868-57a2d4851a1d" relativeResultsDirectory="c728088f-1844-42dd-b400-5fea5b5ade3e">
      <Output>
        <StdOut>[2025-09-05 12:26:19 INF] Starting Test Execution: POrchAPI_UltracsToTMV_Valid_Debtor_Code_Return_Success:["[DebtorCodeValue, =@#_%,.]","[StatusCode, 201]"]
[2025-09-05 12:26:19 INF] Mocks are not ready after 1 / 5 attempt(s). Expected 2 mock(s) to be registered with the manager and got 0.
[2025-09-05 12:26:19 INF] Successfully created map AdpsMock_Success_783a8235-1886-471f-8c84-c61fd9d54160 for /api/v1/payment-instruction/domestic/immediate
[2025-09-05 12:26:19 INF] Successfully created map MiddlewareMock_Success_ce50cf8d-173b-44dd-bfab-cc557cc692e8 for /initialisepaymentorder/basic
[2025-09-05 12:26:20 INF] Response has PaymentId: 4478582e-05c2-45ee-b984-458bea4da5cd
[2025-09-05 12:26:20 INF] Finished Test Execution: POrchAPI_UltracsToTMV_Valid_Debtor_Code_Return_Success
[2025-09-05 12:26:20 INF] ---------------------------------------------------



TestContext Messages:
Given a Ultracs to TMV POrch TransferRequest is created
-&gt; done: POrchAPIStepDefinitions.ConditionalPOrchTransferRequestIsCreated("Ultracs", "TMV") (0.0s)
And the Transfer Debtor Code is =@#_%,.
-&gt; done: POrchAPIStepDefinitions.WhenTheDebtorCodeIs("Transfer", "=@#_%,.") (0.0s)
And ADPS Response is Success
-&gt; done: POrchAPIStepDefinitions.SetAdpsResponse("Success") (0.0s)
And MiddleWare Response is Success
-&gt; done: POrchAPIStepDefinitions.SetMiddlewareResponse("Success") (0.0s)
When POrch Transfer API is called
-&gt; done: POrchAPIStepDefinitions.WhenPOrchAPIIsCalled("Transfer") (1.1s)
Then the request should return status code 201
-&gt; done: POrchAPIStepDefinitions.ThenTheRequestShouldReturnStatusCode(201) (0.0s)</StdOut>
      </Output>
    </UnitTestResult>
    <UnitTestResult executionId="61977cca-b7cf-4f1a-8fbb-257f3a53c62e" testId="bd7de458-b30d-1d8e-6031-b0f25ccd5a5d" testName="POrchAPI_Invalid_Credit_Account_Return_Error (38123456789765,400,)" computerName="ip-10-130-163-242" duration="00:00:00.0092409" startTime="2025-09-05T12:25:02.7417394+12:00" endTime="2025-09-05T12:25:02.7511419+12:00" testType="13cdc9d9-ddb5-4fa4-a97d-d965ccfc6d4b" outcome="Passed" testListId="8c84fa94-04c1-424b-9868-57a2d4851a1d" relativeResultsDirectory="61977cca-b7cf-4f1a-8fbb-257f3a53c62e">
      <Output>
        <StdOut>[2025-09-05 12:25:02 INF] Starting Test Execution: POrchAPI_Invalid_Credit_Account_Return_Error:["[CreditAccounValue, 38123456789765]","[StatusCode, 400]"]
[2025-09-05 12:25:02 INF] Finished Test Execution: POrchAPI_Invalid_Credit_Account_Return_Error
[2025-09-05 12:25:02 INF] ---------------------------------------------------



TestContext Messages:
Given a POrch PaymentRequest is created
-&gt; done: POrchAPIStepDefinitions.GivenAPOrchPaymentRequestIsCreated() (0.0s)
And the Payment Credit Account field is &lt;CreditAccountValue&gt;
-&gt; done: POrchAPIStepDefinitions.WhenTheCreditAccountFieldIs("Payment", "&lt;CreditAccountValue&gt;") (0.0s)
When POrch Payment API is called
-&gt; done: POrchAPIStepDefinitions.WhenPOrchAPIIsCalled("Payment") (0.0s)
Then the request should return status code 400
-&gt; done: POrchAPIStepDefinitions.ThenTheRequestShouldReturnStatusCode(400) (0.0s)</StdOut>
      </Output>
    </UnitTestResult>
    <UnitTestResult executionId="0aab82db-ff89-42ce-8adf-d49627ed03da" testId="f2eac08d-8d7d-c6e7-2cda-0b64c57484bd" testName="POrchAPI_Invalid_Creditor_Reference_Return_Error (abcdefghijklmnsey,400,)" computerName="ip-10-130-163-242" duration="00:00:00.0090233" startTime="2025-09-05T12:25:02.8958497+12:00" endTime="2025-09-05T12:25:02.9050032+12:00" testType="13cdc9d9-ddb5-4fa4-a97d-d965ccfc6d4b" outcome="Passed" testListId="8c84fa94-04c1-424b-9868-57a2d4851a1d" relativeResultsDirectory="0aab82db-ff89-42ce-8adf-d49627ed03da">
      <Output>
        <StdOut>[2025-09-05 12:25:02 INF] Starting Test Execution: POrchAPI_Invalid_Creditor_Reference_Return_Error:["[CreditorReferenceValue, abcdefghijklmnsey]","[StatusCode, 400]"]
[2025-09-05 12:25:02 INF] Finished Test Execution: POrchAPI_Invalid_Creditor_Reference_Return_Error
[2025-09-05 12:25:02 INF] ---------------------------------------------------



TestContext Messages:
Given a POrch PaymentRequest is created
-&gt; done: POrchAPIStepDefinitions.GivenAPOrchPaymentRequestIsCreated() (0.0s)
And the Payment Creditor Reference is abcdefghijklmnsey
-&gt; done: POrchAPIStepDefinitions.WhenTheCreditorReferenceIs("Payment", "abcdefghijklmnsey") (0.0s)
When POrch Payment API is called
-&gt; done: POrchAPIStepDefinitions.WhenPOrchAPIIsCalled("Payment") (0.0s)
Then the request should return status code 400
-&gt; done: POrchAPIStepDefinitions.ThenTheRequestShouldReturnStatusCode(400) (0.0s)</StdOut>
      </Output>
    </UnitTestResult>
    <UnitTestResult executionId="59b111c3-2087-4450-96b4-0d63d48a496a" testId="9906dcd0-ae4b-525a-9295-634f86d82a75" testName="POrchAPI_TMVTMV_Transfer_Send_Transfer_Reference_Return_Error (TRANSFER TO MR Test - 00,400,)" computerName="ip-10-130-163-242" duration="00:00:00.0087570" startTime="2025-09-05T12:26:27.1134909+12:00" endTime="2025-09-05T12:26:27.1223624+12:00" testType="13cdc9d9-ddb5-4fa4-a97d-d965ccfc6d4b" outcome="Passed" testListId="8c84fa94-04c1-424b-9868-57a2d4851a1d" relativeResultsDirectory="59b111c3-2087-4450-96b4-0d63d48a496a">
      <Output>
        <StdOut>[2025-09-05 12:26:27 INF] Starting Test Execution: POrchAPI_TMVTMV_Transfer_Send_Transfer_Reference_Return_Error:["[TransferRefValue, TRANSFER TO MR Test - 00]","[StatusCode, 400]"]
[2025-09-05 12:26:27 INF] Finished Test Execution: POrchAPI_TMVTMV_Transfer_Send_Transfer_Reference_Return_Error
[2025-09-05 12:26:27 INF] ---------------------------------------------------



TestContext Messages:
Given a TMV to TMV POrch TransferRequest is created
-&gt; done: POrchAPIStepDefinitions.ConditionalPOrchTransferRequestIsCreated("TMV", "TMV") (0.0s)
And the Transfer Reference is TRANSFER TO MR Test - 00
-&gt; done: POrchAPIStepDefinitions.TheTransferReferenceIs("TRANSFER TO MR Te...") (0.0s)
When POrch Transfer API is called
-&gt; done: POrchAPIStepDefinitions.WhenPOrchAPIIsCalled("Transfer") (0.0s)
Then the request should return status code 400
-&gt; done: POrchAPIStepDefinitions.ThenTheRequestShouldReturnStatusCode(400) (0.0s)</StdOut>
      </Output>
    </UnitTestResult>
    <UnitTestResult executionId="699575e3-c139-407f-8648-43600f324263" testId="f4caa0e6-6e3d-c131-c429-ec5067fe0c26" testName="POrchAPI_UltracsTransactionAcct_To_TMVOnlineCall_Successful" computerName="ip-10-130-163-242" duration="00:00:01.0970468" startTime="2025-09-05T12:26:12.5022235+12:00" endTime="2025-09-05T12:26:13.5998780+12:00" testType="13cdc9d9-ddb5-4fa4-a97d-d965ccfc6d4b" outcome="Passed" testListId="8c84fa94-04c1-424b-9868-57a2d4851a1d" relativeResultsDirectory="699575e3-c139-407f-8648-43600f324263">
      <Output>
        <StdOut>[2025-09-05 12:26:12 INF] Starting Test Execution: POrchAPI_UltracsTransactionAcct_To_TMVOnlineCall_successful:[]
[2025-09-05 12:26:12 INF] Mocks are not ready after 1 / 5 attempt(s). Expected 2 mock(s) to be registered with the manager and got 0.
[2025-09-05 12:26:12 INF] Successfully created map AdpsMock_Success_6c4114d8-03a1-4373-815c-e6141e6cbf24 for /api/v1/payment-instruction/domestic/immediate
[2025-09-05 12:26:12 INF] Successfully created map MiddlewareMock_Success_4d865a2d-67aa-4e27-9b81-57e1d769e2bf for /initialisepaymentorder/basic
[2025-09-05 12:26:13 INF] Response has PaymentId: 9c788dec-9df8-47f8-ac72-59246ad06665
[2025-09-05 12:26:13 INF] Finished Test Execution: POrchAPI_UltracsTransactionAcct_To_TMVOnlineCall_successful
[2025-09-05 12:26:13 INF] ---------------------------------------------------



TestContext Messages:
Given a Ultracs to TMV POrch TransferRequest is created
-&gt; done: POrchAPIStepDefinitions.ConditionalPOrchTransferRequestIsCreated("Ultracs", "TMV") (0.0s)
And MiddleWare Response is Success
-&gt; done: POrchAPIStepDefinitions.SetMiddlewareResponse("Success") (0.0s)
And ADPS Response is Success
-&gt; done: POrchAPIStepDefinitions.SetAdpsResponse("Success") (0.0s)
When POrch Transfer API is called
-&gt; done: POrchAPIStepDefinitions.WhenPOrchAPIIsCalled("Transfer") (1.1s)
Then the request should return status code 201
-&gt; done: POrchAPIStepDefinitions.ThenTheRequestShouldReturnStatusCode(201) (0.0s)</StdOut>
      </Output>
    </UnitTestResult>
    <UnitTestResult executionId="29332ad9-dd13-4595-972f-96fd8594c852" testId="6dffef42-0f67-d446-3f31-7148f50c92b8" testName="POrchAPI_TMVToUltracs_Valid_Creditor_Code_Return_Success (()+$*!;-/?:,201,)" computerName="ip-10-130-163-242" duration="00:00:01.1025530" startTime="2025-09-05T12:26:05.9451240+12:00" endTime="2025-09-05T12:26:07.0478425+12:00" testType="13cdc9d9-ddb5-4fa4-a97d-d965ccfc6d4b" outcome="Passed" testListId="8c84fa94-04c1-424b-9868-57a2d4851a1d" relativeResultsDirectory="29332ad9-dd13-4595-972f-96fd8594c852">
      <Output>
        <StdOut>[2025-09-05 12:26:05 INF] Starting Test Execution: POrchAPI_TMVToUltracs_Valid_Creditor_Code_Return_Success:["[CreditorCodeValue, ()+$*!;-/?:]","[StatusCode, 201]"]
[2025-09-05 12:26:05 INF] Mocks are not ready after 1 / 5 attempt(s). Expected 2 mock(s) to be registered with the manager and got 0.
[2025-09-05 12:26:05 INF] Successfully created map AdpsMock_Success_40515148-80f2-4e2e-a041-e2b0ba3bf31b for /api/v1/payment-instruction/domestic/immediate
[2025-09-05 12:26:05 INF] Successfully created map MiddlewareMock_Success_55db30d7-8c81-4e1c-9b27-56e7886e3dbc for /initialisepaymentorder/basic
[2025-09-05 12:26:07 INF] Response has PaymentId: ed2e014d-9092-45d2-8eaa-4281ae3dca83
[2025-09-05 12:26:07 INF] Finished Test Execution: POrchAPI_TMVToUltracs_Valid_Creditor_Code_Return_Success
[2025-09-05 12:26:07 INF] ---------------------------------------------------



TestContext Messages:
Given a TMV to Ultracs POrch TransferRequest is created
-&gt; done: POrchAPIStepDefinitions.ConditionalPOrchTransferRequestIsCreated("TMV", "Ultracs") (0.0s)
And the Transfer Creditor Code is ()+$*!;-/?:
-&gt; done: POrchAPIStepDefinitions.WhenTheCreditorCodeIs("Transfer", "()+$*!;-/?:") (0.0s)
And ADPS Response is Success
-&gt; done: POrchAPIStepDefinitions.SetAdpsResponse("Success") (0.0s)
And MiddleWare Response is Success
-&gt; done: POrchAPIStepDefinitions.SetMiddlewareResponse("Success") (0.0s)
When POrch Transfer API is called
-&gt; done: POrchAPIStepDefinitions.WhenPOrchAPIIsCalled("Transfer") (1.1s)
Then the request should return status code 201
-&gt; done: POrchAPIStepDefinitions.ThenTheRequestShouldReturnStatusCode(201) (0.0s)</StdOut>
      </Output>
    </UnitTestResult>
    <UnitTestResult executionId="2072c5c0-762b-465e-8d7a-3ae956bc0272" testId="2312b328-8686-77ae-427a-1dc0d27ceadb" testName="POrchAPI_Transfer_Invalid_Creditor_Account_Source_Return_Error (External,400,'CreditorAccountSource' can only be Ultracs or TMV for transfers.,)" computerName="ip-10-130-163-242" duration="00:00:00.0070376" startTime="2025-09-05T12:26:27.0274234+12:00" endTime="2025-09-05T12:26:27.0345506+12:00" testType="13cdc9d9-ddb5-4fa4-a97d-d965ccfc6d4b" outcome="Passed" testListId="8c84fa94-04c1-424b-9868-57a2d4851a1d" relativeResultsDirectory="2072c5c0-762b-465e-8d7a-3ae956bc0272">
      <Output>
        <StdOut>[2025-09-05 12:26:27 INF] Starting Test Execution: POrchAPI_Transfer_Invalid_Creditor_Account_Source_Return_Error:["[AccountSource, External]","[StatusCode, 400]","[ErrorMessage, 'CreditorAccountSource' can only be Ultracs or TMV for transfers.]"]
[2025-09-05 12:26:27 INF] Finished Test Execution: POrchAPI_Transfer_Invalid_Creditor_Account_Source_Return_Error
[2025-09-05 12:26:27 INF] ---------------------------------------------------



TestContext Messages:
Given a POrch TransferRequest is created
-&gt; done: POrchAPIStepDefinitions.GivenAPOrchTransferRequestIsCreated() (0.0s)
And the transfer Creditor Account Source is External
-&gt; done: POrchAPIStepDefinitions.GivenTheTransferCreditorAccountSourceIs("External") (0.0s)
When POrch Transfer API is called
-&gt; done: POrchAPIStepDefinitions.WhenPOrchAPIIsCalled("Transfer") (0.0s)
Then the request should return status code 400
-&gt; done: POrchAPIStepDefinitions.ThenTheRequestShouldReturnStatusCode(400) (0.0s)
And the error message should be 'CreditorAccountSource' can only be Ultracs or TMV for transfers.
-&gt; done: POrchAPIStepDefinitions.ThenTheErrorMessageShouldBeErrorMessage("'CreditorAccountS...") (0.0s)</StdOut>
      </Output>
    </UnitTestResult>
    <UnitTestResult executionId="30618e96-54ab-4513-ba03-de10863c66d5" testId="e03ebe14-51b2-e036-9a55-b41a897e8ee7" testName="POrchAPI_Transfer_Invalid_Debtor_Code_Return_Error (abcdefghijklmnsey,400,)" computerName="ip-10-130-163-242" duration="00:00:00.0075927" startTime="2025-09-05T12:26:26.8635564+12:00" endTime="2025-09-05T12:26:26.8712412+12:00" testType="13cdc9d9-ddb5-4fa4-a97d-d965ccfc6d4b" outcome="Passed" testListId="8c84fa94-04c1-424b-9868-57a2d4851a1d" relativeResultsDirectory="30618e96-54ab-4513-ba03-de10863c66d5">
      <Output>
        <StdOut>[2025-09-05 12:26:26 INF] Starting Test Execution: POrchAPI_Transfer_Invalid_Debtor_Code_Return_Error:["[DebtorCodeValue, abcdefghijklmnsey]","[StatusCode, 400]"]
[2025-09-05 12:26:26 INF] Finished Test Execution: POrchAPI_Transfer_Invalid_Debtor_Code_Return_Error
[2025-09-05 12:26:26 INF] ---------------------------------------------------



TestContext Messages:
Given a POrch TransferRequest is created
-&gt; done: POrchAPIStepDefinitions.GivenAPOrchTransferRequestIsCreated() (0.0s)
And the Transfer Debtor Code is abcdefghijklmnsey
-&gt; done: POrchAPIStepDefinitions.WhenTheDebtorCodeIs("Transfer", "abcdefghijklmnsey") (0.0s)
When POrch Transfer API is called
-&gt; done: POrchAPIStepDefinitions.WhenPOrchAPIIsCalled("Transfer") (0.0s)
Then the request should return status code 400
-&gt; done: POrchAPIStepDefinitions.ThenTheRequestShouldReturnStatusCode(400) (0.0s)</StdOut>
      </Output>
    </UnitTestResult>
    <UnitTestResult executionId="52ea02bc-a415-450c-887d-461fcb4875a5" testId="5255dc6d-608f-75ea-b670-2bf8b7b45263" testName="POrchAPI_Transfer_Invalid_Debtor_Reference_Return_Error (abcdefghijklmnsey,400,)" computerName="ip-10-130-163-242" duration="00:00:00.0091127" startTime="2025-09-05T12:26:26.9402514+12:00" endTime="2025-09-05T12:26:26.9494560+12:00" testType="13cdc9d9-ddb5-4fa4-a97d-d965ccfc6d4b" outcome="Passed" testListId="8c84fa94-04c1-424b-9868-57a2d4851a1d" relativeResultsDirectory="52ea02bc-a415-450c-887d-461fcb4875a5">
      <Output>
        <StdOut>[2025-09-05 12:26:26 INF] Starting Test Execution: POrchAPI_Transfer_Invalid_Debtor_Reference_Return_Error:["[DebtorReferenceValue, abcdefghijklmnsey]","[StatusCode, 400]"]
[2025-09-05 12:26:26 INF] Finished Test Execution: POrchAPI_Transfer_Invalid_Debtor_Reference_Return_Error
[2025-09-05 12:26:26 INF] ---------------------------------------------------



TestContext Messages:
Given a POrch TransferRequest is created
-&gt; done: POrchAPIStepDefinitions.GivenAPOrchTransferRequestIsCreated() (0.0s)
And the Transfer Debtor Reference is abcdefghijklmnsey
-&gt; done: POrchAPIStepDefinitions.WhenTheDebtorReferenceIs("Transfer", "abcdefghijklmnsey") (0.0s)
When POrch Transfer API is called
-&gt; done: POrchAPIStepDefinitions.WhenPOrchAPIIsCalled("Transfer") (0.0s)
Then the request should return status code 400
-&gt; done: POrchAPIStepDefinitions.ThenTheRequestShouldReturnStatusCode(400) (0.0s)</StdOut>
      </Output>
    </UnitTestResult>
    <UnitTestResult executionId="df039abd-a817-4591-8dce-6b49456bde6a" testId="87658b8d-a2b9-fc3e-5c2d-d98073969a68" testName="POrchAPI_Invalid_Payee_Code_Return_Error (\,400,)" computerName="ip-10-130-163-242" duration="00:00:00.0278047" startTime="2025-09-05T12:25:02.8598200+12:00" endTime="2025-09-05T12:25:02.8877742+12:00" testType="13cdc9d9-ddb5-4fa4-a97d-d965ccfc6d4b" outcome="Passed" testListId="8c84fa94-04c1-424b-9868-57a2d4851a1d" relativeResultsDirectory="df039abd-a817-4591-8dce-6b49456bde6a">
      <Output>
        <StdOut>[2025-09-05 12:25:02 INF] Starting Test Execution: POrchAPI_Invalid_Payee_Code_Return_Error:["[CreditorCodeValue, \\]","[StatusCode, 400]"]
[2025-09-05 12:25:02 INF] Finished Test Execution: POrchAPI_Invalid_Payee_Code_Return_Error
[2025-09-05 12:25:02 INF] ---------------------------------------------------



TestContext Messages:
Given a POrch PaymentRequest is created
-&gt; done: POrchAPIStepDefinitions.GivenAPOrchPaymentRequestIsCreated() (0.0s)
And the Payment Creditor Code is \
-&gt; done: POrchAPIStepDefinitions.WhenTheCreditorCodeIs("Payment", "\") (0.0s)
When POrch Payment API is called
-&gt; done: POrchAPIStepDefinitions.WhenPOrchAPIIsCalled("Payment") (0.0s)
Then the request should return status code 400
-&gt; done: POrchAPIStepDefinitions.ThenTheRequestShouldReturnStatusCode(400) (0.0s)</StdOut>
      </Output>
    </UnitTestResult>
    <UnitTestResult executionId="f97c3dcd-5e85-4c12-a26f-8f248c792c51" testId="549ae9f4-6b0c-80f5-d847-88cbb37cd83c" testName="POrchAPI_Invalid_Debtor_Particulars_Return_Error (},400,)" computerName="ip-10-130-163-242" duration="00:00:00.0074732" startTime="2025-09-05T12:25:02.7944810+12:00" endTime="2025-09-05T12:25:02.8020855+12:00" testType="13cdc9d9-ddb5-4fa4-a97d-d965ccfc6d4b" outcome="Passed" testListId="8c84fa94-04c1-424b-9868-57a2d4851a1d" relativeResultsDirectory="f97c3dcd-5e85-4c12-a26f-8f248c792c51">
      <Output>
        <StdOut>[2025-09-05 12:25:02 INF] Starting Test Execution: POrchAPI_Invalid_Debtor_Particulars_Return_Error:["[PayerParticularsValue, }]","[StatusCode, 400]"]
[2025-09-05 12:25:02 INF] Finished Test Execution: POrchAPI_Invalid_Debtor_Particulars_Return_Error
[2025-09-05 12:25:02 INF] ---------------------------------------------------



TestContext Messages:
Given a POrch PaymentRequest is created
-&gt; done: POrchAPIStepDefinitions.GivenAPOrchPaymentRequestIsCreated() (0.0s)
And the Payment Debtor particulars is }
-&gt; done: POrchAPIStepDefinitions.WhenTheDebtorParticularsIs("Payment", "}") (0.0s)
When POrch Payment API is called
-&gt; done: POrchAPIStepDefinitions.WhenPOrchAPIIsCalled("Payment") (0.0s)
Then the request should return status code 400
-&gt; done: POrchAPIStepDefinitions.ThenTheRequestShouldReturnStatusCode(400) (0.0s)</StdOut>
      </Output>
    </UnitTestResult>
    <UnitTestResult executionId="a9c6e9ac-7374-4dbc-8c40-45a012fd8f53" testId="790b325d-3abd-eec1-3755-0e7f95bfd137" testName="POrchAPI_UltracsToTMV_Negative_MiddleWare_Response_409 (AccountNumberIsInvalidError,409,)" computerName="ip-10-130-163-242" startTime="2025-09-05T12:26:26.6944971+12:00" endTime="2025-09-05T12:26:26.6945232+12:00" testType="13cdc9d9-ddb5-4fa4-a97d-d965ccfc6d4b" outcome="NotExecuted" testListId="8c84fa94-04c1-424b-9868-57a2d4851a1d" relativeResultsDirectory="a9c6e9ac-7374-4dbc-8c40-45a012fd8f53">
      <Output></Output>
    </UnitTestResult>
    <UnitTestResult executionId="78f250cd-7326-4bc8-97a7-57c52c48f769" testId="41320dfe-3b5a-f638-b9f5-066020b7f9fb" testName="POrchAPI_Transfer_Invalid_Debtor_Particulars_Return_Error (\,400,)" computerName="ip-10-130-163-242" duration="00:00:00.0074981" startTime="2025-09-05T12:26:26.8253570+12:00" endTime="2025-09-05T12:26:26.8329504+12:00" testType="13cdc9d9-ddb5-4fa4-a97d-d965ccfc6d4b" outcome="Passed" testListId="8c84fa94-04c1-424b-9868-57a2d4851a1d" relativeResultsDirectory="78f250cd-7326-4bc8-97a7-57c52c48f769">
      <Output>
        <StdOut>[2025-09-05 12:26:26 INF] Starting Test Execution: POrchAPI_Transfer_Invalid_Debtor_Particulars_Return_Error:["[DebtorParticularsValue, \\]","[StatusCode, 400]"]
[2025-09-05 12:26:26 INF] Finished Test Execution: POrchAPI_Transfer_Invalid_Debtor_Particulars_Return_Error
[2025-09-05 12:26:26 INF] ---------------------------------------------------



TestContext Messages:
Given a POrch TransferRequest is created
-&gt; done: POrchAPIStepDefinitions.GivenAPOrchTransferRequestIsCreated() (0.0s)
And the Transfer Debtor particulars is \
-&gt; done: POrchAPIStepDefinitions.WhenTheDebtorParticularsIs("Transfer", "\") (0.0s)
When POrch Transfer API is called
-&gt; done: POrchAPIStepDefinitions.WhenPOrchAPIIsCalled("Transfer") (0.0s)
Then the request should return status code 400
-&gt; done: POrchAPIStepDefinitions.ThenTheRequestShouldReturnStatusCode(400) (0.0s)</StdOut>
      </Output>
    </UnitTestResult>
    <UnitTestResult executionId="ad237a55-4776-4aa6-b384-f70509701198" testId="3788b87d-2ea5-28d2-d757-7cb0d28c8b09" testName="POrchNRT_Unsuccessful_Response_From_FraudCheck_Successful_From_NRT (FraudFailed,,)" computerName="ip-10-130-163-242" duration="00:00:00.0568004" startTime="2025-09-05T12:25:04.0196690+12:00" endTime="2025-09-05T12:25:04.0767009+12:00" testType="13cdc9d9-ddb5-4fa4-a97d-d965ccfc6d4b" outcome="Passed" testListId="8c84fa94-04c1-424b-9868-57a2d4851a1d" relativeResultsDirectory="ad237a55-4776-4aa6-b384-f70509701198">
      <Output>
        <StdOut>[2025-09-05 12:25:04 INF] Starting Test Execution: POrchNRT_Unsuccessful_Response_From_FraudCheck_Successful_From_NRT:["[paymentResult, FraudFailed]"]
[2025-09-05 12:25:04 INF] Executed DbCommand (1ms) [Parameters=[], CommandType='Text', CommandTimeout='30']
SELECT n.id, n.attempts, n.created_at, n.payment_id, n.status, n.updated_at
FROM net.nrt_outbox AS n
WHERE n.attempts &gt;= 0
[2025-09-05 12:25:04 INF] Executed DbCommand (1ms) [Parameters=[@p0='?' (DbType = Guid)], CommandType='Text', CommandTimeout='30']
DELETE FROM net.nrt_outbox
WHERE id = @p0;
[2025-09-05 12:25:04 INF] Executed DbCommand (1ms) [Parameters=[@p0='?' (DbType = Guid), @p1='?', @p2='?' (DbType = Decimal), @p3='?' (DbType = DateTime), @p4='?', @p5='?', @p6='?', @p7='?', @p8='?' (DbType = Object), @p9='?' (DbType = Object), @p10='?', @p11='?', @p12='?', @p13='?', @p14='?' (DbType = Object), @p15='?' (DbType = Object), @p16='?' (DbType = Object), @p17='?' (DbType = DateTime), @p18='?' (DbType = Object), @p19='?' (DbType = DateTime), @p20='?' (DbType = Guid), @p21='?' (DbType = Int32), @p22='?' (DbType = DateTime), @p23='?' (DbType = Guid), @p24='?' (DbType = Object), @p25='?' (DbType = DateTime)], CommandType='Text', CommandTimeout='30']
INSERT INTO net.payment (id, access_number, amount, created_at, creditor_account_code, creditor_account_number, creditor_account_particulars, creditor_account_reference, creditor_account_source, currency, debtor_account_code, debtor_account_number, debtor_account_particulars, debtor_account_reference, debtor_account_source, fraud_check_disposition, payment_type, processed_at, status, updated_at)
VALUES (@p0, @p1, @p2, @p3, @p4, @p5, @p6, @p7, @p8, @p9, @p10, @p11, @p12, @p13, @p14, @p15, @p16, @p17, @p18, @p19);
INSERT INTO net.nrt_outbox (id, attempts, created_at, payment_id, status, updated_at)
VALUES (@p20, @p21, @p22, @p23, @p24, @p25);
[2025-09-05 12:25:04 INF] Successfully created map FraudCheckNRTMock_Success_ef6e9a1b-a0b1-4a6c-8cb2-8b21e70b285f for /api/v1/financial-transaction-fraud-checks/9060806d-d710-4698-96e1-a2edb3de3548
[2025-09-05 12:25:04 INF] Executed DbCommand (1ms) [Parameters=[@__p_0='?' (DbType = Guid)], CommandType='Text', CommandTimeout='30']
SELECT n.id, n.attempts, n.created_at, n.payment_id, n.status, n.updated_at
FROM net.nrt_outbox AS n
WHERE n.id = @__p_0
LIMIT 1
[2025-09-05 12:25:04 INF] Finished Test Execution: POrchNRT_Unsuccessful_Response_From_FraudCheck_Successful_From_NRT
[2025-09-05 12:25:04 INF] ---------------------------------------------------



TestContext Messages:
Given The NRT table is clean
-&gt; done: POrchAPIStepDefinitions.GivenTheNrtTableIsClean() (0.0s)
And there is an NRT entry with payment FraudFailed to process
-&gt; done: POrchAPIStepDefinitions.GivenThereIsAnNrtEntryToProcess("FraudFailed") (0.0s)
And the NRT entry should be processed successfully
-&gt; done: POrchAPIStepDefinitions.GivenTheNrtEntryShouldBeProcessedSuccessfully() (0.0s)
When the NRT Processor Has Run for at most 1 entry
-&gt; done: POrchAPIStepDefinitions.WhenTheNrtProcessorHasRunForAtMostXEntry(1) (0.0s)
Then the NRT entry has status Sent
-&gt; done: POrchAPIStepDefinitions.ThenTheNrtEntryHasStatus("Sent") (0.0s)</StdOut>
      </Output>
    </UnitTestResult>
    <UnitTestResult executionId="c0383ea3-82fa-4283-a8f7-c3fc970cec50" testId="713e31be-1e71-4306-14c3-db35d3aa1175" testName="POrchAPI_Various_Amounts_Return_Success_When_Below_Max (0.99,,)" computerName="ip-10-130-163-242" duration="00:00:01.1284290" startTime="2025-09-05T12:24:00.4017462+12:00" endTime="2025-09-05T12:24:01.5304511+12:00" testType="13cdc9d9-ddb5-4fa4-a97d-d965ccfc6d4b" outcome="Passed" testListId="8c84fa94-04c1-424b-9868-57a2d4851a1d" relativeResultsDirectory="c0383ea3-82fa-4283-a8f7-c3fc970cec50">
      <Output>
        <StdOut>[2025-09-05 12:24:00 INF] Starting Test Execution: POrchAPI_Various_Amounts_Return_Success_When_Below_Max:["[Amount, 0.99]"]
[2025-09-05 12:24:00 INF] Mocks are not ready after 1 / 5 attempt(s). Expected 2 mock(s) to be registered with the manager and got 0.
[2025-09-05 12:24:00 INF] Successfully created map FraudcheckMock_Authorize_f67b9740-014c-4c8d-96ff-aaab77aadbda for /api/v1/financial-transaction-fraud-checks
[2025-09-05 12:24:00 INF] Successfully created map MiddlewareMock_Success_77f5fb08-a905-4e52-be8f-6418a39815ad for /initialisepaymentorder/basic
[2025-09-05 12:24:01 INF] Response has PaymentId: e67394eb-2f43-4be2-b771-ac6dc9529477
[2025-09-05 12:24:01 INF] Finished Test Execution: POrchAPI_Various_Amounts_Return_Success_When_Below_Max
[2025-09-05 12:24:01 INF] ---------------------------------------------------



TestContext Messages:
Given a POrch PaymentRequest is created
-&gt; done: POrchAPIStepDefinitions.GivenAPOrchPaymentRequestIsCreated() (0.0s)
And the Payment Amount Field is 0.99
-&gt; done: POrchAPIStepDefinitions.WhenTheAcountFieldIs("Payment", "0.99") (0.0s)
And FraudCheck Response is Authorize
-&gt; done: POrchAPIStepDefinitions.SetFraudCheckResponse("Authorize") (0.0s)
And MiddleWare Response is Success
-&gt; done: POrchAPIStepDefinitions.SetMiddlewareResponse("Success") (0.0s)
When POrch Payment API is called
-&gt; done: POrchAPIStepDefinitions.WhenPOrchAPIIsCalled("Payment") (1.1s)
Then the request should return status code 201
-&gt; done: POrchAPIStepDefinitions.ThenTheRequestShouldReturnStatusCode(201) (0.0s)</StdOut>
      </Output>
    </UnitTestResult>
    <UnitTestResult executionId="7844548a-41ff-461b-8ab2-863807fa15d0" testId="654ef9ea-1882-bb3a-85cf-3a634c0819fe" testName="POrchAPI_Transfer_Invalid_Creditor_Reference_Return_Error (abcdefghijklmnsey,400,)" computerName="ip-10-130-163-242" duration="00:00:00.0097146" startTime="2025-09-05T12:26:26.9104934+12:00" endTime="2025-09-05T12:26:26.9203275+12:00" testType="13cdc9d9-ddb5-4fa4-a97d-d965ccfc6d4b" outcome="Passed" testListId="8c84fa94-04c1-424b-9868-57a2d4851a1d" relativeResultsDirectory="7844548a-41ff-461b-8ab2-863807fa15d0">
      <Output>
        <StdOut>[2025-09-05 12:26:26 INF] Starting Test Execution: POrchAPI_Transfer_Invalid_Creditor_Reference_Return_Error:["[CreditorReferenceValue, abcdefghijklmnsey]","[StatusCode, 400]"]
[2025-09-05 12:26:26 INF] Finished Test Execution: POrchAPI_Transfer_Invalid_Creditor_Reference_Return_Error
[2025-09-05 12:26:26 INF] ---------------------------------------------------



TestContext Messages:
Given a POrch TransferRequest is created
-&gt; done: POrchAPIStepDefinitions.GivenAPOrchTransferRequestIsCreated() (0.0s)
And the Transfer Creditor Reference is abcdefghijklmnsey
-&gt; done: POrchAPIStepDefinitions.WhenTheCreditorReferenceIs("Transfer", "abcdefghijklmnsey") (0.0s)
When POrch Transfer API is called
-&gt; done: POrchAPIStepDefinitions.WhenPOrchAPIIsCalled("Transfer") (0.0s)
Then the request should return status code 400
-&gt; done: POrchAPIStepDefinitions.ThenTheRequestShouldReturnStatusCode(400) (0.0s)</StdOut>
      </Output>
    </UnitTestResult>
    <UnitTestResult executionId="97cffdfe-441f-44a4-b6b6-7a5557d08b30" testId="625b0c4f-ae51-ad6c-59ca-a92337c32e20" testName="POrchAPI_Other_Fraud_Responses_Do_Not_Retry (Unknown,409,)" computerName="ip-10-130-163-242" duration="00:00:00.0213525" startTime="2025-09-05T12:25:25.8923327+12:00" endTime="2025-09-05T12:25:25.9138107+12:00" testType="13cdc9d9-ddb5-4fa4-a97d-d965ccfc6d4b" outcome="Passed" testListId="8c84fa94-04c1-424b-9868-57a2d4851a1d" relativeResultsDirectory="97cffdfe-441f-44a4-b6b6-7a5557d08b30">
      <Output>
        <StdOut>[2025-09-05 12:25:25 INF] Starting Test Execution: POrchAPI_Other_Fraud_Responses_Do_Not_Retry:["[Result, Unknown]","[StatusCode, 409]"]
[2025-09-05 12:25:25 INF] Finished Test Execution: POrchAPI_Other_Fraud_Responses_Do_Not_Retry
[2025-09-05 12:25:25 INF] ---------------------------------------------------
[2025-09-05 12:25:25 INF] Successfully created map FraudErrorResponse_Hold_c5667690-11cb-40bd-a294-1b19c327cb39_1 for /api/v1/financial-transaction-fraud-checks
[2025-09-05 12:25:25 INF] Successfully created map PartyActivityServiceMock_Created_30d69ef9-1ac9-4483-ae10-f741dc923254 for /v2/activities
[2025-09-05 12:25:25 INF] Successfully created map FraudErrorResponse_Unknown_afa401ff-489f-4cc5-ade9-1557d676e445_1 for /api/v1/financial-transaction-fraud-checks
[2025-09-05 12:25:25 INF] Successfully created map MiddlewareMock_FrozenError_16405912-520a-4ff3-8eb6-57492ce72343 for /initialisepaymentorder/basic
[2025-09-05 12:25:25 INF] Successfully created map FraudSuccess_87907a93-2b94-4a1d-9573-e379715aac47 for /api/v1/financial-transaction-fraud-checks



TestContext Messages:
Given a POrch PaymentRequest is created
-&gt; done: POrchAPIStepDefinitions.GivenAPOrchPaymentRequestIsCreated() (0.0s)
And the Fraudcheck mock response will return Unknown then 200
-&gt; done: POrchAPIStepDefinitions.GivenTheFraudcheckMockResponseWillReturnThen("Unknown") (0.0s)
And MiddleWare Response is FrozenError
-&gt; done: POrchAPIStepDefinitions.SetMiddlewareResponse("FrozenError") (0.0s)
And the PAS response is Created
-&gt; done: POrchAPIStepDefinitions.ThePasResponseIs("Created") (0.0s)</StdOut>
      </Output>
    </UnitTestResult>
    <UnitTestResult executionId="6fe39774-bd8c-4e3b-baa6-3b82e9ca24c1" testId="97df8d55-ad90-bd8f-de70-c9dc2b92e2c7" testName="POrchAPI_Other_Middleware_Responses_Do_Not_Retry (InsufficientFundsError,409,)" computerName="ip-10-130-163-242" duration="00:00:01.0753642" startTime="2025-09-05T12:25:34.5659700+12:00" endTime="2025-09-05T12:25:35.6414680+12:00" testType="13cdc9d9-ddb5-4fa4-a97d-d965ccfc6d4b" outcome="Passed" testListId="8c84fa94-04c1-424b-9868-57a2d4851a1d" relativeResultsDirectory="6fe39774-bd8c-4e3b-baa6-3b82e9ca24c1">
      <Output>
        <StdOut>[2025-09-05 12:25:34 INF] Starting Test Execution: POrchAPI_Other_Middleware_Responses_Do_Not_Retry:["[Response, InsufficientFundsError]","[StatusCode, 409]"]
[2025-09-05 12:25:34 INF] Mocks are not ready after 1 / 5 attempt(s). Expected 3 mock(s) to be registered with the manager and got 0.
[2025-09-05 12:25:34 INF] Successfully created map MiddlewareFailure_InsufficientFundsError_7ae3c2c2-1be8-4191-93f6-df85c3b54515_1 for /initialisepaymentorder/basic
[2025-09-05 12:25:34 INF] Successfully created map FraudcheckMock_Authorize_57612cd9-040e-4073-9c2d-476fb4a07733 for /api/v1/financial-transaction-fraud-checks
[2025-09-05 12:25:34 INF] Successfully created map MiddlewareSuccess_2047ab6d-1dd9-4c1f-87e9-0266d8013095 for /initialisepaymentorder/basic
[2025-09-05 12:25:35 INF] Response has PaymentId: c05b4646-d75c-49cf-a366-5bc98547e144
[2025-09-05 12:25:35 INF] Finished Test Execution: POrchAPI_Other_Middleware_Responses_Do_Not_Retry
[2025-09-05 12:25:35 INF] ---------------------------------------------------



TestContext Messages:
Given a POrch PaymentRequest is created
-&gt; done: POrchAPIStepDefinitions.GivenAPOrchPaymentRequestIsCreated() (0.0s)
And the credit Account is 389300099302202
-&gt; done: POrchAPIStepDefinitions.WhenTheCreditAccountIs("389300099302202") (0.0s)
And FraudCheck Response is Authorize
-&gt; done: POrchAPIStepDefinitions.SetFraudCheckResponse("Authorize") (0.0s)
And the Middleware responses will be InsufficientFundsError then 201
-&gt; done: POrchAPIStepDefinitions.GivenTheMiddlewareResponsesWillBe("InsufficientFunds...") (0.0s)
When POrch Payment API is called
-&gt; done: POrchAPIStepDefinitions.WhenPOrchAPIIsCalled("Payment") (1.1s)
Then the request should return status code 409
-&gt; done: POrchAPIStepDefinitions.ThenTheRequestShouldReturnStatusCode(409) (0.0s)</StdOut>
      </Output>
    </UnitTestResult>
    <UnitTestResult executionId="f1a0e84f-ed8a-4faa-baf3-94151d487b3d" testId="ab6d71d0-ee6a-f04c-a6dd-a8a8852d24a1" testName="POrchAPI_Invalid_Debit_Account_Return_Error (38123456789765,400,)" computerName="ip-10-130-163-242" duration="00:00:00.0078262" startTime="2025-09-05T12:25:02.7102268+12:00" endTime="2025-09-05T12:25:02.7181753+12:00" testType="13cdc9d9-ddb5-4fa4-a97d-d965ccfc6d4b" outcome="Passed" testListId="8c84fa94-04c1-424b-9868-57a2d4851a1d" relativeResultsDirectory="f1a0e84f-ed8a-4faa-baf3-94151d487b3d">
      <Output>
        <StdOut>[2025-09-05 12:25:02 INF] Starting Test Execution: POrchAPI_Invalid_Debit_Account_Return_Error:["[DebitAccountValue, 38123456789765]","[StatusCode, 400]"]
[2025-09-05 12:25:02 INF] Finished Test Execution: POrchAPI_Invalid_Debit_Account_Return_Error
[2025-09-05 12:25:02 INF] ---------------------------------------------------



TestContext Messages:
Given a POrch PaymentRequest is created
-&gt; done: POrchAPIStepDefinitions.GivenAPOrchPaymentRequestIsCreated() (0.0s)
And the Payment Debit Account field is 38123456789765
-&gt; done: POrchAPIStepDefinitions.WhenTheDebitAccountFieldIs("Payment", "38123456789765") (0.0s)
When POrch Payment API is called
-&gt; done: POrchAPIStepDefinitions.WhenPOrchAPIIsCalled("Payment") (0.0s)
Then the request should return status code 400
-&gt; done: POrchAPIStepDefinitions.ThenTheRequestShouldReturnStatusCode(400) (0.0s)</StdOut>
      </Output>
    </UnitTestResult>
    <UnitTestResult executionId="2800d386-5b73-4ac9-817a-510999e43fd7" testId="3d69c8e0-c71d-c253-b1df-d8f83d8df8e6" testName="POrchAPI_Fraud_Retries (502,,)" computerName="ip-10-130-163-242" duration="00:00:01.6423919" startTime="2025-09-05T12:25:16.2724258+12:00" endTime="2025-09-05T12:25:17.9149601+12:00" testType="13cdc9d9-ddb5-4fa4-a97d-d965ccfc6d4b" outcome="Passed" testListId="8c84fa94-04c1-424b-9868-57a2d4851a1d" relativeResultsDirectory="2800d386-5b73-4ac9-817a-510999e43fd7">
      <Output>
        <StdOut>[2025-09-05 12:25:16 INF] Starting Test Execution: POrchAPI_Fraud_Retries:["[ErrorCode, 502]"]
[2025-09-05 12:25:16 INF] Mocks are not ready after 1 / 5 attempt(s). Expected 3 mock(s) to be registered with the manager and got 0.
[2025-09-05 12:25:16 INF] Successfully created map FraudErrorResponse_502_f3d70dd0-3a36-4fd9-85f1-e3cdb5c31ba3_1 for /api/v1/financial-transaction-fraud-checks
[2025-09-05 12:25:16 INF] Successfully created map FraudSuccess_7fff724f-8c77-412e-b854-4c814f696606 for /api/v1/financial-transaction-fraud-checks
[2025-09-05 12:25:16 INF] Successfully created map MiddlewareMock_Success_098857e2-04b3-407b-a6c0-2dabe57fabc5 for /initialisepaymentorder/basic
[2025-09-05 12:25:17 INF] Response has PaymentId: be169c3b-ba65-43ed-8778-bd8a27be33bb
[2025-09-05 12:25:17 INF] Finished Test Execution: POrchAPI_Fraud_Retries
[2025-09-05 12:25:17 INF] ---------------------------------------------------



TestContext Messages:
Given a POrch PaymentRequest is created
-&gt; done: POrchAPIStepDefinitions.GivenAPOrchPaymentRequestIsCreated() (0.0s)
And the credit Account is 389300099302202
-&gt; done: POrchAPIStepDefinitions.WhenTheCreditAccountIs("389300099302202") (0.0s)
And the Fraudcheck mock response will return 502 then 200
-&gt; done: POrchAPIStepDefinitions.GivenTheFraudcheckMockResponseWillReturnThen("502") (0.0s)
And MiddleWare Response is Success
-&gt; done: POrchAPIStepDefinitions.SetMiddlewareResponse("Success") (0.0s)
When POrch Payment API is called
-&gt; done: POrchAPIStepDefinitions.WhenPOrchAPIIsCalled("Payment") (1.6s)
Then the request should return status code 201
-&gt; done: POrchAPIStepDefinitions.ThenTheRequestShouldReturnStatusCode(201) (0.0s)</StdOut>
      </Output>
    </UnitTestResult>
    <UnitTestResult executionId="c1ca8cf0-b481-4556-acb1-a0e3c4554061" testId="4efea0b2-fd13-8c87-2ec9-0987481ae174" testName="POrchAPI_Transfer_Invalid_Debtor_Reference_Return_Error (\,400,)" computerName="ip-10-130-163-242" duration="00:00:00.0074717" startTime="2025-09-05T12:26:26.9494864+12:00" endTime="2025-09-05T12:26:26.9570578+12:00" testType="13cdc9d9-ddb5-4fa4-a97d-d965ccfc6d4b" outcome="Passed" testListId="8c84fa94-04c1-424b-9868-57a2d4851a1d" relativeResultsDirectory="c1ca8cf0-b481-4556-acb1-a0e3c4554061">
      <Output>
        <StdOut>[2025-09-05 12:26:26 INF] Starting Test Execution: POrchAPI_Transfer_Invalid_Debtor_Reference_Return_Error:["[DebtorReferenceValue, \\]","[StatusCode, 400]"]
[2025-09-05 12:26:26 INF] Finished Test Execution: POrchAPI_Transfer_Invalid_Debtor_Reference_Return_Error
[2025-09-05 12:26:26 INF] ---------------------------------------------------



TestContext Messages:
Given a POrch TransferRequest is created
-&gt; done: POrchAPIStepDefinitions.GivenAPOrchTransferRequestIsCreated() (0.0s)
And the Transfer Debtor Reference is \
-&gt; done: POrchAPIStepDefinitions.WhenTheDebtorReferenceIs("Transfer", "\") (0.0s)
When POrch Transfer API is called
-&gt; done: POrchAPIStepDefinitions.WhenPOrchAPIIsCalled("Transfer") (0.0s)
Then the request should return status code 400
-&gt; done: POrchAPIStepDefinitions.ThenTheRequestShouldReturnStatusCode(400) (0.0s)</StdOut>
      </Output>
    </UnitTestResult>
    <UnitTestResult executionId="8d1d3814-6923-484b-bdc2-89ec4c1799c1" testId="25a77e9b-f7a6-9cd0-b29d-d08216a5d765" testName="POrchAPI_TMVUltracs_Transfer_Invalid_Transfer_Reference_Return_Error (transfer,400,)" computerName="ip-10-130-163-242" duration="00:00:00.0084334" startTime="2025-09-05T12:26:27.0840890+12:00" endTime="2025-09-05T12:26:27.0926094+12:00" testType="13cdc9d9-ddb5-4fa4-a97d-d965ccfc6d4b" outcome="Passed" testListId="8c84fa94-04c1-424b-9868-57a2d4851a1d" relativeResultsDirectory="8d1d3814-6923-484b-bdc2-89ec4c1799c1">
      <Output>
        <StdOut>[2025-09-05 12:26:27 INF] Starting Test Execution: POrchAPI_TMVUltracs_Transfer_Invalid_Transfer_Reference_Return_Error:["[TransferRefValue, transfer]","[StatusCode, 400]"]
[2025-09-05 12:26:27 INF] Finished Test Execution: POrchAPI_TMVUltracs_Transfer_Invalid_Transfer_Reference_Return_Error
[2025-09-05 12:26:27 INF] ---------------------------------------------------



TestContext Messages:
Given a TMV to Ultracs POrch TransferRequest is created
-&gt; done: POrchAPIStepDefinitions.ConditionalPOrchTransferRequestIsCreated("TMV", "Ultracs") (0.0s)
And the Transfer Reference is transfer
-&gt; done: POrchAPIStepDefinitions.TheTransferReferenceIs("transfer") (0.0s)
When POrch Transfer API is called
-&gt; done: POrchAPIStepDefinitions.WhenPOrchAPIIsCalled("Transfer") (0.0s)
Then the request should return status code 400
-&gt; done: POrchAPIStepDefinitions.ThenTheRequestShouldReturnStatusCode(400) (0.0s)</StdOut>
      </Output>
    </UnitTestResult>
    <UnitTestResult executionId="f16e6d9d-a279-4f53-8a4d-230b5c4a1df9" testId="d474115b-5d44-792f-c0b3-6286fc08511c" testName="POrchAPI_Transfer_Invalid_Creditor_Account_Source_Return_Error (TNV,400,'CreditorAccountSource' can only be Ultracs or TMV for transfers.,)" computerName="ip-10-130-163-242" duration="00:00:00.0092891" startTime="2025-09-05T12:26:27.0104513+12:00" endTime="2025-09-05T12:26:27.0198339+12:00" testType="13cdc9d9-ddb5-4fa4-a97d-d965ccfc6d4b" outcome="Passed" testListId="8c84fa94-04c1-424b-9868-57a2d4851a1d" relativeResultsDirectory="f16e6d9d-a279-4f53-8a4d-230b5c4a1df9">
      <Output>
        <StdOut>[2025-09-05 12:26:27 INF] Starting Test Execution: POrchAPI_Transfer_Invalid_Creditor_Account_Source_Return_Error:["[AccountSource, TNV]","[StatusCode, 400]","[ErrorMessage, 'CreditorAccountSource' can only be Ultracs or TMV for transfers.]"]
[2025-09-05 12:26:27 INF] Finished Test Execution: POrchAPI_Transfer_Invalid_Creditor_Account_Source_Return_Error
[2025-09-05 12:26:27 INF] ---------------------------------------------------



TestContext Messages:
Given a POrch TransferRequest is created
-&gt; done: POrchAPIStepDefinitions.GivenAPOrchTransferRequestIsCreated() (0.0s)
And the transfer Creditor Account Source is TNV
-&gt; done: POrchAPIStepDefinitions.GivenTheTransferCreditorAccountSourceIs("TNV") (0.0s)
When POrch Transfer API is called
-&gt; done: POrchAPIStepDefinitions.WhenPOrchAPIIsCalled("Transfer") (0.0s)
Then the request should return status code 400
-&gt; done: POrchAPIStepDefinitions.ThenTheRequestShouldReturnStatusCode(400) (0.0s)
And the error message should be 'CreditorAccountSource' can only be Ultracs or TMV for transfers.
-&gt; done: POrchAPIStepDefinitions.ThenTheErrorMessageShouldBeErrorMessage("'CreditorAccountS...") (0.0s)</StdOut>
      </Output>
    </UnitTestResult>
    <UnitTestResult executionId="c1c59567-e417-47fe-b53e-a313bb333547" testId="0c35ab26-c024-d956-23a5-b4f2d6aef4c2" testName="POrchAPI_UltracsTMV_Transfer_Invalid_Transfer_Reference_Return_Error (transfer,400,)" computerName="ip-10-130-163-242" duration="00:00:00.0089874" startTime="2025-09-05T12:26:27.0495643+12:00" endTime="2025-09-05T12:26:27.0586453+12:00" testType="13cdc9d9-ddb5-4fa4-a97d-d965ccfc6d4b" outcome="Passed" testListId="8c84fa94-04c1-424b-9868-57a2d4851a1d" relativeResultsDirectory="c1c59567-e417-47fe-b53e-a313bb333547">
      <Output>
        <StdOut>[2025-09-05 12:26:27 INF] Starting Test Execution: POrchAPI_UltracsTMV_Transfer_Invalid_Transfer_Reference_Return_Error:["[TransferRefValue, transfer]","[StatusCode, 400]"]
[2025-09-05 12:26:27 INF] Finished Test Execution: POrchAPI_UltracsTMV_Transfer_Invalid_Transfer_Reference_Return_Error
[2025-09-05 12:26:27 INF] ---------------------------------------------------



TestContext Messages:
Given a Ultracs to TMV POrch TransferRequest is created
-&gt; done: POrchAPIStepDefinitions.ConditionalPOrchTransferRequestIsCreated("Ultracs", "TMV") (0.0s)
And the Transfer Reference is transfer
-&gt; done: POrchAPIStepDefinitions.TheTransferReferenceIs("transfer") (0.0s)
When POrch Transfer API is called
-&gt; done: POrchAPIStepDefinitions.WhenPOrchAPIIsCalled("Transfer") (0.0s)
Then the request should return status code 400
-&gt; done: POrchAPIStepDefinitions.ThenTheRequestShouldReturnStatusCode(400) (0.0s)</StdOut>
      </Output>
    </UnitTestResult>
    <UnitTestResult executionId="16c9a881-e078-4411-8c33-eec3ce3f5945" testId="ecec72ae-4a1b-0909-ceb8-34060384e02f" testName="POrchAPI_Various_Amounts_Return_Error_When_Length_Exceeded (1.234,,)" computerName="ip-10-130-163-242" duration="00:00:01.0736816" startTime="2025-09-05T12:24:07.0185574+12:00" endTime="2025-09-05T12:24:08.0928946+12:00" testType="13cdc9d9-ddb5-4fa4-a97d-d965ccfc6d4b" outcome="Passed" testListId="8c84fa94-04c1-424b-9868-57a2d4851a1d" relativeResultsDirectory="16c9a881-e078-4411-8c33-eec3ce3f5945">
      <Output>
        <StdOut>[2025-09-05 12:24:07 INF] Starting Test Execution: POrchAPI_Various_Amounts_Return_Error_When_Length_Exceeded:["[Amount, 1.234]"]
[2025-09-05 12:24:07 INF] Mocks are not ready after 1 / 5 attempt(s). Expected 2 mock(s) to be registered with the manager and got 0.
[2025-09-05 12:24:07 INF] Successfully created map FraudcheckMock_Authorize_79b861d2-be62-4900-92fc-df2a990e035b for /api/v1/financial-transaction-fraud-checks
[2025-09-05 12:24:07 INF] Successfully created map MiddlewareMock_Success_d7f246d6-d6e4-4414-a74a-654da869b9bd for /initialisepaymentorder/basic
[2025-09-05 12:24:08 INF] Finished Test Execution: POrchAPI_Various_Amounts_Return_Error_When_Length_Exceeded
[2025-09-05 12:24:08 INF] ---------------------------------------------------



TestContext Messages:
Given a POrch PaymentRequest is created
-&gt; done: POrchAPIStepDefinitions.GivenAPOrchPaymentRequestIsCreated() (0.0s)
And the Payment Amount Field is 1.234
-&gt; done: POrchAPIStepDefinitions.WhenTheAcountFieldIs("Payment", "1.234") (0.0s)
And FraudCheck Response is Authorize
-&gt; done: POrchAPIStepDefinitions.SetFraudCheckResponse("Authorize") (0.0s)
And MiddleWare Response is Success
-&gt; done: POrchAPIStepDefinitions.SetMiddlewareResponse("Success") (0.0s)
When POrch Payment API is called
-&gt; done: POrchAPIStepDefinitions.WhenPOrchAPIIsCalled("Payment") (1.1s)
Then the request should return status code 400
-&gt; done: POrchAPIStepDefinitions.ThenTheRequestShouldReturnStatusCode(400) (0.0s)</StdOut>
      </Output>
    </UnitTestResult>
    <UnitTestResult executionId="58721519-6fc8-4a7b-bfbd-a616b0d7c8d1" testId="01acd6f1-ea71-38f7-18ae-626b04ac3478" testName="POrchAPI_Negative_FraudCheck_Response_Close_Middleware_409 (Decline,409,)" computerName="ip-10-130-163-242" duration="00:00:01.0861245" startTime="2025-09-05T12:24:47.9949517+12:00" endTime="2025-09-05T12:24:49.0812930+12:00" testType="13cdc9d9-ddb5-4fa4-a97d-d965ccfc6d4b" outcome="Passed" testListId="8c84fa94-04c1-424b-9868-57a2d4851a1d" relativeResultsDirectory="58721519-6fc8-4a7b-bfbd-a616b0d7c8d1">
      <Output>
        <StdOut>[2025-09-05 12:24:47 INF] Starting Test Execution: POrchAPI_Negative_FraudCheck_Response_Close_Middleware_409:["[Result, Decline]","[StatusCode, 409]"]
[2025-09-05 12:24:47 INF] Mocks are not ready after 1 / 5 attempt(s). Expected 3 mock(s) to be registered with the manager and got 0.
[2025-09-05 12:24:47 INF] Successfully created map FraudcheckMock_Decline_4fb55b05-2cce-473e-a7d0-8fb5ad6f41fb for /api/v1/financial-transaction-fraud-checks
[2025-09-05 12:24:47 INF] Successfully created map MiddlewareMock_FrozenError_f62f6d7b-1463-4ae2-8701-96b38fd663b0 for /initialisepaymentorder/basic
[2025-09-05 12:24:48 INF] Successfully created map PartyActivityServiceMock_Created_a27ac7d5-8f08-4834-8def-3f75683d064d for /v2/activities
[2025-09-05 12:24:49 INF] Response has PaymentId: f3d014a9-8f2f-4d7c-92e1-a62a37258d4d
[2025-09-05 12:24:49 INF] Finished Test Execution: POrchAPI_Negative_FraudCheck_Response_Close_Middleware_409
[2025-09-05 12:24:49 INF] ---------------------------------------------------



TestContext Messages:
Given a POrch PaymentRequest is created
-&gt; done: POrchAPIStepDefinitions.GivenAPOrchPaymentRequestIsCreated() (0.0s)
And FraudCheck Response is Decline
-&gt; done: POrchAPIStepDefinitions.SetFraudCheckResponse("Decline") (0.0s)
And MiddleWare Response is FrozenError
-&gt; done: POrchAPIStepDefinitions.SetMiddlewareResponse("FrozenError") (0.0s)
And the PAS response is Created
-&gt; done: POrchAPIStepDefinitions.ThePasResponseIs("Created") (0.0s)
When POrch Payment API is called
-&gt; done: POrchAPIStepDefinitions.WhenPOrchAPIIsCalled("Payment") (1.1s)
Then the request should return status code 409
-&gt; done: POrchAPIStepDefinitions.ThenTheRequestShouldReturnStatusCode(409) (0.0s)</StdOut>
      </Output>
    </UnitTestResult>
    <UnitTestResult executionId="8487e1d6-3976-4547-8363-29c48fa15113" testId="0ab27023-6f4f-398c-0875-29e91f222b81" testName="POrchAPI_Other_Middleware_Responses_Do_Not_Retry (AccountNumberIsInvalidError,409,)" computerName="ip-10-130-163-242" duration="00:00:01.0808599" startTime="2025-09-05T12:25:38.8880658+12:00" endTime="2025-09-05T12:25:39.9690585+12:00" testType="13cdc9d9-ddb5-4fa4-a97d-d965ccfc6d4b" outcome="Passed" testListId="8c84fa94-04c1-424b-9868-57a2d4851a1d" relativeResultsDirectory="8487e1d6-3976-4547-8363-29c48fa15113">
      <Output>
        <StdOut>[2025-09-05 12:25:38 INF] Starting Test Execution: POrchAPI_Other_Middleware_Responses_Do_Not_Retry:["[Response, AccountNumberIsInvalidError]","[StatusCode, 409]"]
[2025-09-05 12:25:38 INF] Mocks are not ready after 1 / 5 attempt(s). Expected 3 mock(s) to be registered with the manager and got 0.
[2025-09-05 12:25:38 INF] Successfully created map FraudcheckMock_Authorize_7a7fffd2-81b8-4b2a-8d11-d26618b66a5b for /api/v1/financial-transaction-fraud-checks
[2025-09-05 12:25:38 INF] Successfully created map MiddlewareFailure_AccountNumberIsInvalidError_2e0a4a01-783d-43e0-9885-4bb35b4dc27b_1 for /initialisepaymentorder/basic
[2025-09-05 12:25:38 INF] Successfully created map MiddlewareSuccess_912325f4-a75d-4b78-8195-3fa639875caf for /initialisepaymentorder/basic
[2025-09-05 12:25:39 INF] Response has PaymentId: a074dcdd-e526-4475-9815-c5359a7b7073
[2025-09-05 12:25:39 INF] Finished Test Execution: POrchAPI_Other_Middleware_Responses_Do_Not_Retry
[2025-09-05 12:25:39 INF] ---------------------------------------------------



TestContext Messages:
Given a POrch PaymentRequest is created
-&gt; done: POrchAPIStepDefinitions.GivenAPOrchPaymentRequestIsCreated() (0.0s)
And the credit Account is 389300099302202
-&gt; done: POrchAPIStepDefinitions.WhenTheCreditAccountIs("389300099302202") (0.0s)
And FraudCheck Response is Authorize
-&gt; done: POrchAPIStepDefinitions.SetFraudCheckResponse("Authorize") (0.0s)
And the Middleware responses will be AccountNumberIsInvalidError then 201
-&gt; done: POrchAPIStepDefinitions.GivenTheMiddlewareResponsesWillBe("AccountNumberIsIn...") (0.0s)
When POrch Payment API is called
-&gt; done: POrchAPIStepDefinitions.WhenPOrchAPIIsCalled("Payment") (1.1s)
Then the request should return status code 409
-&gt; done: POrchAPIStepDefinitions.ThenTheRequestShouldReturnStatusCode(409) (0.0s)</StdOut>
      </Output>
    </UnitTestResult>
    <UnitTestResult executionId="cdfd5138-d2a6-4369-acb2-f5f9c0e0d285" testId="0cf8d1ee-2aa5-1f26-f781-4fea09aaca63" testName="POrchAPI_Invalid_Debtor_Code_Return_Error (\,400,)" computerName="ip-10-130-163-242" duration="00:00:00.0073245" startTime="2025-09-05T12:25:02.8359188+12:00" endTime="2025-09-05T12:25:02.8433638+12:00" testType="13cdc9d9-ddb5-4fa4-a97d-d965ccfc6d4b" outcome="Passed" testListId="8c84fa94-04c1-424b-9868-57a2d4851a1d" relativeResultsDirectory="cdfd5138-d2a6-4369-acb2-f5f9c0e0d285">
      <Output>
        <StdOut>[2025-09-05 12:25:02 INF] Starting Test Execution: POrchAPI_Invalid_Debtor_Code_Return_Error:["[DebtorCodeValue, \\]","[StatusCode, 400]"]
[2025-09-05 12:25:02 INF] Finished Test Execution: POrchAPI_Invalid_Debtor_Code_Return_Error
[2025-09-05 12:25:02 INF] ---------------------------------------------------



TestContext Messages:
Given a POrch PaymentRequest is created
-&gt; done: POrchAPIStepDefinitions.GivenAPOrchPaymentRequestIsCreated() (0.0s)
And the Payment Debtor Code is \
-&gt; done: POrchAPIStepDefinitions.WhenTheDebtorCodeIs("Payment", "\") (0.0s)
When POrch Payment API is called
-&gt; done: POrchAPIStepDefinitions.WhenPOrchAPIIsCalled("Payment") (0.0s)
Then the request should return status code 400
-&gt; done: POrchAPIStepDefinitions.ThenTheRequestShouldReturnStatusCode(400) (0.0s)</StdOut>
      </Output>
    </UnitTestResult>
    <UnitTestResult executionId="908f0259-6bf4-4963-9965-890975d9fa5c" testId="86732163-4051-7399-a1b7-021a42dcb384" testName="POrchAPI_Various_Amounts_Return_Error_When_Length_Exceeded (01234567890.11,,)" computerName="ip-10-130-163-242" duration="00:00:01.0205965" startTime="2025-09-05T12:24:09.1139673+12:00" endTime="2025-09-05T12:24:10.1348494+12:00" testType="13cdc9d9-ddb5-4fa4-a97d-d965ccfc6d4b" outcome="Passed" testListId="8c84fa94-04c1-424b-9868-57a2d4851a1d" relativeResultsDirectory="908f0259-6bf4-4963-9965-890975d9fa5c">
      <Output>
        <StdOut>[2025-09-05 12:24:09 INF] Starting Test Execution: POrchAPI_Various_Amounts_Return_Error_When_Length_Exceeded:["[Amount, 01234567890.11]"]
[2025-09-05 12:24:09 INF] Mocks are not ready after 1 / 5 attempt(s). Expected 2 mock(s) to be registered with the manager and got 0.
[2025-09-05 12:24:09 INF] Successfully created map FraudcheckMock_Authorize_04192e97-3180-4c94-a3f2-9a6369c1a5f1 for /api/v1/financial-transaction-fraud-checks
[2025-09-05 12:24:09 INF] Successfully created map MiddlewareMock_Success_342c1162-a20c-4760-be07-c97579e4bfdd for /initialisepaymentorder/basic
[2025-09-05 12:24:10 INF] Finished Test Execution: POrchAPI_Various_Amounts_Return_Error_When_Length_Exceeded
[2025-09-05 12:24:10 INF] ---------------------------------------------------



TestContext Messages:
Given a POrch PaymentRequest is created
-&gt; done: POrchAPIStepDefinitions.GivenAPOrchPaymentRequestIsCreated() (0.0s)
And the Payment Amount Field is 01234567890.11
-&gt; done: POrchAPIStepDefinitions.WhenTheAcountFieldIs("Payment", "01234567890.11") (0.0s)
And FraudCheck Response is Authorize
-&gt; done: POrchAPIStepDefinitions.SetFraudCheckResponse("Authorize") (0.0s)
And MiddleWare Response is Success
-&gt; done: POrchAPIStepDefinitions.SetMiddlewareResponse("Success") (0.0s)
When POrch Payment API is called
-&gt; done: POrchAPIStepDefinitions.WhenPOrchAPIIsCalled("Payment") (1.0s)
Then the request should return status code 400
-&gt; done: POrchAPIStepDefinitions.ThenTheRequestShouldReturnStatusCode(400) (0.0s)</StdOut>
      </Output>
    </UnitTestResult>
    <UnitTestResult executionId="ff47184c-350b-4f13-bc30-1e4d333e69eb" testId="04b793ec-5c62-ae5e-cd50-abedc55872c6" testName="POrchAPI_Other_Middleware_Responses_Do_Not_Retry (UltracsDownError,500,)" computerName="ip-10-130-163-242" duration="00:00:01.0858146" startTime="2025-09-05T12:25:42.1408226+12:00" endTime="2025-09-05T12:25:43.2268113+12:00" testType="13cdc9d9-ddb5-4fa4-a97d-d965ccfc6d4b" outcome="Passed" testListId="8c84fa94-04c1-424b-9868-57a2d4851a1d" relativeResultsDirectory="ff47184c-350b-4f13-bc30-1e4d333e69eb">
      <Output>
        <StdOut>[2025-09-05 12:25:42 INF] Starting Test Execution: POrchAPI_Other_Middleware_Responses_Do_Not_Retry:["[Response, UltracsDownError]","[StatusCode, 500]"]
[2025-09-05 12:25:42 INF] Mocks are not ready after 1 / 5 attempt(s). Expected 3 mock(s) to be registered with the manager and got 0.
[2025-09-05 12:25:42 INF] Successfully created map FraudcheckMock_Authorize_0d53afe4-47dc-44a0-b7e1-e9418e91ea4f for /api/v1/financial-transaction-fraud-checks
[2025-09-05 12:25:42 INF] Successfully created map MiddlewareSuccess_de815c70-41ad-41dc-a8a0-40b5c55a3e7a for /initialisepaymentorder/basic
[2025-09-05 12:25:42 INF] Successfully created map MiddlewareFailure_UltracsDownError_40bb24c1-424b-4c10-bd8c-567f9a88187c_1 for /initialisepaymentorder/basic
[2025-09-05 12:25:43 INF] Finished Test Execution: POrchAPI_Other_Middleware_Responses_Do_Not_Retry
[2025-09-05 12:25:43 INF] ---------------------------------------------------



TestContext Messages:
Given a POrch PaymentRequest is created
-&gt; done: POrchAPIStepDefinitions.GivenAPOrchPaymentRequestIsCreated() (0.0s)
And the credit Account is 389300099302202
-&gt; done: POrchAPIStepDefinitions.WhenTheCreditAccountIs("389300099302202") (0.0s)
And FraudCheck Response is Authorize
-&gt; done: POrchAPIStepDefinitions.SetFraudCheckResponse("Authorize") (0.0s)
And the Middleware responses will be UltracsDownError then 201
-&gt; done: POrchAPIStepDefinitions.GivenTheMiddlewareResponsesWillBe("UltracsDownError") (0.0s)
When POrch Payment API is called
-&gt; done: POrchAPIStepDefinitions.WhenPOrchAPIIsCalled("Payment") (1.1s)
Then the request should return status code 500
-&gt; done: POrchAPIStepDefinitions.ThenTheRequestShouldReturnStatusCode(500) (0.0s)</StdOut>
      </Output>
    </UnitTestResult>
    <UnitTestResult executionId="6755ac91-6f26-4595-919f-f50e83de8171" testId="9fa4029e-04c2-4fbb-0305-224cc2bc4579" testName="POrchNRT_Unsuccessful_Response_From_NRT (PaymentNrtBadRequest,,)" computerName="ip-10-130-163-242" duration="00:00:00.0682579" startTime="2025-09-05T12:25:03.8504298+12:00" endTime="2025-09-05T12:25:03.9188590+12:00" testType="13cdc9d9-ddb5-4fa4-a97d-d965ccfc6d4b" outcome="Passed" testListId="8c84fa94-04c1-424b-9868-57a2d4851a1d" relativeResultsDirectory="6755ac91-6f26-4595-919f-f50e83de8171">
      <Output>
        <StdOut>[2025-09-05 12:25:03 INF] Starting Test Execution: POrchNRT_Unsuccessful_Response_From_NRT:["[result, PaymentNrtBadRequest]"]
[2025-09-05 12:25:03 INF] Executed DbCommand (0ms) [Parameters=[], CommandType='Text', CommandTimeout='30']
SELECT n.id, n.attempts, n.created_at, n.payment_id, n.status, n.updated_at
FROM net.nrt_outbox AS n
WHERE n.attempts &gt;= 0
[2025-09-05 12:25:03 INF] Executed DbCommand (1ms) [Parameters=[@p0='?' (DbType = Guid)], CommandType='Text', CommandTimeout='30']
DELETE FROM net.nrt_outbox
WHERE id = @p0;
[2025-09-05 12:25:03 INF] Executed DbCommand (1ms) [Parameters=[@p0='?' (DbType = Guid), @p1='?', @p2='?' (DbType = Decimal), @p3='?' (DbType = DateTime), @p4='?', @p5='?', @p6='?', @p7='?', @p8='?' (DbType = Object), @p9='?' (DbType = Object), @p10='?', @p11='?', @p12='?', @p13='?', @p14='?' (DbType = Object), @p15='?' (DbType = Object), @p16='?' (DbType = Object), @p17='?' (DbType = DateTime), @p18='?' (DbType = Object), @p19='?' (DbType = DateTime), @p20='?' (DbType = Guid), @p21='?' (DbType = Int32), @p22='?' (DbType = DateTime), @p23='?' (DbType = Guid), @p24='?' (DbType = Object), @p25='?' (DbType = DateTime)], CommandType='Text', CommandTimeout='30']
INSERT INTO net.payment (id, access_number, amount, created_at, creditor_account_code, creditor_account_number, creditor_account_particulars, creditor_account_reference, creditor_account_source, currency, debtor_account_code, debtor_account_number, debtor_account_particulars, debtor_account_reference, debtor_account_source, fraud_check_disposition, payment_type, processed_at, status, updated_at)
VALUES (@p0, @p1, @p2, @p3, @p4, @p5, @p6, @p7, @p8, @p9, @p10, @p11, @p12, @p13, @p14, @p15, @p16, @p17, @p18, @p19);
INSERT INTO net.nrt_outbox (id, attempts, created_at, payment_id, status, updated_at)
VALUES (@p20, @p21, @p22, @p23, @p24, @p25);
[2025-09-05 12:25:03 INF] Successfully created map FraudCheckNRTMock_PaymentNrtBadRequest_c3548456-4593-4898-b21c-19310c21c98b for /api/v1/financial-transaction-fraud-checks/83e79cb0-04d8-4d90-8a46-f08f4c5bc135
[2025-09-05 12:25:03 INF] Executed DbCommand (1ms) [Parameters=[@__p_0='?' (DbType = Guid)], CommandType='Text', CommandTimeout='30']
SELECT n.id, n.attempts, n.created_at, n.payment_id, n.status, n.updated_at
FROM net.nrt_outbox AS n
WHERE n.id = @__p_0
LIMIT 1
[2025-09-05 12:25:03 INF] Finished Test Execution: POrchNRT_Unsuccessful_Response_From_NRT
[2025-09-05 12:25:03 INF] ---------------------------------------------------



TestContext Messages:
Given The NRT table is clean
-&gt; done: POrchAPIStepDefinitions.GivenTheNrtTableIsClean() (0.0s)
And there is an NRT entry with payment successful to process
-&gt; done: POrchAPIStepDefinitions.GivenThereIsAnNrtEntryToProcess("successful") (0.0s)
And the NRT entry should be processed with PaymentNrtBadRequest
-&gt; done: POrchAPIStepDefinitions.GivenTheNrtEntryShouldBeProcessedWithUnsuccessfulResult("PaymentNrtBadRequest") (0.0s)
When the NRT Processor Has Run for at most 1 entry
-&gt; done: POrchAPIStepDefinitions.WhenTheNrtProcessorHasRunForAtMostXEntry(1) (0.0s)
Then the NRT entry has status NotSent
-&gt; done: POrchAPIStepDefinitions.ThenTheNrtEntryHasStatus("NotSent") (0.0s)</StdOut>
      </Output>
    </UnitTestResult>
    <UnitTestResult executionId="90c71f82-8ec4-4147-9a6f-1c3587e6f317" testId="bc26215c-221b-e92a-8858-77f541750414" testName="POrchAPI_Invalid_Payee_Code_Return_Error (},400,)" computerName="ip-10-130-163-242" duration="00:00:00.0078215" startTime="2025-09-05T12:25:02.8878271+12:00" endTime="2025-09-05T12:25:02.8957978+12:00" testType="13cdc9d9-ddb5-4fa4-a97d-d965ccfc6d4b" outcome="Passed" testListId="8c84fa94-04c1-424b-9868-57a2d4851a1d" relativeResultsDirectory="90c71f82-8ec4-4147-9a6f-1c3587e6f317">
      <Output>
        <StdOut>[2025-09-05 12:25:02 INF] Starting Test Execution: POrchAPI_Invalid_Payee_Code_Return_Error:["[CreditorCodeValue, }]","[StatusCode, 400]"]
[2025-09-05 12:25:02 INF] Finished Test Execution: POrchAPI_Invalid_Payee_Code_Return_Error
[2025-09-05 12:25:02 INF] ---------------------------------------------------



TestContext Messages:
Given a POrch PaymentRequest is created
-&gt; done: POrchAPIStepDefinitions.GivenAPOrchPaymentRequestIsCreated() (0.0s)
And the Payment Creditor Code is }
-&gt; done: POrchAPIStepDefinitions.WhenTheCreditorCodeIs("Payment", "}") (0.0s)
When POrch Payment API is called
-&gt; done: POrchAPIStepDefinitions.WhenPOrchAPIIsCalled("Payment") (0.0s)
Then the request should return status code 400
-&gt; done: POrchAPIStepDefinitions.ThenTheRequestShouldReturnStatusCode(400) (0.0s)</StdOut>
      </Output>
    </UnitTestResult>
    <UnitTestResult executionId="245d61a9-5de9-4c48-bbd9-28f339af83b5" testId="1012c324-8161-0942-c41e-efe0e24c3068" testName="POrchAPI_Invalid_PAS_Response_Doesnt_Affect_POrch_Result (400,,)" computerName="ip-10-130-163-242" duration="00:00:01.0954217" startTime="2025-09-05T12:24:59.3023188+12:00" endTime="2025-09-05T12:25:00.3979696+12:00" testType="13cdc9d9-ddb5-4fa4-a97d-d965ccfc6d4b" outcome="Passed" testListId="8c84fa94-04c1-424b-9868-57a2d4851a1d" relativeResultsDirectory="245d61a9-5de9-4c48-bbd9-28f339af83b5">
      <Output>
        <StdOut>[2025-09-05 12:24:59 INF] Starting Test Execution: POrchAPI_Invalid_PAS_Response_Doesn't_Affect_POrch_Result:["[PASResponse, 400]"]
[2025-09-05 12:24:59 INF] Mocks are not ready after 1 / 5 attempt(s). Expected 3 mock(s) to be registered with the manager and got 0.
[2025-09-05 12:24:59 INF] Successfully created map FraudcheckMock_Decline_75d8f14d-3c38-47f8-b6ba-44b700545e6b for /api/v1/financial-transaction-fraud-checks
[2025-09-05 12:24:59 INF] Successfully created map PartyActivityServiceMock_400_863761dc-25bd-45ca-8855-4a64920c2ecc for /v2/activities
[2025-09-05 12:24:59 INF] Successfully created map MiddlewareMock_FrozenError_beb82672-0f44-40b6-b12b-27f4f291e6db for /initialisepaymentorder/basic
[2025-09-05 12:25:00 INF] Response has PaymentId: 1e2045a5-fb27-41f9-b5a1-6b6f029d6936
[2025-09-05 12:25:00 INF] Finished Test Execution: POrchAPI_Invalid_PAS_Response_Doesn't_Affect_POrch_Result
[2025-09-05 12:25:00 INF] ---------------------------------------------------



TestContext Messages:
Given a POrch PaymentRequest is created
-&gt; done: POrchAPIStepDefinitions.GivenAPOrchPaymentRequestIsCreated() (0.0s)
And FraudCheck Response is Decline
-&gt; done: POrchAPIStepDefinitions.SetFraudCheckResponse("Decline") (0.0s)
And MiddleWare Response is FrozenError
-&gt; done: POrchAPIStepDefinitions.SetMiddlewareResponse("FrozenError") (0.0s)
And the PAS response is 400
-&gt; done: POrchAPIStepDefinitions.ThePasResponseIs("400") (0.0s)
When POrch Payment API is called
-&gt; done: POrchAPIStepDefinitions.WhenPOrchAPIIsCalled("Payment") (1.1s)
Then the request should return status code 409
-&gt; done: POrchAPIStepDefinitions.ThenTheRequestShouldReturnStatusCode(409) (0.0s)</StdOut>
      </Output>
    </UnitTestResult>
    <UnitTestResult executionId="4e2535fb-3428-4932-aa19-44c711cd03e0" testId="71d1c267-cd8e-60d5-e61b-182ab1bdc68a" testName="POrchAPI_Various_Amounts_Return_Success_When_Below_Max (1.11,,)" computerName="ip-10-130-163-242" duration="00:00:01.0860451" startTime="2025-09-05T12:24:01.5306058+12:00" endTime="2025-09-05T12:24:02.6169471+12:00" testType="13cdc9d9-ddb5-4fa4-a97d-d965ccfc6d4b" outcome="Passed" testListId="8c84fa94-04c1-424b-9868-57a2d4851a1d" relativeResultsDirectory="4e2535fb-3428-4932-aa19-44c711cd03e0">
      <Output>
        <StdOut>[2025-09-05 12:24:01 INF] Starting Test Execution: POrchAPI_Various_Amounts_Return_Success_When_Below_Max:["[Amount, 1.11]"]
[2025-09-05 12:24:01 INF] Mocks are not ready after 1 / 5 attempt(s). Expected 2 mock(s) to be registered with the manager and got 0.
[2025-09-05 12:24:01 INF] Successfully created map FraudcheckMock_Authorize_29c8b59b-f8fc-4853-a2a9-8de3ae94482e for /api/v1/financial-transaction-fraud-checks
[2025-09-05 12:24:01 INF] Successfully created map MiddlewareMock_Success_e91a57c7-0756-42e8-99d1-1b6e71c9f14f for /initialisepaymentorder/basic
[2025-09-05 12:24:02 INF] Response has PaymentId: 7c2711e3-fafd-4791-9d83-e9466df41df6
[2025-09-05 12:24:02 INF] Finished Test Execution: POrchAPI_Various_Amounts_Return_Success_When_Below_Max
[2025-09-05 12:24:02 INF] ---------------------------------------------------



TestContext Messages:
Given a POrch PaymentRequest is created
-&gt; done: POrchAPIStepDefinitions.GivenAPOrchPaymentRequestIsCreated() (0.0s)
And the Payment Amount Field is 1.11
-&gt; done: POrchAPIStepDefinitions.WhenTheAcountFieldIs("Payment", "1.11") (0.0s)
And FraudCheck Response is Authorize
-&gt; done: POrchAPIStepDefinitions.SetFraudCheckResponse("Authorize") (0.0s)
And MiddleWare Response is Success
-&gt; done: POrchAPIStepDefinitions.SetMiddlewareResponse("Success") (0.0s)
When POrch Payment API is called
-&gt; done: POrchAPIStepDefinitions.WhenPOrchAPIIsCalled("Payment") (1.1s)
Then the request should return status code 201
-&gt; done: POrchAPIStepDefinitions.ThenTheRequestShouldReturnStatusCode(201) (0.0s)</StdOut>
      </Output>
    </UnitTestResult>
    <UnitTestResult executionId="5f88eaab-15c6-494a-bb5d-b69567654081" testId="6c1c4578-a7af-aca4-9467-6b8db73501c1" testName="POrchAPI_TMVTMV_Transfer_Send_Transfer_Reference_Return_Error (TRANSFER FROM MR Test - 00,400,)" computerName="ip-10-130-163-242" duration="00:00:00.0067367" startTime="2025-09-05T12:26:27.1223956+12:00" endTime="2025-09-05T12:26:27.1292261+12:00" testType="13cdc9d9-ddb5-4fa4-a97d-d965ccfc6d4b" outcome="Passed" testListId="8c84fa94-04c1-424b-9868-57a2d4851a1d" relativeResultsDirectory="5f88eaab-15c6-494a-bb5d-b69567654081">
      <Output>
        <StdOut>[2025-09-05 12:26:27 INF] Starting Test Execution: POrchAPI_TMVTMV_Transfer_Send_Transfer_Reference_Return_Error:["[TransferRefValue, TRANSFER FROM MR Test - 00]","[StatusCode, 400]"]
[2025-09-05 12:26:27 INF] Finished Test Execution: POrchAPI_TMVTMV_Transfer_Send_Transfer_Reference_Return_Error
[2025-09-05 12:26:27 INF] ---------------------------------------------------



TestContext Messages:
Given a TMV to TMV POrch TransferRequest is created
-&gt; done: POrchAPIStepDefinitions.ConditionalPOrchTransferRequestIsCreated("TMV", "TMV") (0.0s)
And the Transfer Reference is TRANSFER FROM MR Test - 00
-&gt; done: POrchAPIStepDefinitions.TheTransferReferenceIs("TRANSFER FROM MR ...") (0.0s)
When POrch Transfer API is called
-&gt; done: POrchAPIStepDefinitions.WhenPOrchAPIIsCalled("Transfer") (0.0s)
Then the request should return status code 400
-&gt; done: POrchAPIStepDefinitions.ThenTheRequestShouldReturnStatusCode(400) (0.0s)</StdOut>
      </Output>
    </UnitTestResult>
    <UnitTestResult executionId="f4706df5-9ae2-4955-acad-d1c141bc8438" testId="9458c6ec-e5a8-9efa-fa5f-996f70cbe542" testName="POrchAPI_UltracsTMV_Transfer_Invalid_Transfer_Reference_Return_Error (transfer from MR Test - 00,400,)" computerName="ip-10-130-163-242" duration="00:00:00.0072798" startTime="2025-09-05T12:26:27.0688271+12:00" endTime="2025-09-05T12:26:27.0762096+12:00" testType="13cdc9d9-ddb5-4fa4-a97d-d965ccfc6d4b" outcome="Passed" testListId="8c84fa94-04c1-424b-9868-57a2d4851a1d" relativeResultsDirectory="f4706df5-9ae2-4955-acad-d1c141bc8438">
      <Output>
        <StdOut>[2025-09-05 12:26:27 INF] Starting Test Execution: POrchAPI_UltracsTMV_Transfer_Invalid_Transfer_Reference_Return_Error:["[TransferRefValue, transfer from MR Test - 00]","[StatusCode, 400]"]
[2025-09-05 12:26:27 INF] Finished Test Execution: POrchAPI_UltracsTMV_Transfer_Invalid_Transfer_Reference_Return_Error
[2025-09-05 12:26:27 INF] ---------------------------------------------------



TestContext Messages:
Given a Ultracs to TMV POrch TransferRequest is created
-&gt; done: POrchAPIStepDefinitions.ConditionalPOrchTransferRequestIsCreated("Ultracs", "TMV") (0.0s)
And the Transfer Reference is transfer from MR Test - 00
-&gt; done: POrchAPIStepDefinitions.TheTransferReferenceIs("transfer from MR ...") (0.0s)
When POrch Transfer API is called
-&gt; done: POrchAPIStepDefinitions.WhenPOrchAPIIsCalled("Transfer") (0.0s)
Then the request should return status code 400
-&gt; done: POrchAPIStepDefinitions.ThenTheRequestShouldReturnStatusCode(400) (0.0s)</StdOut>
      </Output>
    </UnitTestResult>
    <UnitTestResult executionId="78b27764-6cc9-4240-8038-aca60891804a" testId="22e8c9f5-18cd-e757-dd99-5b5cabca4c49" testName="POrchAPI_Transfer_Invalid_Debit_Account_Return_Error (abcdefghijklmnse,400,)" computerName="ip-10-130-163-242" duration="00:00:00.0077359" startTime="2025-09-05T12:26:26.7594355+12:00" endTime="2025-09-05T12:26:26.7672740+12:00" testType="13cdc9d9-ddb5-4fa4-a97d-d965ccfc6d4b" outcome="Passed" testListId="8c84fa94-04c1-424b-9868-57a2d4851a1d" relativeResultsDirectory="78b27764-6cc9-4240-8038-aca60891804a">
      <Output>
        <StdOut>[2025-09-05 12:26:26 INF] Starting Test Execution: POrchAPI_Transfer_Invalid_Debit_Account_Return_Error:["[DebitAccountValue, abcdefghijklmnse]","[StatusCode, 400]"]
[2025-09-05 12:26:26 INF] Finished Test Execution: POrchAPI_Transfer_Invalid_Debit_Account_Return_Error
[2025-09-05 12:26:26 INF] ---------------------------------------------------



TestContext Messages:
Given a POrch TransferRequest is created
-&gt; done: POrchAPIStepDefinitions.GivenAPOrchTransferRequestIsCreated() (0.0s)
And the Transfer Debit Account field is abcdefghijklmnse
-&gt; done: POrchAPIStepDefinitions.WhenTheDebitAccountFieldIs("Transfer", "abcdefghijklmnse") (0.0s)
When POrch Transfer API is called
-&gt; done: POrchAPIStepDefinitions.WhenPOrchAPIIsCalled("Transfer") (0.0s)
Then the request should return status code 400
-&gt; done: POrchAPIStepDefinitions.ThenTheRequestShouldReturnStatusCode(400) (0.0s)</StdOut>
      </Output>
    </UnitTestResult>
    <UnitTestResult executionId="7375f639-20b3-4c79-bc7e-91df50297e69" testId="478f3d78-10b6-28a4-5366-966921546be8" testName="POrchAPI_Transfer_Invalid_Debit_Account_Return_Error (1200000000000000,400,)" computerName="ip-10-130-163-242" duration="00:00:00.0087453" startTime="2025-09-05T12:26:26.7505334+12:00" endTime="2025-09-05T12:26:26.7594013+12:00" testType="13cdc9d9-ddb5-4fa4-a97d-d965ccfc6d4b" outcome="Passed" testListId="8c84fa94-04c1-424b-9868-57a2d4851a1d" relativeResultsDirectory="7375f639-20b3-4c79-bc7e-91df50297e69">
      <Output>
        <StdOut>[2025-09-05 12:26:26 INF] Starting Test Execution: POrchAPI_Transfer_Invalid_Debit_Account_Return_Error:["[DebitAccountValue, 1200000000000000]","[StatusCode, 400]"]
[2025-09-05 12:26:26 INF] Finished Test Execution: POrchAPI_Transfer_Invalid_Debit_Account_Return_Error
[2025-09-05 12:26:26 INF] ---------------------------------------------------



TestContext Messages:
Given a POrch TransferRequest is created
-&gt; done: POrchAPIStepDefinitions.GivenAPOrchTransferRequestIsCreated() (0.0s)
And the Transfer Debit Account field is 1200000000000000
-&gt; done: POrchAPIStepDefinitions.WhenTheDebitAccountFieldIs("Transfer", "1200000000000000") (0.0s)
When POrch Transfer API is called
-&gt; done: POrchAPIStepDefinitions.WhenPOrchAPIIsCalled("Transfer") (0.0s)
Then the request should return status code 400
-&gt; done: POrchAPIStepDefinitions.ThenTheRequestShouldReturnStatusCode(400) (0.0s)</StdOut>
      </Output>
    </UnitTestResult>
    <UnitTestResult executionId="af9a748f-b998-49e5-aea4-8cb86874f981" testId="af19f751-b680-6600-9f8b-34f9762fb7cf" testName="POrchAPI_Valid_Creditor_Particulars_Return_Success (()+$*!;-/?:,201,)" computerName="ip-10-130-163-242" duration="00:00:01.0920241" startTime="2025-09-05T12:24:14.3468325+12:00" endTime="2025-09-05T12:24:15.4392006+12:00" testType="13cdc9d9-ddb5-4fa4-a97d-d965ccfc6d4b" outcome="Passed" testListId="8c84fa94-04c1-424b-9868-57a2d4851a1d" relativeResultsDirectory="af9a748f-b998-49e5-aea4-8cb86874f981">
      <Output>
        <StdOut>[2025-09-05 12:24:14 INF] Starting Test Execution: POrchAPI_Valid_Creditor_Particulars_Return_Success:["[CreditorParticularsValue, ()+$*!;-/?:]","[StatusCode, 201]"]
[2025-09-05 12:24:14 INF] Mocks are not ready after 1 / 5 attempt(s). Expected 2 mock(s) to be registered with the manager and got 0.
[2025-09-05 12:24:14 INF] Successfully created map FraudcheckMock_Authorize_751d2625-f34a-447d-9ed3-f4f7253e04f2 for /api/v1/financial-transaction-fraud-checks
[2025-09-05 12:24:14 INF] Successfully created map MiddlewareMock_Success_969e0318-a9f6-4355-969a-af4edfa7d087 for /initialisepaymentorder/basic
[2025-09-05 12:24:15 INF] Response has PaymentId: 9141a677-1674-444b-a8fc-46d1d8b15a12
[2025-09-05 12:24:15 INF] Finished Test Execution: POrchAPI_Valid_Creditor_Particulars_Return_Success
[2025-09-05 12:24:15 INF] ---------------------------------------------------



TestContext Messages:
Given a POrch PaymentRequest is created
-&gt; done: POrchAPIStepDefinitions.GivenAPOrchPaymentRequestIsCreated() (0.0s)
And the Payment Creditor particulars is ()+$*!;-/?:
-&gt; done: POrchAPIStepDefinitions.WhenTheCreditorParticularsIs("Payment", "()+$*!;-/?:") (0.0s)
And FraudCheck Response is Authorize
-&gt; done: POrchAPIStepDefinitions.SetFraudCheckResponse("Authorize") (0.0s)
And MiddleWare Response is Success
-&gt; done: POrchAPIStepDefinitions.SetMiddlewareResponse("Success") (0.0s)
When POrch Payment API is called
-&gt; done: POrchAPIStepDefinitions.WhenPOrchAPIIsCalled("Payment") (1.1s)
Then the request should return status code 201
-&gt; done: POrchAPIStepDefinitions.ThenTheRequestShouldReturnStatusCode(201) (0.0s)</StdOut>
      </Output>
    </UnitTestResult>
    <UnitTestResult executionId="bf852900-5376-403b-8f55-ae5856f0c1c8" testId="00c87c90-5fed-a59e-5da9-bdf8fc828b36" testName="POrchAPI_Negative_FraudCheck_Success_Middleware_Response (Decline,409,)" computerName="ip-10-130-163-242" duration="00:00:01.0786116" startTime="2025-09-05T12:24:43.6892294+12:00" endTime="2025-09-05T12:24:44.7680081+12:00" testType="13cdc9d9-ddb5-4fa4-a97d-d965ccfc6d4b" outcome="Passed" testListId="8c84fa94-04c1-424b-9868-57a2d4851a1d" relativeResultsDirectory="bf852900-5376-403b-8f55-ae5856f0c1c8">
      <Output>
        <StdOut>[2025-09-05 12:24:43 INF] Starting Test Execution: POrchAPI_Negative_FraudCheck_Success_Middleware_Response:["[Result, Decline]","[StatusCode, 409]"]
[2025-09-05 12:24:43 INF] Mocks are not ready after 1 / 5 attempt(s). Expected 3 mock(s) to be registered with the manager and got 0.
[2025-09-05 12:24:43 INF] Successfully created map FraudcheckMock_Decline_865e4538-b0ab-4cd5-9b27-f46d40bf5aef for /api/v1/financial-transaction-fraud-checks
[2025-09-05 12:24:43 INF] Successfully created map PartyActivityServiceMock_Created_7f446a74-86f8-4cb6-b689-7027508018b4 for /v2/activities
[2025-09-05 12:24:43 INF] Successfully created map MiddlewareMock_Success_edf7799d-2012-4acf-b6d5-ac25fd4935fb for /initialisepaymentorder/basic
[2025-09-05 12:24:44 INF] Response has PaymentId: 8d371015-8986-445b-b33a-5dca78d2a494
[2025-09-05 12:24:44 INF] Finished Test Execution: POrchAPI_Negative_FraudCheck_Success_Middleware_Response
[2025-09-05 12:24:44 INF] ---------------------------------------------------



TestContext Messages:
Given a POrch PaymentRequest is created
-&gt; done: POrchAPIStepDefinitions.GivenAPOrchPaymentRequestIsCreated() (0.0s)
And FraudCheck Response is Decline
-&gt; done: POrchAPIStepDefinitions.SetFraudCheckResponse("Decline") (0.0s)
And MiddleWare Response is Success
-&gt; done: POrchAPIStepDefinitions.SetMiddlewareResponse("Success") (0.0s)
And the PAS response is Created
-&gt; done: POrchAPIStepDefinitions.ThePasResponseIs("Created") (0.0s)
When POrch Payment API is called
-&gt; done: POrchAPIStepDefinitions.WhenPOrchAPIIsCalled("Payment") (1.1s)
Then the request should return status code 409
-&gt; done: POrchAPIStepDefinitions.ThenTheRequestShouldReturnStatusCode(409) (0.0s)</StdOut>
      </Output>
    </UnitTestResult>
    <UnitTestResult executionId="fbebe2b2-72e9-453f-a735-c456eb742588" testId="fcc87965-3b73-69f4-c122-fdfc94e1d8cb" testName="POrchAPI_Various_Amounts_Return_Error_When_Length_Exceeded (00000000000.01,,)" computerName="ip-10-130-163-242" duration="00:00:01.0205977" startTime="2025-09-05T12:24:08.0929894+12:00" endTime="2025-09-05T12:24:09.1138733+12:00" testType="13cdc9d9-ddb5-4fa4-a97d-d965ccfc6d4b" outcome="Passed" testListId="8c84fa94-04c1-424b-9868-57a2d4851a1d" relativeResultsDirectory="fbebe2b2-72e9-453f-a735-c456eb742588">
      <Output>
        <StdOut>[2025-09-05 12:24:08 INF] Starting Test Execution: POrchAPI_Various_Amounts_Return_Error_When_Length_Exceeded:["[Amount, 00000000000.01]"]
[2025-09-05 12:24:08 INF] Mocks are not ready after 1 / 5 attempt(s). Expected 2 mock(s) to be registered with the manager and got 0.
[2025-09-05 12:24:08 INF] Successfully created map FraudcheckMock_Authorize_43c655b7-6389-4ed9-adeb-edb0d6f576c5 for /api/v1/financial-transaction-fraud-checks
[2025-09-05 12:24:08 INF] Successfully created map MiddlewareMock_Success_37480533-9d87-49d3-a8fe-1d0aaebf6b37 for /initialisepaymentorder/basic
[2025-09-05 12:24:09 INF] Finished Test Execution: POrchAPI_Various_Amounts_Return_Error_When_Length_Exceeded
[2025-09-05 12:24:09 INF] ---------------------------------------------------



TestContext Messages:
Given a POrch PaymentRequest is created
-&gt; done: POrchAPIStepDefinitions.GivenAPOrchPaymentRequestIsCreated() (0.0s)
And the Payment Amount Field is 00000000000.01
-&gt; done: POrchAPIStepDefinitions.WhenTheAcountFieldIs("Payment", "00000000000.01") (0.0s)
And FraudCheck Response is Authorize
-&gt; done: POrchAPIStepDefinitions.SetFraudCheckResponse("Authorize") (0.0s)
And MiddleWare Response is Success
-&gt; done: POrchAPIStepDefinitions.SetMiddlewareResponse("Success") (0.0s)
When POrch Payment API is called
-&gt; done: POrchAPIStepDefinitions.WhenPOrchAPIIsCalled("Payment") (1.0s)
Then the request should return status code 400
-&gt; done: POrchAPIStepDefinitions.ThenTheRequestShouldReturnStatusCode(400) (0.0s)</StdOut>
      </Output>
    </UnitTestResult>
    <UnitTestResult executionId="ecf83111-eef2-44f5-9ba5-ccb43755664b" testId="321a1e37-ed3f-fdc1-45f5-8b14a2fd9d22" testName="POrchAPI_Invalid_Currency_Return_Error (Random,400,)" computerName="ip-10-130-163-242" duration="00:00:00.0080782" startTime="2025-09-05T12:25:02.6769876+12:00" endTime="2025-09-05T12:25:02.6852052+12:00" testType="13cdc9d9-ddb5-4fa4-a97d-d965ccfc6d4b" outcome="Passed" testListId="8c84fa94-04c1-424b-9868-57a2d4851a1d" relativeResultsDirectory="ecf83111-eef2-44f5-9ba5-ccb43755664b">
      <Output>
        <StdOut>[2025-09-05 12:25:02 INF] Starting Test Execution: POrchAPI_Invalid_Currency_Return_Error:["[CurrencyValue, Random]","[StatusCode, 400]"]
[2025-09-05 12:25:02 INF] Finished Test Execution: POrchAPI_Invalid_Currency_Return_Error
[2025-09-05 12:25:02 INF] ---------------------------------------------------



TestContext Messages:
Given a POrch PaymentRequest is created
-&gt; done: POrchAPIStepDefinitions.GivenAPOrchPaymentRequestIsCreated() (0.0s)
And the Payment Currency Field is Random
-&gt; done: POrchAPIStepDefinitions.WhenTheCurrencyFieldIs("Payment", "Random") (0.0s)
When POrch Payment API is called
-&gt; done: POrchAPIStepDefinitions.WhenPOrchAPIIsCalled("Payment") (0.0s)
Then the request should return status code 400
-&gt; done: POrchAPIStepDefinitions.ThenTheRequestShouldReturnStatusCode(400) (0.0s)</StdOut>
      </Output>
    </UnitTestResult>
    <UnitTestResult executionId="5b59a1b2-4752-4cd7-b193-3d74daea50be" testId="9509b487-31fb-cc34-9fec-375f308c64f1" testName="POrchAPI_Various_Amounts_Return_Error_When_Length_Exceeded (12345678901.1,,)" computerName="ip-10-130-163-242" duration="00:00:01.0235334" startTime="2025-09-05T12:24:10.1349736+12:00" endTime="2025-09-05T12:24:11.1588307+12:00" testType="13cdc9d9-ddb5-4fa4-a97d-d965ccfc6d4b" outcome="Passed" testListId="8c84fa94-04c1-424b-9868-57a2d4851a1d" relativeResultsDirectory="5b59a1b2-4752-4cd7-b193-3d74daea50be">
      <Output>
        <StdOut>[2025-09-05 12:24:10 INF] Starting Test Execution: POrchAPI_Various_Amounts_Return_Error_When_Length_Exceeded:["[Amount, 12345678901.1]"]
[2025-09-05 12:24:10 INF] Mocks are not ready after 1 / 5 attempt(s). Expected 2 mock(s) to be registered with the manager and got 0.
[2025-09-05 12:24:10 INF] Successfully created map FraudcheckMock_Authorize_5a02d00e-2163-4efb-894a-2d848592237b for /api/v1/financial-transaction-fraud-checks
[2025-09-05 12:24:10 INF] Successfully created map MiddlewareMock_Success_9d8a820d-d49b-4673-aaf7-e5ea7232fac7 for /initialisepaymentorder/basic
[2025-09-05 12:24:11 INF] Finished Test Execution: POrchAPI_Various_Amounts_Return_Error_When_Length_Exceeded
[2025-09-05 12:24:11 INF] ---------------------------------------------------



TestContext Messages:
Given a POrch PaymentRequest is created
-&gt; done: POrchAPIStepDefinitions.GivenAPOrchPaymentRequestIsCreated() (0.0s)
And the Payment Amount Field is 12345678901.1
-&gt; done: POrchAPIStepDefinitions.WhenTheAcountFieldIs("Payment", "12345678901.1") (0.0s)
And FraudCheck Response is Authorize
-&gt; done: POrchAPIStepDefinitions.SetFraudCheckResponse("Authorize") (0.0s)
And MiddleWare Response is Success
-&gt; done: POrchAPIStepDefinitions.SetMiddlewareResponse("Success") (0.0s)
When POrch Payment API is called
-&gt; done: POrchAPIStepDefinitions.WhenPOrchAPIIsCalled("Payment") (1.0s)
Then the request should return status code 400
-&gt; done: POrchAPIStepDefinitions.ThenTheRequestShouldReturnStatusCode(400) (0.0s)</StdOut>
      </Output>
    </UnitTestResult>
    <UnitTestResult executionId="2b93a5e9-cb0c-41e3-a373-e38a23d7a749" testId="37af9221-1044-bb39-76f3-d33c0e92bc2d" testName="POrchAPI_Invalid_PAS_Response_Doesnt_Retry (401,,)" computerName="ip-10-130-163-242" duration="00:00:00.5945231" startTime="2025-09-05T12:25:13.4326649+12:00" endTime="2025-09-05T12:25:14.0273497+12:00" testType="13cdc9d9-ddb5-4fa4-a97d-d965ccfc6d4b" outcome="Passed" testListId="8c84fa94-04c1-424b-9868-57a2d4851a1d" relativeResultsDirectory="2b93a5e9-cb0c-41e3-a373-e38a23d7a749">
      <Output>
        <StdOut>[2025-09-05 12:25:13 INF] Starting Test Execution: POrchAPI_Invalid_PAS_Response_Doesn't_Retry:["[PASResponse, 401]"]
[2025-09-05 12:25:13 INF] Successfully created map PASSuccess_72deeb5b-6936-4009-b7df-0e14670b7328 for /v2/activities
[2025-09-05 12:25:13 INF] Successfully created map PASErrorResponse_401_e77df82a-c6e2-42a1-85b7-ad9ddd4ab57f_1 for /v2/activities
[2025-09-05 12:25:13 INF] Successfully created map FraudcheckMock_Decline_b8881c1e-cad8-4381-aa3a-b64dd5d10b51 for /api/v1/financial-transaction-fraud-checks
[2025-09-05 12:25:14 INF] Response has PaymentId: ef7307be-c44b-465c-81a3-d9aa451ca9ef
[2025-09-05 12:25:14 INF] Finished Test Execution: POrchAPI_Invalid_PAS_Response_Doesn't_Retry
[2025-09-05 12:25:14 INF] ---------------------------------------------------



TestContext Messages:
Given a POrch PaymentRequest is created
-&gt; done: POrchAPIStepDefinitions.GivenAPOrchPaymentRequestIsCreated() (0.0s)
And FraudCheck Response is Decline
-&gt; done: POrchAPIStepDefinitions.SetFraudCheckResponse("Decline") (0.0s)
And the PAS mock response will return 401 then 200
-&gt; done: POrchAPIStepDefinitions.GivenThePASMockResponseWillReturnThen("401") (0.5s)
When POrch Payment API is called
-&gt; done: POrchAPIStepDefinitions.WhenPOrchAPIIsCalled("Payment") (0.1s)
Then the request should return status code 409
-&gt; done: POrchAPIStepDefinitions.ThenTheRequestShouldReturnStatusCode(409) (0.0s)
And there are 1 calls to the PASErrorResponse mock
-&gt; done: POrchAPIStepDefinitions.ThenThereAreCallsToThePasMock(1, "PASErrorResponse") (0.0s)</StdOut>
      </Output>
    </UnitTestResult>
    <UnitTestResult executionId="403c5d60-2039-4d32-b510-38a34f073321" testId="adf1aabf-ee1c-1eb6-cb0b-7dfcdb73cc2e" testName="POrchAPI_Negative_FraudCheck_Response_Insufficient_Middleware_409 (Hold,409,)" computerName="ip-10-130-163-242" duration="00:00:01.0751540" startTime="2025-09-05T12:24:50.1588621+12:00" endTime="2025-09-05T12:24:51.2342019+12:00" testType="13cdc9d9-ddb5-4fa4-a97d-d965ccfc6d4b" outcome="Passed" testListId="8c84fa94-04c1-424b-9868-57a2d4851a1d" relativeResultsDirectory="403c5d60-2039-4d32-b510-38a34f073321">
      <Output>
        <StdOut>[2025-09-05 12:24:50 INF] Starting Test Execution: POrchAPI_Negative_FraudCheck_Response_Insufficient_Middleware_409:["[Result, Hold]","[StatusCode, 409]"]
[2025-09-05 12:24:50 INF] Successfully created map FraudcheckMock_Hold_65f89436-d2ad-43c8-9579-0994810e97f4 for /api/v1/financial-transaction-fraud-checks
[2025-09-05 12:24:50 INF] Mocks are not ready after 1 / 5 attempt(s). Expected 3 mock(s) to be registered with the manager and got 1.
[2025-09-05 12:24:50 INF] Successfully created map MiddlewareMock_FrozenError_c28e598b-8759-434d-b0bb-82db144acd17 for /initialisepaymentorder/basic
[2025-09-05 12:24:50 INF] Successfully created map PartyActivityServiceMock_Created_56301146-b4ee-4822-9322-a7de44e1b421 for /v2/activities
[2025-09-05 12:24:51 INF] Response has PaymentId: 40ba20fc-882f-44a6-87b2-0abcf737572f
[2025-09-05 12:24:51 INF] Finished Test Execution: POrchAPI_Negative_FraudCheck_Response_Insufficient_Middleware_409
[2025-09-05 12:24:51 INF] ---------------------------------------------------



TestContext Messages:
Given a POrch PaymentRequest is created
-&gt; done: POrchAPIStepDefinitions.GivenAPOrchPaymentRequestIsCreated() (0.0s)
And FraudCheck Response is Hold
-&gt; done: POrchAPIStepDefinitions.SetFraudCheckResponse("Hold") (0.0s)
And MiddleWare Response is FrozenError
-&gt; done: POrchAPIStepDefinitions.SetMiddlewareResponse("FrozenError") (0.0s)
And the PAS response is Created
-&gt; done: POrchAPIStepDefinitions.ThePasResponseIs("Created") (0.0s)
When POrch Payment API is called
-&gt; done: POrchAPIStepDefinitions.WhenPOrchAPIIsCalled("Payment") (1.1s)
Then the request should return status code 409
-&gt; done: POrchAPIStepDefinitions.ThenTheRequestShouldReturnStatusCode(409) (0.0s)</StdOut>
      </Output>
    </UnitTestResult>
    <UnitTestResult executionId="7d3212be-657b-445f-8333-b11e8447eadc" testId="ea760280-3855-9de7-a46e-864928aef426" testName="POrchAPI_Transfer_Invalid_Debtor_Account_Source_Return_Error (&quot;&quot;,400,'DebtorAccountSource' can only be Ultracs or TMV for transfers.,)" computerName="ip-10-130-163-242" duration="00:00:00.0082603" startTime="2025-09-05T12:26:27.0020197+12:00" endTime="2025-09-05T12:26:27.0104238+12:00" testType="13cdc9d9-ddb5-4fa4-a97d-d965ccfc6d4b" outcome="Passed" testListId="8c84fa94-04c1-424b-9868-57a2d4851a1d" relativeResultsDirectory="7d3212be-657b-445f-8333-b11e8447eadc">
      <Output>
        <StdOut>[2025-09-05 12:26:27 INF] Starting Test Execution: POrchAPI_Transfer_Invalid_Debtor_Account_Source_Return_Error:["[AccountSource, \"\"]","[StatusCode, 400]","[ErrorMessage, 'DebtorAccountSource' can only be Ultracs or TMV for transfers.]"]
[2025-09-05 12:26:27 INF] Finished Test Execution: POrchAPI_Transfer_Invalid_Debtor_Account_Source_Return_Error
[2025-09-05 12:26:27 INF] ---------------------------------------------------



TestContext Messages:
Given a POrch TransferRequest is created
-&gt; done: POrchAPIStepDefinitions.GivenAPOrchTransferRequestIsCreated() (0.0s)
And the transfer Debtor Account Source is ""
-&gt; done: POrchAPIStepDefinitions.GivenTheTransferDebtorAccountSourceIs("""") (0.0s)
When POrch Transfer API is called
-&gt; done: POrchAPIStepDefinitions.WhenPOrchAPIIsCalled("Transfer") (0.0s)
Then the request should return status code 400
-&gt; done: POrchAPIStepDefinitions.ThenTheRequestShouldReturnStatusCode(400) (0.0s)
And the error message should be 'DebtorAccountSource' can only be Ultracs or TMV for transfers.
-&gt; done: POrchAPIStepDefinitions.ThenTheErrorMessageShouldBeErrorMessage("'DebtorAccountSou...") (0.0s)</StdOut>
      </Output>
    </UnitTestResult>
    <UnitTestResult executionId="0c3a31bf-06d2-4f08-bf5c-253f9b36d6c9" testId="3c51f788-470f-b068-a20a-cd42a6521795" testName="POrchAPI_Valid_Debtor_Particulars_Return_Success (=@#_%,.,201,)" computerName="ip-10-130-163-242" duration="00:00:01.0753588" startTime="2025-09-05T12:24:13.2710476+12:00" endTime="2025-09-05T12:24:14.3466988+12:00" testType="13cdc9d9-ddb5-4fa4-a97d-d965ccfc6d4b" outcome="Passed" testListId="8c84fa94-04c1-424b-9868-57a2d4851a1d" relativeResultsDirectory="0c3a31bf-06d2-4f08-bf5c-253f9b36d6c9">
      <Output>
        <StdOut>[2025-09-05 12:24:13 INF] Starting Test Execution: POrchAPI_Valid_Debtor_Particulars_Return_Success:["[DebtorParticularsValue, =@#_%,.]","[StatusCode, 201]"]
[2025-09-05 12:24:13 INF] Mocks are not ready after 1 / 5 attempt(s). Expected 2 mock(s) to be registered with the manager and got 0.
[2025-09-05 12:24:13 INF] Successfully created map FraudcheckMock_Authorize_4bb52a54-9a67-4c0c-bebd-16ce570c4cec for /api/v1/financial-transaction-fraud-checks
[2025-09-05 12:24:13 INF] Successfully created map MiddlewareMock_Success_2c24967a-9f28-4c64-b042-a554c657d545 for /initialisepaymentorder/basic
[2025-09-05 12:24:14 INF] Response has PaymentId: f935e5ed-d086-4ca4-948d-9227304cdac7
[2025-09-05 12:24:14 INF] Finished Test Execution: POrchAPI_Valid_Debtor_Particulars_Return_Success
[2025-09-05 12:24:14 INF] ---------------------------------------------------



TestContext Messages:
Given a POrch PaymentRequest is created
-&gt; done: POrchAPIStepDefinitions.GivenAPOrchPaymentRequestIsCreated() (0.0s)
And the Payment Debtor particulars is =@#_%,.
-&gt; done: POrchAPIStepDefinitions.WhenTheDebtorParticularsIs("Payment", "=@#_%,.") (0.0s)
And FraudCheck Response is Authorize
-&gt; done: POrchAPIStepDefinitions.SetFraudCheckResponse("Authorize") (0.0s)
And MiddleWare Response is Success
-&gt; done: POrchAPIStepDefinitions.SetMiddlewareResponse("Success") (0.0s)
When POrch Payment API is called
-&gt; done: POrchAPIStepDefinitions.WhenPOrchAPIIsCalled("Payment") (1.1s)
Then the request should return status code 201
-&gt; done: POrchAPIStepDefinitions.ThenTheRequestShouldReturnStatusCode(201) (0.0s)</StdOut>
      </Output>
    </UnitTestResult>
    <UnitTestResult executionId="b2f3f8be-6193-48c4-81a2-679255a2eb87" testId="7056a748-e4f9-329a-3b22-50df97f55acf" testName="POrchAPI_Negative_FraudCheck_Response_Close_Middleware_409 (Unknown,409,)" computerName="ip-10-130-163-242" duration="00:00:01.0744620" startTime="2025-09-05T12:24:46.9200132+12:00" endTime="2025-09-05T12:24:47.9946428+12:00" testType="13cdc9d9-ddb5-4fa4-a97d-d965ccfc6d4b" outcome="Passed" testListId="8c84fa94-04c1-424b-9868-57a2d4851a1d" relativeResultsDirectory="b2f3f8be-6193-48c4-81a2-679255a2eb87">
      <Output>
        <StdOut>[2025-09-05 12:24:46 INF] Starting Test Execution: POrchAPI_Negative_FraudCheck_Response_Close_Middleware_409:["[Result, Unknown]","[StatusCode, 409]"]
[2025-09-05 12:24:46 INF] Mocks are not ready after 1 / 5 attempt(s). Expected 3 mock(s) to be registered with the manager and got 0.
[2025-09-05 12:24:46 INF] Successfully created map FraudcheckMock_Unknown_fc86e228-760b-4882-9840-91dc2fa00a79 for /api/v1/financial-transaction-fraud-checks
[2025-09-05 12:24:46 INF] Successfully created map MiddlewareMock_FrozenError_0831e10e-e1ed-48b4-b633-b805d5e299d4 for /initialisepaymentorder/basic
[2025-09-05 12:24:46 INF] Successfully created map PartyActivityServiceMock_Created_f85cca98-6cf3-45e0-949a-4165c82e668a for /v2/activities
[2025-09-05 12:24:47 INF] Response has PaymentId: 32a3c8f2-adcf-4170-a678-b82c0ca04a22
[2025-09-05 12:24:47 INF] Finished Test Execution: POrchAPI_Negative_FraudCheck_Response_Close_Middleware_409
[2025-09-05 12:24:47 INF] ---------------------------------------------------



TestContext Messages:
Given a POrch PaymentRequest is created
-&gt; done: POrchAPIStepDefinitions.GivenAPOrchPaymentRequestIsCreated() (0.0s)
And FraudCheck Response is Unknown
-&gt; done: POrchAPIStepDefinitions.SetFraudCheckResponse("Unknown") (0.0s)
And MiddleWare Response is FrozenError
-&gt; done: POrchAPIStepDefinitions.SetMiddlewareResponse("FrozenError") (0.0s)
And the PAS response is Created
-&gt; done: POrchAPIStepDefinitions.ThePasResponseIs("Created") (0.0s)
When POrch Payment API is called
-&gt; done: POrchAPIStepDefinitions.WhenPOrchAPIIsCalled("Payment") (1.1s)
Then the request should return status code 409
-&gt; done: POrchAPIStepDefinitions.ThenTheRequestShouldReturnStatusCode(409) (0.0s)</StdOut>
      </Output>
    </UnitTestResult>
    <UnitTestResult executionId="8adf0cb5-1009-4f5a-963d-56fcf67e1900" testId="14113774-8076-c027-eb5f-ce9b50496561" testName="POrchAPI_TMVToUltracs_Negative_MiddleWare_Response_409 (UnknownError,500,)" computerName="ip-10-130-163-242" startTime="2025-09-05T12:26:12.5016904+12:00" endTime="2025-09-05T12:26:12.5021945+12:00" testType="13cdc9d9-ddb5-4fa4-a97d-d965ccfc6d4b" outcome="NotExecuted" testListId="8c84fa94-04c1-424b-9868-57a2d4851a1d" relativeResultsDirectory="8adf0cb5-1009-4f5a-963d-56fcf67e1900">
      <Output></Output>
    </UnitTestResult>
    <UnitTestResult executionId="997164c0-a597-4d2c-94a5-2ad716d1ce31" testId="706ab6ba-2b51-b9db-cf4d-e95f5e95f91d" testName="POrchAPI_Various_Amounts_Return_Success_When_Below_Max (0000000001.11,,)" computerName="ip-10-130-163-242" duration="00:00:01.0927055" startTime="2025-09-05T12:24:04.8299728+12:00" endTime="2025-09-05T12:24:05.9229566+12:00" testType="13cdc9d9-ddb5-4fa4-a97d-d965ccfc6d4b" outcome="Passed" testListId="8c84fa94-04c1-424b-9868-57a2d4851a1d" relativeResultsDirectory="997164c0-a597-4d2c-94a5-2ad716d1ce31">
      <Output>
        <StdOut>[2025-09-05 12:24:04 INF] Starting Test Execution: POrchAPI_Various_Amounts_Return_Success_When_Below_Max:["[Amount, 0000000001.11]"]
[2025-09-05 12:24:04 INF] Mocks are not ready after 1 / 5 attempt(s). Expected 2 mock(s) to be registered with the manager and got 0.
[2025-09-05 12:24:04 INF] Successfully created map FraudcheckMock_Authorize_4d7b035e-10e1-45cc-a079-8aea5b1066e7 for /api/v1/financial-transaction-fraud-checks
[2025-09-05 12:24:04 INF] Successfully created map MiddlewareMock_Success_a57441a3-f2ea-4c08-9b51-5d4ea3c52564 for /initialisepaymentorder/basic
[2025-09-05 12:24:05 INF] Response has PaymentId: dcf89e85-29b0-4392-8a9e-1490985a7aa1
[2025-09-05 12:24:05 INF] Finished Test Execution: POrchAPI_Various_Amounts_Return_Success_When_Below_Max
[2025-09-05 12:24:05 INF] ---------------------------------------------------



TestContext Messages:
Given a POrch PaymentRequest is created
-&gt; done: POrchAPIStepDefinitions.GivenAPOrchPaymentRequestIsCreated() (0.0s)
And the Payment Amount Field is 0000000001.11
-&gt; done: POrchAPIStepDefinitions.WhenTheAcountFieldIs("Payment", "0000000001.11") (0.0s)
And FraudCheck Response is Authorize
-&gt; done: POrchAPIStepDefinitions.SetFraudCheckResponse("Authorize") (0.0s)
And MiddleWare Response is Success
-&gt; done: POrchAPIStepDefinitions.SetMiddlewareResponse("Success") (0.0s)
When POrch Payment API is called
-&gt; done: POrchAPIStepDefinitions.WhenPOrchAPIIsCalled("Payment") (1.1s)
Then the request should return status code 201
-&gt; done: POrchAPIStepDefinitions.ThenTheRequestShouldReturnStatusCode(201) (0.0s)</StdOut>
      </Output>
    </UnitTestResult>
    <UnitTestResult executionId="08d362ec-f9bd-4077-a9eb-5ded81b1e942" testId="65bae37c-f475-9189-ca2c-8a760a3f92ff" testName="POrchAPI_Transfer_Invalid_Access_Number_Field_Return_Error (testValue,400,)" computerName="ip-10-130-163-242" duration="00:00:00.0091810" startTime="2025-09-05T12:26:26.7093716+12:00" endTime="2025-09-05T12:26:26.7186685+12:00" testType="13cdc9d9-ddb5-4fa4-a97d-d965ccfc6d4b" outcome="Passed" testListId="8c84fa94-04c1-424b-9868-57a2d4851a1d" relativeResultsDirectory="08d362ec-f9bd-4077-a9eb-5ded81b1e942">
      <Output>
        <StdOut>[2025-09-05 12:26:26 INF] Starting Test Execution: POrchAPI_Transfer_Invalid_Access_Number_Field_Return_Error:["[AccessNumberValue, testValue]","[StatusCode, 400]"]
[2025-09-05 12:26:26 INF] Finished Test Execution: POrchAPI_Transfer_Invalid_Access_Number_Field_Return_Error
[2025-09-05 12:26:26 INF] ---------------------------------------------------



TestContext Messages:
Given a POrch TransferRequest is created
-&gt; done: POrchAPIStepDefinitions.GivenAPOrchTransferRequestIsCreated() (0.0s)
And the Transfer Access Number Field is testValue
-&gt; done: POrchAPIStepDefinitions.WhenTheAccessNumberFieldIs("Transfer", "testValue") (0.0s)
When POrch Transfer API is called
-&gt; done: POrchAPIStepDefinitions.WhenPOrchAPIIsCalled("Transfer") (0.0s)
Then the request should return status code 400
-&gt; done: POrchAPIStepDefinitions.ThenTheRequestShouldReturnStatusCode(400) (0.0s)</StdOut>
      </Output>
    </UnitTestResult>
    <UnitTestResult executionId="11cdd206-adc7-4baf-93a0-42cd971e9299" testId="a0157183-2b9e-596f-c60a-e365112807dc" testName="POrchAPI_PAS_Retries (504,,)" computerName="ip-10-130-163-242" duration="00:00:01.1519089" startTime="2025-09-05T12:25:07.9478863+12:00" endTime="2025-09-05T12:25:09.0999353+12:00" testType="13cdc9d9-ddb5-4fa4-a97d-d965ccfc6d4b" outcome="Passed" testListId="8c84fa94-04c1-424b-9868-57a2d4851a1d" relativeResultsDirectory="11cdd206-adc7-4baf-93a0-42cd971e9299">
      <Output>
        <StdOut>[2025-09-05 12:25:07 INF] Starting Test Execution: POrchAPI_PAS_Retries:["[ErrorCode, 504]"]
[2025-09-05 12:25:07 INF] Successfully created map FraudcheckMock_Decline_b96080d7-d961-4473-81d5-2775ac156b68 for /api/v1/financial-transaction-fraud-checks
[2025-09-05 12:25:07 INF] Successfully created map PASSuccess_53070534-ebe5-4daa-9939-e006ba43ba8a for /v2/activities
[2025-09-05 12:25:07 INF] Successfully created map PASErrorResponse_504_d0647e2e-52f7-4e07-8454-69fdd39a9947_1 for /v2/activities
[2025-09-05 12:25:09 INF] Response has PaymentId: 6a7b9766-0743-49e6-8b09-a16749d81f1f
[2025-09-05 12:25:09 INF] Finished Test Execution: POrchAPI_PAS_Retries
[2025-09-05 12:25:09 INF] ---------------------------------------------------



TestContext Messages:
Given a POrch PaymentRequest is created
-&gt; done: POrchAPIStepDefinitions.GivenAPOrchPaymentRequestIsCreated() (0.0s)
And FraudCheck Response is Decline
-&gt; done: POrchAPIStepDefinitions.SetFraudCheckResponse("Decline") (0.0s)
And the PAS mock response will return 504 then 200
-&gt; done: POrchAPIStepDefinitions.GivenThePASMockResponseWillReturnThen("504") (0.5s)
When POrch Payment API is called
-&gt; done: POrchAPIStepDefinitions.WhenPOrchAPIIsCalled("Payment") (0.6s)
Then the request should return status code 409
-&gt; done: POrchAPIStepDefinitions.ThenTheRequestShouldReturnStatusCode(409) (0.0s)
And there are 1 calls to the PASErrorResponse mock
-&gt; done: POrchAPIStepDefinitions.ThenThereAreCallsToThePasMock(1, "PASErrorResponse") (0.0s)
And there are 1 calls to the PASSuccess mock
-&gt; done: POrchAPIStepDefinitions.ThenThereAreCallsToThePasMock(1, "PASSuccess") (0.0s)</StdOut>
      </Output>
    </UnitTestResult>
    <UnitTestResult executionId="b6d5714a-5cc9-43d9-86a0-dfd6cdb111b0" testId="8f91f03b-52eb-2c3c-675c-55cedbafec7f" testName="POrchAPI_To_ExternalAccount_Successful" computerName="ip-10-130-163-242" duration="00:00:01.2168443" startTime="2025-09-05T12:23:56.9659744+12:00" endTime="2025-09-05T12:23:58.1832160+12:00" testType="13cdc9d9-ddb5-4fa4-a97d-d965ccfc6d4b" outcome="Passed" testListId="8c84fa94-04c1-424b-9868-57a2d4851a1d" relativeResultsDirectory="b6d5714a-5cc9-43d9-86a0-dfd6cdb111b0">
      <Output>
        <StdOut>[2025-09-05 12:23:57 INF] Starting Test Execution: POrchAPI_To_ExternalAccount_successful:[]
[2025-09-05 12:23:57 INF] Mocks are not ready after 1 / 5 attempt(s). Expected 2 mock(s) to be registered with the manager and got 0.
[2025-09-05 12:23:57 INF] Successfully created map FraudcheckMock_Authorize_027775e7-f3c3-476e-a56e-614a504032e0 for /api/v1/financial-transaction-fraud-checks
[2025-09-05 12:23:57 INF] Successfully created map MiddlewareMock_Success_55684cc4-92c7-49d7-8d67-8ee9a66d1c11 for /initialisepaymentorder/basic
[2025-09-05 12:23:58 INF] Response has PaymentId: b596b7df-68d0-4ec4-a194-ee919c982eba
[2025-09-05 12:23:58 INF] Finished Test Execution: POrchAPI_To_ExternalAccount_successful
[2025-09-05 12:23:58 INF] ---------------------------------------------------



TestContext Messages:
Given a POrch PaymentRequest is created
-&gt; done: POrchAPIStepDefinitions.GivenAPOrchPaymentRequestIsCreated() (0.0s)
And the credit Account is 010221072021200
-&gt; done: POrchAPIStepDefinitions.WhenTheCreditAccountIs("010221072021200") (0.0s)
And FraudCheck Response is Authorize
-&gt; done: POrchAPIStepDefinitions.SetFraudCheckResponse("Authorize") (0.0s)
And MiddleWare Response is Success
-&gt; done: POrchAPIStepDefinitions.SetMiddlewareResponse("Success") (0.0s)
When POrch Payment API is called
-&gt; done: POrchAPIStepDefinitions.WhenPOrchAPIIsCalled("Payment") (1.2s)
Then the request should return status code 201
-&gt; done: POrchAPIStepDefinitions.ThenTheRequestShouldReturnStatusCode(201) (0.0s)</StdOut>
      </Output>
    </UnitTestResult>
    <UnitTestResult executionId="79618824-e562-4c60-8f86-8e68ad3b8790" testId="3546d9b7-4026-1f42-4d63-c78b4bd42ca5" testName="POrchAPI_Transfer_Invalid_Debtor_Code_Return_Error (},400,)" computerName="ip-10-130-163-242" duration="00:00:00.0072369" startTime="2025-09-05T12:26:26.8787212+12:00" endTime="2025-09-05T12:26:26.8860708+12:00" testType="13cdc9d9-ddb5-4fa4-a97d-d965ccfc6d4b" outcome="Passed" testListId="8c84fa94-04c1-424b-9868-57a2d4851a1d" relativeResultsDirectory="79618824-e562-4c60-8f86-8e68ad3b8790">
      <Output>
        <StdOut>[2025-09-05 12:26:26 INF] Starting Test Execution: POrchAPI_Transfer_Invalid_Debtor_Code_Return_Error:["[DebtorCodeValue, }]","[StatusCode, 400]"]
[2025-09-05 12:26:26 INF] Finished Test Execution: POrchAPI_Transfer_Invalid_Debtor_Code_Return_Error
[2025-09-05 12:26:26 INF] ---------------------------------------------------



TestContext Messages:
Given a POrch TransferRequest is created
-&gt; done: POrchAPIStepDefinitions.GivenAPOrchTransferRequestIsCreated() (0.0s)
And the Transfer Debtor Code is }
-&gt; done: POrchAPIStepDefinitions.WhenTheDebtorCodeIs("Transfer", "}") (0.0s)
When POrch Transfer API is called
-&gt; done: POrchAPIStepDefinitions.WhenPOrchAPIIsCalled("Transfer") (0.0s)
Then the request should return status code 400
-&gt; done: POrchAPIStepDefinitions.ThenTheRequestShouldReturnStatusCode(400) (0.0s)</StdOut>
      </Output>
    </UnitTestResult>
    <UnitTestResult executionId="7984247d-104d-46ec-8527-e84235c48af1" testId="3706f52f-501f-e437-b20e-47a7a96d2a24" testName="POrchAPI_Invalid_Currency_Return_Error (nzd,400,)" computerName="ip-10-130-163-242" duration="00:00:00.0073294" startTime="2025-09-05T12:25:02.6852545+12:00" endTime="2025-09-05T12:25:02.6927360+12:00" testType="13cdc9d9-ddb5-4fa4-a97d-d965ccfc6d4b" outcome="Passed" testListId="8c84fa94-04c1-424b-9868-57a2d4851a1d" relativeResultsDirectory="7984247d-104d-46ec-8527-e84235c48af1">
      <Output>
        <StdOut>[2025-09-05 12:25:02 INF] Starting Test Execution: POrchAPI_Invalid_Currency_Return_Error:["[CurrencyValue, nzd]","[StatusCode, 400]"]
[2025-09-05 12:25:02 INF] Finished Test Execution: POrchAPI_Invalid_Currency_Return_Error
[2025-09-05 12:25:02 INF] ---------------------------------------------------



TestContext Messages:
Given a POrch PaymentRequest is created
-&gt; done: POrchAPIStepDefinitions.GivenAPOrchPaymentRequestIsCreated() (0.0s)
And the Payment Currency Field is nzd
-&gt; done: POrchAPIStepDefinitions.WhenTheCurrencyFieldIs("Payment", "nzd") (0.0s)
When POrch Payment API is called
-&gt; done: POrchAPIStepDefinitions.WhenPOrchAPIIsCalled("Payment") (0.0s)
Then the request should return status code 400
-&gt; done: POrchAPIStepDefinitions.ThenTheRequestShouldReturnStatusCode(400) (0.0s)</StdOut>
      </Output>
    </UnitTestResult>
    <UnitTestResult executionId="5c0403eb-3085-402f-9999-b09d5900485f" testId="67da564e-6940-64cf-631a-afe062bb1f5c" testName="POrchAPI_Various_Amounts_Return_Success_When_Below_Max (0.01,,)" computerName="ip-10-130-163-242" duration="00:00:01.0939999" startTime="2025-09-05T12:23:59.3071930+12:00" endTime="2025-09-05T12:24:00.4016468+12:00" testType="13cdc9d9-ddb5-4fa4-a97d-d965ccfc6d4b" outcome="Passed" testListId="8c84fa94-04c1-424b-9868-57a2d4851a1d" relativeResultsDirectory="5c0403eb-3085-402f-9999-b09d5900485f">
      <Output>
        <StdOut>[2025-09-05 12:23:59 INF] Starting Test Execution: POrchAPI_Various_Amounts_Return_Success_When_Below_Max:["[Amount, 0.01]"]
[2025-09-05 12:23:59 INF] Mocks are not ready after 1 / 5 attempt(s). Expected 2 mock(s) to be registered with the manager and got 0.
[2025-09-05 12:23:59 INF] Successfully created map FraudcheckMock_Authorize_c315202c-2046-499e-adad-c556900f377f for /api/v1/financial-transaction-fraud-checks
[2025-09-05 12:23:59 INF] Successfully created map MiddlewareMock_Success_f5d674ef-cedc-44b5-a0f7-34b79e7d682d for /initialisepaymentorder/basic
[2025-09-05 12:24:00 INF] Response has PaymentId: 902152f4-de99-49c2-aae6-d25b7e49824f
[2025-09-05 12:24:00 INF] Finished Test Execution: POrchAPI_Various_Amounts_Return_Success_When_Below_Max
[2025-09-05 12:24:00 INF] ---------------------------------------------------



TestContext Messages:
Given a POrch PaymentRequest is created
-&gt; done: POrchAPIStepDefinitions.GivenAPOrchPaymentRequestIsCreated() (0.0s)
And the Payment Amount Field is 0.01
-&gt; done: POrchAPIStepDefinitions.WhenTheAcountFieldIs("Payment", "0.01") (0.0s)
And FraudCheck Response is Authorize
-&gt; done: POrchAPIStepDefinitions.SetFraudCheckResponse("Authorize") (0.0s)
And MiddleWare Response is Success
-&gt; done: POrchAPIStepDefinitions.SetMiddlewareResponse("Success") (0.0s)
When POrch Payment API is called
-&gt; done: POrchAPIStepDefinitions.WhenPOrchAPIIsCalled("Payment") (1.1s)
Then the request should return status code 201
-&gt; done: POrchAPIStepDefinitions.ThenTheRequestShouldReturnStatusCode(201) (0.0s)</StdOut>
      </Output>
    </UnitTestResult>
    <UnitTestResult executionId="4eb41e18-525e-4c7e-8402-c10c6a4cc907" testId="0c59d76c-fcfa-911e-0eb0-a6a4bb0be5cb" testName="POrchAPI_Other_Middleware_Responses_Do_Not_Retry (AccountIdentificationInsufficientError,409,)" computerName="ip-10-130-163-242" duration="00:00:01.0862145" startTime="2025-09-05T12:25:39.9691030+12:00" endTime="2025-09-05T12:25:41.0554512+12:00" testType="13cdc9d9-ddb5-4fa4-a97d-d965ccfc6d4b" outcome="Passed" testListId="8c84fa94-04c1-424b-9868-57a2d4851a1d" relativeResultsDirectory="4eb41e18-525e-4c7e-8402-c10c6a4cc907">
      <Output>
        <StdOut>[2025-09-05 12:25:39 INF] Starting Test Execution: POrchAPI_Other_Middleware_Responses_Do_Not_Retry:["[Response, AccountIdentificationInsufficientError]","[StatusCode, 409]"]
[2025-09-05 12:25:39 INF] Mocks are not ready after 1 / 5 attempt(s). Expected 3 mock(s) to be registered with the manager and got 0.
[2025-09-05 12:25:39 INF] Successfully created map FraudcheckMock_Authorize_eefc8799-2b55-4f4f-a096-4ac5dd8191ac for /api/v1/financial-transaction-fraud-checks
[2025-09-05 12:25:39 INF] Successfully created map MiddlewareFailure_AccountIdentificationInsufficientError_8809fe31-f653-4f6c-8b16-3fc4c4d87e5d_1 for /initialisepaymentorder/basic
[2025-09-05 12:25:39 INF] Successfully created map MiddlewareSuccess_db016be7-2175-4a2b-8f72-246f67e62732 for /initialisepaymentorder/basic
[2025-09-05 12:25:41 INF] Response has PaymentId: 17259890-67fb-4982-ab77-e33d90c1ac76
[2025-09-05 12:25:41 INF] Finished Test Execution: POrchAPI_Other_Middleware_Responses_Do_Not_Retry
[2025-09-05 12:25:41 INF] ---------------------------------------------------



TestContext Messages:
Given a POrch PaymentRequest is created
-&gt; done: POrchAPIStepDefinitions.GivenAPOrchPaymentRequestIsCreated() (0.0s)
And the credit Account is 389300099302202
-&gt; done: POrchAPIStepDefinitions.WhenTheCreditAccountIs("389300099302202") (0.0s)
And FraudCheck Response is Authorize
-&gt; done: POrchAPIStepDefinitions.SetFraudCheckResponse("Authorize") (0.0s)
And the Middleware responses will be AccountIdentificationInsufficientError then 201
-&gt; done: POrchAPIStepDefinitions.GivenTheMiddlewareResponsesWillBe("AccountIdentifica...") (0.0s)
When POrch Payment API is called
-&gt; done: POrchAPIStepDefinitions.WhenPOrchAPIIsCalled("Payment") (1.1s)
Then the request should return status code 409
-&gt; done: POrchAPIStepDefinitions.ThenTheRequestShouldReturnStatusCode(409) (0.0s)</StdOut>
      </Output>
    </UnitTestResult>
    <UnitTestResult executionId="1bf925a6-ffc9-420d-9bb1-30fafdde90ff" testId="d9444b0f-2afc-6e33-3f17-3c6285628dbd" testName="POrchAPI_TMVOnlineCall_To_TMVOnlineCall_Successful" computerName="ip-10-130-163-242" duration="00:00:01.1565513" startTime="2025-09-05T12:25:44.3128068+12:00" endTime="2025-09-05T12:25:45.4699189+12:00" testType="13cdc9d9-ddb5-4fa4-a97d-d965ccfc6d4b" outcome="Passed" testListId="8c84fa94-04c1-424b-9868-57a2d4851a1d" relativeResultsDirectory="1bf925a6-ffc9-420d-9bb1-30fafdde90ff">
      <Output>
        <StdOut>[2025-09-05 12:25:44 INF] Starting Test Execution: POrchAPI_TMVOnlineCall_To_TMVOnlineCall_successful:[]
[2025-09-05 12:25:44 INF] Mocks are not ready after 1 / 5 attempt(s). Expected 1 mock(s) to be registered with the manager and got 0.
[2025-09-05 12:25:44 INF] Successfully created map AdpsMock_Success_b187f56c-8d06-433a-a31a-caa989a5a2eb for /api/v1/payment-instruction/domestic/immediate
[2025-09-05 12:25:45 INF] Response has PaymentId: 0184feb6-5d41-48dd-9964-c0a615dfbf61
[2025-09-05 12:25:45 INF] Finished Test Execution: POrchAPI_TMVOnlineCall_To_TMVOnlineCall_successful
[2025-09-05 12:25:45 INF] ---------------------------------------------------



TestContext Messages:
Given a TMV to TMV POrch TransferRequest is created
-&gt; done: POrchAPIStepDefinitions.ConditionalPOrchTransferRequestIsCreated("TMV", "TMV") (0.0s)
And ADPS Response is Success
-&gt; done: POrchAPIStepDefinitions.SetAdpsResponse("Success") (0.0s)
When POrch Transfer API is called
-&gt; done: POrchAPIStepDefinitions.WhenPOrchAPIIsCalled("Transfer") (1.1s)
Then the request should return status code 201
-&gt; done: POrchAPIStepDefinitions.ThenTheRequestShouldReturnStatusCode(201) (0.0s)</StdOut>
      </Output>
    </UnitTestResult>
    <UnitTestResult executionId="d0bd783a-586c-4137-9493-b9465ba6b0b6" testId="4a656428-a2cf-3901-edf6-8416647c8b40" testName="POrchNRT_UnknownError_Response_From_POrch_Unsuccessful_From_NRT (PaymentNrtUnauthorized,,)" computerName="ip-10-130-163-242" duration="00:00:00.0598577" startTime="2025-09-05T12:25:04.3632821+12:00" endTime="2025-09-05T12:25:04.4233087+12:00" testType="13cdc9d9-ddb5-4fa4-a97d-d965ccfc6d4b" outcome="Passed" testListId="8c84fa94-04c1-424b-9868-57a2d4851a1d" relativeResultsDirectory="d0bd783a-586c-4137-9493-b9465ba6b0b6">
      <Output>
        <StdOut>[2025-09-05 12:25:04 INF] Starting Test Execution: POrchNRT_UnknownError_Response_From_POrch_Unsuccessful_From_NRT:["[result, PaymentNrtUnauthorized]"]
[2025-09-05 12:25:04 INF] Executed DbCommand (1ms) [Parameters=[], CommandType='Text', CommandTimeout='30']
SELECT n.id, n.attempts, n.created_at, n.payment_id, n.status, n.updated_at
FROM net.nrt_outbox AS n
WHERE n.attempts &gt;= 0
[2025-09-05 12:25:04 INF] Executed DbCommand (1ms) [Parameters=[@p0='?' (DbType = Guid)], CommandType='Text', CommandTimeout='30']
DELETE FROM net.nrt_outbox
WHERE id = @p0;
[2025-09-05 12:25:04 INF] Executed DbCommand (1ms) [Parameters=[@p0='?' (DbType = Guid), @p1='?', @p2='?' (DbType = Decimal), @p3='?' (DbType = DateTime), @p4='?', @p5='?', @p6='?', @p7='?', @p8='?' (DbType = Object), @p9='?' (DbType = Object), @p10='?', @p11='?', @p12='?', @p13='?', @p14='?' (DbType = Object), @p15='?' (DbType = Object), @p16='?' (DbType = Object), @p17='?' (DbType = DateTime), @p18='?' (DbType = Object), @p19='?' (DbType = DateTime), @p20='?' (DbType = Guid), @p21='?' (DbType = Int32), @p22='?' (DbType = DateTime), @p23='?' (DbType = Guid), @p24='?' (DbType = Object), @p25='?' (DbType = DateTime)], CommandType='Text', CommandTimeout='30']
INSERT INTO net.payment (id, access_number, amount, created_at, creditor_account_code, creditor_account_number, creditor_account_particulars, creditor_account_reference, creditor_account_source, currency, debtor_account_code, debtor_account_number, debtor_account_particulars, debtor_account_reference, debtor_account_source, fraud_check_disposition, payment_type, processed_at, status, updated_at)
VALUES (@p0, @p1, @p2, @p3, @p4, @p5, @p6, @p7, @p8, @p9, @p10, @p11, @p12, @p13, @p14, @p15, @p16, @p17, @p18, @p19);
INSERT INTO net.nrt_outbox (id, attempts, created_at, payment_id, status, updated_at)
VALUES (@p20, @p21, @p22, @p23, @p24, @p25);
[2025-09-05 12:25:04 INF] Successfully created map FraudCheckNRTMock_PaymentNrtUnauthorized_0cc3a247-1b26-4a6b-965d-fd0633aeae1e for /api/v1/financial-transaction-fraud-checks/1b7e0e3c-2db5-48a1-84d1-25417ede667b
[2025-09-05 12:25:04 INF] Executed DbCommand (1ms) [Parameters=[@__p_0='?' (DbType = Guid)], CommandType='Text', CommandTimeout='30']
SELECT n.id, n.attempts, n.created_at, n.payment_id, n.status, n.updated_at
FROM net.nrt_outbox AS n
WHERE n.id = @__p_0
LIMIT 1
[2025-09-05 12:25:04 INF] Finished Test Execution: POrchNRT_UnknownError_Response_From_POrch_Unsuccessful_From_NRT
[2025-09-05 12:25:04 INF] ---------------------------------------------------



TestContext Messages:
Given The NRT table is clean
-&gt; done: POrchAPIStepDefinitions.GivenTheNrtTableIsClean() (0.0s)
And there is an NRT entry with payment Unknown to process
-&gt; done: POrchAPIStepDefinitions.GivenThereIsAnNrtEntryToProcess("Unknown") (0.0s)
And the NRT entry should be processed with PaymentNrtUnauthorized
-&gt; done: POrchAPIStepDefinitions.GivenTheNrtEntryShouldBeProcessedWithUnsuccessfulResult("PaymentNrtUnautho...") (0.0s)
When the NRT Processor Has Run for at most 1 entry
-&gt; done: POrchAPIStepDefinitions.WhenTheNrtProcessorHasRunForAtMostXEntry(1) (0.0s)
Then the NRT entry has status NotSent
-&gt; done: POrchAPIStepDefinitions.ThenTheNrtEntryHasStatus("NotSent") (0.0s)</StdOut>
      </Output>
    </UnitTestResult>
    <UnitTestResult executionId="0938b8a2-3e81-4c82-a3d4-fa88940f9f00" testId="682d9c8c-0c1a-75fd-a1d2-d379a05c7ce3" testName="POrchAPI_Other_Middleware_Responses_Do_Not_Retry (AccountNumberIsInvalidForTransactionTypeError,409,)" computerName="ip-10-130-163-242" duration="00:00:01.0851318" startTime="2025-09-05T12:25:41.0554957+12:00" endTime="2025-09-05T12:25:42.1407558+12:00" testType="13cdc9d9-ddb5-4fa4-a97d-d965ccfc6d4b" outcome="Passed" testListId="8c84fa94-04c1-424b-9868-57a2d4851a1d" relativeResultsDirectory="0938b8a2-3e81-4c82-a3d4-fa88940f9f00">
      <Output>
        <StdOut>[2025-09-05 12:25:41 INF] Starting Test Execution: POrchAPI_Other_Middleware_Responses_Do_Not_Retry:["[Response, AccountNumberIsInvalidForTransactionTypeError]","[StatusCode, 409]"]
[2025-09-05 12:25:41 INF] Successfully created map FraudcheckMock_Authorize_76288094-0795-405c-86fe-65120786639c for /api/v1/financial-transaction-fraud-checks
[2025-09-05 12:25:41 INF] Mocks are not ready after 1 / 5 attempt(s). Expected 3 mock(s) to be registered with the manager and got 1.
[2025-09-05 12:25:41 INF] Successfully created map MiddlewareFailure_AccountNumberIsInvalidForTransactionTypeError_5444fd47-79ac-4818-9a08-213a06254b60_1 for /initialisepaymentorder/basic
[2025-09-05 12:25:41 INF] Successfully created map MiddlewareSuccess_a6972f42-2c7e-4ba1-b634-1afff255b6b8 for /initialisepaymentorder/basic
[2025-09-05 12:25:42 INF] Response has PaymentId: 8d3eeae0-6138-4ec7-be3a-07efefccb9a5
[2025-09-05 12:25:42 INF] Finished Test Execution: POrchAPI_Other_Middleware_Responses_Do_Not_Retry
[2025-09-05 12:25:42 INF] ---------------------------------------------------



TestContext Messages:
Given a POrch PaymentRequest is created
-&gt; done: POrchAPIStepDefinitions.GivenAPOrchPaymentRequestIsCreated() (0.0s)
And the credit Account is 389300099302202
-&gt; done: POrchAPIStepDefinitions.WhenTheCreditAccountIs("389300099302202") (0.0s)
And FraudCheck Response is Authorize
-&gt; done: POrchAPIStepDefinitions.SetFraudCheckResponse("Authorize") (0.0s)
And the Middleware responses will be AccountNumberIsInvalidForTransactionTypeError then 201
-&gt; done: POrchAPIStepDefinitions.GivenTheMiddlewareResponsesWillBe("AccountNumberIsIn...") (0.0s)
When POrch Payment API is called
-&gt; done: POrchAPIStepDefinitions.WhenPOrchAPIIsCalled("Payment") (1.1s)
Then the request should return status code 409
-&gt; done: POrchAPIStepDefinitions.ThenTheRequestShouldReturnStatusCode(409) (0.0s)</StdOut>
      </Output>
    </UnitTestResult>
    <UnitTestResult executionId="bf0ce6c9-08bf-4605-a0ac-da1896649e77" testId="7701f5fd-cbf9-f23c-fedf-a0f75e421ca3" testName="POrchAPI_TMVToUltracs_Negative_MiddleWare_Response_409 (FrozenError,409,)" computerName="ip-10-130-163-242" startTime="2025-09-05T12:26:12.5008265+12:00" endTime="2025-09-05T12:26:12.5009287+12:00" testType="13cdc9d9-ddb5-4fa4-a97d-d965ccfc6d4b" outcome="NotExecuted" testListId="8c84fa94-04c1-424b-9868-57a2d4851a1d" relativeResultsDirectory="bf0ce6c9-08bf-4605-a0ac-da1896649e77">
      <Output></Output>
    </UnitTestResult>
    <UnitTestResult executionId="d53d7f85-c1e9-46c7-b12e-3ff78bd16ac8" testId="9ed9400e-36e7-5296-9ea5-358c22b526a5" testName="POrchAPI_UltracsToTMV_Negative_MiddleWare_Response_409 (InsufficientFundsError,409,)" computerName="ip-10-130-163-242" startTime="2025-09-05T12:26:26.6943352+12:00" endTime="2025-09-05T12:26:26.6943816+12:00" testType="13cdc9d9-ddb5-4fa4-a97d-d965ccfc6d4b" outcome="NotExecuted" testListId="8c84fa94-04c1-424b-9868-57a2d4851a1d" relativeResultsDirectory="d53d7f85-c1e9-46c7-b12e-3ff78bd16ac8">
      <Output></Output>
    </UnitTestResult>
    <UnitTestResult executionId="bb51f121-2b55-4b39-a7b5-8f5aa95fa9b9" testId="ff2a19eb-d274-bc17-d69b-1ac44c30935b" testName="POrchAPI_Transfer_Invalid_Creditor_Reference_Return_Error (},400,)" computerName="ip-10-130-163-242" duration="00:00:00.0088345" startTime="2025-09-05T12:26:26.9312610+12:00" endTime="2025-09-05T12:26:26.9402202+12:00" testType="13cdc9d9-ddb5-4fa4-a97d-d965ccfc6d4b" outcome="Passed" testListId="8c84fa94-04c1-424b-9868-57a2d4851a1d" relativeResultsDirectory="bb51f121-2b55-4b39-a7b5-8f5aa95fa9b9">
      <Output>
        <StdOut>[2025-09-05 12:26:26 INF] Starting Test Execution: POrchAPI_Transfer_Invalid_Creditor_Reference_Return_Error:["[CreditorReferenceValue, }]","[StatusCode, 400]"]
[2025-09-05 12:26:26 INF] Finished Test Execution: POrchAPI_Transfer_Invalid_Creditor_Reference_Return_Error
[2025-09-05 12:26:26 INF] ---------------------------------------------------



TestContext Messages:
Given a POrch TransferRequest is created
-&gt; done: POrchAPIStepDefinitions.GivenAPOrchTransferRequestIsCreated() (0.0s)
And the Transfer Creditor Reference is }
-&gt; done: POrchAPIStepDefinitions.WhenTheCreditorReferenceIs("Transfer", "}") (0.0s)
When POrch Transfer API is called
-&gt; done: POrchAPIStepDefinitions.WhenPOrchAPIIsCalled("Transfer") (0.0s)
Then the request should return status code 400
-&gt; done: POrchAPIStepDefinitions.ThenTheRequestShouldReturnStatusCode(400) (0.0s)</StdOut>
      </Output>
    </UnitTestResult>
    <UnitTestResult executionId="1668f1ec-29f5-4449-ae9b-a2885d192ccf" testId="66b2a30f-8850-0f1e-aa89-5d56c4f90710" testName="POrchAPI_Transfer_Invalid_Creditor_Reference_Return_Error (\,400,)" computerName="ip-10-130-163-242" duration="00:00:00.0099494" startTime="2025-09-05T12:26:26.9211339+12:00" endTime="2025-09-05T12:26:26.9312206+12:00" testType="13cdc9d9-ddb5-4fa4-a97d-d965ccfc6d4b" outcome="Passed" testListId="8c84fa94-04c1-424b-9868-57a2d4851a1d" relativeResultsDirectory="1668f1ec-29f5-4449-ae9b-a2885d192ccf">
      <Output>
        <StdOut>[2025-09-05 12:26:26 INF] Starting Test Execution: POrchAPI_Transfer_Invalid_Creditor_Reference_Return_Error:["[CreditorReferenceValue, \\]","[StatusCode, 400]"]
[2025-09-05 12:26:26 INF] Finished Test Execution: POrchAPI_Transfer_Invalid_Creditor_Reference_Return_Error
[2025-09-05 12:26:26 INF] ---------------------------------------------------



TestContext Messages:
Given a POrch TransferRequest is created
-&gt; done: POrchAPIStepDefinitions.GivenAPOrchTransferRequestIsCreated() (0.0s)
And the Transfer Creditor Reference is \
-&gt; done: POrchAPIStepDefinitions.WhenTheCreditorReferenceIs("Transfer", "\") (0.0s)
When POrch Transfer API is called
-&gt; done: POrchAPIStepDefinitions.WhenPOrchAPIIsCalled("Transfer") (0.0s)
Then the request should return status code 400
-&gt; done: POrchAPIStepDefinitions.ThenTheRequestShouldReturnStatusCode(400) (0.0s)</StdOut>
      </Output>
    </UnitTestResult>
    <UnitTestResult executionId="77d0c566-b642-40aa-8836-c73bc55cf0c8" testId="3d6e4665-1829-641c-4861-4af62b7a71a9" testName="POrchAPI_Invalid_Creditor_Reference_Return_Error (\,400,)" computerName="ip-10-130-163-242" duration="00:00:00.0131379" startTime="2025-09-05T12:25:02.9054977+12:00" endTime="2025-09-05T12:25:02.9187721+12:00" testType="13cdc9d9-ddb5-4fa4-a97d-d965ccfc6d4b" outcome="Passed" testListId="8c84fa94-04c1-424b-9868-57a2d4851a1d" relativeResultsDirectory="77d0c566-b642-40aa-8836-c73bc55cf0c8">
      <Output>
        <StdOut>[2025-09-05 12:25:02 INF] Starting Test Execution: POrchAPI_Invalid_Creditor_Reference_Return_Error:["[CreditorReferenceValue, \\]","[StatusCode, 400]"]
[2025-09-05 12:25:02 INF] Finished Test Execution: POrchAPI_Invalid_Creditor_Reference_Return_Error
[2025-09-05 12:25:02 INF] ---------------------------------------------------



TestContext Messages:
Given a POrch PaymentRequest is created
-&gt; done: POrchAPIStepDefinitions.GivenAPOrchPaymentRequestIsCreated() (0.0s)
And the Payment Creditor Reference is \
-&gt; done: POrchAPIStepDefinitions.WhenTheCreditorReferenceIs("Payment", "\") (0.0s)
When POrch Payment API is called
-&gt; done: POrchAPIStepDefinitions.WhenPOrchAPIIsCalled("Payment") (0.0s)
Then the request should return status code 400
-&gt; done: POrchAPIStepDefinitions.ThenTheRequestShouldReturnStatusCode(400) (0.0s)</StdOut>
      </Output>
    </UnitTestResult>
    <UnitTestResult executionId="3b8b3567-85d1-4490-b13f-1e1566f48298" testId="ffc04f98-ebde-4d4a-8364-6dbb9f652689" testName="POrchAPI_Negative_MiddleWare_Response_409 (FrozenError,409,)" computerName="ip-10-130-163-242" duration="00:00:01.1048749" startTime="2025-09-05T12:24:25.2340880+12:00" endTime="2025-09-05T12:24:26.3391910+12:00" testType="13cdc9d9-ddb5-4fa4-a97d-d965ccfc6d4b" outcome="Passed" testListId="8c84fa94-04c1-424b-9868-57a2d4851a1d" relativeResultsDirectory="3b8b3567-85d1-4490-b13f-1e1566f48298">
      <Output>
        <StdOut>[2025-09-05 12:24:25 INF] Starting Test Execution: POrchAPI_Negative_MiddleWare_Response_409:["[Result, FrozenError]","[StatusCode, 409]"]
[2025-09-05 12:24:25 INF] Mocks are not ready after 1 / 5 attempt(s). Expected 2 mock(s) to be registered with the manager and got 0.
[2025-09-05 12:24:25 INF] Successfully created map FraudcheckMock_Authorize_a7621215-13ca-4e45-b6d2-0149b547b72a for /api/v1/financial-transaction-fraud-checks
[2025-09-05 12:24:25 INF] Successfully created map MiddlewareMock_FrozenError_35c0517e-9c5a-4a91-be5f-5cf92efae7dc for /initialisepaymentorder/basic
[2025-09-05 12:24:26 INF] Response has PaymentId: 48398c97-a99d-4e82-a871-89671958f767
[2025-09-05 12:24:26 INF] Finished Test Execution: POrchAPI_Negative_MiddleWare_Response_409
[2025-09-05 12:24:26 INF] ---------------------------------------------------



TestContext Messages:
Given a POrch PaymentRequest is created
-&gt; done: POrchAPIStepDefinitions.GivenAPOrchPaymentRequestIsCreated() (0.0s)
And FraudCheck Response is Authorize
-&gt; done: POrchAPIStepDefinitions.SetFraudCheckResponse("Authorize") (0.0s)
And MiddleWare Response is FrozenError
-&gt; done: POrchAPIStepDefinitions.SetMiddlewareResponse("FrozenError") (0.0s)
When POrch Payment API is called
-&gt; done: POrchAPIStepDefinitions.WhenPOrchAPIIsCalled("Payment") (1.1s)
Then the request should return status code 409
-&gt; done: POrchAPIStepDefinitions.ThenTheRequestShouldReturnStatusCode(409) (0.0s)</StdOut>
      </Output>
    </UnitTestResult>
    <UnitTestResult executionId="2d1892f7-e437-40b4-8d28-7697eb52aac8" testId="f6d0521c-fa56-8a50-37b1-66020c9096c5" testName="POrchAPI_TMVToTMV_Valid_Debtor_Reference_Return_Success (()+$*!;-/?:,201,)" computerName="ip-10-130-163-242" duration="00:00:01.0676360" startTime="2025-09-05T12:25:56.1595402+12:00" endTime="2025-09-05T12:25:57.2273275+12:00" testType="13cdc9d9-ddb5-4fa4-a97d-d965ccfc6d4b" outcome="Passed" testListId="8c84fa94-04c1-424b-9868-57a2d4851a1d" relativeResultsDirectory="2d1892f7-e437-40b4-8d28-7697eb52aac8">
      <Output>
        <StdOut>[2025-09-05 12:25:56 INF] Starting Test Execution: POrchAPI_TMVToTMV_Valid_Debtor_Reference_Return_Success:["[DebtorReferenceValue, ()+$*!;-/?:]","[StatusCode, 201]"]
[2025-09-05 12:25:56 INF] Mocks are not ready after 1 / 5 attempt(s). Expected 1 mock(s) to be registered with the manager and got 0.
[2025-09-05 12:25:56 INF] Successfully created map AdpsMock_Success_b780b950-7bff-4fb1-b2a3-7484eacf3c45 for /api/v1/payment-instruction/domestic/immediate
[2025-09-05 12:25:57 INF] Response has PaymentId: 94deb284-c1cd-4efa-8a99-e65e1e52f205
[2025-09-05 12:25:57 INF] Finished Test Execution: POrchAPI_TMVToTMV_Valid_Debtor_Reference_Return_Success
[2025-09-05 12:25:57 INF] ---------------------------------------------------



TestContext Messages:
Given a TMV to TMV POrch TransferRequest is created
-&gt; done: POrchAPIStepDefinitions.ConditionalPOrchTransferRequestIsCreated("TMV", "TMV") (0.0s)
And the Transfer Debtor Reference is ()+$*!;-/?:
-&gt; done: POrchAPIStepDefinitions.WhenTheDebtorReferenceIs("Transfer", "()+$*!;-/?:") (0.0s)
And ADPS Response is Success
-&gt; done: POrchAPIStepDefinitions.SetAdpsResponse("Success") (0.0s)
When POrch Transfer API is called
-&gt; done: POrchAPIStepDefinitions.WhenPOrchAPIIsCalled("Transfer") (1.1s)
Then the request should return status code 201
-&gt; done: POrchAPIStepDefinitions.ThenTheRequestShouldReturnStatusCode(201) (0.0s)</StdOut>
      </Output>
    </UnitTestResult>
    <UnitTestResult executionId="ebb0e09d-034d-49e3-8054-3358d0064bc3" testId="04a0a07d-6748-3fda-40b9-fa38276ccd33" testName="POrchAPI_TMVToUltracs_Negative_MiddleWare_Response_409 (AccountDetectionFailedError,409,)" computerName="ip-10-130-163-242" startTime="2025-09-05T12:26:12.5010535+12:00" endTime="2025-09-05T12:26:12.5010813+12:00" testType="13cdc9d9-ddb5-4fa4-a97d-d965ccfc6d4b" outcome="NotExecuted" testListId="8c84fa94-04c1-424b-9868-57a2d4851a1d" relativeResultsDirectory="ebb0e09d-034d-49e3-8054-3358d0064bc3">
      <Output></Output>
    </UnitTestResult>
    <UnitTestResult executionId="9a0b6b7a-0f0c-4547-867b-af14905e5ae3" testId="e6a694f9-d3f0-9a3a-82cb-9c48c0d4fe95" testName="POrchAPI_Negative_MiddleWare_Response_409 (ClosedAccountError,409,)" computerName="ip-10-130-163-242" duration="00:00:01.0821081" startTime="2025-09-05T12:24:26.3392689+12:00" endTime="2025-09-05T12:24:27.4216101+12:00" testType="13cdc9d9-ddb5-4fa4-a97d-d965ccfc6d4b" outcome="Passed" testListId="8c84fa94-04c1-424b-9868-57a2d4851a1d" relativeResultsDirectory="9a0b6b7a-0f0c-4547-867b-af14905e5ae3">
      <Output>
        <StdOut>[2025-09-05 12:24:26 INF] Starting Test Execution: POrchAPI_Negative_MiddleWare_Response_409:["[Result, ClosedAccountError]","[StatusCode, 409]"]
[2025-09-05 12:24:26 INF] Mocks are not ready after 1 / 5 attempt(s). Expected 2 mock(s) to be registered with the manager and got 0.
[2025-09-05 12:24:26 INF] Successfully created map FraudcheckMock_Authorize_ec2dbb80-4159-4c27-bf8a-a7ba456092b9 for /api/v1/financial-transaction-fraud-checks
[2025-09-05 12:24:26 INF] Successfully created map MiddlewareMock_ClosedAccountError_dde3bac7-6aa4-4b95-9c44-1d1a23c08e78 for /initialisepaymentorder/basic
[2025-09-05 12:24:27 INF] Response has PaymentId: 2ce0a02a-cdb3-437f-bbbb-00c948913ad0
[2025-09-05 12:24:27 INF] Finished Test Execution: POrchAPI_Negative_MiddleWare_Response_409
[2025-09-05 12:24:27 INF] ---------------------------------------------------



TestContext Messages:
Given a POrch PaymentRequest is created
-&gt; done: POrchAPIStepDefinitions.GivenAPOrchPaymentRequestIsCreated() (0.0s)
And FraudCheck Response is Authorize
-&gt; done: POrchAPIStepDefinitions.SetFraudCheckResponse("Authorize") (0.0s)
And MiddleWare Response is ClosedAccountError
-&gt; done: POrchAPIStepDefinitions.SetMiddlewareResponse("ClosedAccountError") (0.0s)
When POrch Payment API is called
-&gt; done: POrchAPIStepDefinitions.WhenPOrchAPIIsCalled("Payment") (1.1s)
Then the request should return status code 409
-&gt; done: POrchAPIStepDefinitions.ThenTheRequestShouldReturnStatusCode(409) (0.0s)</StdOut>
      </Output>
    </UnitTestResult>
    <UnitTestResult executionId="df98b166-d101-4e6a-93fb-fa0daa3be0f8" testId="40b05d2c-3508-4dea-d68b-5b8372859f2c" testName="POrchNRT_UnknownError_Response_From_POrch_Unsuccessful_From_NRT (PaymentNrtBadRequest,,)" computerName="ip-10-130-163-242" duration="00:00:00.0527057" startTime="2025-09-05T12:25:04.3102961+12:00" endTime="2025-09-05T12:25:04.3632194+12:00" testType="13cdc9d9-ddb5-4fa4-a97d-d965ccfc6d4b" outcome="Passed" testListId="8c84fa94-04c1-424b-9868-57a2d4851a1d" relativeResultsDirectory="df98b166-d101-4e6a-93fb-fa0daa3be0f8">
      <Output>
        <StdOut>[2025-09-05 12:25:04 INF] Starting Test Execution: POrchNRT_UnknownError_Response_From_POrch_Unsuccessful_From_NRT:["[result, PaymentNrtBadRequest]"]
[2025-09-05 12:25:04 INF] Executed DbCommand (0ms) [Parameters=[], CommandType='Text', CommandTimeout='30']
SELECT n.id, n.attempts, n.created_at, n.payment_id, n.status, n.updated_at
FROM net.nrt_outbox AS n
WHERE n.attempts &gt;= 0
[2025-09-05 12:25:04 INF] Executed DbCommand (1ms) [Parameters=[@p0='?' (DbType = Guid)], CommandType='Text', CommandTimeout='30']
DELETE FROM net.nrt_outbox
WHERE id = @p0;
[2025-09-05 12:25:04 INF] Executed DbCommand (1ms) [Parameters=[@p0='?' (DbType = Guid), @p1='?', @p2='?' (DbType = Decimal), @p3='?' (DbType = DateTime), @p4='?', @p5='?', @p6='?', @p7='?', @p8='?' (DbType = Object), @p9='?' (DbType = Object), @p10='?', @p11='?', @p12='?', @p13='?', @p14='?' (DbType = Object), @p15='?' (DbType = Object), @p16='?' (DbType = Object), @p17='?' (DbType = DateTime), @p18='?' (DbType = Object), @p19='?' (DbType = DateTime), @p20='?' (DbType = Guid), @p21='?' (DbType = Int32), @p22='?' (DbType = DateTime), @p23='?' (DbType = Guid), @p24='?' (DbType = Object), @p25='?' (DbType = DateTime)], CommandType='Text', CommandTimeout='30']
INSERT INTO net.payment (id, access_number, amount, created_at, creditor_account_code, creditor_account_number, creditor_account_particulars, creditor_account_reference, creditor_account_source, currency, debtor_account_code, debtor_account_number, debtor_account_particulars, debtor_account_reference, debtor_account_source, fraud_check_disposition, payment_type, processed_at, status, updated_at)
VALUES (@p0, @p1, @p2, @p3, @p4, @p5, @p6, @p7, @p8, @p9, @p10, @p11, @p12, @p13, @p14, @p15, @p16, @p17, @p18, @p19);
INSERT INTO net.nrt_outbox (id, attempts, created_at, payment_id, status, updated_at)
VALUES (@p20, @p21, @p22, @p23, @p24, @p25);
[2025-09-05 12:25:04 INF] Successfully created map FraudCheckNRTMock_PaymentNrtBadRequest_9bdc2087-e1f7-4772-accc-308bee609e23 for /api/v1/financial-transaction-fraud-checks/5df5873d-40aa-4cac-99dd-b738347b2330
[2025-09-05 12:25:04 INF] Executed DbCommand (1ms) [Parameters=[@__p_0='?' (DbType = Guid)], CommandType='Text', CommandTimeout='30']
SELECT n.id, n.attempts, n.created_at, n.payment_id, n.status, n.updated_at
FROM net.nrt_outbox AS n
WHERE n.id = @__p_0
LIMIT 1
[2025-09-05 12:25:04 INF] Finished Test Execution: POrchNRT_UnknownError_Response_From_POrch_Unsuccessful_From_NRT
[2025-09-05 12:25:04 INF] ---------------------------------------------------



TestContext Messages:
Given The NRT table is clean
-&gt; done: POrchAPIStepDefinitions.GivenTheNrtTableIsClean() (0.0s)
And there is an NRT entry with payment Unknown to process
-&gt; done: POrchAPIStepDefinitions.GivenThereIsAnNrtEntryToProcess("Unknown") (0.0s)
And the NRT entry should be processed with PaymentNrtBadRequest
-&gt; done: POrchAPIStepDefinitions.GivenTheNrtEntryShouldBeProcessedWithUnsuccessfulResult("PaymentNrtBadRequest") (0.0s)
When the NRT Processor Has Run for at most 1 entry
-&gt; done: POrchAPIStepDefinitions.WhenTheNrtProcessorHasRunForAtMostXEntry(1) (0.0s)
Then the NRT entry has status NotSent
-&gt; done: POrchAPIStepDefinitions.ThenTheNrtEntryHasStatus("NotSent") (0.0s)</StdOut>
      </Output>
    </UnitTestResult>
    <UnitTestResult executionId="bc1502e3-f2d9-4426-869d-6b6661a588ed" testId="f8a4a244-dbd0-c4f9-e484-9d9cd1b3f176" testName="POrchAPI_Fraud_Times_Out" computerName="ip-10-130-163-242" duration="00:00:03.0472641" startTime="2025-09-05T12:25:22.8259564+12:00" endTime="2025-09-05T12:25:25.8733702+12:00" testType="13cdc9d9-ddb5-4fa4-a97d-d965ccfc6d4b" outcome="Passed" testListId="8c84fa94-04c1-424b-9868-57a2d4851a1d" relativeResultsDirectory="bc1502e3-f2d9-4426-869d-6b6661a588ed">
      <Output>
        <StdOut>[2025-09-05 12:25:22 INF] Starting Test Execution: POrchAPI_Fraud_Times_Out:[]
[2025-09-05 12:25:22 INF] Mocks are not ready after 1 / 5 attempt(s). Expected 2 mock(s) to be registered with the manager and got 0.
[2025-09-05 12:25:22 INF] Successfully created map Delayed Fraud_8d9ccaeb-9085-41bc-a060-775aa5a30b36 for /api/v1/financial-transaction-fraud-checks
[2025-09-05 12:25:22 INF] Successfully created map MiddlewareMock_Success_0dfbad2a-fbc3-4a80-860c-b79a9de989a7 for /initialisepaymentorder/basic
[2025-09-05 12:25:25 INF] Response has PaymentId: bffe4ca8-b632-47a9-94dc-bee4c9f0d826
[2025-09-05 12:25:25 INF] Finished Test Execution: POrchAPI_Fraud_Times_Out
[2025-09-05 12:25:25 INF] ---------------------------------------------------



TestContext Messages:
Given a POrch PaymentRequest is created
-&gt; done: POrchAPIStepDefinitions.GivenAPOrchPaymentRequestIsCreated() (0.0s)
And the credit Account is 389300099302202
-&gt; done: POrchAPIStepDefinitions.WhenTheCreditAccountIs("389300099302202") (0.0s)
And the Fraudcheck mock response will time out
-&gt; done: POrchAPIStepDefinitions.GivenTheFraudcheckMockResponseWillTimeOut() (0.0s)
And MiddleWare Response is Success
-&gt; done: POrchAPIStepDefinitions.SetMiddlewareResponse("Success") (0.0s)
When POrch Payment API is called
-&gt; done: POrchAPIStepDefinitions.WhenPOrchAPIIsCalled("Payment") (3.0s)
Then the request should return status code 201
-&gt; done: POrchAPIStepDefinitions.ThenTheRequestShouldReturnStatusCode(201) (0.0s)</StdOut>
      </Output>
    </UnitTestResult>
    <UnitTestResult executionId="3229451f-3be1-499d-8e9b-d760b0527b39" testId="9be046ce-d5fd-9427-1050-dab4a1484a22" testName="POrchAPI_TMVToTMV_Valid_Creditor_Particulars_Return_Success (=@#_%,.,201,)" computerName="ip-10-130-163-242" duration="00:00:01.0657973" startTime="2025-09-05T12:25:48.6732718+12:00" endTime="2025-09-05T12:25:49.7391958+12:00" testType="13cdc9d9-ddb5-4fa4-a97d-d965ccfc6d4b" outcome="Passed" testListId="8c84fa94-04c1-424b-9868-57a2d4851a1d" relativeResultsDirectory="3229451f-3be1-499d-8e9b-d760b0527b39">
      <Output>
        <StdOut>[2025-09-05 12:25:48 INF] Starting Test Execution: POrchAPI_TMVToTMV_Valid_Creditor_Particulars_Return_Success:["[CreditorParticularsValue, =@#_%,.]","[StatusCode, 201]"]
[2025-09-05 12:25:48 INF] Mocks are not ready after 1 / 5 attempt(s). Expected 1 mock(s) to be registered with the manager and got 0.
[2025-09-05 12:25:48 INF] Successfully created map AdpsMock_Success_ba4c9364-3cbc-47d0-92ac-962a8bc65d23 for /api/v1/payment-instruction/domestic/immediate
[2025-09-05 12:25:49 INF] Response has PaymentId: 90f7bbb1-e3d6-4848-b03f-e010b5a050f0
[2025-09-05 12:25:49 INF] Finished Test Execution: POrchAPI_TMVToTMV_Valid_Creditor_Particulars_Return_Success
[2025-09-05 12:25:49 INF] ---------------------------------------------------



TestContext Messages:
Given a TMV to TMV POrch TransferRequest is created
-&gt; done: POrchAPIStepDefinitions.ConditionalPOrchTransferRequestIsCreated("TMV", "TMV") (0.0s)
And the Transfer Creditor particulars is =@#_%,.
-&gt; done: POrchAPIStepDefinitions.WhenTheCreditorParticularsIs("Transfer", "=@#_%,.") (0.0s)
And ADPS Response is Success
-&gt; done: POrchAPIStepDefinitions.SetAdpsResponse("Success") (0.0s)
When POrch Transfer API is called
-&gt; done: POrchAPIStepDefinitions.WhenPOrchAPIIsCalled("Transfer") (1.1s)
Then the request should return status code 201
-&gt; done: POrchAPIStepDefinitions.ThenTheRequestShouldReturnStatusCode(201) (0.0s)</StdOut>
      </Output>
    </UnitTestResult>
    <UnitTestResult executionId="18cbc141-4caf-442c-812f-6cfc8d0c6562" testId="ae49b406-a129-4a99-756f-9445e7e0bcb8" testName="POrchAPI_Middleware_Retries_Correctly (503,201,)" computerName="ip-10-130-163-242" duration="00:00:01.0995902" startTime="2025-09-05T12:25:28.2254962+12:00" endTime="2025-09-05T12:25:29.3252505+12:00" testType="13cdc9d9-ddb5-4fa4-a97d-d965ccfc6d4b" outcome="Passed" testListId="8c84fa94-04c1-424b-9868-57a2d4851a1d" relativeResultsDirectory="18cbc141-4caf-442c-812f-6cfc8d0c6562">
      <Output>
        <StdOut>[2025-09-05 12:25:28 INF] Starting Test Execution: POrchAPI_Middleware_Retries_Correctly:["[ErrorCode, 503]","[ResponseCode, 201]"]
[2025-09-05 12:25:28 INF] Mocks are not ready after 1 / 5 attempt(s). Expected 3 mock(s) to be registered with the manager and got 0.
[2025-09-05 12:25:28 INF] Successfully created map FraudcheckMock_Authorize_e6fde787-bbc0-4697-afdd-6dda89a7920b for /api/v1/financial-transaction-fraud-checks
[2025-09-05 12:25:28 INF] Successfully created map MiddlewareSuccess_3f43930b-1fe7-40bd-aa52-ce1308176404 for /initialisepaymentorder/basic
[2025-09-05 12:25:28 INF] Successfully created map MiddlewareFailure_503_f1dbf05d-eeb0-4e17-9d97-b67646d70f93_1 for /initialisepaymentorder/basic
[2025-09-05 12:25:29 INF] Response has PaymentId: d7f9ee38-c64d-462c-b58d-e45fd6c245ac
[2025-09-05 12:25:29 INF] Finished Test Execution: POrchAPI_Middleware_Retries_Correctly
[2025-09-05 12:25:29 INF] ---------------------------------------------------



TestContext Messages:
Given a POrch PaymentRequest is created
-&gt; done: POrchAPIStepDefinitions.GivenAPOrchPaymentRequestIsCreated() (0.0s)
And the credit Account is 389300099302202
-&gt; done: POrchAPIStepDefinitions.WhenTheCreditAccountIs("389300099302202") (0.0s)
And FraudCheck Response is Authorize
-&gt; done: POrchAPIStepDefinitions.SetFraudCheckResponse("Authorize") (0.0s)
And the Middleware responses will be 503 then 201
-&gt; done: POrchAPIStepDefinitions.GivenTheMiddlewareResponsesWillBe("503") (0.0s)
When POrch Payment API is called
-&gt; done: POrchAPIStepDefinitions.WhenPOrchAPIIsCalled("Payment") (1.1s)
Then the request should return status code 201
-&gt; done: POrchAPIStepDefinitions.ThenTheRequestShouldReturnStatusCode(201) (0.0s)</StdOut>
      </Output>
    </UnitTestResult>
    <UnitTestResult executionId="a2116134-7ac4-47d8-a4bf-eb113479f71f" testId="440dfa76-f2d6-e073-a941-9c06f5701cb8" testName="POrchAPI_Invalid_Creditor_Reference_Return_Error (},400,)" computerName="ip-10-130-163-242" duration="00:00:00.0080333" startTime="2025-09-05T12:25:02.9188202+12:00" endTime="2025-09-05T12:25:02.9269846+12:00" testType="13cdc9d9-ddb5-4fa4-a97d-d965ccfc6d4b" outcome="Passed" testListId="8c84fa94-04c1-424b-9868-57a2d4851a1d" relativeResultsDirectory="a2116134-7ac4-47d8-a4bf-eb113479f71f">
      <Output>
        <StdOut>[2025-09-05 12:25:02 INF] Starting Test Execution: POrchAPI_Invalid_Creditor_Reference_Return_Error:["[CreditorReferenceValue, }]","[StatusCode, 400]"]
[2025-09-05 12:25:02 INF] Finished Test Execution: POrchAPI_Invalid_Creditor_Reference_Return_Error
[2025-09-05 12:25:02 INF] ---------------------------------------------------



TestContext Messages:
Given a POrch PaymentRequest is created
-&gt; done: POrchAPIStepDefinitions.GivenAPOrchPaymentRequestIsCreated() (0.0s)
And the Payment Creditor Reference is }
-&gt; done: POrchAPIStepDefinitions.WhenTheCreditorReferenceIs("Payment", "}") (0.0s)
When POrch Payment API is called
-&gt; done: POrchAPIStepDefinitions.WhenPOrchAPIIsCalled("Payment") (0.0s)
Then the request should return status code 400
-&gt; done: POrchAPIStepDefinitions.ThenTheRequestShouldReturnStatusCode(400) (0.0s)</StdOut>
      </Output>
    </UnitTestResult>
    <UnitTestResult executionId="43af8fb7-fb42-41f9-9bc3-93959d672a3c" testId="4d49d458-cfe1-d6c1-2067-018152c6cee1" testName="POrchAPI_TMVToUltracs_Valid_Creditor_Reference_Return_Success (=@#_%,.,201,)" computerName="ip-10-130-163-242" duration="00:00:01.0932588" startTime="2025-09-05T12:26:09.2306950+12:00" endTime="2025-09-05T12:26:10.3240965+12:00" testType="13cdc9d9-ddb5-4fa4-a97d-d965ccfc6d4b" outcome="Passed" testListId="8c84fa94-04c1-424b-9868-57a2d4851a1d" relativeResultsDirectory="43af8fb7-fb42-41f9-9bc3-93959d672a3c">
      <Output>
        <StdOut>[2025-09-05 12:26:09 INF] Starting Test Execution: POrchAPI_TMVToUltracs_Valid_Creditor_Reference_Return_Success:["[CreditorReferenceValue, =@#_%,.]","[StatusCode, 201]"]
[2025-09-05 12:26:09 INF] Mocks are not ready after 1 / 5 attempt(s). Expected 2 mock(s) to be registered with the manager and got 0.
[2025-09-05 12:26:09 INF] Successfully created map AdpsMock_Success_0815d562-311d-4a93-a6f3-24e83bff2338 for /api/v1/payment-instruction/domestic/immediate
[2025-09-05 12:26:09 INF] Successfully created map MiddlewareMock_Success_0edced04-6eb7-42f2-98ec-768aa8815666 for /initialisepaymentorder/basic
[2025-09-05 12:26:10 INF] Response has PaymentId: 2734ddd6-e203-496d-962a-eea10a416727
[2025-09-05 12:26:10 INF] Finished Test Execution: POrchAPI_TMVToUltracs_Valid_Creditor_Reference_Return_Success
[2025-09-05 12:26:10 INF] ---------------------------------------------------



TestContext Messages:
Given a TMV to Ultracs POrch TransferRequest is created
-&gt; done: POrchAPIStepDefinitions.ConditionalPOrchTransferRequestIsCreated("TMV", "Ultracs") (0.0s)
And the Transfer Creditor Reference is =@#_%,.
-&gt; done: POrchAPIStepDefinitions.WhenTheCreditorReferenceIs("Transfer", "=@#_%,.") (0.0s)
And ADPS Response is Success
-&gt; done: POrchAPIStepDefinitions.SetAdpsResponse("Success") (0.0s)
And MiddleWare Response is Success
-&gt; done: POrchAPIStepDefinitions.SetMiddlewareResponse("Success") (0.0s)
When POrch Transfer API is called
-&gt; done: POrchAPIStepDefinitions.WhenPOrchAPIIsCalled("Transfer") (1.1s)
Then the request should return status code 201
-&gt; done: POrchAPIStepDefinitions.ThenTheRequestShouldReturnStatusCode(201) (0.0s)</StdOut>
      </Output>
    </UnitTestResult>
    <UnitTestResult executionId="8c058f78-2c40-4f9c-b9d9-6891b9d4fdf2" testId="4c10f3c4-fd8c-41f9-b944-356e748b698a" testName="POrchAPI_Transfer_Invalid_Creditor_Particulars_Return_Error (abcdefghijklmnsey,400,)" computerName="ip-10-130-163-242" duration="00:00:00.0081955" startTime="2025-09-05T12:26:26.8396213+12:00" endTime="2025-09-05T12:26:26.8479092+12:00" testType="13cdc9d9-ddb5-4fa4-a97d-d965ccfc6d4b" outcome="Passed" testListId="8c84fa94-04c1-424b-9868-57a2d4851a1d" relativeResultsDirectory="8c058f78-2c40-4f9c-b9d9-6891b9d4fdf2">
      <Output>
        <StdOut>[2025-09-05 12:26:26 INF] Starting Test Execution: POrchAPI_Transfer_Invalid_Creditor_Particulars_Return_Error:["[CreditorParticularsValue, abcdefghijklmnsey]","[StatusCode, 400]"]
[2025-09-05 12:26:26 INF] Finished Test Execution: POrchAPI_Transfer_Invalid_Creditor_Particulars_Return_Error
[2025-09-05 12:26:26 INF] ---------------------------------------------------



TestContext Messages:
Given a POrch TransferRequest is created
-&gt; done: POrchAPIStepDefinitions.GivenAPOrchTransferRequestIsCreated() (0.0s)
And the Transfer Creditor particulars is abcdefghijklmnsey
-&gt; done: POrchAPIStepDefinitions.WhenTheCreditorParticularsIs("Transfer", "abcdefghijklmnsey") (0.0s)
When POrch Transfer API is called
-&gt; done: POrchAPIStepDefinitions.WhenPOrchAPIIsCalled("Transfer") (0.0s)
Then the request should return status code 400
-&gt; done: POrchAPIStepDefinitions.ThenTheRequestShouldReturnStatusCode(400) (0.0s)</StdOut>
      </Output>
    </UnitTestResult>
    <UnitTestResult executionId="c0369c08-36b6-4ebe-9640-f8fcba67a35c" testId="6929a334-af19-28ff-1261-b86a33752757" testName="POrchAPI_Middleware_Retries_To_Maximum_Failure_Limit" computerName="ip-10-130-163-242" startTime="2025-09-05T12:25:44.3122069+12:00" endTime="2025-09-05T12:25:44.3127682+12:00" testType="13cdc9d9-ddb5-4fa4-a97d-d965ccfc6d4b" outcome="NotExecuted" testListId="8c84fa94-04c1-424b-9868-57a2d4851a1d" relativeResultsDirectory="c0369c08-36b6-4ebe-9640-f8fcba67a35c">
      <Output></Output>
    </UnitTestResult>
    <UnitTestResult executionId="ed08c973-a6e7-4ee2-aaba-9f54404a3a94" testId="b62d72e0-9de4-5866-12c5-253681d0df88" testName="POrchAPI_TMVToUltracs_Valid_Debtor_Code_Return_Success (=@#_%,.,201,)" computerName="ip-10-130-163-242" duration="00:00:01.0923270" startTime="2025-09-05T12:26:04.8526113+12:00" endTime="2025-09-05T12:26:05.9450726+12:00" testType="13cdc9d9-ddb5-4fa4-a97d-d965ccfc6d4b" outcome="Passed" testListId="8c84fa94-04c1-424b-9868-57a2d4851a1d" relativeResultsDirectory="ed08c973-a6e7-4ee2-aaba-9f54404a3a94">
      <Output>
        <StdOut>[2025-09-05 12:26:04 INF] Starting Test Execution: POrchAPI_TMVToUltracs_Valid_Debtor_Code_Return_Success:["[DebtorCodeValue, =@#_%,.]","[StatusCode, 201]"]
[2025-09-05 12:26:04 INF] Mocks are not ready after 1 / 5 attempt(s). Expected 2 mock(s) to be registered with the manager and got 0.
[2025-09-05 12:26:04 INF] Successfully created map AdpsMock_Success_38f8d220-7ccd-432a-b919-cc15eea99d1c for /api/v1/payment-instruction/domestic/immediate
[2025-09-05 12:26:04 INF] Successfully created map MiddlewareMock_Success_8bd40000-c355-4de3-a90f-005c4825bc9b for /initialisepaymentorder/basic
[2025-09-05 12:26:05 INF] Response has PaymentId: e1a4c4d2-7ba8-4c7f-bc70-894e2e0bcc35
[2025-09-05 12:26:05 INF] Finished Test Execution: POrchAPI_TMVToUltracs_Valid_Debtor_Code_Return_Success
[2025-09-05 12:26:05 INF] ---------------------------------------------------



TestContext Messages:
Given a TMV to Ultracs POrch TransferRequest is created
-&gt; done: POrchAPIStepDefinitions.ConditionalPOrchTransferRequestIsCreated("TMV", "Ultracs") (0.0s)
And the Transfer Debtor Code is =@#_%,.
-&gt; done: POrchAPIStepDefinitions.WhenTheDebtorCodeIs("Transfer", "=@#_%,.") (0.0s)
And ADPS Response is Success
-&gt; done: POrchAPIStepDefinitions.SetAdpsResponse("Success") (0.0s)
And MiddleWare Response is Success
-&gt; done: POrchAPIStepDefinitions.SetMiddlewareResponse("Success") (0.0s)
When POrch Transfer API is called
-&gt; done: POrchAPIStepDefinitions.WhenPOrchAPIIsCalled("Transfer") (1.1s)
Then the request should return status code 201
-&gt; done: POrchAPIStepDefinitions.ThenTheRequestShouldReturnStatusCode(201) (0.0s)</StdOut>
      </Output>
    </UnitTestResult>
    <UnitTestResult executionId="68543ef6-a45a-44dc-be55-5a5c0fd5e467" testId="a96aeaab-ab34-d0c0-ddcf-e1f5c6aa6924" testName="POrchAPI_Transfer_Invalid_Debtor_Particulars_Return_Error (abcdefghijklmnsey,400,)" computerName="ip-10-130-163-242" duration="00:00:00.0090076" startTime="2025-09-05T12:26:26.8161979+12:00" endTime="2025-09-05T12:26:26.8253211+12:00" testType="13cdc9d9-ddb5-4fa4-a97d-d965ccfc6d4b" outcome="Passed" testListId="8c84fa94-04c1-424b-9868-57a2d4851a1d" relativeResultsDirectory="68543ef6-a45a-44dc-be55-5a5c0fd5e467">
      <Output>
        <StdOut>[2025-09-05 12:26:26 INF] Starting Test Execution: POrchAPI_Transfer_Invalid_Debtor_Particulars_Return_Error:["[DebtorParticularsValue, abcdefghijklmnsey]","[StatusCode, 400]"]
[2025-09-05 12:26:26 INF] Finished Test Execution: POrchAPI_Transfer_Invalid_Debtor_Particulars_Return_Error
[2025-09-05 12:26:26 INF] ---------------------------------------------------



TestContext Messages:
Given a POrch TransferRequest is created
-&gt; done: POrchAPIStepDefinitions.GivenAPOrchTransferRequestIsCreated() (0.0s)
And the Transfer Debtor particulars is abcdefghijklmnsey
-&gt; done: POrchAPIStepDefinitions.WhenTheDebtorParticularsIs("Transfer", "abcdefghijklmnsey") (0.0s)
When POrch Transfer API is called
-&gt; done: POrchAPIStepDefinitions.WhenPOrchAPIIsCalled("Transfer") (0.0s)
Then the request should return status code 400
-&gt; done: POrchAPIStepDefinitions.ThenTheRequestShouldReturnStatusCode(400) (0.0s)</StdOut>
      </Output>
    </UnitTestResult>
    <UnitTestResult executionId="948655c8-f9f9-4cb0-8dfc-bf7a7ddfc35f" testId="100430cd-6565-18f3-c294-373025ab087e" testName="POrchAPI_UltracsToTMV_Negative_MiddleWare_Response_409 (WithdrawalNotPermittedError,409,)" computerName="ip-10-130-163-242" startTime="2025-09-05T12:26:26.6944627+12:00" endTime="2025-09-05T12:26:26.6944890+12:00" testType="13cdc9d9-ddb5-4fa4-a97d-d965ccfc6d4b" outcome="NotExecuted" testListId="8c84fa94-04c1-424b-9868-57a2d4851a1d" relativeResultsDirectory="948655c8-f9f9-4cb0-8dfc-bf7a7ddfc35f">
      <Output></Output>
    </UnitTestResult>
    <UnitTestResult executionId="3f5c7a2e-328c-4fa7-aee7-b474e12e34bd" testId="af75ef55-0542-65e8-b2ae-a8714b1b6ee8" testName="POrchAPI_Negative_FraudCheck_Response_Close_Middleware_409 (Hold,409,)" computerName="ip-10-130-163-242" duration="00:00:01.0750209" startTime="2025-09-05T12:24:45.8447678+12:00" endTime="2025-09-05T12:24:46.9199547+12:00" testType="13cdc9d9-ddb5-4fa4-a97d-d965ccfc6d4b" outcome="Passed" testListId="8c84fa94-04c1-424b-9868-57a2d4851a1d" relativeResultsDirectory="3f5c7a2e-328c-4fa7-aee7-b474e12e34bd">
      <Output>
        <StdOut>[2025-09-05 12:24:45 INF] Starting Test Execution: POrchAPI_Negative_FraudCheck_Response_Close_Middleware_409:["[Result, Hold]","[StatusCode, 409]"]
[2025-09-05 12:24:45 INF] Successfully created map FraudcheckMock_Hold_41d7e710-c1ce-41e9-8039-d566364977d5 for /api/v1/financial-transaction-fraud-checks
[2025-09-05 12:24:45 INF] Mocks are not ready after 1 / 5 attempt(s). Expected 3 mock(s) to be registered with the manager and got 1.
[2025-09-05 12:24:45 INF] Successfully created map PartyActivityServiceMock_Created_2bf3aa41-2b54-49d9-9443-c31bf4f47826 for /v2/activities
[2025-09-05 12:24:45 INF] Successfully created map MiddlewareMock_FrozenError_84993e32-1582-4251-9918-8a3601223638 for /initialisepaymentorder/basic
[2025-09-05 12:24:46 INF] Response has PaymentId: 0412d171-3748-4849-accc-d6ff5a9dd841
[2025-09-05 12:24:46 INF] Finished Test Execution: POrchAPI_Negative_FraudCheck_Response_Close_Middleware_409
[2025-09-05 12:24:46 INF] ---------------------------------------------------



TestContext Messages:
Given a POrch PaymentRequest is created
-&gt; done: POrchAPIStepDefinitions.GivenAPOrchPaymentRequestIsCreated() (0.0s)
And FraudCheck Response is Hold
-&gt; done: POrchAPIStepDefinitions.SetFraudCheckResponse("Hold") (0.0s)
And MiddleWare Response is FrozenError
-&gt; done: POrchAPIStepDefinitions.SetMiddlewareResponse("FrozenError") (0.0s)
And the PAS response is Created
-&gt; done: POrchAPIStepDefinitions.ThePasResponseIs("Created") (0.0s)
When POrch Payment API is called
-&gt; done: POrchAPIStepDefinitions.WhenPOrchAPIIsCalled("Payment") (1.1s)
Then the request should return status code 409
-&gt; done: POrchAPIStepDefinitions.ThenTheRequestShouldReturnStatusCode(409) (0.0s)</StdOut>
      </Output>
    </UnitTestResult>
    <UnitTestResult executionId="8ecb3682-4ce5-4368-bf1d-e2883216a97b" testId="4744d4ae-2521-b24e-d5ed-700cfccee5b6" testName="POrchAPI_Various_Amounts_Return_Success_When_Below_Max (0.00,,)" computerName="ip-10-130-163-242" duration="00:00:01.1208582" startTime="2025-09-05T12:23:58.1836799+12:00" endTime="2025-09-05T12:23:59.3070437+12:00" testType="13cdc9d9-ddb5-4fa4-a97d-d965ccfc6d4b" outcome="Passed" testListId="8c84fa94-04c1-424b-9868-57a2d4851a1d" relativeResultsDirectory="8ecb3682-4ce5-4368-bf1d-e2883216a97b">
      <Output>
        <StdOut>[2025-09-05 12:23:58 INF] Starting Test Execution: POrchAPI_Various_Amounts_Return_Success_When_Below_Max:["[Amount, 0.00]"]
[2025-09-05 12:23:58 INF] Mocks are not ready after 1 / 5 attempt(s). Expected 2 mock(s) to be registered with the manager and got 0.
[2025-09-05 12:23:58 INF] Successfully created map FraudcheckMock_Authorize_46dae740-0bd5-4599-9a8e-06e14e7cf398 for /api/v1/financial-transaction-fraud-checks
[2025-09-05 12:23:58 INF] Successfully created map MiddlewareMock_Success_6f1f8481-4194-4da9-8395-7d9fab3d0bb9 for /initialisepaymentorder/basic
[2025-09-05 12:23:59 INF] Response has PaymentId: 75514a9e-6086-4240-a745-1b62adbf3f10
[2025-09-05 12:23:59 INF] Finished Test Execution: POrchAPI_Various_Amounts_Return_Success_When_Below_Max
[2025-09-05 12:23:59 INF] ---------------------------------------------------



TestContext Messages:
Given a POrch PaymentRequest is created
-&gt; done: POrchAPIStepDefinitions.GivenAPOrchPaymentRequestIsCreated() (0.0s)
And the Payment Amount Field is 0.00
-&gt; done: POrchAPIStepDefinitions.WhenTheAcountFieldIs("Payment", "0.00") (0.0s)
And FraudCheck Response is Authorize
-&gt; done: POrchAPIStepDefinitions.SetFraudCheckResponse("Authorize") (0.0s)
And MiddleWare Response is Success
-&gt; done: POrchAPIStepDefinitions.SetMiddlewareResponse("Success") (0.0s)
When POrch Payment API is called
-&gt; done: POrchAPIStepDefinitions.WhenPOrchAPIIsCalled("Payment") (1.1s)
Then the request should return status code 201
-&gt; done: POrchAPIStepDefinitions.ThenTheRequestShouldReturnStatusCode(201) (0.0s)</StdOut>
      </Output>
    </UnitTestResult>
    <UnitTestResult executionId="9c3b495c-ac93-400a-9eb8-f3a7acfff616" testId="a7dcfefc-4bb1-7cd3-999f-cc58af315ef6" testName="POrchAPI_Other_Middleware_Responses_Do_Not_Retry (AccountDetectionFailedError,409,)" computerName="ip-10-130-163-242" duration="00:00:01.0825778" startTime="2025-09-05T12:25:36.7239103+12:00" endTime="2025-09-05T12:25:37.8066644+12:00" testType="13cdc9d9-ddb5-4fa4-a97d-d965ccfc6d4b" outcome="Passed" testListId="8c84fa94-04c1-424b-9868-57a2d4851a1d" relativeResultsDirectory="9c3b495c-ac93-400a-9eb8-f3a7acfff616">
      <Output>
        <StdOut>[2025-09-05 12:25:36 INF] Starting Test Execution: POrchAPI_Other_Middleware_Responses_Do_Not_Retry:["[Response, AccountDetectionFailedError]","[StatusCode, 409]"]
[2025-09-05 12:25:36 INF] Mocks are not ready after 1 / 5 attempt(s). Expected 3 mock(s) to be registered with the manager and got 0.
[2025-09-05 12:25:36 INF] Successfully created map FraudcheckMock_Authorize_ef8f2db0-81b7-4842-abeb-546ac620dc18 for /api/v1/financial-transaction-fraud-checks
[2025-09-05 12:25:36 INF] Successfully created map MiddlewareFailure_AccountDetectionFailedError_c84ee5e0-c525-4522-a461-4d381d066d46_1 for /initialisepaymentorder/basic
[2025-09-05 12:25:36 INF] Successfully created map MiddlewareSuccess_1634b165-5441-4d01-8865-84ee5f4a8fdb for /initialisepaymentorder/basic
[2025-09-05 12:25:37 INF] Response has PaymentId: 048d938f-7b0a-41c1-8dff-1c562954dbbf
[2025-09-05 12:25:37 INF] Finished Test Execution: POrchAPI_Other_Middleware_Responses_Do_Not_Retry
[2025-09-05 12:25:37 INF] ---------------------------------------------------



TestContext Messages:
Given a POrch PaymentRequest is created
-&gt; done: POrchAPIStepDefinitions.GivenAPOrchPaymentRequestIsCreated() (0.0s)
And the credit Account is 389300099302202
-&gt; done: POrchAPIStepDefinitions.WhenTheCreditAccountIs("389300099302202") (0.0s)
And FraudCheck Response is Authorize
-&gt; done: POrchAPIStepDefinitions.SetFraudCheckResponse("Authorize") (0.0s)
And the Middleware responses will be AccountDetectionFailedError then 201
-&gt; done: POrchAPIStepDefinitions.GivenTheMiddlewareResponsesWillBe("AccountDetectionF...") (0.0s)
When POrch Payment API is called
-&gt; done: POrchAPIStepDefinitions.WhenPOrchAPIIsCalled("Payment") (1.1s)
Then the request should return status code 409
-&gt; done: POrchAPIStepDefinitions.ThenTheRequestShouldReturnStatusCode(409) (0.0s)</StdOut>
      </Output>
    </UnitTestResult>
    <UnitTestResult executionId="f9fb6078-076c-4358-a247-f2f3cbf55472" testId="17123aeb-362b-66b0-2981-2994bc93be84" testName="POrchAPI_Transfer_Invalid_Creditor_Code_Return_Error (},400,)" computerName="ip-10-130-163-242" duration="00:00:00.0078141" startTime="2025-09-05T12:26:26.9025519+12:00" endTime="2025-09-05T12:26:26.9104565+12:00" testType="13cdc9d9-ddb5-4fa4-a97d-d965ccfc6d4b" outcome="Passed" testListId="8c84fa94-04c1-424b-9868-57a2d4851a1d" relativeResultsDirectory="f9fb6078-076c-4358-a247-f2f3cbf55472">
      <Output>
        <StdOut>[2025-09-05 12:26:26 INF] Starting Test Execution: POrchAPI_Transfer_Invalid_Creditor_Code_Return_Error:["[CreditorCodeValue, }]","[StatusCode, 400]"]
[2025-09-05 12:26:26 INF] Finished Test Execution: POrchAPI_Transfer_Invalid_Creditor_Code_Return_Error
[2025-09-05 12:26:26 INF] ---------------------------------------------------



TestContext Messages:
Given a POrch TransferRequest is created
-&gt; done: POrchAPIStepDefinitions.GivenAPOrchTransferRequestIsCreated() (0.0s)
And the Transfer Creditor Code is }
-&gt; done: POrchAPIStepDefinitions.WhenTheCreditorCodeIs("Transfer", "}") (0.0s)
When POrch Transfer API is called
-&gt; done: POrchAPIStepDefinitions.WhenPOrchAPIIsCalled("Transfer") (0.0s)
Then the request should return status code 400
-&gt; done: POrchAPIStepDefinitions.ThenTheRequestShouldReturnStatusCode(400) (0.0s)</StdOut>
      </Output>
    </UnitTestResult>
    <UnitTestResult executionId="5b5665ba-e458-4cbe-aab9-4fdb90353138" testId="7a356f2b-a14c-5916-12db-273db6c151e1" testName="POrchAPI_Transfer_Invalid_Creditor_Particulars_Return_Error (\,400,)" computerName="ip-10-130-163-242" duration="00:00:00.0079076" startTime="2025-09-05T12:26:26.8484359+12:00" endTime="2025-09-05T12:26:26.8564459+12:00" testType="13cdc9d9-ddb5-4fa4-a97d-d965ccfc6d4b" outcome="Passed" testListId="8c84fa94-04c1-424b-9868-57a2d4851a1d" relativeResultsDirectory="5b5665ba-e458-4cbe-aab9-4fdb90353138">
      <Output>
        <StdOut>[2025-09-05 12:26:26 INF] Starting Test Execution: POrchAPI_Transfer_Invalid_Creditor_Particulars_Return_Error:["[CreditorParticularsValue, \\]","[StatusCode, 400]"]
[2025-09-05 12:26:26 INF] Finished Test Execution: POrchAPI_Transfer_Invalid_Creditor_Particulars_Return_Error
[2025-09-05 12:26:26 INF] ---------------------------------------------------



TestContext Messages:
Given a POrch TransferRequest is created
-&gt; done: POrchAPIStepDefinitions.GivenAPOrchTransferRequestIsCreated() (0.0s)
And the Transfer Creditor particulars is \
-&gt; done: POrchAPIStepDefinitions.WhenTheCreditorParticularsIs("Transfer", "\") (0.0s)
When POrch Transfer API is called
-&gt; done: POrchAPIStepDefinitions.WhenPOrchAPIIsCalled("Transfer") (0.0s)
Then the request should return status code 400
-&gt; done: POrchAPIStepDefinitions.ThenTheRequestShouldReturnStatusCode(400) (0.0s)</StdOut>
      </Output>
    </UnitTestResult>
    <UnitTestResult executionId="804dedd5-26b2-4b84-9a87-c4d2683cd92b" testId="72321927-3b83-84e2-bb23-4e4ef51fbf75" testName="POrchAPI_TMVToTMV_Valid_Creditor_Particulars_Return_Success (()+$*!;-/?:,201,)" computerName="ip-10-130-163-242" duration="00:00:01.0665852" startTime="2025-09-05T12:25:47.6065064+12:00" endTime="2025-09-05T12:25:48.6732265+12:00" testType="13cdc9d9-ddb5-4fa4-a97d-d965ccfc6d4b" outcome="Passed" testListId="8c84fa94-04c1-424b-9868-57a2d4851a1d" relativeResultsDirectory="804dedd5-26b2-4b84-9a87-c4d2683cd92b">
      <Output>
        <StdOut>[2025-09-05 12:25:47 INF] Starting Test Execution: POrchAPI_TMVToTMV_Valid_Creditor_Particulars_Return_Success:["[CreditorParticularsValue, ()+$*!;-/?:]","[StatusCode, 201]"]
[2025-09-05 12:25:47 INF] Mocks are not ready after 1 / 5 attempt(s). Expected 1 mock(s) to be registered with the manager and got 0.
[2025-09-05 12:25:47 INF] Successfully created map AdpsMock_Success_a69844b2-97ec-49c9-a270-c9500a66caad for /api/v1/payment-instruction/domestic/immediate
[2025-09-05 12:25:48 INF] Response has PaymentId: acf397cf-c3fe-4f9a-91ec-9860c568ce39
[2025-09-05 12:25:48 INF] Finished Test Execution: POrchAPI_TMVToTMV_Valid_Creditor_Particulars_Return_Success
[2025-09-05 12:25:48 INF] ---------------------------------------------------



TestContext Messages:
Given a TMV to TMV POrch TransferRequest is created
-&gt; done: POrchAPIStepDefinitions.ConditionalPOrchTransferRequestIsCreated("TMV", "TMV") (0.0s)
And the Transfer Creditor particulars is ()+$*!;-/?:
-&gt; done: POrchAPIStepDefinitions.WhenTheCreditorParticularsIs("Transfer", "()+$*!;-/?:") (0.0s)
And ADPS Response is Success
-&gt; done: POrchAPIStepDefinitions.SetAdpsResponse("Success") (0.0s)
When POrch Transfer API is called
-&gt; done: POrchAPIStepDefinitions.WhenPOrchAPIIsCalled("Transfer") (1.1s)
Then the request should return status code 201
-&gt; done: POrchAPIStepDefinitions.ThenTheRequestShouldReturnStatusCode(201) (0.0s)</StdOut>
      </Output>
    </UnitTestResult>
    <UnitTestResult executionId="d9dfb967-9885-405d-9868-8c31f7100188" testId="b9a13a5b-81a8-ca23-bb4b-d95c063257a2" testName="POrchAPI_UltracsToTMV_Valid_Creditor_Reference_Return_Success (()+$*!;-/?:,201,)" computerName="ip-10-130-163-242" duration="00:00:01.0928576" startTime="2025-09-05T12:26:22.3259177+12:00" endTime="2025-09-05T12:26:23.4189221+12:00" testType="13cdc9d9-ddb5-4fa4-a97d-d965ccfc6d4b" outcome="Passed" testListId="8c84fa94-04c1-424b-9868-57a2d4851a1d" relativeResultsDirectory="d9dfb967-9885-405d-9868-8c31f7100188">
      <Output>
        <StdOut>[2025-09-05 12:26:22 INF] Starting Test Execution: POrchAPI_UltracsToTMV_Valid_Creditor_Reference_Return_Success:["[CreditorReferenceValue, ()+$*!;-/?:]","[StatusCode, 201]"]
[2025-09-05 12:26:22 INF] Mocks are not ready after 1 / 5 attempt(s). Expected 2 mock(s) to be registered with the manager and got 0.
[2025-09-05 12:26:22 INF] Successfully created map AdpsMock_Success_3d0689b7-f33d-464c-bb85-09d03397fe13 for /api/v1/payment-instruction/domestic/immediate
[2025-09-05 12:26:22 INF] Successfully created map MiddlewareMock_Success_40b674f6-0701-4c5c-9fc3-0e6f8bcab921 for /initialisepaymentorder/basic
[2025-09-05 12:26:23 INF] Response has PaymentId: 23e238dd-a99e-49b0-b0b0-c7d631a60841
[2025-09-05 12:26:23 INF] Finished Test Execution: POrchAPI_UltracsToTMV_Valid_Creditor_Reference_Return_Success
[2025-09-05 12:26:23 INF] ---------------------------------------------------



TestContext Messages:
Given a Ultracs to TMV POrch TransferRequest is created
-&gt; done: POrchAPIStepDefinitions.ConditionalPOrchTransferRequestIsCreated("Ultracs", "TMV") (0.0s)
And the Transfer Creditor Reference is ()+$*!;-/?:
-&gt; done: POrchAPIStepDefinitions.WhenTheCreditorReferenceIs("Transfer", "()+$*!;-/?:") (0.0s)
And ADPS Response is Success
-&gt; done: POrchAPIStepDefinitions.SetAdpsResponse("Success") (0.0s)
And MiddleWare Response is Success
-&gt; done: POrchAPIStepDefinitions.SetMiddlewareResponse("Success") (0.0s)
When POrch Transfer API is called
-&gt; done: POrchAPIStepDefinitions.WhenPOrchAPIIsCalled("Transfer") (1.1s)
Then the request should return status code 201
-&gt; done: POrchAPIStepDefinitions.ThenTheRequestShouldReturnStatusCode(201) (0.0s)</StdOut>
      </Output>
    </UnitTestResult>
    <UnitTestResult executionId="5afde45b-42f2-471e-9d04-7a28df607773" testId="5a784b05-d140-3c48-a864-8715e0cfaed9" testName="POrchAPI_Transfer_Invalid_Credit_Account_Return_Error (3800000000000000,400,)" computerName="ip-10-130-163-242" duration="00:00:00.0079762" startTime="2025-09-05T12:26:26.8080705+12:00" endTime="2025-09-05T12:26:26.8161612+12:00" testType="13cdc9d9-ddb5-4fa4-a97d-d965ccfc6d4b" outcome="Passed" testListId="8c84fa94-04c1-424b-9868-57a2d4851a1d" relativeResultsDirectory="5afde45b-42f2-471e-9d04-7a28df607773">
      <Output>
        <StdOut>[2025-09-05 12:26:26 INF] Starting Test Execution: POrchAPI_Transfer_Invalid_Credit_Account_Return_Error:["[CreditAccounValue, 3800000000000000]","[StatusCode, 400]"]
[2025-09-05 12:26:26 INF] Finished Test Execution: POrchAPI_Transfer_Invalid_Credit_Account_Return_Error
[2025-09-05 12:26:26 INF] ---------------------------------------------------



TestContext Messages:
Given a POrch TransferRequest is created
-&gt; done: POrchAPIStepDefinitions.GivenAPOrchTransferRequestIsCreated() (0.0s)
And the Transfer Credit Account field is &lt;CreditAccountValue&gt;
-&gt; done: POrchAPIStepDefinitions.WhenTheCreditAccountFieldIs("Transfer", "&lt;CreditAccountValue&gt;") (0.0s)
When POrch Transfer API is called
-&gt; done: POrchAPIStepDefinitions.WhenPOrchAPIIsCalled("Transfer") (0.0s)
Then the request should return status code 400
-&gt; done: POrchAPIStepDefinitions.ThenTheRequestShouldReturnStatusCode(400) (0.0s)</StdOut>
      </Output>
    </UnitTestResult>
    <UnitTestResult executionId="edcd4532-d2fb-4e84-800e-0d2c7d03887c" testId="75c9d967-90eb-dc3b-3504-20fd3872b6a3" testName="POrchAPI_Transfer_Invalid_Creditor_Account_Source_Return_Error (ULTRCS,400,'CreditorAccountSource' can only be Ultracs or TMV for transfers.,)" computerName="ip-10-130-163-242" duration="00:00:00.0074501" startTime="2025-09-05T12:26:27.0198602+12:00" endTime="2025-09-05T12:26:27.0273980+12:00" testType="13cdc9d9-ddb5-4fa4-a97d-d965ccfc6d4b" outcome="Passed" testListId="8c84fa94-04c1-424b-9868-57a2d4851a1d" relativeResultsDirectory="edcd4532-d2fb-4e84-800e-0d2c7d03887c">
      <Output>
        <StdOut>[2025-09-05 12:26:27 INF] Starting Test Execution: POrchAPI_Transfer_Invalid_Creditor_Account_Source_Return_Error:["[AccountSource, ULTRCS]","[StatusCode, 400]","[ErrorMessage, 'CreditorAccountSource' can only be Ultracs or TMV for transfers.]"]
[2025-09-05 12:26:27 INF] Finished Test Execution: POrchAPI_Transfer_Invalid_Creditor_Account_Source_Return_Error
[2025-09-05 12:26:27 INF] ---------------------------------------------------



TestContext Messages:
Given a POrch TransferRequest is created
-&gt; done: POrchAPIStepDefinitions.GivenAPOrchTransferRequestIsCreated() (0.0s)
And the transfer Creditor Account Source is ULTRCS
-&gt; done: POrchAPIStepDefinitions.GivenTheTransferCreditorAccountSourceIs("ULTRCS") (0.0s)
When POrch Transfer API is called
-&gt; done: POrchAPIStepDefinitions.WhenPOrchAPIIsCalled("Transfer") (0.0s)
Then the request should return status code 400
-&gt; done: POrchAPIStepDefinitions.ThenTheRequestShouldReturnStatusCode(400) (0.0s)
And the error message should be 'CreditorAccountSource' can only be Ultracs or TMV for transfers.
-&gt; done: POrchAPIStepDefinitions.ThenTheErrorMessageShouldBeErrorMessage("'CreditorAccountS...") (0.0s)</StdOut>
      </Output>
    </UnitTestResult>
    <UnitTestResult executionId="150df723-f9b3-4dbe-ad32-9551cd215aa7" testId="50e25875-2c25-fb3c-95d0-d87b9191fafb" testName="POrchAPI_Negative_MiddleWare_Response_409 (WithdrawalNotPermittedError,409,)" computerName="ip-10-130-163-242" duration="00:00:01.0779739" startTime="2025-09-05T12:24:30.6712359+12:00" endTime="2025-09-05T12:24:31.7494323+12:00" testType="13cdc9d9-ddb5-4fa4-a97d-d965ccfc6d4b" outcome="Passed" testListId="8c84fa94-04c1-424b-9868-57a2d4851a1d" relativeResultsDirectory="150df723-f9b3-4dbe-ad32-9551cd215aa7">
      <Output>
        <StdOut>[2025-09-05 12:24:30 INF] Starting Test Execution: POrchAPI_Negative_MiddleWare_Response_409:["[Result, WithdrawalNotPermittedError]","[StatusCode, 409]"]
[2025-09-05 12:24:30 INF] Mocks are not ready after 1 / 5 attempt(s). Expected 2 mock(s) to be registered with the manager and got 0.
[2025-09-05 12:24:30 INF] Successfully created map FraudcheckMock_Authorize_2e9414e4-fb1b-4eed-8c94-d3c871cc815e for /api/v1/financial-transaction-fraud-checks
[2025-09-05 12:24:30 INF] Successfully created map MiddlewareMock_WithdrawalNotPermittedError_3f2592d6-937f-49d1-aabd-37da21dd24d8 for /initialisepaymentorder/basic
[2025-09-05 12:24:31 INF] Response has PaymentId: c036ef29-8e66-42af-8b52-67979f22e026
[2025-09-05 12:24:31 INF] Finished Test Execution: POrchAPI_Negative_MiddleWare_Response_409
[2025-09-05 12:24:31 INF] ---------------------------------------------------



TestContext Messages:
Given a POrch PaymentRequest is created
-&gt; done: POrchAPIStepDefinitions.GivenAPOrchPaymentRequestIsCreated() (0.0s)
And FraudCheck Response is Authorize
-&gt; done: POrchAPIStepDefinitions.SetFraudCheckResponse("Authorize") (0.0s)
And MiddleWare Response is WithdrawalNotPermittedError
-&gt; done: POrchAPIStepDefinitions.SetMiddlewareResponse("WithdrawalNotPerm...") (0.0s)
When POrch Payment API is called
-&gt; done: POrchAPIStepDefinitions.WhenPOrchAPIIsCalled("Payment") (1.1s)
Then the request should return status code 409
-&gt; done: POrchAPIStepDefinitions.ThenTheRequestShouldReturnStatusCode(409) (0.0s)</StdOut>
      </Output>
    </UnitTestResult>
    <UnitTestResult executionId="54e9e4e2-de8b-4ac2-8790-a0e7bdbafe71" testId="124a5e80-5b0d-71a0-1c67-af5274a72cea" testName="POrchAPI_Invalid_Debtor_Reference_Return_Error (},400,)" computerName="ip-10-130-163-242" duration="00:00:00.0076440" startTime="2025-09-05T12:25:02.9449122+12:00" endTime="2025-09-05T12:25:02.9534046+12:00" testType="13cdc9d9-ddb5-4fa4-a97d-d965ccfc6d4b" outcome="Passed" testListId="8c84fa94-04c1-424b-9868-57a2d4851a1d" relativeResultsDirectory="54e9e4e2-de8b-4ac2-8790-a0e7bdbafe71">
      <Output>
        <StdOut>[2025-09-05 12:25:02 INF] Starting Test Execution: POrchAPI_Invalid_Debtor_Reference_Return_Error:["[DebtorReferenceValue, }]","[StatusCode, 400]"]
[2025-09-05 12:25:02 INF] Finished Test Execution: POrchAPI_Invalid_Debtor_Reference_Return_Error
[2025-09-05 12:25:02 INF] ---------------------------------------------------



TestContext Messages:
Given a POrch PaymentRequest is created
-&gt; done: POrchAPIStepDefinitions.GivenAPOrchPaymentRequestIsCreated() (0.0s)
And the Payment Debtor Reference is }
-&gt; done: POrchAPIStepDefinitions.WhenTheDebtorReferenceIs("Payment", "}") (0.0s)
When POrch Payment API is called
-&gt; done: POrchAPIStepDefinitions.WhenPOrchAPIIsCalled("Payment") (0.0s)
Then the request should return status code 400
-&gt; done: POrchAPIStepDefinitions.ThenTheRequestShouldReturnStatusCode(400) (0.0s)</StdOut>
      </Output>
    </UnitTestResult>
    <UnitTestResult executionId="6e797f42-25df-4be5-9bf8-b4c09c3d4b22" testId="3359bec4-f88f-6930-585f-325fb5905ea7" testName="POrchAPI_Transfer_Invalid_Credit_Account_Return_Error (abcdefghijklmnse,400,)" computerName="ip-10-130-163-242" duration="00:00:00.0085354" startTime="2025-09-05T12:26:26.7832339+12:00" endTime="2025-09-05T12:26:26.7918654+12:00" testType="13cdc9d9-ddb5-4fa4-a97d-d965ccfc6d4b" outcome="Passed" testListId="8c84fa94-04c1-424b-9868-57a2d4851a1d" relativeResultsDirectory="6e797f42-25df-4be5-9bf8-b4c09c3d4b22">
      <Output>
        <StdOut>[2025-09-05 12:26:26 INF] Starting Test Execution: POrchAPI_Transfer_Invalid_Credit_Account_Return_Error:["[CreditAccounValue, abcdefghijklmnse]","[StatusCode, 400]"]
[2025-09-05 12:26:26 INF] Finished Test Execution: POrchAPI_Transfer_Invalid_Credit_Account_Return_Error
[2025-09-05 12:26:26 INF] ---------------------------------------------------



TestContext Messages:
Given a POrch TransferRequest is created
-&gt; done: POrchAPIStepDefinitions.GivenAPOrchTransferRequestIsCreated() (0.0s)
And the Transfer Credit Account field is &lt;CreditAccountValue&gt;
-&gt; done: POrchAPIStepDefinitions.WhenTheCreditAccountFieldIs("Transfer", "&lt;CreditAccountValue&gt;") (0.0s)
When POrch Transfer API is called
-&gt; done: POrchAPIStepDefinitions.WhenPOrchAPIIsCalled("Transfer") (0.0s)
Then the request should return status code 400
-&gt; done: POrchAPIStepDefinitions.ThenTheRequestShouldReturnStatusCode(400) (0.0s)</StdOut>
      </Output>
    </UnitTestResult>
    <UnitTestResult executionId="29ff748a-3b63-4172-9083-a4b1969d44fd" testId="567aecf6-8050-60d3-0df1-56b65b0170fd" testName="POrchNRT_Unsuccessful_Response_From_FraudCheck_Unsuccessful_From_NRT (PaymentNrtBadRequest,,)" computerName="ip-10-130-163-242" duration="00:00:00.0523901" startTime="2025-09-05T12:25:04.1566303+12:00" endTime="2025-09-05T12:25:04.2091858+12:00" testType="13cdc9d9-ddb5-4fa4-a97d-d965ccfc6d4b" outcome="Passed" testListId="8c84fa94-04c1-424b-9868-57a2d4851a1d" relativeResultsDirectory="29ff748a-3b63-4172-9083-a4b1969d44fd">
      <Output>
        <StdOut>[2025-09-05 12:25:04 INF] Starting Test Execution: POrchNRT_Unsuccessful_Response_From_FraudCheck_Unsuccessful_From_NRT:["[result, PaymentNrtBadRequest]"]
[2025-09-05 12:25:04 INF] Executed DbCommand (1ms) [Parameters=[], CommandType='Text', CommandTimeout='30']
SELECT n.id, n.attempts, n.created_at, n.payment_id, n.status, n.updated_at
FROM net.nrt_outbox AS n
WHERE n.attempts &gt;= 0
[2025-09-05 12:25:04 INF] Executed DbCommand (2ms) [Parameters=[@p0='?' (DbType = Guid)], CommandType='Text', CommandTimeout='30']
DELETE FROM net.nrt_outbox
WHERE id = @p0;
[2025-09-05 12:25:04 INF] Executed DbCommand (1ms) [Parameters=[@p0='?' (DbType = Guid), @p1='?', @p2='?' (DbType = Decimal), @p3='?' (DbType = DateTime), @p4='?', @p5='?', @p6='?', @p7='?', @p8='?' (DbType = Object), @p9='?' (DbType = Object), @p10='?', @p11='?', @p12='?', @p13='?', @p14='?' (DbType = Object), @p15='?' (DbType = Object), @p16='?' (DbType = Object), @p17='?' (DbType = DateTime), @p18='?' (DbType = Object), @p19='?' (DbType = DateTime), @p20='?' (DbType = Guid), @p21='?' (DbType = Int32), @p22='?' (DbType = DateTime), @p23='?' (DbType = Guid), @p24='?' (DbType = Object), @p25='?' (DbType = DateTime)], CommandType='Text', CommandTimeout='30']
INSERT INTO net.payment (id, access_number, amount, created_at, creditor_account_code, creditor_account_number, creditor_account_particulars, creditor_account_reference, creditor_account_source, currency, debtor_account_code, debtor_account_number, debtor_account_particulars, debtor_account_reference, debtor_account_source, fraud_check_disposition, payment_type, processed_at, status, updated_at)
VALUES (@p0, @p1, @p2, @p3, @p4, @p5, @p6, @p7, @p8, @p9, @p10, @p11, @p12, @p13, @p14, @p15, @p16, @p17, @p18, @p19);
INSERT INTO net.nrt_outbox (id, attempts, created_at, payment_id, status, updated_at)
VALUES (@p20, @p21, @p22, @p23, @p24, @p25);
[2025-09-05 12:25:04 INF] Successfully created map FraudCheckNRTMock_PaymentNrtBadRequest_ede65295-fa20-4a6f-a1cd-35c8c45009dd for /api/v1/financial-transaction-fraud-checks/5ce7bbd0-c796-4d42-b7ff-7b5a55cdfb89
[2025-09-05 12:25:04 INF] Executed DbCommand (1ms) [Parameters=[@__p_0='?' (DbType = Guid)], CommandType='Text', CommandTimeout='30']
SELECT n.id, n.attempts, n.created_at, n.payment_id, n.status, n.updated_at
FROM net.nrt_outbox AS n
WHERE n.id = @__p_0
LIMIT 1
[2025-09-05 12:25:04 INF] Finished Test Execution: POrchNRT_Unsuccessful_Response_From_FraudCheck_Unsuccessful_From_NRT
[2025-09-05 12:25:04 INF] ---------------------------------------------------



TestContext Messages:
Given The NRT table is clean
-&gt; done: POrchAPIStepDefinitions.GivenTheNrtTableIsClean() (0.0s)
And there is an NRT entry with payment FraudFailed to process
-&gt; done: POrchAPIStepDefinitions.GivenThereIsAnNrtEntryToProcess("FraudFailed") (0.0s)
And the NRT entry should be processed with PaymentNrtBadRequest
-&gt; done: POrchAPIStepDefinitions.GivenTheNrtEntryShouldBeProcessedWithUnsuccessfulResult("PaymentNrtBadRequest") (0.0s)
When the NRT Processor Has Run for at most 1 entry
-&gt; done: POrchAPIStepDefinitions.WhenTheNrtProcessorHasRunForAtMostXEntry(1) (0.0s)
Then the NRT entry has status NotSent
-&gt; done: POrchAPIStepDefinitions.ThenTheNrtEntryHasStatus("NotSent") (0.0s)</StdOut>
      </Output>
    </UnitTestResult>
    <UnitTestResult executionId="9d23e45d-1abe-4a35-b088-8b4c0a9f563a" testId="cf8e917f-8493-b13d-e6de-2124749937b2" testName="POrchAPI_Invalid_Debit_Account_Return_Error (38231234562856345,400,)" computerName="ip-10-130-163-242" duration="00:00:00.0112489" startTime="2025-09-05T12:25:02.7187248+12:00" endTime="2025-09-05T12:25:02.7301550+12:00" testType="13cdc9d9-ddb5-4fa4-a97d-d965ccfc6d4b" outcome="Passed" testListId="8c84fa94-04c1-424b-9868-57a2d4851a1d" relativeResultsDirectory="9d23e45d-1abe-4a35-b088-8b4c0a9f563a">
      <Output>
        <StdOut>[2025-09-05 12:25:02 INF] Starting Test Execution: POrchAPI_Invalid_Debit_Account_Return_Error:["[DebitAccountValue, 38231234562856345]","[StatusCode, 400]"]
[2025-09-05 12:25:02 INF] Finished Test Execution: POrchAPI_Invalid_Debit_Account_Return_Error
[2025-09-05 12:25:02 INF] ---------------------------------------------------



TestContext Messages:
Given a POrch PaymentRequest is created
-&gt; done: POrchAPIStepDefinitions.GivenAPOrchPaymentRequestIsCreated() (0.0s)
And the Payment Debit Account field is 38231234562856345
-&gt; done: POrchAPIStepDefinitions.WhenTheDebitAccountFieldIs("Payment", "38231234562856345") (0.0s)
When POrch Payment API is called
-&gt; done: POrchAPIStepDefinitions.WhenPOrchAPIIsCalled("Payment") (0.0s)
Then the request should return status code 400
-&gt; done: POrchAPIStepDefinitions.ThenTheRequestShouldReturnStatusCode(400) (0.0s)</StdOut>
      </Output>
    </UnitTestResult>
    <UnitTestResult executionId="ab5bd98f-18b3-4310-942c-e34bc3fd82f9" testId="bd1a2810-75db-7add-94a1-1261e7ac4845" testName="POrchNRT_Unsuccessful_Response_From_NRT (PaymentNrtForbidden,,)" computerName="ip-10-130-163-242" duration="00:00:00.0454161" startTime="2025-09-05T12:25:03.9731728+12:00" endTime="2025-09-05T12:25:04.0187678+12:00" testType="13cdc9d9-ddb5-4fa4-a97d-d965ccfc6d4b" outcome="Passed" testListId="8c84fa94-04c1-424b-9868-57a2d4851a1d" relativeResultsDirectory="ab5bd98f-18b3-4310-942c-e34bc3fd82f9">
      <Output>
        <StdOut>[2025-09-05 12:25:03 INF] Starting Test Execution: POrchNRT_Unsuccessful_Response_From_NRT:["[result, PaymentNrtForbidden]"]
[2025-09-05 12:25:03 INF] Executed DbCommand (0ms) [Parameters=[], CommandType='Text', CommandTimeout='30']
SELECT n.id, n.attempts, n.created_at, n.payment_id, n.status, n.updated_at
FROM net.nrt_outbox AS n
WHERE n.attempts &gt;= 0
[2025-09-05 12:25:03 INF] Executed DbCommand (1ms) [Parameters=[@p0='?' (DbType = Guid)], CommandType='Text', CommandTimeout='30']
DELETE FROM net.nrt_outbox
WHERE id = @p0;
[2025-09-05 12:25:03 INF] Executed DbCommand (1ms) [Parameters=[@p0='?' (DbType = Guid), @p1='?', @p2='?' (DbType = Decimal), @p3='?' (DbType = DateTime), @p4='?', @p5='?', @p6='?', @p7='?', @p8='?' (DbType = Object), @p9='?' (DbType = Object), @p10='?', @p11='?', @p12='?', @p13='?', @p14='?' (DbType = Object), @p15='?' (DbType = Object), @p16='?' (DbType = Object), @p17='?' (DbType = DateTime), @p18='?' (DbType = Object), @p19='?' (DbType = DateTime), @p20='?' (DbType = Guid), @p21='?' (DbType = Int32), @p22='?' (DbType = DateTime), @p23='?' (DbType = Guid), @p24='?' (DbType = Object), @p25='?' (DbType = DateTime)], CommandType='Text', CommandTimeout='30']
INSERT INTO net.payment (id, access_number, amount, created_at, creditor_account_code, creditor_account_number, creditor_account_particulars, creditor_account_reference, creditor_account_source, currency, debtor_account_code, debtor_account_number, debtor_account_particulars, debtor_account_reference, debtor_account_source, fraud_check_disposition, payment_type, processed_at, status, updated_at)
VALUES (@p0, @p1, @p2, @p3, @p4, @p5, @p6, @p7, @p8, @p9, @p10, @p11, @p12, @p13, @p14, @p15, @p16, @p17, @p18, @p19);
INSERT INTO net.nrt_outbox (id, attempts, created_at, payment_id, status, updated_at)
VALUES (@p20, @p21, @p22, @p23, @p24, @p25);
[2025-09-05 12:25:03 INF] Successfully created map FraudCheckNRTMock_PaymentNrtForbidden_2520b3d6-1a79-49b3-b4cb-ca334b4e9e65 for /api/v1/financial-transaction-fraud-checks/e7ecc56a-f161-4cfd-9e24-d051a7d9587b
[2025-09-05 12:25:04 INF] Executed DbCommand (0ms) [Parameters=[@__p_0='?' (DbType = Guid)], CommandType='Text', CommandTimeout='30']
SELECT n.id, n.attempts, n.created_at, n.payment_id, n.status, n.updated_at
FROM net.nrt_outbox AS n
WHERE n.id = @__p_0
LIMIT 1
[2025-09-05 12:25:04 INF] Finished Test Execution: POrchNRT_Unsuccessful_Response_From_NRT
[2025-09-05 12:25:04 INF] ---------------------------------------------------



TestContext Messages:
Given The NRT table is clean
-&gt; done: POrchAPIStepDefinitions.GivenTheNrtTableIsClean() (0.0s)
And there is an NRT entry with payment successful to process
-&gt; done: POrchAPIStepDefinitions.GivenThereIsAnNrtEntryToProcess("successful") (0.0s)
And the NRT entry should be processed with PaymentNrtForbidden
-&gt; done: POrchAPIStepDefinitions.GivenTheNrtEntryShouldBeProcessedWithUnsuccessfulResult("PaymentNrtForbidden") (0.0s)
When the NRT Processor Has Run for at most 1 entry
-&gt; done: POrchAPIStepDefinitions.WhenTheNrtProcessorHasRunForAtMostXEntry(1) (0.0s)
Then the NRT entry has status NotSent
-&gt; done: POrchAPIStepDefinitions.ThenTheNrtEntryHasStatus("NotSent") (0.0s)</StdOut>
      </Output>
    </UnitTestResult>
    <UnitTestResult executionId="c0211e4d-77c2-4095-bdd6-f7bb3b6408f3" testId="99c8a6bf-0fcb-9ae5-1df7-fe0771c61c89" testName="POrchNRT_UnknownError_Response_From_POrch_Unsuccessful_From_NRT (PaymentNrtForbidden,,)" computerName="ip-10-130-163-242" duration="00:00:00.0691873" startTime="2025-09-05T12:25:04.4233765+12:00" endTime="2025-09-05T12:25:04.4931927+12:00" testType="13cdc9d9-ddb5-4fa4-a97d-d965ccfc6d4b" outcome="Passed" testListId="8c84fa94-04c1-424b-9868-57a2d4851a1d" relativeResultsDirectory="c0211e4d-77c2-4095-bdd6-f7bb3b6408f3">
      <Output>
        <StdOut>[2025-09-05 12:25:04 INF] Starting Test Execution: POrchNRT_UnknownError_Response_From_POrch_Unsuccessful_From_NRT:["[result, PaymentNrtForbidden]"]
[2025-09-05 12:25:04 INF] Executed DbCommand (0ms) [Parameters=[], CommandType='Text', CommandTimeout='30']
SELECT n.id, n.attempts, n.created_at, n.payment_id, n.status, n.updated_at
FROM net.nrt_outbox AS n
WHERE n.attempts &gt;= 0
[2025-09-05 12:25:04 INF] Executed DbCommand (2ms) [Parameters=[@p0='?' (DbType = Guid)], CommandType='Text', CommandTimeout='30']
DELETE FROM net.nrt_outbox
WHERE id = @p0;
[2025-09-05 12:25:04 INF] Executed DbCommand (1ms) [Parameters=[@p0='?' (DbType = Guid), @p1='?', @p2='?' (DbType = Decimal), @p3='?' (DbType = DateTime), @p4='?', @p5='?', @p6='?', @p7='?', @p8='?' (DbType = Object), @p9='?' (DbType = Object), @p10='?', @p11='?', @p12='?', @p13='?', @p14='?' (DbType = Object), @p15='?' (DbType = Object), @p16='?' (DbType = Object), @p17='?' (DbType = DateTime), @p18='?' (DbType = Object), @p19='?' (DbType = DateTime), @p20='?' (DbType = Guid), @p21='?' (DbType = Int32), @p22='?' (DbType = DateTime), @p23='?' (DbType = Guid), @p24='?' (DbType = Object), @p25='?' (DbType = DateTime)], CommandType='Text', CommandTimeout='30']
INSERT INTO net.payment (id, access_number, amount, created_at, creditor_account_code, creditor_account_number, creditor_account_particulars, creditor_account_reference, creditor_account_source, currency, debtor_account_code, debtor_account_number, debtor_account_particulars, debtor_account_reference, debtor_account_source, fraud_check_disposition, payment_type, processed_at, status, updated_at)
VALUES (@p0, @p1, @p2, @p3, @p4, @p5, @p6, @p7, @p8, @p9, @p10, @p11, @p12, @p13, @p14, @p15, @p16, @p17, @p18, @p19);
INSERT INTO net.nrt_outbox (id, attempts, created_at, payment_id, status, updated_at)
VALUES (@p20, @p21, @p22, @p23, @p24, @p25);
[2025-09-05 12:25:04 INF] Successfully created map FraudCheckNRTMock_PaymentNrtForbidden_dae8634e-b174-4f0a-8196-cc866ae2db32 for /api/v1/financial-transaction-fraud-checks/0b7f9fab-833a-4a98-bb32-dd691f57e0c7
[2025-09-05 12:25:04 INF] Executed DbCommand (1ms) [Parameters=[@__p_0='?' (DbType = Guid)], CommandType='Text', CommandTimeout='30']
SELECT n.id, n.attempts, n.created_at, n.payment_id, n.status, n.updated_at
FROM net.nrt_outbox AS n
WHERE n.id = @__p_0
LIMIT 1
[2025-09-05 12:25:04 INF] Finished Test Execution: POrchNRT_UnknownError_Response_From_POrch_Unsuccessful_From_NRT
[2025-09-05 12:25:04 INF] ---------------------------------------------------



TestContext Messages:
Given The NRT table is clean
-&gt; done: POrchAPIStepDefinitions.GivenTheNrtTableIsClean() (0.0s)
And there is an NRT entry with payment Unknown to process
-&gt; done: POrchAPIStepDefinitions.GivenThereIsAnNrtEntryToProcess("Unknown") (0.0s)
And the NRT entry should be processed with PaymentNrtForbidden
-&gt; done: POrchAPIStepDefinitions.GivenTheNrtEntryShouldBeProcessedWithUnsuccessfulResult("PaymentNrtForbidden") (0.0s)
When the NRT Processor Has Run for at most 1 entry
-&gt; done: POrchAPIStepDefinitions.WhenTheNrtProcessorHasRunForAtMostXEntry(1) (0.1s)
Then the NRT entry has status NotSent
-&gt; done: POrchAPIStepDefinitions.ThenTheNrtEntryHasStatus("NotSent") (0.0s)</StdOut>
      </Output>
    </UnitTestResult>
    <UnitTestResult executionId="930b1cdb-c26e-4772-9807-9fc7d6ba7e75" testId="f77ab445-72c1-9358-91c3-ed101d29fad1" testName="POrchAPI_Negative_MiddleWare_Response_409 (InsufficientFundsError,409,)" computerName="ip-10-130-163-242" duration="00:00:01.0786318" startTime="2025-09-05T12:24:27.4217052+12:00" endTime="2025-09-05T12:24:28.5005970+12:00" testType="13cdc9d9-ddb5-4fa4-a97d-d965ccfc6d4b" outcome="Passed" testListId="8c84fa94-04c1-424b-9868-57a2d4851a1d" relativeResultsDirectory="930b1cdb-c26e-4772-9807-9fc7d6ba7e75">
      <Output>
        <StdOut>[2025-09-05 12:24:27 INF] Starting Test Execution: POrchAPI_Negative_MiddleWare_Response_409:["[Result, InsufficientFundsError]","[StatusCode, 409]"]
[2025-09-05 12:24:27 INF] Mocks are not ready after 1 / 5 attempt(s). Expected 2 mock(s) to be registered with the manager and got 0.
[2025-09-05 12:24:27 INF] Successfully created map FraudcheckMock_Authorize_54984e82-9210-40a0-815a-8685442fceb0 for /api/v1/financial-transaction-fraud-checks
[2025-09-05 12:24:27 INF] Successfully created map MiddlewareMock_InsufficientFundsError_97fb7b45-2ab1-40d2-b520-4b604e63bff3 for /initialisepaymentorder/basic
[2025-09-05 12:24:28 INF] Response has PaymentId: cc8b4f14-927f-49bf-9c7c-22d4281ac4ea
[2025-09-05 12:24:28 INF] Finished Test Execution: POrchAPI_Negative_MiddleWare_Response_409
[2025-09-05 12:24:28 INF] ---------------------------------------------------



TestContext Messages:
Given a POrch PaymentRequest is created
-&gt; done: POrchAPIStepDefinitions.GivenAPOrchPaymentRequestIsCreated() (0.0s)
And FraudCheck Response is Authorize
-&gt; done: POrchAPIStepDefinitions.SetFraudCheckResponse("Authorize") (0.0s)
And MiddleWare Response is InsufficientFundsError
-&gt; done: POrchAPIStepDefinitions.SetMiddlewareResponse("InsufficientFunds...") (0.0s)
When POrch Payment API is called
-&gt; done: POrchAPIStepDefinitions.WhenPOrchAPIIsCalled("Payment") (1.1s)
Then the request should return status code 409
-&gt; done: POrchAPIStepDefinitions.ThenTheRequestShouldReturnStatusCode(409) (0.0s)</StdOut>
      </Output>
    </UnitTestResult>
  </Results>
  <TestDefinitions>
    <UnitTest name="POrchAPI_Middleware_Retries_Correctly (500,201,)" storage="/codebuild/output/src2181318594/src/kiwibank-kb-cap-beb3aadf75d6f51b6f04b4454d78e6dc8b8b86bc/services/payments-orchestrator/src/testings.integration.mocked/bin/release/net8.0/kiwibank.payments.paymentsorchestrator.testings.integration.mocked.dll" id="bfac94ad-c6ba-d365-29bc-e5cd11571be9">
      <TestCategory>
        <TestCategoryItem TestCategory="scenarioTest" />
        <TestCategoryItem TestCategory="Process:L4ProcessPayment" />
        <TestCategoryItem TestCategory="Outcome:L4ProcessPayment.UltracsUltracsTransfer" />
      </TestCategory>
      <Execution id="60535045-79cc-4c0d-8665-53b739d9b346" />
      <TestMethod codeBase="/codebuild/output/src2181318594/src/Kiwibank-kb-cap-beb3aadf75d6f51b6f04b4454d78e6dc8b8b86bc/services/payments-orchestrator/src/Testings.Integration.Mocked/bin/Release/net8.0/Kiwibank.Payments.PaymentsOrchestrator.Testings.Integration.Mocked.dll" adapterTypeName="executor://mstestadapter/v2" className="Kiwibank.Payments.PaymentsOrchestrator.Testings.Integration.Mocked.TestFeatures.POrchDownstreamServicesRetryAppropriatelyFeature" name="POrchAPI_Middleware_Retries_Correctly" />
    </UnitTest>
    <UnitTest name="POrchAPI_Transfer_Invalid_Debtor_Account_Source_Return_Error (&lt;null&gt;,400,'DebtorAccountSource' must not be empty.,)" storage="/codebuild/output/src2181318594/src/kiwibank-kb-cap-beb3aadf75d6f51b6f04b4454d78e6dc8b8b86bc/services/payments-orchestrator/src/testings.integration.mocked/bin/release/net8.0/kiwibank.payments.paymentsorchestrator.testings.integration.mocked.dll" id="912abe41-bb13-547c-08b8-149371040095">
      <TestCategory>
        <TestCategoryItem TestCategory="POrchAPI" />
        <TestCategoryItem TestCategory="Process:L4ProcessPayment" />
        <TestCategoryItem TestCategory="NegativeTest" />
        <TestCategoryItem TestCategory="Outcome:L4ProcessPayment.UltracsUltracs" />
      </TestCategory>
      <Execution id="906a1b0c-01ab-4436-9161-e71380d068ca" />
      <TestMethod codeBase="/codebuild/output/src2181318594/src/Kiwibank-kb-cap-beb3aadf75d6f51b6f04b4454d78e6dc8b8b86bc/services/payments-orchestrator/src/Testings.Integration.Mocked/bin/Release/net8.0/Kiwibank.Payments.PaymentsOrchestrator.Testings.Integration.Mocked.dll" adapterTypeName="executor://mstestadapter/v2" className="Kiwibank.Payments.PaymentsOrchestrator.Testings.Integration.Mocked.TestFeatures.POrchTransferFieldValidationFeature" name="POrchAPI_Transfer_Invalid_Debtor_Account_Source_Return_Error" />
    </UnitTest>
    <UnitTest name="POrchAPI_Transfer_Invalid_Debtor_Particulars_Return_Error (abcdefghijklmnsey,400,)" storage="/codebuild/output/src2181318594/src/kiwibank-kb-cap-beb3aadf75d6f51b6f04b4454d78e6dc8b8b86bc/services/payments-orchestrator/src/testings.integration.mocked/bin/release/net8.0/kiwibank.payments.paymentsorchestrator.testings.integration.mocked.dll" id="a96aeaab-ab34-d0c0-ddcf-e1f5c6aa6924">
      <TestCategory>
        <TestCategoryItem TestCategory="POrchAPI" />
        <TestCategoryItem TestCategory="Process:L4ProcessPayment" />
        <TestCategoryItem TestCategory="NegativeTest" />
        <TestCategoryItem TestCategory="Outcome:L4ProcessPayment.UltracsUltracs" />
      </TestCategory>
      <Execution id="68543ef6-a45a-44dc-be55-5a5c0fd5e467" />
      <TestMethod codeBase="/codebuild/output/src2181318594/src/Kiwibank-kb-cap-beb3aadf75d6f51b6f04b4454d78e6dc8b8b86bc/services/payments-orchestrator/src/Testings.Integration.Mocked/bin/Release/net8.0/Kiwibank.Payments.PaymentsOrchestrator.Testings.Integration.Mocked.dll" adapterTypeName="executor://mstestadapter/v2" className="Kiwibank.Payments.PaymentsOrchestrator.Testings.Integration.Mocked.TestFeatures.POrchTransferFieldValidationFeature" name="POrchAPI_Transfer_Invalid_Debtor_Particulars_Return_Error" />
    </UnitTest>
    <UnitTest name="POrchAPI_Transfer_Invalid_Creditor_Account_Source_Return_Error (ULTRCS,400,'CreditorAccountSource' can only be Ultracs or TMV for transfers.,)" storage="/codebuild/output/src2181318594/src/kiwibank-kb-cap-beb3aadf75d6f51b6f04b4454d78e6dc8b8b86bc/services/payments-orchestrator/src/testings.integration.mocked/bin/release/net8.0/kiwibank.payments.paymentsorchestrator.testings.integration.mocked.dll" id="75c9d967-90eb-dc3b-3504-20fd3872b6a3">
      <TestCategory>
        <TestCategoryItem TestCategory="POrchAPI" />
        <TestCategoryItem TestCategory="Process:L4ProcessPayment" />
        <TestCategoryItem TestCategory="NegativeTest" />
        <TestCategoryItem TestCategory="Outcome:L4ProcessPayment.UltracsUltracs" />
      </TestCategory>
      <Execution id="edcd4532-d2fb-4e84-800e-0d2c7d03887c" />
      <TestMethod codeBase="/codebuild/output/src2181318594/src/Kiwibank-kb-cap-beb3aadf75d6f51b6f04b4454d78e6dc8b8b86bc/services/payments-orchestrator/src/Testings.Integration.Mocked/bin/Release/net8.0/Kiwibank.Payments.PaymentsOrchestrator.Testings.Integration.Mocked.dll" adapterTypeName="executor://mstestadapter/v2" className="Kiwibank.Payments.PaymentsOrchestrator.Testings.Integration.Mocked.TestFeatures.POrchTransferFieldValidationFeature" name="POrchAPI_Transfer_Invalid_Creditor_Account_Source_Return_Error" />
    </UnitTest>
    <UnitTest name="POrchAPI_Middleware_Retries_To_Maximum_Failure_Limit" storage="/codebuild/output/src2181318594/src/kiwibank-kb-cap-beb3aadf75d6f51b6f04b4454d78e6dc8b8b86bc/services/payments-orchestrator/src/testings.integration.mocked/bin/release/net8.0/kiwibank.payments.paymentsorchestrator.testings.integration.mocked.dll" id="6929a334-af19-28ff-1261-b86a33752757">
      <TestCategory>
        <TestCategoryItem TestCategory="Process:L4ProcessPayment" />
        <TestCategoryItem TestCategory="Outcome:L4ProcessPayment.UltracsUltracsTransfer" />
        <TestCategoryItem TestCategory="requestTest" />
      </TestCategory>
      <Execution id="c0369c08-36b6-4ebe-9640-f8fcba67a35c" />
      <TestMethod codeBase="/codebuild/output/src2181318594/src/Kiwibank-kb-cap-beb3aadf75d6f51b6f04b4454d78e6dc8b8b86bc/services/payments-orchestrator/src/Testings.Integration.Mocked/bin/Release/net8.0/Kiwibank.Payments.PaymentsOrchestrator.Testings.Integration.Mocked.dll" adapterTypeName="executor://mstestadapter/v2" className="Kiwibank.Payments.PaymentsOrchestrator.Testings.Integration.Mocked.TestFeatures.POrchDownstreamServicesRetryAppropriatelyFeature" name="POrchAPI_Middleware_Retries_To_Maximum_Failure_Limit" />
    </UnitTest>
    <UnitTest name="POrchAPI_TMVUltracs_Transfer_Invalid_Transfer_Reference_Return_Error (transfer to MR Test - 00,400,)" storage="/codebuild/output/src2181318594/src/kiwibank-kb-cap-beb3aadf75d6f51b6f04b4454d78e6dc8b8b86bc/services/payments-orchestrator/src/testings.integration.mocked/bin/release/net8.0/kiwibank.payments.paymentsorchestrator.testings.integration.mocked.dll" id="feec267f-5f3b-8ce3-d984-d9d9c2c9da27">
      <TestCategory>
        <TestCategoryItem TestCategory="POrchAPI" />
        <TestCategoryItem TestCategory="Process:L4ProcessPayment" />
        <TestCategoryItem TestCategory="NegativeTest" />
        <TestCategoryItem TestCategory="Outcome:L4ProcessPayment.UltracsUltracs" />
      </TestCategory>
      <Execution id="acb47d06-4de6-47cc-aabe-2d3d6df84521" />
      <TestMethod codeBase="/codebuild/output/src2181318594/src/Kiwibank-kb-cap-beb3aadf75d6f51b6f04b4454d78e6dc8b8b86bc/services/payments-orchestrator/src/Testings.Integration.Mocked/bin/Release/net8.0/Kiwibank.Payments.PaymentsOrchestrator.Testings.Integration.Mocked.dll" adapterTypeName="executor://mstestadapter/v2" className="Kiwibank.Payments.PaymentsOrchestrator.Testings.Integration.Mocked.TestFeatures.POrchTransferFieldValidationFeature" name="POrchAPI_TMVUltracs_Transfer_Invalid_Transfer_Reference_Return_Error" />
    </UnitTest>
    <UnitTest name="POrchAPI_UltracsTMV_Transfer_Invalid_Transfer_Reference_Return_Error (TRANSFER FROM MR Test  00,400,)" storage="/codebuild/output/src2181318594/src/kiwibank-kb-cap-beb3aadf75d6f51b6f04b4454d78e6dc8b8b86bc/services/payments-orchestrator/src/testings.integration.mocked/bin/release/net8.0/kiwibank.payments.paymentsorchestrator.testings.integration.mocked.dll" id="100bbf7a-69e8-fc51-888e-46253336c0ce">
      <TestCategory>
        <TestCategoryItem TestCategory="POrchAPI" />
        <TestCategoryItem TestCategory="Process:L4ProcessPayment" />
        <TestCategoryItem TestCategory="NegativeTest" />
        <TestCategoryItem TestCategory="Outcome:L4ProcessPayment.UltracsUltracs" />
      </TestCategory>
      <Execution id="97c3fc40-df7f-4621-a915-d7586a2040d7" />
      <TestMethod codeBase="/codebuild/output/src2181318594/src/Kiwibank-kb-cap-beb3aadf75d6f51b6f04b4454d78e6dc8b8b86bc/services/payments-orchestrator/src/Testings.Integration.Mocked/bin/Release/net8.0/Kiwibank.Payments.PaymentsOrchestrator.Testings.Integration.Mocked.dll" adapterTypeName="executor://mstestadapter/v2" className="Kiwibank.Payments.PaymentsOrchestrator.Testings.Integration.Mocked.TestFeatures.POrchTransferFieldValidationFeature" name="POrchAPI_UltracsTMV_Transfer_Invalid_Transfer_Reference_Return_Error" />
    </UnitTest>
    <UnitTest name="POrchAPI_UltracsTransactionAcct_To_TMVOnlineCall_Successful" storage="/codebuild/output/src2181318594/src/kiwibank-kb-cap-beb3aadf75d6f51b6f04b4454d78e6dc8b8b86bc/services/payments-orchestrator/src/testings.integration.mocked/bin/release/net8.0/kiwibank.payments.paymentsorchestrator.testings.integration.mocked.dll" id="f4caa0e6-6e3d-c131-c429-ec5067fe0c26">
      <TestCategory>
        <TestCategoryItem TestCategory="EDB-MPS-IPC-REQ.02" />
        <TestCategoryItem TestCategory="POrchAPI" />
        <TestCategoryItem TestCategory="Outcome:L4ProcessPayment.UltracsTmvTransfer" />
        <TestCategoryItem TestCategory="Process:L4ProcessPayment" />
        <TestCategoryItem TestCategory="PositiveTest" />
      </TestCategory>
      <Execution id="699575e3-c139-407f-8648-43600f324263" />
      <TestMethod codeBase="/codebuild/output/src2181318594/src/Kiwibank-kb-cap-beb3aadf75d6f51b6f04b4454d78e6dc8b8b86bc/services/payments-orchestrator/src/Testings.Integration.Mocked/bin/Release/net8.0/Kiwibank.Payments.PaymentsOrchestrator.Testings.Integration.Mocked.dll" adapterTypeName="executor://mstestadapter/v2" className="Kiwibank.Payments.PaymentsOrchestrator.Testings.Integration.Mocked.TestFeatures.POrchAPITransferUltracsTMVFeature" name="POrchAPI_UltracsTransactionAcct_To_TMVOnlineCall_Successful" />
    </UnitTest>
    <UnitTest name="POrchAPI_Fraud_Times_Out" storage="/codebuild/output/src2181318594/src/kiwibank-kb-cap-beb3aadf75d6f51b6f04b4454d78e6dc8b8b86bc/services/payments-orchestrator/src/testings.integration.mocked/bin/release/net8.0/kiwibank.payments.paymentsorchestrator.testings.integration.mocked.dll" id="f8a4a244-dbd0-c4f9-e484-9d9cd1b3f176">
      <TestCategory>
        <TestCategoryItem TestCategory="Outcome:L4ProcessPayment.UltracsUltracsTransfer" />
        <TestCategoryItem TestCategory="Process:L4ProcessPayment" />
      </TestCategory>
      <Execution id="bc1502e3-f2d9-4426-869d-6b6661a588ed" />
      <TestMethod codeBase="/codebuild/output/src2181318594/src/Kiwibank-kb-cap-beb3aadf75d6f51b6f04b4454d78e6dc8b8b86bc/services/payments-orchestrator/src/Testings.Integration.Mocked/bin/Release/net8.0/Kiwibank.Payments.PaymentsOrchestrator.Testings.Integration.Mocked.dll" adapterTypeName="executor://mstestadapter/v2" className="Kiwibank.Payments.PaymentsOrchestrator.Testings.Integration.Mocked.TestFeatures.POrchDownstreamServicesRetryAppropriatelyFeature" name="POrchAPI_Fraud_Times_Out" />
    </UnitTest>
    <UnitTest name="POrchAPI_TMVToUltracs_Negative_MiddleWare_Response_409 (WithdrawalNotPermittedError,409,)" storage="/codebuild/output/src2181318594/src/kiwibank-kb-cap-beb3aadf75d6f51b6f04b4454d78e6dc8b8b86bc/services/payments-orchestrator/src/testings.integration.mocked/bin/release/net8.0/kiwibank.payments.paymentsorchestrator.testings.integration.mocked.dll" id="ed8aee25-48dd-6d15-d23f-42c8b81147c0">
      <TestCategory>
        <TestCategoryItem TestCategory="NegativeTest" />
        <TestCategoryItem TestCategory="POrchAPI" />
        <TestCategoryItem TestCategory="Process:L4ProcessPayment" />
        <TestCategoryItem TestCategory="Outcome:L4ProcessPayment.TmvUltracsTransfer" />
        <TestCategoryItem TestCategory="EDB-MPS-IPC-REQ.04" />
      </TestCategory>
      <Execution id="ecb524a7-cdae-4434-b422-45265430b87f" />
      <TestMethod codeBase="/codebuild/output/src2181318594/src/Kiwibank-kb-cap-beb3aadf75d6f51b6f04b4454d78e6dc8b8b86bc/services/payments-orchestrator/src/Testings.Integration.Mocked/bin/Release/net8.0/Kiwibank.Payments.PaymentsOrchestrator.Testings.Integration.Mocked.dll" adapterTypeName="executor://mstestadapter/v2" className="Kiwibank.Payments.PaymentsOrchestrator.Testings.Integration.Mocked.TestFeatures.POrchAPITransferTMVUltracsFeature" name="POrchAPI_TMVToUltracs_Negative_MiddleWare_Response_409" />
    </UnitTest>
    <UnitTest name="Example_Process_NRT_On_Demand" storage="/codebuild/output/src2181318594/src/kiwibank-kb-cap-beb3aadf75d6f51b6f04b4454d78e6dc8b8b86bc/services/payments-orchestrator/src/testings.integration.mocked/bin/release/net8.0/kiwibank.payments.paymentsorchestrator.testings.integration.mocked.dll" id="875445ef-e209-9bf8-5e7e-3be88ab2dbc5">
      <TestCategory>
        <TestCategoryItem TestCategory="POrchNRT" />
        <TestCategoryItem TestCategory="Process:L4ProcessPayment" />
        <TestCategoryItem TestCategory="Outcome:L4ProcessPayment.UltracsUltracsTransfer" />
      </TestCategory>
      <Execution id="790679ea-abfb-4050-9053-2e625a294eb9" />
      <TestMethod codeBase="/codebuild/output/src2181318594/src/Kiwibank-kb-cap-beb3aadf75d6f51b6f04b4454d78e6dc8b8b86bc/services/payments-orchestrator/src/Testings.Integration.Mocked/bin/Release/net8.0/Kiwibank.Payments.PaymentsOrchestrator.Testings.Integration.Mocked.dll" adapterTypeName="executor://mstestadapter/v2" className="Kiwibank.Payments.PaymentsOrchestrator.Testings.Integration.Mocked.TestFeatures.POrchNRTFeature" name="Example_Process_NRT_On_Demand" />
    </UnitTest>
    <UnitTest name="POrchAPI_Negative_FraudCheck_Success_Middleware_Response (Hold,201,)" storage="/codebuild/output/src2181318594/src/kiwibank-kb-cap-beb3aadf75d6f51b6f04b4454d78e6dc8b8b86bc/services/payments-orchestrator/src/testings.integration.mocked/bin/release/net8.0/kiwibank.payments.paymentsorchestrator.testings.integration.mocked.dll" id="a9489768-942a-dcfa-ad6f-91ef6ea78a74">
      <TestCategory>
        <TestCategoryItem TestCategory="POrchAPI" />
        <TestCategoryItem TestCategory="Process:L4ProcessPayment" />
        <TestCategoryItem TestCategory="Outcome:L4ProcessPayment.UltracsUltracsTransfer" />
      </TestCategory>
      <Execution id="b334273b-ef7a-429f-946e-64a776527573" />
      <TestMethod codeBase="/codebuild/output/src2181318594/src/Kiwibank-kb-cap-beb3aadf75d6f51b6f04b4454d78e6dc8b8b86bc/services/payments-orchestrator/src/Testings.Integration.Mocked/bin/Release/net8.0/Kiwibank.Payments.PaymentsOrchestrator.Testings.Integration.Mocked.dll" adapterTypeName="executor://mstestadapter/v2" className="Kiwibank.Payments.PaymentsOrchestrator.Testings.Integration.Mocked.TestFeatures.POrchAPIFeature" name="POrchAPI_Negative_FraudCheck_Success_Middleware_Response" />
    </UnitTest>
    <UnitTest name="POrchAPI_TMVToTMV_Valid_Creditor_Particulars_Return_Success (=@#_%,.,201,)" storage="/codebuild/output/src2181318594/src/kiwibank-kb-cap-beb3aadf75d6f51b6f04b4454d78e6dc8b8b86bc/services/payments-orchestrator/src/testings.integration.mocked/bin/release/net8.0/kiwibank.payments.paymentsorchestrator.testings.integration.mocked.dll" id="9be046ce-d5fd-9427-1050-dab4a1484a22">
      <TestCategory>
        <TestCategoryItem TestCategory="POrchAPI" />
        <TestCategoryItem TestCategory="PositiveTest" />
        <TestCategoryItem TestCategory="Process:L4ProcessPayment" />
        <TestCategoryItem TestCategory="Outcome:L4ProcessPayment.TmvTmvTransfer" />
        <TestCategoryItem TestCategory="EDB-MPS-IPC-REQ.01" />
      </TestCategory>
      <Execution id="3229451f-3be1-499d-8e9b-d760b0527b39" />
      <TestMethod codeBase="/codebuild/output/src2181318594/src/Kiwibank-kb-cap-beb3aadf75d6f51b6f04b4454d78e6dc8b8b86bc/services/payments-orchestrator/src/Testings.Integration.Mocked/bin/Release/net8.0/Kiwibank.Payments.PaymentsOrchestrator.Testings.Integration.Mocked.dll" adapterTypeName="executor://mstestadapter/v2" className="Kiwibank.Payments.PaymentsOrchestrator.Testings.Integration.Mocked.TestFeatures.POrchAPITransferTmvTmvFeature" name="POrchAPI_TMVToTMV_Valid_Creditor_Particulars_Return_Success" />
    </UnitTest>
    <UnitTest name="POrchAPI_Negative_FraudCheck_Success_Middleware_Response (Refer,201,)" storage="/codebuild/output/src2181318594/src/kiwibank-kb-cap-beb3aadf75d6f51b6f04b4454d78e6dc8b8b86bc/services/payments-orchestrator/src/testings.integration.mocked/bin/release/net8.0/kiwibank.payments.paymentsorchestrator.testings.integration.mocked.dll" id="032f12d0-722f-e4e5-5e5f-09b7a65d8a24">
      <TestCategory>
        <TestCategoryItem TestCategory="POrchAPI" />
        <TestCategoryItem TestCategory="Process:L4ProcessPayment" />
        <TestCategoryItem TestCategory="Outcome:L4ProcessPayment.UltracsUltracsTransfer" />
      </TestCategory>
      <Execution id="91349413-b18a-4c5d-9261-9054a4ffa3ad" />
      <TestMethod codeBase="/codebuild/output/src2181318594/src/Kiwibank-kb-cap-beb3aadf75d6f51b6f04b4454d78e6dc8b8b86bc/services/payments-orchestrator/src/Testings.Integration.Mocked/bin/Release/net8.0/Kiwibank.Payments.PaymentsOrchestrator.Testings.Integration.Mocked.dll" adapterTypeName="executor://mstestadapter/v2" className="Kiwibank.Payments.PaymentsOrchestrator.Testings.Integration.Mocked.TestFeatures.POrchAPIFeature" name="POrchAPI_Negative_FraudCheck_Success_Middleware_Response" />
    </UnitTest>
    <UnitTest name="POrchAPI_PAS_Retries (502,,)" storage="/codebuild/output/src2181318594/src/kiwibank-kb-cap-beb3aadf75d6f51b6f04b4454d78e6dc8b8b86bc/services/payments-orchestrator/src/testings.integration.mocked/bin/release/net8.0/kiwibank.payments.paymentsorchestrator.testings.integration.mocked.dll" id="1bfbc150-832a-e4ca-ae13-017131075b85">
      <TestCategory>
        <TestCategoryItem TestCategory="scenarioTest" />
        <TestCategoryItem TestCategory="Process:L4ProcessPayment" />
        <TestCategoryItem TestCategory="Outcome:L4ProcessPayment.UltracsUltracsTransfer" />
        <TestCategoryItem TestCategory="requestTest" />
      </TestCategory>
      <Execution id="a5ef2726-7409-4788-8e16-e49120a39f36" />
      <TestMethod codeBase="/codebuild/output/src2181318594/src/Kiwibank-kb-cap-beb3aadf75d6f51b6f04b4454d78e6dc8b8b86bc/services/payments-orchestrator/src/Testings.Integration.Mocked/bin/Release/net8.0/Kiwibank.Payments.PaymentsOrchestrator.Testings.Integration.Mocked.dll" adapterTypeName="executor://mstestadapter/v2" className="Kiwibank.Payments.PaymentsOrchestrator.Testings.Integration.Mocked.TestFeatures.POrchDownstreamServicesRetryAppropriatelyFeature" name="POrchAPI_PAS_Retries" />
    </UnitTest>
    <UnitTest name="POrchNRT_Unsuccessful_Response_From_FraudCheck_Successful_From_NRT (FraudFailed,,)" storage="/codebuild/output/src2181318594/src/kiwibank-kb-cap-beb3aadf75d6f51b6f04b4454d78e6dc8b8b86bc/services/payments-orchestrator/src/testings.integration.mocked/bin/release/net8.0/kiwibank.payments.paymentsorchestrator.testings.integration.mocked.dll" id="3788b87d-2ea5-28d2-d757-7cb0d28c8b09">
      <TestCategory>
        <TestCategoryItem TestCategory="POrchNRT" />
        <TestCategoryItem TestCategory="Process:L4ProcessPayment" />
        <TestCategoryItem TestCategory="Outcome:L4ProcessPayment.UltracsUltracsTransfer" />
      </TestCategory>
      <Execution id="ad237a55-4776-4aa6-b384-f70509701198" />
      <TestMethod codeBase="/codebuild/output/src2181318594/src/Kiwibank-kb-cap-beb3aadf75d6f51b6f04b4454d78e6dc8b8b86bc/services/payments-orchestrator/src/Testings.Integration.Mocked/bin/Release/net8.0/Kiwibank.Payments.PaymentsOrchestrator.Testings.Integration.Mocked.dll" adapterTypeName="executor://mstestadapter/v2" className="Kiwibank.Payments.PaymentsOrchestrator.Testings.Integration.Mocked.TestFeatures.POrchNRTFeature" name="POrchNRT_Unsuccessful_Response_From_FraudCheck_Successful_From_NRT" />
    </UnitTest>
    <UnitTest name="POrchAPI_UltracsToTMV_Valid_Creditor_Particulars_Return_Success (()+$*!;-/?:,201,)" storage="/codebuild/output/src2181318594/src/kiwibank-kb-cap-beb3aadf75d6f51b6f04b4454d78e6dc8b8b86bc/services/payments-orchestrator/src/testings.integration.mocked/bin/release/net8.0/kiwibank.payments.paymentsorchestrator.testings.integration.mocked.dll" id="ac6f18e1-b1aa-fc1d-9736-25be49d247df">
      <TestCategory>
        <TestCategoryItem TestCategory="EDB-MPS-IPC-REQ.02" />
        <TestCategoryItem TestCategory="POrchAPI" />
        <TestCategoryItem TestCategory="Outcome:L4ProcessPayment.UltracsTmvTransfer" />
        <TestCategoryItem TestCategory="Process:L4ProcessPayment" />
        <TestCategoryItem TestCategory="PositiveTest" />
      </TestCategory>
      <Execution id="5cf9180b-608d-4c6d-bc41-000263ebecc2" />
      <TestMethod codeBase="/codebuild/output/src2181318594/src/Kiwibank-kb-cap-beb3aadf75d6f51b6f04b4454d78e6dc8b8b86bc/services/payments-orchestrator/src/Testings.Integration.Mocked/bin/Release/net8.0/Kiwibank.Payments.PaymentsOrchestrator.Testings.Integration.Mocked.dll" adapterTypeName="executor://mstestadapter/v2" className="Kiwibank.Payments.PaymentsOrchestrator.Testings.Integration.Mocked.TestFeatures.POrchAPITransferUltracsTMVFeature" name="POrchAPI_UltracsToTMV_Valid_Creditor_Particulars_Return_Success" />
    </UnitTest>
    <UnitTest name="POrchAPI_Valid_Creditor_Reference_Return_Success (()+$*!;-/?:,201,)" storage="/codebuild/output/src2181318594/src/kiwibank-kb-cap-beb3aadf75d6f51b6f04b4454d78e6dc8b8b86bc/services/payments-orchestrator/src/testings.integration.mocked/bin/release/net8.0/kiwibank.payments.paymentsorchestrator.testings.integration.mocked.dll" id="cb4fe453-385e-5b34-821a-7787f23cec1a">
      <TestCategory>
        <TestCategoryItem TestCategory="POrchAPI" />
        <TestCategoryItem TestCategory="Process:L4ProcessPayment" />
        <TestCategoryItem TestCategory="Outcome:L4ProcessPayment.UltracsUltracsTransfer" />
      </TestCategory>
      <Execution id="2298fe6c-7e06-4584-9c14-32bb64fffc18" />
      <TestMethod codeBase="/codebuild/output/src2181318594/src/Kiwibank-kb-cap-beb3aadf75d6f51b6f04b4454d78e6dc8b8b86bc/services/payments-orchestrator/src/Testings.Integration.Mocked/bin/Release/net8.0/Kiwibank.Payments.PaymentsOrchestrator.Testings.Integration.Mocked.dll" adapterTypeName="executor://mstestadapter/v2" className="Kiwibank.Payments.PaymentsOrchestrator.Testings.Integration.Mocked.TestFeatures.POrchAPIFeature" name="POrchAPI_Valid_Creditor_Reference_Return_Success" />
    </UnitTest>
    <UnitTest name="POrchAPI_TMVOnlineCall_To_TMVOnlineCall_Successful" storage="/codebuild/output/src2181318594/src/kiwibank-kb-cap-beb3aadf75d6f51b6f04b4454d78e6dc8b8b86bc/services/payments-orchestrator/src/testings.integration.mocked/bin/release/net8.0/kiwibank.payments.paymentsorchestrator.testings.integration.mocked.dll" id="d9444b0f-2afc-6e33-3f17-3c6285628dbd">
      <TestCategory>
        <TestCategoryItem TestCategory="POrchAPI" />
        <TestCategoryItem TestCategory="PositiveTest" />
        <TestCategoryItem TestCategory="Process:L4ProcessPayment" />
        <TestCategoryItem TestCategory="Outcome:L4ProcessPayment.TmvTmvTransfer" />
        <TestCategoryItem TestCategory="EDB-MPS-IPC-REQ.01" />
      </TestCategory>
      <Execution id="1bf925a6-ffc9-420d-9bb1-30fafdde90ff" />
      <TestMethod codeBase="/codebuild/output/src2181318594/src/Kiwibank-kb-cap-beb3aadf75d6f51b6f04b4454d78e6dc8b8b86bc/services/payments-orchestrator/src/Testings.Integration.Mocked/bin/Release/net8.0/Kiwibank.Payments.PaymentsOrchestrator.Testings.Integration.Mocked.dll" adapterTypeName="executor://mstestadapter/v2" className="Kiwibank.Payments.PaymentsOrchestrator.Testings.Integration.Mocked.TestFeatures.POrchAPITransferTmvTmvFeature" name="POrchAPI_TMVOnlineCall_To_TMVOnlineCall_Successful" />
    </UnitTest>
    <UnitTest name="POrchAPI_UltracsToTMV_Negative_MiddleWare_Response_409 (AccountIdentificationInsufficientError,409,)" storage="/codebuild/output/src2181318594/src/kiwibank-kb-cap-beb3aadf75d6f51b6f04b4454d78e6dc8b8b86bc/services/payments-orchestrator/src/testings.integration.mocked/bin/release/net8.0/kiwibank.payments.paymentsorchestrator.testings.integration.mocked.dll" id="2c9ea2e6-7811-c0cf-ceda-c0a495e83bbe">
      <TestCategory>
        <TestCategoryItem TestCategory="POrchAPI" />
        <TestCategoryItem TestCategory="Outcome:L4ProcessPayment.UltracsTmvTransfer" />
        <TestCategoryItem TestCategory="Process:L4ProcessPayment" />
        <TestCategoryItem TestCategory="NegativeTest" />
        <TestCategoryItem TestCategory="EDB-MPS-IPC-REQ.04" />
      </TestCategory>
      <Execution id="f0947bb7-d072-45ed-869f-4200f4691cc6" />
      <TestMethod codeBase="/codebuild/output/src2181318594/src/Kiwibank-kb-cap-beb3aadf75d6f51b6f04b4454d78e6dc8b8b86bc/services/payments-orchestrator/src/Testings.Integration.Mocked/bin/Release/net8.0/Kiwibank.Payments.PaymentsOrchestrator.Testings.Integration.Mocked.dll" adapterTypeName="executor://mstestadapter/v2" className="Kiwibank.Payments.PaymentsOrchestrator.Testings.Integration.Mocked.TestFeatures.POrchAPITransferUltracsTMVFeature" name="POrchAPI_UltracsToTMV_Negative_MiddleWare_Response_409" />
    </UnitTest>
    <UnitTest name="POrchAPI_Other_Fraud_Responses_Do_Not_Retry (Unknown,409,)" storage="/codebuild/output/src2181318594/src/kiwibank-kb-cap-beb3aadf75d6f51b6f04b4454d78e6dc8b8b86bc/services/payments-orchestrator/src/testings.integration.mocked/bin/release/net8.0/kiwibank.payments.paymentsorchestrator.testings.integration.mocked.dll" id="625b0c4f-ae51-ad6c-59ca-a92337c32e20">
      <TestCategory>
        <TestCategoryItem TestCategory="scenarioTest" />
        <TestCategoryItem TestCategory="Process:L4ProcessPayment" />
        <TestCategoryItem TestCategory="Outcome:L4ProcessPayment.UltracsUltracsTransfer" />
      </TestCategory>
      <Execution id="97cffdfe-441f-44a4-b6b6-7a5557d08b30" />
      <TestMethod codeBase="/codebuild/output/src2181318594/src/Kiwibank-kb-cap-beb3aadf75d6f51b6f04b4454d78e6dc8b8b86bc/services/payments-orchestrator/src/Testings.Integration.Mocked/bin/Release/net8.0/Kiwibank.Payments.PaymentsOrchestrator.Testings.Integration.Mocked.dll" adapterTypeName="executor://mstestadapter/v2" className="Kiwibank.Payments.PaymentsOrchestrator.Testings.Integration.Mocked.TestFeatures.POrchDownstreamServicesRetryAppropriatelyFeature" name="POrchAPI_Other_Fraud_Responses_Do_Not_Retry" />
    </UnitTest>
    <UnitTest name="POrchAPI_Transfer_Invalid_Debtor_Account_Source_Return_Error (TNV,400,'DebtorAccountSource' can only be Ultracs or TMV for transfers.,)" storage="/codebuild/output/src2181318594/src/kiwibank-kb-cap-beb3aadf75d6f51b6f04b4454d78e6dc8b8b86bc/services/payments-orchestrator/src/testings.integration.mocked/bin/release/net8.0/kiwibank.payments.paymentsorchestrator.testings.integration.mocked.dll" id="966c9619-a79f-7ecc-eadf-07d8da635bb8">
      <TestCategory>
        <TestCategoryItem TestCategory="POrchAPI" />
        <TestCategoryItem TestCategory="Process:L4ProcessPayment" />
        <TestCategoryItem TestCategory="NegativeTest" />
        <TestCategoryItem TestCategory="Outcome:L4ProcessPayment.UltracsUltracs" />
      </TestCategory>
      <Execution id="48f5b199-814e-46c7-8073-58969f0e36c4" />
      <TestMethod codeBase="/codebuild/output/src2181318594/src/Kiwibank-kb-cap-beb3aadf75d6f51b6f04b4454d78e6dc8b8b86bc/services/payments-orchestrator/src/Testings.Integration.Mocked/bin/Release/net8.0/Kiwibank.Payments.PaymentsOrchestrator.Testings.Integration.Mocked.dll" adapterTypeName="executor://mstestadapter/v2" className="Kiwibank.Payments.PaymentsOrchestrator.Testings.Integration.Mocked.TestFeatures.POrchTransferFieldValidationFeature" name="POrchAPI_Transfer_Invalid_Debtor_Account_Source_Return_Error" />
    </UnitTest>
    <UnitTest name="POrchAPI_Invalid_Debtor_Particulars_Return_Error (\,400,)" storage="/codebuild/output/src2181318594/src/kiwibank-kb-cap-beb3aadf75d6f51b6f04b4454d78e6dc8b8b86bc/services/payments-orchestrator/src/testings.integration.mocked/bin/release/net8.0/kiwibank.payments.paymentsorchestrator.testings.integration.mocked.dll" id="f77da77f-ccab-db1f-b601-b20ad8accc1c">
      <TestCategory>
        <TestCategoryItem TestCategory="POrchAPI" />
        <TestCategoryItem TestCategory="Process:L4ProcessPayment" />
        <TestCategoryItem TestCategory="Outcome:L4ProcessPayment.UltracsUltracsTransfer" />
        <TestCategoryItem TestCategory="NegativeTest" />
      </TestCategory>
      <Execution id="d16252d6-6a99-449a-aac9-d8d179fa500a" />
      <TestMethod codeBase="/codebuild/output/src2181318594/src/Kiwibank-kb-cap-beb3aadf75d6f51b6f04b4454d78e6dc8b8b86bc/services/payments-orchestrator/src/Testings.Integration.Mocked/bin/Release/net8.0/Kiwibank.Payments.PaymentsOrchestrator.Testings.Integration.Mocked.dll" adapterTypeName="executor://mstestadapter/v2" className="Kiwibank.Payments.PaymentsOrchestrator.Testings.Integration.Mocked.TestFeatures.POrchAPIFieldValidationFeature" name="POrchAPI_Invalid_Debtor_Particulars_Return_Error" />
    </UnitTest>
    <UnitTest name="POrchAPI_Invalid_Currency_Return_Error (AUD,400,)" storage="/codebuild/output/src2181318594/src/kiwibank-kb-cap-beb3aadf75d6f51b6f04b4454d78e6dc8b8b86bc/services/payments-orchestrator/src/testings.integration.mocked/bin/release/net8.0/kiwibank.payments.paymentsorchestrator.testings.integration.mocked.dll" id="e6a6ceda-dfef-7277-77b1-95458be43904">
      <TestCategory>
        <TestCategoryItem TestCategory="POrchAPI" />
        <TestCategoryItem TestCategory="Process:L4ProcessPayment" />
        <TestCategoryItem TestCategory="Outcome:L4ProcessPayment.UltracsUltracsTransfer" />
        <TestCategoryItem TestCategory="NegativeTest" />
      </TestCategory>
      <Execution id="ed020fb5-0449-4979-ad4a-8b2214288342" />
      <TestMethod codeBase="/codebuild/output/src2181318594/src/Kiwibank-kb-cap-beb3aadf75d6f51b6f04b4454d78e6dc8b8b86bc/services/payments-orchestrator/src/Testings.Integration.Mocked/bin/Release/net8.0/Kiwibank.Payments.PaymentsOrchestrator.Testings.Integration.Mocked.dll" adapterTypeName="executor://mstestadapter/v2" className="Kiwibank.Payments.PaymentsOrchestrator.Testings.Integration.Mocked.TestFeatures.POrchAPIFieldValidationFeature" name="POrchAPI_Invalid_Currency_Return_Error" />
    </UnitTest>
    <UnitTest name="POrchAPI_Negative_MiddleWare_Response_409 (AccountNumberIsInvalidError,409,)" storage="/codebuild/output/src2181318594/src/kiwibank-kb-cap-beb3aadf75d6f51b6f04b4454d78e6dc8b8b86bc/services/payments-orchestrator/src/testings.integration.mocked/bin/release/net8.0/kiwibank.payments.paymentsorchestrator.testings.integration.mocked.dll" id="51ee23f8-e718-45a4-098e-53f61dfd5593">
      <TestCategory>
        <TestCategoryItem TestCategory="POrchAPI" />
        <TestCategoryItem TestCategory="Process:L4ProcessPayment" />
        <TestCategoryItem TestCategory="Outcome:L4ProcessPayment.UltracsUltracsTransfer" />
        <TestCategoryItem TestCategory="NegativeTest" />
      </TestCategory>
      <Execution id="af7a2f05-afe6-42a4-9c20-4729c2629526" />
      <TestMethod codeBase="/codebuild/output/src2181318594/src/Kiwibank-kb-cap-beb3aadf75d6f51b6f04b4454d78e6dc8b8b86bc/services/payments-orchestrator/src/Testings.Integration.Mocked/bin/Release/net8.0/Kiwibank.Payments.PaymentsOrchestrator.Testings.Integration.Mocked.dll" adapterTypeName="executor://mstestadapter/v2" className="Kiwibank.Payments.PaymentsOrchestrator.Testings.Integration.Mocked.TestFeatures.POrchAPIFeature" name="POrchAPI_Negative_MiddleWare_Response_409" />
    </UnitTest>
    <UnitTest name="POrchAPI_UltracsToTMV_Negative_MiddleWare_Response_409 (FrozenError,409,)" storage="/codebuild/output/src2181318594/src/kiwibank-kb-cap-beb3aadf75d6f51b6f04b4454d78e6dc8b8b86bc/services/payments-orchestrator/src/testings.integration.mocked/bin/release/net8.0/kiwibank.payments.paymentsorchestrator.testings.integration.mocked.dll" id="7732a642-5f4c-48dd-1d7e-985649745b2b">
      <TestCategory>
        <TestCategoryItem TestCategory="POrchAPI" />
        <TestCategoryItem TestCategory="Outcome:L4ProcessPayment.UltracsTmvTransfer" />
        <TestCategoryItem TestCategory="Process:L4ProcessPayment" />
        <TestCategoryItem TestCategory="NegativeTest" />
        <TestCategoryItem TestCategory="EDB-MPS-IPC-REQ.04" />
      </TestCategory>
      <Execution id="ebb053eb-a66d-4003-b558-44d5997ad258" />
      <TestMethod codeBase="/codebuild/output/src2181318594/src/Kiwibank-kb-cap-beb3aadf75d6f51b6f04b4454d78e6dc8b8b86bc/services/payments-orchestrator/src/Testings.Integration.Mocked/bin/Release/net8.0/Kiwibank.Payments.PaymentsOrchestrator.Testings.Integration.Mocked.dll" adapterTypeName="executor://mstestadapter/v2" className="Kiwibank.Payments.PaymentsOrchestrator.Testings.Integration.Mocked.TestFeatures.POrchAPITransferUltracsTMVFeature" name="POrchAPI_UltracsToTMV_Negative_MiddleWare_Response_409" />
    </UnitTest>
    <UnitTest name="POrchAPI_UltracsToTMV_Valid_Debtor_Code_Return_Success (()+$*!;-/?:,201,)" storage="/codebuild/output/src2181318594/src/kiwibank-kb-cap-beb3aadf75d6f51b6f04b4454d78e6dc8b8b86bc/services/payments-orchestrator/src/testings.integration.mocked/bin/release/net8.0/kiwibank.payments.paymentsorchestrator.testings.integration.mocked.dll" id="018ced43-41c2-42e8-f806-f4bb8c3aa21c">
      <TestCategory>
        <TestCategoryItem TestCategory="EDB-MPS-IPC-REQ.02" />
        <TestCategoryItem TestCategory="POrchAPI" />
        <TestCategoryItem TestCategory="Outcome:L4ProcessPayment.UltracsTmvTransfer" />
        <TestCategoryItem TestCategory="Process:L4ProcessPayment" />
        <TestCategoryItem TestCategory="PositiveTest" />
      </TestCategory>
      <Execution id="68fc6e30-b05e-418a-bfee-079700cec6bf" />
      <TestMethod codeBase="/codebuild/output/src2181318594/src/Kiwibank-kb-cap-beb3aadf75d6f51b6f04b4454d78e6dc8b8b86bc/services/payments-orchestrator/src/Testings.Integration.Mocked/bin/Release/net8.0/Kiwibank.Payments.PaymentsOrchestrator.Testings.Integration.Mocked.dll" adapterTypeName="executor://mstestadapter/v2" className="Kiwibank.Payments.PaymentsOrchestrator.Testings.Integration.Mocked.TestFeatures.POrchAPITransferUltracsTMVFeature" name="POrchAPI_UltracsToTMV_Valid_Debtor_Code_Return_Success" />
    </UnitTest>
    <UnitTest name="POrchAPI_PAS_Retries (503,,)" storage="/codebuild/output/src2181318594/src/kiwibank-kb-cap-beb3aadf75d6f51b6f04b4454d78e6dc8b8b86bc/services/payments-orchestrator/src/testings.integration.mocked/bin/release/net8.0/kiwibank.payments.paymentsorchestrator.testings.integration.mocked.dll" id="f76b3f32-ad31-efe4-5487-c23eb6b9c7da">
      <TestCategory>
        <TestCategoryItem TestCategory="scenarioTest" />
        <TestCategoryItem TestCategory="Process:L4ProcessPayment" />
        <TestCategoryItem TestCategory="Outcome:L4ProcessPayment.UltracsUltracsTransfer" />
        <TestCategoryItem TestCategory="requestTest" />
      </TestCategory>
      <Execution id="29306442-9987-448a-8850-e0a592fc6f62" />
      <TestMethod codeBase="/codebuild/output/src2181318594/src/Kiwibank-kb-cap-beb3aadf75d6f51b6f04b4454d78e6dc8b8b86bc/services/payments-orchestrator/src/Testings.Integration.Mocked/bin/Release/net8.0/Kiwibank.Payments.PaymentsOrchestrator.Testings.Integration.Mocked.dll" adapterTypeName="executor://mstestadapter/v2" className="Kiwibank.Payments.PaymentsOrchestrator.Testings.Integration.Mocked.TestFeatures.POrchDownstreamServicesRetryAppropriatelyFeature" name="POrchAPI_PAS_Retries" />
    </UnitTest>
    <UnitTest name="POrchAPI_TMVToUltracs_Valid_Creditor_Reference_Return_Success (=@#_%,.,201,)" storage="/codebuild/output/src2181318594/src/kiwibank-kb-cap-beb3aadf75d6f51b6f04b4454d78e6dc8b8b86bc/services/payments-orchestrator/src/testings.integration.mocked/bin/release/net8.0/kiwibank.payments.paymentsorchestrator.testings.integration.mocked.dll" id="4d49d458-cfe1-d6c1-2067-018152c6cee1">
      <TestCategory>
        <TestCategoryItem TestCategory="EDB-MPS-IPC-REQ.02" />
        <TestCategoryItem TestCategory="POrchAPI" />
        <TestCategoryItem TestCategory="Process:L4ProcessPayment" />
        <TestCategoryItem TestCategory="PositiveTest" />
        <TestCategoryItem TestCategory="Outcome:L4ProcessPayment.TmvUltracsTransfer" />
      </TestCategory>
      <Execution id="43af8fb7-fb42-41f9-9bc3-93959d672a3c" />
      <TestMethod codeBase="/codebuild/output/src2181318594/src/Kiwibank-kb-cap-beb3aadf75d6f51b6f04b4454d78e6dc8b8b86bc/services/payments-orchestrator/src/Testings.Integration.Mocked/bin/Release/net8.0/Kiwibank.Payments.PaymentsOrchestrator.Testings.Integration.Mocked.dll" adapterTypeName="executor://mstestadapter/v2" className="Kiwibank.Payments.PaymentsOrchestrator.Testings.Integration.Mocked.TestFeatures.POrchAPITransferTMVUltracsFeature" name="POrchAPI_TMVToUltracs_Valid_Creditor_Reference_Return_Success" />
    </UnitTest>
    <UnitTest name="POrchAPI_UltracsTMV_Transfer_Invalid_Transfer_Reference_Return_Error (TRANSFER FROM MR Test - 00,400,)" storage="/codebuild/output/src2181318594/src/kiwibank-kb-cap-beb3aadf75d6f51b6f04b4454d78e6dc8b8b86bc/services/payments-orchestrator/src/testings.integration.mocked/bin/release/net8.0/kiwibank.payments.paymentsorchestrator.testings.integration.mocked.dll" id="619942a7-a80d-eb03-35dd-da59797fd3a6">
      <TestCategory>
        <TestCategoryItem TestCategory="POrchAPI" />
        <TestCategoryItem TestCategory="Process:L4ProcessPayment" />
        <TestCategoryItem TestCategory="NegativeTest" />
        <TestCategoryItem TestCategory="Outcome:L4ProcessPayment.UltracsUltracs" />
      </TestCategory>
      <Execution id="b3ea0f91-fe1b-47c6-a4b4-7529f4f79d52" />
      <TestMethod codeBase="/codebuild/output/src2181318594/src/Kiwibank-kb-cap-beb3aadf75d6f51b6f04b4454d78e6dc8b8b86bc/services/payments-orchestrator/src/Testings.Integration.Mocked/bin/Release/net8.0/Kiwibank.Payments.PaymentsOrchestrator.Testings.Integration.Mocked.dll" adapterTypeName="executor://mstestadapter/v2" className="Kiwibank.Payments.PaymentsOrchestrator.Testings.Integration.Mocked.TestFeatures.POrchTransferFieldValidationFeature" name="POrchAPI_UltracsTMV_Transfer_Invalid_Transfer_Reference_Return_Error" />
    </UnitTest>
    <UnitTest name="POrchAPI_UltracsToTMV_Negative_MiddleWare_Response_409 (UnknownError,500,)" storage="/codebuild/output/src2181318594/src/kiwibank-kb-cap-beb3aadf75d6f51b6f04b4454d78e6dc8b8b86bc/services/payments-orchestrator/src/testings.integration.mocked/bin/release/net8.0/kiwibank.payments.paymentsorchestrator.testings.integration.mocked.dll" id="4ce7a7b1-260a-ec58-a1fb-b116afa545c9">
      <TestCategory>
        <TestCategoryItem TestCategory="POrchAPI" />
        <TestCategoryItem TestCategory="Outcome:L4ProcessPayment.UltracsTmvTransfer" />
        <TestCategoryItem TestCategory="Process:L4ProcessPayment" />
        <TestCategoryItem TestCategory="NegativeTest" />
        <TestCategoryItem TestCategory="EDB-MPS-IPC-REQ.04" />
      </TestCategory>
      <Execution id="229d74ad-69bc-4348-b07b-331e4fcb2938" />
      <TestMethod codeBase="/codebuild/output/src2181318594/src/Kiwibank-kb-cap-beb3aadf75d6f51b6f04b4454d78e6dc8b8b86bc/services/payments-orchestrator/src/Testings.Integration.Mocked/bin/Release/net8.0/Kiwibank.Payments.PaymentsOrchestrator.Testings.Integration.Mocked.dll" adapterTypeName="executor://mstestadapter/v2" className="Kiwibank.Payments.PaymentsOrchestrator.Testings.Integration.Mocked.TestFeatures.POrchAPITransferUltracsTMVFeature" name="POrchAPI_UltracsToTMV_Negative_MiddleWare_Response_409" />
    </UnitTest>
    <UnitTest name="POrchAPI_TMVToUltracs_Valid_Creditor_Code_Return_Success (()+$*!;-/?:,201,)" storage="/codebuild/output/src2181318594/src/kiwibank-kb-cap-beb3aadf75d6f51b6f04b4454d78e6dc8b8b86bc/services/payments-orchestrator/src/testings.integration.mocked/bin/release/net8.0/kiwibank.payments.paymentsorchestrator.testings.integration.mocked.dll" id="6dffef42-0f67-d446-3f31-7148f50c92b8">
      <TestCategory>
        <TestCategoryItem TestCategory="EDB-MPS-IPC-REQ.02" />
        <TestCategoryItem TestCategory="POrchAPI" />
        <TestCategoryItem TestCategory="Process:L4ProcessPayment" />
        <TestCategoryItem TestCategory="PositiveTest" />
        <TestCategoryItem TestCategory="Outcome:L4ProcessPayment.TmvUltracsTransfer" />
      </TestCategory>
      <Execution id="29332ad9-dd13-4595-972f-96fd8594c852" />
      <TestMethod codeBase="/codebuild/output/src2181318594/src/Kiwibank-kb-cap-beb3aadf75d6f51b6f04b4454d78e6dc8b8b86bc/services/payments-orchestrator/src/Testings.Integration.Mocked/bin/Release/net8.0/Kiwibank.Payments.PaymentsOrchestrator.Testings.Integration.Mocked.dll" adapterTypeName="executor://mstestadapter/v2" className="Kiwibank.Payments.PaymentsOrchestrator.Testings.Integration.Mocked.TestFeatures.POrchAPITransferTMVUltracsFeature" name="POrchAPI_TMVToUltracs_Valid_Creditor_Code_Return_Success" />
    </UnitTest>
    <UnitTest name="POrchAPI_Invalid_Creditor_Reference_Return_Error (},400,)" storage="/codebuild/output/src2181318594/src/kiwibank-kb-cap-beb3aadf75d6f51b6f04b4454d78e6dc8b8b86bc/services/payments-orchestrator/src/testings.integration.mocked/bin/release/net8.0/kiwibank.payments.paymentsorchestrator.testings.integration.mocked.dll" id="440dfa76-f2d6-e073-a941-9c06f5701cb8">
      <TestCategory>
        <TestCategoryItem TestCategory="POrchAPI" />
        <TestCategoryItem TestCategory="Process:L4ProcessPayment" />
        <TestCategoryItem TestCategory="Outcome:L4ProcessPayment.UltracsUltracsTransfer" />
        <TestCategoryItem TestCategory="NegativeTest" />
      </TestCategory>
      <Execution id="a2116134-7ac4-47d8-a4bf-eb113479f71f" />
      <TestMethod codeBase="/codebuild/output/src2181318594/src/Kiwibank-kb-cap-beb3aadf75d6f51b6f04b4454d78e6dc8b8b86bc/services/payments-orchestrator/src/Testings.Integration.Mocked/bin/Release/net8.0/Kiwibank.Payments.PaymentsOrchestrator.Testings.Integration.Mocked.dll" adapterTypeName="executor://mstestadapter/v2" className="Kiwibank.Payments.PaymentsOrchestrator.Testings.Integration.Mocked.TestFeatures.POrchAPIFieldValidationFeature" name="POrchAPI_Invalid_Creditor_Reference_Return_Error" />
    </UnitTest>
    <UnitTest name="POrchAPI_Various_Amounts_Return_Success_When_Below_Max (1.11,,)" storage="/codebuild/output/src2181318594/src/kiwibank-kb-cap-beb3aadf75d6f51b6f04b4454d78e6dc8b8b86bc/services/payments-orchestrator/src/testings.integration.mocked/bin/release/net8.0/kiwibank.payments.paymentsorchestrator.testings.integration.mocked.dll" id="71d1c267-cd8e-60d5-e61b-182ab1bdc68a">
      <TestCategory>
        <TestCategoryItem TestCategory="POrchAPI" />
        <TestCategoryItem TestCategory="Process:L4ProcessPayment" />
        <TestCategoryItem TestCategory="Outcome:L4ProcessPayment.UltracsUltracsTransfer" />
      </TestCategory>
      <Execution id="4e2535fb-3428-4932-aa19-44c711cd03e0" />
      <TestMethod codeBase="/codebuild/output/src2181318594/src/Kiwibank-kb-cap-beb3aadf75d6f51b6f04b4454d78e6dc8b8b86bc/services/payments-orchestrator/src/Testings.Integration.Mocked/bin/Release/net8.0/Kiwibank.Payments.PaymentsOrchestrator.Testings.Integration.Mocked.dll" adapterTypeName="executor://mstestadapter/v2" className="Kiwibank.Payments.PaymentsOrchestrator.Testings.Integration.Mocked.TestFeatures.POrchAPIFeature" name="POrchAPI_Various_Amounts_Return_Success_When_Below_Max" />
    </UnitTest>
    <UnitTest name="POrchAPI_TMVToUltracs_Negative_MiddleWare_Response_409 (InsufficientFundsError,409,)" storage="/codebuild/output/src2181318594/src/kiwibank-kb-cap-beb3aadf75d6f51b6f04b4454d78e6dc8b8b86bc/services/payments-orchestrator/src/testings.integration.mocked/bin/release/net8.0/kiwibank.payments.paymentsorchestrator.testings.integration.mocked.dll" id="9b93787a-b09d-885f-e62d-26302a9764e3">
      <TestCategory>
        <TestCategoryItem TestCategory="NegativeTest" />
        <TestCategoryItem TestCategory="POrchAPI" />
        <TestCategoryItem TestCategory="Process:L4ProcessPayment" />
        <TestCategoryItem TestCategory="Outcome:L4ProcessPayment.TmvUltracsTransfer" />
        <TestCategoryItem TestCategory="EDB-MPS-IPC-REQ.04" />
      </TestCategory>
      <Execution id="27a73557-c253-4c17-8a85-f1475ccfa130" />
      <TestMethod codeBase="/codebuild/output/src2181318594/src/Kiwibank-kb-cap-beb3aadf75d6f51b6f04b4454d78e6dc8b8b86bc/services/payments-orchestrator/src/Testings.Integration.Mocked/bin/Release/net8.0/Kiwibank.Payments.PaymentsOrchestrator.Testings.Integration.Mocked.dll" adapterTypeName="executor://mstestadapter/v2" className="Kiwibank.Payments.PaymentsOrchestrator.Testings.Integration.Mocked.TestFeatures.POrchAPITransferTMVUltracsFeature" name="POrchAPI_TMVToUltracs_Negative_MiddleWare_Response_409" />
    </UnitTest>
    <UnitTest name="POrchAPI_Negative_FraudCheck_Response_Frozen_Middleware_409 (Unknown,409,)" storage="/codebuild/output/src2181318594/src/kiwibank-kb-cap-beb3aadf75d6f51b6f04b4454d78e6dc8b8b86bc/services/payments-orchestrator/src/testings.integration.mocked/bin/release/net8.0/kiwibank.payments.paymentsorchestrator.testings.integration.mocked.dll" id="fc88963e-633c-7e9a-9319-8a8e2a64aa72">
      <TestCategory>
        <TestCategoryItem TestCategory="POrchAPI" />
        <TestCategoryItem TestCategory="Process:L4ProcessPayment" />
        <TestCategoryItem TestCategory="Outcome:L4ProcessPayment.UltracsUltracsTransfer" />
        <TestCategoryItem TestCategory="NegativeTest" />
      </TestCategory>
      <Execution id="39cd4c23-82ae-4795-935f-9afaf7f83102" />
      <TestMethod codeBase="/codebuild/output/src2181318594/src/Kiwibank-kb-cap-beb3aadf75d6f51b6f04b4454d78e6dc8b8b86bc/services/payments-orchestrator/src/Testings.Integration.Mocked/bin/Release/net8.0/Kiwibank.Payments.PaymentsOrchestrator.Testings.Integration.Mocked.dll" adapterTypeName="executor://mstestadapter/v2" className="Kiwibank.Payments.PaymentsOrchestrator.Testings.Integration.Mocked.TestFeatures.POrchAPIFeature" name="POrchAPI_Negative_FraudCheck_Response_Frozen_Middleware_409" />
    </UnitTest>
    <UnitTest name="POrchAPI_Various_Amounts_Return_Success_When_Below_Max (0.99,,)" storage="/codebuild/output/src2181318594/src/kiwibank-kb-cap-beb3aadf75d6f51b6f04b4454d78e6dc8b8b86bc/services/payments-orchestrator/src/testings.integration.mocked/bin/release/net8.0/kiwibank.payments.paymentsorchestrator.testings.integration.mocked.dll" id="713e31be-1e71-4306-14c3-db35d3aa1175">
      <TestCategory>
        <TestCategoryItem TestCategory="POrchAPI" />
        <TestCategoryItem TestCategory="Process:L4ProcessPayment" />
        <TestCategoryItem TestCategory="Outcome:L4ProcessPayment.UltracsUltracsTransfer" />
      </TestCategory>
      <Execution id="c0383ea3-82fa-4283-a8f7-c3fc970cec50" />
      <TestMethod codeBase="/codebuild/output/src2181318594/src/Kiwibank-kb-cap-beb3aadf75d6f51b6f04b4454d78e6dc8b8b86bc/services/payments-orchestrator/src/Testings.Integration.Mocked/bin/Release/net8.0/Kiwibank.Payments.PaymentsOrchestrator.Testings.Integration.Mocked.dll" adapterTypeName="executor://mstestadapter/v2" className="Kiwibank.Payments.PaymentsOrchestrator.Testings.Integration.Mocked.TestFeatures.POrchAPIFeature" name="POrchAPI_Various_Amounts_Return_Success_When_Below_Max" />
    </UnitTest>
    <UnitTest name="POrchAPI_Other_Middleware_Responses_Do_Not_Retry (AccountNumberIsInvalidForTransactionTypeError,409,)" storage="/codebuild/output/src2181318594/src/kiwibank-kb-cap-beb3aadf75d6f51b6f04b4454d78e6dc8b8b86bc/services/payments-orchestrator/src/testings.integration.mocked/bin/release/net8.0/kiwibank.payments.paymentsorchestrator.testings.integration.mocked.dll" id="682d9c8c-0c1a-75fd-a1d2-d379a05c7ce3">
      <TestCategory>
        <TestCategoryItem TestCategory="scenarioTest" />
        <TestCategoryItem TestCategory="Process:L4ProcessPayment" />
        <TestCategoryItem TestCategory="Outcome:L4ProcessPayment.UltracsUltracsTransfer" />
      </TestCategory>
      <Execution id="0938b8a2-3e81-4c82-a3d4-fa88940f9f00" />
      <TestMethod codeBase="/codebuild/output/src2181318594/src/Kiwibank-kb-cap-beb3aadf75d6f51b6f04b4454d78e6dc8b8b86bc/services/payments-orchestrator/src/Testings.Integration.Mocked/bin/Release/net8.0/Kiwibank.Payments.PaymentsOrchestrator.Testings.Integration.Mocked.dll" adapterTypeName="executor://mstestadapter/v2" className="Kiwibank.Payments.PaymentsOrchestrator.Testings.Integration.Mocked.TestFeatures.POrchDownstreamServicesRetryAppropriatelyFeature" name="POrchAPI_Other_Middleware_Responses_Do_Not_Retry" />
    </UnitTest>
    <UnitTest name="POrchAPI_TMVOnlineCall_To_UltracsTransactionAcct_Successful" storage="/codebuild/output/src2181318594/src/kiwibank-kb-cap-beb3aadf75d6f51b6f04b4454d78e6dc8b8b86bc/services/payments-orchestrator/src/testings.integration.mocked/bin/release/net8.0/kiwibank.payments.paymentsorchestrator.testings.integration.mocked.dll" id="5d389af9-65a5-c3f7-2ce0-186dd7e293bb">
      <TestCategory>
        <TestCategoryItem TestCategory="EDB-MPS-IPC-REQ.02" />
        <TestCategoryItem TestCategory="POrchAPI" />
        <TestCategoryItem TestCategory="Process:L4ProcessPayment" />
        <TestCategoryItem TestCategory="PositiveTest" />
        <TestCategoryItem TestCategory="Outcome:L4ProcessPayment.TmvUltracsTransfer" />
      </TestCategory>
      <Execution id="63d62191-f28c-4cef-905b-29c65126eaf4" />
      <TestMethod codeBase="/codebuild/output/src2181318594/src/Kiwibank-kb-cap-beb3aadf75d6f51b6f04b4454d78e6dc8b8b86bc/services/payments-orchestrator/src/Testings.Integration.Mocked/bin/Release/net8.0/Kiwibank.Payments.PaymentsOrchestrator.Testings.Integration.Mocked.dll" adapterTypeName="executor://mstestadapter/v2" className="Kiwibank.Payments.PaymentsOrchestrator.Testings.Integration.Mocked.TestFeatures.POrchAPITransferTMVUltracsFeature" name="POrchAPI_TMVOnlineCall_To_UltracsTransactionAcct_Successful" />
    </UnitTest>
    <UnitTest name="POrchAPI_UltracsToTMV_Valid_Debtor_Particulars_Return_Success (()+$*!;-/?:,201,)" storage="/codebuild/output/src2181318594/src/kiwibank-kb-cap-beb3aadf75d6f51b6f04b4454d78e6dc8b8b86bc/services/payments-orchestrator/src/testings.integration.mocked/bin/release/net8.0/kiwibank.payments.paymentsorchestrator.testings.integration.mocked.dll" id="8fe1e456-62c1-1f3d-ba20-1f75ca2590ef">
      <TestCategory>
        <TestCategoryItem TestCategory="EDB-MPS-IPC-REQ.02" />
        <TestCategoryItem TestCategory="POrchAPI" />
        <TestCategoryItem TestCategory="Outcome:L4ProcessPayment.UltracsTmvTransfer" />
        <TestCategoryItem TestCategory="Process:L4ProcessPayment" />
        <TestCategoryItem TestCategory="PositiveTest" />
      </TestCategory>
      <Execution id="80ac3f63-d8ff-4baf-bcfb-c00c71838f8a" />
      <TestMethod codeBase="/codebuild/output/src2181318594/src/Kiwibank-kb-cap-beb3aadf75d6f51b6f04b4454d78e6dc8b8b86bc/services/payments-orchestrator/src/Testings.Integration.Mocked/bin/Release/net8.0/Kiwibank.Payments.PaymentsOrchestrator.Testings.Integration.Mocked.dll" adapterTypeName="executor://mstestadapter/v2" className="Kiwibank.Payments.PaymentsOrchestrator.Testings.Integration.Mocked.TestFeatures.POrchAPITransferUltracsTMVFeature" name="POrchAPI_UltracsToTMV_Valid_Debtor_Particulars_Return_Success" />
    </UnitTest>
    <UnitTest name="POrchAPI_Various_Amounts_Return_Success_When_Below_Max (01.11,,)" storage="/codebuild/output/src2181318594/src/kiwibank-kb-cap-beb3aadf75d6f51b6f04b4454d78e6dc8b8b86bc/services/payments-orchestrator/src/testings.integration.mocked/bin/release/net8.0/kiwibank.payments.paymentsorchestrator.testings.integration.mocked.dll" id="c8bcd01b-a393-1de5-8512-1f4782ddff91">
      <TestCategory>
        <TestCategoryItem TestCategory="POrchAPI" />
        <TestCategoryItem TestCategory="Process:L4ProcessPayment" />
        <TestCategoryItem TestCategory="Outcome:L4ProcessPayment.UltracsUltracsTransfer" />
      </TestCategory>
      <Execution id="79c8ad26-7464-44e8-8115-495804e70c78" />
      <TestMethod codeBase="/codebuild/output/src2181318594/src/Kiwibank-kb-cap-beb3aadf75d6f51b6f04b4454d78e6dc8b8b86bc/services/payments-orchestrator/src/Testings.Integration.Mocked/bin/Release/net8.0/Kiwibank.Payments.PaymentsOrchestrator.Testings.Integration.Mocked.dll" adapterTypeName="executor://mstestadapter/v2" className="Kiwibank.Payments.PaymentsOrchestrator.Testings.Integration.Mocked.TestFeatures.POrchAPIFeature" name="POrchAPI_Various_Amounts_Return_Success_When_Below_Max" />
    </UnitTest>
    <UnitTest name="POrchAPI_Invalid_PAS_Response_Doesnt_Retry (403,,)" storage="/codebuild/output/src2181318594/src/kiwibank-kb-cap-beb3aadf75d6f51b6f04b4454d78e6dc8b8b86bc/services/payments-orchestrator/src/testings.integration.mocked/bin/release/net8.0/kiwibank.payments.paymentsorchestrator.testings.integration.mocked.dll" id="68699688-1432-0773-2a3e-42a9bd29c51d">
      <TestCategory>
        <TestCategoryItem TestCategory="scenarioTest" />
        <TestCategoryItem TestCategory="Process:L4ProcessPayment" />
        <TestCategoryItem TestCategory="Outcome:L4ProcessPayment.UltracsUltracsTransfer" />
        <TestCategoryItem TestCategory="requestTest" />
      </TestCategory>
      <Execution id="39519d47-5b93-4369-9ed0-0df2c17f5942" />
      <TestMethod codeBase="/codebuild/output/src2181318594/src/Kiwibank-kb-cap-beb3aadf75d6f51b6f04b4454d78e6dc8b8b86bc/services/payments-orchestrator/src/Testings.Integration.Mocked/bin/Release/net8.0/Kiwibank.Payments.PaymentsOrchestrator.Testings.Integration.Mocked.dll" adapterTypeName="executor://mstestadapter/v2" className="Kiwibank.Payments.PaymentsOrchestrator.Testings.Integration.Mocked.TestFeatures.POrchDownstreamServicesRetryAppropriatelyFeature" name="POrchAPI_Invalid_PAS_Response_Doesnt_Retry" />
    </UnitTest>
    <UnitTest name="POrchAPI_Transfer_Invalid_Credit_Account_Return_Error (38123456789765,400,)" storage="/codebuild/output/src2181318594/src/kiwibank-kb-cap-beb3aadf75d6f51b6f04b4454d78e6dc8b8b86bc/services/payments-orchestrator/src/testings.integration.mocked/bin/release/net8.0/kiwibank.payments.paymentsorchestrator.testings.integration.mocked.dll" id="90f3763a-3900-3afd-f670-8ed70f8a8e9e">
      <TestCategory>
        <TestCategoryItem TestCategory="POrchAPI" />
        <TestCategoryItem TestCategory="Process:L4ProcessPayment" />
        <TestCategoryItem TestCategory="NegativeTest" />
        <TestCategoryItem TestCategory="Outcome:L4ProcessPayment.UltracsUltracs" />
      </TestCategory>
      <Execution id="c7ec5669-c370-49d7-b6b2-331860395a32" />
      <TestMethod codeBase="/codebuild/output/src2181318594/src/Kiwibank-kb-cap-beb3aadf75d6f51b6f04b4454d78e6dc8b8b86bc/services/payments-orchestrator/src/Testings.Integration.Mocked/bin/Release/net8.0/Kiwibank.Payments.PaymentsOrchestrator.Testings.Integration.Mocked.dll" adapterTypeName="executor://mstestadapter/v2" className="Kiwibank.Payments.PaymentsOrchestrator.Testings.Integration.Mocked.TestFeatures.POrchTransferFieldValidationFeature" name="POrchAPI_Transfer_Invalid_Credit_Account_Return_Error" />
    </UnitTest>
    <UnitTest name="POrchAPI_TMVToUltracs_Valid_Debtor_Reference_Return_Success (=@#_%,.,201,)" storage="/codebuild/output/src2181318594/src/kiwibank-kb-cap-beb3aadf75d6f51b6f04b4454d78e6dc8b8b86bc/services/payments-orchestrator/src/testings.integration.mocked/bin/release/net8.0/kiwibank.payments.paymentsorchestrator.testings.integration.mocked.dll" id="53c1eb3d-2c21-ebf0-7781-bbd510504b80">
      <TestCategory>
        <TestCategoryItem TestCategory="EDB-MPS-IPC-REQ.02" />
        <TestCategoryItem TestCategory="POrchAPI" />
        <TestCategoryItem TestCategory="Process:L4ProcessPayment" />
        <TestCategoryItem TestCategory="PositiveTest" />
        <TestCategoryItem TestCategory="Outcome:L4ProcessPayment.TmvUltracsTransfer" />
      </TestCategory>
      <Execution id="5baa0953-9055-481d-9677-fff1d8b98235" />
      <TestMethod codeBase="/codebuild/output/src2181318594/src/Kiwibank-kb-cap-beb3aadf75d6f51b6f04b4454d78e6dc8b8b86bc/services/payments-orchestrator/src/Testings.Integration.Mocked/bin/Release/net8.0/Kiwibank.Payments.PaymentsOrchestrator.Testings.Integration.Mocked.dll" adapterTypeName="executor://mstestadapter/v2" className="Kiwibank.Payments.PaymentsOrchestrator.Testings.Integration.Mocked.TestFeatures.POrchAPITransferTMVUltracsFeature" name="POrchAPI_TMVToUltracs_Valid_Debtor_Reference_Return_Success" />
    </UnitTest>
    <UnitTest name="POrchAPI_UltracsToTMV_Valid_Debtor_Particulars_Return_Success (=@#_%,.,201,)" storage="/codebuild/output/src2181318594/src/kiwibank-kb-cap-beb3aadf75d6f51b6f04b4454d78e6dc8b8b86bc/services/payments-orchestrator/src/testings.integration.mocked/bin/release/net8.0/kiwibank.payments.paymentsorchestrator.testings.integration.mocked.dll" id="7ec3e2f7-5c97-0db2-5273-5ff8a3fa8b7d">
      <TestCategory>
        <TestCategoryItem TestCategory="EDB-MPS-IPC-REQ.02" />
        <TestCategoryItem TestCategory="POrchAPI" />
        <TestCategoryItem TestCategory="Outcome:L4ProcessPayment.UltracsTmvTransfer" />
        <TestCategoryItem TestCategory="Process:L4ProcessPayment" />
        <TestCategoryItem TestCategory="PositiveTest" />
      </TestCategory>
      <Execution id="e11534c4-2575-4c91-8165-223e28b040be" />
      <TestMethod codeBase="/codebuild/output/src2181318594/src/Kiwibank-kb-cap-beb3aadf75d6f51b6f04b4454d78e6dc8b8b86bc/services/payments-orchestrator/src/Testings.Integration.Mocked/bin/Release/net8.0/Kiwibank.Payments.PaymentsOrchestrator.Testings.Integration.Mocked.dll" adapterTypeName="executor://mstestadapter/v2" className="Kiwibank.Payments.PaymentsOrchestrator.Testings.Integration.Mocked.TestFeatures.POrchAPITransferUltracsTMVFeature" name="POrchAPI_UltracsToTMV_Valid_Debtor_Particulars_Return_Success" />
    </UnitTest>
    <UnitTest name="POrchAPI_Negative_MiddleWare_Response_409 (AccountDetectionFailedError,409,)" storage="/codebuild/output/src2181318594/src/kiwibank-kb-cap-beb3aadf75d6f51b6f04b4454d78e6dc8b8b86bc/services/payments-orchestrator/src/testings.integration.mocked/bin/release/net8.0/kiwibank.payments.paymentsorchestrator.testings.integration.mocked.dll" id="6f66e914-9cfb-4f18-5611-3ca4f7f1471d">
      <TestCategory>
        <TestCategoryItem TestCategory="POrchAPI" />
        <TestCategoryItem TestCategory="Process:L4ProcessPayment" />
        <TestCategoryItem TestCategory="Outcome:L4ProcessPayment.UltracsUltracsTransfer" />
        <TestCategoryItem TestCategory="NegativeTest" />
      </TestCategory>
      <Execution id="5958922a-fe1c-4291-923f-3a150d420e58" />
      <TestMethod codeBase="/codebuild/output/src2181318594/src/Kiwibank-kb-cap-beb3aadf75d6f51b6f04b4454d78e6dc8b8b86bc/services/payments-orchestrator/src/Testings.Integration.Mocked/bin/Release/net8.0/Kiwibank.Payments.PaymentsOrchestrator.Testings.Integration.Mocked.dll" adapterTypeName="executor://mstestadapter/v2" className="Kiwibank.Payments.PaymentsOrchestrator.Testings.Integration.Mocked.TestFeatures.POrchAPIFeature" name="POrchAPI_Negative_MiddleWare_Response_409" />
    </UnitTest>
    <UnitTest name="POrchNRT_Unsuccessful_Response_From_FraudCheck_Unsuccessful_From_NRT (PaymentNrtForbidden,,)" storage="/codebuild/output/src2181318594/src/kiwibank-kb-cap-beb3aadf75d6f51b6f04b4454d78e6dc8b8b86bc/services/payments-orchestrator/src/testings.integration.mocked/bin/release/net8.0/kiwibank.payments.paymentsorchestrator.testings.integration.mocked.dll" id="0ab362cb-d48b-f45c-dc7e-403a2a8556ef">
      <TestCategory>
        <TestCategoryItem TestCategory="POrchNRT" />
        <TestCategoryItem TestCategory="negative" />
        <TestCategoryItem TestCategory="Process:L4ProcessPayment" />
        <TestCategoryItem TestCategory="Outcome:L4ProcessPayment.UltracsUltracsTransfer" />
      </TestCategory>
      <Execution id="816ab00d-2ac8-461a-8581-eb1dcce50ca7" />
      <TestMethod codeBase="/codebuild/output/src2181318594/src/Kiwibank-kb-cap-beb3aadf75d6f51b6f04b4454d78e6dc8b8b86bc/services/payments-orchestrator/src/Testings.Integration.Mocked/bin/Release/net8.0/Kiwibank.Payments.PaymentsOrchestrator.Testings.Integration.Mocked.dll" adapterTypeName="executor://mstestadapter/v2" className="Kiwibank.Payments.PaymentsOrchestrator.Testings.Integration.Mocked.TestFeatures.POrchNRTFeature" name="POrchNRT_Unsuccessful_Response_From_FraudCheck_Unsuccessful_From_NRT" />
    </UnitTest>
    <UnitTest name="POrchAPI_TMVToTMV_Valid_Creditor_Code_Return_Success (=@#_%,.,201,)" storage="/codebuild/output/src2181318594/src/kiwibank-kb-cap-beb3aadf75d6f51b6f04b4454d78e6dc8b8b86bc/services/payments-orchestrator/src/testings.integration.mocked/bin/release/net8.0/kiwibank.payments.paymentsorchestrator.testings.integration.mocked.dll" id="67871900-0900-889d-1aef-49ad77f50ba8">
      <TestCategory>
        <TestCategoryItem TestCategory="POrchAPI" />
        <TestCategoryItem TestCategory="PositiveTest" />
        <TestCategoryItem TestCategory="Process:L4ProcessPayment" />
        <TestCategoryItem TestCategory="Outcome:L4ProcessPayment.TmvTmvTransfer" />
        <TestCategoryItem TestCategory="EDB-MPS-IPC-REQ.01" />
      </TestCategory>
      <Execution id="a5fef518-2ab3-4164-aafc-75f74bfe5bca" />
      <TestMethod codeBase="/codebuild/output/src2181318594/src/Kiwibank-kb-cap-beb3aadf75d6f51b6f04b4454d78e6dc8b8b86bc/services/payments-orchestrator/src/Testings.Integration.Mocked/bin/Release/net8.0/Kiwibank.Payments.PaymentsOrchestrator.Testings.Integration.Mocked.dll" adapterTypeName="executor://mstestadapter/v2" className="Kiwibank.Payments.PaymentsOrchestrator.Testings.Integration.Mocked.TestFeatures.POrchAPITransferTmvTmvFeature" name="POrchAPI_TMVToTMV_Valid_Creditor_Code_Return_Success" />
    </UnitTest>
    <UnitTest name="POrchAPI_UltracsToTMV_Valid_Debtor_Reference_Return_Success (()+$*!;-/?:,201,)" storage="/codebuild/output/src2181318594/src/kiwibank-kb-cap-beb3aadf75d6f51b6f04b4454d78e6dc8b8b86bc/services/payments-orchestrator/src/testings.integration.mocked/bin/release/net8.0/kiwibank.payments.paymentsorchestrator.testings.integration.mocked.dll" id="bf597c8f-6d88-69fd-7af2-70d0b1b56fa7">
      <TestCategory>
        <TestCategoryItem TestCategory="EDB-MPS-IPC-REQ.02" />
        <TestCategoryItem TestCategory="POrchAPI" />
        <TestCategoryItem TestCategory="Outcome:L4ProcessPayment.UltracsTmvTransfer" />
        <TestCategoryItem TestCategory="Process:L4ProcessPayment" />
        <TestCategoryItem TestCategory="PositiveTest" />
      </TestCategory>
      <Execution id="3053b775-e446-4786-a2c4-316f6cbe6f72" />
      <TestMethod codeBase="/codebuild/output/src2181318594/src/Kiwibank-kb-cap-beb3aadf75d6f51b6f04b4454d78e6dc8b8b86bc/services/payments-orchestrator/src/Testings.Integration.Mocked/bin/Release/net8.0/Kiwibank.Payments.PaymentsOrchestrator.Testings.Integration.Mocked.dll" adapterTypeName="executor://mstestadapter/v2" className="Kiwibank.Payments.PaymentsOrchestrator.Testings.Integration.Mocked.TestFeatures.POrchAPITransferUltracsTMVFeature" name="POrchAPI_UltracsToTMV_Valid_Debtor_Reference_Return_Success" />
    </UnitTest>
    <UnitTest name="POrchAPI_Other_Middleware_Responses_Do_Not_Retry (AccountNumberIsInvalidError,409,)" storage="/codebuild/output/src2181318594/src/kiwibank-kb-cap-beb3aadf75d6f51b6f04b4454d78e6dc8b8b86bc/services/payments-orchestrator/src/testings.integration.mocked/bin/release/net8.0/kiwibank.payments.paymentsorchestrator.testings.integration.mocked.dll" id="0ab27023-6f4f-398c-0875-29e91f222b81">
      <TestCategory>
        <TestCategoryItem TestCategory="scenarioTest" />
        <TestCategoryItem TestCategory="Process:L4ProcessPayment" />
        <TestCategoryItem TestCategory="Outcome:L4ProcessPayment.UltracsUltracsTransfer" />
      </TestCategory>
      <Execution id="8487e1d6-3976-4547-8363-29c48fa15113" />
      <TestMethod codeBase="/codebuild/output/src2181318594/src/Kiwibank-kb-cap-beb3aadf75d6f51b6f04b4454d78e6dc8b8b86bc/services/payments-orchestrator/src/Testings.Integration.Mocked/bin/Release/net8.0/Kiwibank.Payments.PaymentsOrchestrator.Testings.Integration.Mocked.dll" adapterTypeName="executor://mstestadapter/v2" className="Kiwibank.Payments.PaymentsOrchestrator.Testings.Integration.Mocked.TestFeatures.POrchDownstreamServicesRetryAppropriatelyFeature" name="POrchAPI_Other_Middleware_Responses_Do_Not_Retry" />
    </UnitTest>
    <UnitTest name="POrchAPI_UltracsUltracs_Transfer_Send_Transfer_Reference_Return_Error (TRANSFER TO MR Test - 00,400,)" storage="/codebuild/output/src2181318594/src/kiwibank-kb-cap-beb3aadf75d6f51b6f04b4454d78e6dc8b8b86bc/services/payments-orchestrator/src/testings.integration.mocked/bin/release/net8.0/kiwibank.payments.paymentsorchestrator.testings.integration.mocked.dll" id="bf2ebf86-752e-56e5-3529-0dcee7532d5d">
      <TestCategory>
        <TestCategoryItem TestCategory="POrchAPI" />
        <TestCategoryItem TestCategory="Process:L4ProcessPayment" />
        <TestCategoryItem TestCategory="NegativeTest" />
        <TestCategoryItem TestCategory="Outcome:L4ProcessPayment.UltracsUltracs" />
      </TestCategory>
      <Execution id="e6929bb8-f0ff-4acd-875a-75952b6cef2f" />
      <TestMethod codeBase="/codebuild/output/src2181318594/src/Kiwibank-kb-cap-beb3aadf75d6f51b6f04b4454d78e6dc8b8b86bc/services/payments-orchestrator/src/Testings.Integration.Mocked/bin/Release/net8.0/Kiwibank.Payments.PaymentsOrchestrator.Testings.Integration.Mocked.dll" adapterTypeName="executor://mstestadapter/v2" className="Kiwibank.Payments.PaymentsOrchestrator.Testings.Integration.Mocked.TestFeatures.POrchTransferFieldValidationFeature" name="POrchAPI_UltracsUltracs_Transfer_Send_Transfer_Reference_Return_Error" />
    </UnitTest>
    <UnitTest name="POrchNRT_Unsuccessful_Response_From_FraudCheck_Unsuccessful_From_NRT (PaymentNrtUnauthorized,,)" storage="/codebuild/output/src2181318594/src/kiwibank-kb-cap-beb3aadf75d6f51b6f04b4454d78e6dc8b8b86bc/services/payments-orchestrator/src/testings.integration.mocked/bin/release/net8.0/kiwibank.payments.paymentsorchestrator.testings.integration.mocked.dll" id="dc6df0ef-6815-0cab-7d5e-39c1193f19d2">
      <TestCategory>
        <TestCategoryItem TestCategory="POrchNRT" />
        <TestCategoryItem TestCategory="negative" />
        <TestCategoryItem TestCategory="Process:L4ProcessPayment" />
        <TestCategoryItem TestCategory="Outcome:L4ProcessPayment.UltracsUltracsTransfer" />
      </TestCategory>
      <Execution id="7fd89628-c6d1-4b09-8e0c-759d97c9f194" />
      <TestMethod codeBase="/codebuild/output/src2181318594/src/Kiwibank-kb-cap-beb3aadf75d6f51b6f04b4454d78e6dc8b8b86bc/services/payments-orchestrator/src/Testings.Integration.Mocked/bin/Release/net8.0/Kiwibank.Payments.PaymentsOrchestrator.Testings.Integration.Mocked.dll" adapterTypeName="executor://mstestadapter/v2" className="Kiwibank.Payments.PaymentsOrchestrator.Testings.Integration.Mocked.TestFeatures.POrchNRTFeature" name="POrchNRT_Unsuccessful_Response_From_FraudCheck_Unsuccessful_From_NRT" />
    </UnitTest>
    <UnitTest name="POrchAPI_UltracsUltracs_Transfer_Send_Transfer_Reference_Return_Error (TRANSFER FROM MR Test - 00,400,)" storage="/codebuild/output/src2181318594/src/kiwibank-kb-cap-beb3aadf75d6f51b6f04b4454d78e6dc8b8b86bc/services/payments-orchestrator/src/testings.integration.mocked/bin/release/net8.0/kiwibank.payments.paymentsorchestrator.testings.integration.mocked.dll" id="6e0b63eb-2fd6-39bc-279e-348579ae6eae">
      <TestCategory>
        <TestCategoryItem TestCategory="POrchAPI" />
        <TestCategoryItem TestCategory="Process:L4ProcessPayment" />
        <TestCategoryItem TestCategory="NegativeTest" />
        <TestCategoryItem TestCategory="Outcome:L4ProcessPayment.UltracsUltracs" />
      </TestCategory>
      <Execution id="cc083c09-0b6b-4f33-87bc-61a420b34a81" />
      <TestMethod codeBase="/codebuild/output/src2181318594/src/Kiwibank-kb-cap-beb3aadf75d6f51b6f04b4454d78e6dc8b8b86bc/services/payments-orchestrator/src/Testings.Integration.Mocked/bin/Release/net8.0/Kiwibank.Payments.PaymentsOrchestrator.Testings.Integration.Mocked.dll" adapterTypeName="executor://mstestadapter/v2" className="Kiwibank.Payments.PaymentsOrchestrator.Testings.Integration.Mocked.TestFeatures.POrchTransferFieldValidationFeature" name="POrchAPI_UltracsUltracs_Transfer_Send_Transfer_Reference_Return_Error" />
    </UnitTest>
    <UnitTest name="POrchAPI_UltracsToTMV_Valid_Creditor_Code_Return_Success (=@#_%,.,201,)" storage="/codebuild/output/src2181318594/src/kiwibank-kb-cap-beb3aadf75d6f51b6f04b4454d78e6dc8b8b86bc/services/payments-orchestrator/src/testings.integration.mocked/bin/release/net8.0/kiwibank.payments.paymentsorchestrator.testings.integration.mocked.dll" id="0bbe4b7d-872b-2c47-337d-1d2c17bb07b3">
      <TestCategory>
        <TestCategoryItem TestCategory="EDB-MPS-IPC-REQ.02" />
        <TestCategoryItem TestCategory="POrchAPI" />
        <TestCategoryItem TestCategory="Outcome:L4ProcessPayment.UltracsTmvTransfer" />
        <TestCategoryItem TestCategory="Process:L4ProcessPayment" />
        <TestCategoryItem TestCategory="PositiveTest" />
      </TestCategory>
      <Execution id="3aba829f-77f5-4570-b575-93df7be60ef7" />
      <TestMethod codeBase="/codebuild/output/src2181318594/src/Kiwibank-kb-cap-beb3aadf75d6f51b6f04b4454d78e6dc8b8b86bc/services/payments-orchestrator/src/Testings.Integration.Mocked/bin/Release/net8.0/Kiwibank.Payments.PaymentsOrchestrator.Testings.Integration.Mocked.dll" adapterTypeName="executor://mstestadapter/v2" className="Kiwibank.Payments.PaymentsOrchestrator.Testings.Integration.Mocked.TestFeatures.POrchAPITransferUltracsTMVFeature" name="POrchAPI_UltracsToTMV_Valid_Creditor_Code_Return_Success" />
    </UnitTest>
    <UnitTest name="POrchAPI_Middleware_Times_Out" storage="/codebuild/output/src2181318594/src/kiwibank-kb-cap-beb3aadf75d6f51b6f04b4454d78e6dc8b8b86bc/services/payments-orchestrator/src/testings.integration.mocked/bin/release/net8.0/kiwibank.payments.paymentsorchestrator.testings.integration.mocked.dll" id="f2684dfd-f53c-b5d2-96f0-3d700f9cbced">
      <TestCategory>
        <TestCategoryItem TestCategory="Outcome:L4ProcessPayment.UltracsUltracsTransfer" />
        <TestCategoryItem TestCategory="Process:L4ProcessPayment" />
      </TestCategory>
      <Execution id="1455adda-671f-48f1-b92e-610087be86c7" />
      <TestMethod codeBase="/codebuild/output/src2181318594/src/Kiwibank-kb-cap-beb3aadf75d6f51b6f04b4454d78e6dc8b8b86bc/services/payments-orchestrator/src/Testings.Integration.Mocked/bin/Release/net8.0/Kiwibank.Payments.PaymentsOrchestrator.Testings.Integration.Mocked.dll" adapterTypeName="executor://mstestadapter/v2" className="Kiwibank.Payments.PaymentsOrchestrator.Testings.Integration.Mocked.TestFeatures.POrchDownstreamServicesRetryAppropriatelyFeature" name="POrchAPI_Middleware_Times_Out" />
    </UnitTest>
    <UnitTest name="POrchAPI_TMVUltracs_Transfer_Invalid_Transfer_Reference_Return_Error (TRANSFER TO MR Test - 00,400,)" storage="/codebuild/output/src2181318594/src/kiwibank-kb-cap-beb3aadf75d6f51b6f04b4454d78e6dc8b8b86bc/services/payments-orchestrator/src/testings.integration.mocked/bin/release/net8.0/kiwibank.payments.paymentsorchestrator.testings.integration.mocked.dll" id="b6540edd-33a1-7fb7-59dd-c429fe9deaf1">
      <TestCategory>
        <TestCategoryItem TestCategory="POrchAPI" />
        <TestCategoryItem TestCategory="Process:L4ProcessPayment" />
        <TestCategoryItem TestCategory="NegativeTest" />
        <TestCategoryItem TestCategory="Outcome:L4ProcessPayment.UltracsUltracs" />
      </TestCategory>
      <Execution id="636f8558-1e5a-416a-b0d8-5f43d1d3bb74" />
      <TestMethod codeBase="/codebuild/output/src2181318594/src/Kiwibank-kb-cap-beb3aadf75d6f51b6f04b4454d78e6dc8b8b86bc/services/payments-orchestrator/src/Testings.Integration.Mocked/bin/Release/net8.0/Kiwibank.Payments.PaymentsOrchestrator.Testings.Integration.Mocked.dll" adapterTypeName="executor://mstestadapter/v2" className="Kiwibank.Payments.PaymentsOrchestrator.Testings.Integration.Mocked.TestFeatures.POrchTransferFieldValidationFeature" name="POrchAPI_TMVUltracs_Transfer_Invalid_Transfer_Reference_Return_Error" />
    </UnitTest>
    <UnitTest name="POrchAPI_Invalid_Currency_Return_Error (Random,400,)" storage="/codebuild/output/src2181318594/src/kiwibank-kb-cap-beb3aadf75d6f51b6f04b4454d78e6dc8b8b86bc/services/payments-orchestrator/src/testings.integration.mocked/bin/release/net8.0/kiwibank.payments.paymentsorchestrator.testings.integration.mocked.dll" id="321a1e37-ed3f-fdc1-45f5-8b14a2fd9d22">
      <TestCategory>
        <TestCategoryItem TestCategory="POrchAPI" />
        <TestCategoryItem TestCategory="Process:L4ProcessPayment" />
        <TestCategoryItem TestCategory="Outcome:L4ProcessPayment.UltracsUltracsTransfer" />
        <TestCategoryItem TestCategory="NegativeTest" />
      </TestCategory>
      <Execution id="ecf83111-eef2-44f5-9ba5-ccb43755664b" />
      <TestMethod codeBase="/codebuild/output/src2181318594/src/Kiwibank-kb-cap-beb3aadf75d6f51b6f04b4454d78e6dc8b8b86bc/services/payments-orchestrator/src/Testings.Integration.Mocked/bin/Release/net8.0/Kiwibank.Payments.PaymentsOrchestrator.Testings.Integration.Mocked.dll" adapterTypeName="executor://mstestadapter/v2" className="Kiwibank.Payments.PaymentsOrchestrator.Testings.Integration.Mocked.TestFeatures.POrchAPIFieldValidationFeature" name="POrchAPI_Invalid_Currency_Return_Error" />
    </UnitTest>
    <UnitTest name="POrchAPI_Transfer_Invalid_Debtor_Code_Return_Error (abcdefghijklmnsey,400,)" storage="/codebuild/output/src2181318594/src/kiwibank-kb-cap-beb3aadf75d6f51b6f04b4454d78e6dc8b8b86bc/services/payments-orchestrator/src/testings.integration.mocked/bin/release/net8.0/kiwibank.payments.paymentsorchestrator.testings.integration.mocked.dll" id="e03ebe14-51b2-e036-9a55-b41a897e8ee7">
      <TestCategory>
        <TestCategoryItem TestCategory="POrchAPI" />
        <TestCategoryItem TestCategory="Process:L4ProcessPayment" />
        <TestCategoryItem TestCategory="NegativeTest" />
        <TestCategoryItem TestCategory="Outcome:L4ProcessPayment.UltracsUltracs" />
      </TestCategory>
      <Execution id="30618e96-54ab-4513-ba03-de10863c66d5" />
      <TestMethod codeBase="/codebuild/output/src2181318594/src/Kiwibank-kb-cap-beb3aadf75d6f51b6f04b4454d78e6dc8b8b86bc/services/payments-orchestrator/src/Testings.Integration.Mocked/bin/Release/net8.0/Kiwibank.Payments.PaymentsOrchestrator.Testings.Integration.Mocked.dll" adapterTypeName="executor://mstestadapter/v2" className="Kiwibank.Payments.PaymentsOrchestrator.Testings.Integration.Mocked.TestFeatures.POrchTransferFieldValidationFeature" name="POrchAPI_Transfer_Invalid_Debtor_Code_Return_Error" />
    </UnitTest>
    <UnitTest name="POrchAPI_Negative_MiddleWare_Response_409 (InsufficientFundsError,409,)" storage="/codebuild/output/src2181318594/src/kiwibank-kb-cap-beb3aadf75d6f51b6f04b4454d78e6dc8b8b86bc/services/payments-orchestrator/src/testings.integration.mocked/bin/release/net8.0/kiwibank.payments.paymentsorchestrator.testings.integration.mocked.dll" id="f77ab445-72c1-9358-91c3-ed101d29fad1">
      <TestCategory>
        <TestCategoryItem TestCategory="POrchAPI" />
        <TestCategoryItem TestCategory="Process:L4ProcessPayment" />
        <TestCategoryItem TestCategory="Outcome:L4ProcessPayment.UltracsUltracsTransfer" />
        <TestCategoryItem TestCategory="NegativeTest" />
      </TestCategory>
      <Execution id="930b1cdb-c26e-4772-9807-9fc7d6ba7e75" />
      <TestMethod codeBase="/codebuild/output/src2181318594/src/Kiwibank-kb-cap-beb3aadf75d6f51b6f04b4454d78e6dc8b8b86bc/services/payments-orchestrator/src/Testings.Integration.Mocked/bin/Release/net8.0/Kiwibank.Payments.PaymentsOrchestrator.Testings.Integration.Mocked.dll" adapterTypeName="executor://mstestadapter/v2" className="Kiwibank.Payments.PaymentsOrchestrator.Testings.Integration.Mocked.TestFeatures.POrchAPIFeature" name="POrchAPI_Negative_MiddleWare_Response_409" />
    </UnitTest>
    <UnitTest name="POrchAPI_Negative_MiddleWare_Response_409 (UnknownError,500,)" storage="/codebuild/output/src2181318594/src/kiwibank-kb-cap-beb3aadf75d6f51b6f04b4454d78e6dc8b8b86bc/services/payments-orchestrator/src/testings.integration.mocked/bin/release/net8.0/kiwibank.payments.paymentsorchestrator.testings.integration.mocked.dll" id="72295e45-e674-1c99-e24a-c81a771d4fe0">
      <TestCategory>
        <TestCategoryItem TestCategory="POrchAPI" />
        <TestCategoryItem TestCategory="Process:L4ProcessPayment" />
        <TestCategoryItem TestCategory="Outcome:L4ProcessPayment.UltracsUltracsTransfer" />
        <TestCategoryItem TestCategory="NegativeTest" />
      </TestCategory>
      <Execution id="e0397ce2-71fa-43c9-af6e-c15fcb9824d2" />
      <TestMethod codeBase="/codebuild/output/src2181318594/src/Kiwibank-kb-cap-beb3aadf75d6f51b6f04b4454d78e6dc8b8b86bc/services/payments-orchestrator/src/Testings.Integration.Mocked/bin/Release/net8.0/Kiwibank.Payments.PaymentsOrchestrator.Testings.Integration.Mocked.dll" adapterTypeName="executor://mstestadapter/v2" className="Kiwibank.Payments.PaymentsOrchestrator.Testings.Integration.Mocked.TestFeatures.POrchAPIFeature" name="POrchAPI_Negative_MiddleWare_Response_409" />
    </UnitTest>
    <UnitTest name="POrchAPI_Various_Amounts_Return_Success_When_Below_Max (0.00,,)" storage="/codebuild/output/src2181318594/src/kiwibank-kb-cap-beb3aadf75d6f51b6f04b4454d78e6dc8b8b86bc/services/payments-orchestrator/src/testings.integration.mocked/bin/release/net8.0/kiwibank.payments.paymentsorchestrator.testings.integration.mocked.dll" id="4744d4ae-2521-b24e-d5ed-700cfccee5b6">
      <TestCategory>
        <TestCategoryItem TestCategory="POrchAPI" />
        <TestCategoryItem TestCategory="Process:L4ProcessPayment" />
        <TestCategoryItem TestCategory="Outcome:L4ProcessPayment.UltracsUltracsTransfer" />
      </TestCategory>
      <Execution id="8ecb3682-4ce5-4368-bf1d-e2883216a97b" />
      <TestMethod codeBase="/codebuild/output/src2181318594/src/Kiwibank-kb-cap-beb3aadf75d6f51b6f04b4454d78e6dc8b8b86bc/services/payments-orchestrator/src/Testings.Integration.Mocked/bin/Release/net8.0/Kiwibank.Payments.PaymentsOrchestrator.Testings.Integration.Mocked.dll" adapterTypeName="executor://mstestadapter/v2" className="Kiwibank.Payments.PaymentsOrchestrator.Testings.Integration.Mocked.TestFeatures.POrchAPIFeature" name="POrchAPI_Various_Amounts_Return_Success_When_Below_Max" />
    </UnitTest>
    <UnitTest name="POrchAPI_TMVToTMV_Valid_Creditor_Particulars_Return_Success (()+$*!;-/?:,201,)" storage="/codebuild/output/src2181318594/src/kiwibank-kb-cap-beb3aadf75d6f51b6f04b4454d78e6dc8b8b86bc/services/payments-orchestrator/src/testings.integration.mocked/bin/release/net8.0/kiwibank.payments.paymentsorchestrator.testings.integration.mocked.dll" id="72321927-3b83-84e2-bb23-4e4ef51fbf75">
      <TestCategory>
        <TestCategoryItem TestCategory="POrchAPI" />
        <TestCategoryItem TestCategory="PositiveTest" />
        <TestCategoryItem TestCategory="Process:L4ProcessPayment" />
        <TestCategoryItem TestCategory="Outcome:L4ProcessPayment.TmvTmvTransfer" />
        <TestCategoryItem TestCategory="EDB-MPS-IPC-REQ.01" />
      </TestCategory>
      <Execution id="804dedd5-26b2-4b84-9a87-c4d2683cd92b" />
      <TestMethod codeBase="/codebuild/output/src2181318594/src/Kiwibank-kb-cap-beb3aadf75d6f51b6f04b4454d78e6dc8b8b86bc/services/payments-orchestrator/src/Testings.Integration.Mocked/bin/Release/net8.0/Kiwibank.Payments.PaymentsOrchestrator.Testings.Integration.Mocked.dll" adapterTypeName="executor://mstestadapter/v2" className="Kiwibank.Payments.PaymentsOrchestrator.Testings.Integration.Mocked.TestFeatures.POrchAPITransferTmvTmvFeature" name="POrchAPI_TMVToTMV_Valid_Creditor_Particulars_Return_Success" />
    </UnitTest>
    <UnitTest name="POrchAPI_Transfer_Invalid_Debtor_Particulars_Return_Error (},400,)" storage="/codebuild/output/src2181318594/src/kiwibank-kb-cap-beb3aadf75d6f51b6f04b4454d78e6dc8b8b86bc/services/payments-orchestrator/src/testings.integration.mocked/bin/release/net8.0/kiwibank.payments.paymentsorchestrator.testings.integration.mocked.dll" id="b4944693-4056-da7f-f008-94659ea447c4">
      <TestCategory>
        <TestCategoryItem TestCategory="POrchAPI" />
        <TestCategoryItem TestCategory="Process:L4ProcessPayment" />
        <TestCategoryItem TestCategory="NegativeTest" />
        <TestCategoryItem TestCategory="Outcome:L4ProcessPayment.UltracsUltracs" />
      </TestCategory>
      <Execution id="0ac96331-6f1e-4aff-9ce8-c8176a4d8e97" />
      <TestMethod codeBase="/codebuild/output/src2181318594/src/Kiwibank-kb-cap-beb3aadf75d6f51b6f04b4454d78e6dc8b8b86bc/services/payments-orchestrator/src/Testings.Integration.Mocked/bin/Release/net8.0/Kiwibank.Payments.PaymentsOrchestrator.Testings.Integration.Mocked.dll" adapterTypeName="executor://mstestadapter/v2" className="Kiwibank.Payments.PaymentsOrchestrator.Testings.Integration.Mocked.TestFeatures.POrchTransferFieldValidationFeature" name="POrchAPI_Transfer_Invalid_Debtor_Particulars_Return_Error" />
    </UnitTest>
    <UnitTest name="POrchAPI_Invalid_Payee_Code_Return_Error (},400,)" storage="/codebuild/output/src2181318594/src/kiwibank-kb-cap-beb3aadf75d6f51b6f04b4454d78e6dc8b8b86bc/services/payments-orchestrator/src/testings.integration.mocked/bin/release/net8.0/kiwibank.payments.paymentsorchestrator.testings.integration.mocked.dll" id="bc26215c-221b-e92a-8858-77f541750414">
      <TestCategory>
        <TestCategoryItem TestCategory="POrchAPI" />
        <TestCategoryItem TestCategory="Process:L4ProcessPayment" />
        <TestCategoryItem TestCategory="Outcome:L4ProcessPayment.UltracsUltracsTransfer" />
        <TestCategoryItem TestCategory="NegativeTest" />
      </TestCategory>
      <Execution id="90c71f82-8ec4-4147-9a6f-1c3587e6f317" />
      <TestMethod codeBase="/codebuild/output/src2181318594/src/Kiwibank-kb-cap-beb3aadf75d6f51b6f04b4454d78e6dc8b8b86bc/services/payments-orchestrator/src/Testings.Integration.Mocked/bin/Release/net8.0/Kiwibank.Payments.PaymentsOrchestrator.Testings.Integration.Mocked.dll" adapterTypeName="executor://mstestadapter/v2" className="Kiwibank.Payments.PaymentsOrchestrator.Testings.Integration.Mocked.TestFeatures.POrchAPIFieldValidationFeature" name="POrchAPI_Invalid_Payee_Code_Return_Error" />
    </UnitTest>
    <UnitTest name="POrchAPI_TMVToTMV_Valid_Creditor_Reference_Return_Success (=@#_%,.,201,)" storage="/codebuild/output/src2181318594/src/kiwibank-kb-cap-beb3aadf75d6f51b6f04b4454d78e6dc8b8b86bc/services/payments-orchestrator/src/testings.integration.mocked/bin/release/net8.0/kiwibank.payments.paymentsorchestrator.testings.integration.mocked.dll" id="7416401c-ea0e-cc6d-9990-152626aa5d18">
      <TestCategory>
        <TestCategoryItem TestCategory="POrchAPI" />
        <TestCategoryItem TestCategory="PositiveTest" />
        <TestCategoryItem TestCategory="Process:L4ProcessPayment" />
        <TestCategoryItem TestCategory="Outcome:L4ProcessPayment.TmvTmvTransfer" />
        <TestCategoryItem TestCategory="EDB-MPS-IPC-REQ.01" />
      </TestCategory>
      <Execution id="d9ace298-1a4b-4e42-b379-9877c4a6964b" />
      <TestMethod codeBase="/codebuild/output/src2181318594/src/Kiwibank-kb-cap-beb3aadf75d6f51b6f04b4454d78e6dc8b8b86bc/services/payments-orchestrator/src/Testings.Integration.Mocked/bin/Release/net8.0/Kiwibank.Payments.PaymentsOrchestrator.Testings.Integration.Mocked.dll" adapterTypeName="executor://mstestadapter/v2" className="Kiwibank.Payments.PaymentsOrchestrator.Testings.Integration.Mocked.TestFeatures.POrchAPITransferTmvTmvFeature" name="POrchAPI_TMVToTMV_Valid_Creditor_Reference_Return_Success" />
    </UnitTest>
    <UnitTest name="POrchAPI_TMVUltracs_Transfer_Invalid_Transfer_Reference_Return_Error (TRANSFER TO MR Test  00,400,)" storage="/codebuild/output/src2181318594/src/kiwibank-kb-cap-beb3aadf75d6f51b6f04b4454d78e6dc8b8b86bc/services/payments-orchestrator/src/testings.integration.mocked/bin/release/net8.0/kiwibank.payments.paymentsorchestrator.testings.integration.mocked.dll" id="ca7de9fd-b635-9a89-8d2f-9d0eb6bc888b">
      <TestCategory>
        <TestCategoryItem TestCategory="POrchAPI" />
        <TestCategoryItem TestCategory="Process:L4ProcessPayment" />
        <TestCategoryItem TestCategory="NegativeTest" />
        <TestCategoryItem TestCategory="Outcome:L4ProcessPayment.UltracsUltracs" />
      </TestCategory>
      <Execution id="1fff1f3b-46d4-4006-a5fd-1569ad7ce285" />
      <TestMethod codeBase="/codebuild/output/src2181318594/src/Kiwibank-kb-cap-beb3aadf75d6f51b6f04b4454d78e6dc8b8b86bc/services/payments-orchestrator/src/Testings.Integration.Mocked/bin/Release/net8.0/Kiwibank.Payments.PaymentsOrchestrator.Testings.Integration.Mocked.dll" adapterTypeName="executor://mstestadapter/v2" className="Kiwibank.Payments.PaymentsOrchestrator.Testings.Integration.Mocked.TestFeatures.POrchTransferFieldValidationFeature" name="POrchAPI_TMVUltracs_Transfer_Invalid_Transfer_Reference_Return_Error" />
    </UnitTest>
    <UnitTest name="POrchAPI_Transfer_Invalid_Access_Number_Field_Return_Error (testValue,400,)" storage="/codebuild/output/src2181318594/src/kiwibank-kb-cap-beb3aadf75d6f51b6f04b4454d78e6dc8b8b86bc/services/payments-orchestrator/src/testings.integration.mocked/bin/release/net8.0/kiwibank.payments.paymentsorchestrator.testings.integration.mocked.dll" id="65bae37c-f475-9189-ca2c-8a760a3f92ff">
      <TestCategory>
        <TestCategoryItem TestCategory="POrchAPI" />
        <TestCategoryItem TestCategory="Process:L4ProcessPayment" />
        <TestCategoryItem TestCategory="NegativeTest" />
        <TestCategoryItem TestCategory="Outcome:L4ProcessPayment.UltracsUltracs" />
      </TestCategory>
      <Execution id="08d362ec-f9bd-4077-a9eb-5ded81b1e942" />
      <TestMethod codeBase="/codebuild/output/src2181318594/src/Kiwibank-kb-cap-beb3aadf75d6f51b6f04b4454d78e6dc8b8b86bc/services/payments-orchestrator/src/Testings.Integration.Mocked/bin/Release/net8.0/Kiwibank.Payments.PaymentsOrchestrator.Testings.Integration.Mocked.dll" adapterTypeName="executor://mstestadapter/v2" className="Kiwibank.Payments.PaymentsOrchestrator.Testings.Integration.Mocked.TestFeatures.POrchTransferFieldValidationFeature" name="POrchAPI_Transfer_Invalid_Access_Number_Field_Return_Error" />
    </UnitTest>
    <UnitTest name="POrchAPI_Transfer_Invalid_Debit_Account_Return_Error (1200000000000000,400,)" storage="/codebuild/output/src2181318594/src/kiwibank-kb-cap-beb3aadf75d6f51b6f04b4454d78e6dc8b8b86bc/services/payments-orchestrator/src/testings.integration.mocked/bin/release/net8.0/kiwibank.payments.paymentsorchestrator.testings.integration.mocked.dll" id="478f3d78-10b6-28a4-5366-966921546be8">
      <TestCategory>
        <TestCategoryItem TestCategory="POrchAPI" />
        <TestCategoryItem TestCategory="Process:L4ProcessPayment" />
        <TestCategoryItem TestCategory="NegativeTest" />
        <TestCategoryItem TestCategory="Outcome:L4ProcessPayment.UltracsUltracs" />
      </TestCategory>
      <Execution id="7375f639-20b3-4c79-bc7e-91df50297e69" />
      <TestMethod codeBase="/codebuild/output/src2181318594/src/Kiwibank-kb-cap-beb3aadf75d6f51b6f04b4454d78e6dc8b8b86bc/services/payments-orchestrator/src/Testings.Integration.Mocked/bin/Release/net8.0/Kiwibank.Payments.PaymentsOrchestrator.Testings.Integration.Mocked.dll" adapterTypeName="executor://mstestadapter/v2" className="Kiwibank.Payments.PaymentsOrchestrator.Testings.Integration.Mocked.TestFeatures.POrchTransferFieldValidationFeature" name="POrchAPI_Transfer_Invalid_Debit_Account_Return_Error" />
    </UnitTest>
    <UnitTest name="POrchAPI_UltracsToTMV_Valid_Debtor_Reference_Return_Success (=@#_%,.,201,)" storage="/codebuild/output/src2181318594/src/kiwibank-kb-cap-beb3aadf75d6f51b6f04b4454d78e6dc8b8b86bc/services/payments-orchestrator/src/testings.integration.mocked/bin/release/net8.0/kiwibank.payments.paymentsorchestrator.testings.integration.mocked.dll" id="dcb661a8-080d-71c7-db9e-f900984a04d7">
      <TestCategory>
        <TestCategoryItem TestCategory="EDB-MPS-IPC-REQ.02" />
        <TestCategoryItem TestCategory="POrchAPI" />
        <TestCategoryItem TestCategory="Outcome:L4ProcessPayment.UltracsTmvTransfer" />
        <TestCategoryItem TestCategory="Process:L4ProcessPayment" />
        <TestCategoryItem TestCategory="PositiveTest" />
      </TestCategory>
      <Execution id="fbd25cc9-ee61-45f8-b6fa-0b04a614a907" />
      <TestMethod codeBase="/codebuild/output/src2181318594/src/Kiwibank-kb-cap-beb3aadf75d6f51b6f04b4454d78e6dc8b8b86bc/services/payments-orchestrator/src/Testings.Integration.Mocked/bin/Release/net8.0/Kiwibank.Payments.PaymentsOrchestrator.Testings.Integration.Mocked.dll" adapterTypeName="executor://mstestadapter/v2" className="Kiwibank.Payments.PaymentsOrchestrator.Testings.Integration.Mocked.TestFeatures.POrchAPITransferUltracsTMVFeature" name="POrchAPI_UltracsToTMV_Valid_Debtor_Reference_Return_Success" />
    </UnitTest>
    <UnitTest name="POrchAPI_Middleware_Retries_Correctly (503,201,)" storage="/codebuild/output/src2181318594/src/kiwibank-kb-cap-beb3aadf75d6f51b6f04b4454d78e6dc8b8b86bc/services/payments-orchestrator/src/testings.integration.mocked/bin/release/net8.0/kiwibank.payments.paymentsorchestrator.testings.integration.mocked.dll" id="ae49b406-a129-4a99-756f-9445e7e0bcb8">
      <TestCategory>
        <TestCategoryItem TestCategory="scenarioTest" />
        <TestCategoryItem TestCategory="Process:L4ProcessPayment" />
        <TestCategoryItem TestCategory="Outcome:L4ProcessPayment.UltracsUltracsTransfer" />
      </TestCategory>
      <Execution id="18cbc141-4caf-442c-812f-6cfc8d0c6562" />
      <TestMethod codeBase="/codebuild/output/src2181318594/src/Kiwibank-kb-cap-beb3aadf75d6f51b6f04b4454d78e6dc8b8b86bc/services/payments-orchestrator/src/Testings.Integration.Mocked/bin/Release/net8.0/Kiwibank.Payments.PaymentsOrchestrator.Testings.Integration.Mocked.dll" adapterTypeName="executor://mstestadapter/v2" className="Kiwibank.Payments.PaymentsOrchestrator.Testings.Integration.Mocked.TestFeatures.POrchDownstreamServicesRetryAppropriatelyFeature" name="POrchAPI_Middleware_Retries_Correctly" />
    </UnitTest>
    <UnitTest name="POrchAPI_Invalid_Credit_Account_Return_Error (38231234562856345,400,)" storage="/codebuild/output/src2181318594/src/kiwibank-kb-cap-beb3aadf75d6f51b6f04b4454d78e6dc8b8b86bc/services/payments-orchestrator/src/testings.integration.mocked/bin/release/net8.0/kiwibank.payments.paymentsorchestrator.testings.integration.mocked.dll" id="e050b393-98d3-94ce-7c71-c1e2257cc835">
      <TestCategory>
        <TestCategoryItem TestCategory="POrchAPI" />
        <TestCategoryItem TestCategory="Process:L4ProcessPayment" />
        <TestCategoryItem TestCategory="Outcome:L4ProcessPayment.UltracsUltracsTransfer" />
        <TestCategoryItem TestCategory="NegativeTest" />
      </TestCategory>
      <Execution id="561e0182-3687-40f5-94df-5213a75b93f3" />
      <TestMethod codeBase="/codebuild/output/src2181318594/src/Kiwibank-kb-cap-beb3aadf75d6f51b6f04b4454d78e6dc8b8b86bc/services/payments-orchestrator/src/Testings.Integration.Mocked/bin/Release/net8.0/Kiwibank.Payments.PaymentsOrchestrator.Testings.Integration.Mocked.dll" adapterTypeName="executor://mstestadapter/v2" className="Kiwibank.Payments.PaymentsOrchestrator.Testings.Integration.Mocked.TestFeatures.POrchAPIFieldValidationFeature" name="POrchAPI_Invalid_Credit_Account_Return_Error" />
    </UnitTest>
    <UnitTest name="POrchAPI_TMVToUltracs_Valid_Debtor_Particulars_Return_Success (()+$*!;-/?:,201,)" storage="/codebuild/output/src2181318594/src/kiwibank-kb-cap-beb3aadf75d6f51b6f04b4454d78e6dc8b8b86bc/services/payments-orchestrator/src/testings.integration.mocked/bin/release/net8.0/kiwibank.payments.paymentsorchestrator.testings.integration.mocked.dll" id="ee755468-4bdc-15d4-aa8b-4fc09225ec87">
      <TestCategory>
        <TestCategoryItem TestCategory="EDB-MPS-IPC-REQ.02" />
        <TestCategoryItem TestCategory="POrchAPI" />
        <TestCategoryItem TestCategory="Process:L4ProcessPayment" />
        <TestCategoryItem TestCategory="PositiveTest" />
        <TestCategoryItem TestCategory="Outcome:L4ProcessPayment.TmvUltracsTransfer" />
      </TestCategory>
      <Execution id="8f2ff9b9-9551-4a23-9c7f-f95efabe7530" />
      <TestMethod codeBase="/codebuild/output/src2181318594/src/Kiwibank-kb-cap-beb3aadf75d6f51b6f04b4454d78e6dc8b8b86bc/services/payments-orchestrator/src/Testings.Integration.Mocked/bin/Release/net8.0/Kiwibank.Payments.PaymentsOrchestrator.Testings.Integration.Mocked.dll" adapterTypeName="executor://mstestadapter/v2" className="Kiwibank.Payments.PaymentsOrchestrator.Testings.Integration.Mocked.TestFeatures.POrchAPITransferTMVUltracsFeature" name="POrchAPI_TMVToUltracs_Valid_Debtor_Particulars_Return_Success" />
    </UnitTest>
    <UnitTest name="POrchAPI_Transfer_Invalid_Creditor_Particulars_Return_Error (abcdefghijklmnsey,400,)" storage="/codebuild/output/src2181318594/src/kiwibank-kb-cap-beb3aadf75d6f51b6f04b4454d78e6dc8b8b86bc/services/payments-orchestrator/src/testings.integration.mocked/bin/release/net8.0/kiwibank.payments.paymentsorchestrator.testings.integration.mocked.dll" id="4c10f3c4-fd8c-41f9-b944-356e748b698a">
      <TestCategory>
        <TestCategoryItem TestCategory="POrchAPI" />
        <TestCategoryItem TestCategory="Process:L4ProcessPayment" />
        <TestCategoryItem TestCategory="NegativeTest" />
        <TestCategoryItem TestCategory="Outcome:L4ProcessPayment.UltracsUltracs" />
      </TestCategory>
      <Execution id="8c058f78-2c40-4f9c-b9d9-6891b9d4fdf2" />
      <TestMethod codeBase="/codebuild/output/src2181318594/src/Kiwibank-kb-cap-beb3aadf75d6f51b6f04b4454d78e6dc8b8b86bc/services/payments-orchestrator/src/Testings.Integration.Mocked/bin/Release/net8.0/Kiwibank.Payments.PaymentsOrchestrator.Testings.Integration.Mocked.dll" adapterTypeName="executor://mstestadapter/v2" className="Kiwibank.Payments.PaymentsOrchestrator.Testings.Integration.Mocked.TestFeatures.POrchTransferFieldValidationFeature" name="POrchAPI_Transfer_Invalid_Creditor_Particulars_Return_Error" />
    </UnitTest>
    <UnitTest name="POrchAPI_Transfer_Invalid_Amount_Field_Return_Error (testAmount,400,)" storage="/codebuild/output/src2181318594/src/kiwibank-kb-cap-beb3aadf75d6f51b6f04b4454d78e6dc8b8b86bc/services/payments-orchestrator/src/testings.integration.mocked/bin/release/net8.0/kiwibank.payments.paymentsorchestrator.testings.integration.mocked.dll" id="e7d2e063-5684-48de-cbd6-388356d5f6fc">
      <TestCategory>
        <TestCategoryItem TestCategory="POrchAPI" />
        <TestCategoryItem TestCategory="Process:L4ProcessPayment" />
        <TestCategoryItem TestCategory="NegativeTest" />
        <TestCategoryItem TestCategory="Outcome:L4ProcessPayment.UltracsUltracs" />
      </TestCategory>
      <Execution id="a8e627ca-5342-43fc-ae9d-738235a612bb" />
      <TestMethod codeBase="/codebuild/output/src2181318594/src/Kiwibank-kb-cap-beb3aadf75d6f51b6f04b4454d78e6dc8b8b86bc/services/payments-orchestrator/src/Testings.Integration.Mocked/bin/Release/net8.0/Kiwibank.Payments.PaymentsOrchestrator.Testings.Integration.Mocked.dll" adapterTypeName="executor://mstestadapter/v2" className="Kiwibank.Payments.PaymentsOrchestrator.Testings.Integration.Mocked.TestFeatures.POrchTransferFieldValidationFeature" name="POrchAPI_Transfer_Invalid_Amount_Field_Return_Error" />
    </UnitTest>
    <UnitTest name="POrchAPI_UltracsToTMV_Negative_MiddleWare_Response_409 (InsufficientFundsError,409,)" storage="/codebuild/output/src2181318594/src/kiwibank-kb-cap-beb3aadf75d6f51b6f04b4454d78e6dc8b8b86bc/services/payments-orchestrator/src/testings.integration.mocked/bin/release/net8.0/kiwibank.payments.paymentsorchestrator.testings.integration.mocked.dll" id="9ed9400e-36e7-5296-9ea5-358c22b526a5">
      <TestCategory>
        <TestCategoryItem TestCategory="POrchAPI" />
        <TestCategoryItem TestCategory="Outcome:L4ProcessPayment.UltracsTmvTransfer" />
        <TestCategoryItem TestCategory="Process:L4ProcessPayment" />
        <TestCategoryItem TestCategory="NegativeTest" />
        <TestCategoryItem TestCategory="EDB-MPS-IPC-REQ.04" />
      </TestCategory>
      <Execution id="d53d7f85-c1e9-46c7-b12e-3ff78bd16ac8" />
      <TestMethod codeBase="/codebuild/output/src2181318594/src/Kiwibank-kb-cap-beb3aadf75d6f51b6f04b4454d78e6dc8b8b86bc/services/payments-orchestrator/src/Testings.Integration.Mocked/bin/Release/net8.0/Kiwibank.Payments.PaymentsOrchestrator.Testings.Integration.Mocked.dll" adapterTypeName="executor://mstestadapter/v2" className="Kiwibank.Payments.PaymentsOrchestrator.Testings.Integration.Mocked.TestFeatures.POrchAPITransferUltracsTMVFeature" name="POrchAPI_UltracsToTMV_Negative_MiddleWare_Response_409" />
    </UnitTest>
    <UnitTest name="POrchAPI_Negative_MiddleWare_Response_409 (AccountIdentificationInsufficientError,409,)" storage="/codebuild/output/src2181318594/src/kiwibank-kb-cap-beb3aadf75d6f51b6f04b4454d78e6dc8b8b86bc/services/payments-orchestrator/src/testings.integration.mocked/bin/release/net8.0/kiwibank.payments.paymentsorchestrator.testings.integration.mocked.dll" id="23b19723-4ec5-2db0-0284-22ee74c1872a">
      <TestCategory>
        <TestCategoryItem TestCategory="POrchAPI" />
        <TestCategoryItem TestCategory="Process:L4ProcessPayment" />
        <TestCategoryItem TestCategory="Outcome:L4ProcessPayment.UltracsUltracsTransfer" />
        <TestCategoryItem TestCategory="NegativeTest" />
      </TestCategory>
      <Execution id="e75c580b-87bd-487f-a9ea-80b89fd1f531" />
      <TestMethod codeBase="/codebuild/output/src2181318594/src/Kiwibank-kb-cap-beb3aadf75d6f51b6f04b4454d78e6dc8b8b86bc/services/payments-orchestrator/src/Testings.Integration.Mocked/bin/Release/net8.0/Kiwibank.Payments.PaymentsOrchestrator.Testings.Integration.Mocked.dll" adapterTypeName="executor://mstestadapter/v2" className="Kiwibank.Payments.PaymentsOrchestrator.Testings.Integration.Mocked.TestFeatures.POrchAPIFeature" name="POrchAPI_Negative_MiddleWare_Response_409" />
    </UnitTest>
    <UnitTest name="POrchAPI_Transfer_Invalid_Currency_Return_Error (AUD,400,)" storage="/codebuild/output/src2181318594/src/kiwibank-kb-cap-beb3aadf75d6f51b6f04b4454d78e6dc8b8b86bc/services/payments-orchestrator/src/testings.integration.mocked/bin/release/net8.0/kiwibank.payments.paymentsorchestrator.testings.integration.mocked.dll" id="aea9dbb7-f7b6-b4e5-e721-553a69502aed">
      <TestCategory>
        <TestCategoryItem TestCategory="POrchAPI" />
        <TestCategoryItem TestCategory="Process:L4ProcessPayment" />
        <TestCategoryItem TestCategory="NegativeTest" />
        <TestCategoryItem TestCategory="Outcome:L4ProcessPayment.UltracsUltracs" />
      </TestCategory>
      <Execution id="efeeb204-e20b-4dd2-a008-30c73b78ab59" />
      <TestMethod codeBase="/codebuild/output/src2181318594/src/Kiwibank-kb-cap-beb3aadf75d6f51b6f04b4454d78e6dc8b8b86bc/services/payments-orchestrator/src/Testings.Integration.Mocked/bin/Release/net8.0/Kiwibank.Payments.PaymentsOrchestrator.Testings.Integration.Mocked.dll" adapterTypeName="executor://mstestadapter/v2" className="Kiwibank.Payments.PaymentsOrchestrator.Testings.Integration.Mocked.TestFeatures.POrchTransferFieldValidationFeature" name="POrchAPI_Transfer_Invalid_Currency_Return_Error" />
    </UnitTest>
    <UnitTest name="POrchAPI_TMVToTMV_Valid_Creditor_Code_Return_Success (()+$*!;-/?:,201,)" storage="/codebuild/output/src2181318594/src/kiwibank-kb-cap-beb3aadf75d6f51b6f04b4454d78e6dc8b8b86bc/services/payments-orchestrator/src/testings.integration.mocked/bin/release/net8.0/kiwibank.payments.paymentsorchestrator.testings.integration.mocked.dll" id="5f5c9022-b4ac-a4d0-1be9-5e586da98280">
      <TestCategory>
        <TestCategoryItem TestCategory="POrchAPI" />
        <TestCategoryItem TestCategory="PositiveTest" />
        <TestCategoryItem TestCategory="Process:L4ProcessPayment" />
        <TestCategoryItem TestCategory="Outcome:L4ProcessPayment.TmvTmvTransfer" />
        <TestCategoryItem TestCategory="EDB-MPS-IPC-REQ.01" />
      </TestCategory>
      <Execution id="03f5c6aa-1c92-4b3b-9eff-b7736a860928" />
      <TestMethod codeBase="/codebuild/output/src2181318594/src/Kiwibank-kb-cap-beb3aadf75d6f51b6f04b4454d78e6dc8b8b86bc/services/payments-orchestrator/src/Testings.Integration.Mocked/bin/Release/net8.0/Kiwibank.Payments.PaymentsOrchestrator.Testings.Integration.Mocked.dll" adapterTypeName="executor://mstestadapter/v2" className="Kiwibank.Payments.PaymentsOrchestrator.Testings.Integration.Mocked.TestFeatures.POrchAPITransferTmvTmvFeature" name="POrchAPI_TMVToTMV_Valid_Creditor_Code_Return_Success" />
    </UnitTest>
    <UnitTest name="POrchAPI_Idempotency_Multiple_Identical_Requests_Gives_409" storage="/codebuild/output/src2181318594/src/kiwibank-kb-cap-beb3aadf75d6f51b6f04b4454d78e6dc8b8b86bc/services/payments-orchestrator/src/testings.integration.mocked/bin/release/net8.0/kiwibank.payments.paymentsorchestrator.testings.integration.mocked.dll" id="5e0f1cfa-75f6-24c9-04dc-0016c4d99c0e">
      <TestCategory>
        <TestCategoryItem TestCategory="POrchAPI" />
        <TestCategoryItem TestCategory="Process:L4ProcessPayment" />
        <TestCategoryItem TestCategory="Outcome:L4ProcessPayment.UltracsUltracsTransfer" />
      </TestCategory>
      <Execution id="30550091-5860-4cf1-81a8-3981fdb825f7" />
      <TestMethod codeBase="/codebuild/output/src2181318594/src/Kiwibank-kb-cap-beb3aadf75d6f51b6f04b4454d78e6dc8b8b86bc/services/payments-orchestrator/src/Testings.Integration.Mocked/bin/Release/net8.0/Kiwibank.Payments.PaymentsOrchestrator.Testings.Integration.Mocked.dll" adapterTypeName="executor://mstestadapter/v2" className="Kiwibank.Payments.PaymentsOrchestrator.Testings.Integration.Mocked.TestFeatures.POrchAPIFeature" name="POrchAPI_Idempotency_Multiple_Identical_Requests_Gives_409" />
    </UnitTest>
    <UnitTest name="POrchAPI_Other_Middleware_Responses_Do_Not_Retry (UnknownError,500,)" storage="/codebuild/output/src2181318594/src/kiwibank-kb-cap-beb3aadf75d6f51b6f04b4454d78e6dc8b8b86bc/services/payments-orchestrator/src/testings.integration.mocked/bin/release/net8.0/kiwibank.payments.paymentsorchestrator.testings.integration.mocked.dll" id="9949895d-04f1-c413-02a3-f5fbc14f55ed">
      <TestCategory>
        <TestCategoryItem TestCategory="scenarioTest" />
        <TestCategoryItem TestCategory="Process:L4ProcessPayment" />
        <TestCategoryItem TestCategory="Outcome:L4ProcessPayment.UltracsUltracsTransfer" />
      </TestCategory>
      <Execution id="b4a06ba0-e241-4e77-a173-5bc6dfd477ea" />
      <TestMethod codeBase="/codebuild/output/src2181318594/src/Kiwibank-kb-cap-beb3aadf75d6f51b6f04b4454d78e6dc8b8b86bc/services/payments-orchestrator/src/Testings.Integration.Mocked/bin/Release/net8.0/Kiwibank.Payments.PaymentsOrchestrator.Testings.Integration.Mocked.dll" adapterTypeName="executor://mstestadapter/v2" className="Kiwibank.Payments.PaymentsOrchestrator.Testings.Integration.Mocked.TestFeatures.POrchDownstreamServicesRetryAppropriatelyFeature" name="POrchAPI_Other_Middleware_Responses_Do_Not_Retry" />
    </UnitTest>
    <UnitTest name="POrchAPI_Invalid_Debtor_Particulars_Return_Error (abcdefghijklmnsey,400,)" storage="/codebuild/output/src2181318594/src/kiwibank-kb-cap-beb3aadf75d6f51b6f04b4454d78e6dc8b8b86bc/services/payments-orchestrator/src/testings.integration.mocked/bin/release/net8.0/kiwibank.payments.paymentsorchestrator.testings.integration.mocked.dll" id="67b89cf1-9fd9-82c6-35df-146c899a8938">
      <TestCategory>
        <TestCategoryItem TestCategory="POrchAPI" />
        <TestCategoryItem TestCategory="Process:L4ProcessPayment" />
        <TestCategoryItem TestCategory="Outcome:L4ProcessPayment.UltracsUltracsTransfer" />
        <TestCategoryItem TestCategory="NegativeTest" />
      </TestCategory>
      <Execution id="47879d25-046d-42ed-922d-cab716af29a3" />
      <TestMethod codeBase="/codebuild/output/src2181318594/src/Kiwibank-kb-cap-beb3aadf75d6f51b6f04b4454d78e6dc8b8b86bc/services/payments-orchestrator/src/Testings.Integration.Mocked/bin/Release/net8.0/Kiwibank.Payments.PaymentsOrchestrator.Testings.Integration.Mocked.dll" adapterTypeName="executor://mstestadapter/v2" className="Kiwibank.Payments.PaymentsOrchestrator.Testings.Integration.Mocked.TestFeatures.POrchAPIFieldValidationFeature" name="POrchAPI_Invalid_Debtor_Particulars_Return_Error" />
    </UnitTest>
    <UnitTest name="POrchAPI_Negative_FraudCheck_Response_Close_Middleware_409 (Decline,409,)" storage="/codebuild/output/src2181318594/src/kiwibank-kb-cap-beb3aadf75d6f51b6f04b4454d78e6dc8b8b86bc/services/payments-orchestrator/src/testings.integration.mocked/bin/release/net8.0/kiwibank.payments.paymentsorchestrator.testings.integration.mocked.dll" id="01acd6f1-ea71-38f7-18ae-626b04ac3478">
      <TestCategory>
        <TestCategoryItem TestCategory="POrchAPI" />
        <TestCategoryItem TestCategory="Process:L4ProcessPayment" />
        <TestCategoryItem TestCategory="Outcome:L4ProcessPayment.UltracsUltracsTransfer" />
        <TestCategoryItem TestCategory="NegativeTest" />
      </TestCategory>
      <Execution id="58721519-6fc8-4a7b-bfbd-a616b0d7c8d1" />
      <TestMethod codeBase="/codebuild/output/src2181318594/src/Kiwibank-kb-cap-beb3aadf75d6f51b6f04b4454d78e6dc8b8b86bc/services/payments-orchestrator/src/Testings.Integration.Mocked/bin/Release/net8.0/Kiwibank.Payments.PaymentsOrchestrator.Testings.Integration.Mocked.dll" adapterTypeName="executor://mstestadapter/v2" className="Kiwibank.Payments.PaymentsOrchestrator.Testings.Integration.Mocked.TestFeatures.POrchAPIFeature" name="POrchAPI_Negative_FraudCheck_Response_Close_Middleware_409" />
    </UnitTest>
    <UnitTest name="POrchAPI_Negative_MiddleWare_Response_409 (WithdrawalNotPermittedError,409,)" storage="/codebuild/output/src2181318594/src/kiwibank-kb-cap-beb3aadf75d6f51b6f04b4454d78e6dc8b8b86bc/services/payments-orchestrator/src/testings.integration.mocked/bin/release/net8.0/kiwibank.payments.paymentsorchestrator.testings.integration.mocked.dll" id="50e25875-2c25-fb3c-95d0-d87b9191fafb">
      <TestCategory>
        <TestCategoryItem TestCategory="POrchAPI" />
        <TestCategoryItem TestCategory="Process:L4ProcessPayment" />
        <TestCategoryItem TestCategory="Outcome:L4ProcessPayment.UltracsUltracsTransfer" />
        <TestCategoryItem TestCategory="NegativeTest" />
      </TestCategory>
      <Execution id="150df723-f9b3-4dbe-ad32-9551cd215aa7" />
      <TestMethod codeBase="/codebuild/output/src2181318594/src/Kiwibank-kb-cap-beb3aadf75d6f51b6f04b4454d78e6dc8b8b86bc/services/payments-orchestrator/src/Testings.Integration.Mocked/bin/Release/net8.0/Kiwibank.Payments.PaymentsOrchestrator.Testings.Integration.Mocked.dll" adapterTypeName="executor://mstestadapter/v2" className="Kiwibank.Payments.PaymentsOrchestrator.Testings.Integration.Mocked.TestFeatures.POrchAPIFeature" name="POrchAPI_Negative_MiddleWare_Response_409" />
    </UnitTest>
    <UnitTest name="POrchAPI_Fraud_Retries (504,,)" storage="/codebuild/output/src2181318594/src/kiwibank-kb-cap-beb3aadf75d6f51b6f04b4454d78e6dc8b8b86bc/services/payments-orchestrator/src/testings.integration.mocked/bin/release/net8.0/kiwibank.payments.paymentsorchestrator.testings.integration.mocked.dll" id="d5d0ad9c-ccbe-06a9-b9aa-ca9f6c51210e">
      <TestCategory>
        <TestCategoryItem TestCategory="scenarioTest" />
        <TestCategoryItem TestCategory="Process:L4ProcessPayment" />
        <TestCategoryItem TestCategory="Outcome:L4ProcessPayment.UltracsUltracsTransfer" />
      </TestCategory>
      <Execution id="afbc3418-08fb-49d9-993d-611cb44d467c" />
      <TestMethod codeBase="/codebuild/output/src2181318594/src/Kiwibank-kb-cap-beb3aadf75d6f51b6f04b4454d78e6dc8b8b86bc/services/payments-orchestrator/src/Testings.Integration.Mocked/bin/Release/net8.0/Kiwibank.Payments.PaymentsOrchestrator.Testings.Integration.Mocked.dll" adapterTypeName="executor://mstestadapter/v2" className="Kiwibank.Payments.PaymentsOrchestrator.Testings.Integration.Mocked.TestFeatures.POrchDownstreamServicesRetryAppropriatelyFeature" name="POrchAPI_Fraud_Retries" />
    </UnitTest>
    <UnitTest name="POrchAPI_Transfer_Invalid_Debtor_Code_Return_Error (\,400,)" storage="/codebuild/output/src2181318594/src/kiwibank-kb-cap-beb3aadf75d6f51b6f04b4454d78e6dc8b8b86bc/services/payments-orchestrator/src/testings.integration.mocked/bin/release/net8.0/kiwibank.payments.paymentsorchestrator.testings.integration.mocked.dll" id="06644832-0720-9f66-794e-34617103e056">
      <TestCategory>
        <TestCategoryItem TestCategory="POrchAPI" />
        <TestCategoryItem TestCategory="Process:L4ProcessPayment" />
        <TestCategoryItem TestCategory="NegativeTest" />
        <TestCategoryItem TestCategory="Outcome:L4ProcessPayment.UltracsUltracs" />
      </TestCategory>
      <Execution id="eaa34f45-12ca-4c43-a1e4-0a163bd0f29f" />
      <TestMethod codeBase="/codebuild/output/src2181318594/src/Kiwibank-kb-cap-beb3aadf75d6f51b6f04b4454d78e6dc8b8b86bc/services/payments-orchestrator/src/Testings.Integration.Mocked/bin/Release/net8.0/Kiwibank.Payments.PaymentsOrchestrator.Testings.Integration.Mocked.dll" adapterTypeName="executor://mstestadapter/v2" className="Kiwibank.Payments.PaymentsOrchestrator.Testings.Integration.Mocked.TestFeatures.POrchTransferFieldValidationFeature" name="POrchAPI_Transfer_Invalid_Debtor_Code_Return_Error" />
    </UnitTest>
    <UnitTest name="POrchAPI_UltracsToTMV_Negative_MiddleWare_Response_409 (ClosedAccountError,409,)" storage="/codebuild/output/src2181318594/src/kiwibank-kb-cap-beb3aadf75d6f51b6f04b4454d78e6dc8b8b86bc/services/payments-orchestrator/src/testings.integration.mocked/bin/release/net8.0/kiwibank.payments.paymentsorchestrator.testings.integration.mocked.dll" id="e0c97504-1436-a1ed-d7df-2c297bbad90c">
      <TestCategory>
        <TestCategoryItem TestCategory="POrchAPI" />
        <TestCategoryItem TestCategory="Outcome:L4ProcessPayment.UltracsTmvTransfer" />
        <TestCategoryItem TestCategory="Process:L4ProcessPayment" />
        <TestCategoryItem TestCategory="NegativeTest" />
        <TestCategoryItem TestCategory="EDB-MPS-IPC-REQ.04" />
      </TestCategory>
      <Execution id="69321422-b2ed-4240-9e0b-576c921507eb" />
      <TestMethod codeBase="/codebuild/output/src2181318594/src/Kiwibank-kb-cap-beb3aadf75d6f51b6f04b4454d78e6dc8b8b86bc/services/payments-orchestrator/src/Testings.Integration.Mocked/bin/Release/net8.0/Kiwibank.Payments.PaymentsOrchestrator.Testings.Integration.Mocked.dll" adapterTypeName="executor://mstestadapter/v2" className="Kiwibank.Payments.PaymentsOrchestrator.Testings.Integration.Mocked.TestFeatures.POrchAPITransferUltracsTMVFeature" name="POrchAPI_UltracsToTMV_Negative_MiddleWare_Response_409" />
    </UnitTest>
    <UnitTest name="POrchAPI_Middleware_Retries_Correctly (500 with body,201,)" storage="/codebuild/output/src2181318594/src/kiwibank-kb-cap-beb3aadf75d6f51b6f04b4454d78e6dc8b8b86bc/services/payments-orchestrator/src/testings.integration.mocked/bin/release/net8.0/kiwibank.payments.paymentsorchestrator.testings.integration.mocked.dll" id="ced0770e-b901-4274-885a-59ff4d76a8a9">
      <TestCategory>
        <TestCategoryItem TestCategory="scenarioTest" />
        <TestCategoryItem TestCategory="Process:L4ProcessPayment" />
        <TestCategoryItem TestCategory="Outcome:L4ProcessPayment.UltracsUltracsTransfer" />
      </TestCategory>
      <Execution id="62cf7253-4eef-40fa-8cee-7456b78c7e85" />
      <TestMethod codeBase="/codebuild/output/src2181318594/src/Kiwibank-kb-cap-beb3aadf75d6f51b6f04b4454d78e6dc8b8b86bc/services/payments-orchestrator/src/Testings.Integration.Mocked/bin/Release/net8.0/Kiwibank.Payments.PaymentsOrchestrator.Testings.Integration.Mocked.dll" adapterTypeName="executor://mstestadapter/v2" className="Kiwibank.Payments.PaymentsOrchestrator.Testings.Integration.Mocked.TestFeatures.POrchDownstreamServicesRetryAppropriatelyFeature" name="POrchAPI_Middleware_Retries_Correctly" />
    </UnitTest>
    <UnitTest name="POrchAPI_Idempotency_Successful_Request_Gives_201_For_Same_Idempotency_Combo" storage="/codebuild/output/src2181318594/src/kiwibank-kb-cap-beb3aadf75d6f51b6f04b4454d78e6dc8b8b86bc/services/payments-orchestrator/src/testings.integration.mocked/bin/release/net8.0/kiwibank.payments.paymentsorchestrator.testings.integration.mocked.dll" id="41ca75c3-6259-05b8-285b-4f5ddad16486">
      <TestCategory>
        <TestCategoryItem TestCategory="POrchAPI" />
        <TestCategoryItem TestCategory="Process:L4ProcessPayment" />
        <TestCategoryItem TestCategory="Outcome:L4ProcessPayment.UltracsUltracsTransfer" />
      </TestCategory>
      <Execution id="e9d86090-fbd4-462e-b627-77e9ccc3f372" />
      <TestMethod codeBase="/codebuild/output/src2181318594/src/Kiwibank-kb-cap-beb3aadf75d6f51b6f04b4454d78e6dc8b8b86bc/services/payments-orchestrator/src/Testings.Integration.Mocked/bin/Release/net8.0/Kiwibank.Payments.PaymentsOrchestrator.Testings.Integration.Mocked.dll" adapterTypeName="executor://mstestadapter/v2" className="Kiwibank.Payments.PaymentsOrchestrator.Testings.Integration.Mocked.TestFeatures.POrchAPIFeature" name="POrchAPI_Idempotency_Successful_Request_Gives_201_For_Same_Idempotency_Combo" />
    </UnitTest>
    <UnitTest name="POrchAPI_Invalid_Debtor_Reference_Return_Error (\,400,)" storage="/codebuild/output/src2181318594/src/kiwibank-kb-cap-beb3aadf75d6f51b6f04b4454d78e6dc8b8b86bc/services/payments-orchestrator/src/testings.integration.mocked/bin/release/net8.0/kiwibank.payments.paymentsorchestrator.testings.integration.mocked.dll" id="50ca2893-6404-dd2c-fb98-40482ee17ad2">
      <TestCategory>
        <TestCategoryItem TestCategory="POrchAPI" />
        <TestCategoryItem TestCategory="Process:L4ProcessPayment" />
        <TestCategoryItem TestCategory="Outcome:L4ProcessPayment.UltracsUltracsTransfer" />
        <TestCategoryItem TestCategory="NegativeTest" />
      </TestCategory>
      <Execution id="8eca4e61-db40-4880-a77f-5806d15a3eca" />
      <TestMethod codeBase="/codebuild/output/src2181318594/src/Kiwibank-kb-cap-beb3aadf75d6f51b6f04b4454d78e6dc8b8b86bc/services/payments-orchestrator/src/Testings.Integration.Mocked/bin/Release/net8.0/Kiwibank.Payments.PaymentsOrchestrator.Testings.Integration.Mocked.dll" adapterTypeName="executor://mstestadapter/v2" className="Kiwibank.Payments.PaymentsOrchestrator.Testings.Integration.Mocked.TestFeatures.POrchAPIFieldValidationFeature" name="POrchAPI_Invalid_Debtor_Reference_Return_Error" />
    </UnitTest>
    <UnitTest name="POrchAPI_TMVToUltracs_Valid_Creditor_Code_Return_Success (=@#_%,.,201,)" storage="/codebuild/output/src2181318594/src/kiwibank-kb-cap-beb3aadf75d6f51b6f04b4454d78e6dc8b8b86bc/services/payments-orchestrator/src/testings.integration.mocked/bin/release/net8.0/kiwibank.payments.paymentsorchestrator.testings.integration.mocked.dll" id="903cd4f8-517c-7a37-07f4-921fbc9d361d">
      <TestCategory>
        <TestCategoryItem TestCategory="EDB-MPS-IPC-REQ.02" />
        <TestCategoryItem TestCategory="POrchAPI" />
        <TestCategoryItem TestCategory="Process:L4ProcessPayment" />
        <TestCategoryItem TestCategory="PositiveTest" />
        <TestCategoryItem TestCategory="Outcome:L4ProcessPayment.TmvUltracsTransfer" />
      </TestCategory>
      <Execution id="69236f6d-0571-4b61-bb79-55f471d17f3b" />
      <TestMethod codeBase="/codebuild/output/src2181318594/src/Kiwibank-kb-cap-beb3aadf75d6f51b6f04b4454d78e6dc8b8b86bc/services/payments-orchestrator/src/Testings.Integration.Mocked/bin/Release/net8.0/Kiwibank.Payments.PaymentsOrchestrator.Testings.Integration.Mocked.dll" adapterTypeName="executor://mstestadapter/v2" className="Kiwibank.Payments.PaymentsOrchestrator.Testings.Integration.Mocked.TestFeatures.POrchAPITransferTMVUltracsFeature" name="POrchAPI_TMVToUltracs_Valid_Creditor_Code_Return_Success" />
    </UnitTest>
    <UnitTest name="POrchAPI_Various_Amounts_Return_Error_When_Length_Exceeded (00000000000.01,,)" storage="/codebuild/output/src2181318594/src/kiwibank-kb-cap-beb3aadf75d6f51b6f04b4454d78e6dc8b8b86bc/services/payments-orchestrator/src/testings.integration.mocked/bin/release/net8.0/kiwibank.payments.paymentsorchestrator.testings.integration.mocked.dll" id="fcc87965-3b73-69f4-c122-fdfc94e1d8cb">
      <TestCategory>
        <TestCategoryItem TestCategory="POrchAPI" />
        <TestCategoryItem TestCategory="Process:L4ProcessPayment" />
        <TestCategoryItem TestCategory="Outcome:L4ProcessPayment.UltracsUltracsTransfer" />
      </TestCategory>
      <Execution id="fbebe2b2-72e9-453f-a735-c456eb742588" />
      <TestMethod codeBase="/codebuild/output/src2181318594/src/Kiwibank-kb-cap-beb3aadf75d6f51b6f04b4454d78e6dc8b8b86bc/services/payments-orchestrator/src/Testings.Integration.Mocked/bin/Release/net8.0/Kiwibank.Payments.PaymentsOrchestrator.Testings.Integration.Mocked.dll" adapterTypeName="executor://mstestadapter/v2" className="Kiwibank.Payments.PaymentsOrchestrator.Testings.Integration.Mocked.TestFeatures.POrchAPIFeature" name="POrchAPI_Various_Amounts_Return_Error_When_Length_Exceeded" />
    </UnitTest>
    <UnitTest name="POrchAPI_Transfer_Invalid_Creditor_Account_Source_Return_Error (&quot;&quot;,400,'CreditorAccountSource' can only be Ultracs or TMV for transfers.,)" storage="/codebuild/output/src2181318594/src/kiwibank-kb-cap-beb3aadf75d6f51b6f04b4454d78e6dc8b8b86bc/services/payments-orchestrator/src/testings.integration.mocked/bin/release/net8.0/kiwibank.payments.paymentsorchestrator.testings.integration.mocked.dll" id="84215482-1639-cb06-f54a-780c0a44f94d">
      <TestCategory>
        <TestCategoryItem TestCategory="POrchAPI" />
        <TestCategoryItem TestCategory="Process:L4ProcessPayment" />
        <TestCategoryItem TestCategory="NegativeTest" />
        <TestCategoryItem TestCategory="Outcome:L4ProcessPayment.UltracsUltracs" />
      </TestCategory>
      <Execution id="b0b6777f-82e0-4dae-ac35-74559665f921" />
      <TestMethod codeBase="/codebuild/output/src2181318594/src/Kiwibank-kb-cap-beb3aadf75d6f51b6f04b4454d78e6dc8b8b86bc/services/payments-orchestrator/src/Testings.Integration.Mocked/bin/Release/net8.0/Kiwibank.Payments.PaymentsOrchestrator.Testings.Integration.Mocked.dll" adapterTypeName="executor://mstestadapter/v2" className="Kiwibank.Payments.PaymentsOrchestrator.Testings.Integration.Mocked.TestFeatures.POrchTransferFieldValidationFeature" name="POrchAPI_Transfer_Invalid_Creditor_Account_Source_Return_Error" />
    </UnitTest>
    <UnitTest name="POrchAPI_Valid_Creditor_Code_Return_Success (()+$*!;-/?:,201,)" storage="/codebuild/output/src2181318594/src/kiwibank-kb-cap-beb3aadf75d6f51b6f04b4454d78e6dc8b8b86bc/services/payments-orchestrator/src/testings.integration.mocked/bin/release/net8.0/kiwibank.payments.paymentsorchestrator.testings.integration.mocked.dll" id="3d87b9df-462b-a8e2-6ede-09a058082661">
      <TestCategory>
        <TestCategoryItem TestCategory="POrchAPI" />
        <TestCategoryItem TestCategory="Process:L4ProcessPayment" />
        <TestCategoryItem TestCategory="Outcome:L4ProcessPayment.UltracsUltracsTransfer" />
      </TestCategory>
      <Execution id="210aa2b0-5cf2-4842-b69f-add46bea9ed8" />
      <TestMethod codeBase="/codebuild/output/src2181318594/src/Kiwibank-kb-cap-beb3aadf75d6f51b6f04b4454d78e6dc8b8b86bc/services/payments-orchestrator/src/Testings.Integration.Mocked/bin/Release/net8.0/Kiwibank.Payments.PaymentsOrchestrator.Testings.Integration.Mocked.dll" adapterTypeName="executor://mstestadapter/v2" className="Kiwibank.Payments.PaymentsOrchestrator.Testings.Integration.Mocked.TestFeatures.POrchAPIFeature" name="POrchAPI_Valid_Creditor_Code_Return_Success" />
    </UnitTest>
    <UnitTest name="POrchNRT_Unsuccessful_Response_From_FraudCheck_Successful_From_NRT (Unknown,,)" storage="/codebuild/output/src2181318594/src/kiwibank-kb-cap-beb3aadf75d6f51b6f04b4454d78e6dc8b8b86bc/services/payments-orchestrator/src/testings.integration.mocked/bin/release/net8.0/kiwibank.payments.paymentsorchestrator.testings.integration.mocked.dll" id="1bd5fb5a-9e9f-97ad-4b8a-d3a892f44a91">
      <TestCategory>
        <TestCategoryItem TestCategory="POrchNRT" />
        <TestCategoryItem TestCategory="Process:L4ProcessPayment" />
        <TestCategoryItem TestCategory="Outcome:L4ProcessPayment.UltracsUltracsTransfer" />
      </TestCategory>
      <Execution id="b6f1033d-e862-48d7-9b34-a1ccfe2e8263" />
      <TestMethod codeBase="/codebuild/output/src2181318594/src/Kiwibank-kb-cap-beb3aadf75d6f51b6f04b4454d78e6dc8b8b86bc/services/payments-orchestrator/src/Testings.Integration.Mocked/bin/Release/net8.0/Kiwibank.Payments.PaymentsOrchestrator.Testings.Integration.Mocked.dll" adapterTypeName="executor://mstestadapter/v2" className="Kiwibank.Payments.PaymentsOrchestrator.Testings.Integration.Mocked.TestFeatures.POrchNRTFeature" name="POrchNRT_Unsuccessful_Response_From_FraudCheck_Successful_From_NRT" />
    </UnitTest>
    <UnitTest name="POrchAPI_Various_Amounts_Return_Error_When_Length_Exceeded (12345678901.11,,)" storage="/codebuild/output/src2181318594/src/kiwibank-kb-cap-beb3aadf75d6f51b6f04b4454d78e6dc8b8b86bc/services/payments-orchestrator/src/testings.integration.mocked/bin/release/net8.0/kiwibank.payments.paymentsorchestrator.testings.integration.mocked.dll" id="e960d17e-5a16-1088-2ab9-bd4cbfeb6051">
      <TestCategory>
        <TestCategoryItem TestCategory="POrchAPI" />
        <TestCategoryItem TestCategory="Process:L4ProcessPayment" />
        <TestCategoryItem TestCategory="Outcome:L4ProcessPayment.UltracsUltracsTransfer" />
      </TestCategory>
      <Execution id="f371ae39-91ec-4d0c-b773-9f2eee992d59" />
      <TestMethod codeBase="/codebuild/output/src2181318594/src/Kiwibank-kb-cap-beb3aadf75d6f51b6f04b4454d78e6dc8b8b86bc/services/payments-orchestrator/src/Testings.Integration.Mocked/bin/Release/net8.0/Kiwibank.Payments.PaymentsOrchestrator.Testings.Integration.Mocked.dll" adapterTypeName="executor://mstestadapter/v2" className="Kiwibank.Payments.PaymentsOrchestrator.Testings.Integration.Mocked.TestFeatures.POrchAPIFeature" name="POrchAPI_Various_Amounts_Return_Error_When_Length_Exceeded" />
    </UnitTest>
    <UnitTest name="POrchAPI_UltracsToTMV_Valid_Creditor_Code_Return_Success (()+$*!;-/?:,201,)" storage="/codebuild/output/src2181318594/src/kiwibank-kb-cap-beb3aadf75d6f51b6f04b4454d78e6dc8b8b86bc/services/payments-orchestrator/src/testings.integration.mocked/bin/release/net8.0/kiwibank.payments.paymentsorchestrator.testings.integration.mocked.dll" id="01a614b6-dddf-0daf-b823-0fab31c9f504">
      <TestCategory>
        <TestCategoryItem TestCategory="EDB-MPS-IPC-REQ.02" />
        <TestCategoryItem TestCategory="POrchAPI" />
        <TestCategoryItem TestCategory="Outcome:L4ProcessPayment.UltracsTmvTransfer" />
        <TestCategoryItem TestCategory="Process:L4ProcessPayment" />
        <TestCategoryItem TestCategory="PositiveTest" />
      </TestCategory>
      <Execution id="82616774-6c87-4be6-b74c-a02db1314736" />
      <TestMethod codeBase="/codebuild/output/src2181318594/src/Kiwibank-kb-cap-beb3aadf75d6f51b6f04b4454d78e6dc8b8b86bc/services/payments-orchestrator/src/Testings.Integration.Mocked/bin/Release/net8.0/Kiwibank.Payments.PaymentsOrchestrator.Testings.Integration.Mocked.dll" adapterTypeName="executor://mstestadapter/v2" className="Kiwibank.Payments.PaymentsOrchestrator.Testings.Integration.Mocked.TestFeatures.POrchAPITransferUltracsTMVFeature" name="POrchAPI_UltracsToTMV_Valid_Creditor_Code_Return_Success" />
    </UnitTest>
    <UnitTest name="POrchAPI_TMVToTMV_Valid_Debtor_Particulars_Return_Success (()+$*!;-/?:,201,)" storage="/codebuild/output/src2181318594/src/kiwibank-kb-cap-beb3aadf75d6f51b6f04b4454d78e6dc8b8b86bc/services/payments-orchestrator/src/testings.integration.mocked/bin/release/net8.0/kiwibank.payments.paymentsorchestrator.testings.integration.mocked.dll" id="3dbdba1a-6fd0-35a0-1845-7a9d5e1b5f0c">
      <TestCategory>
        <TestCategoryItem TestCategory="POrchAPI" />
        <TestCategoryItem TestCategory="PositiveTest" />
        <TestCategoryItem TestCategory="Process:L4ProcessPayment" />
        <TestCategoryItem TestCategory="Outcome:L4ProcessPayment.TmvTmvTransfer" />
        <TestCategoryItem TestCategory="EDB-MPS-IPC-REQ.01" />
      </TestCategory>
      <Execution id="df677c4d-159b-44ae-8ebb-84548bd35b84" />
      <TestMethod codeBase="/codebuild/output/src2181318594/src/Kiwibank-kb-cap-beb3aadf75d6f51b6f04b4454d78e6dc8b8b86bc/services/payments-orchestrator/src/Testings.Integration.Mocked/bin/Release/net8.0/Kiwibank.Payments.PaymentsOrchestrator.Testings.Integration.Mocked.dll" adapterTypeName="executor://mstestadapter/v2" className="Kiwibank.Payments.PaymentsOrchestrator.Testings.Integration.Mocked.TestFeatures.POrchAPITransferTmvTmvFeature" name="POrchAPI_TMVToTMV_Valid_Debtor_Particulars_Return_Success" />
    </UnitTest>
    <UnitTest name="POrchAPI_Various_Amounts_Return_Success_When_Below_Max (0000000001.11,,)" storage="/codebuild/output/src2181318594/src/kiwibank-kb-cap-beb3aadf75d6f51b6f04b4454d78e6dc8b8b86bc/services/payments-orchestrator/src/testings.integration.mocked/bin/release/net8.0/kiwibank.payments.paymentsorchestrator.testings.integration.mocked.dll" id="706ab6ba-2b51-b9db-cf4d-e95f5e95f91d">
      <TestCategory>
        <TestCategoryItem TestCategory="POrchAPI" />
        <TestCategoryItem TestCategory="Process:L4ProcessPayment" />
        <TestCategoryItem TestCategory="Outcome:L4ProcessPayment.UltracsUltracsTransfer" />
      </TestCategory>
      <Execution id="997164c0-a597-4d2c-94a5-2ad716d1ce31" />
      <TestMethod codeBase="/codebuild/output/src2181318594/src/Kiwibank-kb-cap-beb3aadf75d6f51b6f04b4454d78e6dc8b8b86bc/services/payments-orchestrator/src/Testings.Integration.Mocked/bin/Release/net8.0/Kiwibank.Payments.PaymentsOrchestrator.Testings.Integration.Mocked.dll" adapterTypeName="executor://mstestadapter/v2" className="Kiwibank.Payments.PaymentsOrchestrator.Testings.Integration.Mocked.TestFeatures.POrchAPIFeature" name="POrchAPI_Various_Amounts_Return_Success_When_Below_Max" />
    </UnitTest>
    <UnitTest name="POrchAPI_Invalid_Debtor_Code_Return_Error (},400,)" storage="/codebuild/output/src2181318594/src/kiwibank-kb-cap-beb3aadf75d6f51b6f04b4454d78e6dc8b8b86bc/services/payments-orchestrator/src/testings.integration.mocked/bin/release/net8.0/kiwibank.payments.paymentsorchestrator.testings.integration.mocked.dll" id="55967ab3-f02b-24cf-715e-447550358823">
      <TestCategory>
        <TestCategoryItem TestCategory="POrchAPI" />
        <TestCategoryItem TestCategory="Process:L4ProcessPayment" />
        <TestCategoryItem TestCategory="Outcome:L4ProcessPayment.UltracsUltracsTransfer" />
        <TestCategoryItem TestCategory="NegativeTest" />
      </TestCategory>
      <Execution id="91b88eaa-2f50-43f3-adb1-94329aa04bb1" />
      <TestMethod codeBase="/codebuild/output/src2181318594/src/Kiwibank-kb-cap-beb3aadf75d6f51b6f04b4454d78e6dc8b8b86bc/services/payments-orchestrator/src/Testings.Integration.Mocked/bin/Release/net8.0/Kiwibank.Payments.PaymentsOrchestrator.Testings.Integration.Mocked.dll" adapterTypeName="executor://mstestadapter/v2" className="Kiwibank.Payments.PaymentsOrchestrator.Testings.Integration.Mocked.TestFeatures.POrchAPIFieldValidationFeature" name="POrchAPI_Invalid_Debtor_Code_Return_Error" />
    </UnitTest>
    <UnitTest name="POrchAPI_Transfer_Invalid_Debtor_Account_Source_Return_Error (&quot;&quot;,400,'DebtorAccountSource' can only be Ultracs or TMV for transfers.,)" storage="/codebuild/output/src2181318594/src/kiwibank-kb-cap-beb3aadf75d6f51b6f04b4454d78e6dc8b8b86bc/services/payments-orchestrator/src/testings.integration.mocked/bin/release/net8.0/kiwibank.payments.paymentsorchestrator.testings.integration.mocked.dll" id="ea760280-3855-9de7-a46e-864928aef426">
      <TestCategory>
        <TestCategoryItem TestCategory="POrchAPI" />
        <TestCategoryItem TestCategory="Process:L4ProcessPayment" />
        <TestCategoryItem TestCategory="NegativeTest" />
        <TestCategoryItem TestCategory="Outcome:L4ProcessPayment.UltracsUltracs" />
      </TestCategory>
      <Execution id="7d3212be-657b-445f-8333-b11e8447eadc" />
      <TestMethod codeBase="/codebuild/output/src2181318594/src/Kiwibank-kb-cap-beb3aadf75d6f51b6f04b4454d78e6dc8b8b86bc/services/payments-orchestrator/src/Testings.Integration.Mocked/bin/Release/net8.0/Kiwibank.Payments.PaymentsOrchestrator.Testings.Integration.Mocked.dll" adapterTypeName="executor://mstestadapter/v2" className="Kiwibank.Payments.PaymentsOrchestrator.Testings.Integration.Mocked.TestFeatures.POrchTransferFieldValidationFeature" name="POrchAPI_Transfer_Invalid_Debtor_Account_Source_Return_Error" />
    </UnitTest>
    <UnitTest name="POrchAPI_Fraud_Retries (408,,)" storage="/codebuild/output/src2181318594/src/kiwibank-kb-cap-beb3aadf75d6f51b6f04b4454d78e6dc8b8b86bc/services/payments-orchestrator/src/testings.integration.mocked/bin/release/net8.0/kiwibank.payments.paymentsorchestrator.testings.integration.mocked.dll" id="a310d40e-f014-60e6-7b2c-ec53a7367fc9">
      <TestCategory>
        <TestCategoryItem TestCategory="scenarioTest" />
        <TestCategoryItem TestCategory="Process:L4ProcessPayment" />
        <TestCategoryItem TestCategory="Outcome:L4ProcessPayment.UltracsUltracsTransfer" />
      </TestCategory>
      <Execution id="f275d12b-c81d-4527-bf32-6f57da45e6e2" />
      <TestMethod codeBase="/codebuild/output/src2181318594/src/Kiwibank-kb-cap-beb3aadf75d6f51b6f04b4454d78e6dc8b8b86bc/services/payments-orchestrator/src/Testings.Integration.Mocked/bin/Release/net8.0/Kiwibank.Payments.PaymentsOrchestrator.Testings.Integration.Mocked.dll" adapterTypeName="executor://mstestadapter/v2" className="Kiwibank.Payments.PaymentsOrchestrator.Testings.Integration.Mocked.TestFeatures.POrchDownstreamServicesRetryAppropriatelyFeature" name="POrchAPI_Fraud_Retries" />
    </UnitTest>
    <UnitTest name="POrchAPI_Invalid_Creditor_Particulars_Return_Error (},400,)" storage="/codebuild/output/src2181318594/src/kiwibank-kb-cap-beb3aadf75d6f51b6f04b4454d78e6dc8b8b86bc/services/payments-orchestrator/src/testings.integration.mocked/bin/release/net8.0/kiwibank.payments.paymentsorchestrator.testings.integration.mocked.dll" id="10f869b5-3f94-9d9b-fca6-ae8470aff83f">
      <TestCategory>
        <TestCategoryItem TestCategory="POrchAPI" />
        <TestCategoryItem TestCategory="Process:L4ProcessPayment" />
        <TestCategoryItem TestCategory="Outcome:L4ProcessPayment.UltracsUltracsTransfer" />
        <TestCategoryItem TestCategory="NegativeTest" />
      </TestCategory>
      <Execution id="bfbc21be-3865-4f9d-b1d0-87f235b942bd" />
      <TestMethod codeBase="/codebuild/output/src2181318594/src/Kiwibank-kb-cap-beb3aadf75d6f51b6f04b4454d78e6dc8b8b86bc/services/payments-orchestrator/src/Testings.Integration.Mocked/bin/Release/net8.0/Kiwibank.Payments.PaymentsOrchestrator.Testings.Integration.Mocked.dll" adapterTypeName="executor://mstestadapter/v2" className="Kiwibank.Payments.PaymentsOrchestrator.Testings.Integration.Mocked.TestFeatures.POrchAPIFieldValidationFeature" name="POrchAPI_Invalid_Creditor_Particulars_Return_Error" />
    </UnitTest>
    <UnitTest name="POrchAPI_Invalid_Debit_Account_Return_Error (38231234562856345,400,)" storage="/codebuild/output/src2181318594/src/kiwibank-kb-cap-beb3aadf75d6f51b6f04b4454d78e6dc8b8b86bc/services/payments-orchestrator/src/testings.integration.mocked/bin/release/net8.0/kiwibank.payments.paymentsorchestrator.testings.integration.mocked.dll" id="cf8e917f-8493-b13d-e6de-2124749937b2">
      <TestCategory>
        <TestCategoryItem TestCategory="POrchAPI" />
        <TestCategoryItem TestCategory="Process:L4ProcessPayment" />
        <TestCategoryItem TestCategory="Outcome:L4ProcessPayment.UltracsUltracsTransfer" />
        <TestCategoryItem TestCategory="NegativeTest" />
      </TestCategory>
      <Execution id="9d23e45d-1abe-4a35-b088-8b4c0a9f563a" />
      <TestMethod codeBase="/codebuild/output/src2181318594/src/Kiwibank-kb-cap-beb3aadf75d6f51b6f04b4454d78e6dc8b8b86bc/services/payments-orchestrator/src/Testings.Integration.Mocked/bin/Release/net8.0/Kiwibank.Payments.PaymentsOrchestrator.Testings.Integration.Mocked.dll" adapterTypeName="executor://mstestadapter/v2" className="Kiwibank.Payments.PaymentsOrchestrator.Testings.Integration.Mocked.TestFeatures.POrchAPIFieldValidationFeature" name="POrchAPI_Invalid_Debit_Account_Return_Error" />
    </UnitTest>
    <UnitTest name="POrchAPI_PAS_Retries (408,,)" storage="/codebuild/output/src2181318594/src/kiwibank-kb-cap-beb3aadf75d6f51b6f04b4454d78e6dc8b8b86bc/services/payments-orchestrator/src/testings.integration.mocked/bin/release/net8.0/kiwibank.payments.paymentsorchestrator.testings.integration.mocked.dll" id="6e13db0b-eab0-62c7-9943-5f8d6499ceec">
      <TestCategory>
        <TestCategoryItem TestCategory="scenarioTest" />
        <TestCategoryItem TestCategory="Process:L4ProcessPayment" />
        <TestCategoryItem TestCategory="Outcome:L4ProcessPayment.UltracsUltracsTransfer" />
        <TestCategoryItem TestCategory="requestTest" />
      </TestCategory>
      <Execution id="cb061d4b-5995-4327-9a54-05b3a2463aa5" />
      <TestMethod codeBase="/codebuild/output/src2181318594/src/Kiwibank-kb-cap-beb3aadf75d6f51b6f04b4454d78e6dc8b8b86bc/services/payments-orchestrator/src/Testings.Integration.Mocked/bin/Release/net8.0/Kiwibank.Payments.PaymentsOrchestrator.Testings.Integration.Mocked.dll" adapterTypeName="executor://mstestadapter/v2" className="Kiwibank.Payments.PaymentsOrchestrator.Testings.Integration.Mocked.TestFeatures.POrchDownstreamServicesRetryAppropriatelyFeature" name="POrchAPI_PAS_Retries" />
    </UnitTest>
    <UnitTest name="POrchAPI_Invalid_Credit_Account_Return_Error (3800000000000000,400,)" storage="/codebuild/output/src2181318594/src/kiwibank-kb-cap-beb3aadf75d6f51b6f04b4454d78e6dc8b8b86bc/services/payments-orchestrator/src/testings.integration.mocked/bin/release/net8.0/kiwibank.payments.paymentsorchestrator.testings.integration.mocked.dll" id="a3c39b41-51e1-a78c-afd1-34265f9d4312">
      <TestCategory>
        <TestCategoryItem TestCategory="POrchAPI" />
        <TestCategoryItem TestCategory="Process:L4ProcessPayment" />
        <TestCategoryItem TestCategory="Outcome:L4ProcessPayment.UltracsUltracsTransfer" />
        <TestCategoryItem TestCategory="NegativeTest" />
      </TestCategory>
      <Execution id="68ba880f-22d1-43b2-9213-c397580ffe1b" />
      <TestMethod codeBase="/codebuild/output/src2181318594/src/Kiwibank-kb-cap-beb3aadf75d6f51b6f04b4454d78e6dc8b8b86bc/services/payments-orchestrator/src/Testings.Integration.Mocked/bin/Release/net8.0/Kiwibank.Payments.PaymentsOrchestrator.Testings.Integration.Mocked.dll" adapterTypeName="executor://mstestadapter/v2" className="Kiwibank.Payments.PaymentsOrchestrator.Testings.Integration.Mocked.TestFeatures.POrchAPIFieldValidationFeature" name="POrchAPI_Invalid_Credit_Account_Return_Error" />
    </UnitTest>
    <UnitTest name="POrchAPI_Fraud_Retries (502,,)" storage="/codebuild/output/src2181318594/src/kiwibank-kb-cap-beb3aadf75d6f51b6f04b4454d78e6dc8b8b86bc/services/payments-orchestrator/src/testings.integration.mocked/bin/release/net8.0/kiwibank.payments.paymentsorchestrator.testings.integration.mocked.dll" id="3d69c8e0-c71d-c253-b1df-d8f83d8df8e6">
      <TestCategory>
        <TestCategoryItem TestCategory="scenarioTest" />
        <TestCategoryItem TestCategory="Process:L4ProcessPayment" />
        <TestCategoryItem TestCategory="Outcome:L4ProcessPayment.UltracsUltracsTransfer" />
      </TestCategory>
      <Execution id="2800d386-5b73-4ac9-817a-510999e43fd7" />
      <TestMethod codeBase="/codebuild/output/src2181318594/src/Kiwibank-kb-cap-beb3aadf75d6f51b6f04b4454d78e6dc8b8b86bc/services/payments-orchestrator/src/Testings.Integration.Mocked/bin/Release/net8.0/Kiwibank.Payments.PaymentsOrchestrator.Testings.Integration.Mocked.dll" adapterTypeName="executor://mstestadapter/v2" className="Kiwibank.Payments.PaymentsOrchestrator.Testings.Integration.Mocked.TestFeatures.POrchDownstreamServicesRetryAppropriatelyFeature" name="POrchAPI_Fraud_Retries" />
    </UnitTest>
    <UnitTest name="POrchAPI_Various_Amounts_Return_Success_When_Below_Max (0000000000.11,,)" storage="/codebuild/output/src2181318594/src/kiwibank-kb-cap-beb3aadf75d6f51b6f04b4454d78e6dc8b8b86bc/services/payments-orchestrator/src/testings.integration.mocked/bin/release/net8.0/kiwibank.payments.paymentsorchestrator.testings.integration.mocked.dll" id="188ab1bc-d4b4-26df-945b-2f118c1675e7">
      <TestCategory>
        <TestCategoryItem TestCategory="POrchAPI" />
        <TestCategoryItem TestCategory="Process:L4ProcessPayment" />
        <TestCategoryItem TestCategory="Outcome:L4ProcessPayment.UltracsUltracsTransfer" />
      </TestCategory>
      <Execution id="4616610d-2a37-448c-b9b5-665722095784" />
      <TestMethod codeBase="/codebuild/output/src2181318594/src/Kiwibank-kb-cap-beb3aadf75d6f51b6f04b4454d78e6dc8b8b86bc/services/payments-orchestrator/src/Testings.Integration.Mocked/bin/Release/net8.0/Kiwibank.Payments.PaymentsOrchestrator.Testings.Integration.Mocked.dll" adapterTypeName="executor://mstestadapter/v2" className="Kiwibank.Payments.PaymentsOrchestrator.Testings.Integration.Mocked.TestFeatures.POrchAPIFeature" name="POrchAPI_Various_Amounts_Return_Success_When_Below_Max" />
    </UnitTest>
    <UnitTest name="POrchAPI_Invalid_Access_Number_Field_Return_Error (testValue,400,)" storage="/codebuild/output/src2181318594/src/kiwibank-kb-cap-beb3aadf75d6f51b6f04b4454d78e6dc8b8b86bc/services/payments-orchestrator/src/testings.integration.mocked/bin/release/net8.0/kiwibank.payments.paymentsorchestrator.testings.integration.mocked.dll" id="2c1e2f18-dfa5-3295-1131-b7430d488d2a">
      <TestCategory>
        <TestCategoryItem TestCategory="POrchAPI" />
        <TestCategoryItem TestCategory="Process:L4ProcessPayment" />
        <TestCategoryItem TestCategory="Outcome:L4ProcessPayment.UltracsUltracsTransfer" />
        <TestCategoryItem TestCategory="NegativeTest" />
      </TestCategory>
      <Execution id="55e20400-755d-4c8c-aaae-e67f58c7ac38" />
      <TestMethod codeBase="/codebuild/output/src2181318594/src/Kiwibank-kb-cap-beb3aadf75d6f51b6f04b4454d78e6dc8b8b86bc/services/payments-orchestrator/src/Testings.Integration.Mocked/bin/Release/net8.0/Kiwibank.Payments.PaymentsOrchestrator.Testings.Integration.Mocked.dll" adapterTypeName="executor://mstestadapter/v2" className="Kiwibank.Payments.PaymentsOrchestrator.Testings.Integration.Mocked.TestFeatures.POrchAPIFieldValidationFeature" name="POrchAPI_Invalid_Access_Number_Field_Return_Error" />
    </UnitTest>
    <UnitTest name="POrchAPI_UltracsToTMV_Negative_MiddleWare_Response_409 (AccountDetectionFailedError,409,)" storage="/codebuild/output/src2181318594/src/kiwibank-kb-cap-beb3aadf75d6f51b6f04b4454d78e6dc8b8b86bc/services/payments-orchestrator/src/testings.integration.mocked/bin/release/net8.0/kiwibank.payments.paymentsorchestrator.testings.integration.mocked.dll" id="e25d25bf-2450-37f1-6624-51c474e177b5">
      <TestCategory>
        <TestCategoryItem TestCategory="POrchAPI" />
        <TestCategoryItem TestCategory="Outcome:L4ProcessPayment.UltracsTmvTransfer" />
        <TestCategoryItem TestCategory="Process:L4ProcessPayment" />
        <TestCategoryItem TestCategory="NegativeTest" />
        <TestCategoryItem TestCategory="EDB-MPS-IPC-REQ.04" />
      </TestCategory>
      <Execution id="1addcdcf-8cbc-41a2-a99f-c9e5f0c2fb53" />
      <TestMethod codeBase="/codebuild/output/src2181318594/src/Kiwibank-kb-cap-beb3aadf75d6f51b6f04b4454d78e6dc8b8b86bc/services/payments-orchestrator/src/Testings.Integration.Mocked/bin/Release/net8.0/Kiwibank.Payments.PaymentsOrchestrator.Testings.Integration.Mocked.dll" adapterTypeName="executor://mstestadapter/v2" className="Kiwibank.Payments.PaymentsOrchestrator.Testings.Integration.Mocked.TestFeatures.POrchAPITransferUltracsTMVFeature" name="POrchAPI_UltracsToTMV_Negative_MiddleWare_Response_409" />
    </UnitTest>
    <UnitTest name="POrchAPI_Invalid_Creditor_Particulars_Return_Error (\,400,)" storage="/codebuild/output/src2181318594/src/kiwibank-kb-cap-beb3aadf75d6f51b6f04b4454d78e6dc8b8b86bc/services/payments-orchestrator/src/testings.integration.mocked/bin/release/net8.0/kiwibank.payments.paymentsorchestrator.testings.integration.mocked.dll" id="77b189ce-eb39-7c71-e2c3-21da24d1bcc0">
      <TestCategory>
        <TestCategoryItem TestCategory="POrchAPI" />
        <TestCategoryItem TestCategory="Process:L4ProcessPayment" />
        <TestCategoryItem TestCategory="Outcome:L4ProcessPayment.UltracsUltracsTransfer" />
        <TestCategoryItem TestCategory="NegativeTest" />
      </TestCategory>
      <Execution id="ddcdfd04-5b73-49f2-aca4-50a0931c2d69" />
      <TestMethod codeBase="/codebuild/output/src2181318594/src/Kiwibank-kb-cap-beb3aadf75d6f51b6f04b4454d78e6dc8b8b86bc/services/payments-orchestrator/src/Testings.Integration.Mocked/bin/Release/net8.0/Kiwibank.Payments.PaymentsOrchestrator.Testings.Integration.Mocked.dll" adapterTypeName="executor://mstestadapter/v2" className="Kiwibank.Payments.PaymentsOrchestrator.Testings.Integration.Mocked.TestFeatures.POrchAPIFieldValidationFeature" name="POrchAPI_Invalid_Creditor_Particulars_Return_Error" />
    </UnitTest>
    <UnitTest name="POrchAPI_Transfer_Invalid_Debtor_Code_Return_Error (},400,)" storage="/codebuild/output/src2181318594/src/kiwibank-kb-cap-beb3aadf75d6f51b6f04b4454d78e6dc8b8b86bc/services/payments-orchestrator/src/testings.integration.mocked/bin/release/net8.0/kiwibank.payments.paymentsorchestrator.testings.integration.mocked.dll" id="3546d9b7-4026-1f42-4d63-c78b4bd42ca5">
      <TestCategory>
        <TestCategoryItem TestCategory="POrchAPI" />
        <TestCategoryItem TestCategory="Process:L4ProcessPayment" />
        <TestCategoryItem TestCategory="NegativeTest" />
        <TestCategoryItem TestCategory="Outcome:L4ProcessPayment.UltracsUltracs" />
      </TestCategory>
      <Execution id="79618824-e562-4c60-8f86-8e68ad3b8790" />
      <TestMethod codeBase="/codebuild/output/src2181318594/src/Kiwibank-kb-cap-beb3aadf75d6f51b6f04b4454d78e6dc8b8b86bc/services/payments-orchestrator/src/Testings.Integration.Mocked/bin/Release/net8.0/Kiwibank.Payments.PaymentsOrchestrator.Testings.Integration.Mocked.dll" adapterTypeName="executor://mstestadapter/v2" className="Kiwibank.Payments.PaymentsOrchestrator.Testings.Integration.Mocked.TestFeatures.POrchTransferFieldValidationFeature" name="POrchAPI_Transfer_Invalid_Debtor_Code_Return_Error" />
    </UnitTest>
    <UnitTest name="POrchAPI_UltracsToTMV_Negative_MiddleWare_Response_409 (WithdrawalNotPermittedError,409,)" storage="/codebuild/output/src2181318594/src/kiwibank-kb-cap-beb3aadf75d6f51b6f04b4454d78e6dc8b8b86bc/services/payments-orchestrator/src/testings.integration.mocked/bin/release/net8.0/kiwibank.payments.paymentsorchestrator.testings.integration.mocked.dll" id="100430cd-6565-18f3-c294-373025ab087e">
      <TestCategory>
        <TestCategoryItem TestCategory="POrchAPI" />
        <TestCategoryItem TestCategory="Outcome:L4ProcessPayment.UltracsTmvTransfer" />
        <TestCategoryItem TestCategory="Process:L4ProcessPayment" />
        <TestCategoryItem TestCategory="NegativeTest" />
        <TestCategoryItem TestCategory="EDB-MPS-IPC-REQ.04" />
      </TestCategory>
      <Execution id="948655c8-f9f9-4cb0-8dfc-bf7a7ddfc35f" />
      <TestMethod codeBase="/codebuild/output/src2181318594/src/Kiwibank-kb-cap-beb3aadf75d6f51b6f04b4454d78e6dc8b8b86bc/services/payments-orchestrator/src/Testings.Integration.Mocked/bin/Release/net8.0/Kiwibank.Payments.PaymentsOrchestrator.Testings.Integration.Mocked.dll" adapterTypeName="executor://mstestadapter/v2" className="Kiwibank.Payments.PaymentsOrchestrator.Testings.Integration.Mocked.TestFeatures.POrchAPITransferUltracsTMVFeature" name="POrchAPI_UltracsToTMV_Negative_MiddleWare_Response_409" />
    </UnitTest>
    <UnitTest name="POrchAPI_Invalid_Debit_Account_Return_Error (abcdefghijklmnse,400,)" storage="/codebuild/output/src2181318594/src/kiwibank-kb-cap-beb3aadf75d6f51b6f04b4454d78e6dc8b8b86bc/services/payments-orchestrator/src/testings.integration.mocked/bin/release/net8.0/kiwibank.payments.paymentsorchestrator.testings.integration.mocked.dll" id="262a88e0-7eec-695a-5519-9da294723f05">
      <TestCategory>
        <TestCategoryItem TestCategory="POrchAPI" />
        <TestCategoryItem TestCategory="Process:L4ProcessPayment" />
        <TestCategoryItem TestCategory="Outcome:L4ProcessPayment.UltracsUltracsTransfer" />
        <TestCategoryItem TestCategory="NegativeTest" />
      </TestCategory>
      <Execution id="c57c638b-4c14-4d60-930f-eea44699287f" />
      <TestMethod codeBase="/codebuild/output/src2181318594/src/Kiwibank-kb-cap-beb3aadf75d6f51b6f04b4454d78e6dc8b8b86bc/services/payments-orchestrator/src/Testings.Integration.Mocked/bin/Release/net8.0/Kiwibank.Payments.PaymentsOrchestrator.Testings.Integration.Mocked.dll" adapterTypeName="executor://mstestadapter/v2" className="Kiwibank.Payments.PaymentsOrchestrator.Testings.Integration.Mocked.TestFeatures.POrchAPIFieldValidationFeature" name="POrchAPI_Invalid_Debit_Account_Return_Error" />
    </UnitTest>
    <UnitTest name="POrchAPI_UltracsToTMV_Valid_Debtor_Code_Return_Success (=@#_%,.,201,)" storage="/codebuild/output/src2181318594/src/kiwibank-kb-cap-beb3aadf75d6f51b6f04b4454d78e6dc8b8b86bc/services/payments-orchestrator/src/testings.integration.mocked/bin/release/net8.0/kiwibank.payments.paymentsorchestrator.testings.integration.mocked.dll" id="b9c9f4bb-12e2-f31d-1164-f61d3e0a5f5b">
      <TestCategory>
        <TestCategoryItem TestCategory="EDB-MPS-IPC-REQ.02" />
        <TestCategoryItem TestCategory="POrchAPI" />
        <TestCategoryItem TestCategory="Outcome:L4ProcessPayment.UltracsTmvTransfer" />
        <TestCategoryItem TestCategory="Process:L4ProcessPayment" />
        <TestCategoryItem TestCategory="PositiveTest" />
      </TestCategory>
      <Execution id="c728088f-1844-42dd-b400-5fea5b5ade3e" />
      <TestMethod codeBase="/codebuild/output/src2181318594/src/Kiwibank-kb-cap-beb3aadf75d6f51b6f04b4454d78e6dc8b8b86bc/services/payments-orchestrator/src/Testings.Integration.Mocked/bin/Release/net8.0/Kiwibank.Payments.PaymentsOrchestrator.Testings.Integration.Mocked.dll" adapterTypeName="executor://mstestadapter/v2" className="Kiwibank.Payments.PaymentsOrchestrator.Testings.Integration.Mocked.TestFeatures.POrchAPITransferUltracsTMVFeature" name="POrchAPI_UltracsToTMV_Valid_Debtor_Code_Return_Success" />
    </UnitTest>
    <UnitTest name="POrchAPI_Transfer_Invalid_Creditor_Code_Return_Error (\,400,)" storage="/codebuild/output/src2181318594/src/kiwibank-kb-cap-beb3aadf75d6f51b6f04b4454d78e6dc8b8b86bc/services/payments-orchestrator/src/testings.integration.mocked/bin/release/net8.0/kiwibank.payments.paymentsorchestrator.testings.integration.mocked.dll" id="550c4634-a435-f6fa-91e9-954fe692c2a9">
      <TestCategory>
        <TestCategoryItem TestCategory="POrchAPI" />
        <TestCategoryItem TestCategory="Process:L4ProcessPayment" />
        <TestCategoryItem TestCategory="NegativeTest" />
        <TestCategoryItem TestCategory="Outcome:L4ProcessPayment.UltracsUltracs" />
      </TestCategory>
      <Execution id="49b93fc3-d8b6-49ae-a282-96d1687805c5" />
      <TestMethod codeBase="/codebuild/output/src2181318594/src/Kiwibank-kb-cap-beb3aadf75d6f51b6f04b4454d78e6dc8b8b86bc/services/payments-orchestrator/src/Testings.Integration.Mocked/bin/Release/net8.0/Kiwibank.Payments.PaymentsOrchestrator.Testings.Integration.Mocked.dll" adapterTypeName="executor://mstestadapter/v2" className="Kiwibank.Payments.PaymentsOrchestrator.Testings.Integration.Mocked.TestFeatures.POrchTransferFieldValidationFeature" name="POrchAPI_Transfer_Invalid_Creditor_Code_Return_Error" />
    </UnitTest>
    <UnitTest name="POrchAPI_Transfer_Invalid_Debtor_Account_Source_Return_Error (ULTRCS,400,'DebtorAccountSource' can only be Ultracs or TMV for transfers.,)" storage="/codebuild/output/src2181318594/src/kiwibank-kb-cap-beb3aadf75d6f51b6f04b4454d78e6dc8b8b86bc/services/payments-orchestrator/src/testings.integration.mocked/bin/release/net8.0/kiwibank.payments.paymentsorchestrator.testings.integration.mocked.dll" id="2fecca67-338e-25c3-05f8-daf7beebf1e8">
      <TestCategory>
        <TestCategoryItem TestCategory="POrchAPI" />
        <TestCategoryItem TestCategory="Process:L4ProcessPayment" />
        <TestCategoryItem TestCategory="NegativeTest" />
        <TestCategoryItem TestCategory="Outcome:L4ProcessPayment.UltracsUltracs" />
      </TestCategory>
      <Execution id="c98dd379-49c0-4787-8355-899dcff8305f" />
      <TestMethod codeBase="/codebuild/output/src2181318594/src/Kiwibank-kb-cap-beb3aadf75d6f51b6f04b4454d78e6dc8b8b86bc/services/payments-orchestrator/src/Testings.Integration.Mocked/bin/Release/net8.0/Kiwibank.Payments.PaymentsOrchestrator.Testings.Integration.Mocked.dll" adapterTypeName="executor://mstestadapter/v2" className="Kiwibank.Payments.PaymentsOrchestrator.Testings.Integration.Mocked.TestFeatures.POrchTransferFieldValidationFeature" name="POrchAPI_Transfer_Invalid_Debtor_Account_Source_Return_Error" />
    </UnitTest>
    <UnitTest name="POrchAPI_Invalid_Amount_Field_Return_Error (testAmount,400,)" storage="/codebuild/output/src2181318594/src/kiwibank-kb-cap-beb3aadf75d6f51b6f04b4454d78e6dc8b8b86bc/services/payments-orchestrator/src/testings.integration.mocked/bin/release/net8.0/kiwibank.payments.paymentsorchestrator.testings.integration.mocked.dll" id="775249f2-5313-8dc4-2a6f-e5ee207fa0a2">
      <TestCategory>
        <TestCategoryItem TestCategory="POrchAPI" />
        <TestCategoryItem TestCategory="Process:L4ProcessPayment" />
        <TestCategoryItem TestCategory="Outcome:L4ProcessPayment.UltracsUltracsTransfer" />
        <TestCategoryItem TestCategory="NegativeTest" />
      </TestCategory>
      <Execution id="321ff2bc-16c4-4d69-8ca3-85a2e904a63b" />
      <TestMethod codeBase="/codebuild/output/src2181318594/src/Kiwibank-kb-cap-beb3aadf75d6f51b6f04b4454d78e6dc8b8b86bc/services/payments-orchestrator/src/Testings.Integration.Mocked/bin/Release/net8.0/Kiwibank.Payments.PaymentsOrchestrator.Testings.Integration.Mocked.dll" adapterTypeName="executor://mstestadapter/v2" className="Kiwibank.Payments.PaymentsOrchestrator.Testings.Integration.Mocked.TestFeatures.POrchAPIFieldValidationFeature" name="POrchAPI_Invalid_Amount_Field_Return_Error" />
    </UnitTest>
    <UnitTest name="POrchAPI_Transfer_Invalid_Creditor_Reference_Return_Error (abcdefghijklmnsey,400,)" storage="/codebuild/output/src2181318594/src/kiwibank-kb-cap-beb3aadf75d6f51b6f04b4454d78e6dc8b8b86bc/services/payments-orchestrator/src/testings.integration.mocked/bin/release/net8.0/kiwibank.payments.paymentsorchestrator.testings.integration.mocked.dll" id="654ef9ea-1882-bb3a-85cf-3a634c0819fe">
      <TestCategory>
        <TestCategoryItem TestCategory="POrchAPI" />
        <TestCategoryItem TestCategory="Process:L4ProcessPayment" />
        <TestCategoryItem TestCategory="NegativeTest" />
        <TestCategoryItem TestCategory="Outcome:L4ProcessPayment.UltracsUltracs" />
      </TestCategory>
      <Execution id="7844548a-41ff-461b-8ab2-863807fa15d0" />
      <TestMethod codeBase="/codebuild/output/src2181318594/src/Kiwibank-kb-cap-beb3aadf75d6f51b6f04b4454d78e6dc8b8b86bc/services/payments-orchestrator/src/Testings.Integration.Mocked/bin/Release/net8.0/Kiwibank.Payments.PaymentsOrchestrator.Testings.Integration.Mocked.dll" adapterTypeName="executor://mstestadapter/v2" className="Kiwibank.Payments.PaymentsOrchestrator.Testings.Integration.Mocked.TestFeatures.POrchTransferFieldValidationFeature" name="POrchAPI_Transfer_Invalid_Creditor_Reference_Return_Error" />
    </UnitTest>
    <UnitTest name="POrchNRT_UnknownError_Response_From_POrch_Unsuccessful_From_NRT (PaymentNrtBadRequest,,)" storage="/codebuild/output/src2181318594/src/kiwibank-kb-cap-beb3aadf75d6f51b6f04b4454d78e6dc8b8b86bc/services/payments-orchestrator/src/testings.integration.mocked/bin/release/net8.0/kiwibank.payments.paymentsorchestrator.testings.integration.mocked.dll" id="40b05d2c-3508-4dea-d68b-5b8372859f2c">
      <TestCategory>
        <TestCategoryItem TestCategory="POrchNRT" />
        <TestCategoryItem TestCategory="negative" />
        <TestCategoryItem TestCategory="Process:L4ProcessPayment" />
        <TestCategoryItem TestCategory="Outcome:L4ProcessPayment.UltracsUltracsTransfer" />
      </TestCategory>
      <Execution id="df98b166-d101-4e6a-93fb-fa0daa3be0f8" />
      <TestMethod codeBase="/codebuild/output/src2181318594/src/Kiwibank-kb-cap-beb3aadf75d6f51b6f04b4454d78e6dc8b8b86bc/services/payments-orchestrator/src/Testings.Integration.Mocked/bin/Release/net8.0/Kiwibank.Payments.PaymentsOrchestrator.Testings.Integration.Mocked.dll" adapterTypeName="executor://mstestadapter/v2" className="Kiwibank.Payments.PaymentsOrchestrator.Testings.Integration.Mocked.TestFeatures.POrchNRTFeature" name="POrchNRT_UnknownError_Response_From_POrch_Unsuccessful_From_NRT" />
    </UnitTest>
    <UnitTest name="POrchAPI_TMVToTMV_Valid_Debtor_Code_Return_Success (=@#_%,.,201,)" storage="/codebuild/output/src2181318594/src/kiwibank-kb-cap-beb3aadf75d6f51b6f04b4454d78e6dc8b8b86bc/services/payments-orchestrator/src/testings.integration.mocked/bin/release/net8.0/kiwibank.payments.paymentsorchestrator.testings.integration.mocked.dll" id="730f96a6-2c95-70cd-5315-1cda5ab862b7">
      <TestCategory>
        <TestCategoryItem TestCategory="POrchAPI" />
        <TestCategoryItem TestCategory="PositiveTest" />
        <TestCategoryItem TestCategory="Process:L4ProcessPayment" />
        <TestCategoryItem TestCategory="Outcome:L4ProcessPayment.TmvTmvTransfer" />
        <TestCategoryItem TestCategory="EDB-MPS-IPC-REQ.01" />
      </TestCategory>
      <Execution id="16662089-d1e8-4693-8116-85d6aab973a6" />
      <TestMethod codeBase="/codebuild/output/src2181318594/src/Kiwibank-kb-cap-beb3aadf75d6f51b6f04b4454d78e6dc8b8b86bc/services/payments-orchestrator/src/Testings.Integration.Mocked/bin/Release/net8.0/Kiwibank.Payments.PaymentsOrchestrator.Testings.Integration.Mocked.dll" adapterTypeName="executor://mstestadapter/v2" className="Kiwibank.Payments.PaymentsOrchestrator.Testings.Integration.Mocked.TestFeatures.POrchAPITransferTmvTmvFeature" name="POrchAPI_TMVToTMV_Valid_Debtor_Code_Return_Success" />
    </UnitTest>
    <UnitTest name="POrchAPI_Fraud_Retries (503,,)" storage="/codebuild/output/src2181318594/src/kiwibank-kb-cap-beb3aadf75d6f51b6f04b4454d78e6dc8b8b86bc/services/payments-orchestrator/src/testings.integration.mocked/bin/release/net8.0/kiwibank.payments.paymentsorchestrator.testings.integration.mocked.dll" id="429a1c3b-e939-1746-62d9-442bf834c169">
      <TestCategory>
        <TestCategoryItem TestCategory="scenarioTest" />
        <TestCategoryItem TestCategory="Process:L4ProcessPayment" />
        <TestCategoryItem TestCategory="Outcome:L4ProcessPayment.UltracsUltracsTransfer" />
      </TestCategory>
      <Execution id="506fee0d-7d86-409f-a183-d9da693cc7e5" />
      <TestMethod codeBase="/codebuild/output/src2181318594/src/Kiwibank-kb-cap-beb3aadf75d6f51b6f04b4454d78e6dc8b8b86bc/services/payments-orchestrator/src/Testings.Integration.Mocked/bin/Release/net8.0/Kiwibank.Payments.PaymentsOrchestrator.Testings.Integration.Mocked.dll" adapterTypeName="executor://mstestadapter/v2" className="Kiwibank.Payments.PaymentsOrchestrator.Testings.Integration.Mocked.TestFeatures.POrchDownstreamServicesRetryAppropriatelyFeature" name="POrchAPI_Fraud_Retries" />
    </UnitTest>
    <UnitTest name="POrchAPI_Transfer_Invalid_Credit_Account_Return_Error (abcdefghijklmnse,400,)" storage="/codebuild/output/src2181318594/src/kiwibank-kb-cap-beb3aadf75d6f51b6f04b4454d78e6dc8b8b86bc/services/payments-orchestrator/src/testings.integration.mocked/bin/release/net8.0/kiwibank.payments.paymentsorchestrator.testings.integration.mocked.dll" id="3359bec4-f88f-6930-585f-325fb5905ea7">
      <TestCategory>
        <TestCategoryItem TestCategory="POrchAPI" />
        <TestCategoryItem TestCategory="Process:L4ProcessPayment" />
        <TestCategoryItem TestCategory="NegativeTest" />
        <TestCategoryItem TestCategory="Outcome:L4ProcessPayment.UltracsUltracs" />
      </TestCategory>
      <Execution id="6e797f42-25df-4be5-9bf8-b4c09c3d4b22" />
      <TestMethod codeBase="/codebuild/output/src2181318594/src/Kiwibank-kb-cap-beb3aadf75d6f51b6f04b4454d78e6dc8b8b86bc/services/payments-orchestrator/src/Testings.Integration.Mocked/bin/Release/net8.0/Kiwibank.Payments.PaymentsOrchestrator.Testings.Integration.Mocked.dll" adapterTypeName="executor://mstestadapter/v2" className="Kiwibank.Payments.PaymentsOrchestrator.Testings.Integration.Mocked.TestFeatures.POrchTransferFieldValidationFeature" name="POrchAPI_Transfer_Invalid_Credit_Account_Return_Error" />
    </UnitTest>
    <UnitTest name="POrchAPI_Fraud_Retries (500,,)" storage="/codebuild/output/src2181318594/src/kiwibank-kb-cap-beb3aadf75d6f51b6f04b4454d78e6dc8b8b86bc/services/payments-orchestrator/src/testings.integration.mocked/bin/release/net8.0/kiwibank.payments.paymentsorchestrator.testings.integration.mocked.dll" id="39bffd83-9007-e2f4-e442-04d0b842cdea">
      <TestCategory>
        <TestCategoryItem TestCategory="scenarioTest" />
        <TestCategoryItem TestCategory="Process:L4ProcessPayment" />
        <TestCategoryItem TestCategory="Outcome:L4ProcessPayment.UltracsUltracsTransfer" />
      </TestCategory>
      <Execution id="e96986b6-abdb-4d6a-8ba5-eddb1d63abd8" />
      <TestMethod codeBase="/codebuild/output/src2181318594/src/Kiwibank-kb-cap-beb3aadf75d6f51b6f04b4454d78e6dc8b8b86bc/services/payments-orchestrator/src/Testings.Integration.Mocked/bin/Release/net8.0/Kiwibank.Payments.PaymentsOrchestrator.Testings.Integration.Mocked.dll" adapterTypeName="executor://mstestadapter/v2" className="Kiwibank.Payments.PaymentsOrchestrator.Testings.Integration.Mocked.TestFeatures.POrchDownstreamServicesRetryAppropriatelyFeature" name="POrchAPI_Fraud_Retries" />
    </UnitTest>
    <UnitTest name="POrchNRT_Unsuccessful_Response_From_NRT (PaymentNrtUnauthorized,,)" storage="/codebuild/output/src2181318594/src/kiwibank-kb-cap-beb3aadf75d6f51b6f04b4454d78e6dc8b8b86bc/services/payments-orchestrator/src/testings.integration.mocked/bin/release/net8.0/kiwibank.payments.paymentsorchestrator.testings.integration.mocked.dll" id="d237d2eb-6f05-5bfd-e442-cd9c40ea90e7">
      <TestCategory>
        <TestCategoryItem TestCategory="POrchNRT" />
        <TestCategoryItem TestCategory="negative" />
        <TestCategoryItem TestCategory="Process:L4ProcessPayment" />
        <TestCategoryItem TestCategory="Outcome:L4ProcessPayment.UltracsUltracsTransfer" />
      </TestCategory>
      <Execution id="91b13ded-11e2-4cd3-8ca9-6b1bd56b6a8f" />
      <TestMethod codeBase="/codebuild/output/src2181318594/src/Kiwibank-kb-cap-beb3aadf75d6f51b6f04b4454d78e6dc8b8b86bc/services/payments-orchestrator/src/Testings.Integration.Mocked/bin/Release/net8.0/Kiwibank.Payments.PaymentsOrchestrator.Testings.Integration.Mocked.dll" adapterTypeName="executor://mstestadapter/v2" className="Kiwibank.Payments.PaymentsOrchestrator.Testings.Integration.Mocked.TestFeatures.POrchNRTFeature" name="POrchNRT_Unsuccessful_Response_From_NRT" />
    </UnitTest>
    <UnitTest name="POrchAPI_Transfer_Invalid_Currency_Return_Error (nzd,400,)" storage="/codebuild/output/src2181318594/src/kiwibank-kb-cap-beb3aadf75d6f51b6f04b4454d78e6dc8b8b86bc/services/payments-orchestrator/src/testings.integration.mocked/bin/release/net8.0/kiwibank.payments.paymentsorchestrator.testings.integration.mocked.dll" id="2acb2af8-f3fb-080e-8fda-e0eac2bb3f2e">
      <TestCategory>
        <TestCategoryItem TestCategory="POrchAPI" />
        <TestCategoryItem TestCategory="Process:L4ProcessPayment" />
        <TestCategoryItem TestCategory="NegativeTest" />
        <TestCategoryItem TestCategory="Outcome:L4ProcessPayment.UltracsUltracs" />
      </TestCategory>
      <Execution id="f9048179-9473-4e1b-97d2-9d5774e15817" />
      <TestMethod codeBase="/codebuild/output/src2181318594/src/Kiwibank-kb-cap-beb3aadf75d6f51b6f04b4454d78e6dc8b8b86bc/services/payments-orchestrator/src/Testings.Integration.Mocked/bin/Release/net8.0/Kiwibank.Payments.PaymentsOrchestrator.Testings.Integration.Mocked.dll" adapterTypeName="executor://mstestadapter/v2" className="Kiwibank.Payments.PaymentsOrchestrator.Testings.Integration.Mocked.TestFeatures.POrchTransferFieldValidationFeature" name="POrchAPI_Transfer_Invalid_Currency_Return_Error" />
    </UnitTest>
    <UnitTest name="POrchAPI_Transfer_Invalid_Creditor_Account_Source_Return_Error (TNV,400,'CreditorAccountSource' can only be Ultracs or TMV for transfers.,)" storage="/codebuild/output/src2181318594/src/kiwibank-kb-cap-beb3aadf75d6f51b6f04b4454d78e6dc8b8b86bc/services/payments-orchestrator/src/testings.integration.mocked/bin/release/net8.0/kiwibank.payments.paymentsorchestrator.testings.integration.mocked.dll" id="d474115b-5d44-792f-c0b3-6286fc08511c">
      <TestCategory>
        <TestCategoryItem TestCategory="POrchAPI" />
        <TestCategoryItem TestCategory="Process:L4ProcessPayment" />
        <TestCategoryItem TestCategory="NegativeTest" />
        <TestCategoryItem TestCategory="Outcome:L4ProcessPayment.UltracsUltracs" />
      </TestCategory>
      <Execution id="f16e6d9d-a279-4f53-8a4d-230b5c4a1df9" />
      <TestMethod codeBase="/codebuild/output/src2181318594/src/Kiwibank-kb-cap-beb3aadf75d6f51b6f04b4454d78e6dc8b8b86bc/services/payments-orchestrator/src/Testings.Integration.Mocked/bin/Release/net8.0/Kiwibank.Payments.PaymentsOrchestrator.Testings.Integration.Mocked.dll" adapterTypeName="executor://mstestadapter/v2" className="Kiwibank.Payments.PaymentsOrchestrator.Testings.Integration.Mocked.TestFeatures.POrchTransferFieldValidationFeature" name="POrchAPI_Transfer_Invalid_Creditor_Account_Source_Return_Error" />
    </UnitTest>
    <UnitTest name="POrchAPI_Negative_FraudCheck_Success_Middleware_Response (Unknown,201,)" storage="/codebuild/output/src2181318594/src/kiwibank-kb-cap-beb3aadf75d6f51b6f04b4454d78e6dc8b8b86bc/services/payments-orchestrator/src/testings.integration.mocked/bin/release/net8.0/kiwibank.payments.paymentsorchestrator.testings.integration.mocked.dll" id="8dc1d0ae-0d54-54ca-643f-2bdcb01eb030">
      <TestCategory>
        <TestCategoryItem TestCategory="POrchAPI" />
        <TestCategoryItem TestCategory="Process:L4ProcessPayment" />
        <TestCategoryItem TestCategory="Outcome:L4ProcessPayment.UltracsUltracsTransfer" />
      </TestCategory>
      <Execution id="2a8daf99-be46-4e3b-807a-a3f8499e0c81" />
      <TestMethod codeBase="/codebuild/output/src2181318594/src/Kiwibank-kb-cap-beb3aadf75d6f51b6f04b4454d78e6dc8b8b86bc/services/payments-orchestrator/src/Testings.Integration.Mocked/bin/Release/net8.0/Kiwibank.Payments.PaymentsOrchestrator.Testings.Integration.Mocked.dll" adapterTypeName="executor://mstestadapter/v2" className="Kiwibank.Payments.PaymentsOrchestrator.Testings.Integration.Mocked.TestFeatures.POrchAPIFeature" name="POrchAPI_Negative_FraudCheck_Success_Middleware_Response" />
    </UnitTest>
    <UnitTest name="POrchAPI_Other_Middleware_Responses_Do_Not_Retry (ClosedAccountError,409,)" storage="/codebuild/output/src2181318594/src/kiwibank-kb-cap-beb3aadf75d6f51b6f04b4454d78e6dc8b8b86bc/services/payments-orchestrator/src/testings.integration.mocked/bin/release/net8.0/kiwibank.payments.paymentsorchestrator.testings.integration.mocked.dll" id="953a78d6-fa77-032b-ac4f-79e4fda4fb2d">
      <TestCategory>
        <TestCategoryItem TestCategory="scenarioTest" />
        <TestCategoryItem TestCategory="Process:L4ProcessPayment" />
        <TestCategoryItem TestCategory="Outcome:L4ProcessPayment.UltracsUltracsTransfer" />
      </TestCategory>
      <Execution id="bf091ebe-107f-48b6-afac-e6dacfb896d8" />
      <TestMethod codeBase="/codebuild/output/src2181318594/src/Kiwibank-kb-cap-beb3aadf75d6f51b6f04b4454d78e6dc8b8b86bc/services/payments-orchestrator/src/Testings.Integration.Mocked/bin/Release/net8.0/Kiwibank.Payments.PaymentsOrchestrator.Testings.Integration.Mocked.dll" adapterTypeName="executor://mstestadapter/v2" className="Kiwibank.Payments.PaymentsOrchestrator.Testings.Integration.Mocked.TestFeatures.POrchDownstreamServicesRetryAppropriatelyFeature" name="POrchAPI_Other_Middleware_Responses_Do_Not_Retry" />
    </UnitTest>
    <UnitTest name="POrchAPI_Valid_Creditor_Code_Return_Success (=@#_%,.,201,)" storage="/codebuild/output/src2181318594/src/kiwibank-kb-cap-beb3aadf75d6f51b6f04b4454d78e6dc8b8b86bc/services/payments-orchestrator/src/testings.integration.mocked/bin/release/net8.0/kiwibank.payments.paymentsorchestrator.testings.integration.mocked.dll" id="42d01a79-698a-8bdf-a47a-b3816ad9c51b">
      <TestCategory>
        <TestCategoryItem TestCategory="POrchAPI" />
        <TestCategoryItem TestCategory="Process:L4ProcessPayment" />
        <TestCategoryItem TestCategory="Outcome:L4ProcessPayment.UltracsUltracsTransfer" />
      </TestCategory>
      <Execution id="d37454bd-61ea-459d-9728-9d1c5e0910f5" />
      <TestMethod codeBase="/codebuild/output/src2181318594/src/Kiwibank-kb-cap-beb3aadf75d6f51b6f04b4454d78e6dc8b8b86bc/services/payments-orchestrator/src/Testings.Integration.Mocked/bin/Release/net8.0/Kiwibank.Payments.PaymentsOrchestrator.Testings.Integration.Mocked.dll" adapterTypeName="executor://mstestadapter/v2" className="Kiwibank.Payments.PaymentsOrchestrator.Testings.Integration.Mocked.TestFeatures.POrchAPIFeature" name="POrchAPI_Valid_Creditor_Code_Return_Success" />
    </UnitTest>
    <UnitTest name="POrchAPI_Invalid_Debtor_Code_Return_Error (abcdefghijklmnsey,400,)" storage="/codebuild/output/src2181318594/src/kiwibank-kb-cap-beb3aadf75d6f51b6f04b4454d78e6dc8b8b86bc/services/payments-orchestrator/src/testings.integration.mocked/bin/release/net8.0/kiwibank.payments.paymentsorchestrator.testings.integration.mocked.dll" id="f4b229a2-a8b7-144d-7478-c2badca0b648">
      <TestCategory>
        <TestCategoryItem TestCategory="POrchAPI" />
        <TestCategoryItem TestCategory="Process:L4ProcessPayment" />
        <TestCategoryItem TestCategory="Outcome:L4ProcessPayment.UltracsUltracsTransfer" />
        <TestCategoryItem TestCategory="NegativeTest" />
      </TestCategory>
      <Execution id="23bd8bd9-b4a2-442d-ac32-cc8c24d8875d" />
      <TestMethod codeBase="/codebuild/output/src2181318594/src/Kiwibank-kb-cap-beb3aadf75d6f51b6f04b4454d78e6dc8b8b86bc/services/payments-orchestrator/src/Testings.Integration.Mocked/bin/Release/net8.0/Kiwibank.Payments.PaymentsOrchestrator.Testings.Integration.Mocked.dll" adapterTypeName="executor://mstestadapter/v2" className="Kiwibank.Payments.PaymentsOrchestrator.Testings.Integration.Mocked.TestFeatures.POrchAPIFieldValidationFeature" name="POrchAPI_Invalid_Debtor_Code_Return_Error" />
    </UnitTest>
    <UnitTest name="POrchAPI_Transfer_Invalid_Creditor_Reference_Return_Error (},400,)" storage="/codebuild/output/src2181318594/src/kiwibank-kb-cap-beb3aadf75d6f51b6f04b4454d78e6dc8b8b86bc/services/payments-orchestrator/src/testings.integration.mocked/bin/release/net8.0/kiwibank.payments.paymentsorchestrator.testings.integration.mocked.dll" id="ff2a19eb-d274-bc17-d69b-1ac44c30935b">
      <TestCategory>
        <TestCategoryItem TestCategory="POrchAPI" />
        <TestCategoryItem TestCategory="Process:L4ProcessPayment" />
        <TestCategoryItem TestCategory="NegativeTest" />
        <TestCategoryItem TestCategory="Outcome:L4ProcessPayment.UltracsUltracs" />
      </TestCategory>
      <Execution id="bb51f121-2b55-4b39-a7b5-8f5aa95fa9b9" />
      <TestMethod codeBase="/codebuild/output/src2181318594/src/Kiwibank-kb-cap-beb3aadf75d6f51b6f04b4454d78e6dc8b8b86bc/services/payments-orchestrator/src/Testings.Integration.Mocked/bin/Release/net8.0/Kiwibank.Payments.PaymentsOrchestrator.Testings.Integration.Mocked.dll" adapterTypeName="executor://mstestadapter/v2" className="Kiwibank.Payments.PaymentsOrchestrator.Testings.Integration.Mocked.TestFeatures.POrchTransferFieldValidationFeature" name="POrchAPI_Transfer_Invalid_Creditor_Reference_Return_Error" />
    </UnitTest>
    <UnitTest name="POrchAPI_Various_Amounts_Return_Error_When_Length_Exceeded (12345678901.1,,)" storage="/codebuild/output/src2181318594/src/kiwibank-kb-cap-beb3aadf75d6f51b6f04b4454d78e6dc8b8b86bc/services/payments-orchestrator/src/testings.integration.mocked/bin/release/net8.0/kiwibank.payments.paymentsorchestrator.testings.integration.mocked.dll" id="9509b487-31fb-cc34-9fec-375f308c64f1">
      <TestCategory>
        <TestCategoryItem TestCategory="POrchAPI" />
        <TestCategoryItem TestCategory="Process:L4ProcessPayment" />
        <TestCategoryItem TestCategory="Outcome:L4ProcessPayment.UltracsUltracsTransfer" />
      </TestCategory>
      <Execution id="5b59a1b2-4752-4cd7-b193-3d74daea50be" />
      <TestMethod codeBase="/codebuild/output/src2181318594/src/Kiwibank-kb-cap-beb3aadf75d6f51b6f04b4454d78e6dc8b8b86bc/services/payments-orchestrator/src/Testings.Integration.Mocked/bin/Release/net8.0/Kiwibank.Payments.PaymentsOrchestrator.Testings.Integration.Mocked.dll" adapterTypeName="executor://mstestadapter/v2" className="Kiwibank.Payments.PaymentsOrchestrator.Testings.Integration.Mocked.TestFeatures.POrchAPIFeature" name="POrchAPI_Various_Amounts_Return_Error_When_Length_Exceeded" />
    </UnitTest>
    <UnitTest name="POrchAPI_TMVToTMV_Valid_Debtor_Particulars_Return_Success (=@#_%,.,201,)" storage="/codebuild/output/src2181318594/src/kiwibank-kb-cap-beb3aadf75d6f51b6f04b4454d78e6dc8b8b86bc/services/payments-orchestrator/src/testings.integration.mocked/bin/release/net8.0/kiwibank.payments.paymentsorchestrator.testings.integration.mocked.dll" id="487b5447-1e0e-25cb-4f41-b1e89c7b33b5">
      <TestCategory>
        <TestCategoryItem TestCategory="POrchAPI" />
        <TestCategoryItem TestCategory="PositiveTest" />
        <TestCategoryItem TestCategory="Process:L4ProcessPayment" />
        <TestCategoryItem TestCategory="Outcome:L4ProcessPayment.TmvTmvTransfer" />
        <TestCategoryItem TestCategory="EDB-MPS-IPC-REQ.01" />
      </TestCategory>
      <Execution id="4d298d8d-017d-4d4a-ba3c-9c14dc1293a2" />
      <TestMethod codeBase="/codebuild/output/src2181318594/src/Kiwibank-kb-cap-beb3aadf75d6f51b6f04b4454d78e6dc8b8b86bc/services/payments-orchestrator/src/Testings.Integration.Mocked/bin/Release/net8.0/Kiwibank.Payments.PaymentsOrchestrator.Testings.Integration.Mocked.dll" adapterTypeName="executor://mstestadapter/v2" className="Kiwibank.Payments.PaymentsOrchestrator.Testings.Integration.Mocked.TestFeatures.POrchAPITransferTmvTmvFeature" name="POrchAPI_TMVToTMV_Valid_Debtor_Particulars_Return_Success" />
    </UnitTest>
    <UnitTest name="POrchAPI_Idempotency_Unsuccessful_Request_Gives_201_For_Same_Idempotency_Combo" storage="/codebuild/output/src2181318594/src/kiwibank-kb-cap-beb3aadf75d6f51b6f04b4454d78e6dc8b8b86bc/services/payments-orchestrator/src/testings.integration.mocked/bin/release/net8.0/kiwibank.payments.paymentsorchestrator.testings.integration.mocked.dll" id="140cdba7-bdd7-21ce-465d-c6f1ecf49583">
      <TestCategory>
        <TestCategoryItem TestCategory="POrchAPI" />
        <TestCategoryItem TestCategory="Process:L4ProcessPayment" />
        <TestCategoryItem TestCategory="Outcome:L4ProcessPayment.UltracsUltracsTransfer" />
      </TestCategory>
      <Execution id="da0c999c-ad66-46f0-b9bc-19e0f2869213" />
      <TestMethod codeBase="/codebuild/output/src2181318594/src/Kiwibank-kb-cap-beb3aadf75d6f51b6f04b4454d78e6dc8b8b86bc/services/payments-orchestrator/src/Testings.Integration.Mocked/bin/Release/net8.0/Kiwibank.Payments.PaymentsOrchestrator.Testings.Integration.Mocked.dll" adapterTypeName="executor://mstestadapter/v2" className="Kiwibank.Payments.PaymentsOrchestrator.Testings.Integration.Mocked.TestFeatures.POrchAPIFeature" name="POrchAPI_Idempotency_Unsuccessful_Request_Gives_201_For_Same_Idempotency_Combo" />
    </UnitTest>
    <UnitTest name="POrchAPI_TMVToUltracs_Negative_MiddleWare_Response_409 (AccountIdentificationInsufficientError,409,)" storage="/codebuild/output/src2181318594/src/kiwibank-kb-cap-beb3aadf75d6f51b6f04b4454d78e6dc8b8b86bc/services/payments-orchestrator/src/testings.integration.mocked/bin/release/net8.0/kiwibank.payments.paymentsorchestrator.testings.integration.mocked.dll" id="a52497f5-e481-7b26-d6c5-a55a6ad7abb4">
      <TestCategory>
        <TestCategoryItem TestCategory="NegativeTest" />
        <TestCategoryItem TestCategory="POrchAPI" />
        <TestCategoryItem TestCategory="Process:L4ProcessPayment" />
        <TestCategoryItem TestCategory="Outcome:L4ProcessPayment.TmvUltracsTransfer" />
        <TestCategoryItem TestCategory="EDB-MPS-IPC-REQ.04" />
      </TestCategory>
      <Execution id="3d4165bc-9534-42d2-966b-9aa63146460e" />
      <TestMethod codeBase="/codebuild/output/src2181318594/src/Kiwibank-kb-cap-beb3aadf75d6f51b6f04b4454d78e6dc8b8b86bc/services/payments-orchestrator/src/Testings.Integration.Mocked/bin/Release/net8.0/Kiwibank.Payments.PaymentsOrchestrator.Testings.Integration.Mocked.dll" adapterTypeName="executor://mstestadapter/v2" className="Kiwibank.Payments.PaymentsOrchestrator.Testings.Integration.Mocked.TestFeatures.POrchAPITransferTMVUltracsFeature" name="POrchAPI_TMVToUltracs_Negative_MiddleWare_Response_409" />
    </UnitTest>
    <UnitTest name="POrchAPI_Invalid_Debtor_Reference_Return_Error (},400,)" storage="/codebuild/output/src2181318594/src/kiwibank-kb-cap-beb3aadf75d6f51b6f04b4454d78e6dc8b8b86bc/services/payments-orchestrator/src/testings.integration.mocked/bin/release/net8.0/kiwibank.payments.paymentsorchestrator.testings.integration.mocked.dll" id="124a5e80-5b0d-71a0-1c67-af5274a72cea">
      <TestCategory>
        <TestCategoryItem TestCategory="POrchAPI" />
        <TestCategoryItem TestCategory="Process:L4ProcessPayment" />
        <TestCategoryItem TestCategory="Outcome:L4ProcessPayment.UltracsUltracsTransfer" />
        <TestCategoryItem TestCategory="NegativeTest" />
      </TestCategory>
      <Execution id="54e9e4e2-de8b-4ac2-8790-a0e7bdbafe71" />
      <TestMethod codeBase="/codebuild/output/src2181318594/src/Kiwibank-kb-cap-beb3aadf75d6f51b6f04b4454d78e6dc8b8b86bc/services/payments-orchestrator/src/Testings.Integration.Mocked/bin/Release/net8.0/Kiwibank.Payments.PaymentsOrchestrator.Testings.Integration.Mocked.dll" adapterTypeName="executor://mstestadapter/v2" className="Kiwibank.Payments.PaymentsOrchestrator.Testings.Integration.Mocked.TestFeatures.POrchAPIFieldValidationFeature" name="POrchAPI_Invalid_Debtor_Reference_Return_Error" />
    </UnitTest>
    <UnitTest name="POrchAPI_Invalid_Creditor_Reference_Return_Error (abcdefghijklmnsey,400,)" storage="/codebuild/output/src2181318594/src/kiwibank-kb-cap-beb3aadf75d6f51b6f04b4454d78e6dc8b8b86bc/services/payments-orchestrator/src/testings.integration.mocked/bin/release/net8.0/kiwibank.payments.paymentsorchestrator.testings.integration.mocked.dll" id="f2eac08d-8d7d-c6e7-2cda-0b64c57484bd">
      <TestCategory>
        <TestCategoryItem TestCategory="POrchAPI" />
        <TestCategoryItem TestCategory="Process:L4ProcessPayment" />
        <TestCategoryItem TestCategory="Outcome:L4ProcessPayment.UltracsUltracsTransfer" />
        <TestCategoryItem TestCategory="NegativeTest" />
      </TestCategory>
      <Execution id="0aab82db-ff89-42ce-8adf-d49627ed03da" />
      <TestMethod codeBase="/codebuild/output/src2181318594/src/Kiwibank-kb-cap-beb3aadf75d6f51b6f04b4454d78e6dc8b8b86bc/services/payments-orchestrator/src/Testings.Integration.Mocked/bin/Release/net8.0/Kiwibank.Payments.PaymentsOrchestrator.Testings.Integration.Mocked.dll" adapterTypeName="executor://mstestadapter/v2" className="Kiwibank.Payments.PaymentsOrchestrator.Testings.Integration.Mocked.TestFeatures.POrchAPIFieldValidationFeature" name="POrchAPI_Invalid_Creditor_Reference_Return_Error" />
    </UnitTest>
    <UnitTest name="POrchAPI_TMVToTMV_Valid_Debtor_Reference_Return_Success (=@#_%,.,201,)" storage="/codebuild/output/src2181318594/src/kiwibank-kb-cap-beb3aadf75d6f51b6f04b4454d78e6dc8b8b86bc/services/payments-orchestrator/src/testings.integration.mocked/bin/release/net8.0/kiwibank.payments.paymentsorchestrator.testings.integration.mocked.dll" id="ef366ad6-05cd-30d5-8f23-368e1f3db7b0">
      <TestCategory>
        <TestCategoryItem TestCategory="POrchAPI" />
        <TestCategoryItem TestCategory="PositiveTest" />
        <TestCategoryItem TestCategory="Process:L4ProcessPayment" />
        <TestCategoryItem TestCategory="Outcome:L4ProcessPayment.TmvTmvTransfer" />
        <TestCategoryItem TestCategory="EDB-MPS-IPC-REQ.01" />
      </TestCategory>
      <Execution id="f3c82c87-00be-4f64-8a2b-52ad47c54dc4" />
      <TestMethod codeBase="/codebuild/output/src2181318594/src/Kiwibank-kb-cap-beb3aadf75d6f51b6f04b4454d78e6dc8b8b86bc/services/payments-orchestrator/src/Testings.Integration.Mocked/bin/Release/net8.0/Kiwibank.Payments.PaymentsOrchestrator.Testings.Integration.Mocked.dll" adapterTypeName="executor://mstestadapter/v2" className="Kiwibank.Payments.PaymentsOrchestrator.Testings.Integration.Mocked.TestFeatures.POrchAPITransferTmvTmvFeature" name="POrchAPI_TMVToTMV_Valid_Debtor_Reference_Return_Success" />
    </UnitTest>
    <UnitTest name="POrchAPI_UltracsToTMV_Valid_Creditor_Reference_Return_Success (=@#_%,.,201,)" storage="/codebuild/output/src2181318594/src/kiwibank-kb-cap-beb3aadf75d6f51b6f04b4454d78e6dc8b8b86bc/services/payments-orchestrator/src/testings.integration.mocked/bin/release/net8.0/kiwibank.payments.paymentsorchestrator.testings.integration.mocked.dll" id="89804543-53e1-d8c6-96f9-d64716b77f4c">
      <TestCategory>
        <TestCategoryItem TestCategory="EDB-MPS-IPC-REQ.02" />
        <TestCategoryItem TestCategory="POrchAPI" />
        <TestCategoryItem TestCategory="Outcome:L4ProcessPayment.UltracsTmvTransfer" />
        <TestCategoryItem TestCategory="Process:L4ProcessPayment" />
        <TestCategoryItem TestCategory="PositiveTest" />
      </TestCategory>
      <Execution id="01412432-2091-4767-b0b7-c0eb7291d84c" />
      <TestMethod codeBase="/codebuild/output/src2181318594/src/Kiwibank-kb-cap-beb3aadf75d6f51b6f04b4454d78e6dc8b8b86bc/services/payments-orchestrator/src/Testings.Integration.Mocked/bin/Release/net8.0/Kiwibank.Payments.PaymentsOrchestrator.Testings.Integration.Mocked.dll" adapterTypeName="executor://mstestadapter/v2" className="Kiwibank.Payments.PaymentsOrchestrator.Testings.Integration.Mocked.TestFeatures.POrchAPITransferUltracsTMVFeature" name="POrchAPI_UltracsToTMV_Valid_Creditor_Reference_Return_Success" />
    </UnitTest>
    <UnitTest name="POrchAPI_Valid_Debtor_Reference_Return_Success (()+$*!;-/?:,201,)" storage="/codebuild/output/src2181318594/src/kiwibank-kb-cap-beb3aadf75d6f51b6f04b4454d78e6dc8b8b86bc/services/payments-orchestrator/src/testings.integration.mocked/bin/release/net8.0/kiwibank.payments.paymentsorchestrator.testings.integration.mocked.dll" id="1e8e6330-c538-1157-ece4-73d09ac62670">
      <TestCategory>
        <TestCategoryItem TestCategory="POrchAPI" />
        <TestCategoryItem TestCategory="Process:L4ProcessPayment" />
        <TestCategoryItem TestCategory="Outcome:L4ProcessPayment.UltracsUltracsTransfer" />
      </TestCategory>
      <Execution id="538f14f1-fb4c-4114-9e79-da1a87abe7a3" />
      <TestMethod codeBase="/codebuild/output/src2181318594/src/Kiwibank-kb-cap-beb3aadf75d6f51b6f04b4454d78e6dc8b8b86bc/services/payments-orchestrator/src/Testings.Integration.Mocked/bin/Release/net8.0/Kiwibank.Payments.PaymentsOrchestrator.Testings.Integration.Mocked.dll" adapterTypeName="executor://mstestadapter/v2" className="Kiwibank.Payments.PaymentsOrchestrator.Testings.Integration.Mocked.TestFeatures.POrchAPIFeature" name="POrchAPI_Valid_Debtor_Reference_Return_Success" />
    </UnitTest>
    <UnitTest name="POrchAPI_Invalid_Creditor_Particulars_Return_Error (abcdefghijklmnsey,400,)" storage="/codebuild/output/src2181318594/src/kiwibank-kb-cap-beb3aadf75d6f51b6f04b4454d78e6dc8b8b86bc/services/payments-orchestrator/src/testings.integration.mocked/bin/release/net8.0/kiwibank.payments.paymentsorchestrator.testings.integration.mocked.dll" id="53b6770d-123b-c33a-2e83-ccd7b92d6331">
      <TestCategory>
        <TestCategoryItem TestCategory="POrchAPI" />
        <TestCategoryItem TestCategory="Process:L4ProcessPayment" />
        <TestCategoryItem TestCategory="Outcome:L4ProcessPayment.UltracsUltracsTransfer" />
        <TestCategoryItem TestCategory="NegativeTest" />
      </TestCategory>
      <Execution id="4e8564b7-54e6-4e5e-bb18-72c12cc1da10" />
      <TestMethod codeBase="/codebuild/output/src2181318594/src/Kiwibank-kb-cap-beb3aadf75d6f51b6f04b4454d78e6dc8b8b86bc/services/payments-orchestrator/src/Testings.Integration.Mocked/bin/Release/net8.0/Kiwibank.Payments.PaymentsOrchestrator.Testings.Integration.Mocked.dll" adapterTypeName="executor://mstestadapter/v2" className="Kiwibank.Payments.PaymentsOrchestrator.Testings.Integration.Mocked.TestFeatures.POrchAPIFieldValidationFeature" name="POrchAPI_Invalid_Creditor_Particulars_Return_Error" />
    </UnitTest>
    <UnitTest name="POrchAPI_UltracsTMV_Transfer_Invalid_Transfer_Reference_Return_Error (transfer from MR Test - 00,400,)" storage="/codebuild/output/src2181318594/src/kiwibank-kb-cap-beb3aadf75d6f51b6f04b4454d78e6dc8b8b86bc/services/payments-orchestrator/src/testings.integration.mocked/bin/release/net8.0/kiwibank.payments.paymentsorchestrator.testings.integration.mocked.dll" id="9458c6ec-e5a8-9efa-fa5f-996f70cbe542">
      <TestCategory>
        <TestCategoryItem TestCategory="POrchAPI" />
        <TestCategoryItem TestCategory="Process:L4ProcessPayment" />
        <TestCategoryItem TestCategory="NegativeTest" />
        <TestCategoryItem TestCategory="Outcome:L4ProcessPayment.UltracsUltracs" />
      </TestCategory>
      <Execution id="f4706df5-9ae2-4955-acad-d1c141bc8438" />
      <TestMethod codeBase="/codebuild/output/src2181318594/src/Kiwibank-kb-cap-beb3aadf75d6f51b6f04b4454d78e6dc8b8b86bc/services/payments-orchestrator/src/Testings.Integration.Mocked/bin/Release/net8.0/Kiwibank.Payments.PaymentsOrchestrator.Testings.Integration.Mocked.dll" adapterTypeName="executor://mstestadapter/v2" className="Kiwibank.Payments.PaymentsOrchestrator.Testings.Integration.Mocked.TestFeatures.POrchTransferFieldValidationFeature" name="POrchAPI_UltracsTMV_Transfer_Invalid_Transfer_Reference_Return_Error" />
    </UnitTest>
    <UnitTest name="POrchAPI_Transfer_Invalid_Creditor_Particulars_Return_Error (\,400,)" storage="/codebuild/output/src2181318594/src/kiwibank-kb-cap-beb3aadf75d6f51b6f04b4454d78e6dc8b8b86bc/services/payments-orchestrator/src/testings.integration.mocked/bin/release/net8.0/kiwibank.payments.paymentsorchestrator.testings.integration.mocked.dll" id="7a356f2b-a14c-5916-12db-273db6c151e1">
      <TestCategory>
        <TestCategoryItem TestCategory="POrchAPI" />
        <TestCategoryItem TestCategory="Process:L4ProcessPayment" />
        <TestCategoryItem TestCategory="NegativeTest" />
        <TestCategoryItem TestCategory="Outcome:L4ProcessPayment.UltracsUltracs" />
      </TestCategory>
      <Execution id="5b5665ba-e458-4cbe-aab9-4fdb90353138" />
      <TestMethod codeBase="/codebuild/output/src2181318594/src/Kiwibank-kb-cap-beb3aadf75d6f51b6f04b4454d78e6dc8b8b86bc/services/payments-orchestrator/src/Testings.Integration.Mocked/bin/Release/net8.0/Kiwibank.Payments.PaymentsOrchestrator.Testings.Integration.Mocked.dll" adapterTypeName="executor://mstestadapter/v2" className="Kiwibank.Payments.PaymentsOrchestrator.Testings.Integration.Mocked.TestFeatures.POrchTransferFieldValidationFeature" name="POrchAPI_Transfer_Invalid_Creditor_Particulars_Return_Error" />
    </UnitTest>
    <UnitTest name="POrchAPI_TMVToTMV_Valid_Debtor_Reference_Return_Success (()+$*!;-/?:,201,)" storage="/codebuild/output/src2181318594/src/kiwibank-kb-cap-beb3aadf75d6f51b6f04b4454d78e6dc8b8b86bc/services/payments-orchestrator/src/testings.integration.mocked/bin/release/net8.0/kiwibank.payments.paymentsorchestrator.testings.integration.mocked.dll" id="f6d0521c-fa56-8a50-37b1-66020c9096c5">
      <TestCategory>
        <TestCategoryItem TestCategory="POrchAPI" />
        <TestCategoryItem TestCategory="PositiveTest" />
        <TestCategoryItem TestCategory="Process:L4ProcessPayment" />
        <TestCategoryItem TestCategory="Outcome:L4ProcessPayment.TmvTmvTransfer" />
        <TestCategoryItem TestCategory="EDB-MPS-IPC-REQ.01" />
      </TestCategory>
      <Execution id="2d1892f7-e437-40b4-8d28-7697eb52aac8" />
      <TestMethod codeBase="/codebuild/output/src2181318594/src/Kiwibank-kb-cap-beb3aadf75d6f51b6f04b4454d78e6dc8b8b86bc/services/payments-orchestrator/src/Testings.Integration.Mocked/bin/Release/net8.0/Kiwibank.Payments.PaymentsOrchestrator.Testings.Integration.Mocked.dll" adapterTypeName="executor://mstestadapter/v2" className="Kiwibank.Payments.PaymentsOrchestrator.Testings.Integration.Mocked.TestFeatures.POrchAPITransferTmvTmvFeature" name="POrchAPI_TMVToTMV_Valid_Debtor_Reference_Return_Success" />
    </UnitTest>
    <UnitTest name="POrchAPI_Transfer_Invalid_Debtor_Reference_Return_Error (\,400,)" storage="/codebuild/output/src2181318594/src/kiwibank-kb-cap-beb3aadf75d6f51b6f04b4454d78e6dc8b8b86bc/services/payments-orchestrator/src/testings.integration.mocked/bin/release/net8.0/kiwibank.payments.paymentsorchestrator.testings.integration.mocked.dll" id="4efea0b2-fd13-8c87-2ec9-0987481ae174">
      <TestCategory>
        <TestCategoryItem TestCategory="POrchAPI" />
        <TestCategoryItem TestCategory="Process:L4ProcessPayment" />
        <TestCategoryItem TestCategory="NegativeTest" />
        <TestCategoryItem TestCategory="Outcome:L4ProcessPayment.UltracsUltracs" />
      </TestCategory>
      <Execution id="c1ca8cf0-b481-4556-acb1-a0e3c4554061" />
      <TestMethod codeBase="/codebuild/output/src2181318594/src/Kiwibank-kb-cap-beb3aadf75d6f51b6f04b4454d78e6dc8b8b86bc/services/payments-orchestrator/src/Testings.Integration.Mocked/bin/Release/net8.0/Kiwibank.Payments.PaymentsOrchestrator.Testings.Integration.Mocked.dll" adapterTypeName="executor://mstestadapter/v2" className="Kiwibank.Payments.PaymentsOrchestrator.Testings.Integration.Mocked.TestFeatures.POrchTransferFieldValidationFeature" name="POrchAPI_Transfer_Invalid_Debtor_Reference_Return_Error" />
    </UnitTest>
    <UnitTest name="POrchAPI_Transfer_Invalid_Credit_Account_Return_Error (38231234562856345,400,)" storage="/codebuild/output/src2181318594/src/kiwibank-kb-cap-beb3aadf75d6f51b6f04b4454d78e6dc8b8b86bc/services/payments-orchestrator/src/testings.integration.mocked/bin/release/net8.0/kiwibank.payments.paymentsorchestrator.testings.integration.mocked.dll" id="e1f7352b-0f9a-6b65-cb9b-1232c6779ad0">
      <TestCategory>
        <TestCategoryItem TestCategory="POrchAPI" />
        <TestCategoryItem TestCategory="Process:L4ProcessPayment" />
        <TestCategoryItem TestCategory="NegativeTest" />
        <TestCategoryItem TestCategory="Outcome:L4ProcessPayment.UltracsUltracs" />
      </TestCategory>
      <Execution id="87668aaf-eba1-46e7-84a2-4254c573718a" />
      <TestMethod codeBase="/codebuild/output/src2181318594/src/Kiwibank-kb-cap-beb3aadf75d6f51b6f04b4454d78e6dc8b8b86bc/services/payments-orchestrator/src/Testings.Integration.Mocked/bin/Release/net8.0/Kiwibank.Payments.PaymentsOrchestrator.Testings.Integration.Mocked.dll" adapterTypeName="executor://mstestadapter/v2" className="Kiwibank.Payments.PaymentsOrchestrator.Testings.Integration.Mocked.TestFeatures.POrchTransferFieldValidationFeature" name="POrchAPI_Transfer_Invalid_Credit_Account_Return_Error" />
    </UnitTest>
    <UnitTest name="POrchAPI_Negative_MiddleWare_Response_409 (ClosedAccountError,409,)" storage="/codebuild/output/src2181318594/src/kiwibank-kb-cap-beb3aadf75d6f51b6f04b4454d78e6dc8b8b86bc/services/payments-orchestrator/src/testings.integration.mocked/bin/release/net8.0/kiwibank.payments.paymentsorchestrator.testings.integration.mocked.dll" id="e6a694f9-d3f0-9a3a-82cb-9c48c0d4fe95">
      <TestCategory>
        <TestCategoryItem TestCategory="POrchAPI" />
        <TestCategoryItem TestCategory="Process:L4ProcessPayment" />
        <TestCategoryItem TestCategory="Outcome:L4ProcessPayment.UltracsUltracsTransfer" />
        <TestCategoryItem TestCategory="NegativeTest" />
      </TestCategory>
      <Execution id="9a0b6b7a-0f0c-4547-867b-af14905e5ae3" />
      <TestMethod codeBase="/codebuild/output/src2181318594/src/Kiwibank-kb-cap-beb3aadf75d6f51b6f04b4454d78e6dc8b8b86bc/services/payments-orchestrator/src/Testings.Integration.Mocked/bin/Release/net8.0/Kiwibank.Payments.PaymentsOrchestrator.Testings.Integration.Mocked.dll" adapterTypeName="executor://mstestadapter/v2" className="Kiwibank.Payments.PaymentsOrchestrator.Testings.Integration.Mocked.TestFeatures.POrchAPIFeature" name="POrchAPI_Negative_MiddleWare_Response_409" />
    </UnitTest>
    <UnitTest name="POrchAPI_UltracsToTMV_Valid_Creditor_Reference_Return_Success (()+$*!;-/?:,201,)" storage="/codebuild/output/src2181318594/src/kiwibank-kb-cap-beb3aadf75d6f51b6f04b4454d78e6dc8b8b86bc/services/payments-orchestrator/src/testings.integration.mocked/bin/release/net8.0/kiwibank.payments.paymentsorchestrator.testings.integration.mocked.dll" id="b9a13a5b-81a8-ca23-bb4b-d95c063257a2">
      <TestCategory>
        <TestCategoryItem TestCategory="EDB-MPS-IPC-REQ.02" />
        <TestCategoryItem TestCategory="POrchAPI" />
        <TestCategoryItem TestCategory="Outcome:L4ProcessPayment.UltracsTmvTransfer" />
        <TestCategoryItem TestCategory="Process:L4ProcessPayment" />
        <TestCategoryItem TestCategory="PositiveTest" />
      </TestCategory>
      <Execution id="d9dfb967-9885-405d-9868-8c31f7100188" />
      <TestMethod codeBase="/codebuild/output/src2181318594/src/Kiwibank-kb-cap-beb3aadf75d6f51b6f04b4454d78e6dc8b8b86bc/services/payments-orchestrator/src/Testings.Integration.Mocked/bin/Release/net8.0/Kiwibank.Payments.PaymentsOrchestrator.Testings.Integration.Mocked.dll" adapterTypeName="executor://mstestadapter/v2" className="Kiwibank.Payments.PaymentsOrchestrator.Testings.Integration.Mocked.TestFeatures.POrchAPITransferUltracsTMVFeature" name="POrchAPI_UltracsToTMV_Valid_Creditor_Reference_Return_Success" />
    </UnitTest>
    <UnitTest name="POrchAPI_Invalid_Debtor_Code_Return_Error (\,400,)" storage="/codebuild/output/src2181318594/src/kiwibank-kb-cap-beb3aadf75d6f51b6f04b4454d78e6dc8b8b86bc/services/payments-orchestrator/src/testings.integration.mocked/bin/release/net8.0/kiwibank.payments.paymentsorchestrator.testings.integration.mocked.dll" id="0cf8d1ee-2aa5-1f26-f781-4fea09aaca63">
      <TestCategory>
        <TestCategoryItem TestCategory="POrchAPI" />
        <TestCategoryItem TestCategory="Process:L4ProcessPayment" />
        <TestCategoryItem TestCategory="Outcome:L4ProcessPayment.UltracsUltracsTransfer" />
        <TestCategoryItem TestCategory="NegativeTest" />
      </TestCategory>
      <Execution id="cdfd5138-d2a6-4369-acb2-f5f9c0e0d285" />
      <TestMethod codeBase="/codebuild/output/src2181318594/src/Kiwibank-kb-cap-beb3aadf75d6f51b6f04b4454d78e6dc8b8b86bc/services/payments-orchestrator/src/Testings.Integration.Mocked/bin/Release/net8.0/Kiwibank.Payments.PaymentsOrchestrator.Testings.Integration.Mocked.dll" adapterTypeName="executor://mstestadapter/v2" className="Kiwibank.Payments.PaymentsOrchestrator.Testings.Integration.Mocked.TestFeatures.POrchAPIFieldValidationFeature" name="POrchAPI_Invalid_Debtor_Code_Return_Error" />
    </UnitTest>
    <UnitTest name="POrchAPI_Valid_Debtor_Code_Return_Success (=@#_%,.,201,)" storage="/codebuild/output/src2181318594/src/kiwibank-kb-cap-beb3aadf75d6f51b6f04b4454d78e6dc8b8b86bc/services/payments-orchestrator/src/testings.integration.mocked/bin/release/net8.0/kiwibank.payments.paymentsorchestrator.testings.integration.mocked.dll" id="69685b74-7fc2-5b44-30db-5fa56ac301e3">
      <TestCategory>
        <TestCategoryItem TestCategory="POrchAPI" />
        <TestCategoryItem TestCategory="Process:L4ProcessPayment" />
        <TestCategoryItem TestCategory="Outcome:L4ProcessPayment.UltracsUltracsTransfer" />
      </TestCategory>
      <Execution id="25205ac9-78fd-4ee0-874c-6eb9a1d59b40" />
      <TestMethod codeBase="/codebuild/output/src2181318594/src/Kiwibank-kb-cap-beb3aadf75d6f51b6f04b4454d78e6dc8b8b86bc/services/payments-orchestrator/src/Testings.Integration.Mocked/bin/Release/net8.0/Kiwibank.Payments.PaymentsOrchestrator.Testings.Integration.Mocked.dll" adapterTypeName="executor://mstestadapter/v2" className="Kiwibank.Payments.PaymentsOrchestrator.Testings.Integration.Mocked.TestFeatures.POrchAPIFeature" name="POrchAPI_Valid_Debtor_Code_Return_Success" />
    </UnitTest>
    <UnitTest name="POrchAPI_Invalid_Payee_Code_Return_Error (\,400,)" storage="/codebuild/output/src2181318594/src/kiwibank-kb-cap-beb3aadf75d6f51b6f04b4454d78e6dc8b8b86bc/services/payments-orchestrator/src/testings.integration.mocked/bin/release/net8.0/kiwibank.payments.paymentsorchestrator.testings.integration.mocked.dll" id="87658b8d-a2b9-fc3e-5c2d-d98073969a68">
      <TestCategory>
        <TestCategoryItem TestCategory="POrchAPI" />
        <TestCategoryItem TestCategory="Process:L4ProcessPayment" />
        <TestCategoryItem TestCategory="Outcome:L4ProcessPayment.UltracsUltracsTransfer" />
        <TestCategoryItem TestCategory="NegativeTest" />
      </TestCategory>
      <Execution id="df039abd-a817-4591-8dce-6b49456bde6a" />
      <TestMethod codeBase="/codebuild/output/src2181318594/src/Kiwibank-kb-cap-beb3aadf75d6f51b6f04b4454d78e6dc8b8b86bc/services/payments-orchestrator/src/Testings.Integration.Mocked/bin/Release/net8.0/Kiwibank.Payments.PaymentsOrchestrator.Testings.Integration.Mocked.dll" adapterTypeName="executor://mstestadapter/v2" className="Kiwibank.Payments.PaymentsOrchestrator.Testings.Integration.Mocked.TestFeatures.POrchAPIFieldValidationFeature" name="POrchAPI_Invalid_Payee_Code_Return_Error" />
    </UnitTest>
    <UnitTest name="POrchAPI_Various_Amounts_Return_Success_When_Below_Max (1234567890.11,,)" storage="/codebuild/output/src2181318594/src/kiwibank-kb-cap-beb3aadf75d6f51b6f04b4454d78e6dc8b8b86bc/services/payments-orchestrator/src/testings.integration.mocked/bin/release/net8.0/kiwibank.payments.paymentsorchestrator.testings.integration.mocked.dll" id="56fb65db-6e4f-4370-45ab-c4f18ac46c69">
      <TestCategory>
        <TestCategoryItem TestCategory="POrchAPI" />
        <TestCategoryItem TestCategory="Process:L4ProcessPayment" />
        <TestCategoryItem TestCategory="Outcome:L4ProcessPayment.UltracsUltracsTransfer" />
      </TestCategory>
      <Execution id="76ade7c8-cd6a-41df-a320-e1ef59e8175c" />
      <TestMethod codeBase="/codebuild/output/src2181318594/src/Kiwibank-kb-cap-beb3aadf75d6f51b6f04b4454d78e6dc8b8b86bc/services/payments-orchestrator/src/Testings.Integration.Mocked/bin/Release/net8.0/Kiwibank.Payments.PaymentsOrchestrator.Testings.Integration.Mocked.dll" adapterTypeName="executor://mstestadapter/v2" className="Kiwibank.Payments.PaymentsOrchestrator.Testings.Integration.Mocked.TestFeatures.POrchAPIFeature" name="POrchAPI_Various_Amounts_Return_Success_When_Below_Max" />
    </UnitTest>
    <UnitTest name="POrchAPI_Transfer_Invalid_Debtor_Reference_Return_Error (},400,)" storage="/codebuild/output/src2181318594/src/kiwibank-kb-cap-beb3aadf75d6f51b6f04b4454d78e6dc8b8b86bc/services/payments-orchestrator/src/testings.integration.mocked/bin/release/net8.0/kiwibank.payments.paymentsorchestrator.testings.integration.mocked.dll" id="67e37726-eab6-6c29-52b6-70f881dce15b">
      <TestCategory>
        <TestCategoryItem TestCategory="POrchAPI" />
        <TestCategoryItem TestCategory="Process:L4ProcessPayment" />
        <TestCategoryItem TestCategory="NegativeTest" />
        <TestCategoryItem TestCategory="Outcome:L4ProcessPayment.UltracsUltracs" />
      </TestCategory>
      <Execution id="e4ba0a1b-3a2d-48d9-99bd-d89bf54830ad" />
      <TestMethod codeBase="/codebuild/output/src2181318594/src/Kiwibank-kb-cap-beb3aadf75d6f51b6f04b4454d78e6dc8b8b86bc/services/payments-orchestrator/src/Testings.Integration.Mocked/bin/Release/net8.0/Kiwibank.Payments.PaymentsOrchestrator.Testings.Integration.Mocked.dll" adapterTypeName="executor://mstestadapter/v2" className="Kiwibank.Payments.PaymentsOrchestrator.Testings.Integration.Mocked.TestFeatures.POrchTransferFieldValidationFeature" name="POrchAPI_Transfer_Invalid_Debtor_Reference_Return_Error" />
    </UnitTest>
    <UnitTest name="POrchAPI_Other_Fraud_Responses_Do_Not_Retry (Hold,409,)" storage="/codebuild/output/src2181318594/src/kiwibank-kb-cap-beb3aadf75d6f51b6f04b4454d78e6dc8b8b86bc/services/payments-orchestrator/src/testings.integration.mocked/bin/release/net8.0/kiwibank.payments.paymentsorchestrator.testings.integration.mocked.dll" id="ebb7c562-38a7-096a-0612-1d420361f243">
      <TestCategory>
        <TestCategoryItem TestCategory="scenarioTest" />
        <TestCategoryItem TestCategory="Process:L4ProcessPayment" />
        <TestCategoryItem TestCategory="Outcome:L4ProcessPayment.UltracsUltracsTransfer" />
      </TestCategory>
      <Execution id="6ced88bd-9af2-4e2d-bdfa-e824a8ab1f5c" />
      <TestMethod codeBase="/codebuild/output/src2181318594/src/Kiwibank-kb-cap-beb3aadf75d6f51b6f04b4454d78e6dc8b8b86bc/services/payments-orchestrator/src/Testings.Integration.Mocked/bin/Release/net8.0/Kiwibank.Payments.PaymentsOrchestrator.Testings.Integration.Mocked.dll" adapterTypeName="executor://mstestadapter/v2" className="Kiwibank.Payments.PaymentsOrchestrator.Testings.Integration.Mocked.TestFeatures.POrchDownstreamServicesRetryAppropriatelyFeature" name="POrchAPI_Other_Fraud_Responses_Do_Not_Retry" />
    </UnitTest>
    <UnitTest name="POrchAPI_Valid_Creditor_Reference_Return_Success (=@#_%,.,201,)" storage="/codebuild/output/src2181318594/src/kiwibank-kb-cap-beb3aadf75d6f51b6f04b4454d78e6dc8b8b86bc/services/payments-orchestrator/src/testings.integration.mocked/bin/release/net8.0/kiwibank.payments.paymentsorchestrator.testings.integration.mocked.dll" id="0b2452c9-3768-d7b0-b1d6-1659f9a1efa7">
      <TestCategory>
        <TestCategoryItem TestCategory="POrchAPI" />
        <TestCategoryItem TestCategory="Process:L4ProcessPayment" />
        <TestCategoryItem TestCategory="Outcome:L4ProcessPayment.UltracsUltracsTransfer" />
      </TestCategory>
      <Execution id="5ae4642e-d09f-423f-9d9d-5474844fa3ed" />
      <TestMethod codeBase="/codebuild/output/src2181318594/src/Kiwibank-kb-cap-beb3aadf75d6f51b6f04b4454d78e6dc8b8b86bc/services/payments-orchestrator/src/Testings.Integration.Mocked/bin/Release/net8.0/Kiwibank.Payments.PaymentsOrchestrator.Testings.Integration.Mocked.dll" adapterTypeName="executor://mstestadapter/v2" className="Kiwibank.Payments.PaymentsOrchestrator.Testings.Integration.Mocked.TestFeatures.POrchAPIFeature" name="POrchAPI_Valid_Creditor_Reference_Return_Success" />
    </UnitTest>
    <UnitTest name="POrchAPI_Negative_FraudCheck_Response_Frozen_Middleware_409 (Refer,409,)" storage="/codebuild/output/src2181318594/src/kiwibank-kb-cap-beb3aadf75d6f51b6f04b4454d78e6dc8b8b86bc/services/payments-orchestrator/src/testings.integration.mocked/bin/release/net8.0/kiwibank.payments.paymentsorchestrator.testings.integration.mocked.dll" id="cc6e8de5-37e2-ebc2-e199-323c623a3e71">
      <TestCategory>
        <TestCategoryItem TestCategory="POrchAPI" />
        <TestCategoryItem TestCategory="Process:L4ProcessPayment" />
        <TestCategoryItem TestCategory="Outcome:L4ProcessPayment.UltracsUltracsTransfer" />
        <TestCategoryItem TestCategory="NegativeTest" />
      </TestCategory>
      <Execution id="2c9718f9-ba14-48cb-ad35-9aaebe87add8" />
      <TestMethod codeBase="/codebuild/output/src2181318594/src/Kiwibank-kb-cap-beb3aadf75d6f51b6f04b4454d78e6dc8b8b86bc/services/payments-orchestrator/src/Testings.Integration.Mocked/bin/Release/net8.0/Kiwibank.Payments.PaymentsOrchestrator.Testings.Integration.Mocked.dll" adapterTypeName="executor://mstestadapter/v2" className="Kiwibank.Payments.PaymentsOrchestrator.Testings.Integration.Mocked.TestFeatures.POrchAPIFeature" name="POrchAPI_Negative_FraudCheck_Response_Frozen_Middleware_409" />
    </UnitTest>
    <UnitTest name="POrchAPI_TMVUltracs_Transfer_Invalid_Transfer_Reference_Return_Error (transfer,400,)" storage="/codebuild/output/src2181318594/src/kiwibank-kb-cap-beb3aadf75d6f51b6f04b4454d78e6dc8b8b86bc/services/payments-orchestrator/src/testings.integration.mocked/bin/release/net8.0/kiwibank.payments.paymentsorchestrator.testings.integration.mocked.dll" id="25a77e9b-f7a6-9cd0-b29d-d08216a5d765">
      <TestCategory>
        <TestCategoryItem TestCategory="POrchAPI" />
        <TestCategoryItem TestCategory="Process:L4ProcessPayment" />
        <TestCategoryItem TestCategory="NegativeTest" />
        <TestCategoryItem TestCategory="Outcome:L4ProcessPayment.UltracsUltracs" />
      </TestCategory>
      <Execution id="8d1d3814-6923-484b-bdc2-89ec4c1799c1" />
      <TestMethod codeBase="/codebuild/output/src2181318594/src/Kiwibank-kb-cap-beb3aadf75d6f51b6f04b4454d78e6dc8b8b86bc/services/payments-orchestrator/src/Testings.Integration.Mocked/bin/Release/net8.0/Kiwibank.Payments.PaymentsOrchestrator.Testings.Integration.Mocked.dll" adapterTypeName="executor://mstestadapter/v2" className="Kiwibank.Payments.PaymentsOrchestrator.Testings.Integration.Mocked.TestFeatures.POrchTransferFieldValidationFeature" name="POrchAPI_TMVUltracs_Transfer_Invalid_Transfer_Reference_Return_Error" />
    </UnitTest>
    <UnitTest name="POrchAPI_Invalid_Debtor_Particulars_Return_Error (},400,)" storage="/codebuild/output/src2181318594/src/kiwibank-kb-cap-beb3aadf75d6f51b6f04b4454d78e6dc8b8b86bc/services/payments-orchestrator/src/testings.integration.mocked/bin/release/net8.0/kiwibank.payments.paymentsorchestrator.testings.integration.mocked.dll" id="549ae9f4-6b0c-80f5-d847-88cbb37cd83c">
      <TestCategory>
        <TestCategoryItem TestCategory="POrchAPI" />
        <TestCategoryItem TestCategory="Process:L4ProcessPayment" />
        <TestCategoryItem TestCategory="Outcome:L4ProcessPayment.UltracsUltracsTransfer" />
        <TestCategoryItem TestCategory="NegativeTest" />
      </TestCategory>
      <Execution id="f97c3dcd-5e85-4c12-a26f-8f248c792c51" />
      <TestMethod codeBase="/codebuild/output/src2181318594/src/Kiwibank-kb-cap-beb3aadf75d6f51b6f04b4454d78e6dc8b8b86bc/services/payments-orchestrator/src/Testings.Integration.Mocked/bin/Release/net8.0/Kiwibank.Payments.PaymentsOrchestrator.Testings.Integration.Mocked.dll" adapterTypeName="executor://mstestadapter/v2" className="Kiwibank.Payments.PaymentsOrchestrator.Testings.Integration.Mocked.TestFeatures.POrchAPIFieldValidationFeature" name="POrchAPI_Invalid_Debtor_Particulars_Return_Error" />
    </UnitTest>
    <UnitTest name="POrchAPI_PAS_Times_Out" storage="/codebuild/output/src2181318594/src/kiwibank-kb-cap-beb3aadf75d6f51b6f04b4454d78e6dc8b8b86bc/services/payments-orchestrator/src/testings.integration.mocked/bin/release/net8.0/kiwibank.payments.paymentsorchestrator.testings.integration.mocked.dll" id="7851ebde-72f9-3991-4091-a85fc3a11eba">
      <TestCategory>
        <TestCategoryItem TestCategory="Outcome:L4ProcessPayment.UltracsUltracsTransfer" />
        <TestCategoryItem TestCategory="Process:L4ProcessPayment" />
      </TestCategory>
      <Execution id="635b8986-0c1e-4d16-9b78-13c027d96637" />
      <TestMethod codeBase="/codebuild/output/src2181318594/src/Kiwibank-kb-cap-beb3aadf75d6f51b6f04b4454d78e6dc8b8b86bc/services/payments-orchestrator/src/Testings.Integration.Mocked/bin/Release/net8.0/Kiwibank.Payments.PaymentsOrchestrator.Testings.Integration.Mocked.dll" adapterTypeName="executor://mstestadapter/v2" className="Kiwibank.Payments.PaymentsOrchestrator.Testings.Integration.Mocked.TestFeatures.POrchDownstreamServicesRetryAppropriatelyFeature" name="POrchAPI_PAS_Times_Out" />
    </UnitTest>
    <UnitTest name="POrchAPI_Valid_Debtor_Particulars_Return_Success (()+$*!;-/?:,201,)" storage="/codebuild/output/src2181318594/src/kiwibank-kb-cap-beb3aadf75d6f51b6f04b4454d78e6dc8b8b86bc/services/payments-orchestrator/src/testings.integration.mocked/bin/release/net8.0/kiwibank.payments.paymentsorchestrator.testings.integration.mocked.dll" id="fdea718c-e7bf-5aa2-3704-8a4192cbbb7b">
      <TestCategory>
        <TestCategoryItem TestCategory="POrchAPI" />
        <TestCategoryItem TestCategory="Process:L4ProcessPayment" />
        <TestCategoryItem TestCategory="Outcome:L4ProcessPayment.UltracsUltracsTransfer" />
      </TestCategory>
      <Execution id="e7fcb0a4-8876-4ebe-bb21-6d7ca2267502" />
      <TestMethod codeBase="/codebuild/output/src2181318594/src/Kiwibank-kb-cap-beb3aadf75d6f51b6f04b4454d78e6dc8b8b86bc/services/payments-orchestrator/src/Testings.Integration.Mocked/bin/Release/net8.0/Kiwibank.Payments.PaymentsOrchestrator.Testings.Integration.Mocked.dll" adapterTypeName="executor://mstestadapter/v2" className="Kiwibank.Payments.PaymentsOrchestrator.Testings.Integration.Mocked.TestFeatures.POrchAPIFeature" name="POrchAPI_Valid_Debtor_Particulars_Return_Success" />
    </UnitTest>
    <UnitTest name="POrchAPI_UltracsToTMV_Negative_MiddleWare_Response_409 (InvalidBankBranchNumberError,409,)" storage="/codebuild/output/src2181318594/src/kiwibank-kb-cap-beb3aadf75d6f51b6f04b4454d78e6dc8b8b86bc/services/payments-orchestrator/src/testings.integration.mocked/bin/release/net8.0/kiwibank.payments.paymentsorchestrator.testings.integration.mocked.dll" id="a734b8d7-64b6-c5b0-a01b-89519383f833">
      <TestCategory>
        <TestCategoryItem TestCategory="POrchAPI" />
        <TestCategoryItem TestCategory="Outcome:L4ProcessPayment.UltracsTmvTransfer" />
        <TestCategoryItem TestCategory="Process:L4ProcessPayment" />
        <TestCategoryItem TestCategory="NegativeTest" />
        <TestCategoryItem TestCategory="EDB-MPS-IPC-REQ.04" />
      </TestCategory>
      <Execution id="f781e1ef-062a-407e-a96e-b193d51063ed" />
      <TestMethod codeBase="/codebuild/output/src2181318594/src/Kiwibank-kb-cap-beb3aadf75d6f51b6f04b4454d78e6dc8b8b86bc/services/payments-orchestrator/src/Testings.Integration.Mocked/bin/Release/net8.0/Kiwibank.Payments.PaymentsOrchestrator.Testings.Integration.Mocked.dll" adapterTypeName="executor://mstestadapter/v2" className="Kiwibank.Payments.PaymentsOrchestrator.Testings.Integration.Mocked.TestFeatures.POrchAPITransferUltracsTMVFeature" name="POrchAPI_UltracsToTMV_Negative_MiddleWare_Response_409" />
    </UnitTest>
    <UnitTest name="POrchAPI_UltracsToTMV_Valid_Creditor_Particulars_Return_Success (=@#_%,.,201,)" storage="/codebuild/output/src2181318594/src/kiwibank-kb-cap-beb3aadf75d6f51b6f04b4454d78e6dc8b8b86bc/services/payments-orchestrator/src/testings.integration.mocked/bin/release/net8.0/kiwibank.payments.paymentsorchestrator.testings.integration.mocked.dll" id="250ddffa-5865-dc85-3782-1d123181032f">
      <TestCategory>
        <TestCategoryItem TestCategory="EDB-MPS-IPC-REQ.02" />
        <TestCategoryItem TestCategory="POrchAPI" />
        <TestCategoryItem TestCategory="Outcome:L4ProcessPayment.UltracsTmvTransfer" />
        <TestCategoryItem TestCategory="Process:L4ProcessPayment" />
        <TestCategoryItem TestCategory="PositiveTest" />
      </TestCategory>
      <Execution id="a6b9995f-3f1a-4d29-abe8-628178482258" />
      <TestMethod codeBase="/codebuild/output/src2181318594/src/Kiwibank-kb-cap-beb3aadf75d6f51b6f04b4454d78e6dc8b8b86bc/services/payments-orchestrator/src/Testings.Integration.Mocked/bin/Release/net8.0/Kiwibank.Payments.PaymentsOrchestrator.Testings.Integration.Mocked.dll" adapterTypeName="executor://mstestadapter/v2" className="Kiwibank.Payments.PaymentsOrchestrator.Testings.Integration.Mocked.TestFeatures.POrchAPITransferUltracsTMVFeature" name="POrchAPI_UltracsToTMV_Valid_Creditor_Particulars_Return_Success" />
    </UnitTest>
    <UnitTest name="POrchAPI_Negative_FraudCheck_Response_Close_Middleware_409 (Refer,409,)" storage="/codebuild/output/src2181318594/src/kiwibank-kb-cap-beb3aadf75d6f51b6f04b4454d78e6dc8b8b86bc/services/payments-orchestrator/src/testings.integration.mocked/bin/release/net8.0/kiwibank.payments.paymentsorchestrator.testings.integration.mocked.dll" id="8a250861-9e55-1130-202a-5e79a2a0feae">
      <TestCategory>
        <TestCategoryItem TestCategory="POrchAPI" />
        <TestCategoryItem TestCategory="Process:L4ProcessPayment" />
        <TestCategoryItem TestCategory="Outcome:L4ProcessPayment.UltracsUltracsTransfer" />
        <TestCategoryItem TestCategory="NegativeTest" />
      </TestCategory>
      <Execution id="4e366201-fbfe-4f61-b5e1-765df6dceb17" />
      <TestMethod codeBase="/codebuild/output/src2181318594/src/Kiwibank-kb-cap-beb3aadf75d6f51b6f04b4454d78e6dc8b8b86bc/services/payments-orchestrator/src/Testings.Integration.Mocked/bin/Release/net8.0/Kiwibank.Payments.PaymentsOrchestrator.Testings.Integration.Mocked.dll" adapterTypeName="executor://mstestadapter/v2" className="Kiwibank.Payments.PaymentsOrchestrator.Testings.Integration.Mocked.TestFeatures.POrchAPIFeature" name="POrchAPI_Negative_FraudCheck_Response_Close_Middleware_409" />
    </UnitTest>
    <UnitTest name="POrchAPI_TMVToTMV_Valid_Debtor_Code_Return_Success (()+$*!;-/?:,201,)" storage="/codebuild/output/src2181318594/src/kiwibank-kb-cap-beb3aadf75d6f51b6f04b4454d78e6dc8b8b86bc/services/payments-orchestrator/src/testings.integration.mocked/bin/release/net8.0/kiwibank.payments.paymentsorchestrator.testings.integration.mocked.dll" id="42a3bc4d-02bc-8094-0907-2e9fbb08778b">
      <TestCategory>
        <TestCategoryItem TestCategory="POrchAPI" />
        <TestCategoryItem TestCategory="PositiveTest" />
        <TestCategoryItem TestCategory="Process:L4ProcessPayment" />
        <TestCategoryItem TestCategory="Outcome:L4ProcessPayment.TmvTmvTransfer" />
        <TestCategoryItem TestCategory="EDB-MPS-IPC-REQ.01" />
      </TestCategory>
      <Execution id="323bd2d2-a780-48f7-8b54-f0e2194b13cb" />
      <TestMethod codeBase="/codebuild/output/src2181318594/src/Kiwibank-kb-cap-beb3aadf75d6f51b6f04b4454d78e6dc8b8b86bc/services/payments-orchestrator/src/Testings.Integration.Mocked/bin/Release/net8.0/Kiwibank.Payments.PaymentsOrchestrator.Testings.Integration.Mocked.dll" adapterTypeName="executor://mstestadapter/v2" className="Kiwibank.Payments.PaymentsOrchestrator.Testings.Integration.Mocked.TestFeatures.POrchAPITransferTmvTmvFeature" name="POrchAPI_TMVToTMV_Valid_Debtor_Code_Return_Success" />
    </UnitTest>
    <UnitTest name="POrchAPI_Transfer_Invalid_Creditor_Particulars_Return_Error (},400,)" storage="/codebuild/output/src2181318594/src/kiwibank-kb-cap-beb3aadf75d6f51b6f04b4454d78e6dc8b8b86bc/services/payments-orchestrator/src/testings.integration.mocked/bin/release/net8.0/kiwibank.payments.paymentsorchestrator.testings.integration.mocked.dll" id="7921a5cf-e854-49ae-c247-664dc2281b3b">
      <TestCategory>
        <TestCategoryItem TestCategory="POrchAPI" />
        <TestCategoryItem TestCategory="Process:L4ProcessPayment" />
        <TestCategoryItem TestCategory="NegativeTest" />
        <TestCategoryItem TestCategory="Outcome:L4ProcessPayment.UltracsUltracs" />
      </TestCategory>
      <Execution id="631ed088-abe6-424a-8013-0ced1289e426" />
      <TestMethod codeBase="/codebuild/output/src2181318594/src/Kiwibank-kb-cap-beb3aadf75d6f51b6f04b4454d78e6dc8b8b86bc/services/payments-orchestrator/src/Testings.Integration.Mocked/bin/Release/net8.0/Kiwibank.Payments.PaymentsOrchestrator.Testings.Integration.Mocked.dll" adapterTypeName="executor://mstestadapter/v2" className="Kiwibank.Payments.PaymentsOrchestrator.Testings.Integration.Mocked.TestFeatures.POrchTransferFieldValidationFeature" name="POrchAPI_Transfer_Invalid_Creditor_Particulars_Return_Error" />
    </UnitTest>
    <UnitTest name="POrchAPI_TMVTMV_Transfer_Send_Transfer_Reference_Return_Error (TRANSFER FROM MR Test - 00,400,)" storage="/codebuild/output/src2181318594/src/kiwibank-kb-cap-beb3aadf75d6f51b6f04b4454d78e6dc8b8b86bc/services/payments-orchestrator/src/testings.integration.mocked/bin/release/net8.0/kiwibank.payments.paymentsorchestrator.testings.integration.mocked.dll" id="6c1c4578-a7af-aca4-9467-6b8db73501c1">
      <TestCategory>
        <TestCategoryItem TestCategory="POrchAPI" />
        <TestCategoryItem TestCategory="Process:L4ProcessPayment" />
        <TestCategoryItem TestCategory="NegativeTest" />
        <TestCategoryItem TestCategory="Outcome:L4ProcessPayment.UltracsUltracs" />
      </TestCategory>
      <Execution id="5f88eaab-15c6-494a-bb5d-b69567654081" />
      <TestMethod codeBase="/codebuild/output/src2181318594/src/Kiwibank-kb-cap-beb3aadf75d6f51b6f04b4454d78e6dc8b8b86bc/services/payments-orchestrator/src/Testings.Integration.Mocked/bin/Release/net8.0/Kiwibank.Payments.PaymentsOrchestrator.Testings.Integration.Mocked.dll" adapterTypeName="executor://mstestadapter/v2" className="Kiwibank.Payments.PaymentsOrchestrator.Testings.Integration.Mocked.TestFeatures.POrchTransferFieldValidationFeature" name="POrchAPI_TMVTMV_Transfer_Send_Transfer_Reference_Return_Error" />
    </UnitTest>
    <UnitTest name="POrchAPI_Transfer_Invalid_Creditor_Account_Source_Return_Error (External,400,'CreditorAccountSource' can only be Ultracs or TMV for transfers.,)" storage="/codebuild/output/src2181318594/src/kiwibank-kb-cap-beb3aadf75d6f51b6f04b4454d78e6dc8b8b86bc/services/payments-orchestrator/src/testings.integration.mocked/bin/release/net8.0/kiwibank.payments.paymentsorchestrator.testings.integration.mocked.dll" id="2312b328-8686-77ae-427a-1dc0d27ceadb">
      <TestCategory>
        <TestCategoryItem TestCategory="POrchAPI" />
        <TestCategoryItem TestCategory="Process:L4ProcessPayment" />
        <TestCategoryItem TestCategory="NegativeTest" />
        <TestCategoryItem TestCategory="Outcome:L4ProcessPayment.UltracsUltracs" />
      </TestCategory>
      <Execution id="2072c5c0-762b-465e-8d7a-3ae956bc0272" />
      <TestMethod codeBase="/codebuild/output/src2181318594/src/Kiwibank-kb-cap-beb3aadf75d6f51b6f04b4454d78e6dc8b8b86bc/services/payments-orchestrator/src/Testings.Integration.Mocked/bin/Release/net8.0/Kiwibank.Payments.PaymentsOrchestrator.Testings.Integration.Mocked.dll" adapterTypeName="executor://mstestadapter/v2" className="Kiwibank.Payments.PaymentsOrchestrator.Testings.Integration.Mocked.TestFeatures.POrchTransferFieldValidationFeature" name="POrchAPI_Transfer_Invalid_Creditor_Account_Source_Return_Error" />
    </UnitTest>
    <UnitTest name="POrchAPI_Other_Middleware_Responses_Do_Not_Retry (AccountDetectionFailedError,409,)" storage="/codebuild/output/src2181318594/src/kiwibank-kb-cap-beb3aadf75d6f51b6f04b4454d78e6dc8b8b86bc/services/payments-orchestrator/src/testings.integration.mocked/bin/release/net8.0/kiwibank.payments.paymentsorchestrator.testings.integration.mocked.dll" id="a7dcfefc-4bb1-7cd3-999f-cc58af315ef6">
      <TestCategory>
        <TestCategoryItem TestCategory="scenarioTest" />
        <TestCategoryItem TestCategory="Process:L4ProcessPayment" />
        <TestCategoryItem TestCategory="Outcome:L4ProcessPayment.UltracsUltracsTransfer" />
      </TestCategory>
      <Execution id="9c3b495c-ac93-400a-9eb8-f3a7acfff616" />
      <TestMethod codeBase="/codebuild/output/src2181318594/src/Kiwibank-kb-cap-beb3aadf75d6f51b6f04b4454d78e6dc8b8b86bc/services/payments-orchestrator/src/Testings.Integration.Mocked/bin/Release/net8.0/Kiwibank.Payments.PaymentsOrchestrator.Testings.Integration.Mocked.dll" adapterTypeName="executor://mstestadapter/v2" className="Kiwibank.Payments.PaymentsOrchestrator.Testings.Integration.Mocked.TestFeatures.POrchDownstreamServicesRetryAppropriatelyFeature" name="POrchAPI_Other_Middleware_Responses_Do_Not_Retry" />
    </UnitTest>
    <UnitTest name="POrchAPI_Other_Middleware_Responses_Do_Not_Retry (FrozenError,409,)" storage="/codebuild/output/src2181318594/src/kiwibank-kb-cap-beb3aadf75d6f51b6f04b4454d78e6dc8b8b86bc/services/payments-orchestrator/src/testings.integration.mocked/bin/release/net8.0/kiwibank.payments.paymentsorchestrator.testings.integration.mocked.dll" id="e3d003eb-216d-67bb-ca2c-8e3b1ca8a7b8">
      <TestCategory>
        <TestCategoryItem TestCategory="scenarioTest" />
        <TestCategoryItem TestCategory="Process:L4ProcessPayment" />
        <TestCategoryItem TestCategory="Outcome:L4ProcessPayment.UltracsUltracsTransfer" />
      </TestCategory>
      <Execution id="30afb404-1f87-4ebf-9d3e-56adedfadc39" />
      <TestMethod codeBase="/codebuild/output/src2181318594/src/Kiwibank-kb-cap-beb3aadf75d6f51b6f04b4454d78e6dc8b8b86bc/services/payments-orchestrator/src/Testings.Integration.Mocked/bin/Release/net8.0/Kiwibank.Payments.PaymentsOrchestrator.Testings.Integration.Mocked.dll" adapterTypeName="executor://mstestadapter/v2" className="Kiwibank.Payments.PaymentsOrchestrator.Testings.Integration.Mocked.TestFeatures.POrchDownstreamServicesRetryAppropriatelyFeature" name="POrchAPI_Other_Middleware_Responses_Do_Not_Retry" />
    </UnitTest>
    <UnitTest name="POrchAPI_Various_Amounts_Return_Success_When_Below_Max (0.01,,)" storage="/codebuild/output/src2181318594/src/kiwibank-kb-cap-beb3aadf75d6f51b6f04b4454d78e6dc8b8b86bc/services/payments-orchestrator/src/testings.integration.mocked/bin/release/net8.0/kiwibank.payments.paymentsorchestrator.testings.integration.mocked.dll" id="67da564e-6940-64cf-631a-afe062bb1f5c">
      <TestCategory>
        <TestCategoryItem TestCategory="POrchAPI" />
        <TestCategoryItem TestCategory="Process:L4ProcessPayment" />
        <TestCategoryItem TestCategory="Outcome:L4ProcessPayment.UltracsUltracsTransfer" />
      </TestCategory>
      <Execution id="5c0403eb-3085-402f-9999-b09d5900485f" />
      <TestMethod codeBase="/codebuild/output/src2181318594/src/Kiwibank-kb-cap-beb3aadf75d6f51b6f04b4454d78e6dc8b8b86bc/services/payments-orchestrator/src/Testings.Integration.Mocked/bin/Release/net8.0/Kiwibank.Payments.PaymentsOrchestrator.Testings.Integration.Mocked.dll" adapterTypeName="executor://mstestadapter/v2" className="Kiwibank.Payments.PaymentsOrchestrator.Testings.Integration.Mocked.TestFeatures.POrchAPIFeature" name="POrchAPI_Various_Amounts_Return_Success_When_Below_Max" />
    </UnitTest>
    <UnitTest name="POrchAPI_Transfer_Invalid_Credit_Account_Return_Error (3800000000000000,400,)" storage="/codebuild/output/src2181318594/src/kiwibank-kb-cap-beb3aadf75d6f51b6f04b4454d78e6dc8b8b86bc/services/payments-orchestrator/src/testings.integration.mocked/bin/release/net8.0/kiwibank.payments.paymentsorchestrator.testings.integration.mocked.dll" id="5a784b05-d140-3c48-a864-8715e0cfaed9">
      <TestCategory>
        <TestCategoryItem TestCategory="POrchAPI" />
        <TestCategoryItem TestCategory="Process:L4ProcessPayment" />
        <TestCategoryItem TestCategory="NegativeTest" />
        <TestCategoryItem TestCategory="Outcome:L4ProcessPayment.UltracsUltracs" />
      </TestCategory>
      <Execution id="5afde45b-42f2-471e-9d04-7a28df607773" />
      <TestMethod codeBase="/codebuild/output/src2181318594/src/Kiwibank-kb-cap-beb3aadf75d6f51b6f04b4454d78e6dc8b8b86bc/services/payments-orchestrator/src/Testings.Integration.Mocked/bin/Release/net8.0/Kiwibank.Payments.PaymentsOrchestrator.Testings.Integration.Mocked.dll" adapterTypeName="executor://mstestadapter/v2" className="Kiwibank.Payments.PaymentsOrchestrator.Testings.Integration.Mocked.TestFeatures.POrchTransferFieldValidationFeature" name="POrchAPI_Transfer_Invalid_Credit_Account_Return_Error" />
    </UnitTest>
    <UnitTest name="POrchAPI_Negative_FraudCheck_Response_Insufficient_Middleware_409 (Decline,409,)" storage="/codebuild/output/src2181318594/src/kiwibank-kb-cap-beb3aadf75d6f51b6f04b4454d78e6dc8b8b86bc/services/payments-orchestrator/src/testings.integration.mocked/bin/release/net8.0/kiwibank.payments.paymentsorchestrator.testings.integration.mocked.dll" id="3c9ce4a6-a234-4f04-3950-b005d33815c2">
      <TestCategory>
        <TestCategoryItem TestCategory="POrchAPI" />
        <TestCategoryItem TestCategory="Process:L4ProcessPayment" />
        <TestCategoryItem TestCategory="Outcome:L4ProcessPayment.UltracsUltracsTransfer" />
        <TestCategoryItem TestCategory="NegativeTest" />
      </TestCategory>
      <Execution id="e229f86b-6ea7-49f6-b686-7ba5cab45a44" />
      <TestMethod codeBase="/codebuild/output/src2181318594/src/Kiwibank-kb-cap-beb3aadf75d6f51b6f04b4454d78e6dc8b8b86bc/services/payments-orchestrator/src/Testings.Integration.Mocked/bin/Release/net8.0/Kiwibank.Payments.PaymentsOrchestrator.Testings.Integration.Mocked.dll" adapterTypeName="executor://mstestadapter/v2" className="Kiwibank.Payments.PaymentsOrchestrator.Testings.Integration.Mocked.TestFeatures.POrchAPIFeature" name="POrchAPI_Negative_FraudCheck_Response_Insufficient_Middleware_409" />
    </UnitTest>
    <UnitTest name="POrchAPI_Transfer_Invalid_Debtor_Particulars_Return_Error (\,400,)" storage="/codebuild/output/src2181318594/src/kiwibank-kb-cap-beb3aadf75d6f51b6f04b4454d78e6dc8b8b86bc/services/payments-orchestrator/src/testings.integration.mocked/bin/release/net8.0/kiwibank.payments.paymentsorchestrator.testings.integration.mocked.dll" id="41320dfe-3b5a-f638-b9f5-066020b7f9fb">
      <TestCategory>
        <TestCategoryItem TestCategory="POrchAPI" />
        <TestCategoryItem TestCategory="Process:L4ProcessPayment" />
        <TestCategoryItem TestCategory="NegativeTest" />
        <TestCategoryItem TestCategory="Outcome:L4ProcessPayment.UltracsUltracs" />
      </TestCategory>
      <Execution id="78f250cd-7326-4bc8-97a7-57c52c48f769" />
      <TestMethod codeBase="/codebuild/output/src2181318594/src/Kiwibank-kb-cap-beb3aadf75d6f51b6f04b4454d78e6dc8b8b86bc/services/payments-orchestrator/src/Testings.Integration.Mocked/bin/Release/net8.0/Kiwibank.Payments.PaymentsOrchestrator.Testings.Integration.Mocked.dll" adapterTypeName="executor://mstestadapter/v2" className="Kiwibank.Payments.PaymentsOrchestrator.Testings.Integration.Mocked.TestFeatures.POrchTransferFieldValidationFeature" name="POrchAPI_Transfer_Invalid_Debtor_Particulars_Return_Error" />
    </UnitTest>
    <UnitTest name="POrchAPI_Negative_FraudCheck_Response_Insufficient_Middleware_409 (Unknown,409,)" storage="/codebuild/output/src2181318594/src/kiwibank-kb-cap-beb3aadf75d6f51b6f04b4454d78e6dc8b8b86bc/services/payments-orchestrator/src/testings.integration.mocked/bin/release/net8.0/kiwibank.payments.paymentsorchestrator.testings.integration.mocked.dll" id="1aaafd23-625c-e340-226c-f8478ccc875e">
      <TestCategory>
        <TestCategoryItem TestCategory="POrchAPI" />
        <TestCategoryItem TestCategory="Process:L4ProcessPayment" />
        <TestCategoryItem TestCategory="Outcome:L4ProcessPayment.UltracsUltracsTransfer" />
        <TestCategoryItem TestCategory="NegativeTest" />
      </TestCategory>
      <Execution id="3576d482-7051-4bc9-b030-be5c49433883" />
      <TestMethod codeBase="/codebuild/output/src2181318594/src/Kiwibank-kb-cap-beb3aadf75d6f51b6f04b4454d78e6dc8b8b86bc/services/payments-orchestrator/src/Testings.Integration.Mocked/bin/Release/net8.0/Kiwibank.Payments.PaymentsOrchestrator.Testings.Integration.Mocked.dll" adapterTypeName="executor://mstestadapter/v2" className="Kiwibank.Payments.PaymentsOrchestrator.Testings.Integration.Mocked.TestFeatures.POrchAPIFeature" name="POrchAPI_Negative_FraudCheck_Response_Insufficient_Middleware_409" />
    </UnitTest>
    <UnitTest name="POrchAPI_TMVToUltracs_Valid_Debtor_Reference_Return_Success (()+$*!;-/?:,201,)" storage="/codebuild/output/src2181318594/src/kiwibank-kb-cap-beb3aadf75d6f51b6f04b4454d78e6dc8b8b86bc/services/payments-orchestrator/src/testings.integration.mocked/bin/release/net8.0/kiwibank.payments.paymentsorchestrator.testings.integration.mocked.dll" id="42f258d2-a624-e968-e234-9baaece024e5">
      <TestCategory>
        <TestCategoryItem TestCategory="EDB-MPS-IPC-REQ.02" />
        <TestCategoryItem TestCategory="POrchAPI" />
        <TestCategoryItem TestCategory="Process:L4ProcessPayment" />
        <TestCategoryItem TestCategory="PositiveTest" />
        <TestCategoryItem TestCategory="Outcome:L4ProcessPayment.TmvUltracsTransfer" />
      </TestCategory>
      <Execution id="a3cc17a2-a68c-49a5-9bfa-92c532f22786" />
      <TestMethod codeBase="/codebuild/output/src2181318594/src/Kiwibank-kb-cap-beb3aadf75d6f51b6f04b4454d78e6dc8b8b86bc/services/payments-orchestrator/src/Testings.Integration.Mocked/bin/Release/net8.0/Kiwibank.Payments.PaymentsOrchestrator.Testings.Integration.Mocked.dll" adapterTypeName="executor://mstestadapter/v2" className="Kiwibank.Payments.PaymentsOrchestrator.Testings.Integration.Mocked.TestFeatures.POrchAPITransferTMVUltracsFeature" name="POrchAPI_TMVToUltracs_Valid_Debtor_Reference_Return_Success" />
    </UnitTest>
    <UnitTest name="POrchAPI_Valid_Creditor_Particulars_Return_Success (()+$*!;-/?:,201,)" storage="/codebuild/output/src2181318594/src/kiwibank-kb-cap-beb3aadf75d6f51b6f04b4454d78e6dc8b8b86bc/services/payments-orchestrator/src/testings.integration.mocked/bin/release/net8.0/kiwibank.payments.paymentsorchestrator.testings.integration.mocked.dll" id="af19f751-b680-6600-9f8b-34f9762fb7cf">
      <TestCategory>
        <TestCategoryItem TestCategory="POrchAPI" />
        <TestCategoryItem TestCategory="Process:L4ProcessPayment" />
        <TestCategoryItem TestCategory="Outcome:L4ProcessPayment.UltracsUltracsTransfer" />
      </TestCategory>
      <Execution id="af9a748f-b998-49e5-aea4-8cb86874f981" />
      <TestMethod codeBase="/codebuild/output/src2181318594/src/Kiwibank-kb-cap-beb3aadf75d6f51b6f04b4454d78e6dc8b8b86bc/services/payments-orchestrator/src/Testings.Integration.Mocked/bin/Release/net8.0/Kiwibank.Payments.PaymentsOrchestrator.Testings.Integration.Mocked.dll" adapterTypeName="executor://mstestadapter/v2" className="Kiwibank.Payments.PaymentsOrchestrator.Testings.Integration.Mocked.TestFeatures.POrchAPIFeature" name="POrchAPI_Valid_Creditor_Particulars_Return_Success" />
    </UnitTest>
    <UnitTest name="POrchAPI_TMVToUltracs_Valid_Debtor_Particulars_Return_Success (=@#_%,.,201,)" storage="/codebuild/output/src2181318594/src/kiwibank-kb-cap-beb3aadf75d6f51b6f04b4454d78e6dc8b8b86bc/services/payments-orchestrator/src/testings.integration.mocked/bin/release/net8.0/kiwibank.payments.paymentsorchestrator.testings.integration.mocked.dll" id="b8ce9f29-cdc4-e1d3-26c0-ac7a8c66e827">
      <TestCategory>
        <TestCategoryItem TestCategory="EDB-MPS-IPC-REQ.02" />
        <TestCategoryItem TestCategory="POrchAPI" />
        <TestCategoryItem TestCategory="Process:L4ProcessPayment" />
        <TestCategoryItem TestCategory="PositiveTest" />
        <TestCategoryItem TestCategory="Outcome:L4ProcessPayment.TmvUltracsTransfer" />
      </TestCategory>
      <Execution id="ad32de42-d998-4134-8787-e238325fd190" />
      <TestMethod codeBase="/codebuild/output/src2181318594/src/Kiwibank-kb-cap-beb3aadf75d6f51b6f04b4454d78e6dc8b8b86bc/services/payments-orchestrator/src/Testings.Integration.Mocked/bin/Release/net8.0/Kiwibank.Payments.PaymentsOrchestrator.Testings.Integration.Mocked.dll" adapterTypeName="executor://mstestadapter/v2" className="Kiwibank.Payments.PaymentsOrchestrator.Testings.Integration.Mocked.TestFeatures.POrchAPITransferTMVUltracsFeature" name="POrchAPI_TMVToUltracs_Valid_Debtor_Particulars_Return_Success" />
    </UnitTest>
    <UnitTest name="POrchAPI_Transfer_Invalid_Debit_Account_Return_Error (38231234562856345,400,)" storage="/codebuild/output/src2181318594/src/kiwibank-kb-cap-beb3aadf75d6f51b6f04b4454d78e6dc8b8b86bc/services/payments-orchestrator/src/testings.integration.mocked/bin/release/net8.0/kiwibank.payments.paymentsorchestrator.testings.integration.mocked.dll" id="e6d1c36d-6dd6-74e8-a2bb-c4429896bd7c">
      <TestCategory>
        <TestCategoryItem TestCategory="POrchAPI" />
        <TestCategoryItem TestCategory="Process:L4ProcessPayment" />
        <TestCategoryItem TestCategory="NegativeTest" />
        <TestCategoryItem TestCategory="Outcome:L4ProcessPayment.UltracsUltracs" />
      </TestCategory>
      <Execution id="32ef6e9a-e0ba-40ea-b0b4-9e6ba095b94a" />
      <TestMethod codeBase="/codebuild/output/src2181318594/src/Kiwibank-kb-cap-beb3aadf75d6f51b6f04b4454d78e6dc8b8b86bc/services/payments-orchestrator/src/Testings.Integration.Mocked/bin/Release/net8.0/Kiwibank.Payments.PaymentsOrchestrator.Testings.Integration.Mocked.dll" adapterTypeName="executor://mstestadapter/v2" className="Kiwibank.Payments.PaymentsOrchestrator.Testings.Integration.Mocked.TestFeatures.POrchTransferFieldValidationFeature" name="POrchAPI_Transfer_Invalid_Debit_Account_Return_Error" />
    </UnitTest>
    <UnitTest name="POrchAPI_Invalid_Payee_Code_Return_Error (abcdefghijklmnsey,400,)" storage="/codebuild/output/src2181318594/src/kiwibank-kb-cap-beb3aadf75d6f51b6f04b4454d78e6dc8b8b86bc/services/payments-orchestrator/src/testings.integration.mocked/bin/release/net8.0/kiwibank.payments.paymentsorchestrator.testings.integration.mocked.dll" id="c53f27fb-3d3b-a509-2c4d-ee99c63b8770">
      <TestCategory>
        <TestCategoryItem TestCategory="POrchAPI" />
        <TestCategoryItem TestCategory="Process:L4ProcessPayment" />
        <TestCategoryItem TestCategory="Outcome:L4ProcessPayment.UltracsUltracsTransfer" />
        <TestCategoryItem TestCategory="NegativeTest" />
      </TestCategory>
      <Execution id="272cec1b-4854-4758-b209-0825e288b684" />
      <TestMethod codeBase="/codebuild/output/src2181318594/src/Kiwibank-kb-cap-beb3aadf75d6f51b6f04b4454d78e6dc8b8b86bc/services/payments-orchestrator/src/Testings.Integration.Mocked/bin/Release/net8.0/Kiwibank.Payments.PaymentsOrchestrator.Testings.Integration.Mocked.dll" adapterTypeName="executor://mstestadapter/v2" className="Kiwibank.Payments.PaymentsOrchestrator.Testings.Integration.Mocked.TestFeatures.POrchAPIFieldValidationFeature" name="POrchAPI_Invalid_Payee_Code_Return_Error" />
    </UnitTest>
    <UnitTest name="POrchAPI_TMVToUltracs_Negative_MiddleWare_Response_409 (AccountDetectionFailedError,409,)" storage="/codebuild/output/src2181318594/src/kiwibank-kb-cap-beb3aadf75d6f51b6f04b4454d78e6dc8b8b86bc/services/payments-orchestrator/src/testings.integration.mocked/bin/release/net8.0/kiwibank.payments.paymentsorchestrator.testings.integration.mocked.dll" id="04a0a07d-6748-3fda-40b9-fa38276ccd33">
      <TestCategory>
        <TestCategoryItem TestCategory="NegativeTest" />
        <TestCategoryItem TestCategory="POrchAPI" />
        <TestCategoryItem TestCategory="Process:L4ProcessPayment" />
        <TestCategoryItem TestCategory="Outcome:L4ProcessPayment.TmvUltracsTransfer" />
        <TestCategoryItem TestCategory="EDB-MPS-IPC-REQ.04" />
      </TestCategory>
      <Execution id="ebb0e09d-034d-49e3-8054-3358d0064bc3" />
      <TestMethod codeBase="/codebuild/output/src2181318594/src/Kiwibank-kb-cap-beb3aadf75d6f51b6f04b4454d78e6dc8b8b86bc/services/payments-orchestrator/src/Testings.Integration.Mocked/bin/Release/net8.0/Kiwibank.Payments.PaymentsOrchestrator.Testings.Integration.Mocked.dll" adapterTypeName="executor://mstestadapter/v2" className="Kiwibank.Payments.PaymentsOrchestrator.Testings.Integration.Mocked.TestFeatures.POrchAPITransferTMVUltracsFeature" name="POrchAPI_TMVToUltracs_Negative_MiddleWare_Response_409" />
    </UnitTest>
    <UnitTest name="POrchAPI_PAS_Retries (504,,)" storage="/codebuild/output/src2181318594/src/kiwibank-kb-cap-beb3aadf75d6f51b6f04b4454d78e6dc8b8b86bc/services/payments-orchestrator/src/testings.integration.mocked/bin/release/net8.0/kiwibank.payments.paymentsorchestrator.testings.integration.mocked.dll" id="a0157183-2b9e-596f-c60a-e365112807dc">
      <TestCategory>
        <TestCategoryItem TestCategory="scenarioTest" />
        <TestCategoryItem TestCategory="Process:L4ProcessPayment" />
        <TestCategoryItem TestCategory="Outcome:L4ProcessPayment.UltracsUltracsTransfer" />
        <TestCategoryItem TestCategory="requestTest" />
      </TestCategory>
      <Execution id="11cdd206-adc7-4baf-93a0-42cd971e9299" />
      <TestMethod codeBase="/codebuild/output/src2181318594/src/Kiwibank-kb-cap-beb3aadf75d6f51b6f04b4454d78e6dc8b8b86bc/services/payments-orchestrator/src/Testings.Integration.Mocked/bin/Release/net8.0/Kiwibank.Payments.PaymentsOrchestrator.Testings.Integration.Mocked.dll" adapterTypeName="executor://mstestadapter/v2" className="Kiwibank.Payments.PaymentsOrchestrator.Testings.Integration.Mocked.TestFeatures.POrchDownstreamServicesRetryAppropriatelyFeature" name="POrchAPI_PAS_Retries" />
    </UnitTest>
    <UnitTest name="POrchNRT_UnknownError_Response_From_POrch_Unsuccessful_From_NRT (PaymentNrtForbidden,,)" storage="/codebuild/output/src2181318594/src/kiwibank-kb-cap-beb3aadf75d6f51b6f04b4454d78e6dc8b8b86bc/services/payments-orchestrator/src/testings.integration.mocked/bin/release/net8.0/kiwibank.payments.paymentsorchestrator.testings.integration.mocked.dll" id="99c8a6bf-0fcb-9ae5-1df7-fe0771c61c89">
      <TestCategory>
        <TestCategoryItem TestCategory="POrchNRT" />
        <TestCategoryItem TestCategory="negative" />
        <TestCategoryItem TestCategory="Process:L4ProcessPayment" />
        <TestCategoryItem TestCategory="Outcome:L4ProcessPayment.UltracsUltracsTransfer" />
      </TestCategory>
      <Execution id="c0211e4d-77c2-4095-bdd6-f7bb3b6408f3" />
      <TestMethod codeBase="/codebuild/output/src2181318594/src/Kiwibank-kb-cap-beb3aadf75d6f51b6f04b4454d78e6dc8b8b86bc/services/payments-orchestrator/src/Testings.Integration.Mocked/bin/Release/net8.0/Kiwibank.Payments.PaymentsOrchestrator.Testings.Integration.Mocked.dll" adapterTypeName="executor://mstestadapter/v2" className="Kiwibank.Payments.PaymentsOrchestrator.Testings.Integration.Mocked.TestFeatures.POrchNRTFeature" name="POrchNRT_UnknownError_Response_From_POrch_Unsuccessful_From_NRT" />
    </UnitTest>
    <UnitTest name="POrchAPI_Negative_MiddleWare_Response_409 (FrozenError,409,)" storage="/codebuild/output/src2181318594/src/kiwibank-kb-cap-beb3aadf75d6f51b6f04b4454d78e6dc8b8b86bc/services/payments-orchestrator/src/testings.integration.mocked/bin/release/net8.0/kiwibank.payments.paymentsorchestrator.testings.integration.mocked.dll" id="ffc04f98-ebde-4d4a-8364-6dbb9f652689">
      <TestCategory>
        <TestCategoryItem TestCategory="POrchAPI" />
        <TestCategoryItem TestCategory="Process:L4ProcessPayment" />
        <TestCategoryItem TestCategory="Outcome:L4ProcessPayment.UltracsUltracsTransfer" />
        <TestCategoryItem TestCategory="NegativeTest" />
      </TestCategory>
      <Execution id="3b8b3567-85d1-4490-b13f-1e1566f48298" />
      <TestMethod codeBase="/codebuild/output/src2181318594/src/Kiwibank-kb-cap-beb3aadf75d6f51b6f04b4454d78e6dc8b8b86bc/services/payments-orchestrator/src/Testings.Integration.Mocked/bin/Release/net8.0/Kiwibank.Payments.PaymentsOrchestrator.Testings.Integration.Mocked.dll" adapterTypeName="executor://mstestadapter/v2" className="Kiwibank.Payments.PaymentsOrchestrator.Testings.Integration.Mocked.TestFeatures.POrchAPIFeature" name="POrchAPI_Negative_MiddleWare_Response_409" />
    </UnitTest>
    <UnitTest name="POrchAPI_Invalid_PAS_Response_Doesnt_Affect_POrch_Result (400,,)" storage="/codebuild/output/src2181318594/src/kiwibank-kb-cap-beb3aadf75d6f51b6f04b4454d78e6dc8b8b86bc/services/payments-orchestrator/src/testings.integration.mocked/bin/release/net8.0/kiwibank.payments.paymentsorchestrator.testings.integration.mocked.dll" id="1012c324-8161-0942-c41e-efe0e24c3068">
      <TestCategory>
        <TestCategoryItem TestCategory="POrchAPI" />
        <TestCategoryItem TestCategory="Process:L4ProcessPayment" />
        <TestCategoryItem TestCategory="Outcome:L4ProcessPayment.UltracsUltracsTransfer" />
      </TestCategory>
      <Execution id="245d61a9-5de9-4c48-bbd9-28f339af83b5" />
      <TestMethod codeBase="/codebuild/output/src2181318594/src/Kiwibank-kb-cap-beb3aadf75d6f51b6f04b4454d78e6dc8b8b86bc/services/payments-orchestrator/src/Testings.Integration.Mocked/bin/Release/net8.0/Kiwibank.Payments.PaymentsOrchestrator.Testings.Integration.Mocked.dll" adapterTypeName="executor://mstestadapter/v2" className="Kiwibank.Payments.PaymentsOrchestrator.Testings.Integration.Mocked.TestFeatures.POrchAPIFeature" name="POrchAPI_Invalid_PAS_Response_Doesnt_Affect_POrch_Result" />
    </UnitTest>
    <UnitTest name="POrchAPI_Other_Fraud_Responses_Do_Not_Retry (Refer,409,)" storage="/codebuild/output/src2181318594/src/kiwibank-kb-cap-beb3aadf75d6f51b6f04b4454d78e6dc8b8b86bc/services/payments-orchestrator/src/testings.integration.mocked/bin/release/net8.0/kiwibank.payments.paymentsorchestrator.testings.integration.mocked.dll" id="0f49765d-7714-2e01-cacb-5bcb003533f7">
      <TestCategory>
        <TestCategoryItem TestCategory="scenarioTest" />
        <TestCategoryItem TestCategory="Process:L4ProcessPayment" />
        <TestCategoryItem TestCategory="Outcome:L4ProcessPayment.UltracsUltracsTransfer" />
      </TestCategory>
      <Execution id="1a5be862-6afc-47af-b05d-e3e1bb37363b" />
      <TestMethod codeBase="/codebuild/output/src2181318594/src/Kiwibank-kb-cap-beb3aadf75d6f51b6f04b4454d78e6dc8b8b86bc/services/payments-orchestrator/src/Testings.Integration.Mocked/bin/Release/net8.0/Kiwibank.Payments.PaymentsOrchestrator.Testings.Integration.Mocked.dll" adapterTypeName="executor://mstestadapter/v2" className="Kiwibank.Payments.PaymentsOrchestrator.Testings.Integration.Mocked.TestFeatures.POrchDownstreamServicesRetryAppropriatelyFeature" name="POrchAPI_Other_Fraud_Responses_Do_Not_Retry" />
    </UnitTest>
    <UnitTest name="POrchNRT_Unsuccessful_Response_From_NRT (PaymentNrtForbidden,,)" storage="/codebuild/output/src2181318594/src/kiwibank-kb-cap-beb3aadf75d6f51b6f04b4454d78e6dc8b8b86bc/services/payments-orchestrator/src/testings.integration.mocked/bin/release/net8.0/kiwibank.payments.paymentsorchestrator.testings.integration.mocked.dll" id="bd1a2810-75db-7add-94a1-1261e7ac4845">
      <TestCategory>
        <TestCategoryItem TestCategory="POrchNRT" />
        <TestCategoryItem TestCategory="negative" />
        <TestCategoryItem TestCategory="Process:L4ProcessPayment" />
        <TestCategoryItem TestCategory="Outcome:L4ProcessPayment.UltracsUltracsTransfer" />
      </TestCategory>
      <Execution id="ab5bd98f-18b3-4310-942c-e34bc3fd82f9" />
      <TestMethod codeBase="/codebuild/output/src2181318594/src/Kiwibank-kb-cap-beb3aadf75d6f51b6f04b4454d78e6dc8b8b86bc/services/payments-orchestrator/src/Testings.Integration.Mocked/bin/Release/net8.0/Kiwibank.Payments.PaymentsOrchestrator.Testings.Integration.Mocked.dll" adapterTypeName="executor://mstestadapter/v2" className="Kiwibank.Payments.PaymentsOrchestrator.Testings.Integration.Mocked.TestFeatures.POrchNRTFeature" name="POrchNRT_Unsuccessful_Response_From_NRT" />
    </UnitTest>
    <UnitTest name="POrchAPI_Invalid_Debtor_Reference_Return_Error (abcdefghijklmnsey,400,)" storage="/codebuild/output/src2181318594/src/kiwibank-kb-cap-beb3aadf75d6f51b6f04b4454d78e6dc8b8b86bc/services/payments-orchestrator/src/testings.integration.mocked/bin/release/net8.0/kiwibank.payments.paymentsorchestrator.testings.integration.mocked.dll" id="1eba9d5f-108c-2454-5cfd-d38f970f6020">
      <TestCategory>
        <TestCategoryItem TestCategory="POrchAPI" />
        <TestCategoryItem TestCategory="Process:L4ProcessPayment" />
        <TestCategoryItem TestCategory="Outcome:L4ProcessPayment.UltracsUltracsTransfer" />
        <TestCategoryItem TestCategory="NegativeTest" />
      </TestCategory>
      <Execution id="1c9f33b2-7778-4b0e-8c04-8ac44eb1eaf6" />
      <TestMethod codeBase="/codebuild/output/src2181318594/src/Kiwibank-kb-cap-beb3aadf75d6f51b6f04b4454d78e6dc8b8b86bc/services/payments-orchestrator/src/Testings.Integration.Mocked/bin/Release/net8.0/Kiwibank.Payments.PaymentsOrchestrator.Testings.Integration.Mocked.dll" adapterTypeName="executor://mstestadapter/v2" className="Kiwibank.Payments.PaymentsOrchestrator.Testings.Integration.Mocked.TestFeatures.POrchAPIFieldValidationFeature" name="POrchAPI_Invalid_Debtor_Reference_Return_Error" />
    </UnitTest>
    <UnitTest name="POrchAPI_Negative_MiddleWare_Response_409 (InvalidBankBranchNumberError,409,)" storage="/codebuild/output/src2181318594/src/kiwibank-kb-cap-beb3aadf75d6f51b6f04b4454d78e6dc8b8b86bc/services/payments-orchestrator/src/testings.integration.mocked/bin/release/net8.0/kiwibank.payments.paymentsorchestrator.testings.integration.mocked.dll" id="e0888376-299a-3fad-9735-42c534ccca04">
      <TestCategory>
        <TestCategoryItem TestCategory="POrchAPI" />
        <TestCategoryItem TestCategory="Process:L4ProcessPayment" />
        <TestCategoryItem TestCategory="Outcome:L4ProcessPayment.UltracsUltracsTransfer" />
        <TestCategoryItem TestCategory="NegativeTest" />
      </TestCategory>
      <Execution id="3e8e40f7-77f9-4a81-ba58-a15b3d70653c" />
      <TestMethod codeBase="/codebuild/output/src2181318594/src/Kiwibank-kb-cap-beb3aadf75d6f51b6f04b4454d78e6dc8b8b86bc/services/payments-orchestrator/src/Testings.Integration.Mocked/bin/Release/net8.0/Kiwibank.Payments.PaymentsOrchestrator.Testings.Integration.Mocked.dll" adapterTypeName="executor://mstestadapter/v2" className="Kiwibank.Payments.PaymentsOrchestrator.Testings.Integration.Mocked.TestFeatures.POrchAPIFeature" name="POrchAPI_Negative_MiddleWare_Response_409" />
    </UnitTest>
    <UnitTest name="POrchAPI_Negative_FraudCheck_Response_Insufficient_Middleware_409 (Hold,409,)" storage="/codebuild/output/src2181318594/src/kiwibank-kb-cap-beb3aadf75d6f51b6f04b4454d78e6dc8b8b86bc/services/payments-orchestrator/src/testings.integration.mocked/bin/release/net8.0/kiwibank.payments.paymentsorchestrator.testings.integration.mocked.dll" id="adf1aabf-ee1c-1eb6-cb0b-7dfcdb73cc2e">
      <TestCategory>
        <TestCategoryItem TestCategory="POrchAPI" />
        <TestCategoryItem TestCategory="Process:L4ProcessPayment" />
        <TestCategoryItem TestCategory="Outcome:L4ProcessPayment.UltracsUltracsTransfer" />
        <TestCategoryItem TestCategory="NegativeTest" />
      </TestCategory>
      <Execution id="403c5d60-2039-4d32-b510-38a34f073321" />
      <TestMethod codeBase="/codebuild/output/src2181318594/src/Kiwibank-kb-cap-beb3aadf75d6f51b6f04b4454d78e6dc8b8b86bc/services/payments-orchestrator/src/Testings.Integration.Mocked/bin/Release/net8.0/Kiwibank.Payments.PaymentsOrchestrator.Testings.Integration.Mocked.dll" adapterTypeName="executor://mstestadapter/v2" className="Kiwibank.Payments.PaymentsOrchestrator.Testings.Integration.Mocked.TestFeatures.POrchAPIFeature" name="POrchAPI_Negative_FraudCheck_Response_Insufficient_Middleware_409" />
    </UnitTest>
    <UnitTest name="POrchAPI_PAS_Retries (500,,)" storage="/codebuild/output/src2181318594/src/kiwibank-kb-cap-beb3aadf75d6f51b6f04b4454d78e6dc8b8b86bc/services/payments-orchestrator/src/testings.integration.mocked/bin/release/net8.0/kiwibank.payments.paymentsorchestrator.testings.integration.mocked.dll" id="7e4ff303-6afd-4499-de8d-cb38653a6f34">
      <TestCategory>
        <TestCategoryItem TestCategory="scenarioTest" />
        <TestCategoryItem TestCategory="Process:L4ProcessPayment" />
        <TestCategoryItem TestCategory="Outcome:L4ProcessPayment.UltracsUltracsTransfer" />
        <TestCategoryItem TestCategory="requestTest" />
      </TestCategory>
      <Execution id="79443206-c1af-43d5-bf56-e14786d2d4f3" />
      <TestMethod codeBase="/codebuild/output/src2181318594/src/Kiwibank-kb-cap-beb3aadf75d6f51b6f04b4454d78e6dc8b8b86bc/services/payments-orchestrator/src/Testings.Integration.Mocked/bin/Release/net8.0/Kiwibank.Payments.PaymentsOrchestrator.Testings.Integration.Mocked.dll" adapterTypeName="executor://mstestadapter/v2" className="Kiwibank.Payments.PaymentsOrchestrator.Testings.Integration.Mocked.TestFeatures.POrchDownstreamServicesRetryAppropriatelyFeature" name="POrchAPI_PAS_Retries" />
    </UnitTest>
    <UnitTest name="POrchAPI_TMVTMV_Transfer_Send_Transfer_Reference_Return_Error (TRANSFER TO MR Test - 00,400,)" storage="/codebuild/output/src2181318594/src/kiwibank-kb-cap-beb3aadf75d6f51b6f04b4454d78e6dc8b8b86bc/services/payments-orchestrator/src/testings.integration.mocked/bin/release/net8.0/kiwibank.payments.paymentsorchestrator.testings.integration.mocked.dll" id="9906dcd0-ae4b-525a-9295-634f86d82a75">
      <TestCategory>
        <TestCategoryItem TestCategory="POrchAPI" />
        <TestCategoryItem TestCategory="Process:L4ProcessPayment" />
        <TestCategoryItem TestCategory="NegativeTest" />
        <TestCategoryItem TestCategory="Outcome:L4ProcessPayment.UltracsUltracs" />
      </TestCategory>
      <Execution id="59b111c3-2087-4450-96b4-0d63d48a496a" />
      <TestMethod codeBase="/codebuild/output/src2181318594/src/Kiwibank-kb-cap-beb3aadf75d6f51b6f04b4454d78e6dc8b8b86bc/services/payments-orchestrator/src/Testings.Integration.Mocked/bin/Release/net8.0/Kiwibank.Payments.PaymentsOrchestrator.Testings.Integration.Mocked.dll" adapterTypeName="executor://mstestadapter/v2" className="Kiwibank.Payments.PaymentsOrchestrator.Testings.Integration.Mocked.TestFeatures.POrchTransferFieldValidationFeature" name="POrchAPI_TMVTMV_Transfer_Send_Transfer_Reference_Return_Error" />
    </UnitTest>
    <UnitTest name="POrchAPI_TMVToUltracs_Negative_MiddleWare_Response_409 (UnknownError,500,)" storage="/codebuild/output/src2181318594/src/kiwibank-kb-cap-beb3aadf75d6f51b6f04b4454d78e6dc8b8b86bc/services/payments-orchestrator/src/testings.integration.mocked/bin/release/net8.0/kiwibank.payments.paymentsorchestrator.testings.integration.mocked.dll" id="14113774-8076-c027-eb5f-ce9b50496561">
      <TestCategory>
        <TestCategoryItem TestCategory="NegativeTest" />
        <TestCategoryItem TestCategory="POrchAPI" />
        <TestCategoryItem TestCategory="Process:L4ProcessPayment" />
        <TestCategoryItem TestCategory="Outcome:L4ProcessPayment.TmvUltracsTransfer" />
        <TestCategoryItem TestCategory="EDB-MPS-IPC-REQ.04" />
      </TestCategory>
      <Execution id="8adf0cb5-1009-4f5a-963d-56fcf67e1900" />
      <TestMethod codeBase="/codebuild/output/src2181318594/src/Kiwibank-kb-cap-beb3aadf75d6f51b6f04b4454d78e6dc8b8b86bc/services/payments-orchestrator/src/Testings.Integration.Mocked/bin/Release/net8.0/Kiwibank.Payments.PaymentsOrchestrator.Testings.Integration.Mocked.dll" adapterTypeName="executor://mstestadapter/v2" className="Kiwibank.Payments.PaymentsOrchestrator.Testings.Integration.Mocked.TestFeatures.POrchAPITransferTMVUltracsFeature" name="POrchAPI_TMVToUltracs_Negative_MiddleWare_Response_409" />
    </UnitTest>
    <UnitTest name="POrchAPI_Transfer_Invalid_Debtor_Reference_Return_Error (abcdefghijklmnsey,400,)" storage="/codebuild/output/src2181318594/src/kiwibank-kb-cap-beb3aadf75d6f51b6f04b4454d78e6dc8b8b86bc/services/payments-orchestrator/src/testings.integration.mocked/bin/release/net8.0/kiwibank.payments.paymentsorchestrator.testings.integration.mocked.dll" id="5255dc6d-608f-75ea-b670-2bf8b7b45263">
      <TestCategory>
        <TestCategoryItem TestCategory="POrchAPI" />
        <TestCategoryItem TestCategory="Process:L4ProcessPayment" />
        <TestCategoryItem TestCategory="NegativeTest" />
        <TestCategoryItem TestCategory="Outcome:L4ProcessPayment.UltracsUltracs" />
      </TestCategory>
      <Execution id="52ea02bc-a415-450c-887d-461fcb4875a5" />
      <TestMethod codeBase="/codebuild/output/src2181318594/src/Kiwibank-kb-cap-beb3aadf75d6f51b6f04b4454d78e6dc8b8b86bc/services/payments-orchestrator/src/Testings.Integration.Mocked/bin/Release/net8.0/Kiwibank.Payments.PaymentsOrchestrator.Testings.Integration.Mocked.dll" adapterTypeName="executor://mstestadapter/v2" className="Kiwibank.Payments.PaymentsOrchestrator.Testings.Integration.Mocked.TestFeatures.POrchTransferFieldValidationFeature" name="POrchAPI_Transfer_Invalid_Debtor_Reference_Return_Error" />
    </UnitTest>
    <UnitTest name="POrchAPI_TMVToUltracs_Valid_Creditor_Reference_Return_Success (()+$*!;-/?:,201,)" storage="/codebuild/output/src2181318594/src/kiwibank-kb-cap-beb3aadf75d6f51b6f04b4454d78e6dc8b8b86bc/services/payments-orchestrator/src/testings.integration.mocked/bin/release/net8.0/kiwibank.payments.paymentsorchestrator.testings.integration.mocked.dll" id="def15d37-a46e-6d35-8494-fbad53c206f8">
      <TestCategory>
        <TestCategoryItem TestCategory="EDB-MPS-IPC-REQ.02" />
        <TestCategoryItem TestCategory="POrchAPI" />
        <TestCategoryItem TestCategory="Process:L4ProcessPayment" />
        <TestCategoryItem TestCategory="PositiveTest" />
        <TestCategoryItem TestCategory="Outcome:L4ProcessPayment.TmvUltracsTransfer" />
      </TestCategory>
      <Execution id="b9110380-69a8-4ae2-a8c7-c93bae4ba6f7" />
      <TestMethod codeBase="/codebuild/output/src2181318594/src/Kiwibank-kb-cap-beb3aadf75d6f51b6f04b4454d78e6dc8b8b86bc/services/payments-orchestrator/src/Testings.Integration.Mocked/bin/Release/net8.0/Kiwibank.Payments.PaymentsOrchestrator.Testings.Integration.Mocked.dll" adapterTypeName="executor://mstestadapter/v2" className="Kiwibank.Payments.PaymentsOrchestrator.Testings.Integration.Mocked.TestFeatures.POrchAPITransferTMVUltracsFeature" name="POrchAPI_TMVToUltracs_Valid_Creditor_Reference_Return_Success" />
    </UnitTest>
    <UnitTest name="POrchAPI_To_KBAccount_Successful" storage="/codebuild/output/src2181318594/src/kiwibank-kb-cap-beb3aadf75d6f51b6f04b4454d78e6dc8b8b86bc/services/payments-orchestrator/src/testings.integration.mocked/bin/release/net8.0/kiwibank.payments.paymentsorchestrator.testings.integration.mocked.dll" id="a26ec6f8-6dd9-5136-a9d6-39566670d840">
      <TestCategory>
        <TestCategoryItem TestCategory="POrchAPI" />
        <TestCategoryItem TestCategory="Process:L4ProcessPayment" />
        <TestCategoryItem TestCategory="Outcome:L4ProcessPayment.UltracsUltracsTransfer" />
      </TestCategory>
      <Execution id="a780eb5e-5acf-4959-872a-af4215f0be15" />
      <TestMethod codeBase="/codebuild/output/src2181318594/src/Kiwibank-kb-cap-beb3aadf75d6f51b6f04b4454d78e6dc8b8b86bc/services/payments-orchestrator/src/Testings.Integration.Mocked/bin/Release/net8.0/Kiwibank.Payments.PaymentsOrchestrator.Testings.Integration.Mocked.dll" adapterTypeName="executor://mstestadapter/v2" className="Kiwibank.Payments.PaymentsOrchestrator.Testings.Integration.Mocked.TestFeatures.POrchAPIFeature" name="POrchAPI_To_KBAccount_Successful" />
    </UnitTest>
    <UnitTest name="POrchAPI_TMVToUltracs_Negative_MiddleWare_Response_409 (ClosedAccountError,409,)" storage="/codebuild/output/src2181318594/src/kiwibank-kb-cap-beb3aadf75d6f51b6f04b4454d78e6dc8b8b86bc/services/payments-orchestrator/src/testings.integration.mocked/bin/release/net8.0/kiwibank.payments.paymentsorchestrator.testings.integration.mocked.dll" id="45843d7e-796c-a104-9074-f38676441619">
      <TestCategory>
        <TestCategoryItem TestCategory="NegativeTest" />
        <TestCategoryItem TestCategory="POrchAPI" />
        <TestCategoryItem TestCategory="Process:L4ProcessPayment" />
        <TestCategoryItem TestCategory="Outcome:L4ProcessPayment.TmvUltracsTransfer" />
        <TestCategoryItem TestCategory="EDB-MPS-IPC-REQ.04" />
      </TestCategory>
      <Execution id="506262d0-bfb6-45ac-9e13-97a4d9c353ac" />
      <TestMethod codeBase="/codebuild/output/src2181318594/src/Kiwibank-kb-cap-beb3aadf75d6f51b6f04b4454d78e6dc8b8b86bc/services/payments-orchestrator/src/Testings.Integration.Mocked/bin/Release/net8.0/Kiwibank.Payments.PaymentsOrchestrator.Testings.Integration.Mocked.dll" adapterTypeName="executor://mstestadapter/v2" className="Kiwibank.Payments.PaymentsOrchestrator.Testings.Integration.Mocked.TestFeatures.POrchAPITransferTMVUltracsFeature" name="POrchAPI_TMVToUltracs_Negative_MiddleWare_Response_409" />
    </UnitTest>
    <UnitTest name="POrchAPI_TMVToUltracs_Negative_MiddleWare_Response_409 (AccountNumberIsInvalidError,409,)" storage="/codebuild/output/src2181318594/src/kiwibank-kb-cap-beb3aadf75d6f51b6f04b4454d78e6dc8b8b86bc/services/payments-orchestrator/src/testings.integration.mocked/bin/release/net8.0/kiwibank.payments.paymentsorchestrator.testings.integration.mocked.dll" id="eea8f669-6182-59fe-4fe6-631eec187179">
      <TestCategory>
        <TestCategoryItem TestCategory="NegativeTest" />
        <TestCategoryItem TestCategory="POrchAPI" />
        <TestCategoryItem TestCategory="Process:L4ProcessPayment" />
        <TestCategoryItem TestCategory="Outcome:L4ProcessPayment.TmvUltracsTransfer" />
        <TestCategoryItem TestCategory="EDB-MPS-IPC-REQ.04" />
      </TestCategory>
      <Execution id="5a016903-67cc-41d3-9648-31f47eca1c7d" />
      <TestMethod codeBase="/codebuild/output/src2181318594/src/Kiwibank-kb-cap-beb3aadf75d6f51b6f04b4454d78e6dc8b8b86bc/services/payments-orchestrator/src/Testings.Integration.Mocked/bin/Release/net8.0/Kiwibank.Payments.PaymentsOrchestrator.Testings.Integration.Mocked.dll" adapterTypeName="executor://mstestadapter/v2" className="Kiwibank.Payments.PaymentsOrchestrator.Testings.Integration.Mocked.TestFeatures.POrchAPITransferTMVUltracsFeature" name="POrchAPI_TMVToUltracs_Negative_MiddleWare_Response_409" />
    </UnitTest>
    <UnitTest name="POrchAPI_TMVToUltracs_Negative_MiddleWare_Response_409 (InvalidBankBranchNumberError,409,)" storage="/codebuild/output/src2181318594/src/kiwibank-kb-cap-beb3aadf75d6f51b6f04b4454d78e6dc8b8b86bc/services/payments-orchestrator/src/testings.integration.mocked/bin/release/net8.0/kiwibank.payments.paymentsorchestrator.testings.integration.mocked.dll" id="a403b264-2f4d-ef39-f80b-4262b6dfcac5">
      <TestCategory>
        <TestCategoryItem TestCategory="NegativeTest" />
        <TestCategoryItem TestCategory="POrchAPI" />
        <TestCategoryItem TestCategory="Process:L4ProcessPayment" />
        <TestCategoryItem TestCategory="Outcome:L4ProcessPayment.TmvUltracsTransfer" />
        <TestCategoryItem TestCategory="EDB-MPS-IPC-REQ.04" />
      </TestCategory>
      <Execution id="401df9c9-1537-4e3d-a484-884f9cdda4fd" />
      <TestMethod codeBase="/codebuild/output/src2181318594/src/Kiwibank-kb-cap-beb3aadf75d6f51b6f04b4454d78e6dc8b8b86bc/services/payments-orchestrator/src/Testings.Integration.Mocked/bin/Release/net8.0/Kiwibank.Payments.PaymentsOrchestrator.Testings.Integration.Mocked.dll" adapterTypeName="executor://mstestadapter/v2" className="Kiwibank.Payments.PaymentsOrchestrator.Testings.Integration.Mocked.TestFeatures.POrchAPITransferTMVUltracsFeature" name="POrchAPI_TMVToUltracs_Negative_MiddleWare_Response_409" />
    </UnitTest>
    <UnitTest name="POrchAPI_Invalid_Credit_Account_Return_Error (abcdefghijklmnse,400,)" storage="/codebuild/output/src2181318594/src/kiwibank-kb-cap-beb3aadf75d6f51b6f04b4454d78e6dc8b8b86bc/services/payments-orchestrator/src/testings.integration.mocked/bin/release/net8.0/kiwibank.payments.paymentsorchestrator.testings.integration.mocked.dll" id="87cd87e7-f8b3-8fec-86a5-3e9d93a6a9b4">
      <TestCategory>
        <TestCategoryItem TestCategory="POrchAPI" />
        <TestCategoryItem TestCategory="Process:L4ProcessPayment" />
        <TestCategoryItem TestCategory="Outcome:L4ProcessPayment.UltracsUltracsTransfer" />
        <TestCategoryItem TestCategory="NegativeTest" />
      </TestCategory>
      <Execution id="86b996cf-8a79-4064-b1df-1261a0583531" />
      <TestMethod codeBase="/codebuild/output/src2181318594/src/Kiwibank-kb-cap-beb3aadf75d6f51b6f04b4454d78e6dc8b8b86bc/services/payments-orchestrator/src/Testings.Integration.Mocked/bin/Release/net8.0/Kiwibank.Payments.PaymentsOrchestrator.Testings.Integration.Mocked.dll" adapterTypeName="executor://mstestadapter/v2" className="Kiwibank.Payments.PaymentsOrchestrator.Testings.Integration.Mocked.TestFeatures.POrchAPIFieldValidationFeature" name="POrchAPI_Invalid_Credit_Account_Return_Error" />
    </UnitTest>
    <UnitTest name="POrchAPI_Invalid_Debit_Account_Return_Error (1200000000000000,400,)" storage="/codebuild/output/src2181318594/src/kiwibank-kb-cap-beb3aadf75d6f51b6f04b4454d78e6dc8b8b86bc/services/payments-orchestrator/src/testings.integration.mocked/bin/release/net8.0/kiwibank.payments.paymentsorchestrator.testings.integration.mocked.dll" id="c67d40ef-7aa0-2b61-c77e-51a5c90cb5be">
      <TestCategory>
        <TestCategoryItem TestCategory="POrchAPI" />
        <TestCategoryItem TestCategory="Process:L4ProcessPayment" />
        <TestCategoryItem TestCategory="Outcome:L4ProcessPayment.UltracsUltracsTransfer" />
        <TestCategoryItem TestCategory="NegativeTest" />
      </TestCategory>
      <Execution id="48e4b1d0-f554-4c1b-b890-4c731bbb6b76" />
      <TestMethod codeBase="/codebuild/output/src2181318594/src/Kiwibank-kb-cap-beb3aadf75d6f51b6f04b4454d78e6dc8b8b86bc/services/payments-orchestrator/src/Testings.Integration.Mocked/bin/Release/net8.0/Kiwibank.Payments.PaymentsOrchestrator.Testings.Integration.Mocked.dll" adapterTypeName="executor://mstestadapter/v2" className="Kiwibank.Payments.PaymentsOrchestrator.Testings.Integration.Mocked.TestFeatures.POrchAPIFieldValidationFeature" name="POrchAPI_Invalid_Debit_Account_Return_Error" />
    </UnitTest>
    <UnitTest name="POrchAPI_TMVToTMV_Valid_Creditor_Reference_Return_Success (()+$*!;-/?:,201,)" storage="/codebuild/output/src2181318594/src/kiwibank-kb-cap-beb3aadf75d6f51b6f04b4454d78e6dc8b8b86bc/services/payments-orchestrator/src/testings.integration.mocked/bin/release/net8.0/kiwibank.payments.paymentsorchestrator.testings.integration.mocked.dll" id="a923da62-0967-101d-20f5-b36319276a81">
      <TestCategory>
        <TestCategoryItem TestCategory="POrchAPI" />
        <TestCategoryItem TestCategory="PositiveTest" />
        <TestCategoryItem TestCategory="Process:L4ProcessPayment" />
        <TestCategoryItem TestCategory="Outcome:L4ProcessPayment.TmvTmvTransfer" />
        <TestCategoryItem TestCategory="EDB-MPS-IPC-REQ.01" />
      </TestCategory>
      <Execution id="2b141b5f-eb31-417c-9398-ce851582340d" />
      <TestMethod codeBase="/codebuild/output/src2181318594/src/Kiwibank-kb-cap-beb3aadf75d6f51b6f04b4454d78e6dc8b8b86bc/services/payments-orchestrator/src/Testings.Integration.Mocked/bin/Release/net8.0/Kiwibank.Payments.PaymentsOrchestrator.Testings.Integration.Mocked.dll" adapterTypeName="executor://mstestadapter/v2" className="Kiwibank.Payments.PaymentsOrchestrator.Testings.Integration.Mocked.TestFeatures.POrchAPITransferTmvTmvFeature" name="POrchAPI_TMVToTMV_Valid_Creditor_Reference_Return_Success" />
    </UnitTest>
    <UnitTest name="POrchAPI_Transfer_Invalid_Currency_Return_Error (Random,400,)" storage="/codebuild/output/src2181318594/src/kiwibank-kb-cap-beb3aadf75d6f51b6f04b4454d78e6dc8b8b86bc/services/payments-orchestrator/src/testings.integration.mocked/bin/release/net8.0/kiwibank.payments.paymentsorchestrator.testings.integration.mocked.dll" id="44f7b27f-f1c3-703c-68cf-d37045e86af9">
      <TestCategory>
        <TestCategoryItem TestCategory="POrchAPI" />
        <TestCategoryItem TestCategory="Process:L4ProcessPayment" />
        <TestCategoryItem TestCategory="NegativeTest" />
        <TestCategoryItem TestCategory="Outcome:L4ProcessPayment.UltracsUltracs" />
      </TestCategory>
      <Execution id="c079ae95-bd0e-4a4a-9950-0e42dbb537f6" />
      <TestMethod codeBase="/codebuild/output/src2181318594/src/Kiwibank-kb-cap-beb3aadf75d6f51b6f04b4454d78e6dc8b8b86bc/services/payments-orchestrator/src/Testings.Integration.Mocked/bin/Release/net8.0/Kiwibank.Payments.PaymentsOrchestrator.Testings.Integration.Mocked.dll" adapterTypeName="executor://mstestadapter/v2" className="Kiwibank.Payments.PaymentsOrchestrator.Testings.Integration.Mocked.TestFeatures.POrchTransferFieldValidationFeature" name="POrchAPI_Transfer_Invalid_Currency_Return_Error" />
    </UnitTest>
    <UnitTest name="POrchAPI_Negative_FraudCheck_Response_Insufficient_Middleware_409 (Refer,409,)" storage="/codebuild/output/src2181318594/src/kiwibank-kb-cap-beb3aadf75d6f51b6f04b4454d78e6dc8b8b86bc/services/payments-orchestrator/src/testings.integration.mocked/bin/release/net8.0/kiwibank.payments.paymentsorchestrator.testings.integration.mocked.dll" id="3005acbb-bd0a-569e-1890-86c7b486cbc0">
      <TestCategory>
        <TestCategoryItem TestCategory="POrchAPI" />
        <TestCategoryItem TestCategory="Process:L4ProcessPayment" />
        <TestCategoryItem TestCategory="Outcome:L4ProcessPayment.UltracsUltracsTransfer" />
        <TestCategoryItem TestCategory="NegativeTest" />
      </TestCategory>
      <Execution id="b19f250f-243c-44f4-9f03-4e06b882b4c0" />
      <TestMethod codeBase="/codebuild/output/src2181318594/src/Kiwibank-kb-cap-beb3aadf75d6f51b6f04b4454d78e6dc8b8b86bc/services/payments-orchestrator/src/Testings.Integration.Mocked/bin/Release/net8.0/Kiwibank.Payments.PaymentsOrchestrator.Testings.Integration.Mocked.dll" adapterTypeName="executor://mstestadapter/v2" className="Kiwibank.Payments.PaymentsOrchestrator.Testings.Integration.Mocked.TestFeatures.POrchAPIFeature" name="POrchAPI_Negative_FraudCheck_Response_Insufficient_Middleware_409" />
    </UnitTest>
    <UnitTest name="POrchAPI_Transfer_Invalid_Debit_Account_Return_Error (38123456789765,400,)" storage="/codebuild/output/src2181318594/src/kiwibank-kb-cap-beb3aadf75d6f51b6f04b4454d78e6dc8b8b86bc/services/payments-orchestrator/src/testings.integration.mocked/bin/release/net8.0/kiwibank.payments.paymentsorchestrator.testings.integration.mocked.dll" id="21e999d7-510e-1c4e-c52c-d104b54dd531">
      <TestCategory>
        <TestCategoryItem TestCategory="POrchAPI" />
        <TestCategoryItem TestCategory="Process:L4ProcessPayment" />
        <TestCategoryItem TestCategory="NegativeTest" />
        <TestCategoryItem TestCategory="Outcome:L4ProcessPayment.UltracsUltracs" />
      </TestCategory>
      <Execution id="c5199eec-7d8e-488b-8fb9-1e24d5109050" />
      <TestMethod codeBase="/codebuild/output/src2181318594/src/Kiwibank-kb-cap-beb3aadf75d6f51b6f04b4454d78e6dc8b8b86bc/services/payments-orchestrator/src/Testings.Integration.Mocked/bin/Release/net8.0/Kiwibank.Payments.PaymentsOrchestrator.Testings.Integration.Mocked.dll" adapterTypeName="executor://mstestadapter/v2" className="Kiwibank.Payments.PaymentsOrchestrator.Testings.Integration.Mocked.TestFeatures.POrchTransferFieldValidationFeature" name="POrchAPI_Transfer_Invalid_Debit_Account_Return_Error" />
    </UnitTest>
    <UnitTest name="POrchAPI_Invalid_Currency_Return_Error (nzd,400,)" storage="/codebuild/output/src2181318594/src/kiwibank-kb-cap-beb3aadf75d6f51b6f04b4454d78e6dc8b8b86bc/services/payments-orchestrator/src/testings.integration.mocked/bin/release/net8.0/kiwibank.payments.paymentsorchestrator.testings.integration.mocked.dll" id="3706f52f-501f-e437-b20e-47a7a96d2a24">
      <TestCategory>
        <TestCategoryItem TestCategory="POrchAPI" />
        <TestCategoryItem TestCategory="Process:L4ProcessPayment" />
        <TestCategoryItem TestCategory="Outcome:L4ProcessPayment.UltracsUltracsTransfer" />
        <TestCategoryItem TestCategory="NegativeTest" />
      </TestCategory>
      <Execution id="7984247d-104d-46ec-8527-e84235c48af1" />
      <TestMethod codeBase="/codebuild/output/src2181318594/src/Kiwibank-kb-cap-beb3aadf75d6f51b6f04b4454d78e6dc8b8b86bc/services/payments-orchestrator/src/Testings.Integration.Mocked/bin/Release/net8.0/Kiwibank.Payments.PaymentsOrchestrator.Testings.Integration.Mocked.dll" adapterTypeName="executor://mstestadapter/v2" className="Kiwibank.Payments.PaymentsOrchestrator.Testings.Integration.Mocked.TestFeatures.POrchAPIFieldValidationFeature" name="POrchAPI_Invalid_Currency_Return_Error" />
    </UnitTest>
    <UnitTest name="POrchAPI_Invalid_Creditor_Reference_Return_Error (\,400,)" storage="/codebuild/output/src2181318594/src/kiwibank-kb-cap-beb3aadf75d6f51b6f04b4454d78e6dc8b8b86bc/services/payments-orchestrator/src/testings.integration.mocked/bin/release/net8.0/kiwibank.payments.paymentsorchestrator.testings.integration.mocked.dll" id="3d6e4665-1829-641c-4861-4af62b7a71a9">
      <TestCategory>
        <TestCategoryItem TestCategory="POrchAPI" />
        <TestCategoryItem TestCategory="Process:L4ProcessPayment" />
        <TestCategoryItem TestCategory="Outcome:L4ProcessPayment.UltracsUltracsTransfer" />
        <TestCategoryItem TestCategory="NegativeTest" />
      </TestCategory>
      <Execution id="77d0c566-b642-40aa-8836-c73bc55cf0c8" />
      <TestMethod codeBase="/codebuild/output/src2181318594/src/Kiwibank-kb-cap-beb3aadf75d6f51b6f04b4454d78e6dc8b8b86bc/services/payments-orchestrator/src/Testings.Integration.Mocked/bin/Release/net8.0/Kiwibank.Payments.PaymentsOrchestrator.Testings.Integration.Mocked.dll" adapterTypeName="executor://mstestadapter/v2" className="Kiwibank.Payments.PaymentsOrchestrator.Testings.Integration.Mocked.TestFeatures.POrchAPIFieldValidationFeature" name="POrchAPI_Invalid_Creditor_Reference_Return_Error" />
    </UnitTest>
    <UnitTest name="POrchAPI_Other_Middleware_Responses_Do_Not_Retry (AccountIdentificationInsufficientError,409,)" storage="/codebuild/output/src2181318594/src/kiwibank-kb-cap-beb3aadf75d6f51b6f04b4454d78e6dc8b8b86bc/services/payments-orchestrator/src/testings.integration.mocked/bin/release/net8.0/kiwibank.payments.paymentsorchestrator.testings.integration.mocked.dll" id="0c59d76c-fcfa-911e-0eb0-a6a4bb0be5cb">
      <TestCategory>
        <TestCategoryItem TestCategory="scenarioTest" />
        <TestCategoryItem TestCategory="Process:L4ProcessPayment" />
        <TestCategoryItem TestCategory="Outcome:L4ProcessPayment.UltracsUltracsTransfer" />
      </TestCategory>
      <Execution id="4eb41e18-525e-4c7e-8402-c10c6a4cc907" />
      <TestMethod codeBase="/codebuild/output/src2181318594/src/Kiwibank-kb-cap-beb3aadf75d6f51b6f04b4454d78e6dc8b8b86bc/services/payments-orchestrator/src/Testings.Integration.Mocked/bin/Release/net8.0/Kiwibank.Payments.PaymentsOrchestrator.Testings.Integration.Mocked.dll" adapterTypeName="executor://mstestadapter/v2" className="Kiwibank.Payments.PaymentsOrchestrator.Testings.Integration.Mocked.TestFeatures.POrchDownstreamServicesRetryAppropriatelyFeature" name="POrchAPI_Other_Middleware_Responses_Do_Not_Retry" />
    </UnitTest>
    <UnitTest name="POrchAPI_Transfer_Invalid_Creditor_Reference_Return_Error (\,400,)" storage="/codebuild/output/src2181318594/src/kiwibank-kb-cap-beb3aadf75d6f51b6f04b4454d78e6dc8b8b86bc/services/payments-orchestrator/src/testings.integration.mocked/bin/release/net8.0/kiwibank.payments.paymentsorchestrator.testings.integration.mocked.dll" id="66b2a30f-8850-0f1e-aa89-5d56c4f90710">
      <TestCategory>
        <TestCategoryItem TestCategory="POrchAPI" />
        <TestCategoryItem TestCategory="Process:L4ProcessPayment" />
        <TestCategoryItem TestCategory="NegativeTest" />
        <TestCategoryItem TestCategory="Outcome:L4ProcessPayment.UltracsUltracs" />
      </TestCategory>
      <Execution id="1668f1ec-29f5-4449-ae9b-a2885d192ccf" />
      <TestMethod codeBase="/codebuild/output/src2181318594/src/Kiwibank-kb-cap-beb3aadf75d6f51b6f04b4454d78e6dc8b8b86bc/services/payments-orchestrator/src/Testings.Integration.Mocked/bin/Release/net8.0/Kiwibank.Payments.PaymentsOrchestrator.Testings.Integration.Mocked.dll" adapterTypeName="executor://mstestadapter/v2" className="Kiwibank.Payments.PaymentsOrchestrator.Testings.Integration.Mocked.TestFeatures.POrchTransferFieldValidationFeature" name="POrchAPI_Transfer_Invalid_Creditor_Reference_Return_Error" />
    </UnitTest>
    <UnitTest name="POrchAPI_Invalid_Credit_Account_Return_Error (38123456789765,400,)" storage="/codebuild/output/src2181318594/src/kiwibank-kb-cap-beb3aadf75d6f51b6f04b4454d78e6dc8b8b86bc/services/payments-orchestrator/src/testings.integration.mocked/bin/release/net8.0/kiwibank.payments.paymentsorchestrator.testings.integration.mocked.dll" id="bd7de458-b30d-1d8e-6031-b0f25ccd5a5d">
      <TestCategory>
        <TestCategoryItem TestCategory="POrchAPI" />
        <TestCategoryItem TestCategory="Process:L4ProcessPayment" />
        <TestCategoryItem TestCategory="Outcome:L4ProcessPayment.UltracsUltracsTransfer" />
        <TestCategoryItem TestCategory="NegativeTest" />
      </TestCategory>
      <Execution id="61977cca-b7cf-4f1a-8fbb-257f3a53c62e" />
      <TestMethod codeBase="/codebuild/output/src2181318594/src/Kiwibank-kb-cap-beb3aadf75d6f51b6f04b4454d78e6dc8b8b86bc/services/payments-orchestrator/src/Testings.Integration.Mocked/bin/Release/net8.0/Kiwibank.Payments.PaymentsOrchestrator.Testings.Integration.Mocked.dll" adapterTypeName="executor://mstestadapter/v2" className="Kiwibank.Payments.PaymentsOrchestrator.Testings.Integration.Mocked.TestFeatures.POrchAPIFieldValidationFeature" name="POrchAPI_Invalid_Credit_Account_Return_Error" />
    </UnitTest>
    <UnitTest name="POrchNRT_UnknownError_Response_From_POrch_Unsuccessful_From_NRT (PaymentNrtUnauthorized,,)" storage="/codebuild/output/src2181318594/src/kiwibank-kb-cap-beb3aadf75d6f51b6f04b4454d78e6dc8b8b86bc/services/payments-orchestrator/src/testings.integration.mocked/bin/release/net8.0/kiwibank.payments.paymentsorchestrator.testings.integration.mocked.dll" id="4a656428-a2cf-3901-edf6-8416647c8b40">
      <TestCategory>
        <TestCategoryItem TestCategory="POrchNRT" />
        <TestCategoryItem TestCategory="negative" />
        <TestCategoryItem TestCategory="Process:L4ProcessPayment" />
        <TestCategoryItem TestCategory="Outcome:L4ProcessPayment.UltracsUltracsTransfer" />
      </TestCategory>
      <Execution id="d0bd783a-586c-4137-9493-b9465ba6b0b6" />
      <TestMethod codeBase="/codebuild/output/src2181318594/src/Kiwibank-kb-cap-beb3aadf75d6f51b6f04b4454d78e6dc8b8b86bc/services/payments-orchestrator/src/Testings.Integration.Mocked/bin/Release/net8.0/Kiwibank.Payments.PaymentsOrchestrator.Testings.Integration.Mocked.dll" adapterTypeName="executor://mstestadapter/v2" className="Kiwibank.Payments.PaymentsOrchestrator.Testings.Integration.Mocked.TestFeatures.POrchNRTFeature" name="POrchNRT_UnknownError_Response_From_POrch_Unsuccessful_From_NRT" />
    </UnitTest>
    <UnitTest name="POrchAPI_Negative_MiddleWare_Response_409 (AccountNumberIsInvalidForTransactionTypeError,409,)" storage="/codebuild/output/src2181318594/src/kiwibank-kb-cap-beb3aadf75d6f51b6f04b4454d78e6dc8b8b86bc/services/payments-orchestrator/src/testings.integration.mocked/bin/release/net8.0/kiwibank.payments.paymentsorchestrator.testings.integration.mocked.dll" id="46370a69-f762-494a-36ea-c68ad69179c4">
      <TestCategory>
        <TestCategoryItem TestCategory="POrchAPI" />
        <TestCategoryItem TestCategory="Process:L4ProcessPayment" />
        <TestCategoryItem TestCategory="Outcome:L4ProcessPayment.UltracsUltracsTransfer" />
        <TestCategoryItem TestCategory="NegativeTest" />
      </TestCategory>
      <Execution id="1f9ab006-7d11-432b-b774-81fc191e00c4" />
      <TestMethod codeBase="/codebuild/output/src2181318594/src/Kiwibank-kb-cap-beb3aadf75d6f51b6f04b4454d78e6dc8b8b86bc/services/payments-orchestrator/src/Testings.Integration.Mocked/bin/Release/net8.0/Kiwibank.Payments.PaymentsOrchestrator.Testings.Integration.Mocked.dll" adapterTypeName="executor://mstestadapter/v2" className="Kiwibank.Payments.PaymentsOrchestrator.Testings.Integration.Mocked.TestFeatures.POrchAPIFeature" name="POrchAPI_Negative_MiddleWare_Response_409" />
    </UnitTest>
    <UnitTest name="POrchAPI_Invalid_PAS_Response_Doesnt_Retry (400,,)" storage="/codebuild/output/src2181318594/src/kiwibank-kb-cap-beb3aadf75d6f51b6f04b4454d78e6dc8b8b86bc/services/payments-orchestrator/src/testings.integration.mocked/bin/release/net8.0/kiwibank.payments.paymentsorchestrator.testings.integration.mocked.dll" id="9e425f6e-42f2-b256-89c2-edfb5efac27a">
      <TestCategory>
        <TestCategoryItem TestCategory="scenarioTest" />
        <TestCategoryItem TestCategory="Process:L4ProcessPayment" />
        <TestCategoryItem TestCategory="Outcome:L4ProcessPayment.UltracsUltracsTransfer" />
        <TestCategoryItem TestCategory="requestTest" />
      </TestCategory>
      <Execution id="3cf8db41-3b3f-43d0-8101-7163a850829c" />
      <TestMethod codeBase="/codebuild/output/src2181318594/src/Kiwibank-kb-cap-beb3aadf75d6f51b6f04b4454d78e6dc8b8b86bc/services/payments-orchestrator/src/Testings.Integration.Mocked/bin/Release/net8.0/Kiwibank.Payments.PaymentsOrchestrator.Testings.Integration.Mocked.dll" adapterTypeName="executor://mstestadapter/v2" className="Kiwibank.Payments.PaymentsOrchestrator.Testings.Integration.Mocked.TestFeatures.POrchDownstreamServicesRetryAppropriatelyFeature" name="POrchAPI_Invalid_PAS_Response_Doesnt_Retry" />
    </UnitTest>
    <UnitTest name="POrchAPI_Invalid_PAS_Response_Doesnt_Affect_POrch_Result (401,,)" storage="/codebuild/output/src2181318594/src/kiwibank-kb-cap-beb3aadf75d6f51b6f04b4454d78e6dc8b8b86bc/services/payments-orchestrator/src/testings.integration.mocked/bin/release/net8.0/kiwibank.payments.paymentsorchestrator.testings.integration.mocked.dll" id="f644defc-09e1-a2b2-0b72-6e70140be709">
      <TestCategory>
        <TestCategoryItem TestCategory="POrchAPI" />
        <TestCategoryItem TestCategory="Process:L4ProcessPayment" />
        <TestCategoryItem TestCategory="Outcome:L4ProcessPayment.UltracsUltracsTransfer" />
      </TestCategory>
      <Execution id="506293b9-b90f-4aa7-9758-4c51fe7c23a8" />
      <TestMethod codeBase="/codebuild/output/src2181318594/src/Kiwibank-kb-cap-beb3aadf75d6f51b6f04b4454d78e6dc8b8b86bc/services/payments-orchestrator/src/Testings.Integration.Mocked/bin/Release/net8.0/Kiwibank.Payments.PaymentsOrchestrator.Testings.Integration.Mocked.dll" adapterTypeName="executor://mstestadapter/v2" className="Kiwibank.Payments.PaymentsOrchestrator.Testings.Integration.Mocked.TestFeatures.POrchAPIFeature" name="POrchAPI_Invalid_PAS_Response_Doesnt_Affect_POrch_Result" />
    </UnitTest>
    <UnitTest name="POrchAPI_Transfer_Invalid_Creditor_Account_Source_Return_Error (&lt;null&gt;,400,'CreditorAccountSource' must not be empty.,)" storage="/codebuild/output/src2181318594/src/kiwibank-kb-cap-beb3aadf75d6f51b6f04b4454d78e6dc8b8b86bc/services/payments-orchestrator/src/testings.integration.mocked/bin/release/net8.0/kiwibank.payments.paymentsorchestrator.testings.integration.mocked.dll" id="770a30e6-f1f8-6922-1dd6-9f6a8a8c05a1">
      <TestCategory>
        <TestCategoryItem TestCategory="POrchAPI" />
        <TestCategoryItem TestCategory="Process:L4ProcessPayment" />
        <TestCategoryItem TestCategory="NegativeTest" />
        <TestCategoryItem TestCategory="Outcome:L4ProcessPayment.UltracsUltracs" />
      </TestCategory>
      <Execution id="081b17e4-1f56-4e7d-b8f0-96ef914cb5f1" />
      <TestMethod codeBase="/codebuild/output/src2181318594/src/Kiwibank-kb-cap-beb3aadf75d6f51b6f04b4454d78e6dc8b8b86bc/services/payments-orchestrator/src/Testings.Integration.Mocked/bin/Release/net8.0/Kiwibank.Payments.PaymentsOrchestrator.Testings.Integration.Mocked.dll" adapterTypeName="executor://mstestadapter/v2" className="Kiwibank.Payments.PaymentsOrchestrator.Testings.Integration.Mocked.TestFeatures.POrchTransferFieldValidationFeature" name="POrchAPI_Transfer_Invalid_Creditor_Account_Source_Return_Error" />
    </UnitTest>
    <UnitTest name="POrchAPI_Negative_FraudCheck_Response_Frozen_Middleware_409 (Decline,409,)" storage="/codebuild/output/src2181318594/src/kiwibank-kb-cap-beb3aadf75d6f51b6f04b4454d78e6dc8b8b86bc/services/payments-orchestrator/src/testings.integration.mocked/bin/release/net8.0/kiwibank.payments.paymentsorchestrator.testings.integration.mocked.dll" id="0f05724c-ecb1-a49e-a7ab-eb22e8343906">
      <TestCategory>
        <TestCategoryItem TestCategory="POrchAPI" />
        <TestCategoryItem TestCategory="Process:L4ProcessPayment" />
        <TestCategoryItem TestCategory="Outcome:L4ProcessPayment.UltracsUltracsTransfer" />
        <TestCategoryItem TestCategory="NegativeTest" />
      </TestCategory>
      <Execution id="c4b127e4-10b9-41ce-be79-c97cd7ba9772" />
      <TestMethod codeBase="/codebuild/output/src2181318594/src/Kiwibank-kb-cap-beb3aadf75d6f51b6f04b4454d78e6dc8b8b86bc/services/payments-orchestrator/src/Testings.Integration.Mocked/bin/Release/net8.0/Kiwibank.Payments.PaymentsOrchestrator.Testings.Integration.Mocked.dll" adapterTypeName="executor://mstestadapter/v2" className="Kiwibank.Payments.PaymentsOrchestrator.Testings.Integration.Mocked.TestFeatures.POrchAPIFeature" name="POrchAPI_Negative_FraudCheck_Response_Frozen_Middleware_409" />
    </UnitTest>
    <UnitTest name="POrchAPI_Negative_FraudCheck_Response_Close_Middleware_409 (Hold,409,)" storage="/codebuild/output/src2181318594/src/kiwibank-kb-cap-beb3aadf75d6f51b6f04b4454d78e6dc8b8b86bc/services/payments-orchestrator/src/testings.integration.mocked/bin/release/net8.0/kiwibank.payments.paymentsorchestrator.testings.integration.mocked.dll" id="af75ef55-0542-65e8-b2ae-a8714b1b6ee8">
      <TestCategory>
        <TestCategoryItem TestCategory="POrchAPI" />
        <TestCategoryItem TestCategory="Process:L4ProcessPayment" />
        <TestCategoryItem TestCategory="Outcome:L4ProcessPayment.UltracsUltracsTransfer" />
        <TestCategoryItem TestCategory="NegativeTest" />
      </TestCategory>
      <Execution id="3f5c7a2e-328c-4fa7-aee7-b474e12e34bd" />
      <TestMethod codeBase="/codebuild/output/src2181318594/src/Kiwibank-kb-cap-beb3aadf75d6f51b6f04b4454d78e6dc8b8b86bc/services/payments-orchestrator/src/Testings.Integration.Mocked/bin/Release/net8.0/Kiwibank.Payments.PaymentsOrchestrator.Testings.Integration.Mocked.dll" adapterTypeName="executor://mstestadapter/v2" className="Kiwibank.Payments.PaymentsOrchestrator.Testings.Integration.Mocked.TestFeatures.POrchAPIFeature" name="POrchAPI_Negative_FraudCheck_Response_Close_Middleware_409" />
    </UnitTest>
    <UnitTest name="POrchAPI_Negative_FraudCheck_Response_Close_Middleware_409 (Unknown,409,)" storage="/codebuild/output/src2181318594/src/kiwibank-kb-cap-beb3aadf75d6f51b6f04b4454d78e6dc8b8b86bc/services/payments-orchestrator/src/testings.integration.mocked/bin/release/net8.0/kiwibank.payments.paymentsorchestrator.testings.integration.mocked.dll" id="7056a748-e4f9-329a-3b22-50df97f55acf">
      <TestCategory>
        <TestCategoryItem TestCategory="POrchAPI" />
        <TestCategoryItem TestCategory="Process:L4ProcessPayment" />
        <TestCategoryItem TestCategory="Outcome:L4ProcessPayment.UltracsUltracsTransfer" />
        <TestCategoryItem TestCategory="NegativeTest" />
      </TestCategory>
      <Execution id="b2f3f8be-6193-48c4-81a2-679255a2eb87" />
      <TestMethod codeBase="/codebuild/output/src2181318594/src/Kiwibank-kb-cap-beb3aadf75d6f51b6f04b4454d78e6dc8b8b86bc/services/payments-orchestrator/src/Testings.Integration.Mocked/bin/Release/net8.0/Kiwibank.Payments.PaymentsOrchestrator.Testings.Integration.Mocked.dll" adapterTypeName="executor://mstestadapter/v2" className="Kiwibank.Payments.PaymentsOrchestrator.Testings.Integration.Mocked.TestFeatures.POrchAPIFeature" name="POrchAPI_Negative_FraudCheck_Response_Close_Middleware_409" />
    </UnitTest>
    <UnitTest name="POrchAPI_Invalid_PAS_Response_Doesnt_Retry (401,,)" storage="/codebuild/output/src2181318594/src/kiwibank-kb-cap-beb3aadf75d6f51b6f04b4454d78e6dc8b8b86bc/services/payments-orchestrator/src/testings.integration.mocked/bin/release/net8.0/kiwibank.payments.paymentsorchestrator.testings.integration.mocked.dll" id="37af9221-1044-bb39-76f3-d33c0e92bc2d">
      <TestCategory>
        <TestCategoryItem TestCategory="scenarioTest" />
        <TestCategoryItem TestCategory="Process:L4ProcessPayment" />
        <TestCategoryItem TestCategory="Outcome:L4ProcessPayment.UltracsUltracsTransfer" />
        <TestCategoryItem TestCategory="requestTest" />
      </TestCategory>
      <Execution id="2b93a5e9-cb0c-41e3-a373-e38a23d7a749" />
      <TestMethod codeBase="/codebuild/output/src2181318594/src/Kiwibank-kb-cap-beb3aadf75d6f51b6f04b4454d78e6dc8b8b86bc/services/payments-orchestrator/src/Testings.Integration.Mocked/bin/Release/net8.0/Kiwibank.Payments.PaymentsOrchestrator.Testings.Integration.Mocked.dll" adapterTypeName="executor://mstestadapter/v2" className="Kiwibank.Payments.PaymentsOrchestrator.Testings.Integration.Mocked.TestFeatures.POrchDownstreamServicesRetryAppropriatelyFeature" name="POrchAPI_Invalid_PAS_Response_Doesnt_Retry" />
    </UnitTest>
    <UnitTest name="POrchAPI_Invalid_Debit_Account_Return_Error (38123456789765,400,)" storage="/codebuild/output/src2181318594/src/kiwibank-kb-cap-beb3aadf75d6f51b6f04b4454d78e6dc8b8b86bc/services/payments-orchestrator/src/testings.integration.mocked/bin/release/net8.0/kiwibank.payments.paymentsorchestrator.testings.integration.mocked.dll" id="ab6d71d0-ee6a-f04c-a6dd-a8a8852d24a1">
      <TestCategory>
        <TestCategoryItem TestCategory="POrchAPI" />
        <TestCategoryItem TestCategory="Process:L4ProcessPayment" />
        <TestCategoryItem TestCategory="Outcome:L4ProcessPayment.UltracsUltracsTransfer" />
        <TestCategoryItem TestCategory="NegativeTest" />
      </TestCategory>
      <Execution id="f1a0e84f-ed8a-4faa-baf3-94151d487b3d" />
      <TestMethod codeBase="/codebuild/output/src2181318594/src/Kiwibank-kb-cap-beb3aadf75d6f51b6f04b4454d78e6dc8b8b86bc/services/payments-orchestrator/src/Testings.Integration.Mocked/bin/Release/net8.0/Kiwibank.Payments.PaymentsOrchestrator.Testings.Integration.Mocked.dll" adapterTypeName="executor://mstestadapter/v2" className="Kiwibank.Payments.PaymentsOrchestrator.Testings.Integration.Mocked.TestFeatures.POrchAPIFieldValidationFeature" name="POrchAPI_Invalid_Debit_Account_Return_Error" />
    </UnitTest>
    <UnitTest name="POrchAPI_Other_Middleware_Responses_Do_Not_Retry (UltracsDownError,500,)" storage="/codebuild/output/src2181318594/src/kiwibank-kb-cap-beb3aadf75d6f51b6f04b4454d78e6dc8b8b86bc/services/payments-orchestrator/src/testings.integration.mocked/bin/release/net8.0/kiwibank.payments.paymentsorchestrator.testings.integration.mocked.dll" id="04b793ec-5c62-ae5e-cd50-abedc55872c6">
      <TestCategory>
        <TestCategoryItem TestCategory="scenarioTest" />
        <TestCategoryItem TestCategory="Process:L4ProcessPayment" />
        <TestCategoryItem TestCategory="Outcome:L4ProcessPayment.UltracsUltracsTransfer" />
      </TestCategory>
      <Execution id="ff47184c-350b-4f13-bc30-1e4d333e69eb" />
      <TestMethod codeBase="/codebuild/output/src2181318594/src/Kiwibank-kb-cap-beb3aadf75d6f51b6f04b4454d78e6dc8b8b86bc/services/payments-orchestrator/src/Testings.Integration.Mocked/bin/Release/net8.0/Kiwibank.Payments.PaymentsOrchestrator.Testings.Integration.Mocked.dll" adapterTypeName="executor://mstestadapter/v2" className="Kiwibank.Payments.PaymentsOrchestrator.Testings.Integration.Mocked.TestFeatures.POrchDownstreamServicesRetryAppropriatelyFeature" name="POrchAPI_Other_Middleware_Responses_Do_Not_Retry" />
    </UnitTest>
    <UnitTest name="POrchAPI_Various_Amounts_Return_Error_When_Length_Exceeded (01234567890.11,,)" storage="/codebuild/output/src2181318594/src/kiwibank-kb-cap-beb3aadf75d6f51b6f04b4454d78e6dc8b8b86bc/services/payments-orchestrator/src/testings.integration.mocked/bin/release/net8.0/kiwibank.payments.paymentsorchestrator.testings.integration.mocked.dll" id="86732163-4051-7399-a1b7-021a42dcb384">
      <TestCategory>
        <TestCategoryItem TestCategory="POrchAPI" />
        <TestCategoryItem TestCategory="Process:L4ProcessPayment" />
        <TestCategoryItem TestCategory="Outcome:L4ProcessPayment.UltracsUltracsTransfer" />
      </TestCategory>
      <Execution id="908f0259-6bf4-4963-9965-890975d9fa5c" />
      <TestMethod codeBase="/codebuild/output/src2181318594/src/Kiwibank-kb-cap-beb3aadf75d6f51b6f04b4454d78e6dc8b8b86bc/services/payments-orchestrator/src/Testings.Integration.Mocked/bin/Release/net8.0/Kiwibank.Payments.PaymentsOrchestrator.Testings.Integration.Mocked.dll" adapterTypeName="executor://mstestadapter/v2" className="Kiwibank.Payments.PaymentsOrchestrator.Testings.Integration.Mocked.TestFeatures.POrchAPIFeature" name="POrchAPI_Various_Amounts_Return_Error_When_Length_Exceeded" />
    </UnitTest>
    <UnitTest name="POrchNRT_Unsuccessful_Response_From_FraudCheck_Unsuccessful_From_NRT (PaymentNrtBadRequest,,)" storage="/codebuild/output/src2181318594/src/kiwibank-kb-cap-beb3aadf75d6f51b6f04b4454d78e6dc8b8b86bc/services/payments-orchestrator/src/testings.integration.mocked/bin/release/net8.0/kiwibank.payments.paymentsorchestrator.testings.integration.mocked.dll" id="567aecf6-8050-60d3-0df1-56b65b0170fd">
      <TestCategory>
        <TestCategoryItem TestCategory="POrchNRT" />
        <TestCategoryItem TestCategory="negative" />
        <TestCategoryItem TestCategory="Process:L4ProcessPayment" />
        <TestCategoryItem TestCategory="Outcome:L4ProcessPayment.UltracsUltracsTransfer" />
      </TestCategory>
      <Execution id="29ff748a-3b63-4172-9083-a4b1969d44fd" />
      <TestMethod codeBase="/codebuild/output/src2181318594/src/Kiwibank-kb-cap-beb3aadf75d6f51b6f04b4454d78e6dc8b8b86bc/services/payments-orchestrator/src/Testings.Integration.Mocked/bin/Release/net8.0/Kiwibank.Payments.PaymentsOrchestrator.Testings.Integration.Mocked.dll" adapterTypeName="executor://mstestadapter/v2" className="Kiwibank.Payments.PaymentsOrchestrator.Testings.Integration.Mocked.TestFeatures.POrchNRTFeature" name="POrchNRT_Unsuccessful_Response_From_FraudCheck_Unsuccessful_From_NRT" />
    </UnitTest>
    <UnitTest name="POrchAPI_Other_Middleware_Responses_Do_Not_Retry (WithdrawalNotPermittedError,409,)" storage="/codebuild/output/src2181318594/src/kiwibank-kb-cap-beb3aadf75d6f51b6f04b4454d78e6dc8b8b86bc/services/payments-orchestrator/src/testings.integration.mocked/bin/release/net8.0/kiwibank.payments.paymentsorchestrator.testings.integration.mocked.dll" id="80e74a32-3a38-ad7d-dbbc-155069dd63ff">
      <TestCategory>
        <TestCategoryItem TestCategory="scenarioTest" />
        <TestCategoryItem TestCategory="Process:L4ProcessPayment" />
        <TestCategoryItem TestCategory="Outcome:L4ProcessPayment.UltracsUltracsTransfer" />
      </TestCategory>
      <Execution id="3c828413-97de-44ab-a904-a70f6ac5c74e" />
      <TestMethod codeBase="/codebuild/output/src2181318594/src/Kiwibank-kb-cap-beb3aadf75d6f51b6f04b4454d78e6dc8b8b86bc/services/payments-orchestrator/src/Testings.Integration.Mocked/bin/Release/net8.0/Kiwibank.Payments.PaymentsOrchestrator.Testings.Integration.Mocked.dll" adapterTypeName="executor://mstestadapter/v2" className="Kiwibank.Payments.PaymentsOrchestrator.Testings.Integration.Mocked.TestFeatures.POrchDownstreamServicesRetryAppropriatelyFeature" name="POrchAPI_Other_Middleware_Responses_Do_Not_Retry" />
    </UnitTest>
    <UnitTest name="POrchAPI_Other_Middleware_Responses_Do_Not_Retry (InvalidBankBranchNumberError,409,)" storage="/codebuild/output/src2181318594/src/kiwibank-kb-cap-beb3aadf75d6f51b6f04b4454d78e6dc8b8b86bc/services/payments-orchestrator/src/testings.integration.mocked/bin/release/net8.0/kiwibank.payments.paymentsorchestrator.testings.integration.mocked.dll" id="06b9dd46-92f8-7409-e110-7dc0c68ab5fd">
      <TestCategory>
        <TestCategoryItem TestCategory="scenarioTest" />
        <TestCategoryItem TestCategory="Process:L4ProcessPayment" />
        <TestCategoryItem TestCategory="Outcome:L4ProcessPayment.UltracsUltracsTransfer" />
      </TestCategory>
      <Execution id="cae9db97-6103-4439-ab1d-dc08137fe13e" />
      <TestMethod codeBase="/codebuild/output/src2181318594/src/Kiwibank-kb-cap-beb3aadf75d6f51b6f04b4454d78e6dc8b8b86bc/services/payments-orchestrator/src/Testings.Integration.Mocked/bin/Release/net8.0/Kiwibank.Payments.PaymentsOrchestrator.Testings.Integration.Mocked.dll" adapterTypeName="executor://mstestadapter/v2" className="Kiwibank.Payments.PaymentsOrchestrator.Testings.Integration.Mocked.TestFeatures.POrchDownstreamServicesRetryAppropriatelyFeature" name="POrchAPI_Other_Middleware_Responses_Do_Not_Retry" />
    </UnitTest>
    <UnitTest name="POrchAPI_Valid_Debtor_Reference_Return_Success (=@#_%,.,201,)" storage="/codebuild/output/src2181318594/src/kiwibank-kb-cap-beb3aadf75d6f51b6f04b4454d78e6dc8b8b86bc/services/payments-orchestrator/src/testings.integration.mocked/bin/release/net8.0/kiwibank.payments.paymentsorchestrator.testings.integration.mocked.dll" id="8b7df467-989e-dea2-b676-4968df992a0d">
      <TestCategory>
        <TestCategoryItem TestCategory="POrchAPI" />
        <TestCategoryItem TestCategory="Process:L4ProcessPayment" />
        <TestCategoryItem TestCategory="Outcome:L4ProcessPayment.UltracsUltracsTransfer" />
      </TestCategory>
      <Execution id="a2f8db0d-6770-44a3-bf6d-a4b7131a859b" />
      <TestMethod codeBase="/codebuild/output/src2181318594/src/Kiwibank-kb-cap-beb3aadf75d6f51b6f04b4454d78e6dc8b8b86bc/services/payments-orchestrator/src/Testings.Integration.Mocked/bin/Release/net8.0/Kiwibank.Payments.PaymentsOrchestrator.Testings.Integration.Mocked.dll" adapterTypeName="executor://mstestadapter/v2" className="Kiwibank.Payments.PaymentsOrchestrator.Testings.Integration.Mocked.TestFeatures.POrchAPIFeature" name="POrchAPI_Valid_Debtor_Reference_Return_Success" />
    </UnitTest>
    <UnitTest name="POrchAPI_Negative_FraudCheck_Response_Frozen_Middleware_409 (Hold,409,)" storage="/codebuild/output/src2181318594/src/kiwibank-kb-cap-beb3aadf75d6f51b6f04b4454d78e6dc8b8b86bc/services/payments-orchestrator/src/testings.integration.mocked/bin/release/net8.0/kiwibank.payments.paymentsorchestrator.testings.integration.mocked.dll" id="5c7021b2-ab84-6ddb-0ca5-4189e02d5ac9">
      <TestCategory>
        <TestCategoryItem TestCategory="POrchAPI" />
        <TestCategoryItem TestCategory="Process:L4ProcessPayment" />
        <TestCategoryItem TestCategory="Outcome:L4ProcessPayment.UltracsUltracsTransfer" />
        <TestCategoryItem TestCategory="NegativeTest" />
      </TestCategory>
      <Execution id="08e27559-e6b5-4266-a481-da44573916e7" />
      <TestMethod codeBase="/codebuild/output/src2181318594/src/Kiwibank-kb-cap-beb3aadf75d6f51b6f04b4454d78e6dc8b8b86bc/services/payments-orchestrator/src/Testings.Integration.Mocked/bin/Release/net8.0/Kiwibank.Payments.PaymentsOrchestrator.Testings.Integration.Mocked.dll" adapterTypeName="executor://mstestadapter/v2" className="Kiwibank.Payments.PaymentsOrchestrator.Testings.Integration.Mocked.TestFeatures.POrchAPIFeature" name="POrchAPI_Negative_FraudCheck_Response_Frozen_Middleware_409" />
    </UnitTest>
    <UnitTest name="POrchAPI_Negative_FraudCheck_Success_Middleware_Response (Decline,409,)" storage="/codebuild/output/src2181318594/src/kiwibank-kb-cap-beb3aadf75d6f51b6f04b4454d78e6dc8b8b86bc/services/payments-orchestrator/src/testings.integration.mocked/bin/release/net8.0/kiwibank.payments.paymentsorchestrator.testings.integration.mocked.dll" id="00c87c90-5fed-a59e-5da9-bdf8fc828b36">
      <TestCategory>
        <TestCategoryItem TestCategory="POrchAPI" />
        <TestCategoryItem TestCategory="Process:L4ProcessPayment" />
        <TestCategoryItem TestCategory="Outcome:L4ProcessPayment.UltracsUltracsTransfer" />
      </TestCategory>
      <Execution id="bf852900-5376-403b-8f55-ae5856f0c1c8" />
      <TestMethod codeBase="/codebuild/output/src2181318594/src/Kiwibank-kb-cap-beb3aadf75d6f51b6f04b4454d78e6dc8b8b86bc/services/payments-orchestrator/src/Testings.Integration.Mocked/bin/Release/net8.0/Kiwibank.Payments.PaymentsOrchestrator.Testings.Integration.Mocked.dll" adapterTypeName="executor://mstestadapter/v2" className="Kiwibank.Payments.PaymentsOrchestrator.Testings.Integration.Mocked.TestFeatures.POrchAPIFeature" name="POrchAPI_Negative_FraudCheck_Success_Middleware_Response" />
    </UnitTest>
    <UnitTest name="POrchAPI_Transfer_Invalid_Creditor_Code_Return_Error (abcdefghijklmnsey,400,)" storage="/codebuild/output/src2181318594/src/kiwibank-kb-cap-beb3aadf75d6f51b6f04b4454d78e6dc8b8b86bc/services/payments-orchestrator/src/testings.integration.mocked/bin/release/net8.0/kiwibank.payments.paymentsorchestrator.testings.integration.mocked.dll" id="49a78842-ec47-7cc5-2701-fa32c229c763">
      <TestCategory>
        <TestCategoryItem TestCategory="POrchAPI" />
        <TestCategoryItem TestCategory="Process:L4ProcessPayment" />
        <TestCategoryItem TestCategory="NegativeTest" />
        <TestCategoryItem TestCategory="Outcome:L4ProcessPayment.UltracsUltracs" />
      </TestCategory>
      <Execution id="e43183b0-9db7-4e56-aa3f-e7c1423905bc" />
      <TestMethod codeBase="/codebuild/output/src2181318594/src/Kiwibank-kb-cap-beb3aadf75d6f51b6f04b4454d78e6dc8b8b86bc/services/payments-orchestrator/src/Testings.Integration.Mocked/bin/Release/net8.0/Kiwibank.Payments.PaymentsOrchestrator.Testings.Integration.Mocked.dll" adapterTypeName="executor://mstestadapter/v2" className="Kiwibank.Payments.PaymentsOrchestrator.Testings.Integration.Mocked.TestFeatures.POrchTransferFieldValidationFeature" name="POrchAPI_Transfer_Invalid_Creditor_Code_Return_Error" />
    </UnitTest>
    <UnitTest name="POrchAPI_TMVToUltracs_Valid_Debtor_Code_Return_Success (()+$*!;-/?:,201,)" storage="/codebuild/output/src2181318594/src/kiwibank-kb-cap-beb3aadf75d6f51b6f04b4454d78e6dc8b8b86bc/services/payments-orchestrator/src/testings.integration.mocked/bin/release/net8.0/kiwibank.payments.paymentsorchestrator.testings.integration.mocked.dll" id="eebc9ed1-f2e7-45fc-4115-381dd920666a">
      <TestCategory>
        <TestCategoryItem TestCategory="EDB-MPS-IPC-REQ.02" />
        <TestCategoryItem TestCategory="POrchAPI" />
        <TestCategoryItem TestCategory="Process:L4ProcessPayment" />
        <TestCategoryItem TestCategory="PositiveTest" />
        <TestCategoryItem TestCategory="Outcome:L4ProcessPayment.TmvUltracsTransfer" />
      </TestCategory>
      <Execution id="bbd98164-8899-4e85-af47-72e7413da1c5" />
      <TestMethod codeBase="/codebuild/output/src2181318594/src/Kiwibank-kb-cap-beb3aadf75d6f51b6f04b4454d78e6dc8b8b86bc/services/payments-orchestrator/src/Testings.Integration.Mocked/bin/Release/net8.0/Kiwibank.Payments.PaymentsOrchestrator.Testings.Integration.Mocked.dll" adapterTypeName="executor://mstestadapter/v2" className="Kiwibank.Payments.PaymentsOrchestrator.Testings.Integration.Mocked.TestFeatures.POrchAPITransferTMVUltracsFeature" name="POrchAPI_TMVToUltracs_Valid_Debtor_Code_Return_Success" />
    </UnitTest>
    <UnitTest name="POrchAPI_Middleware_Retries_Correctly (503 with body,201,)" storage="/codebuild/output/src2181318594/src/kiwibank-kb-cap-beb3aadf75d6f51b6f04b4454d78e6dc8b8b86bc/services/payments-orchestrator/src/testings.integration.mocked/bin/release/net8.0/kiwibank.payments.paymentsorchestrator.testings.integration.mocked.dll" id="e93e5a9a-ab06-56d7-b779-cdb7aa605acc">
      <TestCategory>
        <TestCategoryItem TestCategory="scenarioTest" />
        <TestCategoryItem TestCategory="Process:L4ProcessPayment" />
        <TestCategoryItem TestCategory="Outcome:L4ProcessPayment.UltracsUltracsTransfer" />
      </TestCategory>
      <Execution id="6ed6b18a-d13e-4224-a92a-2bc95cac3813" />
      <TestMethod codeBase="/codebuild/output/src2181318594/src/Kiwibank-kb-cap-beb3aadf75d6f51b6f04b4454d78e6dc8b8b86bc/services/payments-orchestrator/src/Testings.Integration.Mocked/bin/Release/net8.0/Kiwibank.Payments.PaymentsOrchestrator.Testings.Integration.Mocked.dll" adapterTypeName="executor://mstestadapter/v2" className="Kiwibank.Payments.PaymentsOrchestrator.Testings.Integration.Mocked.TestFeatures.POrchDownstreamServicesRetryAppropriatelyFeature" name="POrchAPI_Middleware_Retries_Correctly" />
    </UnitTest>
    <UnitTest name="POrchAPI_TMVToUltracs_Valid_Creditor_Particulars_Return_Success (=@#_%,.,201,)" storage="/codebuild/output/src2181318594/src/kiwibank-kb-cap-beb3aadf75d6f51b6f04b4454d78e6dc8b8b86bc/services/payments-orchestrator/src/testings.integration.mocked/bin/release/net8.0/kiwibank.payments.paymentsorchestrator.testings.integration.mocked.dll" id="e53b493e-3378-82fc-6e5a-40c8554a6b40">
      <TestCategory>
        <TestCategoryItem TestCategory="EDB-MPS-IPC-REQ.02" />
        <TestCategoryItem TestCategory="POrchAPI" />
        <TestCategoryItem TestCategory="Process:L4ProcessPayment" />
        <TestCategoryItem TestCategory="PositiveTest" />
        <TestCategoryItem TestCategory="Outcome:L4ProcessPayment.TmvUltracsTransfer" />
      </TestCategory>
      <Execution id="c81a603f-0e44-45b6-9e8e-d8b01e6f36d6" />
      <TestMethod codeBase="/codebuild/output/src2181318594/src/Kiwibank-kb-cap-beb3aadf75d6f51b6f04b4454d78e6dc8b8b86bc/services/payments-orchestrator/src/Testings.Integration.Mocked/bin/Release/net8.0/Kiwibank.Payments.PaymentsOrchestrator.Testings.Integration.Mocked.dll" adapterTypeName="executor://mstestadapter/v2" className="Kiwibank.Payments.PaymentsOrchestrator.Testings.Integration.Mocked.TestFeatures.POrchAPITransferTMVUltracsFeature" name="POrchAPI_TMVToUltracs_Valid_Creditor_Particulars_Return_Success" />
    </UnitTest>
    <UnitTest name="POrchNRT_Unsuccessful_Response_From_NRT (PaymentNrtBadRequest,,)" storage="/codebuild/output/src2181318594/src/kiwibank-kb-cap-beb3aadf75d6f51b6f04b4454d78e6dc8b8b86bc/services/payments-orchestrator/src/testings.integration.mocked/bin/release/net8.0/kiwibank.payments.paymentsorchestrator.testings.integration.mocked.dll" id="9fa4029e-04c2-4fbb-0305-224cc2bc4579">
      <TestCategory>
        <TestCategoryItem TestCategory="POrchNRT" />
        <TestCategoryItem TestCategory="negative" />
        <TestCategoryItem TestCategory="Process:L4ProcessPayment" />
        <TestCategoryItem TestCategory="Outcome:L4ProcessPayment.UltracsUltracsTransfer" />
      </TestCategory>
      <Execution id="6755ac91-6f26-4595-919f-f50e83de8171" />
      <TestMethod codeBase="/codebuild/output/src2181318594/src/Kiwibank-kb-cap-beb3aadf75d6f51b6f04b4454d78e6dc8b8b86bc/services/payments-orchestrator/src/Testings.Integration.Mocked/bin/Release/net8.0/Kiwibank.Payments.PaymentsOrchestrator.Testings.Integration.Mocked.dll" adapterTypeName="executor://mstestadapter/v2" className="Kiwibank.Payments.PaymentsOrchestrator.Testings.Integration.Mocked.TestFeatures.POrchNRTFeature" name="POrchNRT_Unsuccessful_Response_From_NRT" />
    </UnitTest>
    <UnitTest name="POrchAPI_TMVToUltracs_Valid_Creditor_Particulars_Return_Success (()+$*!;-/?:,201,)" storage="/codebuild/output/src2181318594/src/kiwibank-kb-cap-beb3aadf75d6f51b6f04b4454d78e6dc8b8b86bc/services/payments-orchestrator/src/testings.integration.mocked/bin/release/net8.0/kiwibank.payments.paymentsorchestrator.testings.integration.mocked.dll" id="d20a2387-a6b8-75e4-543a-484f53ff788e">
      <TestCategory>
        <TestCategoryItem TestCategory="EDB-MPS-IPC-REQ.02" />
        <TestCategoryItem TestCategory="POrchAPI" />
        <TestCategoryItem TestCategory="Process:L4ProcessPayment" />
        <TestCategoryItem TestCategory="PositiveTest" />
        <TestCategoryItem TestCategory="Outcome:L4ProcessPayment.TmvUltracsTransfer" />
      </TestCategory>
      <Execution id="90eea42c-1e92-477a-a376-3f0d9d6c0038" />
      <TestMethod codeBase="/codebuild/output/src2181318594/src/Kiwibank-kb-cap-beb3aadf75d6f51b6f04b4454d78e6dc8b8b86bc/services/payments-orchestrator/src/Testings.Integration.Mocked/bin/Release/net8.0/Kiwibank.Payments.PaymentsOrchestrator.Testings.Integration.Mocked.dll" adapterTypeName="executor://mstestadapter/v2" className="Kiwibank.Payments.PaymentsOrchestrator.Testings.Integration.Mocked.TestFeatures.POrchAPITransferTMVUltracsFeature" name="POrchAPI_TMVToUltracs_Valid_Creditor_Particulars_Return_Success" />
    </UnitTest>
    <UnitTest name="POrchAPI_Various_Amounts_Return_Error_When_Length_Exceeded (1.234,,)" storage="/codebuild/output/src2181318594/src/kiwibank-kb-cap-beb3aadf75d6f51b6f04b4454d78e6dc8b8b86bc/services/payments-orchestrator/src/testings.integration.mocked/bin/release/net8.0/kiwibank.payments.paymentsorchestrator.testings.integration.mocked.dll" id="ecec72ae-4a1b-0909-ceb8-34060384e02f">
      <TestCategory>
        <TestCategoryItem TestCategory="POrchAPI" />
        <TestCategoryItem TestCategory="Process:L4ProcessPayment" />
        <TestCategoryItem TestCategory="Outcome:L4ProcessPayment.UltracsUltracsTransfer" />
      </TestCategory>
      <Execution id="16c9a881-e078-4411-8c33-eec3ce3f5945" />
      <TestMethod codeBase="/codebuild/output/src2181318594/src/Kiwibank-kb-cap-beb3aadf75d6f51b6f04b4454d78e6dc8b8b86bc/services/payments-orchestrator/src/Testings.Integration.Mocked/bin/Release/net8.0/Kiwibank.Payments.PaymentsOrchestrator.Testings.Integration.Mocked.dll" adapterTypeName="executor://mstestadapter/v2" className="Kiwibank.Payments.PaymentsOrchestrator.Testings.Integration.Mocked.TestFeatures.POrchAPIFeature" name="POrchAPI_Various_Amounts_Return_Error_When_Length_Exceeded" />
    </UnitTest>
    <UnitTest name="POrchAPI_Transfer_Invalid_Debit_Account_Return_Error (abcdefghijklmnse,400,)" storage="/codebuild/output/src2181318594/src/kiwibank-kb-cap-beb3aadf75d6f51b6f04b4454d78e6dc8b8b86bc/services/payments-orchestrator/src/testings.integration.mocked/bin/release/net8.0/kiwibank.payments.paymentsorchestrator.testings.integration.mocked.dll" id="22e8c9f5-18cd-e757-dd99-5b5cabca4c49">
      <TestCategory>
        <TestCategoryItem TestCategory="POrchAPI" />
        <TestCategoryItem TestCategory="Process:L4ProcessPayment" />
        <TestCategoryItem TestCategory="NegativeTest" />
        <TestCategoryItem TestCategory="Outcome:L4ProcessPayment.UltracsUltracs" />
      </TestCategory>
      <Execution id="78b27764-6cc9-4240-8038-aca60891804a" />
      <TestMethod codeBase="/codebuild/output/src2181318594/src/Kiwibank-kb-cap-beb3aadf75d6f51b6f04b4454d78e6dc8b8b86bc/services/payments-orchestrator/src/Testings.Integration.Mocked/bin/Release/net8.0/Kiwibank.Payments.PaymentsOrchestrator.Testings.Integration.Mocked.dll" adapterTypeName="executor://mstestadapter/v2" className="Kiwibank.Payments.PaymentsOrchestrator.Testings.Integration.Mocked.TestFeatures.POrchTransferFieldValidationFeature" name="POrchAPI_Transfer_Invalid_Debit_Account_Return_Error" />
    </UnitTest>
    <UnitTest name="POrchAPI_TMVToUltracs_Valid_Debtor_Code_Return_Success (=@#_%,.,201,)" storage="/codebuild/output/src2181318594/src/kiwibank-kb-cap-beb3aadf75d6f51b6f04b4454d78e6dc8b8b86bc/services/payments-orchestrator/src/testings.integration.mocked/bin/release/net8.0/kiwibank.payments.paymentsorchestrator.testings.integration.mocked.dll" id="b62d72e0-9de4-5866-12c5-253681d0df88">
      <TestCategory>
        <TestCategoryItem TestCategory="EDB-MPS-IPC-REQ.02" />
        <TestCategoryItem TestCategory="POrchAPI" />
        <TestCategoryItem TestCategory="Process:L4ProcessPayment" />
        <TestCategoryItem TestCategory="PositiveTest" />
        <TestCategoryItem TestCategory="Outcome:L4ProcessPayment.TmvUltracsTransfer" />
      </TestCategory>
      <Execution id="ed08c973-a6e7-4ee2-aaba-9f54404a3a94" />
      <TestMethod codeBase="/codebuild/output/src2181318594/src/Kiwibank-kb-cap-beb3aadf75d6f51b6f04b4454d78e6dc8b8b86bc/services/payments-orchestrator/src/Testings.Integration.Mocked/bin/Release/net8.0/Kiwibank.Payments.PaymentsOrchestrator.Testings.Integration.Mocked.dll" adapterTypeName="executor://mstestadapter/v2" className="Kiwibank.Payments.PaymentsOrchestrator.Testings.Integration.Mocked.TestFeatures.POrchAPITransferTMVUltracsFeature" name="POrchAPI_TMVToUltracs_Valid_Debtor_Code_Return_Success" />
    </UnitTest>
    <UnitTest name="POrchAPI_Valid_Payee_Reference_Return_Success_Todo (&amp;&lt;&gt;,201,)" storage="/codebuild/output/src2181318594/src/kiwibank-kb-cap-beb3aadf75d6f51b6f04b4454d78e6dc8b8b86bc/services/payments-orchestrator/src/testings.integration.mocked/bin/release/net8.0/kiwibank.payments.paymentsorchestrator.testings.integration.mocked.dll" id="37322710-4f83-355d-c165-4ada16078ec2">
      <TestCategory>
        <TestCategoryItem TestCategory="POrchAPI" />
        <TestCategoryItem TestCategory="Process:L4ProcessPayment" />
        <TestCategoryItem TestCategory="Outcome:L4ProcessPayment.UltracsUltracsTransfer" />
      </TestCategory>
      <Execution id="f5486118-1688-46e8-b178-aae8783cca01" />
      <TestMethod codeBase="/codebuild/output/src2181318594/src/Kiwibank-kb-cap-beb3aadf75d6f51b6f04b4454d78e6dc8b8b86bc/services/payments-orchestrator/src/Testings.Integration.Mocked/bin/Release/net8.0/Kiwibank.Payments.PaymentsOrchestrator.Testings.Integration.Mocked.dll" adapterTypeName="executor://mstestadapter/v2" className="Kiwibank.Payments.PaymentsOrchestrator.Testings.Integration.Mocked.TestFeatures.POrchAPIFeature" name="POrchAPI_Valid_Payee_Reference_Return_Success_Todo" />
    </UnitTest>
    <UnitTest name="POrchAPI_Valid_Debtor_Particulars_Return_Success (=@#_%,.,201,)" storage="/codebuild/output/src2181318594/src/kiwibank-kb-cap-beb3aadf75d6f51b6f04b4454d78e6dc8b8b86bc/services/payments-orchestrator/src/testings.integration.mocked/bin/release/net8.0/kiwibank.payments.paymentsorchestrator.testings.integration.mocked.dll" id="3c51f788-470f-b068-a20a-cd42a6521795">
      <TestCategory>
        <TestCategoryItem TestCategory="POrchAPI" />
        <TestCategoryItem TestCategory="Process:L4ProcessPayment" />
        <TestCategoryItem TestCategory="Outcome:L4ProcessPayment.UltracsUltracsTransfer" />
      </TestCategory>
      <Execution id="0c3a31bf-06d2-4f08-bf5c-253f9b36d6c9" />
      <TestMethod codeBase="/codebuild/output/src2181318594/src/Kiwibank-kb-cap-beb3aadf75d6f51b6f04b4454d78e6dc8b8b86bc/services/payments-orchestrator/src/Testings.Integration.Mocked/bin/Release/net8.0/Kiwibank.Payments.PaymentsOrchestrator.Testings.Integration.Mocked.dll" adapterTypeName="executor://mstestadapter/v2" className="Kiwibank.Payments.PaymentsOrchestrator.Testings.Integration.Mocked.TestFeatures.POrchAPIFeature" name="POrchAPI_Valid_Debtor_Particulars_Return_Success" />
    </UnitTest>
    <UnitTest name="POrchAPI_Invalid_PAS_Response_Doesnt_Affect_POrch_Result (403,,)" storage="/codebuild/output/src2181318594/src/kiwibank-kb-cap-beb3aadf75d6f51b6f04b4454d78e6dc8b8b86bc/services/payments-orchestrator/src/testings.integration.mocked/bin/release/net8.0/kiwibank.payments.paymentsorchestrator.testings.integration.mocked.dll" id="3c202c3e-cb38-f9d5-3947-b248696c1469">
      <TestCategory>
        <TestCategoryItem TestCategory="POrchAPI" />
        <TestCategoryItem TestCategory="Process:L4ProcessPayment" />
        <TestCategoryItem TestCategory="Outcome:L4ProcessPayment.UltracsUltracsTransfer" />
      </TestCategory>
      <Execution id="11839d33-5456-4eab-983c-bb4658accb93" />
      <TestMethod codeBase="/codebuild/output/src2181318594/src/Kiwibank-kb-cap-beb3aadf75d6f51b6f04b4454d78e6dc8b8b86bc/services/payments-orchestrator/src/Testings.Integration.Mocked/bin/Release/net8.0/Kiwibank.Payments.PaymentsOrchestrator.Testings.Integration.Mocked.dll" adapterTypeName="executor://mstestadapter/v2" className="Kiwibank.Payments.PaymentsOrchestrator.Testings.Integration.Mocked.TestFeatures.POrchAPIFeature" name="POrchAPI_Invalid_PAS_Response_Doesnt_Affect_POrch_Result" />
    </UnitTest>
    <UnitTest name="POrchAPI_Transfer_Invalid_Creditor_Code_Return_Error (},400,)" storage="/codebuild/output/src2181318594/src/kiwibank-kb-cap-beb3aadf75d6f51b6f04b4454d78e6dc8b8b86bc/services/payments-orchestrator/src/testings.integration.mocked/bin/release/net8.0/kiwibank.payments.paymentsorchestrator.testings.integration.mocked.dll" id="17123aeb-362b-66b0-2981-2994bc93be84">
      <TestCategory>
        <TestCategoryItem TestCategory="POrchAPI" />
        <TestCategoryItem TestCategory="Process:L4ProcessPayment" />
        <TestCategoryItem TestCategory="NegativeTest" />
        <TestCategoryItem TestCategory="Outcome:L4ProcessPayment.UltracsUltracs" />
      </TestCategory>
      <Execution id="f9fb6078-076c-4358-a247-f2f3cbf55472" />
      <TestMethod codeBase="/codebuild/output/src2181318594/src/Kiwibank-kb-cap-beb3aadf75d6f51b6f04b4454d78e6dc8b8b86bc/services/payments-orchestrator/src/Testings.Integration.Mocked/bin/Release/net8.0/Kiwibank.Payments.PaymentsOrchestrator.Testings.Integration.Mocked.dll" adapterTypeName="executor://mstestadapter/v2" className="Kiwibank.Payments.PaymentsOrchestrator.Testings.Integration.Mocked.TestFeatures.POrchTransferFieldValidationFeature" name="POrchAPI_Transfer_Invalid_Creditor_Code_Return_Error" />
    </UnitTest>
    <UnitTest name="POrchAPI_UltracsToTMV_Negative_MiddleWare_Response_409 (AccountNumberIsInvalidError,409,)" storage="/codebuild/output/src2181318594/src/kiwibank-kb-cap-beb3aadf75d6f51b6f04b4454d78e6dc8b8b86bc/services/payments-orchestrator/src/testings.integration.mocked/bin/release/net8.0/kiwibank.payments.paymentsorchestrator.testings.integration.mocked.dll" id="790b325d-3abd-eec1-3755-0e7f95bfd137">
      <TestCategory>
        <TestCategoryItem TestCategory="POrchAPI" />
        <TestCategoryItem TestCategory="Outcome:L4ProcessPayment.UltracsTmvTransfer" />
        <TestCategoryItem TestCategory="Process:L4ProcessPayment" />
        <TestCategoryItem TestCategory="NegativeTest" />
        <TestCategoryItem TestCategory="EDB-MPS-IPC-REQ.04" />
      </TestCategory>
      <Execution id="a9c6e9ac-7374-4dbc-8c40-45a012fd8f53" />
      <TestMethod codeBase="/codebuild/output/src2181318594/src/Kiwibank-kb-cap-beb3aadf75d6f51b6f04b4454d78e6dc8b8b86bc/services/payments-orchestrator/src/Testings.Integration.Mocked/bin/Release/net8.0/Kiwibank.Payments.PaymentsOrchestrator.Testings.Integration.Mocked.dll" adapterTypeName="executor://mstestadapter/v2" className="Kiwibank.Payments.PaymentsOrchestrator.Testings.Integration.Mocked.TestFeatures.POrchAPITransferUltracsTMVFeature" name="POrchAPI_UltracsToTMV_Negative_MiddleWare_Response_409" />
    </UnitTest>
    <UnitTest name="POrchAPI_Valid_Creditor_Particulars_Return_Success (=@#_%,.,201,)" storage="/codebuild/output/src2181318594/src/kiwibank-kb-cap-beb3aadf75d6f51b6f04b4454d78e6dc8b8b86bc/services/payments-orchestrator/src/testings.integration.mocked/bin/release/net8.0/kiwibank.payments.paymentsorchestrator.testings.integration.mocked.dll" id="0e9c9dc4-cb99-11e9-939a-074176508061">
      <TestCategory>
        <TestCategoryItem TestCategory="POrchAPI" />
        <TestCategoryItem TestCategory="Process:L4ProcessPayment" />
        <TestCategoryItem TestCategory="Outcome:L4ProcessPayment.UltracsUltracsTransfer" />
      </TestCategory>
      <Execution id="7ebf92c9-d019-477b-9541-26c440f948bb" />
      <TestMethod codeBase="/codebuild/output/src2181318594/src/Kiwibank-kb-cap-beb3aadf75d6f51b6f04b4454d78e6dc8b8b86bc/services/payments-orchestrator/src/Testings.Integration.Mocked/bin/Release/net8.0/Kiwibank.Payments.PaymentsOrchestrator.Testings.Integration.Mocked.dll" adapterTypeName="executor://mstestadapter/v2" className="Kiwibank.Payments.PaymentsOrchestrator.Testings.Integration.Mocked.TestFeatures.POrchAPIFeature" name="POrchAPI_Valid_Creditor_Particulars_Return_Success" />
    </UnitTest>
    <UnitTest name="POrchAPI_Other_Middleware_Responses_Do_Not_Retry (InsufficientFundsError,409,)" storage="/codebuild/output/src2181318594/src/kiwibank-kb-cap-beb3aadf75d6f51b6f04b4454d78e6dc8b8b86bc/services/payments-orchestrator/src/testings.integration.mocked/bin/release/net8.0/kiwibank.payments.paymentsorchestrator.testings.integration.mocked.dll" id="97df8d55-ad90-bd8f-de70-c9dc2b92e2c7">
      <TestCategory>
        <TestCategoryItem TestCategory="scenarioTest" />
        <TestCategoryItem TestCategory="Process:L4ProcessPayment" />
        <TestCategoryItem TestCategory="Outcome:L4ProcessPayment.UltracsUltracsTransfer" />
      </TestCategory>
      <Execution id="6fe39774-bd8c-4e3b-baa6-3b82e9ca24c1" />
      <TestMethod codeBase="/codebuild/output/src2181318594/src/Kiwibank-kb-cap-beb3aadf75d6f51b6f04b4454d78e6dc8b8b86bc/services/payments-orchestrator/src/Testings.Integration.Mocked/bin/Release/net8.0/Kiwibank.Payments.PaymentsOrchestrator.Testings.Integration.Mocked.dll" adapterTypeName="executor://mstestadapter/v2" className="Kiwibank.Payments.PaymentsOrchestrator.Testings.Integration.Mocked.TestFeatures.POrchDownstreamServicesRetryAppropriatelyFeature" name="POrchAPI_Other_Middleware_Responses_Do_Not_Retry" />
    </UnitTest>
    <UnitTest name="POrchAPI_Transfer_Invalid_Debtor_Account_Source_Return_Error (External,400,'DebtorAccountSource' can only be Ultracs or TMV for transfers.,)" storage="/codebuild/output/src2181318594/src/kiwibank-kb-cap-beb3aadf75d6f51b6f04b4454d78e6dc8b8b86bc/services/payments-orchestrator/src/testings.integration.mocked/bin/release/net8.0/kiwibank.payments.paymentsorchestrator.testings.integration.mocked.dll" id="f508055b-5bee-31e3-7739-a002119aa0d0">
      <TestCategory>
        <TestCategoryItem TestCategory="POrchAPI" />
        <TestCategoryItem TestCategory="Process:L4ProcessPayment" />
        <TestCategoryItem TestCategory="NegativeTest" />
        <TestCategoryItem TestCategory="Outcome:L4ProcessPayment.UltracsUltracs" />
      </TestCategory>
      <Execution id="5d9199f3-e304-4237-aab5-8d9747e9cce1" />
      <TestMethod codeBase="/codebuild/output/src2181318594/src/Kiwibank-kb-cap-beb3aadf75d6f51b6f04b4454d78e6dc8b8b86bc/services/payments-orchestrator/src/Testings.Integration.Mocked/bin/Release/net8.0/Kiwibank.Payments.PaymentsOrchestrator.Testings.Integration.Mocked.dll" adapterTypeName="executor://mstestadapter/v2" className="Kiwibank.Payments.PaymentsOrchestrator.Testings.Integration.Mocked.TestFeatures.POrchTransferFieldValidationFeature" name="POrchAPI_Transfer_Invalid_Debtor_Account_Source_Return_Error" />
    </UnitTest>
    <UnitTest name="POrchAPI_TMVToUltracs_Negative_MiddleWare_Response_409 (FrozenError,409,)" storage="/codebuild/output/src2181318594/src/kiwibank-kb-cap-beb3aadf75d6f51b6f04b4454d78e6dc8b8b86bc/services/payments-orchestrator/src/testings.integration.mocked/bin/release/net8.0/kiwibank.payments.paymentsorchestrator.testings.integration.mocked.dll" id="7701f5fd-cbf9-f23c-fedf-a0f75e421ca3">
      <TestCategory>
        <TestCategoryItem TestCategory="NegativeTest" />
        <TestCategoryItem TestCategory="POrchAPI" />
        <TestCategoryItem TestCategory="Process:L4ProcessPayment" />
        <TestCategoryItem TestCategory="Outcome:L4ProcessPayment.TmvUltracsTransfer" />
        <TestCategoryItem TestCategory="EDB-MPS-IPC-REQ.04" />
      </TestCategory>
      <Execution id="bf0ce6c9-08bf-4605-a0ac-da1896649e77" />
      <TestMethod codeBase="/codebuild/output/src2181318594/src/Kiwibank-kb-cap-beb3aadf75d6f51b6f04b4454d78e6dc8b8b86bc/services/payments-orchestrator/src/Testings.Integration.Mocked/bin/Release/net8.0/Kiwibank.Payments.PaymentsOrchestrator.Testings.Integration.Mocked.dll" adapterTypeName="executor://mstestadapter/v2" className="Kiwibank.Payments.PaymentsOrchestrator.Testings.Integration.Mocked.TestFeatures.POrchAPITransferTMVUltracsFeature" name="POrchAPI_TMVToUltracs_Negative_MiddleWare_Response_409" />
    </UnitTest>
    <UnitTest name="POrchAPI_Valid_Debtor_Code_Return_Success (()+$*!;-/?:,201,)" storage="/codebuild/output/src2181318594/src/kiwibank-kb-cap-beb3aadf75d6f51b6f04b4454d78e6dc8b8b86bc/services/payments-orchestrator/src/testings.integration.mocked/bin/release/net8.0/kiwibank.payments.paymentsorchestrator.testings.integration.mocked.dll" id="566b1200-57eb-44bd-2743-4b05607b5df1">
      <TestCategory>
        <TestCategoryItem TestCategory="POrchAPI" />
        <TestCategoryItem TestCategory="Process:L4ProcessPayment" />
        <TestCategoryItem TestCategory="Outcome:L4ProcessPayment.UltracsUltracsTransfer" />
      </TestCategory>
      <Execution id="acfa3896-4c3d-4fdc-93ef-5a03255ce5be" />
      <TestMethod codeBase="/codebuild/output/src2181318594/src/Kiwibank-kb-cap-beb3aadf75d6f51b6f04b4454d78e6dc8b8b86bc/services/payments-orchestrator/src/Testings.Integration.Mocked/bin/Release/net8.0/Kiwibank.Payments.PaymentsOrchestrator.Testings.Integration.Mocked.dll" adapterTypeName="executor://mstestadapter/v2" className="Kiwibank.Payments.PaymentsOrchestrator.Testings.Integration.Mocked.TestFeatures.POrchAPIFeature" name="POrchAPI_Valid_Debtor_Code_Return_Success" />
    </UnitTest>
    <UnitTest name="POrchAPI_Other_Fraud_Responses_Do_Not_Retry (Decline,409,)" storage="/codebuild/output/src2181318594/src/kiwibank-kb-cap-beb3aadf75d6f51b6f04b4454d78e6dc8b8b86bc/services/payments-orchestrator/src/testings.integration.mocked/bin/release/net8.0/kiwibank.payments.paymentsorchestrator.testings.integration.mocked.dll" id="cde0434b-bd2d-c388-0502-f1cc3498473d">
      <TestCategory>
        <TestCategoryItem TestCategory="scenarioTest" />
        <TestCategoryItem TestCategory="Process:L4ProcessPayment" />
        <TestCategoryItem TestCategory="Outcome:L4ProcessPayment.UltracsUltracsTransfer" />
      </TestCategory>
      <Execution id="af5290c3-3548-43c2-8e33-5718264799b0" />
      <TestMethod codeBase="/codebuild/output/src2181318594/src/Kiwibank-kb-cap-beb3aadf75d6f51b6f04b4454d78e6dc8b8b86bc/services/payments-orchestrator/src/Testings.Integration.Mocked/bin/Release/net8.0/Kiwibank.Payments.PaymentsOrchestrator.Testings.Integration.Mocked.dll" adapterTypeName="executor://mstestadapter/v2" className="Kiwibank.Payments.PaymentsOrchestrator.Testings.Integration.Mocked.TestFeatures.POrchDownstreamServicesRetryAppropriatelyFeature" name="POrchAPI_Other_Fraud_Responses_Do_Not_Retry" />
    </UnitTest>
    <UnitTest name="POrchAPI_UltracsTMV_Transfer_Invalid_Transfer_Reference_Return_Error (transfer,400,)" storage="/codebuild/output/src2181318594/src/kiwibank-kb-cap-beb3aadf75d6f51b6f04b4454d78e6dc8b8b86bc/services/payments-orchestrator/src/testings.integration.mocked/bin/release/net8.0/kiwibank.payments.paymentsorchestrator.testings.integration.mocked.dll" id="0c35ab26-c024-d956-23a5-b4f2d6aef4c2">
      <TestCategory>
        <TestCategoryItem TestCategory="POrchAPI" />
        <TestCategoryItem TestCategory="Process:L4ProcessPayment" />
        <TestCategoryItem TestCategory="NegativeTest" />
        <TestCategoryItem TestCategory="Outcome:L4ProcessPayment.UltracsUltracs" />
      </TestCategory>
      <Execution id="c1c59567-e417-47fe-b53e-a313bb333547" />
      <TestMethod codeBase="/codebuild/output/src2181318594/src/Kiwibank-kb-cap-beb3aadf75d6f51b6f04b4454d78e6dc8b8b86bc/services/payments-orchestrator/src/Testings.Integration.Mocked/bin/Release/net8.0/Kiwibank.Payments.PaymentsOrchestrator.Testings.Integration.Mocked.dll" adapterTypeName="executor://mstestadapter/v2" className="Kiwibank.Payments.PaymentsOrchestrator.Testings.Integration.Mocked.TestFeatures.POrchTransferFieldValidationFeature" name="POrchAPI_UltracsTMV_Transfer_Invalid_Transfer_Reference_Return_Error" />
    </UnitTest>
    <UnitTest name="POrchAPI_To_ExternalAccount_Successful" storage="/codebuild/output/src2181318594/src/kiwibank-kb-cap-beb3aadf75d6f51b6f04b4454d78e6dc8b8b86bc/services/payments-orchestrator/src/testings.integration.mocked/bin/release/net8.0/kiwibank.payments.paymentsorchestrator.testings.integration.mocked.dll" id="8f91f03b-52eb-2c3c-675c-55cedbafec7f">
      <TestCategory>
        <TestCategoryItem TestCategory="POrchAPI" />
        <TestCategoryItem TestCategory="Process:L4ProcessPayment" />
        <TestCategoryItem TestCategory="Outcome:L4ProcessPayment.UltracsUltracsTransfer" />
      </TestCategory>
      <Execution id="b6d5714a-5cc9-43d9-86a0-dfd6cdb111b0" />
      <TestMethod codeBase="/codebuild/output/src2181318594/src/Kiwibank-kb-cap-beb3aadf75d6f51b6f04b4454d78e6dc8b8b86bc/services/payments-orchestrator/src/Testings.Integration.Mocked/bin/Release/net8.0/Kiwibank.Payments.PaymentsOrchestrator.Testings.Integration.Mocked.dll" adapterTypeName="executor://mstestadapter/v2" className="Kiwibank.Payments.PaymentsOrchestrator.Testings.Integration.Mocked.TestFeatures.POrchAPIFeature" name="POrchAPI_To_ExternalAccount_Successful" />
    </UnitTest>
  </TestDefinitions>
  <TestEntries>
    <TestEntry testId="e6a6ceda-dfef-7277-77b1-95458be43904" executionId="ed020fb5-0449-4979-ad4a-8b2214288342" testListId="8c84fa94-04c1-424b-9868-57a2d4851a1d" />
    <TestEntry testId="d5d0ad9c-ccbe-06a9-b9aa-ca9f6c51210e" executionId="afbc3418-08fb-49d9-993d-611cb44d467c" testListId="8c84fa94-04c1-424b-9868-57a2d4851a1d" />
    <TestEntry testId="feec267f-5f3b-8ce3-d984-d9d9c2c9da27" executionId="acb47d06-4de6-47cc-aabe-2d3d6df84521" testListId="8c84fa94-04c1-424b-9868-57a2d4851a1d" />
    <TestEntry testId="2acb2af8-f3fb-080e-8fda-e0eac2bb3f2e" executionId="f9048179-9473-4e1b-97d2-9d5774e15817" testListId="8c84fa94-04c1-424b-9868-57a2d4851a1d" />
    <TestEntry testId="a310d40e-f014-60e6-7b2c-ec53a7367fc9" executionId="f275d12b-c81d-4527-bf32-6f57da45e6e2" testListId="8c84fa94-04c1-424b-9868-57a2d4851a1d" />
    <TestEntry testId="3d87b9df-462b-a8e2-6ede-09a058082661" executionId="210aa2b0-5cf2-4842-b69f-add46bea9ed8" testListId="8c84fa94-04c1-424b-9868-57a2d4851a1d" />
    <TestEntry testId="100bbf7a-69e8-fc51-888e-46253336c0ce" executionId="97c3fc40-df7f-4621-a915-d7586a2040d7" testListId="8c84fa94-04c1-424b-9868-57a2d4851a1d" />
    <TestEntry testId="69685b74-7fc2-5b44-30db-5fa56ac301e3" executionId="25205ac9-78fd-4ee0-874c-6eb9a1d59b40" testListId="8c84fa94-04c1-424b-9868-57a2d4851a1d" />
    <TestEntry testId="0f49765d-7714-2e01-cacb-5bcb003533f7" executionId="1a5be862-6afc-47af-b05d-e3e1bb37363b" testListId="8c84fa94-04c1-424b-9868-57a2d4851a1d" />
    <TestEntry testId="912abe41-bb13-547c-08b8-149371040095" executionId="906a1b0c-01ab-4436-9161-e71380d068ca" testListId="8c84fa94-04c1-424b-9868-57a2d4851a1d" />
    <TestEntry testId="eea8f669-6182-59fe-4fe6-631eec187179" executionId="5a016903-67cc-41d3-9648-31f47eca1c7d" testListId="8c84fa94-04c1-424b-9868-57a2d4851a1d" />
    <TestEntry testId="a52497f5-e481-7b26-d6c5-a55a6ad7abb4" executionId="3d4165bc-9534-42d2-966b-9aa63146460e" testListId="8c84fa94-04c1-424b-9868-57a2d4851a1d" />
    <TestEntry testId="8a250861-9e55-1130-202a-5e79a2a0feae" executionId="4e366201-fbfe-4f61-b5e1-765df6dceb17" testListId="8c84fa94-04c1-424b-9868-57a2d4851a1d" />
    <TestEntry testId="e3d003eb-216d-67bb-ca2c-8e3b1ca8a7b8" executionId="30afb404-1f87-4ebf-9d3e-56adedfadc39" testListId="8c84fa94-04c1-424b-9868-57a2d4851a1d" />
    <TestEntry testId="cde0434b-bd2d-c388-0502-f1cc3498473d" executionId="af5290c3-3548-43c2-8e33-5718264799b0" testListId="8c84fa94-04c1-424b-9868-57a2d4851a1d" />
    <TestEntry testId="7416401c-ea0e-cc6d-9990-152626aa5d18" executionId="d9ace298-1a4b-4e42-b379-9877c4a6964b" testListId="8c84fa94-04c1-424b-9868-57a2d4851a1d" />
    <TestEntry testId="0f05724c-ecb1-a49e-a7ab-eb22e8343906" executionId="c4b127e4-10b9-41ce-be79-c97cd7ba9772" testListId="8c84fa94-04c1-424b-9868-57a2d4851a1d" />
    <TestEntry testId="42a3bc4d-02bc-8094-0907-2e9fbb08778b" executionId="323bd2d2-a780-48f7-8b54-f0e2194b13cb" testListId="8c84fa94-04c1-424b-9868-57a2d4851a1d" />
    <TestEntry testId="0e9c9dc4-cb99-11e9-939a-074176508061" executionId="7ebf92c9-d019-477b-9541-26c440f948bb" testListId="8c84fa94-04c1-424b-9868-57a2d4851a1d" />
    <TestEntry testId="018ced43-41c2-42e8-f806-f4bb8c3aa21c" executionId="68fc6e30-b05e-418a-bfee-079700cec6bf" testListId="8c84fa94-04c1-424b-9868-57a2d4851a1d" />
    <TestEntry testId="1e8e6330-c538-1157-ece4-73d09ac62670" executionId="538f14f1-fb4c-4114-9e79-da1a87abe7a3" testListId="8c84fa94-04c1-424b-9868-57a2d4851a1d" />
    <TestEntry testId="e1f7352b-0f9a-6b65-cb9b-1232c6779ad0" executionId="87668aaf-eba1-46e7-84a2-4254c573718a" testListId="8c84fa94-04c1-424b-9868-57a2d4851a1d" />
    <TestEntry testId="ef366ad6-05cd-30d5-8f23-368e1f3db7b0" executionId="f3c82c87-00be-4f64-8a2b-52ad47c54dc4" testListId="8c84fa94-04c1-424b-9868-57a2d4851a1d" />
    <TestEntry testId="e6d1c36d-6dd6-74e8-a2bb-c4429896bd7c" executionId="32ef6e9a-e0ba-40ea-b0b4-9e6ba095b94a" testListId="8c84fa94-04c1-424b-9868-57a2d4851a1d" />
    <TestEntry testId="8fe1e456-62c1-1f3d-ba20-1f75ca2590ef" executionId="80ac3f63-d8ff-4baf-bcfb-c00c71838f8a" testListId="8c84fa94-04c1-424b-9868-57a2d4851a1d" />
    <TestEntry testId="aea9dbb7-f7b6-b4e5-e721-553a69502aed" executionId="efeeb204-e20b-4dd2-a008-30c73b78ab59" testListId="8c84fa94-04c1-424b-9868-57a2d4851a1d" />
    <TestEntry testId="875445ef-e209-9bf8-5e7e-3be88ab2dbc5" executionId="790679ea-abfb-4050-9053-2e625a294eb9" testListId="8c84fa94-04c1-424b-9868-57a2d4851a1d" />
    <TestEntry testId="7ec3e2f7-5c97-0db2-5273-5ff8a3fa8b7d" executionId="e11534c4-2575-4c91-8165-223e28b040be" testListId="8c84fa94-04c1-424b-9868-57a2d4851a1d" />
    <TestEntry testId="e0c97504-1436-a1ed-d7df-2c297bbad90c" executionId="69321422-b2ed-4240-9e0b-576c921507eb" testListId="8c84fa94-04c1-424b-9868-57a2d4851a1d" />
    <TestEntry testId="7e4ff303-6afd-4499-de8d-cb38653a6f34" executionId="79443206-c1af-43d5-bf56-e14786d2d4f3" testListId="8c84fa94-04c1-424b-9868-57a2d4851a1d" />
    <TestEntry testId="9e425f6e-42f2-b256-89c2-edfb5efac27a" executionId="3cf8db41-3b3f-43d0-8101-7163a850829c" testListId="8c84fa94-04c1-424b-9868-57a2d4851a1d" />
    <TestEntry testId="dc6df0ef-6815-0cab-7d5e-39c1193f19d2" executionId="7fd89628-c6d1-4b09-8e0c-759d97c9f194" testListId="8c84fa94-04c1-424b-9868-57a2d4851a1d" />
    <TestEntry testId="53b6770d-123b-c33a-2e83-ccd7b92d6331" executionId="4e8564b7-54e6-4e5e-bb18-72c12cc1da10" testListId="8c84fa94-04c1-424b-9868-57a2d4851a1d" />
    <TestEntry testId="1eba9d5f-108c-2454-5cfd-d38f970f6020" executionId="1c9f33b2-7778-4b0e-8c04-8ac44eb1eaf6" testListId="8c84fa94-04c1-424b-9868-57a2d4851a1d" />
    <TestEntry testId="f77da77f-ccab-db1f-b601-b20ad8accc1c" executionId="d16252d6-6a99-449a-aac9-d8d179fa500a" testListId="8c84fa94-04c1-424b-9868-57a2d4851a1d" />
    <TestEntry testId="6e0b63eb-2fd6-39bc-279e-348579ae6eae" executionId="cc083c09-0b6b-4f33-87bc-61a420b34a81" testListId="8c84fa94-04c1-424b-9868-57a2d4851a1d" />
    <TestEntry testId="01a614b6-dddf-0daf-b823-0fab31c9f504" executionId="82616774-6c87-4be6-b74c-a02db1314736" testListId="8c84fa94-04c1-424b-9868-57a2d4851a1d" />
    <TestEntry testId="5e0f1cfa-75f6-24c9-04dc-0016c4d99c0e" executionId="30550091-5860-4cf1-81a8-3981fdb825f7" testListId="8c84fa94-04c1-424b-9868-57a2d4851a1d" />
    <TestEntry testId="53c1eb3d-2c21-ebf0-7781-bbd510504b80" executionId="5baa0953-9055-481d-9677-fff1d8b98235" testListId="8c84fa94-04c1-424b-9868-57a2d4851a1d" />
    <TestEntry testId="f2684dfd-f53c-b5d2-96f0-3d700f9cbced" executionId="1455adda-671f-48f1-b92e-610087be86c7" testListId="8c84fa94-04c1-424b-9868-57a2d4851a1d" />
    <TestEntry testId="250ddffa-5865-dc85-3782-1d123181032f" executionId="a6b9995f-3f1a-4d29-abe8-628178482258" testListId="8c84fa94-04c1-424b-9868-57a2d4851a1d" />
    <TestEntry testId="89804543-53e1-d8c6-96f9-d64716b77f4c" executionId="01412432-2091-4767-b0b7-c0eb7291d84c" testListId="8c84fa94-04c1-424b-9868-57a2d4851a1d" />
    <TestEntry testId="e0888376-299a-3fad-9735-42c534ccca04" executionId="3e8e40f7-77f9-4a81-ba58-a15b3d70653c" testListId="8c84fa94-04c1-424b-9868-57a2d4851a1d" />
    <TestEntry testId="e050b393-98d3-94ce-7c71-c1e2257cc835" executionId="561e0182-3687-40f5-94df-5213a75b93f3" testListId="8c84fa94-04c1-424b-9868-57a2d4851a1d" />
    <TestEntry testId="77b189ce-eb39-7c71-e2c3-21da24d1bcc0" executionId="ddcdfd04-5b73-49f2-aca4-50a0931c2d69" testListId="8c84fa94-04c1-424b-9868-57a2d4851a1d" />
    <TestEntry testId="51ee23f8-e718-45a4-098e-53f61dfd5593" executionId="af7a2f05-afe6-42a4-9c20-4729c2629526" testListId="8c84fa94-04c1-424b-9868-57a2d4851a1d" />
    <TestEntry testId="9949895d-04f1-c413-02a3-f5fbc14f55ed" executionId="b4a06ba0-e241-4e77-a173-5bc6dfd477ea" testListId="8c84fa94-04c1-424b-9868-57a2d4851a1d" />
    <TestEntry testId="429a1c3b-e939-1746-62d9-442bf834c169" executionId="506fee0d-7d86-409f-a183-d9da693cc7e5" testListId="8c84fa94-04c1-424b-9868-57a2d4851a1d" />
    <TestEntry testId="ac6f18e1-b1aa-fc1d-9736-25be49d247df" executionId="5cf9180b-608d-4c6d-bc41-000263ebecc2" testListId="8c84fa94-04c1-424b-9868-57a2d4851a1d" />
    <TestEntry testId="2c1e2f18-dfa5-3295-1131-b7430d488d2a" executionId="55e20400-755d-4c8c-aaae-e67f58c7ac38" testListId="8c84fa94-04c1-424b-9868-57a2d4851a1d" />
    <TestEntry testId="cc6e8de5-37e2-ebc2-e199-323c623a3e71" executionId="2c9718f9-ba14-48cb-ad35-9aaebe87add8" testListId="8c84fa94-04c1-424b-9868-57a2d4851a1d" />
    <TestEntry testId="72295e45-e674-1c99-e24a-c81a771d4fe0" executionId="e0397ce2-71fa-43c9-af6e-c15fcb9824d2" testListId="8c84fa94-04c1-424b-9868-57a2d4851a1d" />
    <TestEntry testId="0bbe4b7d-872b-2c47-337d-1d2c17bb07b3" executionId="3aba829f-77f5-4570-b575-93df7be60ef7" testListId="8c84fa94-04c1-424b-9868-57a2d4851a1d" />
    <TestEntry testId="7851ebde-72f9-3991-4091-a85fc3a11eba" executionId="635b8986-0c1e-4d16-9b78-13c027d96637" testListId="8c84fa94-04c1-424b-9868-57a2d4851a1d" />
    <TestEntry testId="c8bcd01b-a393-1de5-8512-1f4782ddff91" executionId="79c8ad26-7464-44e8-8115-495804e70c78" testListId="8c84fa94-04c1-424b-9868-57a2d4851a1d" />
    <TestEntry testId="a923da62-0967-101d-20f5-b36319276a81" executionId="2b141b5f-eb31-417c-9398-ce851582340d" testListId="8c84fa94-04c1-424b-9868-57a2d4851a1d" />
    <TestEntry testId="775249f2-5313-8dc4-2a6f-e5ee207fa0a2" executionId="321ff2bc-16c4-4d69-8ca3-85a2e904a63b" testListId="8c84fa94-04c1-424b-9868-57a2d4851a1d" />
    <TestEntry testId="ebb7c562-38a7-096a-0612-1d420361f243" executionId="6ced88bd-9af2-4e2d-bdfa-e824a8ab1f5c" testListId="8c84fa94-04c1-424b-9868-57a2d4851a1d" />
    <TestEntry testId="55967ab3-f02b-24cf-715e-447550358823" executionId="91b88eaa-2f50-43f3-adb1-94329aa04bb1" testListId="8c84fa94-04c1-424b-9868-57a2d4851a1d" />
    <TestEntry testId="b8ce9f29-cdc4-e1d3-26c0-ac7a8c66e827" executionId="ad32de42-d998-4134-8787-e238325fd190" testListId="8c84fa94-04c1-424b-9868-57a2d4851a1d" />
    <TestEntry testId="3c202c3e-cb38-f9d5-3947-b248696c1469" executionId="11839d33-5456-4eab-983c-bb4658accb93" testListId="8c84fa94-04c1-424b-9868-57a2d4851a1d" />
    <TestEntry testId="49a78842-ec47-7cc5-2701-fa32c229c763" executionId="e43183b0-9db7-4e56-aa3f-e7c1423905bc" testListId="8c84fa94-04c1-424b-9868-57a2d4851a1d" />
    <TestEntry testId="770a30e6-f1f8-6922-1dd6-9f6a8a8c05a1" executionId="081b17e4-1f56-4e7d-b8f0-96ef914cb5f1" testListId="8c84fa94-04c1-424b-9868-57a2d4851a1d" />
    <TestEntry testId="b4944693-4056-da7f-f008-94659ea447c4" executionId="0ac96331-6f1e-4aff-9ce8-c8176a4d8e97" testListId="8c84fa94-04c1-424b-9868-57a2d4851a1d" />
    <TestEntry testId="45843d7e-796c-a104-9074-f38676441619" executionId="506262d0-bfb6-45ac-9e13-97a4d9c353ac" testListId="8c84fa94-04c1-424b-9868-57a2d4851a1d" />
    <TestEntry testId="953a78d6-fa77-032b-ac4f-79e4fda4fb2d" executionId="bf091ebe-107f-48b6-afac-e6dacfb896d8" testListId="8c84fa94-04c1-424b-9868-57a2d4851a1d" />
    <TestEntry testId="5d389af9-65a5-c3f7-2ce0-186dd7e293bb" executionId="63d62191-f28c-4cef-905b-29c65126eaf4" testListId="8c84fa94-04c1-424b-9868-57a2d4851a1d" />
    <TestEntry testId="f508055b-5bee-31e3-7739-a002119aa0d0" executionId="5d9199f3-e304-4237-aab5-8d9747e9cce1" testListId="8c84fa94-04c1-424b-9868-57a2d4851a1d" />
    <TestEntry testId="2c9ea2e6-7811-c0cf-ceda-c0a495e83bbe" executionId="f0947bb7-d072-45ed-869f-4200f4691cc6" testListId="8c84fa94-04c1-424b-9868-57a2d4851a1d" />
    <TestEntry testId="3005acbb-bd0a-569e-1890-86c7b486cbc0" executionId="b19f250f-243c-44f4-9f03-4e06b882b4c0" testListId="8c84fa94-04c1-424b-9868-57a2d4851a1d" />
    <TestEntry testId="a9489768-942a-dcfa-ad6f-91ef6ea78a74" executionId="b334273b-ef7a-429f-946e-64a776527573" testListId="8c84fa94-04c1-424b-9868-57a2d4851a1d" />
    <TestEntry testId="d20a2387-a6b8-75e4-543a-484f53ff788e" executionId="90eea42c-1e92-477a-a376-3f0d9d6c0038" testListId="8c84fa94-04c1-424b-9868-57a2d4851a1d" />
    <TestEntry testId="cb4fe453-385e-5b34-821a-7787f23cec1a" executionId="2298fe6c-7e06-4584-9c14-32bb64fffc18" testListId="8c84fa94-04c1-424b-9868-57a2d4851a1d" />
    <TestEntry testId="ed8aee25-48dd-6d15-d23f-42c8b81147c0" executionId="ecb524a7-cdae-4434-b422-45265430b87f" testListId="8c84fa94-04c1-424b-9868-57a2d4851a1d" />
    <TestEntry testId="06644832-0720-9f66-794e-34617103e056" executionId="eaa34f45-12ca-4c43-a1e4-0a163bd0f29f" testListId="8c84fa94-04c1-424b-9868-57a2d4851a1d" />
    <TestEntry testId="6e13db0b-eab0-62c7-9943-5f8d6499ceec" executionId="cb061d4b-5995-4327-9a54-05b3a2463aa5" testListId="8c84fa94-04c1-424b-9868-57a2d4851a1d" />
    <TestEntry testId="8b7df467-989e-dea2-b676-4968df992a0d" executionId="a2f8db0d-6770-44a3-bf6d-a4b7131a859b" testListId="8c84fa94-04c1-424b-9868-57a2d4851a1d" />
    <TestEntry testId="5c7021b2-ab84-6ddb-0ca5-4189e02d5ac9" executionId="08e27559-e6b5-4266-a481-da44573916e7" testListId="8c84fa94-04c1-424b-9868-57a2d4851a1d" />
    <TestEntry testId="1aaafd23-625c-e340-226c-f8478ccc875e" executionId="3576d482-7051-4bc9-b030-be5c49433883" testListId="8c84fa94-04c1-424b-9868-57a2d4851a1d" />
    <TestEntry testId="41ca75c3-6259-05b8-285b-4f5ddad16486" executionId="e9d86090-fbd4-462e-b627-77e9ccc3f372" testListId="8c84fa94-04c1-424b-9868-57a2d4851a1d" />
    <TestEntry testId="3c9ce4a6-a234-4f04-3950-b005d33815c2" executionId="e229f86b-6ea7-49f6-b686-7ba5cab45a44" testListId="8c84fa94-04c1-424b-9868-57a2d4851a1d" />
    <TestEntry testId="80e74a32-3a38-ad7d-dbbc-155069dd63ff" executionId="3c828413-97de-44ab-a904-a70f6ac5c74e" testListId="8c84fa94-04c1-424b-9868-57a2d4851a1d" />
    <TestEntry testId="566b1200-57eb-44bd-2743-4b05607b5df1" executionId="acfa3896-4c3d-4fdc-93ef-5a03255ce5be" testListId="8c84fa94-04c1-424b-9868-57a2d4851a1d" />
    <TestEntry testId="42d01a79-698a-8bdf-a47a-b3816ad9c51b" executionId="d37454bd-61ea-459d-9728-9d1c5e0910f5" testListId="8c84fa94-04c1-424b-9868-57a2d4851a1d" />
    <TestEntry testId="67e37726-eab6-6c29-52b6-70f881dce15b" executionId="e4ba0a1b-3a2d-48d9-99bd-d89bf54830ad" testListId="8c84fa94-04c1-424b-9868-57a2d4851a1d" />
    <TestEntry testId="50ca2893-6404-dd2c-fb98-40482ee17ad2" executionId="8eca4e61-db40-4880-a77f-5806d15a3eca" testListId="8c84fa94-04c1-424b-9868-57a2d4851a1d" />
    <TestEntry testId="c53f27fb-3d3b-a509-2c4d-ee99c63b8770" executionId="272cec1b-4854-4758-b209-0825e288b684" testListId="8c84fa94-04c1-424b-9868-57a2d4851a1d" />
    <TestEntry testId="1bfbc150-832a-e4ca-ae13-017131075b85" executionId="a5ef2726-7409-4788-8e16-e49120a39f36" testListId="8c84fa94-04c1-424b-9868-57a2d4851a1d" />
    <TestEntry testId="bfac94ad-c6ba-d365-29bc-e5cd11571be9" executionId="60535045-79cc-4c0d-8665-53b739d9b346" testListId="8c84fa94-04c1-424b-9868-57a2d4851a1d" />
    <TestEntry testId="262a88e0-7eec-695a-5519-9da294723f05" executionId="c57c638b-4c14-4d60-930f-eea44699287f" testListId="8c84fa94-04c1-424b-9868-57a2d4851a1d" />
    <TestEntry testId="c67d40ef-7aa0-2b61-c77e-51a5c90cb5be" executionId="48e4b1d0-f554-4c1b-b890-4c731bbb6b76" testListId="8c84fa94-04c1-424b-9868-57a2d4851a1d" />
    <TestEntry testId="9b93787a-b09d-885f-e62d-26302a9764e3" executionId="27a73557-c253-4c17-8a85-f1475ccfa130" testListId="8c84fa94-04c1-424b-9868-57a2d4851a1d" />
    <TestEntry testId="903cd4f8-517c-7a37-07f4-921fbc9d361d" executionId="69236f6d-0571-4b61-bb79-55f471d17f3b" testListId="8c84fa94-04c1-424b-9868-57a2d4851a1d" />
    <TestEntry testId="f644defc-09e1-a2b2-0b72-6e70140be709" executionId="506293b9-b90f-4aa7-9758-4c51fe7c23a8" testListId="8c84fa94-04c1-424b-9868-57a2d4851a1d" />
    <TestEntry testId="a734b8d7-64b6-c5b0-a01b-89519383f833" executionId="f781e1ef-062a-407e-a96e-b193d51063ed" testListId="8c84fa94-04c1-424b-9868-57a2d4851a1d" />
    <TestEntry testId="56fb65db-6e4f-4370-45ab-c4f18ac46c69" executionId="76ade7c8-cd6a-41df-a320-e1ef59e8175c" testListId="8c84fa94-04c1-424b-9868-57a2d4851a1d" />
    <TestEntry testId="4ce7a7b1-260a-ec58-a1fb-b116afa545c9" executionId="229d74ad-69bc-4348-b07b-331e4fcb2938" testListId="8c84fa94-04c1-424b-9868-57a2d4851a1d" />
    <TestEntry testId="ee755468-4bdc-15d4-aa8b-4fc09225ec87" executionId="8f2ff9b9-9551-4a23-9c7f-f95efabe7530" testListId="8c84fa94-04c1-424b-9868-57a2d4851a1d" />
    <TestEntry testId="b6540edd-33a1-7fb7-59dd-c429fe9deaf1" executionId="636f8558-1e5a-416a-b0d8-5f43d1d3bb74" testListId="8c84fa94-04c1-424b-9868-57a2d4851a1d" />
    <TestEntry testId="fc88963e-633c-7e9a-9319-8a8e2a64aa72" executionId="39cd4c23-82ae-4795-935f-9afaf7f83102" testListId="8c84fa94-04c1-424b-9868-57a2d4851a1d" />
    <TestEntry testId="21e999d7-510e-1c4e-c52c-d104b54dd531" executionId="c5199eec-7d8e-488b-8fb9-1e24d5109050" testListId="8c84fa94-04c1-424b-9868-57a2d4851a1d" />
    <TestEntry testId="ced0770e-b901-4274-885a-59ff4d76a8a9" executionId="62cf7253-4eef-40fa-8cee-7456b78c7e85" testListId="8c84fa94-04c1-424b-9868-57a2d4851a1d" />
    <TestEntry testId="dcb661a8-080d-71c7-db9e-f900984a04d7" executionId="fbd25cc9-ee61-45f8-b6fa-0b04a614a907" testListId="8c84fa94-04c1-424b-9868-57a2d4851a1d" />
    <TestEntry testId="6f66e914-9cfb-4f18-5611-3ca4f7f1471d" executionId="5958922a-fe1c-4291-923f-3a150d420e58" testListId="8c84fa94-04c1-424b-9868-57a2d4851a1d" />
    <TestEntry testId="7921a5cf-e854-49ae-c247-664dc2281b3b" executionId="631ed088-abe6-424a-8013-0ced1289e426" testListId="8c84fa94-04c1-424b-9868-57a2d4851a1d" />
    <TestEntry testId="ca7de9fd-b635-9a89-8d2f-9d0eb6bc888b" executionId="1fff1f3b-46d4-4006-a5fd-1569ad7ce285" testListId="8c84fa94-04c1-424b-9868-57a2d4851a1d" />
    <TestEntry testId="e53b493e-3378-82fc-6e5a-40c8554a6b40" executionId="c81a603f-0e44-45b6-9e8e-d8b01e6f36d6" testListId="8c84fa94-04c1-424b-9868-57a2d4851a1d" />
    <TestEntry testId="140cdba7-bdd7-21ce-465d-c6f1ecf49583" executionId="da0c999c-ad66-46f0-b9bc-19e0f2869213" testListId="8c84fa94-04c1-424b-9868-57a2d4851a1d" />
    <TestEntry testId="3dbdba1a-6fd0-35a0-1845-7a9d5e1b5f0c" executionId="df677c4d-159b-44ae-8ebb-84548bd35b84" testListId="8c84fa94-04c1-424b-9868-57a2d4851a1d" />
    <TestEntry testId="550c4634-a435-f6fa-91e9-954fe692c2a9" executionId="49b93fc3-d8b6-49ae-a282-96d1687805c5" testListId="8c84fa94-04c1-424b-9868-57a2d4851a1d" />
    <TestEntry testId="188ab1bc-d4b4-26df-945b-2f118c1675e7" executionId="4616610d-2a37-448c-b9b5-665722095784" testListId="8c84fa94-04c1-424b-9868-57a2d4851a1d" />
    <TestEntry testId="e7d2e063-5684-48de-cbd6-388356d5f6fc" executionId="a8e627ca-5342-43fc-ae9d-738235a612bb" testListId="8c84fa94-04c1-424b-9868-57a2d4851a1d" />
    <TestEntry testId="f76b3f32-ad31-efe4-5487-c23eb6b9c7da" executionId="29306442-9987-448a-8850-e0a592fc6f62" testListId="8c84fa94-04c1-424b-9868-57a2d4851a1d" />
    <TestEntry testId="eebc9ed1-f2e7-45fc-4115-381dd920666a" executionId="bbd98164-8899-4e85-af47-72e7413da1c5" testListId="8c84fa94-04c1-424b-9868-57a2d4851a1d" />
    <TestEntry testId="f4b229a2-a8b7-144d-7478-c2badca0b648" executionId="23bd8bd9-b4a2-442d-ac32-cc8c24d8875d" testListId="8c84fa94-04c1-424b-9868-57a2d4851a1d" />
    <TestEntry testId="46370a69-f762-494a-36ea-c68ad69179c4" executionId="1f9ab006-7d11-432b-b774-81fc191e00c4" testListId="8c84fa94-04c1-424b-9868-57a2d4851a1d" />
    <TestEntry testId="d237d2eb-6f05-5bfd-e442-cd9c40ea90e7" executionId="91b13ded-11e2-4cd3-8ca9-6b1bd56b6a8f" testListId="8c84fa94-04c1-424b-9868-57a2d4851a1d" />
    <TestEntry testId="032f12d0-722f-e4e5-5e5f-09b7a65d8a24" executionId="91349413-b18a-4c5d-9261-9054a4ffa3ad" testListId="8c84fa94-04c1-424b-9868-57a2d4851a1d" />
    <TestEntry testId="487b5447-1e0e-25cb-4f41-b1e89c7b33b5" executionId="4d298d8d-017d-4d4a-ba3c-9c14dc1293a2" testListId="8c84fa94-04c1-424b-9868-57a2d4851a1d" />
    <TestEntry testId="e25d25bf-2450-37f1-6624-51c474e177b5" executionId="1addcdcf-8cbc-41a2-a99f-c9e5f0c2fb53" testListId="8c84fa94-04c1-424b-9868-57a2d4851a1d" />
    <TestEntry testId="84215482-1639-cb06-f54a-780c0a44f94d" executionId="b0b6777f-82e0-4dae-ac35-74559665f921" testListId="8c84fa94-04c1-424b-9868-57a2d4851a1d" />
    <TestEntry testId="2fecca67-338e-25c3-05f8-daf7beebf1e8" executionId="c98dd379-49c0-4787-8355-899dcff8305f" testListId="8c84fa94-04c1-424b-9868-57a2d4851a1d" />
    <TestEntry testId="67871900-0900-889d-1aef-49ad77f50ba8" executionId="a5fef518-2ab3-4164-aafc-75f74bfe5bca" testListId="8c84fa94-04c1-424b-9868-57a2d4851a1d" />
    <TestEntry testId="23b19723-4ec5-2db0-0284-22ee74c1872a" executionId="e75c580b-87bd-487f-a9ea-80b89fd1f531" testListId="8c84fa94-04c1-424b-9868-57a2d4851a1d" />
    <TestEntry testId="1bd5fb5a-9e9f-97ad-4b8a-d3a892f44a91" executionId="b6f1033d-e862-48d7-9b34-a1ccfe2e8263" testListId="8c84fa94-04c1-424b-9868-57a2d4851a1d" />
    <TestEntry testId="10f869b5-3f94-9d9b-fca6-ae8470aff83f" executionId="bfbc21be-3865-4f9d-b1d0-87f235b942bd" testListId="8c84fa94-04c1-424b-9868-57a2d4851a1d" />
    <TestEntry testId="730f96a6-2c95-70cd-5315-1cda5ab862b7" executionId="16662089-d1e8-4693-8116-85d6aab973a6" testListId="8c84fa94-04c1-424b-9868-57a2d4851a1d" />
    <TestEntry testId="bf2ebf86-752e-56e5-3529-0dcee7532d5d" executionId="e6929bb8-f0ff-4acd-875a-75952b6cef2f" testListId="8c84fa94-04c1-424b-9868-57a2d4851a1d" />
    <TestEntry testId="0ab362cb-d48b-f45c-dc7e-403a2a8556ef" executionId="816ab00d-2ac8-461a-8581-eb1dcce50ca7" testListId="8c84fa94-04c1-424b-9868-57a2d4851a1d" />
    <TestEntry testId="def15d37-a46e-6d35-8494-fbad53c206f8" executionId="b9110380-69a8-4ae2-a8c7-c93bae4ba6f7" testListId="8c84fa94-04c1-424b-9868-57a2d4851a1d" />
    <TestEntry testId="a3c39b41-51e1-a78c-afd1-34265f9d4312" executionId="68ba880f-22d1-43b2-9213-c397580ffe1b" testListId="8c84fa94-04c1-424b-9868-57a2d4851a1d" />
    <TestEntry testId="e93e5a9a-ab06-56d7-b779-cdb7aa605acc" executionId="6ed6b18a-d13e-4224-a92a-2bc95cac3813" testListId="8c84fa94-04c1-424b-9868-57a2d4851a1d" />
    <TestEntry testId="42f258d2-a624-e968-e234-9baaece024e5" executionId="a3cc17a2-a68c-49a5-9bfa-92c532f22786" testListId="8c84fa94-04c1-424b-9868-57a2d4851a1d" />
    <TestEntry testId="39bffd83-9007-e2f4-e442-04d0b842cdea" executionId="e96986b6-abdb-4d6a-8ba5-eddb1d63abd8" testListId="8c84fa94-04c1-424b-9868-57a2d4851a1d" />
    <TestEntry testId="619942a7-a80d-eb03-35dd-da59797fd3a6" executionId="b3ea0f91-fe1b-47c6-a4b4-7529f4f79d52" testListId="8c84fa94-04c1-424b-9868-57a2d4851a1d" />
    <TestEntry testId="a403b264-2f4d-ef39-f80b-4262b6dfcac5" executionId="401df9c9-1537-4e3d-a484-884f9cdda4fd" testListId="8c84fa94-04c1-424b-9868-57a2d4851a1d" />
    <TestEntry testId="37322710-4f83-355d-c165-4ada16078ec2" executionId="f5486118-1688-46e8-b178-aae8783cca01" testListId="8c84fa94-04c1-424b-9868-57a2d4851a1d" />
    <TestEntry testId="8dc1d0ae-0d54-54ca-643f-2bdcb01eb030" executionId="2a8daf99-be46-4e3b-807a-a3f8499e0c81" testListId="8c84fa94-04c1-424b-9868-57a2d4851a1d" />
    <TestEntry testId="bf597c8f-6d88-69fd-7af2-70d0b1b56fa7" executionId="3053b775-e446-4786-a2c4-316f6cbe6f72" testListId="8c84fa94-04c1-424b-9868-57a2d4851a1d" />
    <TestEntry testId="68699688-1432-0773-2a3e-42a9bd29c51d" executionId="39519d47-5b93-4369-9ed0-0df2c17f5942" testListId="8c84fa94-04c1-424b-9868-57a2d4851a1d" />
    <TestEntry testId="966c9619-a79f-7ecc-eadf-07d8da635bb8" executionId="48f5b199-814e-46c7-8073-58969f0e36c4" testListId="8c84fa94-04c1-424b-9868-57a2d4851a1d" />
    <TestEntry testId="87cd87e7-f8b3-8fec-86a5-3e9d93a6a9b4" executionId="86b996cf-8a79-4064-b1df-1261a0583531" testListId="8c84fa94-04c1-424b-9868-57a2d4851a1d" />
    <TestEntry testId="0b2452c9-3768-d7b0-b1d6-1659f9a1efa7" executionId="5ae4642e-d09f-423f-9d9d-5474844fa3ed" testListId="8c84fa94-04c1-424b-9868-57a2d4851a1d" />
    <TestEntry testId="a26ec6f8-6dd9-5136-a9d6-39566670d840" executionId="a780eb5e-5acf-4959-872a-af4215f0be15" testListId="8c84fa94-04c1-424b-9868-57a2d4851a1d" />
    <TestEntry testId="5f5c9022-b4ac-a4d0-1be9-5e586da98280" executionId="03f5c6aa-1c92-4b3b-9eff-b7736a860928" testListId="8c84fa94-04c1-424b-9868-57a2d4851a1d" />
    <TestEntry testId="06b9dd46-92f8-7409-e110-7dc0c68ab5fd" executionId="cae9db97-6103-4439-ab1d-dc08137fe13e" testListId="8c84fa94-04c1-424b-9868-57a2d4851a1d" />
    <TestEntry testId="90f3763a-3900-3afd-f670-8ed70f8a8e9e" executionId="c7ec5669-c370-49d7-b6b2-331860395a32" testListId="8c84fa94-04c1-424b-9868-57a2d4851a1d" />
    <TestEntry testId="e960d17e-5a16-1088-2ab9-bd4cbfeb6051" executionId="f371ae39-91ec-4d0c-b773-9f2eee992d59" testListId="8c84fa94-04c1-424b-9868-57a2d4851a1d" />
    <TestEntry testId="67b89cf1-9fd9-82c6-35df-146c899a8938" executionId="47879d25-046d-42ed-922d-cab716af29a3" testListId="8c84fa94-04c1-424b-9868-57a2d4851a1d" />
    <TestEntry testId="7732a642-5f4c-48dd-1d7e-985649745b2b" executionId="ebb053eb-a66d-4003-b558-44d5997ad258" testListId="8c84fa94-04c1-424b-9868-57a2d4851a1d" />
    <TestEntry testId="fdea718c-e7bf-5aa2-3704-8a4192cbbb7b" executionId="e7fcb0a4-8876-4ebe-bb21-6d7ca2267502" testListId="8c84fa94-04c1-424b-9868-57a2d4851a1d" />
    <TestEntry testId="44f7b27f-f1c3-703c-68cf-d37045e86af9" executionId="c079ae95-bd0e-4a4a-9950-0e42dbb537f6" testListId="8c84fa94-04c1-424b-9868-57a2d4851a1d" />
    <TestEntry testId="b9c9f4bb-12e2-f31d-1164-f61d3e0a5f5b" executionId="c728088f-1844-42dd-b400-5fea5b5ade3e" testListId="8c84fa94-04c1-424b-9868-57a2d4851a1d" />
    <TestEntry testId="bd7de458-b30d-1d8e-6031-b0f25ccd5a5d" executionId="61977cca-b7cf-4f1a-8fbb-257f3a53c62e" testListId="8c84fa94-04c1-424b-9868-57a2d4851a1d" />
    <TestEntry testId="f2eac08d-8d7d-c6e7-2cda-0b64c57484bd" executionId="0aab82db-ff89-42ce-8adf-d49627ed03da" testListId="8c84fa94-04c1-424b-9868-57a2d4851a1d" />
    <TestEntry testId="9906dcd0-ae4b-525a-9295-634f86d82a75" executionId="59b111c3-2087-4450-96b4-0d63d48a496a" testListId="8c84fa94-04c1-424b-9868-57a2d4851a1d" />
    <TestEntry testId="f4caa0e6-6e3d-c131-c429-ec5067fe0c26" executionId="699575e3-c139-407f-8648-43600f324263" testListId="8c84fa94-04c1-424b-9868-57a2d4851a1d" />
    <TestEntry testId="6dffef42-0f67-d446-3f31-7148f50c92b8" executionId="29332ad9-dd13-4595-972f-96fd8594c852" testListId="8c84fa94-04c1-424b-9868-57a2d4851a1d" />
    <TestEntry testId="2312b328-8686-77ae-427a-1dc0d27ceadb" executionId="2072c5c0-762b-465e-8d7a-3ae956bc0272" testListId="8c84fa94-04c1-424b-9868-57a2d4851a1d" />
    <TestEntry testId="e03ebe14-51b2-e036-9a55-b41a897e8ee7" executionId="30618e96-54ab-4513-ba03-de10863c66d5" testListId="8c84fa94-04c1-424b-9868-57a2d4851a1d" />
    <TestEntry testId="5255dc6d-608f-75ea-b670-2bf8b7b45263" executionId="52ea02bc-a415-450c-887d-461fcb4875a5" testListId="8c84fa94-04c1-424b-9868-57a2d4851a1d" />
    <TestEntry testId="87658b8d-a2b9-fc3e-5c2d-d98073969a68" executionId="df039abd-a817-4591-8dce-6b49456bde6a" testListId="8c84fa94-04c1-424b-9868-57a2d4851a1d" />
    <TestEntry testId="549ae9f4-6b0c-80f5-d847-88cbb37cd83c" executionId="f97c3dcd-5e85-4c12-a26f-8f248c792c51" testListId="8c84fa94-04c1-424b-9868-57a2d4851a1d" />
    <TestEntry testId="790b325d-3abd-eec1-3755-0e7f95bfd137" executionId="a9c6e9ac-7374-4dbc-8c40-45a012fd8f53" testListId="8c84fa94-04c1-424b-9868-57a2d4851a1d" />
    <TestEntry testId="41320dfe-3b5a-f638-b9f5-066020b7f9fb" executionId="78f250cd-7326-4bc8-97a7-57c52c48f769" testListId="8c84fa94-04c1-424b-9868-57a2d4851a1d" />
    <TestEntry testId="3788b87d-2ea5-28d2-d757-7cb0d28c8b09" executionId="ad237a55-4776-4aa6-b384-f70509701198" testListId="8c84fa94-04c1-424b-9868-57a2d4851a1d" />
    <TestEntry testId="713e31be-1e71-4306-14c3-db35d3aa1175" executionId="c0383ea3-82fa-4283-a8f7-c3fc970cec50" testListId="8c84fa94-04c1-424b-9868-57a2d4851a1d" />
    <TestEntry testId="654ef9ea-1882-bb3a-85cf-3a634c0819fe" executionId="7844548a-41ff-461b-8ab2-863807fa15d0" testListId="8c84fa94-04c1-424b-9868-57a2d4851a1d" />
    <TestEntry testId="625b0c4f-ae51-ad6c-59ca-a92337c32e20" executionId="97cffdfe-441f-44a4-b6b6-7a5557d08b30" testListId="8c84fa94-04c1-424b-9868-57a2d4851a1d" />
    <TestEntry testId="97df8d55-ad90-bd8f-de70-c9dc2b92e2c7" executionId="6fe39774-bd8c-4e3b-baa6-3b82e9ca24c1" testListId="8c84fa94-04c1-424b-9868-57a2d4851a1d" />
    <TestEntry testId="ab6d71d0-ee6a-f04c-a6dd-a8a8852d24a1" executionId="f1a0e84f-ed8a-4faa-baf3-94151d487b3d" testListId="8c84fa94-04c1-424b-9868-57a2d4851a1d" />
    <TestEntry testId="3d69c8e0-c71d-c253-b1df-d8f83d8df8e6" executionId="2800d386-5b73-4ac9-817a-510999e43fd7" testListId="8c84fa94-04c1-424b-9868-57a2d4851a1d" />
    <TestEntry testId="4efea0b2-fd13-8c87-2ec9-0987481ae174" executionId="c1ca8cf0-b481-4556-acb1-a0e3c4554061" testListId="8c84fa94-04c1-424b-9868-57a2d4851a1d" />
    <TestEntry testId="25a77e9b-f7a6-9cd0-b29d-d08216a5d765" executionId="8d1d3814-6923-484b-bdc2-89ec4c1799c1" testListId="8c84fa94-04c1-424b-9868-57a2d4851a1d" />
    <TestEntry testId="d474115b-5d44-792f-c0b3-6286fc08511c" executionId="f16e6d9d-a279-4f53-8a4d-230b5c4a1df9" testListId="8c84fa94-04c1-424b-9868-57a2d4851a1d" />
    <TestEntry testId="0c35ab26-c024-d956-23a5-b4f2d6aef4c2" executionId="c1c59567-e417-47fe-b53e-a313bb333547" testListId="8c84fa94-04c1-424b-9868-57a2d4851a1d" />
    <TestEntry testId="ecec72ae-4a1b-0909-ceb8-34060384e02f" executionId="16c9a881-e078-4411-8c33-eec3ce3f5945" testListId="8c84fa94-04c1-424b-9868-57a2d4851a1d" />
    <TestEntry testId="01acd6f1-ea71-38f7-18ae-626b04ac3478" executionId="58721519-6fc8-4a7b-bfbd-a616b0d7c8d1" testListId="8c84fa94-04c1-424b-9868-57a2d4851a1d" />
    <TestEntry testId="0ab27023-6f4f-398c-0875-29e91f222b81" executionId="8487e1d6-3976-4547-8363-29c48fa15113" testListId="8c84fa94-04c1-424b-9868-57a2d4851a1d" />
    <TestEntry testId="0cf8d1ee-2aa5-1f26-f781-4fea09aaca63" executionId="cdfd5138-d2a6-4369-acb2-f5f9c0e0d285" testListId="8c84fa94-04c1-424b-9868-57a2d4851a1d" />
    <TestEntry testId="86732163-4051-7399-a1b7-021a42dcb384" executionId="908f0259-6bf4-4963-9965-890975d9fa5c" testListId="8c84fa94-04c1-424b-9868-57a2d4851a1d" />
    <TestEntry testId="04b793ec-5c62-ae5e-cd50-abedc55872c6" executionId="ff47184c-350b-4f13-bc30-1e4d333e69eb" testListId="8c84fa94-04c1-424b-9868-57a2d4851a1d" />
    <TestEntry testId="9fa4029e-04c2-4fbb-0305-224cc2bc4579" executionId="6755ac91-6f26-4595-919f-f50e83de8171" testListId="8c84fa94-04c1-424b-9868-57a2d4851a1d" />
    <TestEntry testId="bc26215c-221b-e92a-8858-77f541750414" executionId="90c71f82-8ec4-4147-9a6f-1c3587e6f317" testListId="8c84fa94-04c1-424b-9868-57a2d4851a1d" />
    <TestEntry testId="1012c324-8161-0942-c41e-efe0e24c3068" executionId="245d61a9-5de9-4c48-bbd9-28f339af83b5" testListId="8c84fa94-04c1-424b-9868-57a2d4851a1d" />
    <TestEntry testId="71d1c267-cd8e-60d5-e61b-182ab1bdc68a" executionId="4e2535fb-3428-4932-aa19-44c711cd03e0" testListId="8c84fa94-04c1-424b-9868-57a2d4851a1d" />
    <TestEntry testId="6c1c4578-a7af-aca4-9467-6b8db73501c1" executionId="5f88eaab-15c6-494a-bb5d-b69567654081" testListId="8c84fa94-04c1-424b-9868-57a2d4851a1d" />
    <TestEntry testId="9458c6ec-e5a8-9efa-fa5f-996f70cbe542" executionId="f4706df5-9ae2-4955-acad-d1c141bc8438" testListId="8c84fa94-04c1-424b-9868-57a2d4851a1d" />
    <TestEntry testId="22e8c9f5-18cd-e757-dd99-5b5cabca4c49" executionId="78b27764-6cc9-4240-8038-aca60891804a" testListId="8c84fa94-04c1-424b-9868-57a2d4851a1d" />
    <TestEntry testId="478f3d78-10b6-28a4-5366-966921546be8" executionId="7375f639-20b3-4c79-bc7e-91df50297e69" testListId="8c84fa94-04c1-424b-9868-57a2d4851a1d" />
    <TestEntry testId="af19f751-b680-6600-9f8b-34f9762fb7cf" executionId="af9a748f-b998-49e5-aea4-8cb86874f981" testListId="8c84fa94-04c1-424b-9868-57a2d4851a1d" />
    <TestEntry testId="00c87c90-5fed-a59e-5da9-bdf8fc828b36" executionId="bf852900-5376-403b-8f55-ae5856f0c1c8" testListId="8c84fa94-04c1-424b-9868-57a2d4851a1d" />
    <TestEntry testId="fcc87965-3b73-69f4-c122-fdfc94e1d8cb" executionId="fbebe2b2-72e9-453f-a735-c456eb742588" testListId="8c84fa94-04c1-424b-9868-57a2d4851a1d" />
    <TestEntry testId="321a1e37-ed3f-fdc1-45f5-8b14a2fd9d22" executionId="ecf83111-eef2-44f5-9ba5-ccb43755664b" testListId="8c84fa94-04c1-424b-9868-57a2d4851a1d" />
    <TestEntry testId="9509b487-31fb-cc34-9fec-375f308c64f1" executionId="5b59a1b2-4752-4cd7-b193-3d74daea50be" testListId="8c84fa94-04c1-424b-9868-57a2d4851a1d" />
    <TestEntry testId="37af9221-1044-bb39-76f3-d33c0e92bc2d" executionId="2b93a5e9-cb0c-41e3-a373-e38a23d7a749" testListId="8c84fa94-04c1-424b-9868-57a2d4851a1d" />
    <TestEntry testId="adf1aabf-ee1c-1eb6-cb0b-7dfcdb73cc2e" executionId="403c5d60-2039-4d32-b510-38a34f073321" testListId="8c84fa94-04c1-424b-9868-57a2d4851a1d" />
    <TestEntry testId="ea760280-3855-9de7-a46e-864928aef426" executionId="7d3212be-657b-445f-8333-b11e8447eadc" testListId="8c84fa94-04c1-424b-9868-57a2d4851a1d" />
    <TestEntry testId="3c51f788-470f-b068-a20a-cd42a6521795" executionId="0c3a31bf-06d2-4f08-bf5c-253f9b36d6c9" testListId="8c84fa94-04c1-424b-9868-57a2d4851a1d" />
    <TestEntry testId="7056a748-e4f9-329a-3b22-50df97f55acf" executionId="b2f3f8be-6193-48c4-81a2-679255a2eb87" testListId="8c84fa94-04c1-424b-9868-57a2d4851a1d" />
    <TestEntry testId="14113774-8076-c027-eb5f-ce9b50496561" executionId="8adf0cb5-1009-4f5a-963d-56fcf67e1900" testListId="8c84fa94-04c1-424b-9868-57a2d4851a1d" />
    <TestEntry testId="706ab6ba-2b51-b9db-cf4d-e95f5e95f91d" executionId="997164c0-a597-4d2c-94a5-2ad716d1ce31" testListId="8c84fa94-04c1-424b-9868-57a2d4851a1d" />
    <TestEntry testId="65bae37c-f475-9189-ca2c-8a760a3f92ff" executionId="08d362ec-f9bd-4077-a9eb-5ded81b1e942" testListId="8c84fa94-04c1-424b-9868-57a2d4851a1d" />
    <TestEntry testId="a0157183-2b9e-596f-c60a-e365112807dc" executionId="11cdd206-adc7-4baf-93a0-42cd971e9299" testListId="8c84fa94-04c1-424b-9868-57a2d4851a1d" />
    <TestEntry testId="8f91f03b-52eb-2c3c-675c-55cedbafec7f" executionId="b6d5714a-5cc9-43d9-86a0-dfd6cdb111b0" testListId="8c84fa94-04c1-424b-9868-57a2d4851a1d" />
    <TestEntry testId="3546d9b7-4026-1f42-4d63-c78b4bd42ca5" executionId="79618824-e562-4c60-8f86-8e68ad3b8790" testListId="8c84fa94-04c1-424b-9868-57a2d4851a1d" />
    <TestEntry testId="3706f52f-501f-e437-b20e-47a7a96d2a24" executionId="7984247d-104d-46ec-8527-e84235c48af1" testListId="8c84fa94-04c1-424b-9868-57a2d4851a1d" />
    <TestEntry testId="67da564e-6940-64cf-631a-afe062bb1f5c" executionId="5c0403eb-3085-402f-9999-b09d5900485f" testListId="8c84fa94-04c1-424b-9868-57a2d4851a1d" />
    <TestEntry testId="0c59d76c-fcfa-911e-0eb0-a6a4bb0be5cb" executionId="4eb41e18-525e-4c7e-8402-c10c6a4cc907" testListId="8c84fa94-04c1-424b-9868-57a2d4851a1d" />
    <TestEntry testId="d9444b0f-2afc-6e33-3f17-3c6285628dbd" executionId="1bf925a6-ffc9-420d-9bb1-30fafdde90ff" testListId="8c84fa94-04c1-424b-9868-57a2d4851a1d" />
    <TestEntry testId="4a656428-a2cf-3901-edf6-8416647c8b40" executionId="d0bd783a-586c-4137-9493-b9465ba6b0b6" testListId="8c84fa94-04c1-424b-9868-57a2d4851a1d" />
    <TestEntry testId="682d9c8c-0c1a-75fd-a1d2-d379a05c7ce3" executionId="0938b8a2-3e81-4c82-a3d4-fa88940f9f00" testListId="8c84fa94-04c1-424b-9868-57a2d4851a1d" />
    <TestEntry testId="7701f5fd-cbf9-f23c-fedf-a0f75e421ca3" executionId="bf0ce6c9-08bf-4605-a0ac-da1896649e77" testListId="8c84fa94-04c1-424b-9868-57a2d4851a1d" />
    <TestEntry testId="9ed9400e-36e7-5296-9ea5-358c22b526a5" executionId="d53d7f85-c1e9-46c7-b12e-3ff78bd16ac8" testListId="8c84fa94-04c1-424b-9868-57a2d4851a1d" />
    <TestEntry testId="ff2a19eb-d274-bc17-d69b-1ac44c30935b" executionId="bb51f121-2b55-4b39-a7b5-8f5aa95fa9b9" testListId="8c84fa94-04c1-424b-9868-57a2d4851a1d" />
    <TestEntry testId="66b2a30f-8850-0f1e-aa89-5d56c4f90710" executionId="1668f1ec-29f5-4449-ae9b-a2885d192ccf" testListId="8c84fa94-04c1-424b-9868-57a2d4851a1d" />
    <TestEntry testId="3d6e4665-1829-641c-4861-4af62b7a71a9" executionId="77d0c566-b642-40aa-8836-c73bc55cf0c8" testListId="8c84fa94-04c1-424b-9868-57a2d4851a1d" />
    <TestEntry testId="ffc04f98-ebde-4d4a-8364-6dbb9f652689" executionId="3b8b3567-85d1-4490-b13f-1e1566f48298" testListId="8c84fa94-04c1-424b-9868-57a2d4851a1d" />
    <TestEntry testId="f6d0521c-fa56-8a50-37b1-66020c9096c5" executionId="2d1892f7-e437-40b4-8d28-7697eb52aac8" testListId="8c84fa94-04c1-424b-9868-57a2d4851a1d" />
    <TestEntry testId="04a0a07d-6748-3fda-40b9-fa38276ccd33" executionId="ebb0e09d-034d-49e3-8054-3358d0064bc3" testListId="8c84fa94-04c1-424b-9868-57a2d4851a1d" />
    <TestEntry testId="e6a694f9-d3f0-9a3a-82cb-9c48c0d4fe95" executionId="9a0b6b7a-0f0c-4547-867b-af14905e5ae3" testListId="8c84fa94-04c1-424b-9868-57a2d4851a1d" />
    <TestEntry testId="40b05d2c-3508-4dea-d68b-5b8372859f2c" executionId="df98b166-d101-4e6a-93fb-fa0daa3be0f8" testListId="8c84fa94-04c1-424b-9868-57a2d4851a1d" />
    <TestEntry testId="f8a4a244-dbd0-c4f9-e484-9d9cd1b3f176" executionId="bc1502e3-f2d9-4426-869d-6b6661a588ed" testListId="8c84fa94-04c1-424b-9868-57a2d4851a1d" />
    <TestEntry testId="9be046ce-d5fd-9427-1050-dab4a1484a22" executionId="3229451f-3be1-499d-8e9b-d760b0527b39" testListId="8c84fa94-04c1-424b-9868-57a2d4851a1d" />
    <TestEntry testId="ae49b406-a129-4a99-756f-9445e7e0bcb8" executionId="18cbc141-4caf-442c-812f-6cfc8d0c6562" testListId="8c84fa94-04c1-424b-9868-57a2d4851a1d" />
    <TestEntry testId="440dfa76-f2d6-e073-a941-9c06f5701cb8" executionId="a2116134-7ac4-47d8-a4bf-eb113479f71f" testListId="8c84fa94-04c1-424b-9868-57a2d4851a1d" />
    <TestEntry testId="4d49d458-cfe1-d6c1-2067-018152c6cee1" executionId="43af8fb7-fb42-41f9-9bc3-93959d672a3c" testListId="8c84fa94-04c1-424b-9868-57a2d4851a1d" />
    <TestEntry testId="4c10f3c4-fd8c-41f9-b944-356e748b698a" executionId="8c058f78-2c40-4f9c-b9d9-6891b9d4fdf2" testListId="8c84fa94-04c1-424b-9868-57a2d4851a1d" />
    <TestEntry testId="6929a334-af19-28ff-1261-b86a33752757" executionId="c0369c08-36b6-4ebe-9640-f8fcba67a35c" testListId="8c84fa94-04c1-424b-9868-57a2d4851a1d" />
    <TestEntry testId="b62d72e0-9de4-5866-12c5-253681d0df88" executionId="ed08c973-a6e7-4ee2-aaba-9f54404a3a94" testListId="8c84fa94-04c1-424b-9868-57a2d4851a1d" />
    <TestEntry testId="a96aeaab-ab34-d0c0-ddcf-e1f5c6aa6924" executionId="68543ef6-a45a-44dc-be55-5a5c0fd5e467" testListId="8c84fa94-04c1-424b-9868-57a2d4851a1d" />
    <TestEntry testId="100430cd-6565-18f3-c294-373025ab087e" executionId="948655c8-f9f9-4cb0-8dfc-bf7a7ddfc35f" testListId="8c84fa94-04c1-424b-9868-57a2d4851a1d" />
    <TestEntry testId="af75ef55-0542-65e8-b2ae-a8714b1b6ee8" executionId="3f5c7a2e-328c-4fa7-aee7-b474e12e34bd" testListId="8c84fa94-04c1-424b-9868-57a2d4851a1d" />
    <TestEntry testId="4744d4ae-2521-b24e-d5ed-700cfccee5b6" executionId="8ecb3682-4ce5-4368-bf1d-e2883216a97b" testListId="8c84fa94-04c1-424b-9868-57a2d4851a1d" />
    <TestEntry testId="a7dcfefc-4bb1-7cd3-999f-cc58af315ef6" executionId="9c3b495c-ac93-400a-9eb8-f3a7acfff616" testListId="8c84fa94-04c1-424b-9868-57a2d4851a1d" />
    <TestEntry testId="17123aeb-362b-66b0-2981-2994bc93be84" executionId="f9fb6078-076c-4358-a247-f2f3cbf55472" testListId="8c84fa94-04c1-424b-9868-57a2d4851a1d" />
    <TestEntry testId="7a356f2b-a14c-5916-12db-273db6c151e1" executionId="5b5665ba-e458-4cbe-aab9-4fdb90353138" testListId="8c84fa94-04c1-424b-9868-57a2d4851a1d" />
    <TestEntry testId="72321927-3b83-84e2-bb23-4e4ef51fbf75" executionId="804dedd5-26b2-4b84-9a87-c4d2683cd92b" testListId="8c84fa94-04c1-424b-9868-57a2d4851a1d" />
    <TestEntry testId="b9a13a5b-81a8-ca23-bb4b-d95c063257a2" executionId="d9dfb967-9885-405d-9868-8c31f7100188" testListId="8c84fa94-04c1-424b-9868-57a2d4851a1d" />
    <TestEntry testId="5a784b05-d140-3c48-a864-8715e0cfaed9" executionId="5afde45b-42f2-471e-9d04-7a28df607773" testListId="8c84fa94-04c1-424b-9868-57a2d4851a1d" />
    <TestEntry testId="75c9d967-90eb-dc3b-3504-20fd3872b6a3" executionId="edcd4532-d2fb-4e84-800e-0d2c7d03887c" testListId="8c84fa94-04c1-424b-9868-57a2d4851a1d" />
    <TestEntry testId="50e25875-2c25-fb3c-95d0-d87b9191fafb" executionId="150df723-f9b3-4dbe-ad32-9551cd215aa7" testListId="8c84fa94-04c1-424b-9868-57a2d4851a1d" />
    <TestEntry testId="124a5e80-5b0d-71a0-1c67-af5274a72cea" executionId="54e9e4e2-de8b-4ac2-8790-a0e7bdbafe71" testListId="8c84fa94-04c1-424b-9868-57a2d4851a1d" />
    <TestEntry testId="3359bec4-f88f-6930-585f-325fb5905ea7" executionId="6e797f42-25df-4be5-9bf8-b4c09c3d4b22" testListId="8c84fa94-04c1-424b-9868-57a2d4851a1d" />
    <TestEntry testId="567aecf6-8050-60d3-0df1-56b65b0170fd" executionId="29ff748a-3b63-4172-9083-a4b1969d44fd" testListId="8c84fa94-04c1-424b-9868-57a2d4851a1d" />
    <TestEntry testId="cf8e917f-8493-b13d-e6de-2124749937b2" executionId="9d23e45d-1abe-4a35-b088-8b4c0a9f563a" testListId="8c84fa94-04c1-424b-9868-57a2d4851a1d" />
    <TestEntry testId="bd1a2810-75db-7add-94a1-1261e7ac4845" executionId="ab5bd98f-18b3-4310-942c-e34bc3fd82f9" testListId="8c84fa94-04c1-424b-9868-57a2d4851a1d" />
    <TestEntry testId="99c8a6bf-0fcb-9ae5-1df7-fe0771c61c89" executionId="c0211e4d-77c2-4095-bdd6-f7bb3b6408f3" testListId="8c84fa94-04c1-424b-9868-57a2d4851a1d" />
    <TestEntry testId="f77ab445-72c1-9358-91c3-ed101d29fad1" executionId="930b1cdb-c26e-4772-9807-9fc7d6ba7e75" testListId="8c84fa94-04c1-424b-9868-57a2d4851a1d" />
  </TestEntries>
  <TestLists>
    <TestList name="Results Not in a List" id="8c84fa94-04c1-424b-9868-57a2d4851a1d" />
    <TestList name="All Loaded Results" id="19431567-8539-422a-85d7-44ee4e166bda" />
  </TestLists>
  <ResultSummary outcome="Completed">
    <Counters total="249" executed="229" passed="229" failed="0" error="0" timeout="0" aborted="0" inconclusive="0" passedButRunAborted="0" notRunnable="0" notExecuted="0" disconnected="0" warning="0" completed="0" inProgress="0" pending="0" />
    <Output>
      <StdOut>[xUnit.net 00:00:00.00] xUnit.net VSTest Adapter v2.8.2+699d445a1a (64-bit .NET 8.0.19)
[xUnit.net 00:00:00.08]   Discovering: Kiwibank.Payments.PaymentsOrchestrator.Testings.Integration.Mocked
[xUnit.net 00:00:00.10]   Discovered:  Kiwibank.Payments.PaymentsOrchestrator.Testings.Integration.Mocked
Test 'POrchAPI_Valid_Payee_Reference_Return_Success_Todo (&amp;&lt;&gt;,201,)' was skipped in the test run.
Test 'POrchAPI_Middleware_Retries_To_Maximum_Failure_Limit' was skipped in the test run.
Test 'POrchAPI_TMVToUltracs_Negative_MiddleWare_Response_409 (FrozenError,409,)' was skipped in the test run.
Test 'POrchAPI_TMVToUltracs_Negative_MiddleWare_Response_409 (ClosedAccountError,409,)' was skipped in the test run.
Test 'POrchAPI_TMVToUltracs_Negative_MiddleWare_Response_409 (InsufficientFundsError,409,)' was skipped in the test run.
Test 'POrchAPI_TMVToUltracs_Negative_MiddleWare_Response_409 (InvalidBankBranchNumberError,409,)' was skipped in the test run.
Test 'POrchAPI_TMVToUltracs_Negative_MiddleWare_Response_409 (AccountDetectionFailedError,409,)' was skipped in the test run.
Test 'POrchAPI_TMVToUltracs_Negative_MiddleWare_Response_409 (WithdrawalNotPermittedError,409,)' was skipped in the test run.
Test 'POrchAPI_TMVToUltracs_Negative_MiddleWare_Response_409 (AccountNumberIsInvalidError,409,)' was skipped in the test run.
Test 'POrchAPI_TMVToUltracs_Negative_MiddleWare_Response_409 (AccountIdentificationInsufficientError,409,)' was skipped in the test run.
Test 'POrchAPI_TMVToUltracs_Negative_MiddleWare_Response_409 (UnknownError,500,)' was skipped in the test run.
Test 'POrchAPI_UltracsToTMV_Negative_MiddleWare_Response_409 (FrozenError,409,)' was skipped in the test run.
Test 'POrchAPI_UltracsToTMV_Negative_MiddleWare_Response_409 (ClosedAccountError,409,)' was skipped in the test run.
Test 'POrchAPI_UltracsToTMV_Negative_MiddleWare_Response_409 (InsufficientFundsError,409,)' was skipped in the test run.
Test 'POrchAPI_UltracsToTMV_Negative_MiddleWare_Response_409 (InvalidBankBranchNumberError,409,)' was skipped in the test run.
Test 'POrchAPI_UltracsToTMV_Negative_MiddleWare_Response_409 (AccountDetectionFailedError,409,)' was skipped in the test run.
Test 'POrchAPI_UltracsToTMV_Negative_MiddleWare_Response_409 (WithdrawalNotPermittedError,409,)' was skipped in the test run.
Test 'POrchAPI_UltracsToTMV_Negative_MiddleWare_Response_409 (AccountNumberIsInvalidError,409,)' was skipped in the test run.
Test 'POrchAPI_UltracsToTMV_Negative_MiddleWare_Response_409 (AccountIdentificationInsufficientError,409,)' was skipped in the test run.
Test 'POrchAPI_UltracsToTMV_Negative_MiddleWare_Response_409 (UnknownError,500,)' was skipped in the test run.
</StdOut>
    </Output>
  </ResultSummary>
</TestRun>