<?xml version="1.0" encoding="utf-8"?>
<TestRun id="e81e5943-4b15-4393-a979-2825949e0075" name="@ip-10-130-163-171 2025-09-12 12:49:31" xmlns="http://microsoft.com/schemas/VisualStudio/TeamTest/2010">
  <Times creation="2025-09-12T12:49:32.0090733+12:00" queuing="2025-09-12T12:49:32.0090734+12:00" start="2025-09-12T12:47:46.8380467+12:00" finish="2025-09-12T12:52:14.0096673+12:00" />
  <TestSettings name="default" id="cb37170f-a285-445e-a1b3-b7ff128f27cb">
    <Deployment runDeploymentRoot="_ip-10-130-163-171_2025-09-12_12_49_31" />
  </TestSettings>
  <Results>
    <UnitTestResult executionId="31cafbc6-6fa6-4ae9-b348-1c414a8940ea" testId="77b189ce-eb39-7c71-e2c3-21da24d1bcc0" testName="POrchAPI_Invalid_Creditor_Particulars_Return_Error (\,400,)" computerName="ip-10-130-163-171" duration="00:00:00.0089757" startTime="2025-09-12T12:50:37.8225934+12:00" endTime="2025-09-12T12:50:37.8317391+12:00" testType="13cdc9d9-ddb5-4fa4-a97d-d965ccfc6d4b" outcome="Passed" testListId="8c84fa94-04c1-424b-9868-57a2d4851a1d" relativeResultsDirectory="31cafbc6-6fa6-4ae9-b348-1c414a8940ea">
      <Output>
        <StdOut>[2025-09-12 12:50:37 INF] Starting Test Execution: POrchAPI_Invalid_Creditor_Particulars_Return_Error:["[PayeeParticularsValue, \\]","[StatusCode, 400]"]
[2025-09-12 12:50:37 INF] Finished Test Execution: POrchAPI_Invalid_Creditor_Particulars_Return_Error
[2025-09-12 12:50:37 INF] ---------------------------------------------------



TestContext Messages:
Given a POrch PaymentRequest is created
-&gt; done: POrchAPIStepDefinitions.GivenAPOrchPaymentRequestIsCreated() (0.0s)
And the Payment Creditor particulars is \
-&gt; done: POrchAPIStepDefinitions.WhenTheCreditorParticularsIs("Payment", "\") (0.0s)
When POrch Payment API is called
-&gt; done: POrchAPIStepDefinitions.WhenPOrchAPIIsCalled("Payment") (0.0s)
Then the request should return status code 400
-&gt; done: POrchAPIStepDefinitions.ThenTheRequestShouldReturnStatusCode(400) (0.0s)</StdOut>
      </Output>
    </UnitTestResult>
    <UnitTestResult executionId="2f22897a-b327-4534-9440-4b791444f744" testId="9949895d-04f1-c413-02a3-f5fbc14f55ed" testName="POrchAPI_Other_Middleware_Responses_Do_Not_Retry (UnknownError,500,)" computerName="ip-10-130-163-171" duration="00:00:01.0846202" startTime="2025-09-12T12:51:18.4243474+12:00" endTime="2025-09-12T12:51:19.5091258+12:00" testType="13cdc9d9-ddb5-4fa4-a97d-d965ccfc6d4b" outcome="Passed" testListId="8c84fa94-04c1-424b-9868-57a2d4851a1d" relativeResultsDirectory="2f22897a-b327-4534-9440-4b791444f744">
      <Output>
        <StdOut>[2025-09-12 12:51:18 INF] Starting Test Execution: POrchAPI_Other_Middleware_Responses_Do_Not_Retry:["[Response, UnknownError]","[StatusCode, 500]"]
[2025-09-12 12:51:18 INF] Mocks are not ready after 1 / 5 attempt(s). Expected 3 mock(s) to be registered with the manager and got 0.
[2025-09-12 12:51:18 INF] Successfully created map FraudcheckMock_Authorize_73d15109-d428-46c8-93ce-8dc05c3be08e for /api/v1/financial-transaction-fraud-checks
[2025-09-12 12:51:18 INF] Successfully created map MiddlewareSuccess_e362ae75-c9b9-47b8-8fa6-312aaaa5b418 for /initialisepaymentorder/basic
[2025-09-12 12:51:18 INF] Successfully created map MiddlewareFailure_UnknownError_ce153f0c-faa7-4b7d-b07e-cb8445d81bf0_1 for /initialisepaymentorder/basic
[2025-09-12 12:51:19 INF] Finished Test Execution: POrchAPI_Other_Middleware_Responses_Do_Not_Retry
[2025-09-12 12:51:19 INF] ---------------------------------------------------



TestContext Messages:
Given a POrch PaymentRequest is created
-&gt; done: POrchAPIStepDefinitions.GivenAPOrchPaymentRequestIsCreated() (0.0s)
And the credit Account is 389300099302202
-&gt; done: POrchAPIStepDefinitions.WhenTheCreditAccountIs("389300099302202") (0.0s)
And FraudCheck Response is Authorize
-&gt; done: POrchAPIStepDefinitions.SetFraudCheckResponse("Authorize") (0.0s)
And the Middleware responses will be UnknownError then 201
-&gt; done: POrchAPIStepDefinitions.GivenTheMiddlewareResponsesWillBe("UnknownError") (0.0s)
When POrch Payment API is called
-&gt; done: POrchAPIStepDefinitions.WhenPOrchAPIIsCalled("Payment") (1.1s)
Then the request should return status code 500
-&gt; done: POrchAPIStepDefinitions.ThenTheRequestShouldReturnStatusCode(500) (0.0s)</StdOut>
      </Output>
    </UnitTestResult>
    <UnitTestResult executionId="c2bf5666-a1d9-4437-92ce-a67b11271137" testId="0c35ab26-c024-d956-23a5-b4f2d6aef4c2" testName="POrchAPI_UltracsTMV_Transfer_Invalid_Transfer_Reference_Return_Error (transfer,400,)" computerName="ip-10-130-163-171" duration="00:00:00.0098801" startTime="2025-09-12T12:52:13.8217950+12:00" endTime="2025-09-12T12:52:13.8317912+12:00" testType="13cdc9d9-ddb5-4fa4-a97d-d965ccfc6d4b" outcome="Passed" testListId="8c84fa94-04c1-424b-9868-57a2d4851a1d" relativeResultsDirectory="c2bf5666-a1d9-4437-92ce-a67b11271137">
      <Output>
        <StdOut>[2025-09-12 12:52:13 INF] Starting Test Execution: POrchAPI_UltracsTMV_Transfer_Invalid_Transfer_Reference_Return_Error:["[TransferRefValue, transfer]","[StatusCode, 400]"]
[2025-09-12 12:52:13 INF] Finished Test Execution: POrchAPI_UltracsTMV_Transfer_Invalid_Transfer_Reference_Return_Error
[2025-09-12 12:52:13 INF] ---------------------------------------------------



TestContext Messages:
Given a Ultracs to TMV POrch TransferRequest is created
-&gt; done: POrchAPIStepDefinitions.ConditionalPOrchTransferRequestIsCreated("Ultracs", "TMV") (0.0s)
And the Transfer Reference is transfer
-&gt; done: POrchAPIStepDefinitions.TheTransferReferenceIs("transfer") (0.0s)
When POrch Transfer API is called
-&gt; done: POrchAPIStepDefinitions.WhenPOrchAPIIsCalled("Transfer") (0.0s)
Then the request should return status code 400
-&gt; done: POrchAPIStepDefinitions.ThenTheRequestShouldReturnStatusCode(400) (0.0s)</StdOut>
      </Output>
    </UnitTestResult>
    <UnitTestResult executionId="39d23a05-3877-43f2-a0ca-a7f15a7f1d08" testId="566b1200-57eb-44bd-2743-4b05607b5df1" testName="POrchAPI_Valid_Debtor_Code_Return_Success (()+$*!;-/?:,201,)" computerName="ip-10-130-163-171" duration="00:00:01.0836874" startTime="2025-09-12T12:49:51.6196925+12:00" endTime="2025-09-12T12:49:52.7036210+12:00" testType="13cdc9d9-ddb5-4fa4-a97d-d965ccfc6d4b" outcome="Passed" testListId="8c84fa94-04c1-424b-9868-57a2d4851a1d" relativeResultsDirectory="39d23a05-3877-43f2-a0ca-a7f15a7f1d08">
      <Output>
        <StdOut>[2025-09-12 12:49:51 INF] Starting Test Execution: POrchAPI_Valid_Debtor_Code_Return_Success:["[DebtorCodeValue, ()+$*!;-/?:]","[StatusCode, 201]"]
[2025-09-12 12:49:51 INF] Mocks are not ready after 1 / 5 attempt(s). Expected 2 mock(s) to be registered with the manager and got 0.
[2025-09-12 12:49:51 INF] Successfully created map FraudcheckMock_Authorize_6293da55-be7b-4c54-aecf-85ae070a2cb5 for /api/v1/financial-transaction-fraud-checks
[2025-09-12 12:49:51 INF] Successfully created map MiddlewareMock_Success_d073a21e-3092-4f58-802b-f8846e3f9ab9 for /initialisepaymentorder/basic
[2025-09-12 12:49:52 INF] Response has PaymentId: c9879abf-a7c5-4ca7-898c-616527645b50
[2025-09-12 12:49:52 INF] Finished Test Execution: POrchAPI_Valid_Debtor_Code_Return_Success
[2025-09-12 12:49:52 INF] ---------------------------------------------------



TestContext Messages:
Given a POrch PaymentRequest is created
-&gt; done: POrchAPIStepDefinitions.GivenAPOrchPaymentRequestIsCreated() (0.0s)
And the Payment Debtor Code is ()+$*!;-/?:
-&gt; done: POrchAPIStepDefinitions.WhenTheDebtorCodeIs("Payment", "()+$*!;-/?:") (0.0s)
And FraudCheck Response is Authorize
-&gt; done: POrchAPIStepDefinitions.SetFraudCheckResponse("Authorize") (0.0s)
And MiddleWare Response is Success
-&gt; done: POrchAPIStepDefinitions.SetMiddlewareResponse("Success") (0.0s)
When POrch Payment API is called
-&gt; done: POrchAPIStepDefinitions.WhenPOrchAPIIsCalled("Payment") (1.1s)
Then the request should return status code 201
-&gt; done: POrchAPIStepDefinitions.ThenTheRequestShouldReturnStatusCode(201) (0.0s)</StdOut>
      </Output>
    </UnitTestResult>
    <UnitTestResult executionId="935b6288-ab2b-477a-a881-468291b7f825" testId="b8ce9f29-cdc4-e1d3-26c0-ac7a8c66e827" testName="POrchAPI_TMVToUltracs_Valid_Debtor_Particulars_Return_Success (=@#_%,.,201,)" computerName="ip-10-130-163-171" duration="00:00:01.1020710" startTime="2025-09-12T12:51:35.6966091+12:00" endTime="2025-09-12T12:51:36.7988357+12:00" testType="13cdc9d9-ddb5-4fa4-a97d-d965ccfc6d4b" outcome="Passed" testListId="8c84fa94-04c1-424b-9868-57a2d4851a1d" relativeResultsDirectory="935b6288-ab2b-477a-a881-468291b7f825">
      <Output>
        <StdOut>[2025-09-12 12:51:35 INF] Starting Test Execution: POrchAPI_TMVToUltracs_Valid_Debtor_Particulars_Return_Success:["[DebtorParticularsValue, =@#_%,.]","[StatusCode, 201]"]
[2025-09-12 12:51:35 INF] Mocks are not ready after 1 / 5 attempt(s). Expected 2 mock(s) to be registered with the manager and got 0.
[2025-09-12 12:51:35 INF] Successfully created map AdpsMock_Success_df5fd163-35c7-4ab1-984c-dba257bb6731 for /api/v1/payment-instruction/domestic/immediate
[2025-09-12 12:51:35 INF] Successfully created map MiddlewareMock_Success_3957167e-67a6-43d2-a0c0-f69acdf0e828 for /initialisepaymentorder/basic
[2025-09-12 12:51:36 INF] Response has PaymentId: f14dea67-91be-4c02-a10a-ee181d8f4c8e
[2025-09-12 12:51:36 INF] Finished Test Execution: POrchAPI_TMVToUltracs_Valid_Debtor_Particulars_Return_Success
[2025-09-12 12:51:36 INF] ---------------------------------------------------



TestContext Messages:
Given a TMV to Ultracs POrch TransferRequest is created
-&gt; done: POrchAPIStepDefinitions.ConditionalPOrchTransferRequestIsCreated("TMV", "Ultracs") (0.0s)
And the Transfer Debtor particulars is =@#_%,.
-&gt; done: POrchAPIStepDefinitions.WhenTheDebtorParticularsIs("Transfer", "=@#_%,.") (0.0s)
And ADPS Response is Success
-&gt; done: POrchAPIStepDefinitions.SetAdpsResponse("Success") (0.0s)
And MiddleWare Response is Success
-&gt; done: POrchAPIStepDefinitions.SetMiddlewareResponse("Success") (0.0s)
When POrch Transfer API is called
-&gt; done: POrchAPIStepDefinitions.WhenPOrchAPIIsCalled("Transfer") (1.1s)
Then the request should return status code 201
-&gt; done: POrchAPIStepDefinitions.ThenTheRequestShouldReturnStatusCode(201) (0.0s)</StdOut>
      </Output>
    </UnitTestResult>
    <UnitTestResult executionId="e38ea98a-b46d-46aa-9d76-755f7a7386c0" testId="429a1c3b-e939-1746-62d9-442bf834c169" testName="POrchAPI_Fraud_Retries (503,,)" computerName="ip-10-130-163-171" duration="00:00:01.6319944" startTime="2025-09-12T12:50:53.0892077+12:00" endTime="2025-09-12T12:50:54.7213469+12:00" testType="13cdc9d9-ddb5-4fa4-a97d-d965ccfc6d4b" outcome="Passed" testListId="8c84fa94-04c1-424b-9868-57a2d4851a1d" relativeResultsDirectory="e38ea98a-b46d-46aa-9d76-755f7a7386c0">
      <Output>
        <StdOut>[2025-09-12 12:50:53 INF] Starting Test Execution: POrchAPI_Fraud_Retries:["[ErrorCode, 503]"]
[2025-09-12 12:50:53 INF] Mocks are not ready after 1 / 5 attempt(s). Expected 3 mock(s) to be registered with the manager and got 0.
[2025-09-12 12:50:53 INF] Successfully created map FraudErrorResponse_503_f3562770-53d2-4bca-afe9-529f8dbaeb1f_1 for /api/v1/financial-transaction-fraud-checks
[2025-09-12 12:50:53 INF] Successfully created map FraudSuccess_64de8973-cf29-4042-a69e-bc8e79e152ad for /api/v1/financial-transaction-fraud-checks
[2025-09-12 12:50:53 INF] Successfully created map MiddlewareMock_Success_e007fe48-f89a-4647-a1e2-d4bab1c46b9a for /initialisepaymentorder/basic
[2025-09-12 12:50:54 INF] Response has PaymentId: 9fcde5f3-1314-4777-a8f1-d41709fdd7d3
[2025-09-12 12:50:54 INF] Finished Test Execution: POrchAPI_Fraud_Retries
[2025-09-12 12:50:54 INF] ---------------------------------------------------



TestContext Messages:
Given a POrch PaymentRequest is created
-&gt; done: POrchAPIStepDefinitions.GivenAPOrchPaymentRequestIsCreated() (0.0s)
And the credit Account is 389300099302202
-&gt; done: POrchAPIStepDefinitions.WhenTheCreditAccountIs("389300099302202") (0.0s)
And the Fraudcheck mock response will return 503 then 200
-&gt; done: POrchAPIStepDefinitions.GivenTheFraudcheckMockResponseWillReturnThen("503") (0.0s)
And MiddleWare Response is Success
-&gt; done: POrchAPIStepDefinitions.SetMiddlewareResponse("Success") (0.0s)
When POrch Payment API is called
-&gt; done: POrchAPIStepDefinitions.WhenPOrchAPIIsCalled("Payment") (1.6s)
Then the request should return status code 201
-&gt; done: POrchAPIStepDefinitions.ThenTheRequestShouldReturnStatusCode(201) (0.0s)</StdOut>
      </Output>
    </UnitTestResult>
    <UnitTestResult executionId="df7a7467-a2c4-4cc0-ae6d-d13366a81637" testId="2312b328-8686-77ae-427a-1dc0d27ceadb" testName="POrchAPI_Transfer_Invalid_Creditor_Account_Source_Return_Error (External,400,'CreditorAccountSource' can only be Ultracs or TMV for transfers.,)" computerName="ip-10-130-163-171" duration="00:00:00.0077572" startTime="2025-09-12T12:52:13.7988502+12:00" endTime="2025-09-12T12:52:13.8067241+12:00" testType="13cdc9d9-ddb5-4fa4-a97d-d965ccfc6d4b" outcome="Passed" testListId="8c84fa94-04c1-424b-9868-57a2d4851a1d" relativeResultsDirectory="df7a7467-a2c4-4cc0-ae6d-d13366a81637">
      <Output>
        <StdOut>[2025-09-12 12:52:13 INF] Starting Test Execution: POrchAPI_Transfer_Invalid_Creditor_Account_Source_Return_Error:["[AccountSource, External]","[StatusCode, 400]","[ErrorMessage, 'CreditorAccountSource' can only be Ultracs or TMV for transfers.]"]
[2025-09-12 12:52:13 INF] Finished Test Execution: POrchAPI_Transfer_Invalid_Creditor_Account_Source_Return_Error
[2025-09-12 12:52:13 INF] ---------------------------------------------------



TestContext Messages:
Given a POrch TransferRequest is created
-&gt; done: POrchAPIStepDefinitions.GivenAPOrchTransferRequestIsCreated() (0.0s)
And the transfer Creditor Account Source is External
-&gt; done: POrchAPIStepDefinitions.GivenTheTransferCreditorAccountSourceIs("External") (0.0s)
When POrch Transfer API is called
-&gt; done: POrchAPIStepDefinitions.WhenPOrchAPIIsCalled("Transfer") (0.0s)
Then the request should return status code 400
-&gt; done: POrchAPIStepDefinitions.ThenTheRequestShouldReturnStatusCode(400) (0.0s)
And the error message should be 'CreditorAccountSource' can only be Ultracs or TMV for transfers.
-&gt; done: POrchAPIStepDefinitions.ThenTheErrorMessageShouldBeErrorMessage("'CreditorAccountS...") (0.0s)</StdOut>
      </Output>
    </UnitTestResult>
    <UnitTestResult executionId="9dd61406-84a9-49db-ae0c-f80101a1fbd1" testId="ab6d71d0-ee6a-f04c-a6dd-a8a8852d24a1" testName="POrchAPI_Invalid_Debit_Account_Return_Error (38123456789765,400,)" computerName="ip-10-130-163-171" duration="00:00:00.0079233" startTime="2025-09-12T12:50:37.7277232+12:00" endTime="2025-09-12T12:50:37.7358017+12:00" testType="13cdc9d9-ddb5-4fa4-a97d-d965ccfc6d4b" outcome="Passed" testListId="8c84fa94-04c1-424b-9868-57a2d4851a1d" relativeResultsDirectory="9dd61406-84a9-49db-ae0c-f80101a1fbd1">
      <Output>
        <StdOut>[2025-09-12 12:50:37 INF] Starting Test Execution: POrchAPI_Invalid_Debit_Account_Return_Error:["[DebitAccountValue, 38123456789765]","[StatusCode, 400]"]
[2025-09-12 12:50:37 INF] Finished Test Execution: POrchAPI_Invalid_Debit_Account_Return_Error
[2025-09-12 12:50:37 INF] ---------------------------------------------------



TestContext Messages:
Given a POrch PaymentRequest is created
-&gt; done: POrchAPIStepDefinitions.GivenAPOrchPaymentRequestIsCreated() (0.0s)
And the Payment Debit Account field is 38123456789765
-&gt; done: POrchAPIStepDefinitions.WhenTheDebitAccountFieldIs("Payment", "38123456789765") (0.0s)
When POrch Payment API is called
-&gt; done: POrchAPIStepDefinitions.WhenPOrchAPIIsCalled("Payment") (0.0s)
Then the request should return status code 400
-&gt; done: POrchAPIStepDefinitions.ThenTheRequestShouldReturnStatusCode(400) (0.0s)</StdOut>
      </Output>
    </UnitTestResult>
    <UnitTestResult executionId="c5deb0f0-40b6-47c5-a152-3b4d16dcf79e" testId="4ce7a7b1-260a-ec58-a1fb-b116afa545c9" testName="POrchAPI_UltracsToTMV_Negative_MiddleWare_Response_409 (UnknownError,500,)" computerName="ip-10-130-163-171" duration="00:00:01.0423451" startTime="2025-09-12T12:52:12.4237775+12:00" endTime="2025-09-12T12:52:13.4667167+12:00" testType="13cdc9d9-ddb5-4fa4-a97d-d965ccfc6d4b" outcome="Passed" testListId="8c84fa94-04c1-424b-9868-57a2d4851a1d" relativeResultsDirectory="c5deb0f0-40b6-47c5-a152-3b4d16dcf79e">
      <Output>
        <StdOut>[2025-09-12 12:52:12 INF] Starting Test Execution: POrchAPI_UltracsToTMV_Negative_MiddleWare_Response_409:["[Result, UnknownError]","[StatusCode, 500]"]
[2025-09-12 12:52:12 INF] Mocks are not ready after 1 / 5 attempt(s). Expected 1 mock(s) to be registered with the manager and got 0.
[2025-09-12 12:52:12 INF] Successfully created map MiddlewareMock_UnknownError_9005bfd4-3714-46dc-9049-3b159a393aff for /initialisepaymentorder/basic
[2025-09-12 12:52:13 INF] Finished Test Execution: POrchAPI_UltracsToTMV_Negative_MiddleWare_Response_409
[2025-09-12 12:52:13 INF] ---------------------------------------------------



TestContext Messages:
Given a Ultracs to TMV POrch TransferRequest is created
-&gt; done: POrchAPIStepDefinitions.ConditionalPOrchTransferRequestIsCreated("Ultracs", "TMV") (0.0s)
And MiddleWare Response is UnknownError
-&gt; done: POrchAPIStepDefinitions.SetMiddlewareResponse("UnknownError") (0.0s)
When POrch Transfer API is called
-&gt; done: POrchAPIStepDefinitions.WhenPOrchAPIIsCalled("Transfer") (1.0s)
Then the request should return status code 500
-&gt; done: POrchAPIStepDefinitions.ThenTheRequestShouldReturnStatusCode(500) (0.0s)</StdOut>
      </Output>
    </UnitTestResult>
    <UnitTestResult executionId="0a774e4f-9cb9-4fe3-9795-2338ba762a9b" testId="5a784b05-d140-3c48-a864-8715e0cfaed9" testName="POrchAPI_Transfer_Invalid_Credit_Account_Return_Error (3800000000000000,400,)" computerName="ip-10-130-163-171" duration="00:00:00.0086871" startTime="2025-09-12T12:52:13.5727990+12:00" endTime="2025-09-12T12:52:13.5816024+12:00" testType="13cdc9d9-ddb5-4fa4-a97d-d965ccfc6d4b" outcome="Passed" testListId="8c84fa94-04c1-424b-9868-57a2d4851a1d" relativeResultsDirectory="0a774e4f-9cb9-4fe3-9795-2338ba762a9b">
      <Output>
        <StdOut>[2025-09-12 12:52:13 INF] Starting Test Execution: POrchAPI_Transfer_Invalid_Credit_Account_Return_Error:["[CreditAccounValue, 3800000000000000]","[StatusCode, 400]"]
[2025-09-12 12:52:13 INF] Finished Test Execution: POrchAPI_Transfer_Invalid_Credit_Account_Return_Error
[2025-09-12 12:52:13 INF] ---------------------------------------------------



TestContext Messages:
Given a POrch TransferRequest is created
-&gt; done: POrchAPIStepDefinitions.GivenAPOrchTransferRequestIsCreated() (0.0s)
And the Transfer Credit Account field is &lt;CreditAccountValue&gt;
-&gt; done: POrchAPIStepDefinitions.WhenTheCreditAccountFieldIs("Transfer", "&lt;CreditAccountValue&gt;") (0.0s)
When POrch Transfer API is called
-&gt; done: POrchAPIStepDefinitions.WhenPOrchAPIIsCalled("Transfer") (0.0s)
Then the request should return status code 400
-&gt; done: POrchAPIStepDefinitions.ThenTheRequestShouldReturnStatusCode(400) (0.0s)</StdOut>
      </Output>
    </UnitTestResult>
    <UnitTestResult executionId="98b49efd-7afd-4b8e-a3db-d913433e16fc" testId="f2eac08d-8d7d-c6e7-2cda-0b64c57484bd" testName="POrchAPI_Invalid_Creditor_Reference_Return_Error (abcdefghijklmnsey,400,)" computerName="ip-10-130-163-171" duration="00:00:00.0100890" startTime="2025-09-12T12:50:37.9109233+12:00" endTime="2025-09-12T12:50:37.9211826+12:00" testType="13cdc9d9-ddb5-4fa4-a97d-d965ccfc6d4b" outcome="Passed" testListId="8c84fa94-04c1-424b-9868-57a2d4851a1d" relativeResultsDirectory="98b49efd-7afd-4b8e-a3db-d913433e16fc">
      <Output>
        <StdOut>[2025-09-12 12:50:37 INF] Starting Test Execution: POrchAPI_Invalid_Creditor_Reference_Return_Error:["[CreditorReferenceValue, abcdefghijklmnsey]","[StatusCode, 400]"]
[2025-09-12 12:50:37 INF] Finished Test Execution: POrchAPI_Invalid_Creditor_Reference_Return_Error
[2025-09-12 12:50:37 INF] ---------------------------------------------------



TestContext Messages:
Given a POrch PaymentRequest is created
-&gt; done: POrchAPIStepDefinitions.GivenAPOrchPaymentRequestIsCreated() (0.0s)
And the Payment Creditor Reference is abcdefghijklmnsey
-&gt; done: POrchAPIStepDefinitions.WhenTheCreditorReferenceIs("Payment", "abcdefghijklmnsey") (0.0s)
When POrch Payment API is called
-&gt; done: POrchAPIStepDefinitions.WhenPOrchAPIIsCalled("Payment") (0.0s)
Then the request should return status code 400
-&gt; done: POrchAPIStepDefinitions.ThenTheRequestShouldReturnStatusCode(400) (0.0s)</StdOut>
      </Output>
    </UnitTestResult>
    <UnitTestResult executionId="e656d47d-a26f-46cc-89c0-de1934a19c52" testId="a3c39b41-51e1-a78c-afd1-34265f9d4312" testName="POrchAPI_Invalid_Credit_Account_Return_Error (3800000000000000,400,)" computerName="ip-10-130-163-171" duration="00:00:00.0089859" startTime="2025-09-12T12:50:37.7734777+12:00" endTime="2025-09-12T12:50:37.7825913+12:00" testType="13cdc9d9-ddb5-4fa4-a97d-d965ccfc6d4b" outcome="Passed" testListId="8c84fa94-04c1-424b-9868-57a2d4851a1d" relativeResultsDirectory="e656d47d-a26f-46cc-89c0-de1934a19c52">
      <Output>
        <StdOut>[2025-09-12 12:50:37 INF] Starting Test Execution: POrchAPI_Invalid_Credit_Account_Return_Error:["[CreditAccounValue, 3800000000000000]","[StatusCode, 400]"]
[2025-09-12 12:50:37 INF] Finished Test Execution: POrchAPI_Invalid_Credit_Account_Return_Error
[2025-09-12 12:50:37 INF] ---------------------------------------------------



TestContext Messages:
Given a POrch PaymentRequest is created
-&gt; done: POrchAPIStepDefinitions.GivenAPOrchPaymentRequestIsCreated() (0.0s)
And the Payment Credit Account field is &lt;CreditAccountValue&gt;
-&gt; done: POrchAPIStepDefinitions.WhenTheCreditAccountFieldIs("Payment", "&lt;CreditAccountValue&gt;") (0.0s)
When POrch Payment API is called
-&gt; done: POrchAPIStepDefinitions.WhenPOrchAPIIsCalled("Payment") (0.0s)
Then the request should return status code 400
-&gt; done: POrchAPIStepDefinitions.ThenTheRequestShouldReturnStatusCode(400) (0.0s)</StdOut>
      </Output>
    </UnitTestResult>
    <UnitTestResult executionId="510da119-d51f-4ec3-b340-5c9421aa2780" testId="ecec72ae-4a1b-0909-ceb8-34060384e02f" testName="POrchAPI_Various_Amounts_Return_Error_When_Length_Exceeded (1.234,,)" computerName="ip-10-130-163-171" duration="00:00:01.0665289" startTime="2025-09-12T12:49:42.0874561+12:00" endTime="2025-09-12T12:49:43.1543392+12:00" testType="13cdc9d9-ddb5-4fa4-a97d-d965ccfc6d4b" outcome="Passed" testListId="8c84fa94-04c1-424b-9868-57a2d4851a1d" relativeResultsDirectory="510da119-d51f-4ec3-b340-5c9421aa2780">
      <Output>
        <StdOut>[2025-09-12 12:49:42 INF] Starting Test Execution: POrchAPI_Various_Amounts_Return_Error_When_Length_Exceeded:["[Amount, 1.234]"]
[2025-09-12 12:49:42 INF] Mocks are not ready after 1 / 5 attempt(s). Expected 2 mock(s) to be registered with the manager and got 0.
[2025-09-12 12:49:42 INF] Successfully created map FraudcheckMock_Authorize_a37723c4-964c-448c-bc19-bdd1712ba848 for /api/v1/financial-transaction-fraud-checks
[2025-09-12 12:49:42 INF] Successfully created map MiddlewareMock_Success_d123b329-7f0e-4825-bbd8-836dcaabc081 for /initialisepaymentorder/basic
[2025-09-12 12:49:43 INF] Finished Test Execution: POrchAPI_Various_Amounts_Return_Error_When_Length_Exceeded
[2025-09-12 12:49:43 INF] ---------------------------------------------------



TestContext Messages:
Given a POrch PaymentRequest is created
-&gt; done: POrchAPIStepDefinitions.GivenAPOrchPaymentRequestIsCreated() (0.0s)
And the Payment Amount Field is 1.234
-&gt; done: POrchAPIStepDefinitions.WhenTheAcountFieldIs("Payment", "1.234") (0.0s)
And FraudCheck Response is Authorize
-&gt; done: POrchAPIStepDefinitions.SetFraudCheckResponse("Authorize") (0.0s)
And MiddleWare Response is Success
-&gt; done: POrchAPIStepDefinitions.SetMiddlewareResponse("Success") (0.0s)
When POrch Payment API is called
-&gt; done: POrchAPIStepDefinitions.WhenPOrchAPIIsCalled("Payment") (1.1s)
Then the request should return status code 400
-&gt; done: POrchAPIStepDefinitions.ThenTheRequestShouldReturnStatusCode(400) (0.0s)</StdOut>
      </Output>
    </UnitTestResult>
    <UnitTestResult executionId="85bb6cd4-c63a-449c-900c-befaae0aaae9" testId="f77ab445-72c1-9358-91c3-ed101d29fad1" testName="POrchAPI_Negative_MiddleWare_Response_409 (InsufficientFundsError,409,)" computerName="ip-10-130-163-171" duration="00:00:01.0861640" startTime="2025-09-12T12:50:02.4745635+12:00" endTime="2025-09-12T12:50:03.5609494+12:00" testType="13cdc9d9-ddb5-4fa4-a97d-d965ccfc6d4b" outcome="Passed" testListId="8c84fa94-04c1-424b-9868-57a2d4851a1d" relativeResultsDirectory="85bb6cd4-c63a-449c-900c-befaae0aaae9">
      <Output>
        <StdOut>[2025-09-12 12:50:02 INF] Starting Test Execution: POrchAPI_Negative_MiddleWare_Response_409:["[Result, InsufficientFundsError]","[StatusCode, 409]"]
[2025-09-12 12:50:02 INF] Mocks are not ready after 1 / 5 attempt(s). Expected 2 mock(s) to be registered with the manager and got 0.
[2025-09-12 12:50:02 INF] Successfully created map FraudcheckMock_Authorize_09b062ef-ca23-483d-b9f8-f421f48f433e for /api/v1/financial-transaction-fraud-checks
[2025-09-12 12:50:02 INF] Successfully created map MiddlewareMock_InsufficientFundsError_17cada78-3996-4e6d-851a-a263904a4cac for /initialisepaymentorder/basic
[2025-09-12 12:50:03 INF] Response has PaymentId: 211e8552-196c-40e3-8593-b3e50faba63d
[2025-09-12 12:50:03 INF] Finished Test Execution: POrchAPI_Negative_MiddleWare_Response_409
[2025-09-12 12:50:03 INF] ---------------------------------------------------



TestContext Messages:
Given a POrch PaymentRequest is created
-&gt; done: POrchAPIStepDefinitions.GivenAPOrchPaymentRequestIsCreated() (0.0s)
And FraudCheck Response is Authorize
-&gt; done: POrchAPIStepDefinitions.SetFraudCheckResponse("Authorize") (0.0s)
And MiddleWare Response is InsufficientFundsError
-&gt; done: POrchAPIStepDefinitions.SetMiddlewareResponse("InsufficientFunds...") (0.0s)
When POrch Payment API is called
-&gt; done: POrchAPIStepDefinitions.WhenPOrchAPIIsCalled("Payment") (1.1s)
Then the request should return status code 409
-&gt; done: POrchAPIStepDefinitions.ThenTheRequestShouldReturnStatusCode(409) (0.0s)</StdOut>
      </Output>
    </UnitTestResult>
    <UnitTestResult executionId="b2be0988-539c-453f-bf74-b5ff6cc23cc8" testId="e3d003eb-216d-67bb-ca2c-8e3b1ca8a7b8" testName="POrchAPI_Other_Middleware_Responses_Do_Not_Retry (FrozenError,409,)" computerName="ip-10-130-163-171" duration="00:00:01.0886472" startTime="2025-09-12T12:51:07.5706404+12:00" endTime="2025-09-12T12:51:08.6594856+12:00" testType="13cdc9d9-ddb5-4fa4-a97d-d965ccfc6d4b" outcome="Passed" testListId="8c84fa94-04c1-424b-9868-57a2d4851a1d" relativeResultsDirectory="b2be0988-539c-453f-bf74-b5ff6cc23cc8">
      <Output>
        <StdOut>[2025-09-12 12:51:07 INF] Starting Test Execution: POrchAPI_Other_Middleware_Responses_Do_Not_Retry:["[Response, FrozenError]","[StatusCode, 409]"]
[2025-09-12 12:51:07 INF] Mocks are not ready after 1 / 5 attempt(s). Expected 3 mock(s) to be registered with the manager and got 0.
[2025-09-12 12:51:07 INF] Successfully created map FraudcheckMock_Authorize_99c88563-68e1-461d-a825-7b049310adbc for /api/v1/financial-transaction-fraud-checks
[2025-09-12 12:51:07 INF] Successfully created map MiddlewareFailure_FrozenError_fbcd8de7-eaad-4d7e-820f-e27b83f767b2_1 for /initialisepaymentorder/basic
[2025-09-12 12:51:07 INF] Successfully created map MiddlewareSuccess_6550e2dd-3e84-4922-9190-da92c50949a8 for /initialisepaymentorder/basic
[2025-09-12 12:51:08 INF] Response has PaymentId: 0facc438-be54-4e99-8eed-822b17b7713e
[2025-09-12 12:51:08 INF] Finished Test Execution: POrchAPI_Other_Middleware_Responses_Do_Not_Retry
[2025-09-12 12:51:08 INF] ---------------------------------------------------



TestContext Messages:
Given a POrch PaymentRequest is created
-&gt; done: POrchAPIStepDefinitions.GivenAPOrchPaymentRequestIsCreated() (0.0s)
And the credit Account is 389300099302202
-&gt; done: POrchAPIStepDefinitions.WhenTheCreditAccountIs("389300099302202") (0.0s)
And FraudCheck Response is Authorize
-&gt; done: POrchAPIStepDefinitions.SetFraudCheckResponse("Authorize") (0.0s)
And the Middleware responses will be FrozenError then 201
-&gt; done: POrchAPIStepDefinitions.GivenTheMiddlewareResponsesWillBe("FrozenError") (0.0s)
When POrch Payment API is called
-&gt; done: POrchAPIStepDefinitions.WhenPOrchAPIIsCalled("Payment") (1.1s)
Then the request should return status code 409
-&gt; done: POrchAPIStepDefinitions.ThenTheRequestShouldReturnStatusCode(409) (0.0s)</StdOut>
      </Output>
    </UnitTestResult>
    <UnitTestResult executionId="3a31457d-df0a-4c92-9488-82691b1320b7" testId="0cf8d1ee-2aa5-1f26-f781-4fea09aaca63" testName="POrchAPI_Invalid_Debtor_Code_Return_Error (\,400,)" computerName="ip-10-130-163-171" duration="00:00:00.0078528" startTime="2025-09-12T12:50:37.8487446+12:00" endTime="2025-09-12T12:50:37.8567451+12:00" testType="13cdc9d9-ddb5-4fa4-a97d-d965ccfc6d4b" outcome="Passed" testListId="8c84fa94-04c1-424b-9868-57a2d4851a1d" relativeResultsDirectory="3a31457d-df0a-4c92-9488-82691b1320b7">
      <Output>
        <StdOut>[2025-09-12 12:50:37 INF] Starting Test Execution: POrchAPI_Invalid_Debtor_Code_Return_Error:["[DebtorCodeValue, \\]","[StatusCode, 400]"]
[2025-09-12 12:50:37 INF] Finished Test Execution: POrchAPI_Invalid_Debtor_Code_Return_Error
[2025-09-12 12:50:37 INF] ---------------------------------------------------



TestContext Messages:
Given a POrch PaymentRequest is created
-&gt; done: POrchAPIStepDefinitions.GivenAPOrchPaymentRequestIsCreated() (0.0s)
And the Payment Debtor Code is \
-&gt; done: POrchAPIStepDefinitions.WhenTheDebtorCodeIs("Payment", "\") (0.0s)
When POrch Payment API is called
-&gt; done: POrchAPIStepDefinitions.WhenPOrchAPIIsCalled("Payment") (0.0s)
Then the request should return status code 400
-&gt; done: POrchAPIStepDefinitions.ThenTheRequestShouldReturnStatusCode(400) (0.0s)</StdOut>
      </Output>
    </UnitTestResult>
    <UnitTestResult executionId="543c9f1c-eb2d-48d7-949d-78f8c1ee3673" testId="ca7de9fd-b635-9a89-8d2f-9d0eb6bc888b" testName="POrchAPI_TMVUltracs_Transfer_Invalid_Transfer_Reference_Return_Error (TRANSFER TO MR Test  00,400,)" computerName="ip-10-130-163-171" duration="00:00:00.0085760" startTime="2025-09-12T12:52:13.8639159+12:00" endTime="2025-09-12T12:52:13.8726535+12:00" testType="13cdc9d9-ddb5-4fa4-a97d-d965ccfc6d4b" outcome="Passed" testListId="8c84fa94-04c1-424b-9868-57a2d4851a1d" relativeResultsDirectory="543c9f1c-eb2d-48d7-949d-78f8c1ee3673">
      <Output>
        <StdOut>[2025-09-12 12:52:13 INF] Starting Test Execution: POrchAPI_TMVUltracs_Transfer_Invalid_Transfer_Reference_Return_Error:["[TransferRefValue, TRANSFER TO MR Test  00]","[StatusCode, 400]"]
[2025-09-12 12:52:13 INF] Finished Test Execution: POrchAPI_TMVUltracs_Transfer_Invalid_Transfer_Reference_Return_Error
[2025-09-12 12:52:13 INF] ---------------------------------------------------



TestContext Messages:
Given a TMV to Ultracs POrch TransferRequest is created
-&gt; done: POrchAPIStepDefinitions.ConditionalPOrchTransferRequestIsCreated("TMV", "Ultracs") (0.0s)
And the Transfer Reference is TRANSFER TO MR Test  00
-&gt; done: POrchAPIStepDefinitions.TheTransferReferenceIs("TRANSFER TO MR Te...") (0.0s)
When POrch Transfer API is called
-&gt; done: POrchAPIStepDefinitions.WhenPOrchAPIIsCalled("Transfer") (0.0s)
Then the request should return status code 400
-&gt; done: POrchAPIStepDefinitions.ThenTheRequestShouldReturnStatusCode(400) (0.0s)</StdOut>
      </Output>
    </UnitTestResult>
    <UnitTestResult executionId="8dbf506e-9d00-4966-9435-478701d9dcd1" testId="1bfbc150-832a-e4ca-ae13-017131075b85" testName="POrchAPI_PAS_Retries (502,,)" computerName="ip-10-130-163-171" duration="00:00:01.1371228" startTime="2025-09-12T12:50:40.8845546+12:00" endTime="2025-09-12T12:50:42.0218135+12:00" testType="13cdc9d9-ddb5-4fa4-a97d-d965ccfc6d4b" outcome="Passed" testListId="8c84fa94-04c1-424b-9868-57a2d4851a1d" relativeResultsDirectory="8dbf506e-9d00-4966-9435-478701d9dcd1">
      <Output>
        <StdOut>[2025-09-12 12:50:40 INF] Starting Test Execution: POrchAPI_PAS_Retries:["[ErrorCode, 502]"]
[2025-09-12 12:50:40 INF] Successfully created map FraudcheckMock_Decline_43fedaef-9ad5-4d33-8ca0-e2dc0f18d74b for /api/v1/financial-transaction-fraud-checks
[2025-09-12 12:50:40 INF] Successfully created map PASErrorResponse_502_e5a9121a-3510-4423-8a60-8c9604cc8edc_1 for /v2/activities
[2025-09-12 12:50:40 INF] Successfully created map PASSuccess_a511bc72-ba0e-44d0-838b-19b6767c5d4a for /v2/activities
[2025-09-12 12:50:42 INF] Response has PaymentId: e725e75b-ca10-44d9-b3c0-d893426aa275
[2025-09-12 12:50:42 INF] Finished Test Execution: POrchAPI_PAS_Retries
[2025-09-12 12:50:42 INF] ---------------------------------------------------



TestContext Messages:
Given a POrch PaymentRequest is created
-&gt; done: POrchAPIStepDefinitions.GivenAPOrchPaymentRequestIsCreated() (0.0s)
And FraudCheck Response is Decline
-&gt; done: POrchAPIStepDefinitions.SetFraudCheckResponse("Decline") (0.0s)
And the PAS mock response will return 502 then 200
-&gt; done: POrchAPIStepDefinitions.GivenThePASMockResponseWillReturnThen("502") (0.5s)
When POrch Payment API is called
-&gt; done: POrchAPIStepDefinitions.WhenPOrchAPIIsCalled("Payment") (0.6s)
Then the request should return status code 409
-&gt; done: POrchAPIStepDefinitions.ThenTheRequestShouldReturnStatusCode(409) (0.0s)
And there are 1 calls to the PASErrorResponse mock
-&gt; done: POrchAPIStepDefinitions.ThenThereAreCallsToThePasMock(1, "PASErrorResponse") (0.0s)
And there are 1 calls to the PASSuccess mock
-&gt; done: POrchAPIStepDefinitions.ThenThereAreCallsToThePasMock(1, "PASSuccess") (0.0s)</StdOut>
      </Output>
    </UnitTestResult>
    <UnitTestResult executionId="72a6aa5e-12fd-44cc-9b40-8631d830337c" testId="71d1c267-cd8e-60d5-e61b-182ab1bdc68a" testName="POrchAPI_Various_Amounts_Return_Success_When_Below_Max (1.11,,)" computerName="ip-10-130-163-171" duration="00:00:01.0864756" startTime="2025-09-12T12:49:36.5471686+12:00" endTime="2025-09-12T12:49:37.6339274+12:00" testType="13cdc9d9-ddb5-4fa4-a97d-d965ccfc6d4b" outcome="Passed" testListId="8c84fa94-04c1-424b-9868-57a2d4851a1d" relativeResultsDirectory="72a6aa5e-12fd-44cc-9b40-8631d830337c">
      <Output>
        <StdOut>[2025-09-12 12:49:36 INF] Starting Test Execution: POrchAPI_Various_Amounts_Return_Success_When_Below_Max:["[Amount, 1.11]"]
[2025-09-12 12:49:36 INF] Mocks are not ready after 1 / 5 attempt(s). Expected 2 mock(s) to be registered with the manager and got 0.
[2025-09-12 12:49:36 INF] Successfully created map FraudcheckMock_Authorize_6d89c6ff-47b8-4aae-b4bf-1ac6747a0053 for /api/v1/financial-transaction-fraud-checks
[2025-09-12 12:49:36 INF] Successfully created map MiddlewareMock_Success_3ac0950c-9ba2-48ed-ae46-e8815a9da5a5 for /initialisepaymentorder/basic
[2025-09-12 12:49:37 INF] Response has PaymentId: 61d5e44a-a9ec-464c-9822-4b7cc69252f4
[2025-09-12 12:49:37 INF] Finished Test Execution: POrchAPI_Various_Amounts_Return_Success_When_Below_Max
[2025-09-12 12:49:37 INF] ---------------------------------------------------



TestContext Messages:
Given a POrch PaymentRequest is created
-&gt; done: POrchAPIStepDefinitions.GivenAPOrchPaymentRequestIsCreated() (0.0s)
And the Payment Amount Field is 1.11
-&gt; done: POrchAPIStepDefinitions.WhenTheAcountFieldIs("Payment", "1.11") (0.0s)
And FraudCheck Response is Authorize
-&gt; done: POrchAPIStepDefinitions.SetFraudCheckResponse("Authorize") (0.0s)
And MiddleWare Response is Success
-&gt; done: POrchAPIStepDefinitions.SetMiddlewareResponse("Success") (0.0s)
When POrch Payment API is called
-&gt; done: POrchAPIStepDefinitions.WhenPOrchAPIIsCalled("Payment") (1.1s)
Then the request should return status code 201
-&gt; done: POrchAPIStepDefinitions.ThenTheRequestShouldReturnStatusCode(201) (0.0s)</StdOut>
      </Output>
    </UnitTestResult>
    <UnitTestResult executionId="46253645-df5c-47b8-a70b-0e3309ea8c69" testId="487b5447-1e0e-25cb-4f41-b1e89c7b33b5" testName="POrchAPI_TMVToTMV_Valid_Debtor_Particulars_Return_Success (=@#_%,.,201,)" computerName="ip-10-130-163-171" duration="00:00:01.0660661" startTime="2025-09-12T12:51:21.7269763+12:00" endTime="2025-09-12T12:51:22.7931792+12:00" testType="13cdc9d9-ddb5-4fa4-a97d-d965ccfc6d4b" outcome="Passed" testListId="8c84fa94-04c1-424b-9868-57a2d4851a1d" relativeResultsDirectory="46253645-df5c-47b8-a70b-0e3309ea8c69">
      <Output>
        <StdOut>[2025-09-12 12:51:21 INF] Starting Test Execution: POrchAPI_TMVToTMV_Valid_Debtor_Particulars_Return_Success:["[DebtorParticularsValue, =@#_%,.]","[StatusCode, 201]"]
[2025-09-12 12:51:21 INF] Mocks are not ready after 1 / 5 attempt(s). Expected 1 mock(s) to be registered with the manager and got 0.
[2025-09-12 12:51:21 INF] Successfully created map AdpsMock_Success_2fb0e3b1-f410-4acd-aff4-2e0448f64fcb for /api/v1/payment-instruction/domestic/immediate
[2025-09-12 12:51:22 INF] Response has PaymentId: b890f0c7-f0ce-458b-b905-c32e484d5fc3
[2025-09-12 12:51:22 INF] Finished Test Execution: POrchAPI_TMVToTMV_Valid_Debtor_Particulars_Return_Success
[2025-09-12 12:51:22 INF] ---------------------------------------------------



TestContext Messages:
Given a TMV to TMV POrch TransferRequest is created
-&gt; done: POrchAPIStepDefinitions.ConditionalPOrchTransferRequestIsCreated("TMV", "TMV") (0.0s)
And the Transfer Debtor particulars is =@#_%,.
-&gt; done: POrchAPIStepDefinitions.WhenTheDebtorParticularsIs("Transfer", "=@#_%,.") (0.0s)
And ADPS Response is Success
-&gt; done: POrchAPIStepDefinitions.SetAdpsResponse("Success") (0.0s)
When POrch Transfer API is called
-&gt; done: POrchAPIStepDefinitions.WhenPOrchAPIIsCalled("Transfer") (1.1s)
Then the request should return status code 201
-&gt; done: POrchAPIStepDefinitions.ThenTheRequestShouldReturnStatusCode(201) (0.0s)</StdOut>
      </Output>
    </UnitTestResult>
    <UnitTestResult executionId="26e9966b-8844-4a74-8549-322cb05e2f52" testId="124a5e80-5b0d-71a0-1c67-af5274a72cea" testName="POrchAPI_Invalid_Debtor_Reference_Return_Error (},400,)" computerName="ip-10-130-163-171" duration="00:00:00.0104906" startTime="2025-09-12T12:50:37.9614747+12:00" endTime="2025-09-12T12:50:37.9727437+12:00" testType="13cdc9d9-ddb5-4fa4-a97d-d965ccfc6d4b" outcome="Passed" testListId="8c84fa94-04c1-424b-9868-57a2d4851a1d" relativeResultsDirectory="26e9966b-8844-4a74-8549-322cb05e2f52">
      <Output>
        <StdOut>[2025-09-12 12:50:37 INF] Starting Test Execution: POrchAPI_Invalid_Debtor_Reference_Return_Error:["[DebtorReferenceValue, }]","[StatusCode, 400]"]
[2025-09-12 12:50:37 INF] Finished Test Execution: POrchAPI_Invalid_Debtor_Reference_Return_Error
[2025-09-12 12:50:37 INF] ---------------------------------------------------



TestContext Messages:
Given a POrch PaymentRequest is created
-&gt; done: POrchAPIStepDefinitions.GivenAPOrchPaymentRequestIsCreated() (0.0s)
And the Payment Debtor Reference is }
-&gt; done: POrchAPIStepDefinitions.WhenTheDebtorReferenceIs("Payment", "}") (0.0s)
When POrch Payment API is called
-&gt; done: POrchAPIStepDefinitions.WhenPOrchAPIIsCalled("Payment") (0.0s)
Then the request should return status code 400
-&gt; done: POrchAPIStepDefinitions.ThenTheRequestShouldReturnStatusCode(400) (0.0s)</StdOut>
      </Output>
    </UnitTestResult>
    <UnitTestResult executionId="4af1f83d-4e77-4147-9ab4-006623bb7553" testId="b62d72e0-9de4-5866-12c5-253681d0df88" testName="POrchAPI_TMVToUltracs_Valid_Debtor_Code_Return_Success (=@#_%,.,201,)" computerName="ip-10-130-163-171" duration="00:00:01.0879457" startTime="2025-09-12T12:51:40.0826457+12:00" endTime="2025-09-12T12:51:41.1707240+12:00" testType="13cdc9d9-ddb5-4fa4-a97d-d965ccfc6d4b" outcome="Passed" testListId="8c84fa94-04c1-424b-9868-57a2d4851a1d" relativeResultsDirectory="4af1f83d-4e77-4147-9ab4-006623bb7553">
      <Output>
        <StdOut>[2025-09-12 12:51:40 INF] Starting Test Execution: POrchAPI_TMVToUltracs_Valid_Debtor_Code_Return_Success:["[DebtorCodeValue, =@#_%,.]","[StatusCode, 201]"]
[2025-09-12 12:51:40 INF] Mocks are not ready after 1 / 5 attempt(s). Expected 2 mock(s) to be registered with the manager and got 0.
[2025-09-12 12:51:40 INF] Successfully created map AdpsMock_Success_9545d73b-417d-444a-821e-197391c8dad0 for /api/v1/payment-instruction/domestic/immediate
[2025-09-12 12:51:40 INF] Successfully created map MiddlewareMock_Success_63813a6e-989c-49f9-8b1c-5215485efa9f for /initialisepaymentorder/basic
[2025-09-12 12:51:41 INF] Response has PaymentId: 5a35ddca-274a-4bed-a1a0-c8ed82d3d37d
[2025-09-12 12:51:41 INF] Finished Test Execution: POrchAPI_TMVToUltracs_Valid_Debtor_Code_Return_Success
[2025-09-12 12:51:41 INF] ---------------------------------------------------



TestContext Messages:
Given a TMV to Ultracs POrch TransferRequest is created
-&gt; done: POrchAPIStepDefinitions.ConditionalPOrchTransferRequestIsCreated("TMV", "Ultracs") (0.0s)
And the Transfer Debtor Code is =@#_%,.
-&gt; done: POrchAPIStepDefinitions.WhenTheDebtorCodeIs("Transfer", "=@#_%,.") (0.0s)
And ADPS Response is Success
-&gt; done: POrchAPIStepDefinitions.SetAdpsResponse("Success") (0.0s)
And MiddleWare Response is Success
-&gt; done: POrchAPIStepDefinitions.SetMiddlewareResponse("Success") (0.0s)
When POrch Transfer API is called
-&gt; done: POrchAPIStepDefinitions.WhenPOrchAPIIsCalled("Transfer") (1.1s)
Then the request should return status code 201
-&gt; done: POrchAPIStepDefinitions.ThenTheRequestShouldReturnStatusCode(201) (0.0s)</StdOut>
      </Output>
    </UnitTestResult>
    <UnitTestResult executionId="509664fa-9f2c-4803-9ed7-c9f96b07e16c" testId="f2684dfd-f53c-b5d2-96f0-3d700f9cbced" testName="POrchAPI_Middleware_Times_Out" computerName="ip-10-130-163-171" duration="00:00:03.0712744" startTime="2025-09-12T12:51:04.4989215+12:00" endTime="2025-09-12T12:51:07.5703869+12:00" testType="13cdc9d9-ddb5-4fa4-a97d-d965ccfc6d4b" outcome="Passed" testListId="8c84fa94-04c1-424b-9868-57a2d4851a1d" relativeResultsDirectory="509664fa-9f2c-4803-9ed7-c9f96b07e16c">
      <Output>
        <StdOut>[2025-09-12 12:51:04 INF] Starting Test Execution: POrchAPI_Middleware_Times_Out:[]
[2025-09-12 12:51:04 INF] Successfully created map FraudcheckMock_Authorize_8768834c-4ee5-4e65-80d5-7e278ef02b43 for /api/v1/financial-transaction-fraud-checks
[2025-09-12 12:51:04 INF] Mocks are not ready after 1 / 5 attempt(s). Expected 2 mock(s) to be registered with the manager and got 1.
[2025-09-12 12:51:04 INF] Successfully created map MiddlewareMock_Success_9f685d71-fb10-47a8-bc23-a6dbe5fa0ecf for /initialisepaymentorder/basic
[2025-09-12 12:51:07 INF] Finished Test Execution: POrchAPI_Middleware_Times_Out
[2025-09-12 12:51:07 INF] ---------------------------------------------------



TestContext Messages:
Given a POrch PaymentRequest is created
-&gt; done: POrchAPIStepDefinitions.GivenAPOrchPaymentRequestIsCreated() (0.0s)
And the credit Account is 389300099302202
-&gt; done: POrchAPIStepDefinitions.WhenTheCreditAccountIs("389300099302202") (0.0s)
And FraudCheck Response is Authorize
-&gt; done: POrchAPIStepDefinitions.SetFraudCheckResponse("Authorize") (0.0s)
And MiddleWare Response will be Success with a delay of 15000ms
-&gt; done: POrchAPIStepDefinitions.SetMiddlewareResponse("Success", 15000) (0.0s)
When POrch Payment API is called
-&gt; done: POrchAPIStepDefinitions.WhenPOrchAPIIsCalled("Payment") (3.1s)
Then the request should return status code 500
-&gt; done: POrchAPIStepDefinitions.ThenTheRequestShouldReturnStatusCode(500) (0.0s)</StdOut>
      </Output>
    </UnitTestResult>
    <UnitTestResult executionId="ac2482e5-ea4b-4592-8e8e-e48fd72c50dc" testId="ea760280-3855-9de7-a46e-864928aef426" testName="POrchAPI_Transfer_Invalid_Debtor_Account_Source_Return_Error (&quot;&quot;,400,'DebtorAccountSource' can only be Ultracs or TMV for transfers.,)" computerName="ip-10-130-163-171" duration="00:00:00.0076846" startTime="2025-09-12T12:52:13.7721888+12:00" endTime="2025-09-12T12:52:13.7799939+12:00" testType="13cdc9d9-ddb5-4fa4-a97d-d965ccfc6d4b" outcome="Passed" testListId="8c84fa94-04c1-424b-9868-57a2d4851a1d" relativeResultsDirectory="ac2482e5-ea4b-4592-8e8e-e48fd72c50dc">
      <Output>
        <StdOut>[2025-09-12 12:52:13 INF] Starting Test Execution: POrchAPI_Transfer_Invalid_Debtor_Account_Source_Return_Error:["[AccountSource, \"\"]","[StatusCode, 400]","[ErrorMessage, 'DebtorAccountSource' can only be Ultracs or TMV for transfers.]"]
[2025-09-12 12:52:13 INF] Finished Test Execution: POrchAPI_Transfer_Invalid_Debtor_Account_Source_Return_Error
[2025-09-12 12:52:13 INF] ---------------------------------------------------



TestContext Messages:
Given a POrch TransferRequest is created
-&gt; done: POrchAPIStepDefinitions.GivenAPOrchTransferRequestIsCreated() (0.0s)
And the transfer Debtor Account Source is ""
-&gt; done: POrchAPIStepDefinitions.GivenTheTransferDebtorAccountSourceIs("""") (0.0s)
When POrch Transfer API is called
-&gt; done: POrchAPIStepDefinitions.WhenPOrchAPIIsCalled("Transfer") (0.0s)
Then the request should return status code 400
-&gt; done: POrchAPIStepDefinitions.ThenTheRequestShouldReturnStatusCode(400) (0.0s)
And the error message should be 'DebtorAccountSource' can only be Ultracs or TMV for transfers.
-&gt; done: POrchAPIStepDefinitions.ThenTheErrorMessageShouldBeErrorMessage("'DebtorAccountSou...") (0.0s)</StdOut>
      </Output>
    </UnitTestResult>
    <UnitTestResult executionId="70e940a3-e6a9-43d2-a4f0-ca36fc96622f" testId="a0157183-2b9e-596f-c60a-e365112807dc" testName="POrchAPI_PAS_Retries (504,,)" computerName="ip-10-130-163-171" duration="00:00:01.1450299" startTime="2025-09-12T12:50:43.1605887+12:00" endTime="2025-09-12T12:50:44.3057733+12:00" testType="13cdc9d9-ddb5-4fa4-a97d-d965ccfc6d4b" outcome="Passed" testListId="8c84fa94-04c1-424b-9868-57a2d4851a1d" relativeResultsDirectory="70e940a3-e6a9-43d2-a4f0-ca36fc96622f">
      <Output>
        <StdOut>[2025-09-12 12:50:43 INF] Starting Test Execution: POrchAPI_PAS_Retries:["[ErrorCode, 504]"]
[2025-09-12 12:50:43 INF] Successfully created map FraudcheckMock_Decline_8cb924e2-8c98-4d3f-b823-15be59f27edf for /api/v1/financial-transaction-fraud-checks
[2025-09-12 12:50:43 INF] Successfully created map PASSuccess_7f273022-bc58-4e67-850a-8abc23c5740c for /v2/activities
[2025-09-12 12:50:43 INF] Successfully created map PASErrorResponse_504_05a94358-d7dc-45a3-a018-5f4ff4dc30c3_1 for /v2/activities
[2025-09-12 12:50:44 INF] Response has PaymentId: 51ce8ba2-1e10-4210-878c-dd5506178948
[2025-09-12 12:50:44 INF] Finished Test Execution: POrchAPI_PAS_Retries
[2025-09-12 12:50:44 INF] ---------------------------------------------------



TestContext Messages:
Given a POrch PaymentRequest is created
-&gt; done: POrchAPIStepDefinitions.GivenAPOrchPaymentRequestIsCreated() (0.0s)
And FraudCheck Response is Decline
-&gt; done: POrchAPIStepDefinitions.SetFraudCheckResponse("Decline") (0.0s)
And the PAS mock response will return 504 then 200
-&gt; done: POrchAPIStepDefinitions.GivenThePASMockResponseWillReturnThen("504") (0.5s)
When POrch Payment API is called
-&gt; done: POrchAPIStepDefinitions.WhenPOrchAPIIsCalled("Payment") (0.6s)
Then the request should return status code 409
-&gt; done: POrchAPIStepDefinitions.ThenTheRequestShouldReturnStatusCode(409) (0.0s)
And there are 1 calls to the PASErrorResponse mock
-&gt; done: POrchAPIStepDefinitions.ThenThereAreCallsToThePasMock(1, "PASErrorResponse") (0.0s)
And there are 1 calls to the PASSuccess mock
-&gt; done: POrchAPIStepDefinitions.ThenThereAreCallsToThePasMock(1, "PASSuccess") (0.0s)</StdOut>
      </Output>
    </UnitTestResult>
    <UnitTestResult executionId="422a8d39-44db-41d1-b0e3-0da3d66481d9" testId="8b7df467-989e-dea2-b676-4968df992a0d" testName="POrchAPI_Valid_Debtor_Reference_Return_Success (=@#_%,.,201,)" computerName="ip-10-130-163-171" duration="00:00:01.0843972" startTime="2025-09-12T12:49:59.2075444+12:00" endTime="2025-09-12T12:50:00.2921659+12:00" testType="13cdc9d9-ddb5-4fa4-a97d-d965ccfc6d4b" outcome="Passed" testListId="8c84fa94-04c1-424b-9868-57a2d4851a1d" relativeResultsDirectory="422a8d39-44db-41d1-b0e3-0da3d66481d9">
      <Output>
        <StdOut>[2025-09-12 12:49:59 INF] Starting Test Execution: POrchAPI_Valid_Debtor_Reference_Return_Success:["[DebtorReferenceValue, =@#_%,.]","[StatusCode, 201]"]
[2025-09-12 12:49:59 INF] Mocks are not ready after 1 / 5 attempt(s). Expected 2 mock(s) to be registered with the manager and got 0.
[2025-09-12 12:49:59 INF] Successfully created map FraudcheckMock_Authorize_7158a709-518f-4c12-88da-c4d94de0f261 for /api/v1/financial-transaction-fraud-checks
[2025-09-12 12:49:59 INF] Successfully created map MiddlewareMock_Success_86a5aff1-2eae-4c26-9819-e6c1d8a063a5 for /initialisepaymentorder/basic
[2025-09-12 12:50:00 INF] Response has PaymentId: baad4de7-3f78-4d50-8938-e18fe1aca2ff
[2025-09-12 12:50:00 INF] Finished Test Execution: POrchAPI_Valid_Debtor_Reference_Return_Success
[2025-09-12 12:50:00 INF] ---------------------------------------------------



TestContext Messages:
Given a POrch PaymentRequest is created
-&gt; done: POrchAPIStepDefinitions.GivenAPOrchPaymentRequestIsCreated() (0.0s)
And the Payment Debtor Reference is =@#_%,.
-&gt; done: POrchAPIStepDefinitions.WhenTheDebtorReferenceIs("Payment", "=@#_%,.") (0.0s)
And FraudCheck Response is Authorize
-&gt; done: POrchAPIStepDefinitions.SetFraudCheckResponse("Authorize") (0.0s)
And MiddleWare Response is Success
-&gt; done: POrchAPIStepDefinitions.SetMiddlewareResponse("Success") (0.0s)
When POrch Payment API is called
-&gt; done: POrchAPIStepDefinitions.WhenPOrchAPIIsCalled("Payment") (1.1s)
Then the request should return status code 201
-&gt; done: POrchAPIStepDefinitions.ThenTheRequestShouldReturnStatusCode(201) (0.0s)</StdOut>
      </Output>
    </UnitTestResult>
    <UnitTestResult executionId="2cf3e876-1f62-4280-9fd7-9b7897af8cd8" testId="e7d2e063-5684-48de-cbd6-388356d5f6fc" testName="POrchAPI_Transfer_Invalid_Amount_Field_Return_Error (testAmount,400,)" computerName="ip-10-130-163-171" duration="00:00:00.0125424" startTime="2025-09-12T12:52:13.4667653+12:00" endTime="2025-09-12T12:52:13.4798258+12:00" testType="13cdc9d9-ddb5-4fa4-a97d-d965ccfc6d4b" outcome="Passed" testListId="8c84fa94-04c1-424b-9868-57a2d4851a1d" relativeResultsDirectory="2cf3e876-1f62-4280-9fd7-9b7897af8cd8">
      <Output>
        <StdOut>[2025-09-12 12:52:13 INF] Starting Test Execution: POrchAPI_Transfer_Invalid_Amount_Field_Return_Error:["[AmountValue, testAmount]","[StatusCode, 400]"]
[2025-09-12 12:52:13 INF] Finished Test Execution: POrchAPI_Transfer_Invalid_Amount_Field_Return_Error
[2025-09-12 12:52:13 INF] ---------------------------------------------------



TestContext Messages:
Given a POrch TransferRequest is created
-&gt; done: POrchAPIStepDefinitions.GivenAPOrchTransferRequestIsCreated() (0.0s)
And the Transfer Amount Field is testAmount
-&gt; done: POrchAPIStepDefinitions.WhenTheAcountFieldIs("Transfer", "testAmount") (0.0s)
When POrch Transfer API is called
-&gt; done: POrchAPIStepDefinitions.WhenPOrchAPIIsCalled("Transfer") (0.0s)
Then the request should return status code 400
-&gt; done: POrchAPIStepDefinitions.ThenTheRequestShouldReturnStatusCode(400) (0.0s)</StdOut>
      </Output>
    </UnitTestResult>
    <UnitTestResult executionId="f29bf0d9-bb83-4460-9193-c643356ef03d" testId="1012c324-8161-0942-c41e-efe0e24c3068" testName="POrchAPI_Invalid_PAS_Response_Doesnt_Affect_POrch_Result (400,,)" computerName="ip-10-130-163-171" duration="00:00:01.0864325" startTime="2025-09-12T12:50:34.3555995+12:00" endTime="2025-09-12T12:50:35.4422220+12:00" testType="13cdc9d9-ddb5-4fa4-a97d-d965ccfc6d4b" outcome="Passed" testListId="8c84fa94-04c1-424b-9868-57a2d4851a1d" relativeResultsDirectory="f29bf0d9-bb83-4460-9193-c643356ef03d">
      <Output>
        <StdOut>[2025-09-12 12:50:34 INF] Starting Test Execution: POrchAPI_Invalid_PAS_Response_Doesn't_Affect_POrch_Result:["[PASResponse, 400]"]
[2025-09-12 12:50:34 INF] Mocks are not ready after 1 / 5 attempt(s). Expected 3 mock(s) to be registered with the manager and got 0.
[2025-09-12 12:50:34 INF] Successfully created map FraudcheckMock_Decline_45b5a792-28d1-462f-802a-82ae9264ab1f for /api/v1/financial-transaction-fraud-checks
[2025-09-12 12:50:34 INF] Successfully created map MiddlewareMock_FrozenError_a11aa2a3-2603-4a32-9898-cd12e794b4ba for /initialisepaymentorder/basic
[2025-09-12 12:50:34 INF] Successfully created map PartyActivityServiceMock_400_dfa820d1-0a90-49b8-adc2-8ef481691066 for /v2/activities
[2025-09-12 12:50:35 INF] Response has PaymentId: ea21b5ba-48a5-4f36-a970-10a1b17d0ee7
[2025-09-12 12:50:35 INF] Finished Test Execution: POrchAPI_Invalid_PAS_Response_Doesn't_Affect_POrch_Result
[2025-09-12 12:50:35 INF] ---------------------------------------------------



TestContext Messages:
Given a POrch PaymentRequest is created
-&gt; done: POrchAPIStepDefinitions.GivenAPOrchPaymentRequestIsCreated() (0.0s)
And FraudCheck Response is Decline
-&gt; done: POrchAPIStepDefinitions.SetFraudCheckResponse("Decline") (0.0s)
And MiddleWare Response is FrozenError
-&gt; done: POrchAPIStepDefinitions.SetMiddlewareResponse("FrozenError") (0.0s)
And the PAS response is 400
-&gt; done: POrchAPIStepDefinitions.ThePasResponseIs("400") (0.0s)
When POrch Payment API is called
-&gt; done: POrchAPIStepDefinitions.WhenPOrchAPIIsCalled("Payment") (1.1s)
Then the request should return status code 409
-&gt; done: POrchAPIStepDefinitions.ThenTheRequestShouldReturnStatusCode(409) (0.0s)</StdOut>
      </Output>
    </UnitTestResult>
    <UnitTestResult executionId="e5a8a226-0b64-4b2b-8ea9-912d705add0f" testId="3706f52f-501f-e437-b20e-47a7a96d2a24" testName="POrchAPI_Invalid_Currency_Return_Error (nzd,400,)" computerName="ip-10-130-163-171" duration="00:00:00.0079201" startTime="2025-09-12T12:50:37.7006080+12:00" endTime="2025-09-12T12:50:37.7086833+12:00" testType="13cdc9d9-ddb5-4fa4-a97d-d965ccfc6d4b" outcome="Passed" testListId="8c84fa94-04c1-424b-9868-57a2d4851a1d" relativeResultsDirectory="e5a8a226-0b64-4b2b-8ea9-912d705add0f">
      <Output>
        <StdOut>[2025-09-12 12:50:37 INF] Starting Test Execution: POrchAPI_Invalid_Currency_Return_Error:["[CurrencyValue, nzd]","[StatusCode, 400]"]
[2025-09-12 12:50:37 INF] Finished Test Execution: POrchAPI_Invalid_Currency_Return_Error
[2025-09-12 12:50:37 INF] ---------------------------------------------------



TestContext Messages:
Given a POrch PaymentRequest is created
-&gt; done: POrchAPIStepDefinitions.GivenAPOrchPaymentRequestIsCreated() (0.0s)
And the Payment Currency Field is nzd
-&gt; done: POrchAPIStepDefinitions.WhenTheCurrencyFieldIs("Payment", "nzd") (0.0s)
When POrch Payment API is called
-&gt; done: POrchAPIStepDefinitions.WhenPOrchAPIIsCalled("Payment") (0.0s)
Then the request should return status code 400
-&gt; done: POrchAPIStepDefinitions.ThenTheRequestShouldReturnStatusCode(400) (0.0s)</StdOut>
      </Output>
    </UnitTestResult>
    <UnitTestResult executionId="23f477d2-6fc2-4594-b01b-b2998278f69d" testId="e0c97504-1436-a1ed-d7df-2c297bbad90c" testName="POrchAPI_UltracsToTMV_Negative_MiddleWare_Response_409 (ClosedAccountError,409,)" computerName="ip-10-130-163-171" duration="00:00:01.0412881" startTime="2025-09-12T12:52:05.1311634+12:00" endTime="2025-09-12T12:52:06.1725977+12:00" testType="13cdc9d9-ddb5-4fa4-a97d-d965ccfc6d4b" outcome="Passed" testListId="8c84fa94-04c1-424b-9868-57a2d4851a1d" relativeResultsDirectory="23f477d2-6fc2-4594-b01b-b2998278f69d">
      <Output>
        <StdOut>[2025-09-12 12:52:05 INF] Starting Test Execution: POrchAPI_UltracsToTMV_Negative_MiddleWare_Response_409:["[Result, ClosedAccountError]","[StatusCode, 409]"]
[2025-09-12 12:52:05 INF] Mocks are not ready after 1 / 5 attempt(s). Expected 1 mock(s) to be registered with the manager and got 0.
[2025-09-12 12:52:05 INF] Successfully created map MiddlewareMock_ClosedAccountError_5105df94-929a-40d0-ac93-d19baa34b354 for /initialisepaymentorder/basic
[2025-09-12 12:52:06 INF] Response has PaymentId: bca160b4-49ee-44ea-a598-23e1e6a5803d
[2025-09-12 12:52:06 INF] Finished Test Execution: POrchAPI_UltracsToTMV_Negative_MiddleWare_Response_409
[2025-09-12 12:52:06 INF] ---------------------------------------------------



TestContext Messages:
Given a Ultracs to TMV POrch TransferRequest is created
-&gt; done: POrchAPIStepDefinitions.ConditionalPOrchTransferRequestIsCreated("Ultracs", "TMV") (0.0s)
And MiddleWare Response is ClosedAccountError
-&gt; done: POrchAPIStepDefinitions.SetMiddlewareResponse("ClosedAccountError") (0.0s)
When POrch Transfer API is called
-&gt; done: POrchAPIStepDefinitions.WhenPOrchAPIIsCalled("Transfer") (1.0s)
Then the request should return status code 409
-&gt; done: POrchAPIStepDefinitions.ThenTheRequestShouldReturnStatusCode(409) (0.0s)</StdOut>
      </Output>
    </UnitTestResult>
    <UnitTestResult executionId="b2f02570-5ce8-46aa-af10-ef554d181350" testId="bd1a2810-75db-7add-94a1-1261e7ac4845" testName="POrchNRT_Unsuccessful_Response_From_NRT (PaymentNrtForbidden,,)" computerName="ip-10-130-163-171" duration="00:00:00.0474855" startTime="2025-09-12T12:50:39.1542026+12:00" endTime="2025-09-12T12:50:39.2018500+12:00" testType="13cdc9d9-ddb5-4fa4-a97d-d965ccfc6d4b" outcome="Passed" testListId="8c84fa94-04c1-424b-9868-57a2d4851a1d" relativeResultsDirectory="b2f02570-5ce8-46aa-af10-ef554d181350">
      <Output>
        <StdOut>[2025-09-12 12:50:39 INF] Starting Test Execution: POrchNRT_Unsuccessful_Response_From_NRT:["[result, PaymentNrtForbidden]"]
[2025-09-12 12:50:39 INF] Executed DbCommand (1ms) [Parameters=[], CommandType='Text', CommandTimeout='30']
SELECT n.id, n.attempts, n.created_at, n.payment_id, n.status, n.updated_at
FROM net.nrt_outbox AS n
WHERE n.attempts &gt;= 0
[2025-09-12 12:50:39 INF] Executed DbCommand (1ms) [Parameters=[@p0='?' (DbType = Guid)], CommandType='Text', CommandTimeout='30']
DELETE FROM net.nrt_outbox
WHERE id = @p0;
[2025-09-12 12:50:39 INF] Executed DbCommand (1ms) [Parameters=[@p0='?' (DbType = Guid), @p1='?', @p2='?' (DbType = Decimal), @p3='?' (DbType = DateTime), @p4='?', @p5='?', @p6='?', @p7='?', @p8='?' (DbType = Object), @p9='?' (DbType = Object), @p10='?', @p11='?', @p12='?', @p13='?', @p14='?' (DbType = Object), @p15='?' (DbType = Object), @p16='?' (DbType = Object), @p17='?' (DbType = DateTime), @p18='?' (DbType = Object), @p19='?' (DbType = DateTime), @p20='?' (DbType = Guid), @p21='?' (DbType = Int32), @p22='?' (DbType = DateTime), @p23='?' (DbType = Guid), @p24='?' (DbType = Object), @p25='?' (DbType = DateTime)], CommandType='Text', CommandTimeout='30']
INSERT INTO net.payment (id, access_number, amount, created_at, creditor_account_code, creditor_account_number, creditor_account_particulars, creditor_account_reference, creditor_account_source, currency, debtor_account_code, debtor_account_number, debtor_account_particulars, debtor_account_reference, debtor_account_source, fraud_check_disposition, payment_type, processed_at, status, updated_at)
VALUES (@p0, @p1, @p2, @p3, @p4, @p5, @p6, @p7, @p8, @p9, @p10, @p11, @p12, @p13, @p14, @p15, @p16, @p17, @p18, @p19);
INSERT INTO net.nrt_outbox (id, attempts, created_at, payment_id, status, updated_at)
VALUES (@p20, @p21, @p22, @p23, @p24, @p25);
[2025-09-12 12:50:39 INF] Successfully created map FraudCheckNRTMock_PaymentNrtForbidden_396b265e-a79e-4189-b519-207f3a50c6f8 for /api/v1/financial-transaction-fraud-checks/94d7c59b-944e-4d21-9e5b-c4363b841ab2
[2025-09-12 12:50:39 INF] Executed DbCommand (1ms) [Parameters=[@__p_0='?' (DbType = Guid)], CommandType='Text', CommandTimeout='30']
SELECT n.id, n.attempts, n.created_at, n.payment_id, n.status, n.updated_at
FROM net.nrt_outbox AS n
WHERE n.id = @__p_0
LIMIT 1
[2025-09-12 12:50:39 INF] Finished Test Execution: POrchNRT_Unsuccessful_Response_From_NRT
[2025-09-12 12:50:39 INF] ---------------------------------------------------



TestContext Messages:
Given The NRT table is clean
-&gt; done: POrchAPIStepDefinitions.GivenTheNrtTableIsClean() (0.0s)
And there is an NRT entry with payment successful to process
-&gt; done: POrchAPIStepDefinitions.GivenThereIsAnNrtEntryToProcess("successful") (0.0s)
And the NRT entry should be processed with PaymentNrtForbidden
-&gt; done: POrchAPIStepDefinitions.GivenTheNrtEntryShouldBeProcessedWithUnsuccessfulResult("PaymentNrtForbidden") (0.0s)
When the NRT Processor Has Run for at most 1 entry
-&gt; done: POrchAPIStepDefinitions.WhenTheNrtProcessorHasRunForAtMostXEntry(1) (0.0s)
Then the NRT entry has status NotSent
-&gt; done: POrchAPIStepDefinitions.ThenTheNrtEntryHasStatus("NotSent") (0.0s)</StdOut>
      </Output>
    </UnitTestResult>
    <UnitTestResult executionId="898e48e6-f234-4467-ba76-a339c894280f" testId="cde0434b-bd2d-c388-0502-f1cc3498473d" testName="POrchAPI_Other_Fraud_Responses_Do_Not_Retry (Decline,409,)" computerName="ip-10-130-163-171" duration="00:00:00.0109344" startTime="2025-09-12T12:51:01.0722735+12:00" endTime="2025-09-12T12:51:01.0833584+12:00" testType="13cdc9d9-ddb5-4fa4-a97d-d965ccfc6d4b" outcome="Passed" testListId="8c84fa94-04c1-424b-9868-57a2d4851a1d" relativeResultsDirectory="898e48e6-f234-4467-ba76-a339c894280f">
      <Output>
        <StdOut>[2025-09-12 12:51:01 INF] Starting Test Execution: POrchAPI_Other_Fraud_Responses_Do_Not_Retry:["[Result, Decline]","[StatusCode, 409]"]
[2025-09-12 12:51:01 INF] Finished Test Execution: POrchAPI_Other_Fraud_Responses_Do_Not_Retry
[2025-09-12 12:51:01 INF] ---------------------------------------------------
[2025-09-12 12:51:01 INF] Successfully created map FraudErrorResponse_Decline_9226a631-346c-4b93-a31e-36067b8a12fb_1 for /api/v1/financial-transaction-fraud-checks
[2025-09-12 12:51:01 INF] Successfully created map FraudSuccess_21c64148-dd34-4f81-bf1f-447bc2aab057 for /api/v1/financial-transaction-fraud-checks
[2025-09-12 12:51:01 INF] Successfully created map PartyActivityServiceMock_Created_ce8a4609-cbb4-4b1e-97f7-78dd81cb9ff7 for /v2/activities
[2025-09-12 12:51:01 INF] Successfully created map MiddlewareMock_FrozenError_12298b93-eded-4413-b629-8e703650b827 for /initialisepaymentorder/basic
[2025-09-12 12:51:01 INF] Successfully created map FraudErrorResponse_Unknown_30629e45-0efc-482f-8b34-6e0752662acf_1 for /api/v1/financial-transaction-fraud-checks
[2025-09-12 12:51:01 INF] Successfully created map FraudSuccess_480dd8b8-0179-4bd7-9731-672af5301167 for /api/v1/financial-transaction-fraud-checks
[2025-09-12 12:51:01 INF] Successfully created map PartyActivityServiceMock_Created_6e4b3af6-1eaf-4317-b102-33d3739d8a9e for /v2/activities
[2025-09-12 12:51:01 INF] Successfully created map MiddlewareMock_FrozenError_1cefe24b-9fa5-4b96-bb88-b48283d5a7ad for /initialisepaymentorder/basic



TestContext Messages:
Given a POrch PaymentRequest is created
-&gt; done: POrchAPIStepDefinitions.GivenAPOrchPaymentRequestIsCreated() (0.0s)
And the Fraudcheck mock response will return Decline then 200
-&gt; done: POrchAPIStepDefinitions.GivenTheFraudcheckMockResponseWillReturnThen("Decline") (0.0s)
And MiddleWare Response is FrozenError
-&gt; done: POrchAPIStepDefinitions.SetMiddlewareResponse("FrozenError") (0.0s)
And the PAS response is Created
-&gt; done: POrchAPIStepDefinitions.ThePasResponseIs("Created") (0.0s)</StdOut>
      </Output>
    </UnitTestResult>
    <UnitTestResult executionId="1a95ab00-06a0-42ed-a4c8-041f0dc122f9" testId="ffc04f98-ebde-4d4a-8364-6dbb9f652689" testName="POrchAPI_Negative_MiddleWare_Response_409 (FrozenError,409,)" computerName="ip-10-130-163-171" duration="00:00:01.1051863" startTime="2025-09-12T12:50:00.2922595+12:00" endTime="2025-09-12T12:50:01.3976583+12:00" testType="13cdc9d9-ddb5-4fa4-a97d-d965ccfc6d4b" outcome="Passed" testListId="8c84fa94-04c1-424b-9868-57a2d4851a1d" relativeResultsDirectory="1a95ab00-06a0-42ed-a4c8-041f0dc122f9">
      <Output>
        <StdOut>[2025-09-12 12:50:00 INF] Starting Test Execution: POrchAPI_Negative_MiddleWare_Response_409:["[Result, FrozenError]","[StatusCode, 409]"]
[2025-09-12 12:50:00 INF] Mocks are not ready after 1 / 5 attempt(s). Expected 2 mock(s) to be registered with the manager and got 0.
[2025-09-12 12:50:00 INF] Successfully created map FraudcheckMock_Authorize_fd841cb1-3bc1-4453-bb32-fb7d8d9936ec for /api/v1/financial-transaction-fraud-checks
[2025-09-12 12:50:00 INF] Successfully created map MiddlewareMock_FrozenError_7d95d74e-b274-415e-bd32-14f10882b980 for /initialisepaymentorder/basic
[2025-09-12 12:50:01 INF] Response has PaymentId: b82bbd2c-5621-4712-9117-16c746ff0bd4
[2025-09-12 12:50:01 INF] Finished Test Execution: POrchAPI_Negative_MiddleWare_Response_409
[2025-09-12 12:50:01 INF] ---------------------------------------------------



TestContext Messages:
Given a POrch PaymentRequest is created
-&gt; done: POrchAPIStepDefinitions.GivenAPOrchPaymentRequestIsCreated() (0.0s)
And FraudCheck Response is Authorize
-&gt; done: POrchAPIStepDefinitions.SetFraudCheckResponse("Authorize") (0.0s)
And MiddleWare Response is FrozenError
-&gt; done: POrchAPIStepDefinitions.SetMiddlewareResponse("FrozenError") (0.0s)
When POrch Payment API is called
-&gt; done: POrchAPIStepDefinitions.WhenPOrchAPIIsCalled("Payment") (1.1s)
Then the request should return status code 409
-&gt; done: POrchAPIStepDefinitions.ThenTheRequestShouldReturnStatusCode(409) (0.0s)</StdOut>
      </Output>
    </UnitTestResult>
    <UnitTestResult executionId="1ca6d75b-a1d2-4616-88a7-f8cdbe7d5ed7" testId="4c10f3c4-fd8c-41f9-b944-356e748b698a" testName="POrchAPI_Transfer_Invalid_Creditor_Particulars_Return_Error (abcdefghijklmnsey,400,)" computerName="ip-10-130-163-171" duration="00:00:00.0088363" startTime="2025-09-12T12:52:13.6060886+12:00" endTime="2025-09-12T12:52:13.6150284+12:00" testType="13cdc9d9-ddb5-4fa4-a97d-d965ccfc6d4b" outcome="Passed" testListId="8c84fa94-04c1-424b-9868-57a2d4851a1d" relativeResultsDirectory="1ca6d75b-a1d2-4616-88a7-f8cdbe7d5ed7">
      <Output>
        <StdOut>[2025-09-12 12:52:13 INF] Starting Test Execution: POrchAPI_Transfer_Invalid_Creditor_Particulars_Return_Error:["[CreditorParticularsValue, abcdefghijklmnsey]","[StatusCode, 400]"]
[2025-09-12 12:52:13 INF] Finished Test Execution: POrchAPI_Transfer_Invalid_Creditor_Particulars_Return_Error
[2025-09-12 12:52:13 INF] ---------------------------------------------------



TestContext Messages:
Given a POrch TransferRequest is created
-&gt; done: POrchAPIStepDefinitions.GivenAPOrchTransferRequestIsCreated() (0.0s)
And the Transfer Creditor particulars is abcdefghijklmnsey
-&gt; done: POrchAPIStepDefinitions.WhenTheCreditorParticularsIs("Transfer", "abcdefghijklmnsey") (0.0s)
When POrch Transfer API is called
-&gt; done: POrchAPIStepDefinitions.WhenPOrchAPIIsCalled("Transfer") (0.0s)
Then the request should return status code 400
-&gt; done: POrchAPIStepDefinitions.ThenTheRequestShouldReturnStatusCode(400) (0.0s)</StdOut>
      </Output>
    </UnitTestResult>
    <UnitTestResult executionId="e9144631-3100-4ebe-a1d2-303158b05f57" testId="50ca2893-6404-dd2c-fb98-40482ee17ad2" testName="POrchAPI_Invalid_Debtor_Reference_Return_Error (\,400,)" computerName="ip-10-130-163-171" duration="00:00:00.0106251" startTime="2025-09-12T12:50:37.9505853+12:00" endTime="2025-09-12T12:50:37.9613919+12:00" testType="13cdc9d9-ddb5-4fa4-a97d-d965ccfc6d4b" outcome="Passed" testListId="8c84fa94-04c1-424b-9868-57a2d4851a1d" relativeResultsDirectory="e9144631-3100-4ebe-a1d2-303158b05f57">
      <Output>
        <StdOut>[2025-09-12 12:50:37 INF] Starting Test Execution: POrchAPI_Invalid_Debtor_Reference_Return_Error:["[DebtorReferenceValue, \\]","[StatusCode, 400]"]
[2025-09-12 12:50:37 INF] Finished Test Execution: POrchAPI_Invalid_Debtor_Reference_Return_Error
[2025-09-12 12:50:37 INF] ---------------------------------------------------



TestContext Messages:
Given a POrch PaymentRequest is created
-&gt; done: POrchAPIStepDefinitions.GivenAPOrchPaymentRequestIsCreated() (0.0s)
And the Payment Debtor Reference is \
-&gt; done: POrchAPIStepDefinitions.WhenTheDebtorReferenceIs("Payment", "\") (0.0s)
When POrch Payment API is called
-&gt; done: POrchAPIStepDefinitions.WhenPOrchAPIIsCalled("Payment") (0.0s)
Then the request should return status code 400
-&gt; done: POrchAPIStepDefinitions.ThenTheRequestShouldReturnStatusCode(400) (0.0s)</StdOut>
      </Output>
    </UnitTestResult>
    <UnitTestResult executionId="279a494d-13c7-4f4d-85f7-57f7a445a2a0" testId="3d69c8e0-c71d-c253-b1df-d8f83d8df8e6" testName="POrchAPI_Fraud_Retries (502,,)" computerName="ip-10-130-163-171" duration="00:00:01.6373144" startTime="2025-09-12T12:50:51.4516567+12:00" endTime="2025-09-12T12:50:53.0891540+12:00" testType="13cdc9d9-ddb5-4fa4-a97d-d965ccfc6d4b" outcome="Passed" testListId="8c84fa94-04c1-424b-9868-57a2d4851a1d" relativeResultsDirectory="279a494d-13c7-4f4d-85f7-57f7a445a2a0">
      <Output>
        <StdOut>[2025-09-12 12:50:51 INF] Starting Test Execution: POrchAPI_Fraud_Retries:["[ErrorCode, 502]"]
[2025-09-12 12:50:51 INF] Mocks are not ready after 1 / 5 attempt(s). Expected 3 mock(s) to be registered with the manager and got 0.
[2025-09-12 12:50:51 INF] Successfully created map FraudErrorResponse_502_86980912-fa56-498e-93f0-82ee1c6ac95a_1 for /api/v1/financial-transaction-fraud-checks
[2025-09-12 12:50:51 INF] Successfully created map FraudSuccess_5642cf02-0f58-4dc6-a071-63d6cb60132a for /api/v1/financial-transaction-fraud-checks
[2025-09-12 12:50:51 INF] Successfully created map MiddlewareMock_Success_36074c3e-acbd-47fa-af75-99e125f96d75 for /initialisepaymentorder/basic
[2025-09-12 12:50:53 INF] Response has PaymentId: 7aedf628-6c4d-43bd-b494-5cad100b96dc
[2025-09-12 12:50:53 INF] Finished Test Execution: POrchAPI_Fraud_Retries
[2025-09-12 12:50:53 INF] ---------------------------------------------------



TestContext Messages:
Given a POrch PaymentRequest is created
-&gt; done: POrchAPIStepDefinitions.GivenAPOrchPaymentRequestIsCreated() (0.0s)
And the credit Account is 389300099302202
-&gt; done: POrchAPIStepDefinitions.WhenTheCreditAccountIs("389300099302202") (0.0s)
And the Fraudcheck mock response will return 502 then 200
-&gt; done: POrchAPIStepDefinitions.GivenTheFraudcheckMockResponseWillReturnThen("502") (0.0s)
And MiddleWare Response is Success
-&gt; done: POrchAPIStepDefinitions.SetMiddlewareResponse("Success") (0.0s)
When POrch Payment API is called
-&gt; done: POrchAPIStepDefinitions.WhenPOrchAPIIsCalled("Payment") (1.6s)
Then the request should return status code 201
-&gt; done: POrchAPIStepDefinitions.ThenTheRequestShouldReturnStatusCode(201) (0.0s)</StdOut>
      </Output>
    </UnitTestResult>
    <UnitTestResult executionId="590f9d91-f3ea-4aa1-85c8-af6feb46399b" testId="0e9c9dc4-cb99-11e9-939a-074176508061" testName="POrchAPI_Valid_Creditor_Particulars_Return_Success (=@#_%,.,201,)" computerName="ip-10-130-163-171" duration="00:00:01.0885363" startTime="2025-09-12T12:49:50.5307943+12:00" endTime="2025-09-12T12:49:51.6195959+12:00" testType="13cdc9d9-ddb5-4fa4-a97d-d965ccfc6d4b" outcome="Passed" testListId="8c84fa94-04c1-424b-9868-57a2d4851a1d" relativeResultsDirectory="590f9d91-f3ea-4aa1-85c8-af6feb46399b">
      <Output>
        <StdOut>[2025-09-12 12:49:50 INF] Starting Test Execution: POrchAPI_Valid_Creditor_Particulars_Return_Success:["[CreditorParticularsValue, =@#_%,.]","[StatusCode, 201]"]
[2025-09-12 12:49:50 INF] Mocks are not ready after 1 / 5 attempt(s). Expected 2 mock(s) to be registered with the manager and got 0.
[2025-09-12 12:49:50 INF] Successfully created map FraudcheckMock_Authorize_1d424103-cd41-4dda-b143-8ff2712d6896 for /api/v1/financial-transaction-fraud-checks
[2025-09-12 12:49:50 INF] Successfully created map MiddlewareMock_Success_4d402100-df30-4949-88ee-263d4cbf19c4 for /initialisepaymentorder/basic
[2025-09-12 12:49:51 INF] Response has PaymentId: 33ca0a0e-7e53-4036-ad6d-b7472d208423
[2025-09-12 12:49:51 INF] Finished Test Execution: POrchAPI_Valid_Creditor_Particulars_Return_Success
[2025-09-12 12:49:51 INF] ---------------------------------------------------



TestContext Messages:
Given a POrch PaymentRequest is created
-&gt; done: POrchAPIStepDefinitions.GivenAPOrchPaymentRequestIsCreated() (0.0s)
And the Payment Creditor particulars is =@#_%,.
-&gt; done: POrchAPIStepDefinitions.WhenTheCreditorParticularsIs("Payment", "=@#_%,.") (0.0s)
And FraudCheck Response is Authorize
-&gt; done: POrchAPIStepDefinitions.SetFraudCheckResponse("Authorize") (0.0s)
And MiddleWare Response is Success
-&gt; done: POrchAPIStepDefinitions.SetMiddlewareResponse("Success") (0.0s)
When POrch Payment API is called
-&gt; done: POrchAPIStepDefinitions.WhenPOrchAPIIsCalled("Payment") (1.1s)
Then the request should return status code 201
-&gt; done: POrchAPIStepDefinitions.ThenTheRequestShouldReturnStatusCode(201) (0.0s)</StdOut>
      </Output>
    </UnitTestResult>
    <UnitTestResult executionId="cc25b0b2-6b25-4a42-b1d6-0cc41fab5b81" testId="3c9ce4a6-a234-4f04-3950-b005d33815c2" testName="POrchAPI_Negative_FraudCheck_Response_Insufficient_Middleware_409 (Decline,409,)" computerName="ip-10-130-163-171" duration="00:00:01.0840784" startTime="2025-09-12T12:50:27.3430577+12:00" endTime="2025-09-12T12:50:28.4273206+12:00" testType="13cdc9d9-ddb5-4fa4-a97d-d965ccfc6d4b" outcome="Passed" testListId="8c84fa94-04c1-424b-9868-57a2d4851a1d" relativeResultsDirectory="cc25b0b2-6b25-4a42-b1d6-0cc41fab5b81">
      <Output>
        <StdOut>[2025-09-12 12:50:27 INF] Starting Test Execution: POrchAPI_Negative_FraudCheck_Response_Insufficient_Middleware_409:["[Result, Decline]","[StatusCode, 409]"]
[2025-09-12 12:50:27 INF] Successfully created map FraudcheckMock_Decline_83db6b5a-cb84-4fd8-9c16-38b015616582 for /api/v1/financial-transaction-fraud-checks
[2025-09-12 12:50:27 INF] Mocks are not ready after 1 / 5 attempt(s). Expected 3 mock(s) to be registered with the manager and got 1.
[2025-09-12 12:50:27 INF] Successfully created map PartyActivityServiceMock_Created_ea3a17cb-3aa2-4e6a-8e46-ecee5bf19869 for /v2/activities
[2025-09-12 12:50:27 INF] Successfully created map MiddlewareMock_FrozenError_43e88baf-3ec4-4b67-b73f-501f15b8ed4e for /initialisepaymentorder/basic
[2025-09-12 12:50:28 INF] Response has PaymentId: 6a8dd191-ae06-492a-abc9-da0e4077e055
[2025-09-12 12:50:28 INF] Finished Test Execution: POrchAPI_Negative_FraudCheck_Response_Insufficient_Middleware_409
[2025-09-12 12:50:28 INF] ---------------------------------------------------



TestContext Messages:
Given a POrch PaymentRequest is created
-&gt; done: POrchAPIStepDefinitions.GivenAPOrchPaymentRequestIsCreated() (0.0s)
And FraudCheck Response is Decline
-&gt; done: POrchAPIStepDefinitions.SetFraudCheckResponse("Decline") (0.0s)
And MiddleWare Response is FrozenError
-&gt; done: POrchAPIStepDefinitions.SetMiddlewareResponse("FrozenError") (0.0s)
And the PAS response is Created
-&gt; done: POrchAPIStepDefinitions.ThePasResponseIs("Created") (0.0s)
When POrch Payment API is called
-&gt; done: POrchAPIStepDefinitions.WhenPOrchAPIIsCalled("Payment") (1.1s)
Then the request should return status code 409
-&gt; done: POrchAPIStepDefinitions.ThenTheRequestShouldReturnStatusCode(409) (0.0s)</StdOut>
      </Output>
    </UnitTestResult>
    <UnitTestResult executionId="1da10ad2-151a-4aa2-966b-e4ee5a457ab4" testId="6f66e914-9cfb-4f18-5611-3ca4f7f1471d" testName="POrchAPI_Negative_MiddleWare_Response_409 (AccountDetectionFailedError,409,)" computerName="ip-10-130-163-171" duration="00:00:01.0762385" startTime="2025-09-12T12:50:04.6729736+12:00" endTime="2025-09-12T12:50:05.7495598+12:00" testType="13cdc9d9-ddb5-4fa4-a97d-d965ccfc6d4b" outcome="Passed" testListId="8c84fa94-04c1-424b-9868-57a2d4851a1d" relativeResultsDirectory="1da10ad2-151a-4aa2-966b-e4ee5a457ab4">
      <Output>
        <StdOut>[2025-09-12 12:50:04 INF] Starting Test Execution: POrchAPI_Negative_MiddleWare_Response_409:["[Result, AccountDetectionFailedError]","[StatusCode, 409]"]
[2025-09-12 12:50:04 INF] Mocks are not ready after 1 / 5 attempt(s). Expected 2 mock(s) to be registered with the manager and got 0.
[2025-09-12 12:50:04 INF] Successfully created map FraudcheckMock_Authorize_e570f805-e15f-4b44-b8c5-d9b5872afdaf for /api/v1/financial-transaction-fraud-checks
[2025-09-12 12:50:04 INF] Successfully created map MiddlewareMock_AccountDetectionFailedError_79f1e34f-7b39-427c-9427-6ef88bce464e for /initialisepaymentorder/basic
[2025-09-12 12:50:05 INF] Response has PaymentId: ca13bb2c-4d63-420b-8e29-6b612e660f6b
[2025-09-12 12:50:05 INF] Finished Test Execution: POrchAPI_Negative_MiddleWare_Response_409
[2025-09-12 12:50:05 INF] ---------------------------------------------------



TestContext Messages:
Given a POrch PaymentRequest is created
-&gt; done: POrchAPIStepDefinitions.GivenAPOrchPaymentRequestIsCreated() (0.0s)
And FraudCheck Response is Authorize
-&gt; done: POrchAPIStepDefinitions.SetFraudCheckResponse("Authorize") (0.0s)
And MiddleWare Response is AccountDetectionFailedError
-&gt; done: POrchAPIStepDefinitions.SetMiddlewareResponse("AccountDetectionF...") (0.0s)
When POrch Payment API is called
-&gt; done: POrchAPIStepDefinitions.WhenPOrchAPIIsCalled("Payment") (1.1s)
Then the request should return status code 409
-&gt; done: POrchAPIStepDefinitions.ThenTheRequestShouldReturnStatusCode(409) (0.0s)</StdOut>
      </Output>
    </UnitTestResult>
    <UnitTestResult executionId="cebfada4-525f-4496-ab94-0ea140799477" testId="549ae9f4-6b0c-80f5-d847-88cbb37cd83c" testName="POrchAPI_Invalid_Debtor_Particulars_Return_Error (},400,)" computerName="ip-10-130-163-171" duration="00:00:00.0071781" startTime="2025-09-12T12:50:37.8050734+12:00" endTime="2025-09-12T12:50:37.8123790+12:00" testType="13cdc9d9-ddb5-4fa4-a97d-d965ccfc6d4b" outcome="Passed" testListId="8c84fa94-04c1-424b-9868-57a2d4851a1d" relativeResultsDirectory="cebfada4-525f-4496-ab94-0ea140799477">
      <Output>
        <StdOut>[2025-09-12 12:50:37 INF] Starting Test Execution: POrchAPI_Invalid_Debtor_Particulars_Return_Error:["[PayerParticularsValue, }]","[StatusCode, 400]"]
[2025-09-12 12:50:37 INF] Finished Test Execution: POrchAPI_Invalid_Debtor_Particulars_Return_Error
[2025-09-12 12:50:37 INF] ---------------------------------------------------



TestContext Messages:
Given a POrch PaymentRequest is created
-&gt; done: POrchAPIStepDefinitions.GivenAPOrchPaymentRequestIsCreated() (0.0s)
And the Payment Debtor particulars is }
-&gt; done: POrchAPIStepDefinitions.WhenTheDebtorParticularsIs("Payment", "}") (0.0s)
When POrch Payment API is called
-&gt; done: POrchAPIStepDefinitions.WhenPOrchAPIIsCalled("Payment") (0.0s)
Then the request should return status code 400
-&gt; done: POrchAPIStepDefinitions.ThenTheRequestShouldReturnStatusCode(400) (0.0s)</StdOut>
      </Output>
    </UnitTestResult>
    <UnitTestResult executionId="29ff8f1e-8d16-4c8b-a639-e61d22188e49" testId="55967ab3-f02b-24cf-715e-447550358823" testName="POrchAPI_Invalid_Debtor_Code_Return_Error (},400,)" computerName="ip-10-130-163-171" duration="00:00:00.0270466" startTime="2025-09-12T12:50:37.8568081+12:00" endTime="2025-09-12T12:50:37.8839975+12:00" testType="13cdc9d9-ddb5-4fa4-a97d-d965ccfc6d4b" outcome="Passed" testListId="8c84fa94-04c1-424b-9868-57a2d4851a1d" relativeResultsDirectory="29ff8f1e-8d16-4c8b-a639-e61d22188e49">
      <Output>
        <StdOut>[2025-09-12 12:50:37 INF] Starting Test Execution: POrchAPI_Invalid_Debtor_Code_Return_Error:["[DebtorCodeValue, }]","[StatusCode, 400]"]
[2025-09-12 12:50:37 INF] Finished Test Execution: POrchAPI_Invalid_Debtor_Code_Return_Error
[2025-09-12 12:50:37 INF] ---------------------------------------------------



TestContext Messages:
Given a POrch PaymentRequest is created
-&gt; done: POrchAPIStepDefinitions.GivenAPOrchPaymentRequestIsCreated() (0.0s)
And the Payment Debtor Code is }
-&gt; done: POrchAPIStepDefinitions.WhenTheDebtorCodeIs("Payment", "}") (0.0s)
When POrch Payment API is called
-&gt; done: POrchAPIStepDefinitions.WhenPOrchAPIIsCalled("Payment") (0.0s)
Then the request should return status code 400
-&gt; done: POrchAPIStepDefinitions.ThenTheRequestShouldReturnStatusCode(400) (0.0s)</StdOut>
      </Output>
    </UnitTestResult>
    <UnitTestResult executionId="bbbbcab1-83d5-43dd-8b39-b57ed44b3de7" testId="89804543-53e1-d8c6-96f9-d64716b77f4c" testName="POrchAPI_UltracsToTMV_Valid_Creditor_Reference_Return_Success (=@#_%,.,201,)" computerName="ip-10-130-163-171" duration="00:00:01.0870499" startTime="2025-09-12T12:52:00.8138122+12:00" endTime="2025-09-12T12:52:01.9010009+12:00" testType="13cdc9d9-ddb5-4fa4-a97d-d965ccfc6d4b" outcome="Passed" testListId="8c84fa94-04c1-424b-9868-57a2d4851a1d" relativeResultsDirectory="bbbbcab1-83d5-43dd-8b39-b57ed44b3de7">
      <Output>
        <StdOut>[2025-09-12 12:52:00 INF] Starting Test Execution: POrchAPI_UltracsToTMV_Valid_Creditor_Reference_Return_Success:["[CreditorReferenceValue, =@#_%,.]","[StatusCode, 201]"]
[2025-09-12 12:52:00 INF] Mocks are not ready after 1 / 5 attempt(s). Expected 2 mock(s) to be registered with the manager and got 0.
[2025-09-12 12:52:00 INF] Successfully created map AdpsMock_Success_236598c6-a86d-4751-b297-97d7aa764a8b for /api/v1/payment-instruction/domestic/immediate
[2025-09-12 12:52:00 INF] Successfully created map MiddlewareMock_Success_451ab919-1c1f-46a8-9a84-c0bb39aed13d for /initialisepaymentorder/basic
[2025-09-12 12:52:01 INF] Response has PaymentId: 2dd2055e-81b0-42f2-a552-76553a5bbede
[2025-09-12 12:52:01 INF] Finished Test Execution: POrchAPI_UltracsToTMV_Valid_Creditor_Reference_Return_Success
[2025-09-12 12:52:01 INF] ---------------------------------------------------



TestContext Messages:
Given a Ultracs to TMV POrch TransferRequest is created
-&gt; done: POrchAPIStepDefinitions.ConditionalPOrchTransferRequestIsCreated("Ultracs", "TMV") (0.0s)
And the Transfer Creditor Reference is =@#_%,.
-&gt; done: POrchAPIStepDefinitions.WhenTheCreditorReferenceIs("Transfer", "=@#_%,.") (0.0s)
And ADPS Response is Success
-&gt; done: POrchAPIStepDefinitions.SetAdpsResponse("Success") (0.0s)
And MiddleWare Response is Success
-&gt; done: POrchAPIStepDefinitions.SetMiddlewareResponse("Success") (0.0s)
When POrch Transfer API is called
-&gt; done: POrchAPIStepDefinitions.WhenPOrchAPIIsCalled("Transfer") (1.1s)
Then the request should return status code 201
-&gt; done: POrchAPIStepDefinitions.ThenTheRequestShouldReturnStatusCode(201) (0.0s)</StdOut>
      </Output>
    </UnitTestResult>
    <UnitTestResult executionId="69b27065-7f34-4ba4-ac1f-36f08e7704fc" testId="903cd4f8-517c-7a37-07f4-921fbc9d361d" testName="POrchAPI_TMVToUltracs_Valid_Creditor_Code_Return_Success (=@#_%,.,201,)" computerName="ip-10-130-163-171" duration="00:00:01.0866344" startTime="2025-09-12T12:51:42.2705443+12:00" endTime="2025-09-12T12:51:43.3573255+12:00" testType="13cdc9d9-ddb5-4fa4-a97d-d965ccfc6d4b" outcome="Passed" testListId="8c84fa94-04c1-424b-9868-57a2d4851a1d" relativeResultsDirectory="69b27065-7f34-4ba4-ac1f-36f08e7704fc">
      <Output>
        <StdOut>[2025-09-12 12:51:42 INF] Starting Test Execution: POrchAPI_TMVToUltracs_Valid_Creditor_Code_Return_Success:["[CreditorCodeValue, =@#_%,.]","[StatusCode, 201]"]
[2025-09-12 12:51:42 INF] Mocks are not ready after 1 / 5 attempt(s). Expected 2 mock(s) to be registered with the manager and got 0.
[2025-09-12 12:51:42 INF] Successfully created map AdpsMock_Success_650d6136-e954-4e42-85d5-8c01d282fe2d for /api/v1/payment-instruction/domestic/immediate
[2025-09-12 12:51:42 INF] Successfully created map MiddlewareMock_Success_7fac15cf-c654-4f55-9ddd-080e079d2af8 for /initialisepaymentorder/basic
[2025-09-12 12:51:43 INF] Response has PaymentId: 83a2ce3b-9fa5-4e15-a004-06d12e44aad2
[2025-09-12 12:51:43 INF] Finished Test Execution: POrchAPI_TMVToUltracs_Valid_Creditor_Code_Return_Success
[2025-09-12 12:51:43 INF] ---------------------------------------------------



TestContext Messages:
Given a TMV to Ultracs POrch TransferRequest is created
-&gt; done: POrchAPIStepDefinitions.ConditionalPOrchTransferRequestIsCreated("TMV", "Ultracs") (0.0s)
And the Transfer Creditor Code is =@#_%,.
-&gt; done: POrchAPIStepDefinitions.WhenTheCreditorCodeIs("Transfer", "=@#_%,.") (0.0s)
And ADPS Response is Success
-&gt; done: POrchAPIStepDefinitions.SetAdpsResponse("Success") (0.0s)
And MiddleWare Response is Success
-&gt; done: POrchAPIStepDefinitions.SetMiddlewareResponse("Success") (0.0s)
When POrch Transfer API is called
-&gt; done: POrchAPIStepDefinitions.WhenPOrchAPIIsCalled("Transfer") (1.1s)
Then the request should return status code 201
-&gt; done: POrchAPIStepDefinitions.ThenTheRequestShouldReturnStatusCode(201) (0.0s)</StdOut>
      </Output>
    </UnitTestResult>
    <UnitTestResult executionId="479b76c9-88d4-4c48-b2c1-3c7553cd6b4b" testId="9458c6ec-e5a8-9efa-fa5f-996f70cbe542" testName="POrchAPI_UltracsTMV_Transfer_Invalid_Transfer_Reference_Return_Error (transfer from MR Test - 00,400,)" computerName="ip-10-130-163-171" duration="00:00:00.0071642" startTime="2025-09-12T12:52:13.8399170+12:00" endTime="2025-09-12T12:52:13.8471883+12:00" testType="13cdc9d9-ddb5-4fa4-a97d-d965ccfc6d4b" outcome="Passed" testListId="8c84fa94-04c1-424b-9868-57a2d4851a1d" relativeResultsDirectory="479b76c9-88d4-4c48-b2c1-3c7553cd6b4b">
      <Output>
        <StdOut>[2025-09-12 12:52:13 INF] Starting Test Execution: POrchAPI_UltracsTMV_Transfer_Invalid_Transfer_Reference_Return_Error:["[TransferRefValue, transfer from MR Test - 00]","[StatusCode, 400]"]
[2025-09-12 12:52:13 INF] Finished Test Execution: POrchAPI_UltracsTMV_Transfer_Invalid_Transfer_Reference_Return_Error
[2025-09-12 12:52:13 INF] ---------------------------------------------------



TestContext Messages:
Given a Ultracs to TMV POrch TransferRequest is created
-&gt; done: POrchAPIStepDefinitions.ConditionalPOrchTransferRequestIsCreated("Ultracs", "TMV") (0.0s)
And the Transfer Reference is transfer from MR Test - 00
-&gt; done: POrchAPIStepDefinitions.TheTransferReferenceIs("transfer from MR ...") (0.0s)
When POrch Transfer API is called
-&gt; done: POrchAPIStepDefinitions.WhenPOrchAPIIsCalled("Transfer") (0.0s)
Then the request should return status code 400
-&gt; done: POrchAPIStepDefinitions.ThenTheRequestShouldReturnStatusCode(400) (0.0s)</StdOut>
      </Output>
    </UnitTestResult>
    <UnitTestResult executionId="8559fc9f-7fa8-45c8-bd39-62b0d32cdd61" testId="eebc9ed1-f2e7-45fc-4115-381dd920666a" testName="POrchAPI_TMVToUltracs_Valid_Debtor_Code_Return_Success (()+$*!;-/?:,201,)" computerName="ip-10-130-163-171" duration="00:00:01.0935663" startTime="2025-09-12T12:51:38.9888825+12:00" endTime="2025-09-12T12:51:40.0826017+12:00" testType="13cdc9d9-ddb5-4fa4-a97d-d965ccfc6d4b" outcome="Passed" testListId="8c84fa94-04c1-424b-9868-57a2d4851a1d" relativeResultsDirectory="8559fc9f-7fa8-45c8-bd39-62b0d32cdd61">
      <Output>
        <StdOut>[2025-09-12 12:51:38 INF] Starting Test Execution: POrchAPI_TMVToUltracs_Valid_Debtor_Code_Return_Success:["[DebtorCodeValue, ()+$*!;-/?:]","[StatusCode, 201]"]
[2025-09-12 12:51:38 INF] Mocks are not ready after 1 / 5 attempt(s). Expected 2 mock(s) to be registered with the manager and got 0.
[2025-09-12 12:51:38 INF] Successfully created map AdpsMock_Success_6aebbdbb-a0de-4b73-9b56-03754e9c905c for /api/v1/payment-instruction/domestic/immediate
[2025-09-12 12:51:38 INF] Successfully created map MiddlewareMock_Success_b47e6b2e-0399-43b8-80e4-1113ff15a1cf for /initialisepaymentorder/basic
[2025-09-12 12:51:40 INF] Response has PaymentId: 465b5ee0-e213-468b-9198-5acfa817ccd5
[2025-09-12 12:51:40 INF] Finished Test Execution: POrchAPI_TMVToUltracs_Valid_Debtor_Code_Return_Success
[2025-09-12 12:51:40 INF] ---------------------------------------------------



TestContext Messages:
Given a TMV to Ultracs POrch TransferRequest is created
-&gt; done: POrchAPIStepDefinitions.ConditionalPOrchTransferRequestIsCreated("TMV", "Ultracs") (0.0s)
And the Transfer Debtor Code is ()+$*!;-/?:
-&gt; done: POrchAPIStepDefinitions.WhenTheDebtorCodeIs("Transfer", "()+$*!;-/?:") (0.0s)
And ADPS Response is Success
-&gt; done: POrchAPIStepDefinitions.SetAdpsResponse("Success") (0.0s)
And MiddleWare Response is Success
-&gt; done: POrchAPIStepDefinitions.SetMiddlewareResponse("Success") (0.0s)
When POrch Transfer API is called
-&gt; done: POrchAPIStepDefinitions.WhenPOrchAPIIsCalled("Transfer") (1.1s)
Then the request should return status code 201
-&gt; done: POrchAPIStepDefinitions.ThenTheRequestShouldReturnStatusCode(201) (0.0s)</StdOut>
      </Output>
    </UnitTestResult>
    <UnitTestResult executionId="bca192e7-5c8d-404c-987d-21c3a7d41285" testId="0b2452c9-3768-d7b0-b1d6-1659f9a1efa7" testName="POrchAPI_Valid_Creditor_Reference_Return_Success (=@#_%,.,201,)" computerName="ip-10-130-163-171" duration="00:00:01.0779101" startTime="2025-09-12T12:49:57.0290733+12:00" endTime="2025-09-12T12:49:58.1071953+12:00" testType="13cdc9d9-ddb5-4fa4-a97d-d965ccfc6d4b" outcome="Passed" testListId="8c84fa94-04c1-424b-9868-57a2d4851a1d" relativeResultsDirectory="bca192e7-5c8d-404c-987d-21c3a7d41285">
      <Output>
        <StdOut>[2025-09-12 12:49:57 INF] Starting Test Execution: POrchAPI_Valid_Creditor_Reference_Return_Success:["[CreditorReferenceValue, =@#_%,.]","[StatusCode, 201]"]
[2025-09-12 12:49:57 INF] Mocks are not ready after 1 / 5 attempt(s). Expected 2 mock(s) to be registered with the manager and got 0.
[2025-09-12 12:49:57 INF] Successfully created map FraudcheckMock_Authorize_fd6e85c0-fa32-4e0a-830c-fa7a057b58bc for /api/v1/financial-transaction-fraud-checks
[2025-09-12 12:49:57 INF] Successfully created map MiddlewareMock_Success_1bc8d185-e5f2-4197-bb94-d72b606c18dc for /initialisepaymentorder/basic
[2025-09-12 12:49:58 INF] Response has PaymentId: e056869d-9f2f-44ed-8a73-543a7ac47c53
[2025-09-12 12:49:58 INF] Finished Test Execution: POrchAPI_Valid_Creditor_Reference_Return_Success
[2025-09-12 12:49:58 INF] ---------------------------------------------------



TestContext Messages:
Given a POrch PaymentRequest is created
-&gt; done: POrchAPIStepDefinitions.GivenAPOrchPaymentRequestIsCreated() (0.0s)
And the Payment Creditor Reference is =@#_%,.
-&gt; done: POrchAPIStepDefinitions.WhenTheCreditorReferenceIs("Payment", "=@#_%,.") (0.0s)
And FraudCheck Response is Authorize
-&gt; done: POrchAPIStepDefinitions.SetFraudCheckResponse("Authorize") (0.0s)
And MiddleWare Response is Success
-&gt; done: POrchAPIStepDefinitions.SetMiddlewareResponse("Success") (0.0s)
When POrch Payment API is called
-&gt; done: POrchAPIStepDefinitions.WhenPOrchAPIIsCalled("Payment") (1.1s)
Then the request should return status code 201
-&gt; done: POrchAPIStepDefinitions.ThenTheRequestShouldReturnStatusCode(201) (0.0s)</StdOut>
      </Output>
    </UnitTestResult>
    <UnitTestResult executionId="b747a449-8875-435f-9595-b49daaed6d94" testId="682d9c8c-0c1a-75fd-a1d2-d379a05c7ce3" testName="POrchAPI_Other_Middleware_Responses_Do_Not_Retry (AccountNumberIsInvalidForTransactionTypeError,409,)" computerName="ip-10-130-163-171" duration="00:00:01.0795812" startTime="2025-09-12T12:51:16.2597360+12:00" endTime="2025-09-12T12:51:17.3394696+12:00" testType="13cdc9d9-ddb5-4fa4-a97d-d965ccfc6d4b" outcome="Passed" testListId="8c84fa94-04c1-424b-9868-57a2d4851a1d" relativeResultsDirectory="b747a449-8875-435f-9595-b49daaed6d94">
      <Output>
        <StdOut>[2025-09-12 12:51:16 INF] Starting Test Execution: POrchAPI_Other_Middleware_Responses_Do_Not_Retry:["[Response, AccountNumberIsInvalidForTransactionTypeError]","[StatusCode, 409]"]
[2025-09-12 12:51:16 INF] Mocks are not ready after 1 / 5 attempt(s). Expected 3 mock(s) to be registered with the manager and got 0.
[2025-09-12 12:51:16 INF] Successfully created map FraudcheckMock_Authorize_fc3e9fde-dde0-4fbb-97d6-ba16eac9ce91 for /api/v1/financial-transaction-fraud-checks
[2025-09-12 12:51:16 INF] Successfully created map MiddlewareFailure_AccountNumberIsInvalidForTransactionTypeError_b2bee4a2-c234-419b-bb46-1e289b60a642_1 for /initialisepaymentorder/basic
[2025-09-12 12:51:16 INF] Successfully created map MiddlewareSuccess_5d8f6af9-026c-4d24-b646-7f3881e80719 for /initialisepaymentorder/basic
[2025-09-12 12:51:17 INF] Response has PaymentId: b22f96f0-6bac-4c19-bf64-623058ca1dd7
[2025-09-12 12:51:17 INF] Finished Test Execution: POrchAPI_Other_Middleware_Responses_Do_Not_Retry
[2025-09-12 12:51:17 INF] ---------------------------------------------------



TestContext Messages:
Given a POrch PaymentRequest is created
-&gt; done: POrchAPIStepDefinitions.GivenAPOrchPaymentRequestIsCreated() (0.0s)
And the credit Account is 389300099302202
-&gt; done: POrchAPIStepDefinitions.WhenTheCreditAccountIs("389300099302202") (0.0s)
And FraudCheck Response is Authorize
-&gt; done: POrchAPIStepDefinitions.SetFraudCheckResponse("Authorize") (0.0s)
And the Middleware responses will be AccountNumberIsInvalidForTransactionTypeError then 201
-&gt; done: POrchAPIStepDefinitions.GivenTheMiddlewareResponsesWillBe("AccountNumberIsIn...") (0.0s)
When POrch Payment API is called
-&gt; done: POrchAPIStepDefinitions.WhenPOrchAPIIsCalled("Payment") (1.1s)
Then the request should return status code 409
-&gt; done: POrchAPIStepDefinitions.ThenTheRequestShouldReturnStatusCode(409) (0.0s)</StdOut>
      </Output>
    </UnitTestResult>
    <UnitTestResult executionId="3d6ff6e1-0f73-4895-b77c-6ecdaa00feb8" testId="8dc1d0ae-0d54-54ca-643f-2bdcb01eb030" testName="POrchAPI_Negative_FraudCheck_Success_Middleware_Response (Unknown,201,)" computerName="ip-10-130-163-171" duration="00:00:01.0666528" startTime="2025-09-12T12:50:17.6651408+12:00" endTime="2025-09-12T12:50:18.7319914+12:00" testType="13cdc9d9-ddb5-4fa4-a97d-d965ccfc6d4b" outcome="Passed" testListId="8c84fa94-04c1-424b-9868-57a2d4851a1d" relativeResultsDirectory="3d6ff6e1-0f73-4895-b77c-6ecdaa00feb8">
      <Output>
        <StdOut>[2025-09-12 12:50:17 INF] Starting Test Execution: POrchAPI_Negative_FraudCheck_Success_Middleware_Response:["[Result, Unknown]","[StatusCode, 201]"]
[2025-09-12 12:50:17 INF] Mocks are not ready after 1 / 5 attempt(s). Expected 3 mock(s) to be registered with the manager and got 0.
[2025-09-12 12:50:17 INF] Successfully created map FraudcheckMock_Unknown_a583f4a4-62ff-4d6d-a774-317a8188398f for /api/v1/financial-transaction-fraud-checks
[2025-09-12 12:50:17 INF] Successfully created map MiddlewareMock_Success_fd4145ff-53d9-4263-8902-822cbe5e6c2e for /initialisepaymentorder/basic
[2025-09-12 12:50:17 INF] Successfully created map PartyActivityServiceMock_Created_8c18b409-e6f7-4cf7-ba2a-71077cc9c770 for /v2/activities
[2025-09-12 12:50:18 INF] Response has PaymentId: 2f2a0226-d2fd-432a-83e8-058aec45cd3e
[2025-09-12 12:50:18 INF] Finished Test Execution: POrchAPI_Negative_FraudCheck_Success_Middleware_Response
[2025-09-12 12:50:18 INF] ---------------------------------------------------



TestContext Messages:
Given a POrch PaymentRequest is created
-&gt; done: POrchAPIStepDefinitions.GivenAPOrchPaymentRequestIsCreated() (0.0s)
And FraudCheck Response is Unknown
-&gt; done: POrchAPIStepDefinitions.SetFraudCheckResponse("Unknown") (0.0s)
And MiddleWare Response is Success
-&gt; done: POrchAPIStepDefinitions.SetMiddlewareResponse("Success") (0.0s)
And the PAS response is Created
-&gt; done: POrchAPIStepDefinitions.ThePasResponseIs("Created") (0.0s)
When POrch Payment API is called
-&gt; done: POrchAPIStepDefinitions.WhenPOrchAPIIsCalled("Payment") (1.1s)
Then the request should return status code 201
-&gt; done: POrchAPIStepDefinitions.ThenTheRequestShouldReturnStatusCode(201) (0.0s)</StdOut>
      </Output>
    </UnitTestResult>
    <UnitTestResult executionId="5c30bd98-6748-4813-910d-ba8af75c2688" testId="75c9d967-90eb-dc3b-3504-20fd3872b6a3" testName="POrchAPI_Transfer_Invalid_Creditor_Account_Source_Return_Error (ULTRCS,400,'CreditorAccountSource' can only be Ultracs or TMV for transfers.,)" computerName="ip-10-130-163-171" duration="00:00:00.0085571" startTime="2025-09-12T12:52:13.7901191+12:00" endTime="2025-09-12T12:52:13.7988075+12:00" testType="13cdc9d9-ddb5-4fa4-a97d-d965ccfc6d4b" outcome="Passed" testListId="8c84fa94-04c1-424b-9868-57a2d4851a1d" relativeResultsDirectory="5c30bd98-6748-4813-910d-ba8af75c2688">
      <Output>
        <StdOut>[2025-09-12 12:52:13 INF] Starting Test Execution: POrchAPI_Transfer_Invalid_Creditor_Account_Source_Return_Error:["[AccountSource, ULTRCS]","[StatusCode, 400]","[ErrorMessage, 'CreditorAccountSource' can only be Ultracs or TMV for transfers.]"]
[2025-09-12 12:52:13 INF] Finished Test Execution: POrchAPI_Transfer_Invalid_Creditor_Account_Source_Return_Error
[2025-09-12 12:52:13 INF] ---------------------------------------------------



TestContext Messages:
Given a POrch TransferRequest is created
-&gt; done: POrchAPIStepDefinitions.GivenAPOrchTransferRequestIsCreated() (0.0s)
And the transfer Creditor Account Source is ULTRCS
-&gt; done: POrchAPIStepDefinitions.GivenTheTransferCreditorAccountSourceIs("ULTRCS") (0.0s)
When POrch Transfer API is called
-&gt; done: POrchAPIStepDefinitions.WhenPOrchAPIIsCalled("Transfer") (0.0s)
Then the request should return status code 400
-&gt; done: POrchAPIStepDefinitions.ThenTheRequestShouldReturnStatusCode(400) (0.0s)
And the error message should be 'CreditorAccountSource' can only be Ultracs or TMV for transfers.
-&gt; done: POrchAPIStepDefinitions.ThenTheErrorMessageShouldBeErrorMessage("'CreditorAccountS...") (0.0s)</StdOut>
      </Output>
    </UnitTestResult>
    <UnitTestResult executionId="1ba6313c-9b3f-4beb-b6d1-db4a5204e9af" testId="42a3bc4d-02bc-8094-0907-2e9fbb08778b" testName="POrchAPI_TMVToTMV_Valid_Debtor_Code_Return_Success (()+$*!;-/?:,201,)" computerName="ip-10-130-163-171" duration="00:00:01.0700433" startTime="2025-09-12T12:51:24.9343049+12:00" endTime="2025-09-12T12:51:26.0045235+12:00" testType="13cdc9d9-ddb5-4fa4-a97d-d965ccfc6d4b" outcome="Passed" testListId="8c84fa94-04c1-424b-9868-57a2d4851a1d" relativeResultsDirectory="1ba6313c-9b3f-4beb-b6d1-db4a5204e9af">
      <Output>
        <StdOut>[2025-09-12 12:51:24 INF] Starting Test Execution: POrchAPI_TMVToTMV_Valid_Debtor_Code_Return_Success:["[DebtorCodeValue, ()+$*!;-/?:]","[StatusCode, 201]"]
[2025-09-12 12:51:24 INF] Mocks are not ready after 1 / 5 attempt(s). Expected 1 mock(s) to be registered with the manager and got 0.
[2025-09-12 12:51:24 INF] Successfully created map AdpsMock_Success_4eedc82a-d3f9-4b50-907c-96fe9c8b8f0c for /api/v1/payment-instruction/domestic/immediate
[2025-09-12 12:51:26 INF] Response has PaymentId: 7fdc2c82-3f0f-445f-9835-ec4b61d51f87
[2025-09-12 12:51:26 INF] Finished Test Execution: POrchAPI_TMVToTMV_Valid_Debtor_Code_Return_Success
[2025-09-12 12:51:26 INF] ---------------------------------------------------



TestContext Messages:
Given a TMV to TMV POrch TransferRequest is created
-&gt; done: POrchAPIStepDefinitions.ConditionalPOrchTransferRequestIsCreated("TMV", "TMV") (0.0s)
And the Transfer Debtor Code is ()+$*!;-/?:
-&gt; done: POrchAPIStepDefinitions.WhenTheDebtorCodeIs("Transfer", "()+$*!;-/?:") (0.0s)
And ADPS Response is Success
-&gt; done: POrchAPIStepDefinitions.SetAdpsResponse("Success") (0.0s)
When POrch Transfer API is called
-&gt; done: POrchAPIStepDefinitions.WhenPOrchAPIIsCalled("Transfer") (1.1s)
Then the request should return status code 201
-&gt; done: POrchAPIStepDefinitions.ThenTheRequestShouldReturnStatusCode(201) (0.0s)</StdOut>
      </Output>
    </UnitTestResult>
    <UnitTestResult executionId="f3190d77-0c81-4f3d-a1e7-e80b306fb118" testId="adf1aabf-ee1c-1eb6-cb0b-7dfcdb73cc2e" testName="POrchAPI_Negative_FraudCheck_Response_Insufficient_Middleware_409 (Hold,409,)" computerName="ip-10-130-163-171" duration="00:00:01.0777077" startTime="2025-09-12T12:50:25.1893679+12:00" endTime="2025-09-12T12:50:26.2672818+12:00" testType="13cdc9d9-ddb5-4fa4-a97d-d965ccfc6d4b" outcome="Passed" testListId="8c84fa94-04c1-424b-9868-57a2d4851a1d" relativeResultsDirectory="f3190d77-0c81-4f3d-a1e7-e80b306fb118">
      <Output>
        <StdOut>[2025-09-12 12:50:25 INF] Starting Test Execution: POrchAPI_Negative_FraudCheck_Response_Insufficient_Middleware_409:["[Result, Hold]","[StatusCode, 409]"]
[2025-09-12 12:50:25 INF] Mocks are not ready after 1 / 5 attempt(s). Expected 3 mock(s) to be registered with the manager and got 0.
[2025-09-12 12:50:25 INF] Successfully created map FraudcheckMock_Hold_5422b693-5e8a-45b4-a18e-76ba54b09be5 for /api/v1/financial-transaction-fraud-checks
[2025-09-12 12:50:25 INF] Successfully created map PartyActivityServiceMock_Created_f2881024-63a5-4209-afd9-8e9112dd4c27 for /v2/activities
[2025-09-12 12:50:25 INF] Successfully created map MiddlewareMock_FrozenError_750bdae1-881c-4d2f-99c0-a2050c7af03e for /initialisepaymentorder/basic
[2025-09-12 12:50:26 INF] Response has PaymentId: 8db7a001-4168-420a-8642-2265ba5101bf
[2025-09-12 12:50:26 INF] Finished Test Execution: POrchAPI_Negative_FraudCheck_Response_Insufficient_Middleware_409
[2025-09-12 12:50:26 INF] ---------------------------------------------------



TestContext Messages:
Given a POrch PaymentRequest is created
-&gt; done: POrchAPIStepDefinitions.GivenAPOrchPaymentRequestIsCreated() (0.0s)
And FraudCheck Response is Hold
-&gt; done: POrchAPIStepDefinitions.SetFraudCheckResponse("Hold") (0.0s)
And MiddleWare Response is FrozenError
-&gt; done: POrchAPIStepDefinitions.SetMiddlewareResponse("FrozenError") (0.0s)
And the PAS response is Created
-&gt; done: POrchAPIStepDefinitions.ThePasResponseIs("Created") (0.0s)
When POrch Payment API is called
-&gt; done: POrchAPIStepDefinitions.WhenPOrchAPIIsCalled("Payment") (1.1s)
Then the request should return status code 409
-&gt; done: POrchAPIStepDefinitions.ThenTheRequestShouldReturnStatusCode(409) (0.0s)</StdOut>
      </Output>
    </UnitTestResult>
    <UnitTestResult executionId="7d16bfb8-805e-4140-82a5-290d3ad2adaa" testId="f644defc-09e1-a2b2-0b72-6e70140be709" testName="POrchAPI_Invalid_PAS_Response_Doesnt_Affect_POrch_Result (401,,)" computerName="ip-10-130-163-171" duration="00:00:01.0932044" startTime="2025-09-12T12:50:35.4422987+12:00" endTime="2025-09-12T12:50:36.5357246+12:00" testType="13cdc9d9-ddb5-4fa4-a97d-d965ccfc6d4b" outcome="Passed" testListId="8c84fa94-04c1-424b-9868-57a2d4851a1d" relativeResultsDirectory="7d16bfb8-805e-4140-82a5-290d3ad2adaa">
      <Output>
        <StdOut>[2025-09-12 12:50:35 INF] Starting Test Execution: POrchAPI_Invalid_PAS_Response_Doesn't_Affect_POrch_Result:["[PASResponse, 401]"]
[2025-09-12 12:50:35 INF] Mocks are not ready after 1 / 5 attempt(s). Expected 3 mock(s) to be registered with the manager and got 0.
[2025-09-12 12:50:35 INF] Successfully created map FraudcheckMock_Decline_dabaca7d-4889-4b6d-b345-ad5a406196d6 for /api/v1/financial-transaction-fraud-checks
[2025-09-12 12:50:35 INF] Successfully created map PartyActivityServiceMock_401_6bd22d10-aaef-4738-85e8-20abf58cc833 for /v2/activities
[2025-09-12 12:50:35 INF] Successfully created map MiddlewareMock_FrozenError_4e9075fe-b194-446f-8a30-f646cf48c821 for /initialisepaymentorder/basic
[2025-09-12 12:50:36 INF] Response has PaymentId: d47e23fb-023d-4687-b939-cc97cf530e06
[2025-09-12 12:50:36 INF] Finished Test Execution: POrchAPI_Invalid_PAS_Response_Doesn't_Affect_POrch_Result
[2025-09-12 12:50:36 INF] ---------------------------------------------------



TestContext Messages:
Given a POrch PaymentRequest is created
-&gt; done: POrchAPIStepDefinitions.GivenAPOrchPaymentRequestIsCreated() (0.0s)
And FraudCheck Response is Decline
-&gt; done: POrchAPIStepDefinitions.SetFraudCheckResponse("Decline") (0.0s)
And MiddleWare Response is FrozenError
-&gt; done: POrchAPIStepDefinitions.SetMiddlewareResponse("FrozenError") (0.0s)
And the PAS response is 401
-&gt; done: POrchAPIStepDefinitions.ThePasResponseIs("401") (0.0s)
When POrch Payment API is called
-&gt; done: POrchAPIStepDefinitions.WhenPOrchAPIIsCalled("Payment") (1.1s)
Then the request should return status code 409
-&gt; done: POrchAPIStepDefinitions.ThenTheRequestShouldReturnStatusCode(409) (0.0s)</StdOut>
      </Output>
    </UnitTestResult>
    <UnitTestResult executionId="11602913-01a0-4be4-8e71-1027093d6dd9" testId="53b6770d-123b-c33a-2e83-ccd7b92d6331" testName="POrchAPI_Invalid_Creditor_Particulars_Return_Error (abcdefghijklmnsey,400,)" computerName="ip-10-130-163-171" duration="00:00:00.0095363" startTime="2025-09-12T12:50:37.8124285+12:00" endTime="2025-09-12T12:50:37.8220941+12:00" testType="13cdc9d9-ddb5-4fa4-a97d-d965ccfc6d4b" outcome="Passed" testListId="8c84fa94-04c1-424b-9868-57a2d4851a1d" relativeResultsDirectory="11602913-01a0-4be4-8e71-1027093d6dd9">
      <Output>
        <StdOut>[2025-09-12 12:50:37 INF] Starting Test Execution: POrchAPI_Invalid_Creditor_Particulars_Return_Error:["[PayeeParticularsValue, abcdefghijklmnsey]","[StatusCode, 400]"]
[2025-09-12 12:50:37 INF] Finished Test Execution: POrchAPI_Invalid_Creditor_Particulars_Return_Error
[2025-09-12 12:50:37 INF] ---------------------------------------------------



TestContext Messages:
Given a POrch PaymentRequest is created
-&gt; done: POrchAPIStepDefinitions.GivenAPOrchPaymentRequestIsCreated() (0.0s)
And the Payment Creditor particulars is abcdefghijklmnsey
-&gt; done: POrchAPIStepDefinitions.WhenTheCreditorParticularsIs("Payment", "abcdefghijklmnsey") (0.0s)
When POrch Payment API is called
-&gt; done: POrchAPIStepDefinitions.WhenPOrchAPIIsCalled("Payment") (0.0s)
Then the request should return status code 400
-&gt; done: POrchAPIStepDefinitions.ThenTheRequestShouldReturnStatusCode(400) (0.0s)</StdOut>
      </Output>
    </UnitTestResult>
    <UnitTestResult executionId="384f1294-ce14-4227-a398-d1a0a79484da" testId="5f5c9022-b4ac-a4d0-1be9-5e586da98280" testName="POrchAPI_TMVToTMV_Valid_Creditor_Code_Return_Success (()+$*!;-/?:,201,)" computerName="ip-10-130-163-171" duration="00:00:01.0693548" startTime="2025-09-12T12:51:27.0811019+12:00" endTime="2025-09-12T12:51:28.1506072+12:00" testType="13cdc9d9-ddb5-4fa4-a97d-d965ccfc6d4b" outcome="Passed" testListId="8c84fa94-04c1-424b-9868-57a2d4851a1d" relativeResultsDirectory="384f1294-ce14-4227-a398-d1a0a79484da">
      <Output>
        <StdOut>[2025-09-12 12:51:27 INF] Starting Test Execution: POrchAPI_TMVToTMV_Valid_Creditor_Code_Return_Success:["[CreditorCodeValue, ()+$*!;-/?:]","[StatusCode, 201]"]
[2025-09-12 12:51:27 INF] Mocks are not ready after 1 / 5 attempt(s). Expected 1 mock(s) to be registered with the manager and got 0.
[2025-09-12 12:51:27 INF] Successfully created map AdpsMock_Success_f20b7837-4cdd-4326-8361-c1b40739582e for /api/v1/payment-instruction/domestic/immediate
[2025-09-12 12:51:28 INF] Response has PaymentId: 569a61a2-ea72-41c9-b209-b6956601fa95
[2025-09-12 12:51:28 INF] Finished Test Execution: POrchAPI_TMVToTMV_Valid_Creditor_Code_Return_Success
[2025-09-12 12:51:28 INF] ---------------------------------------------------



TestContext Messages:
Given a TMV to TMV POrch TransferRequest is created
-&gt; done: POrchAPIStepDefinitions.ConditionalPOrchTransferRequestIsCreated("TMV", "TMV") (0.0s)
And the Transfer Creditor Code is ()+$*!;-/?:
-&gt; done: POrchAPIStepDefinitions.WhenTheCreditorCodeIs("Transfer", "()+$*!;-/?:") (0.0s)
And ADPS Response is Success
-&gt; done: POrchAPIStepDefinitions.SetAdpsResponse("Success") (0.0s)
When POrch Transfer API is called
-&gt; done: POrchAPIStepDefinitions.WhenPOrchAPIIsCalled("Transfer") (1.1s)
Then the request should return status code 201
-&gt; done: POrchAPIStepDefinitions.ThenTheRequestShouldReturnStatusCode(201) (0.0s)</StdOut>
      </Output>
    </UnitTestResult>
    <UnitTestResult executionId="86672372-cd1a-4a96-aaaa-7eabe10e8cfe" testId="250ddffa-5865-dc85-3782-1d123181032f" testName="POrchAPI_UltracsToTMV_Valid_Creditor_Particulars_Return_Success (=@#_%,.,201,)" computerName="ip-10-130-163-171" duration="00:00:01.0945830" startTime="2025-09-12T12:51:54.2494549+12:00" endTime="2025-09-12T12:51:55.3441717+12:00" testType="13cdc9d9-ddb5-4fa4-a97d-d965ccfc6d4b" outcome="Passed" testListId="8c84fa94-04c1-424b-9868-57a2d4851a1d" relativeResultsDirectory="86672372-cd1a-4a96-aaaa-7eabe10e8cfe">
      <Output>
        <StdOut>[2025-09-12 12:51:54 INF] Starting Test Execution: POrchAPI_UltracsToTMV_Valid_Creditor_Particulars_Return_Success:["[CreditorParticularsValue, =@#_%,.]","[StatusCode, 201]"]
[2025-09-12 12:51:54 INF] Mocks are not ready after 1 / 5 attempt(s). Expected 2 mock(s) to be registered with the manager and got 0.
[2025-09-12 12:51:54 INF] Successfully created map AdpsMock_Success_c540a45d-c799-447b-b341-ec04bc95f33e for /api/v1/payment-instruction/domestic/immediate
[2025-09-12 12:51:54 INF] Successfully created map MiddlewareMock_Success_0176d810-9958-4b1d-a978-ff4401edd72b for /initialisepaymentorder/basic
[2025-09-12 12:51:55 INF] Response has PaymentId: 3f0d489a-0d8b-4d38-8fec-c090b8fd67bc
[2025-09-12 12:51:55 INF] Finished Test Execution: POrchAPI_UltracsToTMV_Valid_Creditor_Particulars_Return_Success
[2025-09-12 12:51:55 INF] ---------------------------------------------------



TestContext Messages:
Given a Ultracs to TMV POrch TransferRequest is created
-&gt; done: POrchAPIStepDefinitions.ConditionalPOrchTransferRequestIsCreated("Ultracs", "TMV") (0.0s)
And the Transfer Creditor particulars is =@#_%,.
-&gt; done: POrchAPIStepDefinitions.WhenTheCreditorParticularsIs("Transfer", "=@#_%,.") (0.0s)
And ADPS Response is Success
-&gt; done: POrchAPIStepDefinitions.SetAdpsResponse("Success") (0.0s)
And MiddleWare Response is Success
-&gt; done: POrchAPIStepDefinitions.SetMiddlewareResponse("Success") (0.0s)
When POrch Transfer API is called
-&gt; done: POrchAPIStepDefinitions.WhenPOrchAPIIsCalled("Transfer") (1.1s)
Then the request should return status code 201
-&gt; done: POrchAPIStepDefinitions.ThenTheRequestShouldReturnStatusCode(201) (0.0s)</StdOut>
      </Output>
    </UnitTestResult>
    <UnitTestResult executionId="4f7095e0-9109-4140-b83b-3dfa4e77627a" testId="e6a694f9-d3f0-9a3a-82cb-9c48c0d4fe95" testName="POrchAPI_Negative_MiddleWare_Response_409 (ClosedAccountError,409,)" computerName="ip-10-130-163-171" duration="00:00:01.0765099" startTime="2025-09-12T12:50:01.3977370+12:00" endTime="2025-09-12T12:50:02.4744610+12:00" testType="13cdc9d9-ddb5-4fa4-a97d-d965ccfc6d4b" outcome="Passed" testListId="8c84fa94-04c1-424b-9868-57a2d4851a1d" relativeResultsDirectory="4f7095e0-9109-4140-b83b-3dfa4e77627a">
      <Output>
        <StdOut>[2025-09-12 12:50:01 INF] Starting Test Execution: POrchAPI_Negative_MiddleWare_Response_409:["[Result, ClosedAccountError]","[StatusCode, 409]"]
[2025-09-12 12:50:01 INF] Mocks are not ready after 1 / 5 attempt(s). Expected 2 mock(s) to be registered with the manager and got 0.
[2025-09-12 12:50:01 INF] Successfully created map FraudcheckMock_Authorize_84e6b12d-3be8-4702-8fce-578966f6b5eb for /api/v1/financial-transaction-fraud-checks
[2025-09-12 12:50:01 INF] Successfully created map MiddlewareMock_ClosedAccountError_5f3b776e-90e5-41a5-8f69-38fe18dc2c7b for /initialisepaymentorder/basic
[2025-09-12 12:50:02 INF] Response has PaymentId: f263e149-c37e-4c0a-a5df-7b91a1d05807
[2025-09-12 12:50:02 INF] Finished Test Execution: POrchAPI_Negative_MiddleWare_Response_409
[2025-09-12 12:50:02 INF] ---------------------------------------------------



TestContext Messages:
Given a POrch PaymentRequest is created
-&gt; done: POrchAPIStepDefinitions.GivenAPOrchPaymentRequestIsCreated() (0.0s)
And FraudCheck Response is Authorize
-&gt; done: POrchAPIStepDefinitions.SetFraudCheckResponse("Authorize") (0.0s)
And MiddleWare Response is ClosedAccountError
-&gt; done: POrchAPIStepDefinitions.SetMiddlewareResponse("ClosedAccountError") (0.0s)
When POrch Payment API is called
-&gt; done: POrchAPIStepDefinitions.WhenPOrchAPIIsCalled("Payment") (1.1s)
Then the request should return status code 409
-&gt; done: POrchAPIStepDefinitions.ThenTheRequestShouldReturnStatusCode(409) (0.0s)</StdOut>
      </Output>
    </UnitTestResult>
    <UnitTestResult executionId="bcff0e1e-5b8c-41f3-a334-aae10f2c10ec" testId="4744d4ae-2521-b24e-d5ed-700cfccee5b6" testName="POrchAPI_Various_Amounts_Return_Success_When_Below_Max (0.00,,)" computerName="ip-10-130-163-171" duration="00:00:01.1241136" startTime="2025-09-12T12:49:33.2070498+12:00" endTime="2025-09-12T12:49:34.3337943+12:00" testType="13cdc9d9-ddb5-4fa4-a97d-d965ccfc6d4b" outcome="Passed" testListId="8c84fa94-04c1-424b-9868-57a2d4851a1d" relativeResultsDirectory="bcff0e1e-5b8c-41f3-a334-aae10f2c10ec">
      <Output>
        <StdOut>[2025-09-12 12:49:33 INF] Starting Test Execution: POrchAPI_Various_Amounts_Return_Success_When_Below_Max:["[Amount, 0.00]"]
[2025-09-12 12:49:33 INF] Mocks are not ready after 1 / 5 attempt(s). Expected 2 mock(s) to be registered with the manager and got 0.
[2025-09-12 12:49:33 INF] Successfully created map FraudcheckMock_Authorize_a02cb6f4-e1ed-4dfb-b85e-ad1c71d7d574 for /api/v1/financial-transaction-fraud-checks
[2025-09-12 12:49:33 INF] Successfully created map MiddlewareMock_Success_56565173-6eef-48be-9af2-57777da64401 for /initialisepaymentorder/basic
[2025-09-12 12:49:34 INF] Response has PaymentId: 9c96ffb2-5973-4d40-8d51-54d1e82f9a3d
[2025-09-12 12:49:34 INF] Finished Test Execution: POrchAPI_Various_Amounts_Return_Success_When_Below_Max
[2025-09-12 12:49:34 INF] ---------------------------------------------------



TestContext Messages:
Given a POrch PaymentRequest is created
-&gt; done: POrchAPIStepDefinitions.GivenAPOrchPaymentRequestIsCreated() (0.0s)
And the Payment Amount Field is 0.00
-&gt; done: POrchAPIStepDefinitions.WhenTheAcountFieldIs("Payment", "0.00") (0.0s)
And FraudCheck Response is Authorize
-&gt; done: POrchAPIStepDefinitions.SetFraudCheckResponse("Authorize") (0.0s)
And MiddleWare Response is Success
-&gt; done: POrchAPIStepDefinitions.SetMiddlewareResponse("Success") (0.0s)
When POrch Payment API is called
-&gt; done: POrchAPIStepDefinitions.WhenPOrchAPIIsCalled("Payment") (1.1s)
Then the request should return status code 201
-&gt; done: POrchAPIStepDefinitions.ThenTheRequestShouldReturnStatusCode(201) (0.0s)</StdOut>
      </Output>
    </UnitTestResult>
    <UnitTestResult executionId="e7c72762-cfd0-48d4-be9f-a136b4e257d8" testId="6e13db0b-eab0-62c7-9943-5f8d6499ceec" testName="POrchAPI_PAS_Retries (408,,)" computerName="ip-10-130-163-171" duration="00:00:01.1379592" startTime="2025-09-12T12:50:44.3058166+12:00" endTime="2025-09-12T12:50:45.4439032+12:00" testType="13cdc9d9-ddb5-4fa4-a97d-d965ccfc6d4b" outcome="Passed" testListId="8c84fa94-04c1-424b-9868-57a2d4851a1d" relativeResultsDirectory="e7c72762-cfd0-48d4-be9f-a136b4e257d8">
      <Output>
        <StdOut>[2025-09-12 12:50:44 INF] Starting Test Execution: POrchAPI_PAS_Retries:["[ErrorCode, 408]"]
[2025-09-12 12:50:44 INF] Successfully created map FraudcheckMock_Decline_5787aebd-28ce-41e8-9279-ade76367c1a6 for /api/v1/financial-transaction-fraud-checks
[2025-09-12 12:50:44 INF] Successfully created map PASErrorResponse_408_883df50f-7bdd-4685-a5b6-4ce4d9b9f280_1 for /v2/activities
[2025-09-12 12:50:44 INF] Successfully created map PASSuccess_73471255-2dba-4f2b-a520-8c8e8fdce019 for /v2/activities
[2025-09-12 12:50:45 INF] Response has PaymentId: 7f6f851d-bdec-437f-b3bb-4f8d6b633491
[2025-09-12 12:50:45 INF] Finished Test Execution: POrchAPI_PAS_Retries
[2025-09-12 12:50:45 INF] ---------------------------------------------------



TestContext Messages:
Given a POrch PaymentRequest is created
-&gt; done: POrchAPIStepDefinitions.GivenAPOrchPaymentRequestIsCreated() (0.0s)
And FraudCheck Response is Decline
-&gt; done: POrchAPIStepDefinitions.SetFraudCheckResponse("Decline") (0.0s)
And the PAS mock response will return 408 then 200
-&gt; done: POrchAPIStepDefinitions.GivenThePASMockResponseWillReturnThen("408") (0.5s)
When POrch Payment API is called
-&gt; done: POrchAPIStepDefinitions.WhenPOrchAPIIsCalled("Payment") (0.6s)
Then the request should return status code 409
-&gt; done: POrchAPIStepDefinitions.ThenTheRequestShouldReturnStatusCode(409) (0.0s)
And there are 1 calls to the PASErrorResponse mock
-&gt; done: POrchAPIStepDefinitions.ThenThereAreCallsToThePasMock(1, "PASErrorResponse") (0.0s)
And there are 1 calls to the PASSuccess mock
-&gt; done: POrchAPIStepDefinitions.ThenThereAreCallsToThePasMock(1, "PASSuccess") (0.0s)</StdOut>
      </Output>
    </UnitTestResult>
    <UnitTestResult executionId="f54fdd3d-2876-44d6-a530-4b3fc2835600" testId="a7dcfefc-4bb1-7cd3-999f-cc58af315ef6" testName="POrchAPI_Other_Middleware_Responses_Do_Not_Retry (AccountDetectionFailedError,409,)" computerName="ip-10-130-163-171" duration="00:00:01.0881456" startTime="2025-09-12T12:51:11.9138368+12:00" endTime="2025-09-12T12:51:13.0021345+12:00" testType="13cdc9d9-ddb5-4fa4-a97d-d965ccfc6d4b" outcome="Passed" testListId="8c84fa94-04c1-424b-9868-57a2d4851a1d" relativeResultsDirectory="f54fdd3d-2876-44d6-a530-4b3fc2835600">
      <Output>
        <StdOut>[2025-09-12 12:51:11 INF] Starting Test Execution: POrchAPI_Other_Middleware_Responses_Do_Not_Retry:["[Response, AccountDetectionFailedError]","[StatusCode, 409]"]
[2025-09-12 12:51:11 INF] Successfully created map FraudcheckMock_Authorize_ec28a92a-1373-4826-ba6e-8fce0d179cec for /api/v1/financial-transaction-fraud-checks
[2025-09-12 12:51:11 INF] Mocks are not ready after 1 / 5 attempt(s). Expected 3 mock(s) to be registered with the manager and got 1.
[2025-09-12 12:51:11 INF] Successfully created map MiddlewareFailure_AccountDetectionFailedError_aeed1d32-7735-41c5-8601-511d0ad25688_1 for /initialisepaymentorder/basic
[2025-09-12 12:51:11 INF] Successfully created map MiddlewareSuccess_e91c23d7-244a-4614-93d7-b59a51b4652d for /initialisepaymentorder/basic
[2025-09-12 12:51:12 INF] Response has PaymentId: a3d55618-b675-475e-a515-9039246f601e
[2025-09-12 12:51:12 INF] Finished Test Execution: POrchAPI_Other_Middleware_Responses_Do_Not_Retry
[2025-09-12 12:51:12 INF] ---------------------------------------------------



TestContext Messages:
Given a POrch PaymentRequest is created
-&gt; done: POrchAPIStepDefinitions.GivenAPOrchPaymentRequestIsCreated() (0.0s)
And the credit Account is 389300099302202
-&gt; done: POrchAPIStepDefinitions.WhenTheCreditAccountIs("389300099302202") (0.0s)
And FraudCheck Response is Authorize
-&gt; done: POrchAPIStepDefinitions.SetFraudCheckResponse("Authorize") (0.0s)
And the Middleware responses will be AccountDetectionFailedError then 201
-&gt; done: POrchAPIStepDefinitions.GivenTheMiddlewareResponsesWillBe("AccountDetectionF...") (0.0s)
When POrch Payment API is called
-&gt; done: POrchAPIStepDefinitions.WhenPOrchAPIIsCalled("Payment") (1.1s)
Then the request should return status code 409
-&gt; done: POrchAPIStepDefinitions.ThenTheRequestShouldReturnStatusCode(409) (0.0s)</StdOut>
      </Output>
    </UnitTestResult>
    <UnitTestResult executionId="5eb62f83-d589-4bb3-9fdc-46d31938c970" testId="67b89cf1-9fd9-82c6-35df-146c899a8938" testName="POrchAPI_Invalid_Debtor_Particulars_Return_Error (abcdefghijklmnsey,400,)" computerName="ip-10-130-163-171" duration="00:00:00.0136485" startTime="2025-09-12T12:50:37.7826473+12:00" endTime="2025-09-12T12:50:37.7964520+12:00" testType="13cdc9d9-ddb5-4fa4-a97d-d965ccfc6d4b" outcome="Passed" testListId="8c84fa94-04c1-424b-9868-57a2d4851a1d" relativeResultsDirectory="5eb62f83-d589-4bb3-9fdc-46d31938c970">
      <Output>
        <StdOut>[2025-09-12 12:50:37 INF] Starting Test Execution: POrchAPI_Invalid_Debtor_Particulars_Return_Error:["[PayerParticularsValue, abcdefghijklmnsey]","[StatusCode, 400]"]
[2025-09-12 12:50:37 INF] Finished Test Execution: POrchAPI_Invalid_Debtor_Particulars_Return_Error
[2025-09-12 12:50:37 INF] ---------------------------------------------------



TestContext Messages:
Given a POrch PaymentRequest is created
-&gt; done: POrchAPIStepDefinitions.GivenAPOrchPaymentRequestIsCreated() (0.0s)
And the Payment Debtor particulars is abcdefghijklmnsey
-&gt; done: POrchAPIStepDefinitions.WhenTheDebtorParticularsIs("Payment", "abcdefghijklmnsey") (0.0s)
When POrch Payment API is called
-&gt; done: POrchAPIStepDefinitions.WhenPOrchAPIIsCalled("Payment") (0.0s)
Then the request should return status code 400
-&gt; done: POrchAPIStepDefinitions.ThenTheRequestShouldReturnStatusCode(400) (0.0s)</StdOut>
      </Output>
    </UnitTestResult>
    <UnitTestResult executionId="f152997d-4d94-4ade-ab41-a874529df201" testId="ae49b406-a129-4a99-756f-9445e7e0bcb8" testName="POrchAPI_Middleware_Retries_Correctly (503,201,)" computerName="ip-10-130-163-171" duration="00:00:01.1016288" startTime="2025-09-12T12:51:03.3970993+12:00" endTime="2025-09-12T12:51:04.4988680+12:00" testType="13cdc9d9-ddb5-4fa4-a97d-d965ccfc6d4b" outcome="Passed" testListId="8c84fa94-04c1-424b-9868-57a2d4851a1d" relativeResultsDirectory="f152997d-4d94-4ade-ab41-a874529df201">
      <Output>
        <StdOut>[2025-09-12 12:51:03 INF] Starting Test Execution: POrchAPI_Middleware_Retries_Correctly:["[ErrorCode, 503]","[ResponseCode, 201]"]
[2025-09-12 12:51:03 INF] Mocks are not ready after 1 / 5 attempt(s). Expected 3 mock(s) to be registered with the manager and got 0.
[2025-09-12 12:51:03 INF] Successfully created map FraudcheckMock_Authorize_9f36fe20-80fb-4985-a796-939085fad6c8 for /api/v1/financial-transaction-fraud-checks
[2025-09-12 12:51:03 INF] Successfully created map MiddlewareFailure_503_352ac093-dcec-4e33-ab9c-6a549d5254b9_1 for /initialisepaymentorder/basic
[2025-09-12 12:51:03 INF] Successfully created map MiddlewareSuccess_f1a23e51-1781-47fc-b125-a880f62845ce for /initialisepaymentorder/basic
[2025-09-12 12:51:04 INF] Response has PaymentId: 3a80d0c4-098d-4237-ad41-efded4cac3fc
[2025-09-12 12:51:04 INF] Finished Test Execution: POrchAPI_Middleware_Retries_Correctly
[2025-09-12 12:51:04 INF] ---------------------------------------------------



TestContext Messages:
Given a POrch PaymentRequest is created
-&gt; done: POrchAPIStepDefinitions.GivenAPOrchPaymentRequestIsCreated() (0.0s)
And the credit Account is 389300099302202
-&gt; done: POrchAPIStepDefinitions.WhenTheCreditAccountIs("389300099302202") (0.0s)
And FraudCheck Response is Authorize
-&gt; done: POrchAPIStepDefinitions.SetFraudCheckResponse("Authorize") (0.0s)
And the Middleware responses will be 503 then 201
-&gt; done: POrchAPIStepDefinitions.GivenTheMiddlewareResponsesWillBe("503") (0.0s)
When POrch Payment API is called
-&gt; done: POrchAPIStepDefinitions.WhenPOrchAPIIsCalled("Payment") (1.1s)
Then the request should return status code 201
-&gt; done: POrchAPIStepDefinitions.ThenTheRequestShouldReturnStatusCode(201) (0.0s)</StdOut>
      </Output>
    </UnitTestResult>
    <UnitTestResult executionId="5096b374-f393-4e85-b78d-15f77b6e9454" testId="40b05d2c-3508-4dea-d68b-5b8372859f2c" testName="POrchNRT_UnknownError_Response_From_POrch_Unsuccessful_From_NRT (PaymentNrtBadRequest,,)" computerName="ip-10-130-163-171" duration="00:00:00.0617862" startTime="2025-09-12T12:50:39.5149034+12:00" endTime="2025-09-12T12:50:39.5768623+12:00" testType="13cdc9d9-ddb5-4fa4-a97d-d965ccfc6d4b" outcome="Passed" testListId="8c84fa94-04c1-424b-9868-57a2d4851a1d" relativeResultsDirectory="5096b374-f393-4e85-b78d-15f77b6e9454">
      <Output>
        <StdOut>[2025-09-12 12:50:39 INF] Starting Test Execution: POrchNRT_UnknownError_Response_From_POrch_Unsuccessful_From_NRT:["[result, PaymentNrtBadRequest]"]
[2025-09-12 12:50:39 INF] Executed DbCommand (1ms) [Parameters=[], CommandType='Text', CommandTimeout='30']
SELECT n.id, n.attempts, n.created_at, n.payment_id, n.status, n.updated_at
FROM net.nrt_outbox AS n
WHERE n.attempts &gt;= 0
[2025-09-12 12:50:39 INF] Executed DbCommand (1ms) [Parameters=[@p0='?' (DbType = Guid)], CommandType='Text', CommandTimeout='30']
DELETE FROM net.nrt_outbox
WHERE id = @p0;
[2025-09-12 12:50:39 INF] Executed DbCommand (1ms) [Parameters=[@p0='?' (DbType = Guid), @p1='?', @p2='?' (DbType = Decimal), @p3='?' (DbType = DateTime), @p4='?', @p5='?', @p6='?', @p7='?', @p8='?' (DbType = Object), @p9='?' (DbType = Object), @p10='?', @p11='?', @p12='?', @p13='?', @p14='?' (DbType = Object), @p15='?' (DbType = Object), @p16='?' (DbType = Object), @p17='?' (DbType = DateTime), @p18='?' (DbType = Object), @p19='?' (DbType = DateTime), @p20='?' (DbType = Guid), @p21='?' (DbType = Int32), @p22='?' (DbType = DateTime), @p23='?' (DbType = Guid), @p24='?' (DbType = Object), @p25='?' (DbType = DateTime)], CommandType='Text', CommandTimeout='30']
INSERT INTO net.payment (id, access_number, amount, created_at, creditor_account_code, creditor_account_number, creditor_account_particulars, creditor_account_reference, creditor_account_source, currency, debtor_account_code, debtor_account_number, debtor_account_particulars, debtor_account_reference, debtor_account_source, fraud_check_disposition, payment_type, processed_at, status, updated_at)
VALUES (@p0, @p1, @p2, @p3, @p4, @p5, @p6, @p7, @p8, @p9, @p10, @p11, @p12, @p13, @p14, @p15, @p16, @p17, @p18, @p19);
INSERT INTO net.nrt_outbox (id, attempts, created_at, payment_id, status, updated_at)
VALUES (@p20, @p21, @p22, @p23, @p24, @p25);
[2025-09-12 12:50:39 INF] Successfully created map FraudCheckNRTMock_PaymentNrtBadRequest_9f342527-d39e-4151-b524-7685b8bae029 for /api/v1/financial-transaction-fraud-checks/b580bf7e-e390-4536-aea4-dddb8ab12159
[2025-09-12 12:50:39 INF] Executed DbCommand (1ms) [Parameters=[@__p_0='?' (DbType = Guid)], CommandType='Text', CommandTimeout='30']
SELECT n.id, n.attempts, n.created_at, n.payment_id, n.status, n.updated_at
FROM net.nrt_outbox AS n
WHERE n.id = @__p_0
LIMIT 1
[2025-09-12 12:50:39 INF] Finished Test Execution: POrchNRT_UnknownError_Response_From_POrch_Unsuccessful_From_NRT
[2025-09-12 12:50:39 INF] ---------------------------------------------------



TestContext Messages:
Given The NRT table is clean
-&gt; done: POrchAPIStepDefinitions.GivenTheNrtTableIsClean() (0.0s)
And there is an NRT entry with payment Unknown to process
-&gt; done: POrchAPIStepDefinitions.GivenThereIsAnNrtEntryToProcess("Unknown") (0.0s)
And the NRT entry should be processed with PaymentNrtBadRequest
-&gt; done: POrchAPIStepDefinitions.GivenTheNrtEntryShouldBeProcessedWithUnsuccessfulResult("PaymentNrtBadRequest") (0.0s)
When the NRT Processor Has Run for at most 1 entry
-&gt; done: POrchAPIStepDefinitions.WhenTheNrtProcessorHasRunForAtMostXEntry(1) (0.0s)
Then the NRT entry has status NotSent
-&gt; done: POrchAPIStepDefinitions.ThenTheNrtEntryHasStatus("NotSent") (0.0s)</StdOut>
      </Output>
    </UnitTestResult>
    <UnitTestResult executionId="674aaf81-6700-498c-be4b-7079f42b6a61" testId="67e37726-eab6-6c29-52b6-70f881dce15b" testName="POrchAPI_Transfer_Invalid_Debtor_Reference_Return_Error (},400,)" computerName="ip-10-130-163-171" duration="00:00:00.0095902" startTime="2025-09-12T12:52:13.7260181+12:00" endTime="2025-09-12T12:52:13.7357518+12:00" testType="13cdc9d9-ddb5-4fa4-a97d-d965ccfc6d4b" outcome="Passed" testListId="8c84fa94-04c1-424b-9868-57a2d4851a1d" relativeResultsDirectory="674aaf81-6700-498c-be4b-7079f42b6a61">
      <Output>
        <StdOut>[2025-09-12 12:52:13 INF] Starting Test Execution: POrchAPI_Transfer_Invalid_Debtor_Reference_Return_Error:["[DebtorReferenceValue, }]","[StatusCode, 400]"]
[2025-09-12 12:52:13 INF] Finished Test Execution: POrchAPI_Transfer_Invalid_Debtor_Reference_Return_Error
[2025-09-12 12:52:13 INF] ---------------------------------------------------



TestContext Messages:
Given a POrch TransferRequest is created
-&gt; done: POrchAPIStepDefinitions.GivenAPOrchTransferRequestIsCreated() (0.0s)
And the Transfer Debtor Reference is }
-&gt; done: POrchAPIStepDefinitions.WhenTheDebtorReferenceIs("Transfer", "}") (0.0s)
When POrch Transfer API is called
-&gt; done: POrchAPIStepDefinitions.WhenPOrchAPIIsCalled("Transfer") (0.0s)
Then the request should return status code 400
-&gt; done: POrchAPIStepDefinitions.ThenTheRequestShouldReturnStatusCode(400) (0.0s)</StdOut>
      </Output>
    </UnitTestResult>
    <UnitTestResult executionId="56ebf961-2884-472a-aaed-70496aca085f" testId="3d6e4665-1829-641c-4861-4af62b7a71a9" testName="POrchAPI_Invalid_Creditor_Reference_Return_Error (\,400,)" computerName="ip-10-130-163-171" duration="00:00:00.0093250" startTime="2025-09-12T12:50:37.9217221+12:00" endTime="2025-09-12T12:50:37.9312141+12:00" testType="13cdc9d9-ddb5-4fa4-a97d-d965ccfc6d4b" outcome="Passed" testListId="8c84fa94-04c1-424b-9868-57a2d4851a1d" relativeResultsDirectory="56ebf961-2884-472a-aaed-70496aca085f">
      <Output>
        <StdOut>[2025-09-12 12:50:37 INF] Starting Test Execution: POrchAPI_Invalid_Creditor_Reference_Return_Error:["[CreditorReferenceValue, \\]","[StatusCode, 400]"]
[2025-09-12 12:50:37 INF] Finished Test Execution: POrchAPI_Invalid_Creditor_Reference_Return_Error
[2025-09-12 12:50:37 INF] ---------------------------------------------------



TestContext Messages:
Given a POrch PaymentRequest is created
-&gt; done: POrchAPIStepDefinitions.GivenAPOrchPaymentRequestIsCreated() (0.0s)
And the Payment Creditor Reference is \
-&gt; done: POrchAPIStepDefinitions.WhenTheCreditorReferenceIs("Payment", "\") (0.0s)
When POrch Payment API is called
-&gt; done: POrchAPIStepDefinitions.WhenPOrchAPIIsCalled("Payment") (0.0s)
Then the request should return status code 400
-&gt; done: POrchAPIStepDefinitions.ThenTheRequestShouldReturnStatusCode(400) (0.0s)</StdOut>
      </Output>
    </UnitTestResult>
    <UnitTestResult executionId="a3ee159c-29e4-414f-86e8-ae384f8f977c" testId="770a30e6-f1f8-6922-1dd6-9f6a8a8c05a1" testName="POrchAPI_Transfer_Invalid_Creditor_Account_Source_Return_Error (&lt;null&gt;,400,'CreditorAccountSource' must not be empty.,)" computerName="ip-10-130-163-171" duration="00:00:00.0073639" startTime="2025-09-12T12:52:13.8067617+12:00" endTime="2025-09-12T12:52:13.8142476+12:00" testType="13cdc9d9-ddb5-4fa4-a97d-d965ccfc6d4b" outcome="Passed" testListId="8c84fa94-04c1-424b-9868-57a2d4851a1d" relativeResultsDirectory="a3ee159c-29e4-414f-86e8-ae384f8f977c">
      <Output>
        <StdOut>[2025-09-12 12:52:13 INF] Starting Test Execution: POrchAPI_Transfer_Invalid_Creditor_Account_Source_Return_Error:["[AccountSource, &lt;null&gt;]","[StatusCode, 400]","[ErrorMessage, 'CreditorAccountSource' must not be empty.]"]
[2025-09-12 12:52:13 INF] Finished Test Execution: POrchAPI_Transfer_Invalid_Creditor_Account_Source_Return_Error
[2025-09-12 12:52:13 INF] ---------------------------------------------------



TestContext Messages:
Given a POrch TransferRequest is created
-&gt; done: POrchAPIStepDefinitions.GivenAPOrchTransferRequestIsCreated() (0.0s)
And the transfer Creditor Account Source is &lt;null&gt;
-&gt; done: POrchAPIStepDefinitions.GivenTheTransferCreditorAccountSourceIs(null) (0.0s)
When POrch Transfer API is called
-&gt; done: POrchAPIStepDefinitions.WhenPOrchAPIIsCalled("Transfer") (0.0s)
Then the request should return status code 400
-&gt; done: POrchAPIStepDefinitions.ThenTheRequestShouldReturnStatusCode(400) (0.0s)
And the error message should be 'CreditorAccountSource' must not be empty.
-&gt; done: POrchAPIStepDefinitions.ThenTheErrorMessageShouldBeErrorMessage("'CreditorAccountS...") (0.0s)</StdOut>
      </Output>
    </UnitTestResult>
    <UnitTestResult executionId="e87f1ba1-bd18-4033-b523-165015b46691" testId="ebb7c562-38a7-096a-0612-1d420361f243" testName="POrchAPI_Other_Fraud_Responses_Do_Not_Retry (Hold,409,)" computerName="ip-10-130-163-171" duration="00:00:00.0194548" startTime="2025-09-12T12:51:01.0477004+12:00" endTime="2025-09-12T12:51:01.0672843+12:00" testType="13cdc9d9-ddb5-4fa4-a97d-d965ccfc6d4b" outcome="Passed" testListId="8c84fa94-04c1-424b-9868-57a2d4851a1d" relativeResultsDirectory="e87f1ba1-bd18-4033-b523-165015b46691">
      <Output>
        <StdOut>[2025-09-12 12:51:01 INF] Starting Test Execution: POrchAPI_Other_Fraud_Responses_Do_Not_Retry:["[Result, Hold]","[StatusCode, 409]"]
[2025-09-12 12:51:01 INF] Finished Test Execution: POrchAPI_Other_Fraud_Responses_Do_Not_Retry
[2025-09-12 12:51:01 INF] ---------------------------------------------------
[2025-09-12 12:51:01 INF] Successfully created map FraudSuccess_51551076-455c-4fd4-b9b0-a3ae5f0a3218 for /api/v1/financial-transaction-fraud-checks
[2025-09-12 12:51:01 INF] Successfully created map MiddlewareMock_FrozenError_ff77eada-1f36-4ae6-bc07-5ba9bef7e4ed for /initialisepaymentorder/basic
[2025-09-12 12:51:01 INF] Successfully created map PartyActivityServiceMock_Created_2a9274b2-dc18-43e1-b922-48c78c31ec58 for /v2/activities
[2025-09-12 12:51:01 INF] Successfully created map FraudErrorResponse_Hold_6b6376f4-b3fc-40dc-8f2c-ddc6539e700f_1 for /api/v1/financial-transaction-fraud-checks



TestContext Messages:
Given a POrch PaymentRequest is created
-&gt; done: POrchAPIStepDefinitions.GivenAPOrchPaymentRequestIsCreated() (0.0s)
And the Fraudcheck mock response will return Hold then 200
-&gt; done: POrchAPIStepDefinitions.GivenTheFraudcheckMockResponseWillReturnThen("Hold") (0.0s)
And MiddleWare Response is FrozenError
-&gt; done: POrchAPIStepDefinitions.SetMiddlewareResponse("FrozenError") (0.0s)
And the PAS response is Created
-&gt; done: POrchAPIStepDefinitions.ThePasResponseIs("Created") (0.0s)</StdOut>
      </Output>
    </UnitTestResult>
    <UnitTestResult executionId="e9eb58d8-702d-48a6-a9bc-9bca12845ea3" testId="a310d40e-f014-60e6-7b2c-ec53a7367fc9" testName="POrchAPI_Fraud_Retries (408,,)" computerName="ip-10-130-163-171" duration="00:00:01.6294610" startTime="2025-09-12T12:50:56.3564616+12:00" endTime="2025-09-12T12:50:57.9860904+12:00" testType="13cdc9d9-ddb5-4fa4-a97d-d965ccfc6d4b" outcome="Passed" testListId="8c84fa94-04c1-424b-9868-57a2d4851a1d" relativeResultsDirectory="e9eb58d8-702d-48a6-a9bc-9bca12845ea3">
      <Output>
        <StdOut>[2025-09-12 12:50:56 INF] Starting Test Execution: POrchAPI_Fraud_Retries:["[ErrorCode, 408]"]
[2025-09-12 12:50:56 INF] Mocks are not ready after 1 / 5 attempt(s). Expected 3 mock(s) to be registered with the manager and got 0.
[2025-09-12 12:50:56 INF] Successfully created map FraudSuccess_6d3e8085-28ca-42f1-a7c8-7e8c7a249a0b for /api/v1/financial-transaction-fraud-checks
[2025-09-12 12:50:56 INF] Successfully created map FraudErrorResponse_408_aa2ac20a-82cd-4a3c-bf0c-9905502db9c6_1 for /api/v1/financial-transaction-fraud-checks
[2025-09-12 12:50:56 INF] Successfully created map MiddlewareMock_Success_6770ab8a-e231-4f55-8ca2-536b2c2ab0e8 for /initialisepaymentorder/basic
[2025-09-12 12:50:57 INF] Response has PaymentId: 74eaa3cc-57fd-4bdc-8076-3b2463fd6df8
[2025-09-12 12:50:57 INF] Finished Test Execution: POrchAPI_Fraud_Retries
[2025-09-12 12:50:57 INF] ---------------------------------------------------



TestContext Messages:
Given a POrch PaymentRequest is created
-&gt; done: POrchAPIStepDefinitions.GivenAPOrchPaymentRequestIsCreated() (0.0s)
And the credit Account is 389300099302202
-&gt; done: POrchAPIStepDefinitions.WhenTheCreditAccountIs("389300099302202") (0.0s)
And the Fraudcheck mock response will return 408 then 200
-&gt; done: POrchAPIStepDefinitions.GivenTheFraudcheckMockResponseWillReturnThen("408") (0.0s)
And MiddleWare Response is Success
-&gt; done: POrchAPIStepDefinitions.SetMiddlewareResponse("Success") (0.0s)
When POrch Payment API is called
-&gt; done: POrchAPIStepDefinitions.WhenPOrchAPIIsCalled("Payment") (1.6s)
Then the request should return status code 201
-&gt; done: POrchAPIStepDefinitions.ThenTheRequestShouldReturnStatusCode(201) (0.0s)</StdOut>
      </Output>
    </UnitTestResult>
    <UnitTestResult executionId="fb598524-feb4-4532-96fa-5b17076f9773" testId="b9c9f4bb-12e2-f31d-1164-f61d3e0a5f5b" testName="POrchAPI_UltracsToTMV_Valid_Debtor_Code_Return_Success (=@#_%,.,201,)" computerName="ip-10-130-163-171" duration="00:00:01.0886198" startTime="2025-09-12T12:51:56.4372686+12:00" endTime="2025-09-12T12:51:57.5260389+12:00" testType="13cdc9d9-ddb5-4fa4-a97d-d965ccfc6d4b" outcome="Passed" testListId="8c84fa94-04c1-424b-9868-57a2d4851a1d" relativeResultsDirectory="fb598524-feb4-4532-96fa-5b17076f9773">
      <Output>
        <StdOut>[2025-09-12 12:51:56 INF] Starting Test Execution: POrchAPI_UltracsToTMV_Valid_Debtor_Code_Return_Success:["[DebtorCodeValue, =@#_%,.]","[StatusCode, 201]"]
[2025-09-12 12:51:56 INF] Mocks are not ready after 1 / 5 attempt(s). Expected 2 mock(s) to be registered with the manager and got 0.
[2025-09-12 12:51:56 INF] Successfully created map AdpsMock_Success_a5f9ef89-024d-4068-8f2e-c307d897d570 for /api/v1/payment-instruction/domestic/immediate
[2025-09-12 12:51:56 INF] Successfully created map MiddlewareMock_Success_27bf36de-a5c7-42f3-b596-9df9f8095b5d for /initialisepaymentorder/basic
[2025-09-12 12:51:57 INF] Response has PaymentId: a6131166-e23f-4bde-bf96-1fce95f139a3
[2025-09-12 12:51:57 INF] Finished Test Execution: POrchAPI_UltracsToTMV_Valid_Debtor_Code_Return_Success
[2025-09-12 12:51:57 INF] ---------------------------------------------------



TestContext Messages:
Given a Ultracs to TMV POrch TransferRequest is created
-&gt; done: POrchAPIStepDefinitions.ConditionalPOrchTransferRequestIsCreated("Ultracs", "TMV") (0.0s)
And the Transfer Debtor Code is =@#_%,.
-&gt; done: POrchAPIStepDefinitions.WhenTheDebtorCodeIs("Transfer", "=@#_%,.") (0.0s)
And ADPS Response is Success
-&gt; done: POrchAPIStepDefinitions.SetAdpsResponse("Success") (0.0s)
And MiddleWare Response is Success
-&gt; done: POrchAPIStepDefinitions.SetMiddlewareResponse("Success") (0.0s)
When POrch Transfer API is called
-&gt; done: POrchAPIStepDefinitions.WhenPOrchAPIIsCalled("Transfer") (1.1s)
Then the request should return status code 201
-&gt; done: POrchAPIStepDefinitions.ThenTheRequestShouldReturnStatusCode(201) (0.0s)</StdOut>
      </Output>
    </UnitTestResult>
    <UnitTestResult executionId="024b4b3a-6a54-4df2-8337-fa803643ae6a" testId="e0888376-299a-3fad-9735-42c534ccca04" testName="POrchAPI_Negative_MiddleWare_Response_409 (InvalidBankBranchNumberError,409,)" computerName="ip-10-130-163-171" duration="00:00:01.1114174" startTime="2025-09-12T12:50:03.5610760+12:00" endTime="2025-09-12T12:50:04.6728485+12:00" testType="13cdc9d9-ddb5-4fa4-a97d-d965ccfc6d4b" outcome="Passed" testListId="8c84fa94-04c1-424b-9868-57a2d4851a1d" relativeResultsDirectory="024b4b3a-6a54-4df2-8337-fa803643ae6a">
      <Output>
        <StdOut>[2025-09-12 12:50:03 INF] Starting Test Execution: POrchAPI_Negative_MiddleWare_Response_409:["[Result, InvalidBankBranchNumberError]","[StatusCode, 409]"]
[2025-09-12 12:50:03 INF] Mocks are not ready after 1 / 5 attempt(s). Expected 2 mock(s) to be registered with the manager and got 0.
[2025-09-12 12:50:03 INF] Successfully created map FraudcheckMock_Authorize_efd9865a-7d2b-4fa8-b810-14d6d71781e7 for /api/v1/financial-transaction-fraud-checks
[2025-09-12 12:50:03 INF] Successfully created map MiddlewareMock_InvalidBankBranchNumberError_616de16e-a253-461c-9d5d-e22246f80f40 for /initialisepaymentorder/basic
[2025-09-12 12:50:04 INF] Response has PaymentId: e511e2e2-ea5c-467e-85c2-3489762c1d77
[2025-09-12 12:50:04 INF] Finished Test Execution: POrchAPI_Negative_MiddleWare_Response_409
[2025-09-12 12:50:04 INF] ---------------------------------------------------



TestContext Messages:
Given a POrch PaymentRequest is created
-&gt; done: POrchAPIStepDefinitions.GivenAPOrchPaymentRequestIsCreated() (0.0s)
And FraudCheck Response is Authorize
-&gt; done: POrchAPIStepDefinitions.SetFraudCheckResponse("Authorize") (0.0s)
And MiddleWare Response is InvalidBankBranchNumberError
-&gt; done: POrchAPIStepDefinitions.SetMiddlewareResponse("InvalidBankBranch...") (0.0s)
When POrch Payment API is called
-&gt; done: POrchAPIStepDefinitions.WhenPOrchAPIIsCalled("Payment") (1.1s)
Then the request should return status code 409
-&gt; done: POrchAPIStepDefinitions.ThenTheRequestShouldReturnStatusCode(409) (0.0s)</StdOut>
      </Output>
    </UnitTestResult>
    <UnitTestResult executionId="97f9c44a-e6b2-4a7d-aa1a-493915b4fc25" testId="dcb661a8-080d-71c7-db9e-f900984a04d7" testName="POrchAPI_UltracsToTMV_Valid_Debtor_Reference_Return_Success (=@#_%,.,201,)" computerName="ip-10-130-163-171" duration="00:00:01.0865970" startTime="2025-09-12T12:52:03.0011873+12:00" endTime="2025-09-12T12:52:04.0879140+12:00" testType="13cdc9d9-ddb5-4fa4-a97d-d965ccfc6d4b" outcome="Passed" testListId="8c84fa94-04c1-424b-9868-57a2d4851a1d" relativeResultsDirectory="97f9c44a-e6b2-4a7d-aa1a-493915b4fc25">
      <Output>
        <StdOut>[2025-09-12 12:52:03 INF] Starting Test Execution: POrchAPI_UltracsToTMV_Valid_Debtor_Reference_Return_Success:["[DebtorReferenceValue, =@#_%,.]","[StatusCode, 201]"]
[2025-09-12 12:52:03 INF] Mocks are not ready after 1 / 5 attempt(s). Expected 2 mock(s) to be registered with the manager and got 0.
[2025-09-12 12:52:03 INF] Successfully created map AdpsMock_Success_bf225d63-2525-4398-8e42-380bf32bea55 for /api/v1/payment-instruction/domestic/immediate
[2025-09-12 12:52:03 INF] Successfully created map MiddlewareMock_Success_360a8176-1e88-4cd3-b2e0-a8bb28c19b43 for /initialisepaymentorder/basic
[2025-09-12 12:52:04 INF] Response has PaymentId: a1d79a2d-f136-4ea8-bbf0-1d5518836338
[2025-09-12 12:52:04 INF] Finished Test Execution: POrchAPI_UltracsToTMV_Valid_Debtor_Reference_Return_Success
[2025-09-12 12:52:04 INF] ---------------------------------------------------



TestContext Messages:
Given a Ultracs to TMV POrch TransferRequest is created
-&gt; done: POrchAPIStepDefinitions.ConditionalPOrchTransferRequestIsCreated("Ultracs", "TMV") (0.0s)
And the Transfer Debtor Reference is =@#_%,.
-&gt; done: POrchAPIStepDefinitions.WhenTheDebtorReferenceIs("Transfer", "=@#_%,.") (0.0s)
And ADPS Response is Success
-&gt; done: POrchAPIStepDefinitions.SetAdpsResponse("Success") (0.0s)
And MiddleWare Response is Success
-&gt; done: POrchAPIStepDefinitions.SetMiddlewareResponse("Success") (0.0s)
When POrch Transfer API is called
-&gt; done: POrchAPIStepDefinitions.WhenPOrchAPIIsCalled("Transfer") (1.1s)
Then the request should return status code 201
-&gt; done: POrchAPIStepDefinitions.ThenTheRequestShouldReturnStatusCode(201) (0.0s)</StdOut>
      </Output>
    </UnitTestResult>
    <UnitTestResult executionId="c0f63d4e-5e0b-41d8-9f5a-848e3b902588" testId="2e747181-a559-95b7-a3ff-f517b34504e5" testName="POrchAPI_TMVToUltracs_Negative_MiddleWare_Response_409_OtherErrors (WithdrawalNotPermittedError,409,)" computerName="ip-10-130-163-171" startTime="2025-09-12T12:51:49.8892212+12:00" endTime="2025-09-12T12:51:49.8892428+12:00" testType="13cdc9d9-ddb5-4fa4-a97d-d965ccfc6d4b" outcome="NotExecuted" testListId="8c84fa94-04c1-424b-9868-57a2d4851a1d" relativeResultsDirectory="c0f63d4e-5e0b-41d8-9f5a-848e3b902588">
      <Output></Output>
    </UnitTestResult>
    <UnitTestResult executionId="ff7d734a-f11b-4548-ae51-38a0587d24d3" testId="01acd6f1-ea71-38f7-18ae-626b04ac3478" testName="POrchAPI_Negative_FraudCheck_Response_Close_Middleware_409 (Decline,409,)" computerName="ip-10-130-163-171" duration="00:00:01.0869538" startTime="2025-09-12T12:50:23.0221259+12:00" endTime="2025-09-12T12:50:24.1092719+12:00" testType="13cdc9d9-ddb5-4fa4-a97d-d965ccfc6d4b" outcome="Passed" testListId="8c84fa94-04c1-424b-9868-57a2d4851a1d" relativeResultsDirectory="ff7d734a-f11b-4548-ae51-38a0587d24d3">
      <Output>
        <StdOut>[2025-09-12 12:50:23 INF] Starting Test Execution: POrchAPI_Negative_FraudCheck_Response_Close_Middleware_409:["[Result, Decline]","[StatusCode, 409]"]
[2025-09-12 12:50:23 INF] Mocks are not ready after 1 / 5 attempt(s). Expected 3 mock(s) to be registered with the manager and got 0.
[2025-09-12 12:50:23 INF] Successfully created map FraudcheckMock_Decline_79d674ba-c9a9-4e2f-8c6c-8959fa25f096 for /api/v1/financial-transaction-fraud-checks
[2025-09-12 12:50:23 INF] Successfully created map PartyActivityServiceMock_Created_1a19896a-ab19-423d-b7cd-12f143409d4a for /v2/activities
[2025-09-12 12:50:23 INF] Successfully created map MiddlewareMock_FrozenError_2374605b-dbc2-4157-9e5f-117e4f5f79c0 for /initialisepaymentorder/basic
[2025-09-12 12:50:24 INF] Response has PaymentId: 8880e01f-d40c-489e-ad12-fc86a6aeab19
[2025-09-12 12:50:24 INF] Finished Test Execution: POrchAPI_Negative_FraudCheck_Response_Close_Middleware_409
[2025-09-12 12:50:24 INF] ---------------------------------------------------



TestContext Messages:
Given a POrch PaymentRequest is created
-&gt; done: POrchAPIStepDefinitions.GivenAPOrchPaymentRequestIsCreated() (0.0s)
And FraudCheck Response is Decline
-&gt; done: POrchAPIStepDefinitions.SetFraudCheckResponse("Decline") (0.0s)
And MiddleWare Response is FrozenError
-&gt; done: POrchAPIStepDefinitions.SetMiddlewareResponse("FrozenError") (0.0s)
And the PAS response is Created
-&gt; done: POrchAPIStepDefinitions.ThePasResponseIs("Created") (0.0s)
When POrch Payment API is called
-&gt; done: POrchAPIStepDefinitions.WhenPOrchAPIIsCalled("Payment") (1.1s)
Then the request should return status code 409
-&gt; done: POrchAPIStepDefinitions.ThenTheRequestShouldReturnStatusCode(409) (0.0s)</StdOut>
      </Output>
    </UnitTestResult>
    <UnitTestResult executionId="c3552f51-dacd-42b1-a26e-5b645b11c35c" testId="1aaafd23-625c-e340-226c-f8478ccc875e" testName="POrchAPI_Negative_FraudCheck_Response_Insufficient_Middleware_409 (Unknown,409,)" computerName="ip-10-130-163-171" duration="00:00:01.0754087" startTime="2025-09-12T12:50:26.2673611+12:00" endTime="2025-09-12T12:50:27.3429875+12:00" testType="13cdc9d9-ddb5-4fa4-a97d-d965ccfc6d4b" outcome="Passed" testListId="8c84fa94-04c1-424b-9868-57a2d4851a1d" relativeResultsDirectory="c3552f51-dacd-42b1-a26e-5b645b11c35c">
      <Output>
        <StdOut>[2025-09-12 12:50:26 INF] Starting Test Execution: POrchAPI_Negative_FraudCheck_Response_Insufficient_Middleware_409:["[Result, Unknown]","[StatusCode, 409]"]
[2025-09-12 12:50:26 INF] Mocks are not ready after 1 / 5 attempt(s). Expected 3 mock(s) to be registered with the manager and got 0.
[2025-09-12 12:50:26 INF] Successfully created map FraudcheckMock_Unknown_89ff482b-e8ec-4ea2-8186-5bb3e3639c15 for /api/v1/financial-transaction-fraud-checks
[2025-09-12 12:50:26 INF] Successfully created map PartyActivityServiceMock_Created_8a234658-cc98-4ea6-9c4f-6ee1060b3d8c for /v2/activities
[2025-09-12 12:50:26 INF] Successfully created map MiddlewareMock_FrozenError_a86be835-9e2c-4e8b-b546-cdf9a68ed89f for /initialisepaymentorder/basic
[2025-09-12 12:50:27 INF] Response has PaymentId: 78a5bdea-3372-4fd2-b703-795b5c16ae0d
[2025-09-12 12:50:27 INF] Finished Test Execution: POrchAPI_Negative_FraudCheck_Response_Insufficient_Middleware_409
[2025-09-12 12:50:27 INF] ---------------------------------------------------



TestContext Messages:
Given a POrch PaymentRequest is created
-&gt; done: POrchAPIStepDefinitions.GivenAPOrchPaymentRequestIsCreated() (0.0s)
And FraudCheck Response is Unknown
-&gt; done: POrchAPIStepDefinitions.SetFraudCheckResponse("Unknown") (0.0s)
And MiddleWare Response is FrozenError
-&gt; done: POrchAPIStepDefinitions.SetMiddlewareResponse("FrozenError") (0.0s)
And the PAS response is Created
-&gt; done: POrchAPIStepDefinitions.ThePasResponseIs("Created") (0.0s)
When POrch Payment API is called
-&gt; done: POrchAPIStepDefinitions.WhenPOrchAPIIsCalled("Payment") (1.1s)
Then the request should return status code 409
-&gt; done: POrchAPIStepDefinitions.ThenTheRequestShouldReturnStatusCode(409) (0.0s)</StdOut>
      </Output>
    </UnitTestResult>
    <UnitTestResult executionId="3e905d76-fb8b-4917-90c8-d67dbb541196" testId="c67d40ef-7aa0-2b61-c77e-51a5c90cb5be" testName="POrchAPI_Invalid_Debit_Account_Return_Error (1200000000000000,400,)" computerName="ip-10-130-163-171" duration="00:00:00.0099333" startTime="2025-09-12T12:50:37.7087423+12:00" endTime="2025-09-12T12:50:37.7188295+12:00" testType="13cdc9d9-ddb5-4fa4-a97d-d965ccfc6d4b" outcome="Passed" testListId="8c84fa94-04c1-424b-9868-57a2d4851a1d" relativeResultsDirectory="3e905d76-fb8b-4917-90c8-d67dbb541196">
      <Output>
        <StdOut>[2025-09-12 12:50:37 INF] Starting Test Execution: POrchAPI_Invalid_Debit_Account_Return_Error:["[DebitAccountValue, 1200000000000000]","[StatusCode, 400]"]
[2025-09-12 12:50:37 INF] Finished Test Execution: POrchAPI_Invalid_Debit_Account_Return_Error
[2025-09-12 12:50:37 INF] ---------------------------------------------------



TestContext Messages:
Given a POrch PaymentRequest is created
-&gt; done: POrchAPIStepDefinitions.GivenAPOrchPaymentRequestIsCreated() (0.0s)
And the Payment Debit Account field is 1200000000000000
-&gt; done: POrchAPIStepDefinitions.WhenTheDebitAccountFieldIs("Payment", "1200000000000000") (0.0s)
When POrch Payment API is called
-&gt; done: POrchAPIStepDefinitions.WhenPOrchAPIIsCalled("Payment") (0.0s)
Then the request should return status code 400
-&gt; done: POrchAPIStepDefinitions.ThenTheRequestShouldReturnStatusCode(400) (0.0s)</StdOut>
      </Output>
    </UnitTestResult>
    <UnitTestResult executionId="39a03902-c918-48bd-851f-d4229ff4478a" testId="2c9ea2e6-7811-c0cf-ceda-c0a495e83bbe" testName="POrchAPI_UltracsToTMV_Negative_MiddleWare_Response_409 (AccountIdentificationInsufficientError,409,)" computerName="ip-10-130-163-171" duration="00:00:01.0415319" startTime="2025-09-12T12:52:11.3820338+12:00" endTime="2025-09-12T12:52:12.4237272+12:00" testType="13cdc9d9-ddb5-4fa4-a97d-d965ccfc6d4b" outcome="Passed" testListId="8c84fa94-04c1-424b-9868-57a2d4851a1d" relativeResultsDirectory="39a03902-c918-48bd-851f-d4229ff4478a">
      <Output>
        <StdOut>[2025-09-12 12:52:11 INF] Starting Test Execution: POrchAPI_UltracsToTMV_Negative_MiddleWare_Response_409:["[Result, AccountIdentificationInsufficientError]","[StatusCode, 409]"]
[2025-09-12 12:52:11 INF] Mocks are not ready after 1 / 5 attempt(s). Expected 1 mock(s) to be registered with the manager and got 0.
[2025-09-12 12:52:11 INF] Successfully created map MiddlewareMock_AccountIdentificationInsufficientError_4b4e631b-3b3f-448d-8251-1870195b313c for /initialisepaymentorder/basic
[2025-09-12 12:52:12 INF] Response has PaymentId: 58242d9f-25f0-4a38-967a-2134e202f55e
[2025-09-12 12:52:12 INF] Finished Test Execution: POrchAPI_UltracsToTMV_Negative_MiddleWare_Response_409
[2025-09-12 12:52:12 INF] ---------------------------------------------------



TestContext Messages:
Given a Ultracs to TMV POrch TransferRequest is created
-&gt; done: POrchAPIStepDefinitions.ConditionalPOrchTransferRequestIsCreated("Ultracs", "TMV") (0.0s)
And MiddleWare Response is AccountIdentificationInsufficientError
-&gt; done: POrchAPIStepDefinitions.SetMiddlewareResponse("AccountIdentifica...") (0.0s)
When POrch Transfer API is called
-&gt; done: POrchAPIStepDefinitions.WhenPOrchAPIIsCalled("Transfer") (1.0s)
Then the request should return status code 409
-&gt; done: POrchAPIStepDefinitions.ThenTheRequestShouldReturnStatusCode(409) (0.0s)</StdOut>
      </Output>
    </UnitTestResult>
    <UnitTestResult executionId="6ef35d14-4e4d-476d-837d-85120453cabe" testId="49a78842-ec47-7cc5-2701-fa32c229c763" testName="POrchAPI_Transfer_Invalid_Creditor_Code_Return_Error (abcdefghijklmnsey,400,)" computerName="ip-10-130-163-171" duration="00:00:00.0086722" startTime="2025-09-12T12:52:13.6579999+12:00" endTime="2025-09-12T12:52:13.6667922+12:00" testType="13cdc9d9-ddb5-4fa4-a97d-d965ccfc6d4b" outcome="Passed" testListId="8c84fa94-04c1-424b-9868-57a2d4851a1d" relativeResultsDirectory="6ef35d14-4e4d-476d-837d-85120453cabe">
      <Output>
        <StdOut>[2025-09-12 12:52:13 INF] Starting Test Execution: POrchAPI_Transfer_Invalid_Creditor_Code_Return_Error:["[CreditorCodeValue, abcdefghijklmnsey]","[StatusCode, 400]"]
[2025-09-12 12:52:13 INF] Finished Test Execution: POrchAPI_Transfer_Invalid_Creditor_Code_Return_Error
[2025-09-12 12:52:13 INF] ---------------------------------------------------



TestContext Messages:
Given a POrch TransferRequest is created
-&gt; done: POrchAPIStepDefinitions.GivenAPOrchTransferRequestIsCreated() (0.0s)
And the Transfer Creditor Code is abcdefghijklmnsey
-&gt; done: POrchAPIStepDefinitions.WhenTheCreditorCodeIs("Transfer", "abcdefghijklmnsey") (0.0s)
When POrch Transfer API is called
-&gt; done: POrchAPIStepDefinitions.WhenPOrchAPIIsCalled("Transfer") (0.0s)
Then the request should return status code 400
-&gt; done: POrchAPIStepDefinitions.ThenTheRequestShouldReturnStatusCode(400) (0.0s)</StdOut>
      </Output>
    </UnitTestResult>
    <UnitTestResult executionId="c0b5c569-c4a4-4805-8f72-65fce39d5023" testId="e93e5a9a-ab06-56d7-b779-cdb7aa605acc" testName="POrchAPI_Middleware_Retries_Correctly (503 with body,201,)" computerName="ip-10-130-163-171" duration="00:00:00.1166646" startTime="2025-09-12T12:51:01.0834060+12:00" endTime="2025-09-12T12:51:01.2002257+12:00" testType="13cdc9d9-ddb5-4fa4-a97d-d965ccfc6d4b" outcome="Passed" testListId="8c84fa94-04c1-424b-9868-57a2d4851a1d" relativeResultsDirectory="c0b5c569-c4a4-4805-8f72-65fce39d5023">
      <Output>
        <StdOut>[2025-09-12 12:51:01 INF] Starting Test Execution: POrchAPI_Middleware_Retries_Correctly:["[ErrorCode, 503 with body]","[ResponseCode, 201]"]
[2025-09-12 12:51:01 INF] Successfully created map FraudcheckMock_Authorize_8b1ab8b3-c811-4001-8a87-d08cbc62d6d3 for /api/v1/financial-transaction-fraud-checks
[2025-09-12 12:51:01 INF] Successfully created map MiddlewareFailure_503 with body_c1c164a7-bef4-45da-af9b-771826149a0b_1 for /initialisepaymentorder/basic
[2025-09-12 12:51:01 INF] Successfully created map MiddlewareSuccess_b7aa508e-7c79-4fba-baa9-f74ace850444 for /initialisepaymentorder/basic
[2025-09-12 12:51:01 INF] Response has PaymentId: 6ad18316-1b92-4405-9527-fcae8d9e0fc0
[2025-09-12 12:51:01 INF] Finished Test Execution: POrchAPI_Middleware_Retries_Correctly
[2025-09-12 12:51:01 INF] ---------------------------------------------------



TestContext Messages:
Given a POrch PaymentRequest is created
-&gt; done: POrchAPIStepDefinitions.GivenAPOrchPaymentRequestIsCreated() (0.0s)
And the credit Account is 389300099302202
-&gt; done: POrchAPIStepDefinitions.WhenTheCreditAccountIs("389300099302202") (0.0s)
And FraudCheck Response is Authorize
-&gt; done: POrchAPIStepDefinitions.SetFraudCheckResponse("Authorize") (0.0s)
And the Middleware responses will be 503 with body then 201
-&gt; done: POrchAPIStepDefinitions.GivenTheMiddlewareResponsesWillBe("503 with body") (0.0s)
When POrch Payment API is called
-&gt; done: POrchAPIStepDefinitions.WhenPOrchAPIIsCalled("Payment") (0.1s)
Then the request should return status code 201
-&gt; done: POrchAPIStepDefinitions.ThenTheRequestShouldReturnStatusCode(201) (0.0s)</StdOut>
      </Output>
    </UnitTestResult>
    <UnitTestResult executionId="2ea9cbbb-5e8f-44b5-a6cd-adfa22792584" testId="550c4634-a435-f6fa-91e9-954fe692c2a9" testName="POrchAPI_Transfer_Invalid_Creditor_Code_Return_Error (\,400,)" computerName="ip-10-130-163-171" duration="00:00:00.0077373" startTime="2025-09-12T12:52:13.6668324+12:00" endTime="2025-09-12T12:52:13.6746757+12:00" testType="13cdc9d9-ddb5-4fa4-a97d-d965ccfc6d4b" outcome="Passed" testListId="8c84fa94-04c1-424b-9868-57a2d4851a1d" relativeResultsDirectory="2ea9cbbb-5e8f-44b5-a6cd-adfa22792584">
      <Output>
        <StdOut>[2025-09-12 12:52:13 INF] Starting Test Execution: POrchAPI_Transfer_Invalid_Creditor_Code_Return_Error:["[CreditorCodeValue, \\]","[StatusCode, 400]"]
[2025-09-12 12:52:13 INF] Finished Test Execution: POrchAPI_Transfer_Invalid_Creditor_Code_Return_Error
[2025-09-12 12:52:13 INF] ---------------------------------------------------



TestContext Messages:
Given a POrch TransferRequest is created
-&gt; done: POrchAPIStepDefinitions.GivenAPOrchTransferRequestIsCreated() (0.0s)
And the Transfer Creditor Code is \
-&gt; done: POrchAPIStepDefinitions.WhenTheCreditorCodeIs("Transfer", "\") (0.0s)
When POrch Transfer API is called
-&gt; done: POrchAPIStepDefinitions.WhenPOrchAPIIsCalled("Transfer") (0.0s)
Then the request should return status code 400
-&gt; done: POrchAPIStepDefinitions.ThenTheRequestShouldReturnStatusCode(400) (0.0s)</StdOut>
      </Output>
    </UnitTestResult>
    <UnitTestResult executionId="f58de230-86cb-41b7-bd6e-64a6dadf03db" testId="6929a334-af19-28ff-1261-b86a33752757" testName="POrchAPI_Middleware_Retries_To_Maximum_Failure_Limit" computerName="ip-10-130-163-171" startTime="2025-09-12T12:51:19.5091755+12:00" endTime="2025-09-12T12:51:19.5096662+12:00" testType="13cdc9d9-ddb5-4fa4-a97d-d965ccfc6d4b" outcome="NotExecuted" testListId="8c84fa94-04c1-424b-9868-57a2d4851a1d" relativeResultsDirectory="f58de230-86cb-41b7-bd6e-64a6dadf03db">
      <Output></Output>
    </UnitTestResult>
    <UnitTestResult executionId="041068d8-03c2-4573-a867-11e1c56f9944" testId="f8a4a244-dbd0-c4f9-e484-9d9cd1b3f176" testName="POrchAPI_Fraud_Times_Out" computerName="ip-10-130-163-171" duration="00:00:03.0502444" startTime="2025-09-12T12:50:57.9861364+12:00" endTime="2025-09-12T12:51:01.0365256+12:00" testType="13cdc9d9-ddb5-4fa4-a97d-d965ccfc6d4b" outcome="Passed" testListId="8c84fa94-04c1-424b-9868-57a2d4851a1d" relativeResultsDirectory="041068d8-03c2-4573-a867-11e1c56f9944">
      <Output>
        <StdOut>[2025-09-12 12:50:57 INF] Starting Test Execution: POrchAPI_Fraud_Times_Out:[]
[2025-09-12 12:50:57 INF] Mocks are not ready after 1 / 5 attempt(s). Expected 2 mock(s) to be registered with the manager and got 0.
[2025-09-12 12:50:57 INF] Successfully created map Delayed Fraud_04eacb20-c262-4440-9071-8288a30a6c3e for /api/v1/financial-transaction-fraud-checks
[2025-09-12 12:50:57 INF] Successfully created map MiddlewareMock_Success_d12ff312-6e4d-4cb0-af8d-496b22ec8d87 for /initialisepaymentorder/basic
[2025-09-12 12:51:01 INF] Response has PaymentId: b6aeb949-99fa-4d97-b4ff-7b90ae732b54
[2025-09-12 12:51:01 INF] Finished Test Execution: POrchAPI_Fraud_Times_Out
[2025-09-12 12:51:01 INF] ---------------------------------------------------



TestContext Messages:
Given a POrch PaymentRequest is created
-&gt; done: POrchAPIStepDefinitions.GivenAPOrchPaymentRequestIsCreated() (0.0s)
And the credit Account is 389300099302202
-&gt; done: POrchAPIStepDefinitions.WhenTheCreditAccountIs("389300099302202") (0.0s)
And the Fraudcheck mock response will time out
-&gt; done: POrchAPIStepDefinitions.GivenTheFraudcheckMockResponseWillTimeOut() (0.0s)
And MiddleWare Response is Success
-&gt; done: POrchAPIStepDefinitions.SetMiddlewareResponse("Success") (0.0s)
When POrch Payment API is called
-&gt; done: POrchAPIStepDefinitions.WhenPOrchAPIIsCalled("Payment") (3.0s)
Then the request should return status code 201
-&gt; done: POrchAPIStepDefinitions.ThenTheRequestShouldReturnStatusCode(201) (0.0s)</StdOut>
      </Output>
    </UnitTestResult>
    <UnitTestResult executionId="16518e4e-9058-42bc-ab4f-6189bb96eefb" testId="37322710-4f83-355d-c165-4ada16078ec2" testName="POrchAPI_Valid_Payee_Reference_Return_Success_Todo (&amp;&lt;&gt;,201,)" computerName="ip-10-130-163-171" startTime="2025-09-12T12:50:28.4273889+12:00" endTime="2025-09-12T12:50:28.4281391+12:00" testType="13cdc9d9-ddb5-4fa4-a97d-d965ccfc6d4b" outcome="NotExecuted" testListId="8c84fa94-04c1-424b-9868-57a2d4851a1d" relativeResultsDirectory="16518e4e-9058-42bc-ab4f-6189bb96eefb">
      <Output></Output>
    </UnitTestResult>
    <UnitTestResult executionId="bb7cf2ec-7cd5-4f79-8b39-2e5a81da6e2e" testId="0ab362cb-d48b-f45c-dc7e-403a2a8556ef" testName="POrchNRT_Unsuccessful_Response_From_FraudCheck_Unsuccessful_From_NRT (PaymentNrtForbidden,,)" computerName="ip-10-130-163-171" duration="00:00:00.0512347" startTime="2025-09-12T12:50:39.4634094+12:00" endTime="2025-09-12T12:50:39.5148402+12:00" testType="13cdc9d9-ddb5-4fa4-a97d-d965ccfc6d4b" outcome="Passed" testListId="8c84fa94-04c1-424b-9868-57a2d4851a1d" relativeResultsDirectory="bb7cf2ec-7cd5-4f79-8b39-2e5a81da6e2e">
      <Output>
        <StdOut>[2025-09-12 12:50:39 INF] Starting Test Execution: POrchNRT_Unsuccessful_Response_From_FraudCheck_Unsuccessful_From_NRT:["[result, PaymentNrtForbidden]"]
[2025-09-12 12:50:39 INF] Executed DbCommand (1ms) [Parameters=[], CommandType='Text', CommandTimeout='30']
SELECT n.id, n.attempts, n.created_at, n.payment_id, n.status, n.updated_at
FROM net.nrt_outbox AS n
WHERE n.attempts &gt;= 0
[2025-09-12 12:50:39 INF] Executed DbCommand (2ms) [Parameters=[@p0='?' (DbType = Guid)], CommandType='Text', CommandTimeout='30']
DELETE FROM net.nrt_outbox
WHERE id = @p0;
[2025-09-12 12:50:39 INF] Executed DbCommand (1ms) [Parameters=[@p0='?' (DbType = Guid), @p1='?', @p2='?' (DbType = Decimal), @p3='?' (DbType = DateTime), @p4='?', @p5='?', @p6='?', @p7='?', @p8='?' (DbType = Object), @p9='?' (DbType = Object), @p10='?', @p11='?', @p12='?', @p13='?', @p14='?' (DbType = Object), @p15='?' (DbType = Object), @p16='?' (DbType = Object), @p17='?' (DbType = DateTime), @p18='?' (DbType = Object), @p19='?' (DbType = DateTime), @p20='?' (DbType = Guid), @p21='?' (DbType = Int32), @p22='?' (DbType = DateTime), @p23='?' (DbType = Guid), @p24='?' (DbType = Object), @p25='?' (DbType = DateTime)], CommandType='Text', CommandTimeout='30']
INSERT INTO net.payment (id, access_number, amount, created_at, creditor_account_code, creditor_account_number, creditor_account_particulars, creditor_account_reference, creditor_account_source, currency, debtor_account_code, debtor_account_number, debtor_account_particulars, debtor_account_reference, debtor_account_source, fraud_check_disposition, payment_type, processed_at, status, updated_at)
VALUES (@p0, @p1, @p2, @p3, @p4, @p5, @p6, @p7, @p8, @p9, @p10, @p11, @p12, @p13, @p14, @p15, @p16, @p17, @p18, @p19);
INSERT INTO net.nrt_outbox (id, attempts, created_at, payment_id, status, updated_at)
VALUES (@p20, @p21, @p22, @p23, @p24, @p25);
[2025-09-12 12:50:39 INF] Successfully created map FraudCheckNRTMock_PaymentNrtForbidden_ca9b4073-ed4b-4270-9ca7-b173f511789d for /api/v1/financial-transaction-fraud-checks/4f84833b-188c-4abc-bcc4-2a0f1804ce8a
[2025-09-12 12:50:39 INF] Executed DbCommand (1ms) [Parameters=[@__p_0='?' (DbType = Guid)], CommandType='Text', CommandTimeout='30']
SELECT n.id, n.attempts, n.created_at, n.payment_id, n.status, n.updated_at
FROM net.nrt_outbox AS n
WHERE n.id = @__p_0
LIMIT 1
[2025-09-12 12:50:39 INF] Finished Test Execution: POrchNRT_Unsuccessful_Response_From_FraudCheck_Unsuccessful_From_NRT
[2025-09-12 12:50:39 INF] ---------------------------------------------------



TestContext Messages:
Given The NRT table is clean
-&gt; done: POrchAPIStepDefinitions.GivenTheNrtTableIsClean() (0.0s)
And there is an NRT entry with payment FraudFailed to process
-&gt; done: POrchAPIStepDefinitions.GivenThereIsAnNrtEntryToProcess("FraudFailed") (0.0s)
And the NRT entry should be processed with PaymentNrtForbidden
-&gt; done: POrchAPIStepDefinitions.GivenTheNrtEntryShouldBeProcessedWithUnsuccessfulResult("PaymentNrtForbidden") (0.0s)
When the NRT Processor Has Run for at most 1 entry
-&gt; done: POrchAPIStepDefinitions.WhenTheNrtProcessorHasRunForAtMostXEntry(1) (0.0s)
Then the NRT entry has status NotSent
-&gt; done: POrchAPIStepDefinitions.ThenTheNrtEntryHasStatus("NotSent") (0.0s)</StdOut>
      </Output>
    </UnitTestResult>
    <UnitTestResult executionId="f0ecfe14-7535-4dd1-9fe1-0d6f4949911a" testId="4a656428-a2cf-3901-edf6-8416647c8b40" testName="POrchNRT_UnknownError_Response_From_POrch_Unsuccessful_From_NRT (PaymentNrtUnauthorized,,)" computerName="ip-10-130-163-171" duration="00:00:00.0509225" startTime="2025-09-12T12:50:39.5776030+12:00" endTime="2025-09-12T12:50:39.6286907+12:00" testType="13cdc9d9-ddb5-4fa4-a97d-d965ccfc6d4b" outcome="Passed" testListId="8c84fa94-04c1-424b-9868-57a2d4851a1d" relativeResultsDirectory="f0ecfe14-7535-4dd1-9fe1-0d6f4949911a">
      <Output>
        <StdOut>[2025-09-12 12:50:39 INF] Starting Test Execution: POrchNRT_UnknownError_Response_From_POrch_Unsuccessful_From_NRT:["[result, PaymentNrtUnauthorized]"]
[2025-09-12 12:50:39 INF] Executed DbCommand (1ms) [Parameters=[], CommandType='Text', CommandTimeout='30']
SELECT n.id, n.attempts, n.created_at, n.payment_id, n.status, n.updated_at
FROM net.nrt_outbox AS n
WHERE n.attempts &gt;= 0
[2025-09-12 12:50:39 INF] Executed DbCommand (3ms) [Parameters=[@p0='?' (DbType = Guid)], CommandType='Text', CommandTimeout='30']
DELETE FROM net.nrt_outbox
WHERE id = @p0;
[2025-09-12 12:50:39 INF] Executed DbCommand (1ms) [Parameters=[@p0='?' (DbType = Guid), @p1='?', @p2='?' (DbType = Decimal), @p3='?' (DbType = DateTime), @p4='?', @p5='?', @p6='?', @p7='?', @p8='?' (DbType = Object), @p9='?' (DbType = Object), @p10='?', @p11='?', @p12='?', @p13='?', @p14='?' (DbType = Object), @p15='?' (DbType = Object), @p16='?' (DbType = Object), @p17='?' (DbType = DateTime), @p18='?' (DbType = Object), @p19='?' (DbType = DateTime), @p20='?' (DbType = Guid), @p21='?' (DbType = Int32), @p22='?' (DbType = DateTime), @p23='?' (DbType = Guid), @p24='?' (DbType = Object), @p25='?' (DbType = DateTime)], CommandType='Text', CommandTimeout='30']
INSERT INTO net.payment (id, access_number, amount, created_at, creditor_account_code, creditor_account_number, creditor_account_particulars, creditor_account_reference, creditor_account_source, currency, debtor_account_code, debtor_account_number, debtor_account_particulars, debtor_account_reference, debtor_account_source, fraud_check_disposition, payment_type, processed_at, status, updated_at)
VALUES (@p0, @p1, @p2, @p3, @p4, @p5, @p6, @p7, @p8, @p9, @p10, @p11, @p12, @p13, @p14, @p15, @p16, @p17, @p18, @p19);
INSERT INTO net.nrt_outbox (id, attempts, created_at, payment_id, status, updated_at)
VALUES (@p20, @p21, @p22, @p23, @p24, @p25);
[2025-09-12 12:50:39 INF] Successfully created map FraudCheckNRTMock_PaymentNrtUnauthorized_8d1c26ef-b553-4926-a842-d4ab7f15a254 for /api/v1/financial-transaction-fraud-checks/b5e3bdef-271a-4fc6-8454-1e6e4510d30a
[2025-09-12 12:50:39 INF] Executed DbCommand (1ms) [Parameters=[@__p_0='?' (DbType = Guid)], CommandType='Text', CommandTimeout='30']
SELECT n.id, n.attempts, n.created_at, n.payment_id, n.status, n.updated_at
FROM net.nrt_outbox AS n
WHERE n.id = @__p_0
LIMIT 1
[2025-09-12 12:50:39 INF] Finished Test Execution: POrchNRT_UnknownError_Response_From_POrch_Unsuccessful_From_NRT
[2025-09-12 12:50:39 INF] ---------------------------------------------------



TestContext Messages:
Given The NRT table is clean
-&gt; done: POrchAPIStepDefinitions.GivenTheNrtTableIsClean() (0.0s)
And there is an NRT entry with payment Unknown to process
-&gt; done: POrchAPIStepDefinitions.GivenThereIsAnNrtEntryToProcess("Unknown") (0.0s)
And the NRT entry should be processed with PaymentNrtUnauthorized
-&gt; done: POrchAPIStepDefinitions.GivenTheNrtEntryShouldBeProcessedWithUnsuccessfulResult("PaymentNrtUnautho...") (0.0s)
When the NRT Processor Has Run for at most 1 entry
-&gt; done: POrchAPIStepDefinitions.WhenTheNrtProcessorHasRunForAtMostXEntry(1) (0.0s)
Then the NRT entry has status NotSent
-&gt; done: POrchAPIStepDefinitions.ThenTheNrtEntryHasStatus("NotSent") (0.0s)</StdOut>
      </Output>
    </UnitTestResult>
    <UnitTestResult executionId="b7538d18-9333-4315-86a7-11c8d366e565" testId="bf597c8f-6d88-69fd-7af2-70d0b1b56fa7" testName="POrchAPI_UltracsToTMV_Valid_Debtor_Reference_Return_Success (()+$*!;-/?:,201,)" computerName="ip-10-130-163-171" duration="00:00:01.0998955" startTime="2025-09-12T12:52:01.9010621+12:00" endTime="2025-09-12T12:52:03.0011378+12:00" testType="13cdc9d9-ddb5-4fa4-a97d-d965ccfc6d4b" outcome="Passed" testListId="8c84fa94-04c1-424b-9868-57a2d4851a1d" relativeResultsDirectory="b7538d18-9333-4315-86a7-11c8d366e565">
      <Output>
        <StdOut>[2025-09-12 12:52:01 INF] Starting Test Execution: POrchAPI_UltracsToTMV_Valid_Debtor_Reference_Return_Success:["[DebtorReferenceValue, ()+$*!;-/?:]","[StatusCode, 201]"]
[2025-09-12 12:52:01 INF] Mocks are not ready after 1 / 5 attempt(s). Expected 2 mock(s) to be registered with the manager and got 0.
[2025-09-12 12:52:01 INF] Successfully created map AdpsMock_Success_69104c56-d091-4562-9570-f9afc2e736c2 for /api/v1/payment-instruction/domestic/immediate
[2025-09-12 12:52:01 INF] Successfully created map MiddlewareMock_Success_d50517df-297a-43e9-99a8-3262ba34b0cc for /initialisepaymentorder/basic
[2025-09-12 12:52:02 INF] Response has PaymentId: 7fb4ee4b-c5b2-441e-8c22-cf9bc401e339
[2025-09-12 12:52:02 INF] Finished Test Execution: POrchAPI_UltracsToTMV_Valid_Debtor_Reference_Return_Success
[2025-09-12 12:52:02 INF] ---------------------------------------------------



TestContext Messages:
Given a Ultracs to TMV POrch TransferRequest is created
-&gt; done: POrchAPIStepDefinitions.ConditionalPOrchTransferRequestIsCreated("Ultracs", "TMV") (0.0s)
And the Transfer Debtor Reference is ()+$*!;-/?:
-&gt; done: POrchAPIStepDefinitions.WhenTheDebtorReferenceIs("Transfer", "()+$*!;-/?:") (0.0s)
And ADPS Response is Success
-&gt; done: POrchAPIStepDefinitions.SetAdpsResponse("Success") (0.0s)
And MiddleWare Response is Success
-&gt; done: POrchAPIStepDefinitions.SetMiddlewareResponse("Success") (0.0s)
When POrch Transfer API is called
-&gt; done: POrchAPIStepDefinitions.WhenPOrchAPIIsCalled("Transfer") (1.1s)
Then the request should return status code 201
-&gt; done: POrchAPIStepDefinitions.ThenTheRequestShouldReturnStatusCode(201) (0.0s)</StdOut>
      </Output>
    </UnitTestResult>
    <UnitTestResult executionId="4f406a87-5b78-495b-ab4a-4004fec42a8c" testId="e6a6ceda-dfef-7277-77b1-95458be43904" testName="POrchAPI_Invalid_Currency_Return_Error (AUD,400,)" computerName="ip-10-130-163-171" duration="00:00:00.0116562" startTime="2025-09-12T12:50:37.6801597+12:00" endTime="2025-09-12T12:50:37.6919803+12:00" testType="13cdc9d9-ddb5-4fa4-a97d-d965ccfc6d4b" outcome="Passed" testListId="8c84fa94-04c1-424b-9868-57a2d4851a1d" relativeResultsDirectory="4f406a87-5b78-495b-ab4a-4004fec42a8c">
      <Output>
        <StdOut>[2025-09-12 12:50:37 INF] Starting Test Execution: POrchAPI_Invalid_Currency_Return_Error:["[CurrencyValue, AUD]","[StatusCode, 400]"]
[2025-09-12 12:50:37 INF] Finished Test Execution: POrchAPI_Invalid_Currency_Return_Error
[2025-09-12 12:50:37 INF] ---------------------------------------------------



TestContext Messages:
Given a POrch PaymentRequest is created
-&gt; done: POrchAPIStepDefinitions.GivenAPOrchPaymentRequestIsCreated() (0.0s)
And the Payment Currency Field is AUD
-&gt; done: POrchAPIStepDefinitions.WhenTheCurrencyFieldIs("Payment", "AUD") (0.0s)
When POrch Payment API is called
-&gt; done: POrchAPIStepDefinitions.WhenPOrchAPIIsCalled("Payment") (0.0s)
Then the request should return status code 400
-&gt; done: POrchAPIStepDefinitions.ThenTheRequestShouldReturnStatusCode(400) (0.0s)</StdOut>
      </Output>
    </UnitTestResult>
    <UnitTestResult executionId="dceb3f0b-cf0c-4424-b4d8-2e1954e655d9" testId="3005acbb-bd0a-569e-1890-86c7b486cbc0" testName="POrchAPI_Negative_FraudCheck_Response_Insufficient_Middleware_409 (Refer,409,)" computerName="ip-10-130-163-171" duration="00:00:01.0797791" startTime="2025-09-12T12:50:24.1093358+12:00" endTime="2025-09-12T12:50:25.1892978+12:00" testType="13cdc9d9-ddb5-4fa4-a97d-d965ccfc6d4b" outcome="Passed" testListId="8c84fa94-04c1-424b-9868-57a2d4851a1d" relativeResultsDirectory="dceb3f0b-cf0c-4424-b4d8-2e1954e655d9">
      <Output>
        <StdOut>[2025-09-12 12:50:24 INF] Starting Test Execution: POrchAPI_Negative_FraudCheck_Response_Insufficient_Middleware_409:["[Result, Refer]","[StatusCode, 409]"]
[2025-09-12 12:50:24 INF] Successfully created map FraudcheckMock_Refer_f8044900-1514-417a-b1f0-9a9ec7e41b3c for /api/v1/financial-transaction-fraud-checks
[2025-09-12 12:50:24 INF] Mocks are not ready after 1 / 5 attempt(s). Expected 3 mock(s) to be registered with the manager and got 1.
[2025-09-12 12:50:24 INF] Successfully created map PartyActivityServiceMock_Created_c2ba3ee2-66c1-4798-b81d-c5eddaaacac3 for /v2/activities
[2025-09-12 12:50:24 INF] Successfully created map MiddlewareMock_FrozenError_9c40e448-8d41-414e-a5c3-1f90da2b92ef for /initialisepaymentorder/basic
[2025-09-12 12:50:25 INF] Response has PaymentId: 76f5e295-3f8a-459f-bb65-4ef5b040b957
[2025-09-12 12:50:25 INF] Finished Test Execution: POrchAPI_Negative_FraudCheck_Response_Insufficient_Middleware_409
[2025-09-12 12:50:25 INF] ---------------------------------------------------



TestContext Messages:
Given a POrch PaymentRequest is created
-&gt; done: POrchAPIStepDefinitions.GivenAPOrchPaymentRequestIsCreated() (0.0s)
And FraudCheck Response is Refer
-&gt; done: POrchAPIStepDefinitions.SetFraudCheckResponse("Refer") (0.0s)
And MiddleWare Response is FrozenError
-&gt; done: POrchAPIStepDefinitions.SetMiddlewareResponse("FrozenError") (0.0s)
And the PAS response is Created
-&gt; done: POrchAPIStepDefinitions.ThePasResponseIs("Created") (0.0s)
When POrch Payment API is called
-&gt; done: POrchAPIStepDefinitions.WhenPOrchAPIIsCalled("Payment") (1.1s)
Then the request should return status code 409
-&gt; done: POrchAPIStepDefinitions.ThenTheRequestShouldReturnStatusCode(409) (0.0s)</StdOut>
      </Output>
    </UnitTestResult>
    <UnitTestResult executionId="425821fa-9fd0-4d3d-9ff6-9d5928e5edf7" testId="7732a642-5f4c-48dd-1d7e-985649745b2b" testName="POrchAPI_UltracsToTMV_Negative_MiddleWare_Response_409 (FrozenError,409,)" computerName="ip-10-130-163-171" duration="00:00:01.0429714" startTime="2025-09-12T12:52:04.0879792+12:00" endTime="2025-09-12T12:52:05.1311188+12:00" testType="13cdc9d9-ddb5-4fa4-a97d-d965ccfc6d4b" outcome="Passed" testListId="8c84fa94-04c1-424b-9868-57a2d4851a1d" relativeResultsDirectory="425821fa-9fd0-4d3d-9ff6-9d5928e5edf7">
      <Output>
        <StdOut>[2025-09-12 12:52:04 INF] Starting Test Execution: POrchAPI_UltracsToTMV_Negative_MiddleWare_Response_409:["[Result, FrozenError]","[StatusCode, 409]"]
[2025-09-12 12:52:04 INF] Mocks are not ready after 1 / 5 attempt(s). Expected 1 mock(s) to be registered with the manager and got 0.
[2025-09-12 12:52:04 INF] Successfully created map MiddlewareMock_FrozenError_196abc42-2c4c-430d-845a-d4737443f0b2 for /initialisepaymentorder/basic
[2025-09-12 12:52:05 INF] Response has PaymentId: 7dbc24f6-ca75-41f4-95e8-29fd75acf294
[2025-09-12 12:52:05 INF] Finished Test Execution: POrchAPI_UltracsToTMV_Negative_MiddleWare_Response_409
[2025-09-12 12:52:05 INF] ---------------------------------------------------



TestContext Messages:
Given a Ultracs to TMV POrch TransferRequest is created
-&gt; done: POrchAPIStepDefinitions.ConditionalPOrchTransferRequestIsCreated("Ultracs", "TMV") (0.0s)
And MiddleWare Response is FrozenError
-&gt; done: POrchAPIStepDefinitions.SetMiddlewareResponse("FrozenError") (0.0s)
When POrch Transfer API is called
-&gt; done: POrchAPIStepDefinitions.WhenPOrchAPIIsCalled("Transfer") (1.0s)
Then the request should return status code 409
-&gt; done: POrchAPIStepDefinitions.ThenTheRequestShouldReturnStatusCode(409) (0.0s)</StdOut>
      </Output>
    </UnitTestResult>
    <UnitTestResult executionId="969f8917-63eb-4721-8dc5-6f568c846104" testId="39bffd83-9007-e2f4-e442-04d0b842cdea" testName="POrchAPI_Fraud_Retries (500,,)" computerName="ip-10-130-163-171" duration="00:00:01.6469542" startTime="2025-09-12T12:50:49.8045190+12:00" endTime="2025-09-12T12:50:51.4516029+12:00" testType="13cdc9d9-ddb5-4fa4-a97d-d965ccfc6d4b" outcome="Passed" testListId="8c84fa94-04c1-424b-9868-57a2d4851a1d" relativeResultsDirectory="969f8917-63eb-4721-8dc5-6f568c846104">
      <Output>
        <StdOut>[2025-09-12 12:50:49 INF] Starting Test Execution: POrchAPI_Fraud_Retries:["[ErrorCode, 500]"]
[2025-09-12 12:50:49 INF] Mocks are not ready after 1 / 5 attempt(s). Expected 3 mock(s) to be registered with the manager and got 0.
[2025-09-12 12:50:49 INF] Successfully created map FraudErrorResponse_500_672d707a-5490-4c40-93da-d8076ff5458b_1 for /api/v1/financial-transaction-fraud-checks
[2025-09-12 12:50:49 INF] Successfully created map FraudSuccess_dd4f0afb-084b-4179-918f-b740e7379c5e for /api/v1/financial-transaction-fraud-checks
[2025-09-12 12:50:49 INF] Successfully created map MiddlewareMock_Success_0602fbae-77ef-43a5-9fd9-c82fd251d9a5 for /initialisepaymentorder/basic
[2025-09-12 12:50:51 INF] Response has PaymentId: 95b24fc9-f673-45e6-96c7-a0088c77647b
[2025-09-12 12:50:51 INF] Finished Test Execution: POrchAPI_Fraud_Retries
[2025-09-12 12:50:51 INF] ---------------------------------------------------



TestContext Messages:
Given a POrch PaymentRequest is created
-&gt; done: POrchAPIStepDefinitions.GivenAPOrchPaymentRequestIsCreated() (0.0s)
And the credit Account is 389300099302202
-&gt; done: POrchAPIStepDefinitions.WhenTheCreditAccountIs("389300099302202") (0.0s)
And the Fraudcheck mock response will return 500 then 200
-&gt; done: POrchAPIStepDefinitions.GivenTheFraudcheckMockResponseWillReturnThen("500") (0.0s)
And MiddleWare Response is Success
-&gt; done: POrchAPIStepDefinitions.SetMiddlewareResponse("Success") (0.0s)
When POrch Payment API is called
-&gt; done: POrchAPIStepDefinitions.WhenPOrchAPIIsCalled("Payment") (1.6s)
Then the request should return status code 201
-&gt; done: POrchAPIStepDefinitions.ThenTheRequestShouldReturnStatusCode(201) (0.0s)</StdOut>
      </Output>
    </UnitTestResult>
    <UnitTestResult executionId="3291a613-2f83-43cd-b1d0-b8fb069a7ef7" testId="46370a69-f762-494a-36ea-c68ad69179c4" testName="POrchAPI_Negative_MiddleWare_Response_409 (AccountNumberIsInvalidForTransactionTypeError,409,)" computerName="ip-10-130-163-171" duration="00:00:01.0824687" startTime="2025-09-12T12:50:09.0134495+12:00" endTime="2025-09-12T12:50:10.0961582+12:00" testType="13cdc9d9-ddb5-4fa4-a97d-d965ccfc6d4b" outcome="Passed" testListId="8c84fa94-04c1-424b-9868-57a2d4851a1d" relativeResultsDirectory="3291a613-2f83-43cd-b1d0-b8fb069a7ef7">
      <Output>
        <StdOut>[2025-09-12 12:50:09 INF] Starting Test Execution: POrchAPI_Negative_MiddleWare_Response_409:["[Result, AccountNumberIsInvalidForTransactionTypeError]","[StatusCode, 409]"]
[2025-09-12 12:50:09 INF] Mocks are not ready after 1 / 5 attempt(s). Expected 2 mock(s) to be registered with the manager and got 0.
[2025-09-12 12:50:09 INF] Successfully created map FraudcheckMock_Authorize_866f4bde-ecd6-4baf-b345-f37a723c6a04 for /api/v1/financial-transaction-fraud-checks
[2025-09-12 12:50:09 INF] Successfully created map MiddlewareMock_AccountNumberIsInvalidForTransactionTypeError_45657a34-b230-44de-975b-18463c12554a for /initialisepaymentorder/basic
[2025-09-12 12:50:10 INF] Response has PaymentId: ee14a4dd-2825-4158-95a0-a79bcc3b6f74
[2025-09-12 12:50:10 INF] Finished Test Execution: POrchAPI_Negative_MiddleWare_Response_409
[2025-09-12 12:50:10 INF] ---------------------------------------------------



TestContext Messages:
Given a POrch PaymentRequest is created
-&gt; done: POrchAPIStepDefinitions.GivenAPOrchPaymentRequestIsCreated() (0.0s)
And FraudCheck Response is Authorize
-&gt; done: POrchAPIStepDefinitions.SetFraudCheckResponse("Authorize") (0.0s)
And MiddleWare Response is AccountNumberIsInvalidForTransactionTypeError
-&gt; done: POrchAPIStepDefinitions.SetMiddlewareResponse("AccountNumberIsIn...") (0.0s)
When POrch Payment API is called
-&gt; done: POrchAPIStepDefinitions.WhenPOrchAPIIsCalled("Payment") (1.1s)
Then the request should return status code 409
-&gt; done: POrchAPIStepDefinitions.ThenTheRequestShouldReturnStatusCode(409) (0.0s)</StdOut>
      </Output>
    </UnitTestResult>
    <UnitTestResult executionId="812c4207-ab83-4fcb-8daa-f0fdfa8ebf6a" testId="3a63ca50-c45c-09f6-c8d8-5c73d507111e" testName="POrchAPI_TMVToUltracs_Negative_MiddleWare_Response_409_OtherErrors (ClosedAccountError,409,)" computerName="ip-10-130-163-171" startTime="2025-09-12T12:51:49.8891233+12:00" endTime="2025-09-12T12:51:49.8891525+12:00" testType="13cdc9d9-ddb5-4fa4-a97d-d965ccfc6d4b" outcome="NotExecuted" testListId="8c84fa94-04c1-424b-9868-57a2d4851a1d" relativeResultsDirectory="812c4207-ab83-4fcb-8daa-f0fdfa8ebf6a">
      <Output></Output>
    </UnitTestResult>
    <UnitTestResult executionId="ab0f1ebd-34a5-4154-823e-d7735ae04a99" testId="100bbf7a-69e8-fc51-888e-46253336c0ce" testName="POrchAPI_UltracsTMV_Transfer_Invalid_Transfer_Reference_Return_Error (TRANSFER FROM MR Test  00,400,)" computerName="ip-10-130-163-171" duration="00:00:00.0079150" startTime="2025-09-12T12:52:13.8318392+12:00" endTime="2025-09-12T12:52:13.8398782+12:00" testType="13cdc9d9-ddb5-4fa4-a97d-d965ccfc6d4b" outcome="Passed" testListId="8c84fa94-04c1-424b-9868-57a2d4851a1d" relativeResultsDirectory="ab0f1ebd-34a5-4154-823e-d7735ae04a99">
      <Output>
        <StdOut>[2025-09-12 12:52:13 INF] Starting Test Execution: POrchAPI_UltracsTMV_Transfer_Invalid_Transfer_Reference_Return_Error:["[TransferRefValue, TRANSFER FROM MR Test  00]","[StatusCode, 400]"]
[2025-09-12 12:52:13 INF] Finished Test Execution: POrchAPI_UltracsTMV_Transfer_Invalid_Transfer_Reference_Return_Error
[2025-09-12 12:52:13 INF] ---------------------------------------------------



TestContext Messages:
Given a Ultracs to TMV POrch TransferRequest is created
-&gt; done: POrchAPIStepDefinitions.ConditionalPOrchTransferRequestIsCreated("Ultracs", "TMV") (0.0s)
And the Transfer Reference is TRANSFER FROM MR Test  00
-&gt; done: POrchAPIStepDefinitions.TheTransferReferenceIs("TRANSFER FROM MR ...") (0.0s)
When POrch Transfer API is called
-&gt; done: POrchAPIStepDefinitions.WhenPOrchAPIIsCalled("Transfer") (0.0s)
Then the request should return status code 400
-&gt; done: POrchAPIStepDefinitions.ThenTheRequestShouldReturnStatusCode(400) (0.0s)</StdOut>
      </Output>
    </UnitTestResult>
    <UnitTestResult executionId="0ed868f5-90e4-4409-b86b-97782bfbd487" testId="7851ebde-72f9-3991-4091-a85fc3a11eba" testName="POrchAPI_PAS_Times_Out" computerName="ip-10-130-163-171" duration="00:00:02.5649660" startTime="2025-09-12T12:50:45.4439647+12:00" endTime="2025-09-12T12:50:48.0091332+12:00" testType="13cdc9d9-ddb5-4fa4-a97d-d965ccfc6d4b" outcome="Passed" testListId="8c84fa94-04c1-424b-9868-57a2d4851a1d" relativeResultsDirectory="0ed868f5-90e4-4409-b86b-97782bfbd487">
      <Output>
        <StdOut>[2025-09-12 12:50:45 INF] Starting Test Execution: POrchAPI_PAS_Times_Out:[]
[2025-09-12 12:50:45 INF] Successfully created map FraudcheckMock_Decline_3651c2ce-7d2d-43f9-a05a-98a133b959c1 for /api/v1/financial-transaction-fraud-checks
[2025-09-12 12:50:45 INF] Successfully created map PASSuccess_6980d7f3-319f-4915-823e-32e467bfdf2f for /v2/activities
[2025-09-12 12:50:48 INF] Response has PaymentId: 7138d547-6f22-447a-a719-478c5dd06c21
[2025-09-12 12:50:48 INF] Finished Test Execution: POrchAPI_PAS_Times_Out
[2025-09-12 12:50:48 INF] ---------------------------------------------------



TestContext Messages:
Given a POrch PaymentRequest is created
-&gt; done: POrchAPIStepDefinitions.GivenAPOrchPaymentRequestIsCreated() (0.0s)
And FraudCheck Response is Decline
-&gt; done: POrchAPIStepDefinitions.SetFraudCheckResponse("Decline") (0.0s)
And the PAS mock response will time out
-&gt; done: POrchAPIStepDefinitions.GivenThePASMockResponseWillTimeOut() (0.5s)
When POrch Payment API is called
-&gt; done: POrchAPIStepDefinitions.WhenPOrchAPIIsCalled("Payment") (2.1s)
Then the request should return status code 409
-&gt; done: POrchAPIStepDefinitions.ThenTheRequestShouldReturnStatusCode(409) (0.0s)</StdOut>
      </Output>
    </UnitTestResult>
    <UnitTestResult executionId="06a66df4-b4f6-4cd0-ad4b-59d0f6f494cd" testId="a96aeaab-ab34-d0c0-ddcf-e1f5c6aa6924" testName="POrchAPI_Transfer_Invalid_Debtor_Particulars_Return_Error (abcdefghijklmnsey,400,)" computerName="ip-10-130-163-171" duration="00:00:00.0085103" startTime="2025-09-12T12:52:13.5816363+12:00" endTime="2025-09-12T12:52:13.5902483+12:00" testType="13cdc9d9-ddb5-4fa4-a97d-d965ccfc6d4b" outcome="Passed" testListId="8c84fa94-04c1-424b-9868-57a2d4851a1d" relativeResultsDirectory="06a66df4-b4f6-4cd0-ad4b-59d0f6f494cd">
      <Output>
        <StdOut>[2025-09-12 12:52:13 INF] Starting Test Execution: POrchAPI_Transfer_Invalid_Debtor_Particulars_Return_Error:["[DebtorParticularsValue, abcdefghijklmnsey]","[StatusCode, 400]"]
[2025-09-12 12:52:13 INF] Finished Test Execution: POrchAPI_Transfer_Invalid_Debtor_Particulars_Return_Error
[2025-09-12 12:52:13 INF] ---------------------------------------------------



TestContext Messages:
Given a POrch TransferRequest is created
-&gt; done: POrchAPIStepDefinitions.GivenAPOrchTransferRequestIsCreated() (0.0s)
And the Transfer Debtor particulars is abcdefghijklmnsey
-&gt; done: POrchAPIStepDefinitions.WhenTheDebtorParticularsIs("Transfer", "abcdefghijklmnsey") (0.0s)
When POrch Transfer API is called
-&gt; done: POrchAPIStepDefinitions.WhenPOrchAPIIsCalled("Transfer") (0.0s)
Then the request should return status code 400
-&gt; done: POrchAPIStepDefinitions.ThenTheRequestShouldReturnStatusCode(400) (0.0s)</StdOut>
      </Output>
    </UnitTestResult>
    <UnitTestResult executionId="d03be6a7-316c-4aef-84a3-9701e6f415b3" testId="912abe41-bb13-547c-08b8-149371040095" testName="POrchAPI_Transfer_Invalid_Debtor_Account_Source_Return_Error (&lt;null&gt;,400,'DebtorAccountSource' must not be empty.,)" computerName="ip-10-130-163-171" duration="00:00:00.0077479" startTime="2025-09-12T12:52:13.7642917+12:00" endTime="2025-09-12T12:52:13.7721570+12:00" testType="13cdc9d9-ddb5-4fa4-a97d-d965ccfc6d4b" outcome="Passed" testListId="8c84fa94-04c1-424b-9868-57a2d4851a1d" relativeResultsDirectory="d03be6a7-316c-4aef-84a3-9701e6f415b3">
      <Output>
        <StdOut>[2025-09-12 12:52:13 INF] Starting Test Execution: POrchAPI_Transfer_Invalid_Debtor_Account_Source_Return_Error:["[AccountSource, &lt;null&gt;]","[StatusCode, 400]","[ErrorMessage, 'DebtorAccountSource' must not be empty.]"]
[2025-09-12 12:52:13 INF] Finished Test Execution: POrchAPI_Transfer_Invalid_Debtor_Account_Source_Return_Error
[2025-09-12 12:52:13 INF] ---------------------------------------------------



TestContext Messages:
Given a POrch TransferRequest is created
-&gt; done: POrchAPIStepDefinitions.GivenAPOrchTransferRequestIsCreated() (0.0s)
And the transfer Debtor Account Source is &lt;null&gt;
-&gt; done: POrchAPIStepDefinitions.GivenTheTransferDebtorAccountSourceIs(null) (0.0s)
When POrch Transfer API is called
-&gt; done: POrchAPIStepDefinitions.WhenPOrchAPIIsCalled("Transfer") (0.0s)
Then the request should return status code 400
-&gt; done: POrchAPIStepDefinitions.ThenTheRequestShouldReturnStatusCode(400) (0.0s)
And the error message should be 'DebtorAccountSource' must not be empty.
-&gt; done: POrchAPIStepDefinitions.ThenTheErrorMessageShouldBeErrorMessage("'DebtorAccountSou...") (0.0s)</StdOut>
      </Output>
    </UnitTestResult>
    <UnitTestResult executionId="4c071d99-a058-4ccd-be12-9259031dbe8b" testId="23b19723-4ec5-2db0-0284-22ee74c1872a" testName="POrchAPI_Negative_MiddleWare_Response_409 (AccountIdentificationInsufficientError,409,)" computerName="ip-10-130-163-171" duration="00:00:01.0828684" startTime="2025-09-12T12:50:07.9302434+12:00" endTime="2025-09-12T12:50:09.0133522+12:00" testType="13cdc9d9-ddb5-4fa4-a97d-d965ccfc6d4b" outcome="Passed" testListId="8c84fa94-04c1-424b-9868-57a2d4851a1d" relativeResultsDirectory="4c071d99-a058-4ccd-be12-9259031dbe8b">
      <Output>
        <StdOut>[2025-09-12 12:50:07 INF] Starting Test Execution: POrchAPI_Negative_MiddleWare_Response_409:["[Result, AccountIdentificationInsufficientError]","[StatusCode, 409]"]
[2025-09-12 12:50:07 INF] Mocks are not ready after 1 / 5 attempt(s). Expected 2 mock(s) to be registered with the manager and got 0.
[2025-09-12 12:50:07 INF] Successfully created map MiddlewareMock_AccountIdentificationInsufficientError_b4dab74b-8028-4e1a-b126-71f2a67ef7c2 for /initialisepaymentorder/basic
[2025-09-12 12:50:07 INF] Successfully created map FraudcheckMock_Authorize_e90791d8-3ff1-4aa3-95c3-0e23816cbce9 for /api/v1/financial-transaction-fraud-checks
[2025-09-12 12:50:09 INF] Response has PaymentId: c54d392e-f642-41a9-88a0-326f05d905c9
[2025-09-12 12:50:09 INF] Finished Test Execution: POrchAPI_Negative_MiddleWare_Response_409
[2025-09-12 12:50:09 INF] ---------------------------------------------------



TestContext Messages:
Given a POrch PaymentRequest is created
-&gt; done: POrchAPIStepDefinitions.GivenAPOrchPaymentRequestIsCreated() (0.0s)
And FraudCheck Response is Authorize
-&gt; done: POrchAPIStepDefinitions.SetFraudCheckResponse("Authorize") (0.0s)
And MiddleWare Response is AccountIdentificationInsufficientError
-&gt; done: POrchAPIStepDefinitions.SetMiddlewareResponse("AccountIdentifica...") (0.0s)
When POrch Payment API is called
-&gt; done: POrchAPIStepDefinitions.WhenPOrchAPIIsCalled("Payment") (1.1s)
Then the request should return status code 409
-&gt; done: POrchAPIStepDefinitions.ThenTheRequestShouldReturnStatusCode(409) (0.0s)</StdOut>
      </Output>
    </UnitTestResult>
    <UnitTestResult executionId="9fd07c79-f8e5-490d-8d94-b0f799c82dd1" testId="a923da62-0967-101d-20f5-b36319276a81" testName="POrchAPI_TMVToTMV_Valid_Creditor_Reference_Return_Success (()+$*!;-/?:,201,)" computerName="ip-10-130-163-171" duration="00:00:01.0712700" startTime="2025-09-12T12:51:29.2158634+12:00" endTime="2025-09-12T12:51:30.2872838+12:00" testType="13cdc9d9-ddb5-4fa4-a97d-d965ccfc6d4b" outcome="Passed" testListId="8c84fa94-04c1-424b-9868-57a2d4851a1d" relativeResultsDirectory="9fd07c79-f8e5-490d-8d94-b0f799c82dd1">
      <Output>
        <StdOut>[2025-09-12 12:51:29 INF] Starting Test Execution: POrchAPI_TMVToTMV_Valid_Creditor_Reference_Return_Success:["[CreditorReferenceValue, ()+$*!;-/?:]","[StatusCode, 201]"]
[2025-09-12 12:51:29 INF] Mocks are not ready after 1 / 5 attempt(s). Expected 1 mock(s) to be registered with the manager and got 0.
[2025-09-12 12:51:29 INF] Successfully created map AdpsMock_Success_cd7c87d0-4c05-4ccc-8dcd-4faa0eb986e0 for /api/v1/payment-instruction/domestic/immediate
[2025-09-12 12:51:30 INF] Response has PaymentId: 9b68a3d8-4caf-4765-bbec-795cab69e2bc
[2025-09-12 12:51:30 INF] Finished Test Execution: POrchAPI_TMVToTMV_Valid_Creditor_Reference_Return_Success
[2025-09-12 12:51:30 INF] ---------------------------------------------------



TestContext Messages:
Given a TMV to TMV POrch TransferRequest is created
-&gt; done: POrchAPIStepDefinitions.ConditionalPOrchTransferRequestIsCreated("TMV", "TMV") (0.0s)
And the Transfer Creditor Reference is ()+$*!;-/?:
-&gt; done: POrchAPIStepDefinitions.WhenTheCreditorReferenceIs("Transfer", "()+$*!;-/?:") (0.0s)
And ADPS Response is Success
-&gt; done: POrchAPIStepDefinitions.SetAdpsResponse("Success") (0.0s)
When POrch Transfer API is called
-&gt; done: POrchAPIStepDefinitions.WhenPOrchAPIIsCalled("Transfer") (1.1s)
Then the request should return status code 201
-&gt; done: POrchAPIStepDefinitions.ThenTheRequestShouldReturnStatusCode(201) (0.0s)</StdOut>
      </Output>
    </UnitTestResult>
    <UnitTestResult executionId="0aacfeb6-9d66-455c-a573-38f026cf26b9" testId="cb4fe453-385e-5b34-821a-7787f23cec1a" testName="POrchAPI_Valid_Creditor_Reference_Return_Success (()+$*!;-/?:,201,)" computerName="ip-10-130-163-171" duration="00:00:01.0851629" startTime="2025-09-12T12:49:55.9436079+12:00" endTime="2025-09-12T12:49:57.0289936+12:00" testType="13cdc9d9-ddb5-4fa4-a97d-d965ccfc6d4b" outcome="Passed" testListId="8c84fa94-04c1-424b-9868-57a2d4851a1d" relativeResultsDirectory="0aacfeb6-9d66-455c-a573-38f026cf26b9">
      <Output>
        <StdOut>[2025-09-12 12:49:55 INF] Starting Test Execution: POrchAPI_Valid_Creditor_Reference_Return_Success:["[CreditorReferenceValue, ()+$*!;-/?:]","[StatusCode, 201]"]
[2025-09-12 12:49:55 INF] Mocks are not ready after 1 / 5 attempt(s). Expected 2 mock(s) to be registered with the manager and got 0.
[2025-09-12 12:49:55 INF] Successfully created map MiddlewareMock_Success_8f046b6e-6030-4840-b9ee-32800540c27b for /initialisepaymentorder/basic
[2025-09-12 12:49:55 INF] Successfully created map FraudcheckMock_Authorize_ab59c431-5a00-4cfa-9d6c-ea5724aba597 for /api/v1/financial-transaction-fraud-checks
[2025-09-12 12:49:57 INF] Response has PaymentId: d2cb3920-07c8-43eb-b4b9-f136e90d86e7
[2025-09-12 12:49:57 INF] Finished Test Execution: POrchAPI_Valid_Creditor_Reference_Return_Success
[2025-09-12 12:49:57 INF] ---------------------------------------------------



TestContext Messages:
Given a POrch PaymentRequest is created
-&gt; done: POrchAPIStepDefinitions.GivenAPOrchPaymentRequestIsCreated() (0.0s)
And the Payment Creditor Reference is ()+$*!;-/?:
-&gt; done: POrchAPIStepDefinitions.WhenTheCreditorReferenceIs("Payment", "()+$*!;-/?:") (0.0s)
And FraudCheck Response is Authorize
-&gt; done: POrchAPIStepDefinitions.SetFraudCheckResponse("Authorize") (0.0s)
And MiddleWare Response is Success
-&gt; done: POrchAPIStepDefinitions.SetMiddlewareResponse("Success") (0.0s)
When POrch Payment API is called
-&gt; done: POrchAPIStepDefinitions.WhenPOrchAPIIsCalled("Payment") (1.1s)
Then the request should return status code 201
-&gt; done: POrchAPIStepDefinitions.ThenTheRequestShouldReturnStatusCode(201) (0.0s)</StdOut>
      </Output>
    </UnitTestResult>
    <UnitTestResult executionId="abfa8637-0286-4d35-9f82-6ca8c2825e35" testId="7e4ff303-6afd-4499-de8d-cb38653a6f34" testName="POrchAPI_PAS_Retries (500,,)" computerName="ip-10-130-163-171" duration="00:00:01.1899175" startTime="2025-09-12T12:50:39.6939944+12:00" endTime="2025-09-12T12:50:40.8844786+12:00" testType="13cdc9d9-ddb5-4fa4-a97d-d965ccfc6d4b" outcome="Passed" testListId="8c84fa94-04c1-424b-9868-57a2d4851a1d" relativeResultsDirectory="abfa8637-0286-4d35-9f82-6ca8c2825e35">
      <Output>
        <StdOut>[2025-09-12 12:50:39 INF] Starting Test Execution: POrchAPI_PAS_Retries:["[ErrorCode, 500]"]
[2025-09-12 12:50:39 INF] Successfully created map FraudcheckMock_Decline_a638df76-c6b6-4505-9550-e29e585790cc for /api/v1/financial-transaction-fraud-checks
[2025-09-12 12:50:39 INF] Successfully created map PASErrorResponse_500_b8bc8d15-89e0-49c6-9096-b8de5f8e841f_1 for /v2/activities
[2025-09-12 12:50:39 INF] Successfully created map PASSuccess_4a1b6487-2075-41e7-af0b-7b9508bbeba8 for /v2/activities
[2025-09-12 12:50:40 INF] Response has PaymentId: 8d44d752-c361-4b4a-b718-bc2ca553caa2
[2025-09-12 12:50:40 INF] Finished Test Execution: POrchAPI_PAS_Retries
[2025-09-12 12:50:40 INF] ---------------------------------------------------



TestContext Messages:
Given a POrch PaymentRequest is created
-&gt; done: POrchAPIStepDefinitions.GivenAPOrchPaymentRequestIsCreated() (0.0s)
And FraudCheck Response is Decline
-&gt; done: POrchAPIStepDefinitions.SetFraudCheckResponse("Decline") (0.0s)
And the PAS mock response will return 500 then 200
-&gt; done: POrchAPIStepDefinitions.GivenThePASMockResponseWillReturnThen("500") (0.5s)
When POrch Payment API is called
-&gt; done: POrchAPIStepDefinitions.WhenPOrchAPIIsCalled("Payment") (0.6s)
Then the request should return status code 409
-&gt; done: POrchAPIStepDefinitions.ThenTheRequestShouldReturnStatusCode(409) (0.0s)
And there are 1 calls to the PASErrorResponse mock
-&gt; done: POrchAPIStepDefinitions.ThenThereAreCallsToThePasMock(1, "PASErrorResponse") (0.0s)
And there are 1 calls to the PASSuccess mock
-&gt; done: POrchAPIStepDefinitions.ThenThereAreCallsToThePasMock(1, "PASSuccess") (0.0s)</StdOut>
      </Output>
    </UnitTestResult>
    <UnitTestResult executionId="030f0adc-5841-43e7-9c46-b8a58863aa81" testId="90f3763a-3900-3afd-f670-8ed70f8a8e9e" testName="POrchAPI_Transfer_Invalid_Credit_Account_Return_Error (38123456789765,400,)" computerName="ip-10-130-163-171" duration="00:00:00.0082069" startTime="2025-09-12T12:52:13.5570751+12:00" endTime="2025-09-12T12:52:13.5653876+12:00" testType="13cdc9d9-ddb5-4fa4-a97d-d965ccfc6d4b" outcome="Passed" testListId="8c84fa94-04c1-424b-9868-57a2d4851a1d" relativeResultsDirectory="030f0adc-5841-43e7-9c46-b8a58863aa81">
      <Output>
        <StdOut>[2025-09-12 12:52:13 INF] Starting Test Execution: POrchAPI_Transfer_Invalid_Credit_Account_Return_Error:["[CreditAccounValue, 38123456789765]","[StatusCode, 400]"]
[2025-09-12 12:52:13 INF] Finished Test Execution: POrchAPI_Transfer_Invalid_Credit_Account_Return_Error
[2025-09-12 12:52:13 INF] ---------------------------------------------------



TestContext Messages:
Given a POrch TransferRequest is created
-&gt; done: POrchAPIStepDefinitions.GivenAPOrchTransferRequestIsCreated() (0.0s)
And the Transfer Credit Account field is &lt;CreditAccountValue&gt;
-&gt; done: POrchAPIStepDefinitions.WhenTheCreditAccountFieldIs("Transfer", "&lt;CreditAccountValue&gt;") (0.0s)
When POrch Transfer API is called
-&gt; done: POrchAPIStepDefinitions.WhenPOrchAPIIsCalled("Transfer") (0.0s)
Then the request should return status code 400
-&gt; done: POrchAPIStepDefinitions.ThenTheRequestShouldReturnStatusCode(400) (0.0s)</StdOut>
      </Output>
    </UnitTestResult>
    <UnitTestResult executionId="aba12510-1e7e-40f0-9cff-b33a389e1872" testId="67871900-0900-889d-1aef-49ad77f50ba8" testName="POrchAPI_TMVToTMV_Valid_Creditor_Code_Return_Success (=@#_%,.,201,)" computerName="ip-10-130-163-171" duration="00:00:01.0650355" startTime="2025-09-12T12:51:28.1506552+12:00" endTime="2025-09-12T12:51:29.2158210+12:00" testType="13cdc9d9-ddb5-4fa4-a97d-d965ccfc6d4b" outcome="Passed" testListId="8c84fa94-04c1-424b-9868-57a2d4851a1d" relativeResultsDirectory="aba12510-1e7e-40f0-9cff-b33a389e1872">
      <Output>
        <StdOut>[2025-09-12 12:51:28 INF] Starting Test Execution: POrchAPI_TMVToTMV_Valid_Creditor_Code_Return_Success:["[CreditorCodeValue, =@#_%,.]","[StatusCode, 201]"]
[2025-09-12 12:51:28 INF] Mocks are not ready after 1 / 5 attempt(s). Expected 1 mock(s) to be registered with the manager and got 0.
[2025-09-12 12:51:28 INF] Successfully created map AdpsMock_Success_7355aac9-c128-4a83-804c-8755bc108391 for /api/v1/payment-instruction/domestic/immediate
[2025-09-12 12:51:29 INF] Response has PaymentId: 1aaf45f2-4711-4dee-aae1-b70f56b5b1b8
[2025-09-12 12:51:29 INF] Finished Test Execution: POrchAPI_TMVToTMV_Valid_Creditor_Code_Return_Success
[2025-09-12 12:51:29 INF] ---------------------------------------------------



TestContext Messages:
Given a TMV to TMV POrch TransferRequest is created
-&gt; done: POrchAPIStepDefinitions.ConditionalPOrchTransferRequestIsCreated("TMV", "TMV") (0.0s)
And the Transfer Creditor Code is =@#_%,.
-&gt; done: POrchAPIStepDefinitions.WhenTheCreditorCodeIs("Transfer", "=@#_%,.") (0.0s)
And ADPS Response is Success
-&gt; done: POrchAPIStepDefinitions.SetAdpsResponse("Success") (0.0s)
When POrch Transfer API is called
-&gt; done: POrchAPIStepDefinitions.WhenPOrchAPIIsCalled("Transfer") (1.1s)
Then the request should return status code 201
-&gt; done: POrchAPIStepDefinitions.ThenTheRequestShouldReturnStatusCode(201) (0.0s)</StdOut>
      </Output>
    </UnitTestResult>
    <UnitTestResult executionId="d8e8c260-5435-4dec-8aae-bc18c9238449" testId="6e0b63eb-2fd6-39bc-279e-348579ae6eae" testName="POrchAPI_UltracsUltracs_Transfer_Send_Transfer_Reference_Return_Error (TRANSFER FROM MR Test - 00,400,)" computerName="ip-10-130-163-171" duration="00:00:00.0082678" startTime="2025-09-12T12:52:13.9163221+12:00" endTime="2025-09-12T12:52:13.9303680+12:00" testType="13cdc9d9-ddb5-4fa4-a97d-d965ccfc6d4b" outcome="Passed" testListId="8c84fa94-04c1-424b-9868-57a2d4851a1d" relativeResultsDirectory="d8e8c260-5435-4dec-8aae-bc18c9238449">
      <Output>
        <StdOut>[2025-09-12 12:52:13 INF] Starting Test Execution: POrchAPI_UltracsUltracs_Transfer_Send_Transfer_Reference_Return_Error:["[TransferRefValue, TRANSFER FROM MR Test - 00]","[StatusCode, 400]"]
[2025-09-12 12:52:13 INF] Finished Test Execution: POrchAPI_UltracsUltracs_Transfer_Send_Transfer_Reference_Return_Error
[2025-09-12 12:52:13 INF] ---------------------------------------------------



TestContext Messages:
Given a Ultracs to Ultracs POrch TransferRequest is created
-&gt; done: POrchAPIStepDefinitions.ConditionalPOrchTransferRequestIsCreated("Ultracs", "Ultracs") (0.0s)
And the Transfer Reference is TRANSFER FROM MR Test - 00
-&gt; done: POrchAPIStepDefinitions.TheTransferReferenceIs("TRANSFER FROM MR ...") (0.0s)
When POrch Transfer API is called
-&gt; done: POrchAPIStepDefinitions.WhenPOrchAPIIsCalled("Transfer") (0.0s)
Then the request should return status code 400
-&gt; done: POrchAPIStepDefinitions.ThenTheRequestShouldReturnStatusCode(400) (0.0s)</StdOut>
      </Output>
    </UnitTestResult>
    <UnitTestResult executionId="c23d2ca6-a9bd-4fa0-b354-9634894101de" testId="032f12d0-722f-e4e5-5e5f-09b7a65d8a24" testName="POrchAPI_Negative_FraudCheck_Success_Middleware_Response (Refer,201,)" computerName="ip-10-130-163-171" duration="00:00:01.0698961" startTime="2025-09-12T12:50:15.5264322+12:00" endTime="2025-09-12T12:50:16.5965150+12:00" testType="13cdc9d9-ddb5-4fa4-a97d-d965ccfc6d4b" outcome="Passed" testListId="8c84fa94-04c1-424b-9868-57a2d4851a1d" relativeResultsDirectory="c23d2ca6-a9bd-4fa0-b354-9634894101de">
      <Output>
        <StdOut>[2025-09-12 12:50:15 INF] Starting Test Execution: POrchAPI_Negative_FraudCheck_Success_Middleware_Response:["[Result, Refer]","[StatusCode, 201]"]
[2025-09-12 12:50:15 INF] Successfully created map FraudcheckMock_Refer_f64b7b6e-85d6-4aef-bcb0-1981a8fa6eca for /api/v1/financial-transaction-fraud-checks
[2025-09-12 12:50:15 INF] Mocks are not ready after 1 / 5 attempt(s). Expected 3 mock(s) to be registered with the manager and got 0.
[2025-09-12 12:50:15 INF] Successfully created map MiddlewareMock_Success_a480e68f-2e20-48b0-8a30-6d2f8b271f3d for /initialisepaymentorder/basic
[2025-09-12 12:50:15 INF] Successfully created map PartyActivityServiceMock_Created_42f439a4-8e8a-4ad0-aa1f-85495a40e033 for /v2/activities
[2025-09-12 12:50:16 INF] Response has PaymentId: 0fd59a98-5bc9-4b97-8e30-c534ffab74af
[2025-09-12 12:50:16 INF] Finished Test Execution: POrchAPI_Negative_FraudCheck_Success_Middleware_Response
[2025-09-12 12:50:16 INF] ---------------------------------------------------



TestContext Messages:
Given a POrch PaymentRequest is created
-&gt; done: POrchAPIStepDefinitions.GivenAPOrchPaymentRequestIsCreated() (0.0s)
And FraudCheck Response is Refer
-&gt; done: POrchAPIStepDefinitions.SetFraudCheckResponse("Refer") (0.0s)
And MiddleWare Response is Success
-&gt; done: POrchAPIStepDefinitions.SetMiddlewareResponse("Success") (0.0s)
And the PAS response is Created
-&gt; done: POrchAPIStepDefinitions.ThePasResponseIs("Created") (0.0s)
When POrch Payment API is called
-&gt; done: POrchAPIStepDefinitions.WhenPOrchAPIIsCalled("Payment") (1.1s)
Then the request should return status code 201
-&gt; done: POrchAPIStepDefinitions.ThenTheRequestShouldReturnStatusCode(201) (0.0s)</StdOut>
      </Output>
    </UnitTestResult>
    <UnitTestResult executionId="5bae854d-a2f5-4cc3-b14d-0429df549d34" testId="53c1eb3d-2c21-ebf0-7781-bbd510504b80" testName="POrchAPI_TMVToUltracs_Valid_Debtor_Reference_Return_Success (=@#_%,.,201,)" computerName="ip-10-130-163-171" duration="00:00:01.0892900" startTime="2025-09-12T12:51:46.6391724+12:00" endTime="2025-09-12T12:51:47.7285948+12:00" testType="13cdc9d9-ddb5-4fa4-a97d-d965ccfc6d4b" outcome="Passed" testListId="8c84fa94-04c1-424b-9868-57a2d4851a1d" relativeResultsDirectory="5bae854d-a2f5-4cc3-b14d-0429df549d34">
      <Output>
        <StdOut>[2025-09-12 12:51:46 INF] Starting Test Execution: POrchAPI_TMVToUltracs_Valid_Debtor_Reference_Return_Success:["[DebtorReferenceValue, =@#_%,.]","[StatusCode, 201]"]
[2025-09-12 12:51:46 INF] Mocks are not ready after 1 / 5 attempt(s). Expected 2 mock(s) to be registered with the manager and got 0.
[2025-09-12 12:51:46 INF] Successfully created map AdpsMock_Success_c241304a-600c-4bc5-9bad-d8c433e6b643 for /api/v1/payment-instruction/domestic/immediate
[2025-09-12 12:51:46 INF] Successfully created map MiddlewareMock_Success_496a44c7-4175-456e-9b72-17725f022569 for /initialisepaymentorder/basic
[2025-09-12 12:51:47 INF] Response has PaymentId: dcf226ec-6bfc-416e-b896-e39be640de21
[2025-09-12 12:51:47 INF] Finished Test Execution: POrchAPI_TMVToUltracs_Valid_Debtor_Reference_Return_Success
[2025-09-12 12:51:47 INF] ---------------------------------------------------



TestContext Messages:
Given a TMV to Ultracs POrch TransferRequest is created
-&gt; done: POrchAPIStepDefinitions.ConditionalPOrchTransferRequestIsCreated("TMV", "Ultracs") (0.0s)
And the Transfer Debtor Reference is =@#_%,.
-&gt; done: POrchAPIStepDefinitions.WhenTheDebtorReferenceIs("Transfer", "=@#_%,.") (0.0s)
And ADPS Response is Success
-&gt; done: POrchAPIStepDefinitions.SetAdpsResponse("Success") (0.0s)
And MiddleWare Response is Success
-&gt; done: POrchAPIStepDefinitions.SetMiddlewareResponse("Success") (0.0s)
When POrch Transfer API is called
-&gt; done: POrchAPIStepDefinitions.WhenPOrchAPIIsCalled("Transfer") (1.1s)
Then the request should return status code 201
-&gt; done: POrchAPIStepDefinitions.ThenTheRequestShouldReturnStatusCode(201) (0.0s)</StdOut>
      </Output>
    </UnitTestResult>
    <UnitTestResult executionId="677b9cff-c309-4aa2-96cf-e9a7686f6db0" testId="440dfa76-f2d6-e073-a941-9c06f5701cb8" testName="POrchAPI_Invalid_Creditor_Reference_Return_Error (},400,)" computerName="ip-10-130-163-171" duration="00:00:00.0086740" startTime="2025-09-12T12:50:37.9312743+12:00" endTime="2025-09-12T12:50:37.9401073+12:00" testType="13cdc9d9-ddb5-4fa4-a97d-d965ccfc6d4b" outcome="Passed" testListId="8c84fa94-04c1-424b-9868-57a2d4851a1d" relativeResultsDirectory="677b9cff-c309-4aa2-96cf-e9a7686f6db0">
      <Output>
        <StdOut>[2025-09-12 12:50:37 INF] Starting Test Execution: POrchAPI_Invalid_Creditor_Reference_Return_Error:["[CreditorReferenceValue, }]","[StatusCode, 400]"]
[2025-09-12 12:50:37 INF] Finished Test Execution: POrchAPI_Invalid_Creditor_Reference_Return_Error
[2025-09-12 12:50:37 INF] ---------------------------------------------------



TestContext Messages:
Given a POrch PaymentRequest is created
-&gt; done: POrchAPIStepDefinitions.GivenAPOrchPaymentRequestIsCreated() (0.0s)
And the Payment Creditor Reference is }
-&gt; done: POrchAPIStepDefinitions.WhenTheCreditorReferenceIs("Payment", "}") (0.0s)
When POrch Payment API is called
-&gt; done: POrchAPIStepDefinitions.WhenPOrchAPIIsCalled("Payment") (0.0s)
Then the request should return status code 400
-&gt; done: POrchAPIStepDefinitions.ThenTheRequestShouldReturnStatusCode(400) (0.0s)</StdOut>
      </Output>
    </UnitTestResult>
    <UnitTestResult executionId="7f8e8955-b3be-47ca-b4ad-120f17f572e7" testId="2fecca67-338e-25c3-05f8-daf7beebf1e8" testName="POrchAPI_Transfer_Invalid_Debtor_Account_Source_Return_Error (ULTRCS,400,'DebtorAccountSource' can only be Ultracs or TMV for transfers.,)" computerName="ip-10-130-163-171" duration="00:00:00.0078204" startTime="2025-09-12T12:52:13.7487978+12:00" endTime="2025-09-12T12:52:13.7567291+12:00" testType="13cdc9d9-ddb5-4fa4-a97d-d965ccfc6d4b" outcome="Passed" testListId="8c84fa94-04c1-424b-9868-57a2d4851a1d" relativeResultsDirectory="7f8e8955-b3be-47ca-b4ad-120f17f572e7">
      <Output>
        <StdOut>[2025-09-12 12:52:13 INF] Starting Test Execution: POrchAPI_Transfer_Invalid_Debtor_Account_Source_Return_Error:["[AccountSource, ULTRCS]","[StatusCode, 400]","[ErrorMessage, 'DebtorAccountSource' can only be Ultracs or TMV for transfers.]"]
[2025-09-12 12:52:13 INF] Finished Test Execution: POrchAPI_Transfer_Invalid_Debtor_Account_Source_Return_Error
[2025-09-12 12:52:13 INF] ---------------------------------------------------



TestContext Messages:
Given a POrch TransferRequest is created
-&gt; done: POrchAPIStepDefinitions.GivenAPOrchTransferRequestIsCreated() (0.0s)
And the transfer Debtor Account Source is ULTRCS
-&gt; done: POrchAPIStepDefinitions.GivenTheTransferDebtorAccountSourceIs("ULTRCS") (0.0s)
When POrch Transfer API is called
-&gt; done: POrchAPIStepDefinitions.WhenPOrchAPIIsCalled("Transfer") (0.0s)
Then the request should return status code 400
-&gt; done: POrchAPIStepDefinitions.ThenTheRequestShouldReturnStatusCode(400) (0.0s)
And the error message should be 'DebtorAccountSource' can only be Ultracs or TMV for transfers.
-&gt; done: POrchAPIStepDefinitions.ThenTheErrorMessageShouldBeErrorMessage("'DebtorAccountSou...") (0.0s)</StdOut>
      </Output>
    </UnitTestResult>
    <UnitTestResult executionId="4e6c4e9e-b0d1-4e15-9902-9f6ef1ffec59" testId="018ced43-41c2-42e8-f806-f4bb8c3aa21c" testName="POrchAPI_UltracsToTMV_Valid_Debtor_Code_Return_Success (()+$*!;-/?:,201,)" computerName="ip-10-130-163-171" duration="00:00:01.0928391" startTime="2025-09-12T12:51:55.3442142+12:00" endTime="2025-09-12T12:51:56.4372155+12:00" testType="13cdc9d9-ddb5-4fa4-a97d-d965ccfc6d4b" outcome="Passed" testListId="8c84fa94-04c1-424b-9868-57a2d4851a1d" relativeResultsDirectory="4e6c4e9e-b0d1-4e15-9902-9f6ef1ffec59">
      <Output>
        <StdOut>[2025-09-12 12:51:55 INF] Starting Test Execution: POrchAPI_UltracsToTMV_Valid_Debtor_Code_Return_Success:["[DebtorCodeValue, ()+$*!;-/?:]","[StatusCode, 201]"]
[2025-09-12 12:51:55 INF] Mocks are not ready after 1 / 5 attempt(s). Expected 2 mock(s) to be registered with the manager and got 0.
[2025-09-12 12:51:55 INF] Successfully created map AdpsMock_Success_30c78bf6-04f1-4bf4-a6f5-5b7cbf0f9c4c for /api/v1/payment-instruction/domestic/immediate
[2025-09-12 12:51:55 INF] Successfully created map MiddlewareMock_Success_e87ef577-1f70-464f-82b0-0757234dcd86 for /initialisepaymentorder/basic
[2025-09-12 12:51:56 INF] Response has PaymentId: 3f4a8250-4596-42cc-8876-12e2e101296e
[2025-09-12 12:51:56 INF] Finished Test Execution: POrchAPI_UltracsToTMV_Valid_Debtor_Code_Return_Success
[2025-09-12 12:51:56 INF] ---------------------------------------------------



TestContext Messages:
Given a Ultracs to TMV POrch TransferRequest is created
-&gt; done: POrchAPIStepDefinitions.ConditionalPOrchTransferRequestIsCreated("Ultracs", "TMV") (0.0s)
And the Transfer Debtor Code is ()+$*!;-/?:
-&gt; done: POrchAPIStepDefinitions.WhenTheDebtorCodeIs("Transfer", "()+$*!;-/?:") (0.0s)
And ADPS Response is Success
-&gt; done: POrchAPIStepDefinitions.SetAdpsResponse("Success") (0.0s)
And MiddleWare Response is Success
-&gt; done: POrchAPIStepDefinitions.SetMiddlewareResponse("Success") (0.0s)
When POrch Transfer API is called
-&gt; done: POrchAPIStepDefinitions.WhenPOrchAPIIsCalled("Transfer") (1.1s)
Then the request should return status code 201
-&gt; done: POrchAPIStepDefinitions.ThenTheRequestShouldReturnStatusCode(201) (0.0s)</StdOut>
      </Output>
    </UnitTestResult>
    <UnitTestResult executionId="636b2a09-90d1-4c4f-b9a0-522ff126d706" testId="bc26215c-221b-e92a-8858-77f541750414" testName="POrchAPI_Invalid_Payee_Code_Return_Error (},400,)" computerName="ip-10-130-163-171" duration="00:00:00.0080697" startTime="2025-09-12T12:50:37.9026439+12:00" endTime="2025-09-12T12:50:37.9108630+12:00" testType="13cdc9d9-ddb5-4fa4-a97d-d965ccfc6d4b" outcome="Passed" testListId="8c84fa94-04c1-424b-9868-57a2d4851a1d" relativeResultsDirectory="636b2a09-90d1-4c4f-b9a0-522ff126d706">
      <Output>
        <StdOut>[2025-09-12 12:50:37 INF] Starting Test Execution: POrchAPI_Invalid_Payee_Code_Return_Error:["[CreditorCodeValue, }]","[StatusCode, 400]"]
[2025-09-12 12:50:37 INF] Finished Test Execution: POrchAPI_Invalid_Payee_Code_Return_Error
[2025-09-12 12:50:37 INF] ---------------------------------------------------



TestContext Messages:
Given a POrch PaymentRequest is created
-&gt; done: POrchAPIStepDefinitions.GivenAPOrchPaymentRequestIsCreated() (0.0s)
And the Payment Creditor Code is }
-&gt; done: POrchAPIStepDefinitions.WhenTheCreditorCodeIs("Payment", "}") (0.0s)
When POrch Payment API is called
-&gt; done: POrchAPIStepDefinitions.WhenPOrchAPIIsCalled("Payment") (0.0s)
Then the request should return status code 400
-&gt; done: POrchAPIStepDefinitions.ThenTheRequestShouldReturnStatusCode(400) (0.0s)</StdOut>
      </Output>
    </UnitTestResult>
    <UnitTestResult executionId="19f96be7-46a7-4d5d-9545-ad71eabfc108" testId="6c1c4578-a7af-aca4-9467-6b8db73501c1" testName="POrchAPI_TMVTMV_Transfer_Send_Transfer_Reference_Return_Error (TRANSFER FROM MR Test - 00,400,)" computerName="ip-10-130-163-171" duration="00:00:00.0086266" startTime="2025-09-12T12:52:13.8981014+12:00" endTime="2025-09-12T12:52:13.9068495+12:00" testType="13cdc9d9-ddb5-4fa4-a97d-d965ccfc6d4b" outcome="Passed" testListId="8c84fa94-04c1-424b-9868-57a2d4851a1d" relativeResultsDirectory="19f96be7-46a7-4d5d-9545-ad71eabfc108">
      <Output>
        <StdOut>[2025-09-12 12:52:13 INF] Starting Test Execution: POrchAPI_TMVTMV_Transfer_Send_Transfer_Reference_Return_Error:["[TransferRefValue, TRANSFER FROM MR Test - 00]","[StatusCode, 400]"]
[2025-09-12 12:52:13 INF] Finished Test Execution: POrchAPI_TMVTMV_Transfer_Send_Transfer_Reference_Return_Error
[2025-09-12 12:52:13 INF] ---------------------------------------------------



TestContext Messages:
Given a TMV to TMV POrch TransferRequest is created
-&gt; done: POrchAPIStepDefinitions.ConditionalPOrchTransferRequestIsCreated("TMV", "TMV") (0.0s)
And the Transfer Reference is TRANSFER FROM MR Test - 00
-&gt; done: POrchAPIStepDefinitions.TheTransferReferenceIs("TRANSFER FROM MR ...") (0.0s)
When POrch Transfer API is called
-&gt; done: POrchAPIStepDefinitions.WhenPOrchAPIIsCalled("Transfer") (0.0s)
Then the request should return status code 400
-&gt; done: POrchAPIStepDefinitions.ThenTheRequestShouldReturnStatusCode(400) (0.0s)</StdOut>
      </Output>
    </UnitTestResult>
    <UnitTestResult executionId="83c3fa6e-b9f4-48f2-a4eb-f3a2771e2cd1" testId="bd7de458-b30d-1d8e-6031-b0f25ccd5a5d" testName="POrchAPI_Invalid_Credit_Account_Return_Error (38123456789765,400,)" computerName="ip-10-130-163-171" duration="00:00:00.0088263" startTime="2025-09-12T12:50:37.7564546+12:00" endTime="2025-09-12T12:50:37.7654278+12:00" testType="13cdc9d9-ddb5-4fa4-a97d-d965ccfc6d4b" outcome="Passed" testListId="8c84fa94-04c1-424b-9868-57a2d4851a1d" relativeResultsDirectory="83c3fa6e-b9f4-48f2-a4eb-f3a2771e2cd1">
      <Output>
        <StdOut>[2025-09-12 12:50:37 INF] Starting Test Execution: POrchAPI_Invalid_Credit_Account_Return_Error:["[CreditAccounValue, 38123456789765]","[StatusCode, 400]"]
[2025-09-12 12:50:37 INF] Finished Test Execution: POrchAPI_Invalid_Credit_Account_Return_Error
[2025-09-12 12:50:37 INF] ---------------------------------------------------



TestContext Messages:
Given a POrch PaymentRequest is created
-&gt; done: POrchAPIStepDefinitions.GivenAPOrchPaymentRequestIsCreated() (0.0s)
And the Payment Credit Account field is &lt;CreditAccountValue&gt;
-&gt; done: POrchAPIStepDefinitions.WhenTheCreditAccountFieldIs("Payment", "&lt;CreditAccountValue&gt;") (0.0s)
When POrch Payment API is called
-&gt; done: POrchAPIStepDefinitions.WhenPOrchAPIIsCalled("Payment") (0.0s)
Then the request should return status code 400
-&gt; done: POrchAPIStepDefinitions.ThenTheRequestShouldReturnStatusCode(400) (0.0s)</StdOut>
      </Output>
    </UnitTestResult>
    <UnitTestResult executionId="723bfe0d-8df5-43be-aaa9-637880c3fd35" testId="68699688-1432-0773-2a3e-42a9bd29c51d" testName="POrchAPI_Invalid_PAS_Response_Doesnt_Retry (403,,)" computerName="ip-10-130-163-171" duration="00:00:00.5909946" startTime="2025-09-12T12:50:49.2133353+12:00" endTime="2025-09-12T12:50:49.8044713+12:00" testType="13cdc9d9-ddb5-4fa4-a97d-d965ccfc6d4b" outcome="Passed" testListId="8c84fa94-04c1-424b-9868-57a2d4851a1d" relativeResultsDirectory="723bfe0d-8df5-43be-aaa9-637880c3fd35">
      <Output>
        <StdOut>[2025-09-12 12:50:49 INF] Starting Test Execution: POrchAPI_Invalid_PAS_Response_Doesn't_Retry:["[PASResponse, 403]"]
[2025-09-12 12:50:49 INF] Successfully created map FraudcheckMock_Decline_472b81bc-0411-40f2-8108-a26fbe6e9ed0 for /api/v1/financial-transaction-fraud-checks
[2025-09-12 12:50:49 INF] Successfully created map PASErrorResponse_403_0521e701-f1ed-4f01-9faa-5d2aab622dbc_1 for /v2/activities
[2025-09-12 12:50:49 INF] Successfully created map PASSuccess_057a40cd-7130-4273-952c-4d44bc4a5b4a for /v2/activities
[2025-09-12 12:50:49 INF] Response has PaymentId: df854139-baa0-4b2c-b012-c67e4bf29305
[2025-09-12 12:50:49 INF] Finished Test Execution: POrchAPI_Invalid_PAS_Response_Doesn't_Retry
[2025-09-12 12:50:49 INF] ---------------------------------------------------



TestContext Messages:
Given a POrch PaymentRequest is created
-&gt; done: POrchAPIStepDefinitions.GivenAPOrchPaymentRequestIsCreated() (0.0s)
And FraudCheck Response is Decline
-&gt; done: POrchAPIStepDefinitions.SetFraudCheckResponse("Decline") (0.0s)
And the PAS mock response will return 403 then 200
-&gt; done: POrchAPIStepDefinitions.GivenThePASMockResponseWillReturnThen("403") (0.5s)
When POrch Payment API is called
-&gt; done: POrchAPIStepDefinitions.WhenPOrchAPIIsCalled("Payment") (0.1s)
Then the request should return status code 409
-&gt; done: POrchAPIStepDefinitions.ThenTheRequestShouldReturnStatusCode(409) (0.0s)
And there are 1 calls to the PASErrorResponse mock
-&gt; done: POrchAPIStepDefinitions.ThenThereAreCallsToThePasMock(1, "PASErrorResponse") (0.0s)</StdOut>
      </Output>
    </UnitTestResult>
    <UnitTestResult executionId="314b81cf-2e9e-44b3-a3ef-addae59fd33c" testId="5c7021b2-ab84-6ddb-0ca5-4189e02d5ac9" testName="POrchAPI_Negative_FraudCheck_Response_Frozen_Middleware_409 (Hold,409,)" computerName="ip-10-130-163-171" duration="00:00:01.0740256" startTime="2025-09-12T12:50:12.2548073+12:00" endTime="2025-09-12T12:50:13.3290283+12:00" testType="13cdc9d9-ddb5-4fa4-a97d-d965ccfc6d4b" outcome="Passed" testListId="8c84fa94-04c1-424b-9868-57a2d4851a1d" relativeResultsDirectory="314b81cf-2e9e-44b3-a3ef-addae59fd33c">
      <Output>
        <StdOut>[2025-09-12 12:50:12 INF] Starting Test Execution: POrchAPI_Negative_FraudCheck_Response_Frozen_Middleware_409:["[Result, Hold]","[StatusCode, 409]"]
[2025-09-12 12:50:12 INF] Mocks are not ready after 1 / 5 attempt(s). Expected 3 mock(s) to be registered with the manager and got 0.
[2025-09-12 12:50:12 INF] Successfully created map FraudcheckMock_Hold_9d10fe47-997e-4e63-ba5b-31948c7eeabb for /api/v1/financial-transaction-fraud-checks
[2025-09-12 12:50:12 INF] Successfully created map PartyActivityServiceMock_Created_63cc9140-d9a1-461e-9362-41acd2e39996 for /v2/activities
[2025-09-12 12:50:12 INF] Successfully created map MiddlewareMock_FrozenError_bcd7108f-0cea-41e2-bbca-ed810a6c4c9e for /initialisepaymentorder/basic
[2025-09-12 12:50:13 INF] Response has PaymentId: da0c43d4-d82d-475a-96db-a5f125b0b0a4
[2025-09-12 12:50:13 INF] Finished Test Execution: POrchAPI_Negative_FraudCheck_Response_Frozen_Middleware_409
[2025-09-12 12:50:13 INF] ---------------------------------------------------



TestContext Messages:
Given a POrch PaymentRequest is created
-&gt; done: POrchAPIStepDefinitions.GivenAPOrchPaymentRequestIsCreated() (0.0s)
And FraudCheck Response is Hold
-&gt; done: POrchAPIStepDefinitions.SetFraudCheckResponse("Hold") (0.0s)
And MiddleWare Response is FrozenError
-&gt; done: POrchAPIStepDefinitions.SetMiddlewareResponse("FrozenError") (0.0s)
And the PAS response is Created
-&gt; done: POrchAPIStepDefinitions.ThePasResponseIs("Created") (0.0s)
When POrch Payment API is called
-&gt; done: POrchAPIStepDefinitions.WhenPOrchAPIIsCalled("Payment") (1.1s)
Then the request should return status code 409
-&gt; done: POrchAPIStepDefinitions.ThenTheRequestShouldReturnStatusCode(409) (0.0s)</StdOut>
      </Output>
    </UnitTestResult>
    <UnitTestResult executionId="a86bc66e-8f49-46fd-8b10-93b0b1286263" testId="17123aeb-362b-66b0-2981-2994bc93be84" testName="POrchAPI_Transfer_Invalid_Creditor_Code_Return_Error (},400,)" computerName="ip-10-130-163-171" duration="00:00:00.0068876" startTime="2025-09-12T12:52:13.6747177+12:00" endTime="2025-09-12T12:52:13.6817257+12:00" testType="13cdc9d9-ddb5-4fa4-a97d-d965ccfc6d4b" outcome="Passed" testListId="8c84fa94-04c1-424b-9868-57a2d4851a1d" relativeResultsDirectory="a86bc66e-8f49-46fd-8b10-93b0b1286263">
      <Output>
        <StdOut>[2025-09-12 12:52:13 INF] Starting Test Execution: POrchAPI_Transfer_Invalid_Creditor_Code_Return_Error:["[CreditorCodeValue, }]","[StatusCode, 400]"]
[2025-09-12 12:52:13 INF] Finished Test Execution: POrchAPI_Transfer_Invalid_Creditor_Code_Return_Error
[2025-09-12 12:52:13 INF] ---------------------------------------------------



TestContext Messages:
Given a POrch TransferRequest is created
-&gt; done: POrchAPIStepDefinitions.GivenAPOrchTransferRequestIsCreated() (0.0s)
And the Transfer Creditor Code is }
-&gt; done: POrchAPIStepDefinitions.WhenTheCreditorCodeIs("Transfer", "}") (0.0s)
When POrch Transfer API is called
-&gt; done: POrchAPIStepDefinitions.WhenPOrchAPIIsCalled("Transfer") (0.0s)
Then the request should return status code 400
-&gt; done: POrchAPIStepDefinitions.ThenTheRequestShouldReturnStatusCode(400) (0.0s)</StdOut>
      </Output>
    </UnitTestResult>
    <UnitTestResult executionId="6b73a1df-de12-4440-9961-14a71861cb66" testId="21e999d7-510e-1c4e-c52c-d104b54dd531" testName="POrchAPI_Transfer_Invalid_Debit_Account_Return_Error (38123456789765,400,)" computerName="ip-10-130-163-171" duration="00:00:00.0079821" startTime="2025-09-12T12:52:13.5323034+12:00" endTime="2025-09-12T12:52:13.5404001+12:00" testType="13cdc9d9-ddb5-4fa4-a97d-d965ccfc6d4b" outcome="Passed" testListId="8c84fa94-04c1-424b-9868-57a2d4851a1d" relativeResultsDirectory="6b73a1df-de12-4440-9961-14a71861cb66">
      <Output>
        <StdOut>[2025-09-12 12:52:13 INF] Starting Test Execution: POrchAPI_Transfer_Invalid_Debit_Account_Return_Error:["[DebitAccountValue, 38123456789765]","[StatusCode, 400]"]
[2025-09-12 12:52:13 INF] Finished Test Execution: POrchAPI_Transfer_Invalid_Debit_Account_Return_Error
[2025-09-12 12:52:13 INF] ---------------------------------------------------



TestContext Messages:
Given a POrch TransferRequest is created
-&gt; done: POrchAPIStepDefinitions.GivenAPOrchTransferRequestIsCreated() (0.0s)
And the Transfer Debit Account field is 38123456789765
-&gt; done: POrchAPIStepDefinitions.WhenTheDebitAccountFieldIs("Transfer", "38123456789765") (0.0s)
When POrch Transfer API is called
-&gt; done: POrchAPIStepDefinitions.WhenPOrchAPIIsCalled("Transfer") (0.0s)
Then the request should return status code 400
-&gt; done: POrchAPIStepDefinitions.ThenTheRequestShouldReturnStatusCode(400) (0.0s)</StdOut>
      </Output>
    </UnitTestResult>
    <UnitTestResult executionId="41bcefe6-bfaf-43a3-8760-3d0085ac2376" testId="f4caa0e6-6e3d-c131-c429-ec5067fe0c26" testName="POrchAPI_UltracsTransactionAcct_To_TMVOnlineCall_Successful" computerName="ip-10-130-163-171" duration="00:00:01.0863912" startTime="2025-09-12T12:51:49.8898013+12:00" endTime="2025-09-12T12:51:50.9767610+12:00" testType="13cdc9d9-ddb5-4fa4-a97d-d965ccfc6d4b" outcome="Passed" testListId="8c84fa94-04c1-424b-9868-57a2d4851a1d" relativeResultsDirectory="41bcefe6-bfaf-43a3-8760-3d0085ac2376">
      <Output>
        <StdOut>[2025-09-12 12:51:49 INF] Starting Test Execution: POrchAPI_UltracsTransactionAcct_To_TMVOnlineCall_successful:[]
[2025-09-12 12:51:49 INF] Mocks are not ready after 1 / 5 attempt(s). Expected 2 mock(s) to be registered with the manager and got 0.
[2025-09-12 12:51:49 INF] Successfully created map MiddlewareMock_Success_147d9ff1-9961-4510-8c38-811a66738af1 for /initialisepaymentorder/basic
[2025-09-12 12:51:49 INF] Successfully created map AdpsMock_Success_737ab618-0bbe-4f51-ad03-883d90b4dc42 for /api/v1/payment-instruction/domestic/immediate
[2025-09-12 12:51:50 INF] Response has PaymentId: 2831914e-f3d4-42e1-9442-45b179bab80a
[2025-09-12 12:51:50 INF] Finished Test Execution: POrchAPI_UltracsTransactionAcct_To_TMVOnlineCall_successful
[2025-09-12 12:51:50 INF] ---------------------------------------------------



TestContext Messages:
Given a Ultracs to TMV POrch TransferRequest is created
-&gt; done: POrchAPIStepDefinitions.ConditionalPOrchTransferRequestIsCreated("Ultracs", "TMV") (0.0s)
And MiddleWare Response is Success
-&gt; done: POrchAPIStepDefinitions.SetMiddlewareResponse("Success") (0.0s)
And ADPS Response is Success
-&gt; done: POrchAPIStepDefinitions.SetAdpsResponse("Success") (0.0s)
When POrch Transfer API is called
-&gt; done: POrchAPIStepDefinitions.WhenPOrchAPIIsCalled("Transfer") (1.1s)
Then the request should return status code 201
-&gt; done: POrchAPIStepDefinitions.ThenTheRequestShouldReturnStatusCode(201) (0.0s)</StdOut>
      </Output>
    </UnitTestResult>
    <UnitTestResult executionId="0f357ef2-a78e-47a7-8fec-6f2511b13c00" testId="fdea718c-e7bf-5aa2-3704-8a4192cbbb7b" testName="POrchAPI_Valid_Debtor_Particulars_Return_Success (()+$*!;-/?:,201,)" computerName="ip-10-130-163-171" duration="00:00:01.0948214" startTime="2025-09-12T12:49:47.2376943+12:00" endTime="2025-09-12T12:49:48.3331306+12:00" testType="13cdc9d9-ddb5-4fa4-a97d-d965ccfc6d4b" outcome="Passed" testListId="8c84fa94-04c1-424b-9868-57a2d4851a1d" relativeResultsDirectory="0f357ef2-a78e-47a7-8fec-6f2511b13c00">
      <Output>
        <StdOut>[2025-09-12 12:49:47 INF] Starting Test Execution: POrchAPI_Valid_Debtor_Particulars_Return_Success:["[DebtorParticularsValue, ()+$*!;-/?:]","[StatusCode, 201]"]
[2025-09-12 12:49:47 INF] Mocks are not ready after 1 / 5 attempt(s). Expected 2 mock(s) to be registered with the manager and got 0.
[2025-09-12 12:49:47 INF] Successfully created map FraudcheckMock_Authorize_140de507-07e7-439f-826d-79a51eac0eb4 for /api/v1/financial-transaction-fraud-checks
[2025-09-12 12:49:47 INF] Successfully created map MiddlewareMock_Success_26b243ed-ee9a-4831-8128-c350bc29ebf6 for /initialisepaymentorder/basic
[2025-09-12 12:49:48 INF] Response has PaymentId: e7aa37d6-58ab-41da-820b-5e997c430c2c
[2025-09-12 12:49:48 INF] Finished Test Execution: POrchAPI_Valid_Debtor_Particulars_Return_Success
[2025-09-12 12:49:48 INF] ---------------------------------------------------



TestContext Messages:
Given a POrch PaymentRequest is created
-&gt; done: POrchAPIStepDefinitions.GivenAPOrchPaymentRequestIsCreated() (0.0s)
And the Payment Debtor particulars is ()+$*!;-/?:
-&gt; done: POrchAPIStepDefinitions.WhenTheDebtorParticularsIs("Payment", "()+$*!;-/?:") (0.0s)
And FraudCheck Response is Authorize
-&gt; done: POrchAPIStepDefinitions.SetFraudCheckResponse("Authorize") (0.0s)
And MiddleWare Response is Success
-&gt; done: POrchAPIStepDefinitions.SetMiddlewareResponse("Success") (0.0s)
When POrch Payment API is called
-&gt; done: POrchAPIStepDefinitions.WhenPOrchAPIIsCalled("Payment") (1.1s)
Then the request should return status code 201
-&gt; done: POrchAPIStepDefinitions.ThenTheRequestShouldReturnStatusCode(201) (0.0s)</StdOut>
      </Output>
    </UnitTestResult>
    <UnitTestResult executionId="aad4f3db-0ca8-411f-bf9a-8bfc46b48c35" testId="10f869b5-3f94-9d9b-fca6-ae8470aff83f" testName="POrchAPI_Invalid_Creditor_Particulars_Return_Error (},400,)" computerName="ip-10-130-163-171" duration="00:00:00.0076390" startTime="2025-09-12T12:50:37.8317827+12:00" endTime="2025-09-12T12:50:37.8395492+12:00" testType="13cdc9d9-ddb5-4fa4-a97d-d965ccfc6d4b" outcome="Passed" testListId="8c84fa94-04c1-424b-9868-57a2d4851a1d" relativeResultsDirectory="aad4f3db-0ca8-411f-bf9a-8bfc46b48c35">
      <Output>
        <StdOut>[2025-09-12 12:50:37 INF] Starting Test Execution: POrchAPI_Invalid_Creditor_Particulars_Return_Error:["[PayeeParticularsValue, }]","[StatusCode, 400]"]
[2025-09-12 12:50:37 INF] Finished Test Execution: POrchAPI_Invalid_Creditor_Particulars_Return_Error
[2025-09-12 12:50:37 INF] ---------------------------------------------------



TestContext Messages:
Given a POrch PaymentRequest is created
-&gt; done: POrchAPIStepDefinitions.GivenAPOrchPaymentRequestIsCreated() (0.0s)
And the Payment Creditor particulars is }
-&gt; done: POrchAPIStepDefinitions.WhenTheCreditorParticularsIs("Payment", "}") (0.0s)
When POrch Payment API is called
-&gt; done: POrchAPIStepDefinitions.WhenPOrchAPIIsCalled("Payment") (0.0s)
Then the request should return status code 400
-&gt; done: POrchAPIStepDefinitions.ThenTheRequestShouldReturnStatusCode(400) (0.0s)</StdOut>
      </Output>
    </UnitTestResult>
    <UnitTestResult executionId="b0937001-b2dd-423a-b41e-34217503a429" testId="72321927-3b83-84e2-bb23-4e4ef51fbf75" testName="POrchAPI_TMVToTMV_Valid_Creditor_Particulars_Return_Success (()+$*!;-/?:,201,)" computerName="ip-10-130-163-171" duration="00:00:01.0712476" startTime="2025-09-12T12:51:22.7932348+12:00" endTime="2025-09-12T12:51:23.8646778+12:00" testType="13cdc9d9-ddb5-4fa4-a97d-d965ccfc6d4b" outcome="Passed" testListId="8c84fa94-04c1-424b-9868-57a2d4851a1d" relativeResultsDirectory="b0937001-b2dd-423a-b41e-34217503a429">
      <Output>
        <StdOut>[2025-09-12 12:51:22 INF] Starting Test Execution: POrchAPI_TMVToTMV_Valid_Creditor_Particulars_Return_Success:["[CreditorParticularsValue, ()+$*!;-/?:]","[StatusCode, 201]"]
[2025-09-12 12:51:22 INF] Mocks are not ready after 1 / 5 attempt(s). Expected 1 mock(s) to be registered with the manager and got 0.
[2025-09-12 12:51:22 INF] Successfully created map AdpsMock_Success_d96b7e6b-5f40-4546-abee-5a43c6ca5501 for /api/v1/payment-instruction/domestic/immediate
[2025-09-12 12:51:23 INF] Response has PaymentId: c9f29f6e-75fa-40b0-bead-dabc07a61c29
[2025-09-12 12:51:23 INF] Finished Test Execution: POrchAPI_TMVToTMV_Valid_Creditor_Particulars_Return_Success
[2025-09-12 12:51:23 INF] ---------------------------------------------------



TestContext Messages:
Given a TMV to TMV POrch TransferRequest is created
-&gt; done: POrchAPIStepDefinitions.ConditionalPOrchTransferRequestIsCreated("TMV", "TMV") (0.0s)
And the Transfer Creditor particulars is ()+$*!;-/?:
-&gt; done: POrchAPIStepDefinitions.WhenTheCreditorParticularsIs("Transfer", "()+$*!;-/?:") (0.0s)
And ADPS Response is Success
-&gt; done: POrchAPIStepDefinitions.SetAdpsResponse("Success") (0.0s)
When POrch Transfer API is called
-&gt; done: POrchAPIStepDefinitions.WhenPOrchAPIIsCalled("Transfer") (1.1s)
Then the request should return status code 201
-&gt; done: POrchAPIStepDefinitions.ThenTheRequestShouldReturnStatusCode(201) (0.0s)</StdOut>
      </Output>
    </UnitTestResult>
    <UnitTestResult executionId="dc3dda74-06d0-440e-94c7-813069b8f092" testId="0f05724c-ecb1-a49e-a7ab-eb22e8343906" testName="POrchAPI_Negative_FraudCheck_Response_Frozen_Middleware_409 (Decline,409,)" computerName="ip-10-130-163-171" duration="00:00:01.1074499" startTime="2025-09-12T12:50:14.4186967+12:00" endTime="2025-09-12T12:50:15.5263674+12:00" testType="13cdc9d9-ddb5-4fa4-a97d-d965ccfc6d4b" outcome="Passed" testListId="8c84fa94-04c1-424b-9868-57a2d4851a1d" relativeResultsDirectory="dc3dda74-06d0-440e-94c7-813069b8f092">
      <Output>
        <StdOut>[2025-09-12 12:50:14 INF] Starting Test Execution: POrchAPI_Negative_FraudCheck_Response_Frozen_Middleware_409:["[Result, Decline]","[StatusCode, 409]"]
[2025-09-12 12:50:14 INF] Mocks are not ready after 1 / 5 attempt(s). Expected 3 mock(s) to be registered with the manager and got 0.
[2025-09-12 12:50:14 INF] Successfully created map FraudcheckMock_Decline_00c09ebb-c8b4-4c3b-ad9d-9810ce543d32 for /api/v1/financial-transaction-fraud-checks
[2025-09-12 12:50:14 INF] Successfully created map PartyActivityServiceMock_Created_619fd58e-b761-44a6-adc1-040157cbb49a for /v2/activities
[2025-09-12 12:50:14 INF] Successfully created map MiddlewareMock_FrozenError_d65d0176-87bd-46c1-b9dc-5e6b85520b0a for /initialisepaymentorder/basic
[2025-09-12 12:50:15 INF] Response has PaymentId: 8bc52827-d740-4f5e-8b6d-2dac69321596
[2025-09-12 12:50:15 INF] Finished Test Execution: POrchAPI_Negative_FraudCheck_Response_Frozen_Middleware_409
[2025-09-12 12:50:15 INF] ---------------------------------------------------



TestContext Messages:
Given a POrch PaymentRequest is created
-&gt; done: POrchAPIStepDefinitions.GivenAPOrchPaymentRequestIsCreated() (0.0s)
And FraudCheck Response is Decline
-&gt; done: POrchAPIStepDefinitions.SetFraudCheckResponse("Decline") (0.0s)
And MiddleWare Response is FrozenError
-&gt; done: POrchAPIStepDefinitions.SetMiddlewareResponse("FrozenError") (0.0s)
And the PAS response is Created
-&gt; done: POrchAPIStepDefinitions.ThePasResponseIs("Created") (0.0s)
When POrch Payment API is called
-&gt; done: POrchAPIStepDefinitions.WhenPOrchAPIIsCalled("Payment") (1.1s)
Then the request should return status code 409
-&gt; done: POrchAPIStepDefinitions.ThenTheRequestShouldReturnStatusCode(409) (0.0s)</StdOut>
      </Output>
    </UnitTestResult>
    <UnitTestResult executionId="103d7933-6f33-4389-aada-6f692a686475" testId="ced0770e-b901-4274-885a-59ff4d76a8a9" testName="POrchAPI_Middleware_Retries_Correctly (500 with body,201,)" computerName="ip-10-130-163-171" duration="00:00:01.0986020" startTime="2025-09-12T12:51:01.2002797+12:00" endTime="2025-09-12T12:51:02.2990298+12:00" testType="13cdc9d9-ddb5-4fa4-a97d-d965ccfc6d4b" outcome="Passed" testListId="8c84fa94-04c1-424b-9868-57a2d4851a1d" relativeResultsDirectory="103d7933-6f33-4389-aada-6f692a686475">
      <Output>
        <StdOut>[2025-09-12 12:51:01 INF] Starting Test Execution: POrchAPI_Middleware_Retries_Correctly:["[ErrorCode, 500 with body]","[ResponseCode, 201]"]
[2025-09-12 12:51:01 INF] Mocks are not ready after 1 / 5 attempt(s). Expected 3 mock(s) to be registered with the manager and got 0.
[2025-09-12 12:51:01 INF] Successfully created map FraudcheckMock_Authorize_798f8882-22cc-48d1-a219-3f953ecc4be0 for /api/v1/financial-transaction-fraud-checks
[2025-09-12 12:51:01 INF] Successfully created map MiddlewareFailure_500 with body_e61fc171-1b6a-416a-8144-5c9a25df7fc2_1 for /initialisepaymentorder/basic
[2025-09-12 12:51:01 INF] Successfully created map MiddlewareSuccess_e9d0cd4a-61e3-4634-9a74-6532d2f1f2e0 for /initialisepaymentorder/basic
[2025-09-12 12:51:02 INF] Response has PaymentId: 6eacfadf-62e7-4c80-897f-9d972e02b789
[2025-09-12 12:51:02 INF] Finished Test Execution: POrchAPI_Middleware_Retries_Correctly
[2025-09-12 12:51:02 INF] ---------------------------------------------------



TestContext Messages:
Given a POrch PaymentRequest is created
-&gt; done: POrchAPIStepDefinitions.GivenAPOrchPaymentRequestIsCreated() (0.0s)
And the credit Account is 389300099302202
-&gt; done: POrchAPIStepDefinitions.WhenTheCreditAccountIs("389300099302202") (0.0s)
And FraudCheck Response is Authorize
-&gt; done: POrchAPIStepDefinitions.SetFraudCheckResponse("Authorize") (0.0s)
And the Middleware responses will be 500 with body then 201
-&gt; done: POrchAPIStepDefinitions.GivenTheMiddlewareResponsesWillBe("500 with body") (0.0s)
When POrch Payment API is called
-&gt; done: POrchAPIStepDefinitions.WhenPOrchAPIIsCalled("Payment") (1.1s)
Then the request should return status code 201
-&gt; done: POrchAPIStepDefinitions.ThenTheRequestShouldReturnStatusCode(201) (0.0s)</StdOut>
      </Output>
    </UnitTestResult>
    <UnitTestResult executionId="1e249d08-2118-4571-8d97-cd3ca762682a" testId="8a250861-9e55-1130-202a-5e79a2a0feae" testName="POrchAPI_Negative_FraudCheck_Response_Close_Middleware_409 (Refer,409,)" computerName="ip-10-130-163-171" duration="00:00:01.0786857" startTime="2025-09-12T12:50:19.8033357+12:00" endTime="2025-09-12T12:50:20.8822069+12:00" testType="13cdc9d9-ddb5-4fa4-a97d-d965ccfc6d4b" outcome="Passed" testListId="8c84fa94-04c1-424b-9868-57a2d4851a1d" relativeResultsDirectory="1e249d08-2118-4571-8d97-cd3ca762682a">
      <Output>
        <StdOut>[2025-09-12 12:50:19 INF] Starting Test Execution: POrchAPI_Negative_FraudCheck_Response_Close_Middleware_409:["[Result, Refer]","[StatusCode, 409]"]
[2025-09-12 12:50:19 INF] Successfully created map FraudcheckMock_Refer_82c185cc-a657-4c0e-aa00-9900e7988fdf for /api/v1/financial-transaction-fraud-checks
[2025-09-12 12:50:19 INF] Mocks are not ready after 1 / 5 attempt(s). Expected 3 mock(s) to be registered with the manager and got 1.
[2025-09-12 12:50:19 INF] Successfully created map PartyActivityServiceMock_Created_1956274a-be67-45c6-89e5-a8bbc6cc7263 for /v2/activities
[2025-09-12 12:50:19 INF] Successfully created map MiddlewareMock_FrozenError_4ea6b1b5-6db5-4de8-add5-90c5d2a27a6e for /initialisepaymentorder/basic
[2025-09-12 12:50:20 INF] Response has PaymentId: 7df1d8d7-eecc-4584-a350-0d77c237edf1
[2025-09-12 12:50:20 INF] Finished Test Execution: POrchAPI_Negative_FraudCheck_Response_Close_Middleware_409
[2025-09-12 12:50:20 INF] ---------------------------------------------------



TestContext Messages:
Given a POrch PaymentRequest is created
-&gt; done: POrchAPIStepDefinitions.GivenAPOrchPaymentRequestIsCreated() (0.0s)
And FraudCheck Response is Refer
-&gt; done: POrchAPIStepDefinitions.SetFraudCheckResponse("Refer") (0.0s)
And MiddleWare Response is FrozenError
-&gt; done: POrchAPIStepDefinitions.SetMiddlewareResponse("FrozenError") (0.0s)
And the PAS response is Created
-&gt; done: POrchAPIStepDefinitions.ThePasResponseIs("Created") (0.0s)
When POrch Payment API is called
-&gt; done: POrchAPIStepDefinitions.WhenPOrchAPIIsCalled("Payment") (1.1s)
Then the request should return status code 409
-&gt; done: POrchAPIStepDefinitions.ThenTheRequestShouldReturnStatusCode(409) (0.0s)</StdOut>
      </Output>
    </UnitTestResult>
    <UnitTestResult executionId="32bea069-5232-4dc1-9841-ea296aeae1ac" testId="9ed9400e-36e7-5296-9ea5-358c22b526a5" testName="POrchAPI_UltracsToTMV_Negative_MiddleWare_Response_409 (InsufficientFundsError,409,)" computerName="ip-10-130-163-171" duration="00:00:01.0410646" startTime="2025-09-12T12:52:06.1726444+12:00" endTime="2025-09-12T12:52:07.2138398+12:00" testType="13cdc9d9-ddb5-4fa4-a97d-d965ccfc6d4b" outcome="Passed" testListId="8c84fa94-04c1-424b-9868-57a2d4851a1d" relativeResultsDirectory="32bea069-5232-4dc1-9841-ea296aeae1ac">
      <Output>
        <StdOut>[2025-09-12 12:52:06 INF] Starting Test Execution: POrchAPI_UltracsToTMV_Negative_MiddleWare_Response_409:["[Result, InsufficientFundsError]","[StatusCode, 409]"]
[2025-09-12 12:52:06 INF] Mocks are not ready after 1 / 5 attempt(s). Expected 1 mock(s) to be registered with the manager and got 0.
[2025-09-12 12:52:06 INF] Successfully created map MiddlewareMock_InsufficientFundsError_dca586f8-5e09-4cc4-8f33-d11f85c2813a for /initialisepaymentorder/basic
[2025-09-12 12:52:07 INF] Response has PaymentId: b8d736c7-a559-4cab-b27a-601700327c0c
[2025-09-12 12:52:07 INF] Finished Test Execution: POrchAPI_UltracsToTMV_Negative_MiddleWare_Response_409
[2025-09-12 12:52:07 INF] ---------------------------------------------------



TestContext Messages:
Given a Ultracs to TMV POrch TransferRequest is created
-&gt; done: POrchAPIStepDefinitions.ConditionalPOrchTransferRequestIsCreated("Ultracs", "TMV") (0.0s)
And MiddleWare Response is InsufficientFundsError
-&gt; done: POrchAPIStepDefinitions.SetMiddlewareResponse("InsufficientFunds...") (0.0s)
When POrch Transfer API is called
-&gt; done: POrchAPIStepDefinitions.WhenPOrchAPIIsCalled("Transfer") (1.0s)
Then the request should return status code 409
-&gt; done: POrchAPIStepDefinitions.ThenTheRequestShouldReturnStatusCode(409) (0.0s)</StdOut>
      </Output>
    </UnitTestResult>
    <UnitTestResult executionId="ad58a794-53c4-4c74-a795-3a354b2d9a08" testId="100430cd-6565-18f3-c294-373025ab087e" testName="POrchAPI_UltracsToTMV_Negative_MiddleWare_Response_409 (WithdrawalNotPermittedError,409,)" computerName="ip-10-130-163-171" duration="00:00:01.0413391" startTime="2025-09-12T12:52:09.2965175+12:00" endTime="2025-09-12T12:52:10.3379880+12:00" testType="13cdc9d9-ddb5-4fa4-a97d-d965ccfc6d4b" outcome="Passed" testListId="8c84fa94-04c1-424b-9868-57a2d4851a1d" relativeResultsDirectory="ad58a794-53c4-4c74-a795-3a354b2d9a08">
      <Output>
        <StdOut>[2025-09-12 12:52:09 INF] Starting Test Execution: POrchAPI_UltracsToTMV_Negative_MiddleWare_Response_409:["[Result, WithdrawalNotPermittedError]","[StatusCode, 409]"]
[2025-09-12 12:52:09 INF] Mocks are not ready after 1 / 5 attempt(s). Expected 1 mock(s) to be registered with the manager and got 0.
[2025-09-12 12:52:09 INF] Successfully created map MiddlewareMock_WithdrawalNotPermittedError_677c6f8b-012d-46f9-b74f-3964e8888a4e for /initialisepaymentorder/basic
[2025-09-12 12:52:10 INF] Response has PaymentId: 81a07750-2635-4116-b8ed-8d41d4fc6378
[2025-09-12 12:52:10 INF] Finished Test Execution: POrchAPI_UltracsToTMV_Negative_MiddleWare_Response_409
[2025-09-12 12:52:10 INF] ---------------------------------------------------



TestContext Messages:
Given a Ultracs to TMV POrch TransferRequest is created
-&gt; done: POrchAPIStepDefinitions.ConditionalPOrchTransferRequestIsCreated("Ultracs", "TMV") (0.0s)
And MiddleWare Response is WithdrawalNotPermittedError
-&gt; done: POrchAPIStepDefinitions.SetMiddlewareResponse("WithdrawalNotPerm...") (0.0s)
When POrch Transfer API is called
-&gt; done: POrchAPIStepDefinitions.WhenPOrchAPIIsCalled("Transfer") (1.0s)
Then the request should return status code 409
-&gt; done: POrchAPIStepDefinitions.ThenTheRequestShouldReturnStatusCode(409) (0.0s)</StdOut>
      </Output>
    </UnitTestResult>
    <UnitTestResult executionId="ea397b8c-a1d9-480d-9751-e9202d040185" testId="feec267f-5f3b-8ce3-d984-d9d9c2c9da27" testName="POrchAPI_TMVUltracs_Transfer_Invalid_Transfer_Reference_Return_Error (transfer to MR Test - 00,400,)" computerName="ip-10-130-163-171" duration="00:00:00.0071227" startTime="2025-09-12T12:52:13.8726967+12:00" endTime="2025-09-12T12:52:13.8799310+12:00" testType="13cdc9d9-ddb5-4fa4-a97d-d965ccfc6d4b" outcome="Passed" testListId="8c84fa94-04c1-424b-9868-57a2d4851a1d" relativeResultsDirectory="ea397b8c-a1d9-480d-9751-e9202d040185">
      <Output>
        <StdOut>[2025-09-12 12:52:13 INF] Starting Test Execution: POrchAPI_TMVUltracs_Transfer_Invalid_Transfer_Reference_Return_Error:["[TransferRefValue, transfer to MR Test - 00]","[StatusCode, 400]"]
[2025-09-12 12:52:13 INF] Finished Test Execution: POrchAPI_TMVUltracs_Transfer_Invalid_Transfer_Reference_Return_Error
[2025-09-12 12:52:13 INF] ---------------------------------------------------



TestContext Messages:
Given a TMV to Ultracs POrch TransferRequest is created
-&gt; done: POrchAPIStepDefinitions.ConditionalPOrchTransferRequestIsCreated("TMV", "Ultracs") (0.0s)
And the Transfer Reference is transfer to MR Test - 00
-&gt; done: POrchAPIStepDefinitions.TheTransferReferenceIs("transfer to MR Te...") (0.0s)
When POrch Transfer API is called
-&gt; done: POrchAPIStepDefinitions.WhenPOrchAPIIsCalled("Transfer") (0.0s)
Then the request should return status code 400
-&gt; done: POrchAPIStepDefinitions.ThenTheRequestShouldReturnStatusCode(400) (0.0s)</StdOut>
      </Output>
    </UnitTestResult>
    <UnitTestResult executionId="4c0fbebb-606d-4390-b96f-1e738c50efc1" testId="188ab1bc-d4b4-26df-945b-2f118c1675e7" testName="POrchAPI_Various_Amounts_Return_Success_When_Below_Max (0000000000.11,,)" computerName="ip-10-130-163-171" duration="00:00:01.0895452" startTime="2025-09-12T12:49:38.7800817+12:00" endTime="2025-09-12T12:49:39.8699213+12:00" testType="13cdc9d9-ddb5-4fa4-a97d-d965ccfc6d4b" outcome="Passed" testListId="8c84fa94-04c1-424b-9868-57a2d4851a1d" relativeResultsDirectory="4c0fbebb-606d-4390-b96f-1e738c50efc1">
      <Output>
        <StdOut>[2025-09-12 12:49:38 INF] Starting Test Execution: POrchAPI_Various_Amounts_Return_Success_When_Below_Max:["[Amount, 0000000000.11]"]
[2025-09-12 12:49:38 INF] Mocks are not ready after 1 / 5 attempt(s). Expected 2 mock(s) to be registered with the manager and got 0.
[2025-09-12 12:49:38 INF] Successfully created map FraudcheckMock_Authorize_61bdefc6-9b4e-485c-991a-e523477e14c0 for /api/v1/financial-transaction-fraud-checks
[2025-09-12 12:49:38 INF] Successfully created map MiddlewareMock_Success_ae137a02-5063-4a12-9ee3-f585b5f3d426 for /initialisepaymentorder/basic
[2025-09-12 12:49:39 INF] Response has PaymentId: e8b32e8c-91e6-4a15-98bf-1c2ddd31d911
[2025-09-12 12:49:39 INF] Finished Test Execution: POrchAPI_Various_Amounts_Return_Success_When_Below_Max
[2025-09-12 12:49:39 INF] ---------------------------------------------------



TestContext Messages:
Given a POrch PaymentRequest is created
-&gt; done: POrchAPIStepDefinitions.GivenAPOrchPaymentRequestIsCreated() (0.0s)
And the Payment Amount Field is 0000000000.11
-&gt; done: POrchAPIStepDefinitions.WhenTheAcountFieldIs("Payment", "0000000000.11") (0.0s)
And FraudCheck Response is Authorize
-&gt; done: POrchAPIStepDefinitions.SetFraudCheckResponse("Authorize") (0.0s)
And MiddleWare Response is Success
-&gt; done: POrchAPIStepDefinitions.SetMiddlewareResponse("Success") (0.0s)
When POrch Payment API is called
-&gt; done: POrchAPIStepDefinitions.WhenPOrchAPIIsCalled("Payment") (1.1s)
Then the request should return status code 201
-&gt; done: POrchAPIStepDefinitions.ThenTheRequestShouldReturnStatusCode(201) (0.0s)</StdOut>
      </Output>
    </UnitTestResult>
    <UnitTestResult executionId="1bd3307a-2cc5-4814-8611-218f883a5011" testId="140cdba7-bdd7-21ce-465d-c6f1ecf49583" testName="POrchAPI_Idempotency_Unsuccessful_Request_Gives_201_For_Same_Idempotency_Combo" computerName="ip-10-130-163-171" duration="00:00:02.1595791" startTime="2025-09-12T12:50:32.1955138+12:00" endTime="2025-09-12T12:50:34.3552997+12:00" testType="13cdc9d9-ddb5-4fa4-a97d-d965ccfc6d4b" outcome="Passed" testListId="8c84fa94-04c1-424b-9868-57a2d4851a1d" relativeResultsDirectory="1bd3307a-2cc5-4814-8611-218f883a5011">
      <Output>
        <StdOut>[2025-09-12 12:50:32 INF] Starting Test Execution: POrchAPI_Idempotency_Unsuccessful_Request_Gives_201_For_Same_Idempotency_Combo:[]
[2025-09-12 12:50:32 INF] Mocks are not ready after 1 / 5 attempt(s). Expected 2 mock(s) to be registered with the manager and got 0.
[2025-09-12 12:50:32 INF] Successfully created map FraudcheckMock_Authorize_c23747c7-148f-4702-a257-33c18c37abd5 for /api/v1/financial-transaction-fraud-checks
[2025-09-12 12:50:32 INF] Successfully created map MiddlewareMock_UnknownError_71aaaa58-a9d8-44e1-be05-ccd1312a0461 for /initialisepaymentorder/basic
[2025-09-12 12:50:33 INF] Mocks are not ready after 1 / 5 attempt(s). Expected 2 mock(s) to be registered with the manager and got 0.
[2025-09-12 12:50:33 INF] Successfully created map FraudcheckMock_Authorize_dbc9fc04-7d38-4b79-afb4-8823a5ad2f6a for /api/v1/financial-transaction-fraud-checks
[2025-09-12 12:50:33 INF] Successfully created map MiddlewareMock_Success_8f933a1b-bcfb-4342-b882-6c6b0ce11947 for /initialisepaymentorder/basic
[2025-09-12 12:50:34 INF] Response has PaymentId: bd2aa1a1-791d-4561-a236-606a70847fb4
[2025-09-12 12:50:34 INF] Finished Test Execution: POrchAPI_Idempotency_Unsuccessful_Request_Gives_201_For_Same_Idempotency_Combo
[2025-09-12 12:50:34 INF] ---------------------------------------------------



TestContext Messages:
Given a POrch PaymentRequest is created
-&gt; done: POrchAPIStepDefinitions.GivenAPOrchPaymentRequestIsCreated() (0.0s)
And the credit Account is 389300099302202
-&gt; done: POrchAPIStepDefinitions.WhenTheCreditAccountIs("389300099302202") (0.0s)
And FraudCheck Response is Authorize
-&gt; done: POrchAPIStepDefinitions.SetFraudCheckResponse("Authorize") (0.0s)
And MiddleWare Response is UnknownError
-&gt; done: POrchAPIStepDefinitions.SetMiddlewareResponse("UnknownError") (0.0s)
And POrch Payment API is called
-&gt; done: POrchAPIStepDefinitions.WhenPOrchAPIIsCalled("Payment") (1.1s)
And the request should return status code 500
-&gt; done: POrchAPIStepDefinitions.ThenTheRequestShouldReturnStatusCode(500) (0.0s)
And the mock mappings are cleared
-&gt; done: POrchAPIStepDefinitions.WhenTheMockResponsesAreCleared() (0.0s)
And FraudCheck Response is Authorize
-&gt; done: POrchAPIStepDefinitions.SetFraudCheckResponse("Authorize") (0.0s)
And MiddleWare Response is Success
-&gt; done: POrchAPIStepDefinitions.SetMiddlewareResponse("Success") (0.0s)
When POrch Payment API is called again
-&gt; done: POrchAPIStepDefinitions.WhenPOrchAPIIsCalledAgain("Payment") (1.1s)
Then the request should return status code 201
-&gt; done: POrchAPIStepDefinitions.ThenTheRequestShouldReturnStatusCode(201) (0.0s)</StdOut>
      </Output>
    </UnitTestResult>
    <UnitTestResult executionId="66a9ed84-d0a7-45a5-911b-cbf7c937c779" testId="51ee23f8-e718-45a4-098e-53f61dfd5593" testName="POrchAPI_Negative_MiddleWare_Response_409 (AccountNumberIsInvalidError,409,)" computerName="ip-10-130-163-171" duration="00:00:01.0889016" startTime="2025-09-12T12:50:06.8410581+12:00" endTime="2025-09-12T12:50:07.9301628+12:00" testType="13cdc9d9-ddb5-4fa4-a97d-d965ccfc6d4b" outcome="Passed" testListId="8c84fa94-04c1-424b-9868-57a2d4851a1d" relativeResultsDirectory="66a9ed84-d0a7-45a5-911b-cbf7c937c779">
      <Output>
        <StdOut>[2025-09-12 12:50:06 INF] Starting Test Execution: POrchAPI_Negative_MiddleWare_Response_409:["[Result, AccountNumberIsInvalidError]","[StatusCode, 409]"]
[2025-09-12 12:50:06 INF] Mocks are not ready after 1 / 5 attempt(s). Expected 2 mock(s) to be registered with the manager and got 0.
[2025-09-12 12:50:06 INF] Successfully created map FraudcheckMock_Authorize_62f70906-c10c-477d-80db-4690a3122e7c for /api/v1/financial-transaction-fraud-checks
[2025-09-12 12:50:06 INF] Successfully created map MiddlewareMock_AccountNumberIsInvalidError_f8154595-2292-4555-aa3d-f1821ac3b52e for /initialisepaymentorder/basic
[2025-09-12 12:50:07 INF] Response has PaymentId: f516bdd4-4fcb-4eb9-9dbf-f1604801f24c
[2025-09-12 12:50:07 INF] Finished Test Execution: POrchAPI_Negative_MiddleWare_Response_409
[2025-09-12 12:50:07 INF] ---------------------------------------------------



TestContext Messages:
Given a POrch PaymentRequest is created
-&gt; done: POrchAPIStepDefinitions.GivenAPOrchPaymentRequestIsCreated() (0.0s)
And FraudCheck Response is Authorize
-&gt; done: POrchAPIStepDefinitions.SetFraudCheckResponse("Authorize") (0.0s)
And MiddleWare Response is AccountNumberIsInvalidError
-&gt; done: POrchAPIStepDefinitions.SetMiddlewareResponse("AccountNumberIsIn...") (0.0s)
When POrch Payment API is called
-&gt; done: POrchAPIStepDefinitions.WhenPOrchAPIIsCalled("Payment") (1.1s)
Then the request should return status code 409
-&gt; done: POrchAPIStepDefinitions.ThenTheRequestShouldReturnStatusCode(409) (0.0s)</StdOut>
      </Output>
    </UnitTestResult>
    <UnitTestResult executionId="263689a4-3d02-4e9b-9b38-be87a232ff5e" testId="87658b8d-a2b9-fc3e-5c2d-d98073969a68" testName="POrchAPI_Invalid_Payee_Code_Return_Error (\,400,)" computerName="ip-10-130-163-171" duration="00:00:00.0082811" startTime="2025-09-12T12:50:37.8941526+12:00" endTime="2025-09-12T12:50:37.9025877+12:00" testType="13cdc9d9-ddb5-4fa4-a97d-d965ccfc6d4b" outcome="Passed" testListId="8c84fa94-04c1-424b-9868-57a2d4851a1d" relativeResultsDirectory="263689a4-3d02-4e9b-9b38-be87a232ff5e">
      <Output>
        <StdOut>[2025-09-12 12:50:37 INF] Starting Test Execution: POrchAPI_Invalid_Payee_Code_Return_Error:["[CreditorCodeValue, \\]","[StatusCode, 400]"]
[2025-09-12 12:50:37 INF] Finished Test Execution: POrchAPI_Invalid_Payee_Code_Return_Error
[2025-09-12 12:50:37 INF] ---------------------------------------------------



TestContext Messages:
Given a POrch PaymentRequest is created
-&gt; done: POrchAPIStepDefinitions.GivenAPOrchPaymentRequestIsCreated() (0.0s)
And the Payment Creditor Code is \
-&gt; done: POrchAPIStepDefinitions.WhenTheCreditorCodeIs("Payment", "\") (0.0s)
When POrch Payment API is called
-&gt; done: POrchAPIStepDefinitions.WhenPOrchAPIIsCalled("Payment") (0.0s)
Then the request should return status code 400
-&gt; done: POrchAPIStepDefinitions.ThenTheRequestShouldReturnStatusCode(400) (0.0s)</StdOut>
      </Output>
    </UnitTestResult>
    <UnitTestResult executionId="71aa509e-a4ff-4b77-9016-650e5b94b8cf" testId="2c1e2f18-dfa5-3295-1131-b7430d488d2a" testName="POrchAPI_Invalid_Access_Number_Field_Return_Error (testValue,400,)" computerName="ip-10-130-163-171" duration="00:00:00.0180381" startTime="2025-09-12T12:50:37.6618469+12:00" endTime="2025-09-12T12:50:37.6800892+12:00" testType="13cdc9d9-ddb5-4fa4-a97d-d965ccfc6d4b" outcome="Passed" testListId="8c84fa94-04c1-424b-9868-57a2d4851a1d" relativeResultsDirectory="71aa509e-a4ff-4b77-9016-650e5b94b8cf">
      <Output>
        <StdOut>[2025-09-12 12:50:37 INF] Starting Test Execution: POrchAPI_Invalid_Access_Number_Field_Return_Error:["[AccessNumberValue, testValue]","[StatusCode, 400]"]
[2025-09-12 12:50:37 INF] Finished Test Execution: POrchAPI_Invalid_Access_Number_Field_Return_Error
[2025-09-12 12:50:37 INF] ---------------------------------------------------



TestContext Messages:
Given a POrch PaymentRequest is created
-&gt; done: POrchAPIStepDefinitions.GivenAPOrchPaymentRequestIsCreated() (0.0s)
And the Payment Access Number Field is testValue
-&gt; done: POrchAPIStepDefinitions.WhenTheAccessNumberFieldIs("Payment", "testValue") (0.0s)
When POrch Payment API is called
-&gt; done: POrchAPIStepDefinitions.WhenPOrchAPIIsCalled("Payment") (0.0s)
Then the request should return status code 400
-&gt; done: POrchAPIStepDefinitions.ThenTheRequestShouldReturnStatusCode(400) (0.0s)</StdOut>
      </Output>
    </UnitTestResult>
    <UnitTestResult executionId="92b66999-52dd-4ea4-a103-f49707c65b33" testId="321a1e37-ed3f-fdc1-45f5-8b14a2fd9d22" testName="POrchAPI_Invalid_Currency_Return_Error (Random,400,)" computerName="ip-10-130-163-171" duration="00:00:00.0083396" startTime="2025-09-12T12:50:37.6920424+12:00" endTime="2025-09-12T12:50:37.7005452+12:00" testType="13cdc9d9-ddb5-4fa4-a97d-d965ccfc6d4b" outcome="Passed" testListId="8c84fa94-04c1-424b-9868-57a2d4851a1d" relativeResultsDirectory="92b66999-52dd-4ea4-a103-f49707c65b33">
      <Output>
        <StdOut>[2025-09-12 12:50:37 INF] Starting Test Execution: POrchAPI_Invalid_Currency_Return_Error:["[CurrencyValue, Random]","[StatusCode, 400]"]
[2025-09-12 12:50:37 INF] Finished Test Execution: POrchAPI_Invalid_Currency_Return_Error
[2025-09-12 12:50:37 INF] ---------------------------------------------------



TestContext Messages:
Given a POrch PaymentRequest is created
-&gt; done: POrchAPIStepDefinitions.GivenAPOrchPaymentRequestIsCreated() (0.0s)
And the Payment Currency Field is Random
-&gt; done: POrchAPIStepDefinitions.WhenTheCurrencyFieldIs("Payment", "Random") (0.0s)
When POrch Payment API is called
-&gt; done: POrchAPIStepDefinitions.WhenPOrchAPIIsCalled("Payment") (0.0s)
Then the request should return status code 400
-&gt; done: POrchAPIStepDefinitions.ThenTheRequestShouldReturnStatusCode(400) (0.0s)</StdOut>
      </Output>
    </UnitTestResult>
    <UnitTestResult executionId="07d3d50b-6a63-4294-bb32-d170235214cd" testId="478f3d78-10b6-28a4-5366-966921546be8" testName="POrchAPI_Transfer_Invalid_Debit_Account_Return_Error (1200000000000000,400,)" computerName="ip-10-130-163-171" duration="00:00:00.0088051" startTime="2025-09-12T12:52:13.5157478+12:00" endTime="2025-09-12T12:52:13.5246604+12:00" testType="13cdc9d9-ddb5-4fa4-a97d-d965ccfc6d4b" outcome="Passed" testListId="8c84fa94-04c1-424b-9868-57a2d4851a1d" relativeResultsDirectory="07d3d50b-6a63-4294-bb32-d170235214cd">
      <Output>
        <StdOut>[2025-09-12 12:52:13 INF] Starting Test Execution: POrchAPI_Transfer_Invalid_Debit_Account_Return_Error:["[DebitAccountValue, 1200000000000000]","[StatusCode, 400]"]
[2025-09-12 12:52:13 INF] Finished Test Execution: POrchAPI_Transfer_Invalid_Debit_Account_Return_Error
[2025-09-12 12:52:13 INF] ---------------------------------------------------



TestContext Messages:
Given a POrch TransferRequest is created
-&gt; done: POrchAPIStepDefinitions.GivenAPOrchTransferRequestIsCreated() (0.0s)
And the Transfer Debit Account field is 1200000000000000
-&gt; done: POrchAPIStepDefinitions.WhenTheDebitAccountFieldIs("Transfer", "1200000000000000") (0.0s)
When POrch Transfer API is called
-&gt; done: POrchAPIStepDefinitions.WhenPOrchAPIIsCalled("Transfer") (0.0s)
Then the request should return status code 400
-&gt; done: POrchAPIStepDefinitions.ThenTheRequestShouldReturnStatusCode(400) (0.0s)</StdOut>
      </Output>
    </UnitTestResult>
    <UnitTestResult executionId="64e9d14d-bbd3-4195-9989-dc1508253ee4" testId="3dbdba1a-6fd0-35a0-1845-7a9d5e1b5f0c" testName="POrchAPI_TMVToTMV_Valid_Debtor_Particulars_Return_Success (()+$*!;-/?:,201,)" computerName="ip-10-130-163-171" duration="00:00:01.0688243" startTime="2025-09-12T12:51:20.6579456+12:00" endTime="2025-09-12T12:51:21.7269306+12:00" testType="13cdc9d9-ddb5-4fa4-a97d-d965ccfc6d4b" outcome="Passed" testListId="8c84fa94-04c1-424b-9868-57a2d4851a1d" relativeResultsDirectory="64e9d14d-bbd3-4195-9989-dc1508253ee4">
      <Output>
        <StdOut>[2025-09-12 12:51:20 INF] Starting Test Execution: POrchAPI_TMVToTMV_Valid_Debtor_Particulars_Return_Success:["[DebtorParticularsValue, ()+$*!;-/?:]","[StatusCode, 201]"]
[2025-09-12 12:51:20 INF] Mocks are not ready after 1 / 5 attempt(s). Expected 1 mock(s) to be registered with the manager and got 0.
[2025-09-12 12:51:20 INF] Successfully created map AdpsMock_Success_b0c48527-8bf6-4f24-9a17-b440544840e5 for /api/v1/payment-instruction/domestic/immediate
[2025-09-12 12:51:21 INF] Response has PaymentId: 266024f4-8d73-479c-8bec-08d3bb07466b
[2025-09-12 12:51:21 INF] Finished Test Execution: POrchAPI_TMVToTMV_Valid_Debtor_Particulars_Return_Success
[2025-09-12 12:51:21 INF] ---------------------------------------------------



TestContext Messages:
Given a TMV to TMV POrch TransferRequest is created
-&gt; done: POrchAPIStepDefinitions.ConditionalPOrchTransferRequestIsCreated("TMV", "TMV") (0.0s)
And the Transfer Debtor particulars is ()+$*!;-/?:
-&gt; done: POrchAPIStepDefinitions.WhenTheDebtorParticularsIs("Transfer", "()+$*!;-/?:") (0.0s)
And ADPS Response is Success
-&gt; done: POrchAPIStepDefinitions.SetAdpsResponse("Success") (0.0s)
When POrch Transfer API is called
-&gt; done: POrchAPIStepDefinitions.WhenPOrchAPIIsCalled("Transfer") (1.1s)
Then the request should return status code 201
-&gt; done: POrchAPIStepDefinitions.ThenTheRequestShouldReturnStatusCode(201) (0.0s)</StdOut>
      </Output>
    </UnitTestResult>
    <UnitTestResult executionId="25688cc8-4099-44ea-ace9-5c8809c6e948" testId="d237d2eb-6f05-5bfd-e442-cd9c40ea90e7" testName="POrchNRT_Unsuccessful_Response_From_NRT (PaymentNrtUnauthorized,,)" computerName="ip-10-130-163-171" duration="00:00:00.0562428" startTime="2025-09-12T12:50:39.0977395+12:00" endTime="2025-09-12T12:50:39.1541431+12:00" testType="13cdc9d9-ddb5-4fa4-a97d-d965ccfc6d4b" outcome="Passed" testListId="8c84fa94-04c1-424b-9868-57a2d4851a1d" relativeResultsDirectory="25688cc8-4099-44ea-ace9-5c8809c6e948">
      <Output>
        <StdOut>[2025-09-12 12:50:39 INF] Starting Test Execution: POrchNRT_Unsuccessful_Response_From_NRT:["[result, PaymentNrtUnauthorized]"]
[2025-09-12 12:50:39 INF] Executed DbCommand (1ms) [Parameters=[], CommandType='Text', CommandTimeout='30']
SELECT n.id, n.attempts, n.created_at, n.payment_id, n.status, n.updated_at
FROM net.nrt_outbox AS n
WHERE n.attempts &gt;= 0
[2025-09-12 12:50:39 INF] Executed DbCommand (2ms) [Parameters=[@p0='?' (DbType = Guid)], CommandType='Text', CommandTimeout='30']
DELETE FROM net.nrt_outbox
WHERE id = @p0;
[2025-09-12 12:50:39 INF] Executed DbCommand (1ms) [Parameters=[@p0='?' (DbType = Guid), @p1='?', @p2='?' (DbType = Decimal), @p3='?' (DbType = DateTime), @p4='?', @p5='?', @p6='?', @p7='?', @p8='?' (DbType = Object), @p9='?' (DbType = Object), @p10='?', @p11='?', @p12='?', @p13='?', @p14='?' (DbType = Object), @p15='?' (DbType = Object), @p16='?' (DbType = Object), @p17='?' (DbType = DateTime), @p18='?' (DbType = Object), @p19='?' (DbType = DateTime), @p20='?' (DbType = Guid), @p21='?' (DbType = Int32), @p22='?' (DbType = DateTime), @p23='?' (DbType = Guid), @p24='?' (DbType = Object), @p25='?' (DbType = DateTime)], CommandType='Text', CommandTimeout='30']
INSERT INTO net.payment (id, access_number, amount, created_at, creditor_account_code, creditor_account_number, creditor_account_particulars, creditor_account_reference, creditor_account_source, currency, debtor_account_code, debtor_account_number, debtor_account_particulars, debtor_account_reference, debtor_account_source, fraud_check_disposition, payment_type, processed_at, status, updated_at)
VALUES (@p0, @p1, @p2, @p3, @p4, @p5, @p6, @p7, @p8, @p9, @p10, @p11, @p12, @p13, @p14, @p15, @p16, @p17, @p18, @p19);
INSERT INTO net.nrt_outbox (id, attempts, created_at, payment_id, status, updated_at)
VALUES (@p20, @p21, @p22, @p23, @p24, @p25);
[2025-09-12 12:50:39 INF] Successfully created map FraudCheckNRTMock_PaymentNrtUnauthorized_acf4394e-d346-45fb-bbca-f663b763ea5e for /api/v1/financial-transaction-fraud-checks/11dfb0af-ef08-4a3e-b76f-98cf71f59a74
[2025-09-12 12:50:39 INF] Executed DbCommand (1ms) [Parameters=[@__p_0='?' (DbType = Guid)], CommandType='Text', CommandTimeout='30']
SELECT n.id, n.attempts, n.created_at, n.payment_id, n.status, n.updated_at
FROM net.nrt_outbox AS n
WHERE n.id = @__p_0
LIMIT 1
[2025-09-12 12:50:39 INF] Finished Test Execution: POrchNRT_Unsuccessful_Response_From_NRT
[2025-09-12 12:50:39 INF] ---------------------------------------------------



TestContext Messages:
Given The NRT table is clean
-&gt; done: POrchAPIStepDefinitions.GivenTheNrtTableIsClean() (0.0s)
And there is an NRT entry with payment successful to process
-&gt; done: POrchAPIStepDefinitions.GivenThereIsAnNrtEntryToProcess("successful") (0.0s)
And the NRT entry should be processed with PaymentNrtUnauthorized
-&gt; done: POrchAPIStepDefinitions.GivenTheNrtEntryShouldBeProcessedWithUnsuccessfulResult("PaymentNrtUnautho...") (0.0s)
When the NRT Processor Has Run for at most 1 entry
-&gt; done: POrchAPIStepDefinitions.WhenTheNrtProcessorHasRunForAtMostXEntry(1) (0.0s)
Then the NRT entry has status NotSent
-&gt; done: POrchAPIStepDefinitions.ThenTheNrtEntryHasStatus("NotSent") (0.0s)</StdOut>
      </Output>
    </UnitTestResult>
    <UnitTestResult executionId="990b03a6-899c-4c24-9f2f-3fdacf9c6839" testId="66b2a30f-8850-0f1e-aa89-5d56c4f90710" testName="POrchAPI_Transfer_Invalid_Creditor_Reference_Return_Error (\,400,)" computerName="ip-10-130-163-171" duration="00:00:00.0076461" startTime="2025-09-12T12:52:13.6904814+12:00" endTime="2025-09-12T12:52:13.6982635+12:00" testType="13cdc9d9-ddb5-4fa4-a97d-d965ccfc6d4b" outcome="Passed" testListId="8c84fa94-04c1-424b-9868-57a2d4851a1d" relativeResultsDirectory="990b03a6-899c-4c24-9f2f-3fdacf9c6839">
      <Output>
        <StdOut>[2025-09-12 12:52:13 INF] Starting Test Execution: POrchAPI_Transfer_Invalid_Creditor_Reference_Return_Error:["[CreditorReferenceValue, \\]","[StatusCode, 400]"]
[2025-09-12 12:52:13 INF] Finished Test Execution: POrchAPI_Transfer_Invalid_Creditor_Reference_Return_Error
[2025-09-12 12:52:13 INF] ---------------------------------------------------



TestContext Messages:
Given a POrch TransferRequest is created
-&gt; done: POrchAPIStepDefinitions.GivenAPOrchTransferRequestIsCreated() (0.0s)
And the Transfer Creditor Reference is \
-&gt; done: POrchAPIStepDefinitions.WhenTheCreditorReferenceIs("Transfer", "\") (0.0s)
When POrch Transfer API is called
-&gt; done: POrchAPIStepDefinitions.WhenPOrchAPIIsCalled("Transfer") (0.0s)
Then the request should return status code 400
-&gt; done: POrchAPIStepDefinitions.ThenTheRequestShouldReturnStatusCode(400) (0.0s)</StdOut>
      </Output>
    </UnitTestResult>
    <UnitTestResult executionId="6fb8b990-7ab5-47fe-985c-e990a69ea6e8" testId="a9489768-942a-dcfa-ad6f-91ef6ea78a74" testName="POrchAPI_Negative_FraudCheck_Success_Middleware_Response (Hold,201,)" computerName="ip-10-130-163-171" duration="00:00:01.0682792" startTime="2025-09-12T12:50:16.5966057+12:00" endTime="2025-09-12T12:50:17.6650817+12:00" testType="13cdc9d9-ddb5-4fa4-a97d-d965ccfc6d4b" outcome="Passed" testListId="8c84fa94-04c1-424b-9868-57a2d4851a1d" relativeResultsDirectory="6fb8b990-7ab5-47fe-985c-e990a69ea6e8">
      <Output>
        <StdOut>[2025-09-12 12:50:16 INF] Starting Test Execution: POrchAPI_Negative_FraudCheck_Success_Middleware_Response:["[Result, Hold]","[StatusCode, 201]"]
[2025-09-12 12:50:16 INF] Mocks are not ready after 1 / 5 attempt(s). Expected 3 mock(s) to be registered with the manager and got 0.
[2025-09-12 12:50:16 INF] Successfully created map FraudcheckMock_Hold_66c36a21-7607-4d87-aa1d-a40a6c512cca for /api/v1/financial-transaction-fraud-checks
[2025-09-12 12:50:16 INF] Successfully created map MiddlewareMock_Success_30cd7a15-9226-4b8b-8050-e7093b0f86d8 for /initialisepaymentorder/basic
[2025-09-12 12:50:16 INF] Successfully created map PartyActivityServiceMock_Created_bc596d06-3008-48a1-8d2e-3d238b6fb850 for /v2/activities
[2025-09-12 12:50:17 INF] Response has PaymentId: a86689a1-e470-4e16-9a62-ac4bcfff39f1
[2025-09-12 12:50:17 INF] Finished Test Execution: POrchAPI_Negative_FraudCheck_Success_Middleware_Response
[2025-09-12 12:50:17 INF] ---------------------------------------------------



TestContext Messages:
Given a POrch PaymentRequest is created
-&gt; done: POrchAPIStepDefinitions.GivenAPOrchPaymentRequestIsCreated() (0.0s)
And FraudCheck Response is Hold
-&gt; done: POrchAPIStepDefinitions.SetFraudCheckResponse("Hold") (0.0s)
And MiddleWare Response is Success
-&gt; done: POrchAPIStepDefinitions.SetMiddlewareResponse("Success") (0.0s)
And the PAS response is Created
-&gt; done: POrchAPIStepDefinitions.ThePasResponseIs("Created") (0.0s)
When POrch Payment API is called
-&gt; done: POrchAPIStepDefinitions.WhenPOrchAPIIsCalled("Payment") (1.1s)
Then the request should return status code 201
-&gt; done: POrchAPIStepDefinitions.ThenTheRequestShouldReturnStatusCode(201) (0.0s)</StdOut>
      </Output>
    </UnitTestResult>
    <UnitTestResult executionId="59e033b3-baff-4b14-9f3a-d9ee9c696a1b" testId="625b0c4f-ae51-ad6c-59ca-a92337c32e20" testName="POrchAPI_Other_Fraud_Responses_Do_Not_Retry (Unknown,409,)" computerName="ip-10-130-163-171" duration="00:00:00.0047464" startTime="2025-09-12T12:51:01.0673317+12:00" endTime="2025-09-12T12:51:01.0722160+12:00" testType="13cdc9d9-ddb5-4fa4-a97d-d965ccfc6d4b" outcome="Passed" testListId="8c84fa94-04c1-424b-9868-57a2d4851a1d" relativeResultsDirectory="59e033b3-baff-4b14-9f3a-d9ee9c696a1b">
      <Output>
        <StdOut>[2025-09-12 12:51:01 INF] Starting Test Execution: POrchAPI_Other_Fraud_Responses_Do_Not_Retry:["[Result, Unknown]","[StatusCode, 409]"]
[2025-09-12 12:51:01 INF] Finished Test Execution: POrchAPI_Other_Fraud_Responses_Do_Not_Retry
[2025-09-12 12:51:01 INF] ---------------------------------------------------



TestContext Messages:
Given a POrch PaymentRequest is created
-&gt; done: POrchAPIStepDefinitions.GivenAPOrchPaymentRequestIsCreated() (0.0s)
And the Fraudcheck mock response will return Unknown then 200
-&gt; done: POrchAPIStepDefinitions.GivenTheFraudcheckMockResponseWillReturnThen("Unknown") (0.0s)
And MiddleWare Response is FrozenError
-&gt; done: POrchAPIStepDefinitions.SetMiddlewareResponse("FrozenError") (0.0s)
And the PAS response is Created
-&gt; done: POrchAPIStepDefinitions.ThePasResponseIs("Created") (0.0s)</StdOut>
      </Output>
    </UnitTestResult>
    <UnitTestResult executionId="b1d331d2-2b18-499a-af5e-d815f6b810a5" testId="86732163-4051-7399-a1b7-021a42dcb384" testName="POrchAPI_Various_Amounts_Return_Error_When_Length_Exceeded (01234567890.11,,)" computerName="ip-10-130-163-171" duration="00:00:01.0192758" startTime="2025-09-12T12:49:44.1749612+12:00" endTime="2025-09-12T12:49:45.1945263+12:00" testType="13cdc9d9-ddb5-4fa4-a97d-d965ccfc6d4b" outcome="Passed" testListId="8c84fa94-04c1-424b-9868-57a2d4851a1d" relativeResultsDirectory="b1d331d2-2b18-499a-af5e-d815f6b810a5">
      <Output>
        <StdOut>[2025-09-12 12:49:44 INF] Starting Test Execution: POrchAPI_Various_Amounts_Return_Error_When_Length_Exceeded:["[Amount, 01234567890.11]"]
[2025-09-12 12:49:44 INF] Mocks are not ready after 1 / 5 attempt(s). Expected 2 mock(s) to be registered with the manager and got 0.
[2025-09-12 12:49:44 INF] Successfully created map FraudcheckMock_Authorize_f64f1ff1-cbb7-4d9a-b316-fa98fe403e7d for /api/v1/financial-transaction-fraud-checks
[2025-09-12 12:49:44 INF] Successfully created map MiddlewareMock_Success_41eae1dc-2526-466e-98b5-d5cf79f7fe49 for /initialisepaymentorder/basic
[2025-09-12 12:49:45 INF] Finished Test Execution: POrchAPI_Various_Amounts_Return_Error_When_Length_Exceeded
[2025-09-12 12:49:45 INF] ---------------------------------------------------



TestContext Messages:
Given a POrch PaymentRequest is created
-&gt; done: POrchAPIStepDefinitions.GivenAPOrchPaymentRequestIsCreated() (0.0s)
And the Payment Amount Field is 01234567890.11
-&gt; done: POrchAPIStepDefinitions.WhenTheAcountFieldIs("Payment", "01234567890.11") (0.0s)
And FraudCheck Response is Authorize
-&gt; done: POrchAPIStepDefinitions.SetFraudCheckResponse("Authorize") (0.0s)
And MiddleWare Response is Success
-&gt; done: POrchAPIStepDefinitions.SetMiddlewareResponse("Success") (0.0s)
When POrch Payment API is called
-&gt; done: POrchAPIStepDefinitions.WhenPOrchAPIIsCalled("Payment") (1.0s)
Then the request should return status code 400
-&gt; done: POrchAPIStepDefinitions.ThenTheRequestShouldReturnStatusCode(400) (0.0s)</StdOut>
      </Output>
    </UnitTestResult>
    <UnitTestResult executionId="a2f133bf-dbd2-41fa-86d6-8765268b128d" testId="45782df9-6cc6-9c66-8f7c-93fd9cd53f3d" testName="ChallengeAndResponseDecisionEndpointIsAccessible (Cancel,PaymentCancelled,)" computerName="ip-10-130-163-171" duration="00:00:00.0081601" startTime="2025-09-12T12:50:38.0227867+12:00" endTime="2025-09-12T12:50:38.0311232+12:00" testType="13cdc9d9-ddb5-4fa4-a97d-d965ccfc6d4b" outcome="Passed" testListId="8c84fa94-04c1-424b-9868-57a2d4851a1d" relativeResultsDirectory="a2f133bf-dbd2-41fa-86d6-8765268b128d">
      <Output>
        <StdOut>[2025-09-12 12:50:38 INF] Starting Test Execution: Challenge and Response decision endpoint is accessible:["[Outcome, Cancel]","[ExpectedStatus, PaymentCancelled]"]
[2025-09-12 12:50:38 INF] Response has PaymentId: 144cd304-b0ba-44e9-a5b7-512f53c1519f
[2025-09-12 12:50:38 INF] Finished Test Execution: Challenge and Response decision endpoint is accessible
[2025-09-12 12:50:38 INF] ---------------------------------------------------



TestContext Messages:
Given a Decision is created with the outcome Cancel
-&gt; done: POrchAPIStepDefinitions.GivenADecisionIsCreatedWithTheOutcome("Cancel") (0.0s)
When the decision api is called
-&gt; done: POrchAPIStepDefinitions.WhenTheDecisionApiIsCalled() (0.0s)
Then the response code should be 200
-&gt; done: POrchAPIStepDefinitions.ThenTheRequestShouldReturnStatusCode(200) (0.0s)
And the response contains the fields:
  --- table step argument ---
  | $.status | PaymentCancelled |
-&gt; done: POrchAPIStepDefinitions.ThenTheResponseContainsTheFields(&lt;table&gt;) (0.0s)</StdOut>
      </Output>
    </UnitTestResult>
    <UnitTestResult executionId="61cd9049-16a8-4d9c-aa58-29b328551942" testId="22e8c9f5-18cd-e757-dd99-5b5cabca4c49" testName="POrchAPI_Transfer_Invalid_Debit_Account_Return_Error (abcdefghijklmnse,400,)" computerName="ip-10-130-163-171" duration="00:00:00.0074645" startTime="2025-09-12T12:52:13.5247025+12:00" endTime="2025-09-12T12:52:13.5322644+12:00" testType="13cdc9d9-ddb5-4fa4-a97d-d965ccfc6d4b" outcome="Passed" testListId="8c84fa94-04c1-424b-9868-57a2d4851a1d" relativeResultsDirectory="61cd9049-16a8-4d9c-aa58-29b328551942">
      <Output>
        <StdOut>[2025-09-12 12:52:13 INF] Starting Test Execution: POrchAPI_Transfer_Invalid_Debit_Account_Return_Error:["[DebitAccountValue, abcdefghijklmnse]","[StatusCode, 400]"]
[2025-09-12 12:52:13 INF] Finished Test Execution: POrchAPI_Transfer_Invalid_Debit_Account_Return_Error
[2025-09-12 12:52:13 INF] ---------------------------------------------------



TestContext Messages:
Given a POrch TransferRequest is created
-&gt; done: POrchAPIStepDefinitions.GivenAPOrchTransferRequestIsCreated() (0.0s)
And the Transfer Debit Account field is abcdefghijklmnse
-&gt; done: POrchAPIStepDefinitions.WhenTheDebitAccountFieldIs("Transfer", "abcdefghijklmnse") (0.0s)
When POrch Transfer API is called
-&gt; done: POrchAPIStepDefinitions.WhenPOrchAPIIsCalled("Transfer") (0.0s)
Then the request should return status code 400
-&gt; done: POrchAPIStepDefinitions.ThenTheRequestShouldReturnStatusCode(400) (0.0s)</StdOut>
      </Output>
    </UnitTestResult>
    <UnitTestResult executionId="dc469f89-6907-4b31-bd07-09f398ae640b" testId="3788b87d-2ea5-28d2-d757-7cb0d28c8b09" testName="POrchNRT_Unsuccessful_Response_From_FraudCheck_Successful_From_NRT (FraudFailed,,)" computerName="ip-10-130-163-171" duration="00:00:00.1034169" startTime="2025-09-12T12:50:39.2019101+12:00" endTime="2025-09-12T12:50:39.3054925+12:00" testType="13cdc9d9-ddb5-4fa4-a97d-d965ccfc6d4b" outcome="Passed" testListId="8c84fa94-04c1-424b-9868-57a2d4851a1d" relativeResultsDirectory="dc469f89-6907-4b31-bd07-09f398ae640b">
      <Output>
        <StdOut>[2025-09-12 12:50:39 INF] Starting Test Execution: POrchNRT_Unsuccessful_Response_From_FraudCheck_Successful_From_NRT:["[paymentResult, FraudFailed]"]
[2025-09-12 12:50:39 INF] Executed DbCommand (1ms) [Parameters=[], CommandType='Text', CommandTimeout='30']
SELECT n.id, n.attempts, n.created_at, n.payment_id, n.status, n.updated_at
FROM net.nrt_outbox AS n
WHERE n.attempts &gt;= 0
[2025-09-12 12:50:39 INF] Executed DbCommand (2ms) [Parameters=[@p0='?' (DbType = Guid)], CommandType='Text', CommandTimeout='30']
DELETE FROM net.nrt_outbox
WHERE id = @p0;
[2025-09-12 12:50:39 INF] Executed DbCommand (1ms) [Parameters=[@p0='?' (DbType = Guid), @p1='?', @p2='?' (DbType = Decimal), @p3='?' (DbType = DateTime), @p4='?', @p5='?', @p6='?', @p7='?', @p8='?' (DbType = Object), @p9='?' (DbType = Object), @p10='?', @p11='?', @p12='?', @p13='?', @p14='?' (DbType = Object), @p15='?' (DbType = Object), @p16='?' (DbType = Object), @p17='?' (DbType = DateTime), @p18='?' (DbType = Object), @p19='?' (DbType = DateTime), @p20='?' (DbType = Guid), @p21='?' (DbType = Int32), @p22='?' (DbType = DateTime), @p23='?' (DbType = Guid), @p24='?' (DbType = Object), @p25='?' (DbType = DateTime)], CommandType='Text', CommandTimeout='30']
INSERT INTO net.payment (id, access_number, amount, created_at, creditor_account_code, creditor_account_number, creditor_account_particulars, creditor_account_reference, creditor_account_source, currency, debtor_account_code, debtor_account_number, debtor_account_particulars, debtor_account_reference, debtor_account_source, fraud_check_disposition, payment_type, processed_at, status, updated_at)
VALUES (@p0, @p1, @p2, @p3, @p4, @p5, @p6, @p7, @p8, @p9, @p10, @p11, @p12, @p13, @p14, @p15, @p16, @p17, @p18, @p19);
INSERT INTO net.nrt_outbox (id, attempts, created_at, payment_id, status, updated_at)
VALUES (@p20, @p21, @p22, @p23, @p24, @p25);
[2025-09-12 12:50:39 INF] Successfully created map FraudCheckNRTMock_Success_dff2be3d-b7a2-4fbe-b74c-f0f368fc7bda for /api/v1/financial-transaction-fraud-checks/15f2285a-905a-45ed-bc68-55265d3e2f63
[2025-09-12 12:50:39 INF] Executed DbCommand (1ms) [Parameters=[@__p_0='?' (DbType = Guid)], CommandType='Text', CommandTimeout='30']
SELECT n.id, n.attempts, n.created_at, n.payment_id, n.status, n.updated_at
FROM net.nrt_outbox AS n
WHERE n.id = @__p_0
LIMIT 1
[2025-09-12 12:50:39 INF] Finished Test Execution: POrchNRT_Unsuccessful_Response_From_FraudCheck_Successful_From_NRT
[2025-09-12 12:50:39 INF] ---------------------------------------------------



TestContext Messages:
Given The NRT table is clean
-&gt; done: POrchAPIStepDefinitions.GivenTheNrtTableIsClean() (0.0s)
And there is an NRT entry with payment FraudFailed to process
-&gt; done: POrchAPIStepDefinitions.GivenThereIsAnNrtEntryToProcess("FraudFailed") (0.0s)
And the NRT entry should be processed successfully
-&gt; done: POrchAPIStepDefinitions.GivenTheNrtEntryShouldBeProcessedSuccessfully() (0.0s)
When the NRT Processor Has Run for at most 1 entry
-&gt; done: POrchAPIStepDefinitions.WhenTheNrtProcessorHasRunForAtMostXEntry(1) (0.1s)
Then the NRT entry has status Sent
-&gt; done: POrchAPIStepDefinitions.ThenTheNrtEntryHasStatus("Sent") (0.0s)</StdOut>
      </Output>
    </UnitTestResult>
    <UnitTestResult executionId="54460d48-855d-4d8b-962a-57d9a99a2374" testId="706ab6ba-2b51-b9db-cf4d-e95f5e95f91d" testName="POrchAPI_Various_Amounts_Return_Success_When_Below_Max (0000000001.11,,)" computerName="ip-10-130-163-171" duration="00:00:01.1123087" startTime="2025-09-12T12:49:39.8700759+12:00" endTime="2025-09-12T12:49:40.9827520+12:00" testType="13cdc9d9-ddb5-4fa4-a97d-d965ccfc6d4b" outcome="Passed" testListId="8c84fa94-04c1-424b-9868-57a2d4851a1d" relativeResultsDirectory="54460d48-855d-4d8b-962a-57d9a99a2374">
      <Output>
        <StdOut>[2025-09-12 12:49:39 INF] Starting Test Execution: POrchAPI_Various_Amounts_Return_Success_When_Below_Max:["[Amount, 0000000001.11]"]
[2025-09-12 12:49:39 INF] Mocks are not ready after 1 / 5 attempt(s). Expected 2 mock(s) to be registered with the manager and got 0.
[2025-09-12 12:49:39 INF] Successfully created map FraudcheckMock_Authorize_88258fba-ca19-4fd4-9633-e607631c3971 for /api/v1/financial-transaction-fraud-checks
[2025-09-12 12:49:39 INF] Successfully created map MiddlewareMock_Success_fe877668-6aa3-48e8-9a7d-a6252c4442a1 for /initialisepaymentorder/basic
[2025-09-12 12:49:40 INF] Response has PaymentId: 520e47a1-8fda-4bb9-87f0-94a165d9e70b
[2025-09-12 12:49:40 INF] Finished Test Execution: POrchAPI_Various_Amounts_Return_Success_When_Below_Max
[2025-09-12 12:49:40 INF] ---------------------------------------------------



TestContext Messages:
Given a POrch PaymentRequest is created
-&gt; done: POrchAPIStepDefinitions.GivenAPOrchPaymentRequestIsCreated() (0.0s)
And the Payment Amount Field is 0000000001.11
-&gt; done: POrchAPIStepDefinitions.WhenTheAcountFieldIs("Payment", "0000000001.11") (0.0s)
And FraudCheck Response is Authorize
-&gt; done: POrchAPIStepDefinitions.SetFraudCheckResponse("Authorize") (0.0s)
And MiddleWare Response is Success
-&gt; done: POrchAPIStepDefinitions.SetMiddlewareResponse("Success") (0.0s)
When POrch Payment API is called
-&gt; done: POrchAPIStepDefinitions.WhenPOrchAPIIsCalled("Payment") (1.1s)
Then the request should return status code 201
-&gt; done: POrchAPIStepDefinitions.ThenTheRequestShouldReturnStatusCode(201) (0.0s)</StdOut>
      </Output>
    </UnitTestResult>
    <UnitTestResult executionId="b44f6b2a-7922-449f-aa9d-8f11a1bcd6c3" testId="06644832-0720-9f66-794e-34617103e056" testName="POrchAPI_Transfer_Invalid_Debtor_Code_Return_Error (\,400,)" computerName="ip-10-130-163-171" duration="00:00:00.0068897" startTime="2025-09-12T12:52:13.6440074+12:00" endTime="2025-09-12T12:52:13.6510004+12:00" testType="13cdc9d9-ddb5-4fa4-a97d-d965ccfc6d4b" outcome="Passed" testListId="8c84fa94-04c1-424b-9868-57a2d4851a1d" relativeResultsDirectory="b44f6b2a-7922-449f-aa9d-8f11a1bcd6c3">
      <Output>
        <StdOut>[2025-09-12 12:52:13 INF] Starting Test Execution: POrchAPI_Transfer_Invalid_Debtor_Code_Return_Error:["[DebtorCodeValue, \\]","[StatusCode, 400]"]
[2025-09-12 12:52:13 INF] Finished Test Execution: POrchAPI_Transfer_Invalid_Debtor_Code_Return_Error
[2025-09-12 12:52:13 INF] ---------------------------------------------------



TestContext Messages:
Given a POrch TransferRequest is created
-&gt; done: POrchAPIStepDefinitions.GivenAPOrchTransferRequestIsCreated() (0.0s)
And the Transfer Debtor Code is \
-&gt; done: POrchAPIStepDefinitions.WhenTheDebtorCodeIs("Transfer", "\") (0.0s)
When POrch Transfer API is called
-&gt; done: POrchAPIStepDefinitions.WhenPOrchAPIIsCalled("Transfer") (0.0s)
Then the request should return status code 400
-&gt; done: POrchAPIStepDefinitions.ThenTheRequestShouldReturnStatusCode(400) (0.0s)</StdOut>
      </Output>
    </UnitTestResult>
    <UnitTestResult executionId="bae217c4-dbc6-4cc5-bdc1-25bc4d433867" testId="2acb2af8-f3fb-080e-8fda-e0eac2bb3f2e" testName="POrchAPI_Transfer_Invalid_Currency_Return_Error (nzd,400,)" computerName="ip-10-130-163-171" duration="00:00:00.0078306" startTime="2025-09-12T12:52:13.5077783+12:00" endTime="2025-09-12T12:52:13.5157126+12:00" testType="13cdc9d9-ddb5-4fa4-a97d-d965ccfc6d4b" outcome="Passed" testListId="8c84fa94-04c1-424b-9868-57a2d4851a1d" relativeResultsDirectory="bae217c4-dbc6-4cc5-bdc1-25bc4d433867">
      <Output>
        <StdOut>[2025-09-12 12:52:13 INF] Starting Test Execution: POrchAPI_Transfer_Invalid_Currency_Return_Error:["[CurrencyValue, nzd]","[StatusCode, 400]"]
[2025-09-12 12:52:13 INF] Finished Test Execution: POrchAPI_Transfer_Invalid_Currency_Return_Error
[2025-09-12 12:52:13 INF] ---------------------------------------------------



TestContext Messages:
Given a POrch TransferRequest is created
-&gt; done: POrchAPIStepDefinitions.GivenAPOrchTransferRequestIsCreated() (0.0s)
And the Transfer Currency Field is nzd
-&gt; done: POrchAPIStepDefinitions.WhenTheCurrencyFieldIs("Transfer", "nzd") (0.0s)
When POrch Transfer API is called
-&gt; done: POrchAPIStepDefinitions.WhenPOrchAPIIsCalled("Transfer") (0.0s)
Then the request should return status code 400
-&gt; done: POrchAPIStepDefinitions.ThenTheRequestShouldReturnStatusCode(400) (0.0s)</StdOut>
      </Output>
    </UnitTestResult>
    <UnitTestResult executionId="1cb52a47-80de-4216-b092-0776f1e5217c" testId="7416401c-ea0e-cc6d-9990-152626aa5d18" testName="POrchAPI_TMVToTMV_Valid_Creditor_Reference_Return_Success (=@#_%,.,201,)" computerName="ip-10-130-163-171" duration="00:00:01.0727732" startTime="2025-09-12T12:51:30.2873303+12:00" endTime="2025-09-12T12:51:31.3602466+12:00" testType="13cdc9d9-ddb5-4fa4-a97d-d965ccfc6d4b" outcome="Passed" testListId="8c84fa94-04c1-424b-9868-57a2d4851a1d" relativeResultsDirectory="1cb52a47-80de-4216-b092-0776f1e5217c">
      <Output>
        <StdOut>[2025-09-12 12:51:30 INF] Starting Test Execution: POrchAPI_TMVToTMV_Valid_Creditor_Reference_Return_Success:["[CreditorReferenceValue, =@#_%,.]","[StatusCode, 201]"]
[2025-09-12 12:51:30 INF] Mocks are not ready after 1 / 5 attempt(s). Expected 1 mock(s) to be registered with the manager and got 0.
[2025-09-12 12:51:30 INF] Successfully created map AdpsMock_Success_20ea85da-cc2c-4956-a1b0-9de013e06ca2 for /api/v1/payment-instruction/domestic/immediate
[2025-09-12 12:51:31 INF] Response has PaymentId: 3710e7c5-8dd2-45a8-8f7b-008994988528
[2025-09-12 12:51:31 INF] Finished Test Execution: POrchAPI_TMVToTMV_Valid_Creditor_Reference_Return_Success
[2025-09-12 12:51:31 INF] ---------------------------------------------------



TestContext Messages:
Given a TMV to TMV POrch TransferRequest is created
-&gt; done: POrchAPIStepDefinitions.ConditionalPOrchTransferRequestIsCreated("TMV", "TMV") (0.0s)
And the Transfer Creditor Reference is =@#_%,.
-&gt; done: POrchAPIStepDefinitions.WhenTheCreditorReferenceIs("Transfer", "=@#_%,.") (0.0s)
And ADPS Response is Success
-&gt; done: POrchAPIStepDefinitions.SetAdpsResponse("Success") (0.0s)
When POrch Transfer API is called
-&gt; done: POrchAPIStepDefinitions.WhenPOrchAPIIsCalled("Transfer") (1.1s)
Then the request should return status code 201
-&gt; done: POrchAPIStepDefinitions.ThenTheRequestShouldReturnStatusCode(201) (0.0s)</StdOut>
      </Output>
    </UnitTestResult>
    <UnitTestResult executionId="06f6e22a-2f37-4c2e-bbc2-d175b98e47f1" testId="80e74a32-3a38-ad7d-dbbc-155069dd63ff" testName="POrchAPI_Other_Middleware_Responses_Do_Not_Retry (WithdrawalNotPermittedError,409,)" computerName="ip-10-130-163-171" duration="00:00:01.0826818" startTime="2025-09-12T12:51:13.0021844+12:00" endTime="2025-09-12T12:51:14.0850111+12:00" testType="13cdc9d9-ddb5-4fa4-a97d-d965ccfc6d4b" outcome="Passed" testListId="8c84fa94-04c1-424b-9868-57a2d4851a1d" relativeResultsDirectory="06f6e22a-2f37-4c2e-bbc2-d175b98e47f1">
      <Output>
        <StdOut>[2025-09-12 12:51:13 INF] Starting Test Execution: POrchAPI_Other_Middleware_Responses_Do_Not_Retry:["[Response, WithdrawalNotPermittedError]","[StatusCode, 409]"]
[2025-09-12 12:51:13 INF] Mocks are not ready after 1 / 5 attempt(s). Expected 3 mock(s) to be registered with the manager and got 0.
[2025-09-12 12:51:13 INF] Successfully created map FraudcheckMock_Authorize_9839f04c-092e-498a-b344-9d0db16b2ed8 for /api/v1/financial-transaction-fraud-checks
[2025-09-12 12:51:13 INF] Successfully created map MiddlewareFailure_WithdrawalNotPermittedError_2aac8b71-b992-405c-b61f-84faf551a0ce_1 for /initialisepaymentorder/basic
[2025-09-12 12:51:13 INF] Successfully created map MiddlewareSuccess_332d6798-d1dc-4401-a213-ea9574145e4d for /initialisepaymentorder/basic
[2025-09-12 12:51:14 INF] Response has PaymentId: 4bfd1a05-8442-474b-9ebf-1b62b10b0c46
[2025-09-12 12:51:14 INF] Finished Test Execution: POrchAPI_Other_Middleware_Responses_Do_Not_Retry
[2025-09-12 12:51:14 INF] ---------------------------------------------------



TestContext Messages:
Given a POrch PaymentRequest is created
-&gt; done: POrchAPIStepDefinitions.GivenAPOrchPaymentRequestIsCreated() (0.0s)
And the credit Account is 389300099302202
-&gt; done: POrchAPIStepDefinitions.WhenTheCreditAccountIs("389300099302202") (0.0s)
And FraudCheck Response is Authorize
-&gt; done: POrchAPIStepDefinitions.SetFraudCheckResponse("Authorize") (0.0s)
And the Middleware responses will be WithdrawalNotPermittedError then 201
-&gt; done: POrchAPIStepDefinitions.GivenTheMiddlewareResponsesWillBe("WithdrawalNotPerm...") (0.0s)
When POrch Payment API is called
-&gt; done: POrchAPIStepDefinitions.WhenPOrchAPIIsCalled("Payment") (1.1s)
Then the request should return status code 409
-&gt; done: POrchAPIStepDefinitions.ThenTheRequestShouldReturnStatusCode(409) (0.0s)</StdOut>
      </Output>
    </UnitTestResult>
    <UnitTestResult executionId="5c11970b-b97b-48ec-a13c-c5c139a2fbf7" testId="dc6df0ef-6815-0cab-7d5e-39c1193f19d2" testName="POrchNRT_Unsuccessful_Response_From_FraudCheck_Unsuccessful_From_NRT (PaymentNrtUnauthorized,,)" computerName="ip-10-130-163-171" duration="00:00:00.0521987" startTime="2025-09-12T12:50:39.4109546+12:00" endTime="2025-09-12T12:50:39.4633312+12:00" testType="13cdc9d9-ddb5-4fa4-a97d-d965ccfc6d4b" outcome="Passed" testListId="8c84fa94-04c1-424b-9868-57a2d4851a1d" relativeResultsDirectory="5c11970b-b97b-48ec-a13c-c5c139a2fbf7">
      <Output>
        <StdOut>[2025-09-12 12:50:39 INF] Starting Test Execution: POrchNRT_Unsuccessful_Response_From_FraudCheck_Unsuccessful_From_NRT:["[result, PaymentNrtUnauthorized]"]
[2025-09-12 12:50:39 INF] Executed DbCommand (1ms) [Parameters=[], CommandType='Text', CommandTimeout='30']
SELECT n.id, n.attempts, n.created_at, n.payment_id, n.status, n.updated_at
FROM net.nrt_outbox AS n
WHERE n.attempts &gt;= 0
[2025-09-12 12:50:39 INF] Executed DbCommand (2ms) [Parameters=[@p0='?' (DbType = Guid)], CommandType='Text', CommandTimeout='30']
DELETE FROM net.nrt_outbox
WHERE id = @p0;
[2025-09-12 12:50:39 INF] Executed DbCommand (1ms) [Parameters=[@p0='?' (DbType = Guid), @p1='?', @p2='?' (DbType = Decimal), @p3='?' (DbType = DateTime), @p4='?', @p5='?', @p6='?', @p7='?', @p8='?' (DbType = Object), @p9='?' (DbType = Object), @p10='?', @p11='?', @p12='?', @p13='?', @p14='?' (DbType = Object), @p15='?' (DbType = Object), @p16='?' (DbType = Object), @p17='?' (DbType = DateTime), @p18='?' (DbType = Object), @p19='?' (DbType = DateTime), @p20='?' (DbType = Guid), @p21='?' (DbType = Int32), @p22='?' (DbType = DateTime), @p23='?' (DbType = Guid), @p24='?' (DbType = Object), @p25='?' (DbType = DateTime)], CommandType='Text', CommandTimeout='30']
INSERT INTO net.payment (id, access_number, amount, created_at, creditor_account_code, creditor_account_number, creditor_account_particulars, creditor_account_reference, creditor_account_source, currency, debtor_account_code, debtor_account_number, debtor_account_particulars, debtor_account_reference, debtor_account_source, fraud_check_disposition, payment_type, processed_at, status, updated_at)
VALUES (@p0, @p1, @p2, @p3, @p4, @p5, @p6, @p7, @p8, @p9, @p10, @p11, @p12, @p13, @p14, @p15, @p16, @p17, @p18, @p19);
INSERT INTO net.nrt_outbox (id, attempts, created_at, payment_id, status, updated_at)
VALUES (@p20, @p21, @p22, @p23, @p24, @p25);
[2025-09-12 12:50:39 INF] Successfully created map FraudCheckNRTMock_PaymentNrtUnauthorized_07b4709e-9baa-406c-b14d-cf7f150ccb35 for /api/v1/financial-transaction-fraud-checks/ae6f04e3-8888-47fe-97ad-d052223020b2
[2025-09-12 12:50:39 INF] Executed DbCommand (1ms) [Parameters=[@__p_0='?' (DbType = Guid)], CommandType='Text', CommandTimeout='30']
SELECT n.id, n.attempts, n.created_at, n.payment_id, n.status, n.updated_at
FROM net.nrt_outbox AS n
WHERE n.id = @__p_0
LIMIT 1
[2025-09-12 12:50:39 INF] Finished Test Execution: POrchNRT_Unsuccessful_Response_From_FraudCheck_Unsuccessful_From_NRT
[2025-09-12 12:50:39 INF] ---------------------------------------------------



TestContext Messages:
Given The NRT table is clean
-&gt; done: POrchAPIStepDefinitions.GivenTheNrtTableIsClean() (0.0s)
And there is an NRT entry with payment FraudFailed to process
-&gt; done: POrchAPIStepDefinitions.GivenThereIsAnNrtEntryToProcess("FraudFailed") (0.0s)
And the NRT entry should be processed with PaymentNrtUnauthorized
-&gt; done: POrchAPIStepDefinitions.GivenTheNrtEntryShouldBeProcessedWithUnsuccessfulResult("PaymentNrtUnautho...") (0.0s)
When the NRT Processor Has Run for at most 1 entry
-&gt; done: POrchAPIStepDefinitions.WhenTheNrtProcessorHasRunForAtMostXEntry(1) (0.0s)
Then the NRT entry has status NotSent
-&gt; done: POrchAPIStepDefinitions.ThenTheNrtEntryHasStatus("NotSent") (0.0s)</StdOut>
      </Output>
    </UnitTestResult>
    <UnitTestResult executionId="25c7f4dc-94df-4269-8792-09edbf483416" testId="d474115b-5d44-792f-c0b3-6286fc08511c" testName="POrchAPI_Transfer_Invalid_Creditor_Account_Source_Return_Error (TNV,400,'CreditorAccountSource' can only be Ultracs or TMV for transfers.,)" computerName="ip-10-130-163-171" duration="00:00:00.0094535" startTime="2025-09-12T12:52:13.7800292+12:00" endTime="2025-09-12T12:52:13.7896018+12:00" testType="13cdc9d9-ddb5-4fa4-a97d-d965ccfc6d4b" outcome="Passed" testListId="8c84fa94-04c1-424b-9868-57a2d4851a1d" relativeResultsDirectory="25c7f4dc-94df-4269-8792-09edbf483416">
      <Output>
        <StdOut>[2025-09-12 12:52:13 INF] Starting Test Execution: POrchAPI_Transfer_Invalid_Creditor_Account_Source_Return_Error:["[AccountSource, TNV]","[StatusCode, 400]","[ErrorMessage, 'CreditorAccountSource' can only be Ultracs or TMV for transfers.]"]
[2025-09-12 12:52:13 INF] Finished Test Execution: POrchAPI_Transfer_Invalid_Creditor_Account_Source_Return_Error
[2025-09-12 12:52:13 INF] ---------------------------------------------------



TestContext Messages:
Given a POrch TransferRequest is created
-&gt; done: POrchAPIStepDefinitions.GivenAPOrchTransferRequestIsCreated() (0.0s)
And the transfer Creditor Account Source is TNV
-&gt; done: POrchAPIStepDefinitions.GivenTheTransferCreditorAccountSourceIs("TNV") (0.0s)
When POrch Transfer API is called
-&gt; done: POrchAPIStepDefinitions.WhenPOrchAPIIsCalled("Transfer") (0.0s)
Then the request should return status code 400
-&gt; done: POrchAPIStepDefinitions.ThenTheRequestShouldReturnStatusCode(400) (0.0s)
And the error message should be 'CreditorAccountSource' can only be Ultracs or TMV for transfers.
-&gt; done: POrchAPIStepDefinitions.ThenTheErrorMessageShouldBeErrorMessage("'CreditorAccountS...") (0.0s)</StdOut>
      </Output>
    </UnitTestResult>
    <UnitTestResult executionId="9654c0f7-4062-4360-9386-54b537c47dcf" testId="c8bcd01b-a393-1de5-8512-1f4782ddff91" testName="POrchAPI_Various_Amounts_Return_Success_When_Below_Max (01.11,,)" computerName="ip-10-130-163-171" duration="00:00:01.1454797" startTime="2025-09-12T12:49:37.6341788+12:00" endTime="2025-09-12T12:49:38.7799556+12:00" testType="13cdc9d9-ddb5-4fa4-a97d-d965ccfc6d4b" outcome="Passed" testListId="8c84fa94-04c1-424b-9868-57a2d4851a1d" relativeResultsDirectory="9654c0f7-4062-4360-9386-54b537c47dcf">
      <Output>
        <StdOut>[2025-09-12 12:49:37 INF] Starting Test Execution: POrchAPI_Various_Amounts_Return_Success_When_Below_Max:["[Amount, 01.11]"]
[2025-09-12 12:49:37 INF] Mocks are not ready after 1 / 5 attempt(s). Expected 2 mock(s) to be registered with the manager and got 0.
[2025-09-12 12:49:37 INF] Successfully created map FraudcheckMock_Authorize_cf144a1d-bab3-4156-9801-dff45dc60326 for /api/v1/financial-transaction-fraud-checks
[2025-09-12 12:49:37 INF] Successfully created map MiddlewareMock_Success_9a362cfd-a56a-4a63-a42e-55b856898914 for /initialisepaymentorder/basic
[2025-09-12 12:49:38 INF] Response has PaymentId: 421086bd-cf49-4218-ae75-2668fbd34284
[2025-09-12 12:49:38 INF] Finished Test Execution: POrchAPI_Various_Amounts_Return_Success_When_Below_Max
[2025-09-12 12:49:38 INF] ---------------------------------------------------



TestContext Messages:
Given a POrch PaymentRequest is created
-&gt; done: POrchAPIStepDefinitions.GivenAPOrchPaymentRequestIsCreated() (0.0s)
And the Payment Amount Field is 01.11
-&gt; done: POrchAPIStepDefinitions.WhenTheAcountFieldIs("Payment", "01.11") (0.0s)
And FraudCheck Response is Authorize
-&gt; done: POrchAPIStepDefinitions.SetFraudCheckResponse("Authorize") (0.0s)
And MiddleWare Response is Success
-&gt; done: POrchAPIStepDefinitions.SetMiddlewareResponse("Success") (0.0s)
When POrch Payment API is called
-&gt; done: POrchAPIStepDefinitions.WhenPOrchAPIIsCalled("Payment") (1.1s)
Then the request should return status code 201
-&gt; done: POrchAPIStepDefinitions.ThenTheRequestShouldReturnStatusCode(201) (0.0s)</StdOut>
      </Output>
    </UnitTestResult>
    <UnitTestResult executionId="f3024971-ee54-447c-8821-7b4edd099bb0" testId="0482ccde-1d3a-57a5-32b1-49eeebf2bb9f" testName="POrchAPI_TMVToUltracs_Negative_MiddleWare_Response_409_OtherErrors (AccountNumberIsInvalidError,409,)" computerName="ip-10-130-163-171" startTime="2025-09-12T12:51:49.8892500+12:00" endTime="2025-09-12T12:51:49.8892713+12:00" testType="13cdc9d9-ddb5-4fa4-a97d-d965ccfc6d4b" outcome="NotExecuted" testListId="8c84fa94-04c1-424b-9868-57a2d4851a1d" relativeResultsDirectory="f3024971-ee54-447c-8821-7b4edd099bb0">
      <Output></Output>
    </UnitTestResult>
    <UnitTestResult executionId="e58c1459-c167-4c88-884a-c7727f3e49c8" testId="b4944693-4056-da7f-f008-94659ea447c4" testName="POrchAPI_Transfer_Invalid_Debtor_Particulars_Return_Error (},400,)" computerName="ip-10-130-163-171" duration="00:00:00.0079603" startTime="2025-09-12T12:52:13.5979586+12:00" endTime="2025-09-12T12:52:13.6060255+12:00" testType="13cdc9d9-ddb5-4fa4-a97d-d965ccfc6d4b" outcome="Passed" testListId="8c84fa94-04c1-424b-9868-57a2d4851a1d" relativeResultsDirectory="e58c1459-c167-4c88-884a-c7727f3e49c8">
      <Output>
        <StdOut>[2025-09-12 12:52:13 INF] Starting Test Execution: POrchAPI_Transfer_Invalid_Debtor_Particulars_Return_Error:["[DebtorParticularsValue, }]","[StatusCode, 400]"]
[2025-09-12 12:52:13 INF] Finished Test Execution: POrchAPI_Transfer_Invalid_Debtor_Particulars_Return_Error
[2025-09-12 12:52:13 INF] ---------------------------------------------------



TestContext Messages:
Given a POrch TransferRequest is created
-&gt; done: POrchAPIStepDefinitions.GivenAPOrchTransferRequestIsCreated() (0.0s)
And the Transfer Debtor particulars is }
-&gt; done: POrchAPIStepDefinitions.WhenTheDebtorParticularsIs("Transfer", "}") (0.0s)
When POrch Transfer API is called
-&gt; done: POrchAPIStepDefinitions.WhenPOrchAPIIsCalled("Transfer") (0.0s)
Then the request should return status code 400
-&gt; done: POrchAPIStepDefinitions.ThenTheRequestShouldReturnStatusCode(400) (0.0s)</StdOut>
      </Output>
    </UnitTestResult>
    <UnitTestResult executionId="089db266-e889-48a0-b622-3f4399e6bb34" testId="e1f7352b-0f9a-6b65-cb9b-1232c6779ad0" testName="POrchAPI_Transfer_Invalid_Credit_Account_Return_Error (38231234562856345,400,)" computerName="ip-10-130-163-171" duration="00:00:00.0072371" startTime="2025-09-12T12:52:13.5654209+12:00" endTime="2025-09-12T12:52:13.5727587+12:00" testType="13cdc9d9-ddb5-4fa4-a97d-d965ccfc6d4b" outcome="Passed" testListId="8c84fa94-04c1-424b-9868-57a2d4851a1d" relativeResultsDirectory="089db266-e889-48a0-b622-3f4399e6bb34">
      <Output>
        <StdOut>[2025-09-12 12:52:13 INF] Starting Test Execution: POrchAPI_Transfer_Invalid_Credit_Account_Return_Error:["[CreditAccounValue, 38231234562856345]","[StatusCode, 400]"]
[2025-09-12 12:52:13 INF] Finished Test Execution: POrchAPI_Transfer_Invalid_Credit_Account_Return_Error
[2025-09-12 12:52:13 INF] ---------------------------------------------------



TestContext Messages:
Given a POrch TransferRequest is created
-&gt; done: POrchAPIStepDefinitions.GivenAPOrchTransferRequestIsCreated() (0.0s)
And the Transfer Credit Account field is &lt;CreditAccountValue&gt;
-&gt; done: POrchAPIStepDefinitions.WhenTheCreditAccountFieldIs("Transfer", "&lt;CreditAccountValue&gt;") (0.0s)
When POrch Transfer API is called
-&gt; done: POrchAPIStepDefinitions.WhenPOrchAPIIsCalled("Transfer") (0.0s)
Then the request should return status code 400
-&gt; done: POrchAPIStepDefinitions.ThenTheRequestShouldReturnStatusCode(400) (0.0s)</StdOut>
      </Output>
    </UnitTestResult>
    <UnitTestResult executionId="a86de32b-527d-4479-842d-a5d1fdab40be" testId="ac6f18e1-b1aa-fc1d-9736-25be49d247df" testName="POrchAPI_UltracsToTMV_Valid_Creditor_Particulars_Return_Success (()+$*!;-/?:,201,)" computerName="ip-10-130-163-171" duration="00:00:01.0933046" startTime="2025-09-12T12:51:53.1559655+12:00" endTime="2025-09-12T12:51:54.2494088+12:00" testType="13cdc9d9-ddb5-4fa4-a97d-d965ccfc6d4b" outcome="Passed" testListId="8c84fa94-04c1-424b-9868-57a2d4851a1d" relativeResultsDirectory="a86de32b-527d-4479-842d-a5d1fdab40be">
      <Output>
        <StdOut>[2025-09-12 12:51:53 INF] Starting Test Execution: POrchAPI_UltracsToTMV_Valid_Creditor_Particulars_Return_Success:["[CreditorParticularsValue, ()+$*!;-/?:]","[StatusCode, 201]"]
[2025-09-12 12:51:53 INF] Mocks are not ready after 1 / 5 attempt(s). Expected 2 mock(s) to be registered with the manager and got 0.
[2025-09-12 12:51:53 INF] Successfully created map AdpsMock_Success_4f36de7a-d855-4f32-8753-c07c8abf0ca4 for /api/v1/payment-instruction/domestic/immediate
[2025-09-12 12:51:53 INF] Successfully created map MiddlewareMock_Success_726f6eb3-bd63-4911-bb22-266829c8cc99 for /initialisepaymentorder/basic
[2025-09-12 12:51:54 INF] Response has PaymentId: 23d214de-4c90-4d75-ae29-04af1787a0ce
[2025-09-12 12:51:54 INF] Finished Test Execution: POrchAPI_UltracsToTMV_Valid_Creditor_Particulars_Return_Success
[2025-09-12 12:51:54 INF] ---------------------------------------------------



TestContext Messages:
Given a Ultracs to TMV POrch TransferRequest is created
-&gt; done: POrchAPIStepDefinitions.ConditionalPOrchTransferRequestIsCreated("Ultracs", "TMV") (0.0s)
And the Transfer Creditor particulars is ()+$*!;-/?:
-&gt; done: POrchAPIStepDefinitions.WhenTheCreditorParticularsIs("Transfer", "()+$*!;-/?:") (0.0s)
And ADPS Response is Success
-&gt; done: POrchAPIStepDefinitions.SetAdpsResponse("Success") (0.0s)
And MiddleWare Response is Success
-&gt; done: POrchAPIStepDefinitions.SetMiddlewareResponse("Success") (0.0s)
When POrch Transfer API is called
-&gt; done: POrchAPIStepDefinitions.WhenPOrchAPIIsCalled("Transfer") (1.1s)
Then the request should return status code 201
-&gt; done: POrchAPIStepDefinitions.ThenTheRequestShouldReturnStatusCode(201) (0.0s)</StdOut>
      </Output>
    </UnitTestResult>
    <UnitTestResult executionId="0f02b097-9b64-4b34-b43b-da621b310621" testId="1e8e6330-c538-1157-ece4-73d09ac62670" testName="POrchAPI_Valid_Debtor_Reference_Return_Success (()+$*!;-/?:,201,)" computerName="ip-10-130-163-171" duration="00:00:01.0999667" startTime="2025-09-12T12:49:58.1072715+12:00" endTime="2025-09-12T12:49:59.2074624+12:00" testType="13cdc9d9-ddb5-4fa4-a97d-d965ccfc6d4b" outcome="Passed" testListId="8c84fa94-04c1-424b-9868-57a2d4851a1d" relativeResultsDirectory="0f02b097-9b64-4b34-b43b-da621b310621">
      <Output>
        <StdOut>[2025-09-12 12:49:58 INF] Starting Test Execution: POrchAPI_Valid_Debtor_Reference_Return_Success:["[DebtorReferenceValue, ()+$*!;-/?:]","[StatusCode, 201]"]
[2025-09-12 12:49:58 INF] Mocks are not ready after 1 / 5 attempt(s). Expected 2 mock(s) to be registered with the manager and got 0.
[2025-09-12 12:49:58 INF] Successfully created map FraudcheckMock_Authorize_43527457-f84f-4bc9-9ab2-e10439878331 for /api/v1/financial-transaction-fraud-checks
[2025-09-12 12:49:58 INF] Successfully created map MiddlewareMock_Success_9d279a64-f131-4ca9-8ced-21c0ce270c3a for /initialisepaymentorder/basic
[2025-09-12 12:49:59 INF] Response has PaymentId: 48ea0f45-8e1e-47cf-bd03-f1e3b1fdc86c
[2025-09-12 12:49:59 INF] Finished Test Execution: POrchAPI_Valid_Debtor_Reference_Return_Success
[2025-09-12 12:49:59 INF] ---------------------------------------------------



TestContext Messages:
Given a POrch PaymentRequest is created
-&gt; done: POrchAPIStepDefinitions.GivenAPOrchPaymentRequestIsCreated() (0.0s)
And the Payment Debtor Reference is ()+$*!;-/?:
-&gt; done: POrchAPIStepDefinitions.WhenTheDebtorReferenceIs("Payment", "()+$*!;-/?:") (0.0s)
And FraudCheck Response is Authorize
-&gt; done: POrchAPIStepDefinitions.SetFraudCheckResponse("Authorize") (0.0s)
And MiddleWare Response is Success
-&gt; done: POrchAPIStepDefinitions.SetMiddlewareResponse("Success") (0.0s)
When POrch Payment API is called
-&gt; done: POrchAPIStepDefinitions.WhenPOrchAPIIsCalled("Payment") (1.1s)
Then the request should return status code 201
-&gt; done: POrchAPIStepDefinitions.ThenTheRequestShouldReturnStatusCode(201) (0.0s)</StdOut>
      </Output>
    </UnitTestResult>
    <UnitTestResult executionId="b0599a13-acb6-416f-96cd-9f9f4235b14c" testId="7921a5cf-e854-49ae-c247-664dc2281b3b" testName="POrchAPI_Transfer_Invalid_Creditor_Particulars_Return_Error (},400,)" computerName="ip-10-130-163-171" duration="00:00:00.0068732" startTime="2025-09-12T12:52:13.6227573+12:00" endTime="2025-09-12T12:52:13.6297313+12:00" testType="13cdc9d9-ddb5-4fa4-a97d-d965ccfc6d4b" outcome="Passed" testListId="8c84fa94-04c1-424b-9868-57a2d4851a1d" relativeResultsDirectory="b0599a13-acb6-416f-96cd-9f9f4235b14c">
      <Output>
        <StdOut>[2025-09-12 12:52:13 INF] Starting Test Execution: POrchAPI_Transfer_Invalid_Creditor_Particulars_Return_Error:["[CreditorParticularsValue, }]","[StatusCode, 400]"]
[2025-09-12 12:52:13 INF] Finished Test Execution: POrchAPI_Transfer_Invalid_Creditor_Particulars_Return_Error
[2025-09-12 12:52:13 INF] ---------------------------------------------------



TestContext Messages:
Given a POrch TransferRequest is created
-&gt; done: POrchAPIStepDefinitions.GivenAPOrchTransferRequestIsCreated() (0.0s)
And the Transfer Creditor particulars is }
-&gt; done: POrchAPIStepDefinitions.WhenTheCreditorParticularsIs("Transfer", "}") (0.0s)
When POrch Transfer API is called
-&gt; done: POrchAPIStepDefinitions.WhenPOrchAPIIsCalled("Transfer") (0.0s)
Then the request should return status code 400
-&gt; done: POrchAPIStepDefinitions.ThenTheRequestShouldReturnStatusCode(400) (0.0s)</StdOut>
      </Output>
    </UnitTestResult>
    <UnitTestResult executionId="c85594e2-7209-47a6-962a-5ec60ee7798d" testId="0bbe4b7d-872b-2c47-337d-1d2c17bb07b3" testName="POrchAPI_UltracsToTMV_Valid_Creditor_Code_Return_Success (=@#_%,.,201,)" computerName="ip-10-130-163-171" duration="00:00:01.0891319" startTime="2025-09-12T12:51:58.6168735+12:00" endTime="2025-09-12T12:51:59.7061338+12:00" testType="13cdc9d9-ddb5-4fa4-a97d-d965ccfc6d4b" outcome="Passed" testListId="8c84fa94-04c1-424b-9868-57a2d4851a1d" relativeResultsDirectory="c85594e2-7209-47a6-962a-5ec60ee7798d">
      <Output>
        <StdOut>[2025-09-12 12:51:58 INF] Starting Test Execution: POrchAPI_UltracsToTMV_Valid_Creditor_Code_Return_Success:["[CreditorCodeValue, =@#_%,.]","[StatusCode, 201]"]
[2025-09-12 12:51:58 INF] Mocks are not ready after 1 / 5 attempt(s). Expected 2 mock(s) to be registered with the manager and got 0.
[2025-09-12 12:51:58 INF] Successfully created map AdpsMock_Success_733b56bf-faa4-4e33-81bf-638ee7887508 for /api/v1/payment-instruction/domestic/immediate
[2025-09-12 12:51:58 INF] Successfully created map MiddlewareMock_Success_8ff6b243-4261-49cc-977f-047a281e799b for /initialisepaymentorder/basic
[2025-09-12 12:51:59 INF] Response has PaymentId: ba142aef-7fe1-4d27-99b2-1ef563f776d6
[2025-09-12 12:51:59 INF] Finished Test Execution: POrchAPI_UltracsToTMV_Valid_Creditor_Code_Return_Success
[2025-09-12 12:51:59 INF] ---------------------------------------------------



TestContext Messages:
Given a Ultracs to TMV POrch TransferRequest is created
-&gt; done: POrchAPIStepDefinitions.ConditionalPOrchTransferRequestIsCreated("Ultracs", "TMV") (0.0s)
And the Transfer Creditor Code is =@#_%,.
-&gt; done: POrchAPIStepDefinitions.WhenTheCreditorCodeIs("Transfer", "=@#_%,.") (0.0s)
And ADPS Response is Success
-&gt; done: POrchAPIStepDefinitions.SetAdpsResponse("Success") (0.0s)
And MiddleWare Response is Success
-&gt; done: POrchAPIStepDefinitions.SetMiddlewareResponse("Success") (0.0s)
When POrch Transfer API is called
-&gt; done: POrchAPIStepDefinitions.WhenPOrchAPIIsCalled("Transfer") (1.1s)
Then the request should return status code 201
-&gt; done: POrchAPIStepDefinitions.ThenTheRequestShouldReturnStatusCode(201) (0.0s)</StdOut>
      </Output>
    </UnitTestResult>
    <UnitTestResult executionId="41adb2c0-4d38-4049-8166-265df9f9e114" testId="f508055b-5bee-31e3-7739-a002119aa0d0" testName="POrchAPI_Transfer_Invalid_Debtor_Account_Source_Return_Error (External,400,'DebtorAccountSource' can only be Ultracs or TMV for transfers.,)" computerName="ip-10-130-163-171" duration="00:00:00.0073866" startTime="2025-09-12T12:52:13.7567656+12:00" endTime="2025-09-12T12:52:13.7642591+12:00" testType="13cdc9d9-ddb5-4fa4-a97d-d965ccfc6d4b" outcome="Passed" testListId="8c84fa94-04c1-424b-9868-57a2d4851a1d" relativeResultsDirectory="41adb2c0-4d38-4049-8166-265df9f9e114">
      <Output>
        <StdOut>[2025-09-12 12:52:13 INF] Starting Test Execution: POrchAPI_Transfer_Invalid_Debtor_Account_Source_Return_Error:["[AccountSource, External]","[StatusCode, 400]","[ErrorMessage, 'DebtorAccountSource' can only be Ultracs or TMV for transfers.]"]
[2025-09-12 12:52:13 INF] Finished Test Execution: POrchAPI_Transfer_Invalid_Debtor_Account_Source_Return_Error
[2025-09-12 12:52:13 INF] ---------------------------------------------------



TestContext Messages:
Given a POrch TransferRequest is created
-&gt; done: POrchAPIStepDefinitions.GivenAPOrchTransferRequestIsCreated() (0.0s)
And the transfer Debtor Account Source is External
-&gt; done: POrchAPIStepDefinitions.GivenTheTransferDebtorAccountSourceIs("External") (0.0s)
When POrch Transfer API is called
-&gt; done: POrchAPIStepDefinitions.WhenPOrchAPIIsCalled("Transfer") (0.0s)
Then the request should return status code 400
-&gt; done: POrchAPIStepDefinitions.ThenTheRequestShouldReturnStatusCode(400) (0.0s)
And the error message should be 'DebtorAccountSource' can only be Ultracs or TMV for transfers.
-&gt; done: POrchAPIStepDefinitions.ThenTheErrorMessageShouldBeErrorMessage("'DebtorAccountSou...") (0.0s)</StdOut>
      </Output>
    </UnitTestResult>
    <UnitTestResult executionId="9d21e692-3e95-4a23-87df-ca355eb758ec" testId="97df8d55-ad90-bd8f-de70-c9dc2b92e2c7" testName="POrchAPI_Other_Middleware_Responses_Do_Not_Retry (InsufficientFundsError,409,)" computerName="ip-10-130-163-171" duration="00:00:01.0833837" startTime="2025-09-12T12:51:09.7489781+12:00" endTime="2025-09-12T12:51:10.8325413+12:00" testType="13cdc9d9-ddb5-4fa4-a97d-d965ccfc6d4b" outcome="Passed" testListId="8c84fa94-04c1-424b-9868-57a2d4851a1d" relativeResultsDirectory="9d21e692-3e95-4a23-87df-ca355eb758ec">
      <Output>
        <StdOut>[2025-09-12 12:51:09 INF] Starting Test Execution: POrchAPI_Other_Middleware_Responses_Do_Not_Retry:["[Response, InsufficientFundsError]","[StatusCode, 409]"]
[2025-09-12 12:51:09 INF] Mocks are not ready after 1 / 5 attempt(s). Expected 3 mock(s) to be registered with the manager and got 0.
[2025-09-12 12:51:09 INF] Successfully created map FraudcheckMock_Authorize_302bad6d-df38-4398-882c-1ac4ff6643c4 for /api/v1/financial-transaction-fraud-checks
[2025-09-12 12:51:09 INF] Successfully created map MiddlewareSuccess_95ffa58a-1782-474b-b56b-43caacd3db9b for /initialisepaymentorder/basic
[2025-09-12 12:51:09 INF] Successfully created map MiddlewareFailure_InsufficientFundsError_b2a06f1f-e199-42fa-a7fc-0f5440b759fb_1 for /initialisepaymentorder/basic
[2025-09-12 12:51:10 INF] Response has PaymentId: d52158c9-d1a0-4f02-8380-74ac7b524c3d
[2025-09-12 12:51:10 INF] Finished Test Execution: POrchAPI_Other_Middleware_Responses_Do_Not_Retry
[2025-09-12 12:51:10 INF] ---------------------------------------------------



TestContext Messages:
Given a POrch PaymentRequest is created
-&gt; done: POrchAPIStepDefinitions.GivenAPOrchPaymentRequestIsCreated() (0.0s)
And the credit Account is 389300099302202
-&gt; done: POrchAPIStepDefinitions.WhenTheCreditAccountIs("389300099302202") (0.0s)
And FraudCheck Response is Authorize
-&gt; done: POrchAPIStepDefinitions.SetFraudCheckResponse("Authorize") (0.0s)
And the Middleware responses will be InsufficientFundsError then 201
-&gt; done: POrchAPIStepDefinitions.GivenTheMiddlewareResponsesWillBe("InsufficientFunds...") (0.0s)
When POrch Payment API is called
-&gt; done: POrchAPIStepDefinitions.WhenPOrchAPIIsCalled("Payment") (1.1s)
Then the request should return status code 409
-&gt; done: POrchAPIStepDefinitions.ThenTheRequestShouldReturnStatusCode(409) (0.0s)</StdOut>
      </Output>
    </UnitTestResult>
    <UnitTestResult executionId="740c7740-4ca0-429e-aa2f-a847244d798b" testId="34484d7f-dbd0-1c67-e279-552a6dfdfeba" testName="POrchAPI_TMVToUltracs_Negative_MiddleWare_Response_409_OtherErrors (FrozenError,409,)" computerName="ip-10-130-163-171" startTime="2025-09-12T12:51:49.8890148+12:00" endTime="2025-09-12T12:51:49.8891104+12:00" testType="13cdc9d9-ddb5-4fa4-a97d-d965ccfc6d4b" outcome="NotExecuted" testListId="8c84fa94-04c1-424b-9868-57a2d4851a1d" relativeResultsDirectory="740c7740-4ca0-429e-aa2f-a847244d798b">
      <Output></Output>
    </UnitTestResult>
    <UnitTestResult executionId="aff5f650-3e55-4dd1-8da8-3cfd90094d7f" testId="69685b74-7fc2-5b44-30db-5fa56ac301e3" testName="POrchAPI_Valid_Debtor_Code_Return_Success (=@#_%,.,201,)" computerName="ip-10-130-163-171" duration="00:00:01.0791003" startTime="2025-09-12T12:49:52.7037229+12:00" endTime="2025-09-12T12:49:53.7831256+12:00" testType="13cdc9d9-ddb5-4fa4-a97d-d965ccfc6d4b" outcome="Passed" testListId="8c84fa94-04c1-424b-9868-57a2d4851a1d" relativeResultsDirectory="aff5f650-3e55-4dd1-8da8-3cfd90094d7f">
      <Output>
        <StdOut>[2025-09-12 12:49:52 INF] Starting Test Execution: POrchAPI_Valid_Debtor_Code_Return_Success:["[DebtorCodeValue, =@#_%,.]","[StatusCode, 201]"]
[2025-09-12 12:49:52 INF] Mocks are not ready after 1 / 5 attempt(s). Expected 2 mock(s) to be registered with the manager and got 0.
[2025-09-12 12:49:52 INF] Successfully created map FraudcheckMock_Authorize_cfcf8c1e-1426-4c79-a8c5-28d5599d97b2 for /api/v1/financial-transaction-fraud-checks
[2025-09-12 12:49:52 INF] Successfully created map MiddlewareMock_Success_ef293ba7-2f8b-4b2c-b425-349b71cef721 for /initialisepaymentorder/basic
[2025-09-12 12:49:53 INF] Response has PaymentId: a3c74419-f189-4205-bb88-acd893717d8b
[2025-09-12 12:49:53 INF] Finished Test Execution: POrchAPI_Valid_Debtor_Code_Return_Success
[2025-09-12 12:49:53 INF] ---------------------------------------------------



TestContext Messages:
Given a POrch PaymentRequest is created
-&gt; done: POrchAPIStepDefinitions.GivenAPOrchPaymentRequestIsCreated() (0.0s)
And the Payment Debtor Code is =@#_%,.
-&gt; done: POrchAPIStepDefinitions.WhenTheDebtorCodeIs("Payment", "=@#_%,.") (0.0s)
And FraudCheck Response is Authorize
-&gt; done: POrchAPIStepDefinitions.SetFraudCheckResponse("Authorize") (0.0s)
And MiddleWare Response is Success
-&gt; done: POrchAPIStepDefinitions.SetMiddlewareResponse("Success") (0.0s)
When POrch Payment API is called
-&gt; done: POrchAPIStepDefinitions.WhenPOrchAPIIsCalled("Payment") (1.1s)
Then the request should return status code 201
-&gt; done: POrchAPIStepDefinitions.ThenTheRequestShouldReturnStatusCode(201) (0.0s)</StdOut>
      </Output>
    </UnitTestResult>
    <UnitTestResult executionId="0f276dd7-6bef-4c9f-8c9f-899133e8c4a2" testId="af19f751-b680-6600-9f8b-34f9762fb7cf" testName="POrchAPI_Valid_Creditor_Particulars_Return_Success (()+$*!;-/?:,201,)" computerName="ip-10-130-163-171" duration="00:00:01.1071580" startTime="2025-09-12T12:49:49.4231625+12:00" endTime="2025-09-12T12:49:50.5306935+12:00" testType="13cdc9d9-ddb5-4fa4-a97d-d965ccfc6d4b" outcome="Passed" testListId="8c84fa94-04c1-424b-9868-57a2d4851a1d" relativeResultsDirectory="0f276dd7-6bef-4c9f-8c9f-899133e8c4a2">
      <Output>
        <StdOut>[2025-09-12 12:49:49 INF] Starting Test Execution: POrchAPI_Valid_Creditor_Particulars_Return_Success:["[CreditorParticularsValue, ()+$*!;-/?:]","[StatusCode, 201]"]
[2025-09-12 12:49:49 INF] Mocks are not ready after 1 / 5 attempt(s). Expected 2 mock(s) to be registered with the manager and got 0.
[2025-09-12 12:49:49 INF] Successfully created map FraudcheckMock_Authorize_ed20311f-0158-4c3e-876a-a8bc84fb8592 for /api/v1/financial-transaction-fraud-checks
[2025-09-12 12:49:49 INF] Successfully created map MiddlewareMock_Success_173ce515-2529-4bf3-b538-3d25c1feae57 for /initialisepaymentorder/basic
[2025-09-12 12:49:50 INF] Response has PaymentId: bf449053-e625-4dfe-8375-69417a6ab39a
[2025-09-12 12:49:50 INF] Finished Test Execution: POrchAPI_Valid_Creditor_Particulars_Return_Success
[2025-09-12 12:49:50 INF] ---------------------------------------------------



TestContext Messages:
Given a POrch PaymentRequest is created
-&gt; done: POrchAPIStepDefinitions.GivenAPOrchPaymentRequestIsCreated() (0.0s)
And the Payment Creditor particulars is ()+$*!;-/?:
-&gt; done: POrchAPIStepDefinitions.WhenTheCreditorParticularsIs("Payment", "()+$*!;-/?:") (0.0s)
And FraudCheck Response is Authorize
-&gt; done: POrchAPIStepDefinitions.SetFraudCheckResponse("Authorize") (0.0s)
And MiddleWare Response is Success
-&gt; done: POrchAPIStepDefinitions.SetMiddlewareResponse("Success") (0.0s)
When POrch Payment API is called
-&gt; done: POrchAPIStepDefinitions.WhenPOrchAPIIsCalled("Payment") (1.1s)
Then the request should return status code 201
-&gt; done: POrchAPIStepDefinitions.ThenTheRequestShouldReturnStatusCode(201) (0.0s)</StdOut>
      </Output>
    </UnitTestResult>
    <UnitTestResult executionId="43d5701e-1f1f-4bf9-8ace-97d360422c73" testId="3546d9b7-4026-1f42-4d63-c78b4bd42ca5" testName="POrchAPI_Transfer_Invalid_Debtor_Code_Return_Error (},400,)" computerName="ip-10-130-163-171" duration="00:00:00.0068171" startTime="2025-09-12T12:52:13.6510402+12:00" endTime="2025-09-12T12:52:13.6579592+12:00" testType="13cdc9d9-ddb5-4fa4-a97d-d965ccfc6d4b" outcome="Passed" testListId="8c84fa94-04c1-424b-9868-57a2d4851a1d" relativeResultsDirectory="43d5701e-1f1f-4bf9-8ace-97d360422c73">
      <Output>
        <StdOut>[2025-09-12 12:52:13 INF] Starting Test Execution: POrchAPI_Transfer_Invalid_Debtor_Code_Return_Error:["[DebtorCodeValue, }]","[StatusCode, 400]"]
[2025-09-12 12:52:13 INF] Finished Test Execution: POrchAPI_Transfer_Invalid_Debtor_Code_Return_Error
[2025-09-12 12:52:13 INF] ---------------------------------------------------



TestContext Messages:
Given a POrch TransferRequest is created
-&gt; done: POrchAPIStepDefinitions.GivenAPOrchTransferRequestIsCreated() (0.0s)
And the Transfer Debtor Code is }
-&gt; done: POrchAPIStepDefinitions.WhenTheDebtorCodeIs("Transfer", "}") (0.0s)
When POrch Transfer API is called
-&gt; done: POrchAPIStepDefinitions.WhenPOrchAPIIsCalled("Transfer") (0.0s)
Then the request should return status code 400
-&gt; done: POrchAPIStepDefinitions.ThenTheRequestShouldReturnStatusCode(400) (0.0s)</StdOut>
      </Output>
    </UnitTestResult>
    <UnitTestResult executionId="d1918dbb-42cd-44e3-9f8d-f1d9a7e5dee9" testId="7ec3e2f7-5c97-0db2-5273-5ff8a3fa8b7d" testName="POrchAPI_UltracsToTMV_Valid_Debtor_Particulars_Return_Success (=@#_%,.,201,)" computerName="ip-10-130-163-171" duration="00:00:01.0855155" startTime="2025-09-12T12:51:52.0702800+12:00" endTime="2025-09-12T12:51:53.1559236+12:00" testType="13cdc9d9-ddb5-4fa4-a97d-d965ccfc6d4b" outcome="Passed" testListId="8c84fa94-04c1-424b-9868-57a2d4851a1d" relativeResultsDirectory="d1918dbb-42cd-44e3-9f8d-f1d9a7e5dee9">
      <Output>
        <StdOut>[2025-09-12 12:51:52 INF] Starting Test Execution: POrchAPI_UltracsToTMV_Valid_Debtor_Particulars_Return_Success:["[DebtorParticularsValue, =@#_%,.]","[StatusCode, 201]"]
[2025-09-12 12:51:52 INF] Mocks are not ready after 1 / 5 attempt(s). Expected 2 mock(s) to be registered with the manager and got 0.
[2025-09-12 12:51:52 INF] Successfully created map AdpsMock_Success_c31046b7-ef02-4fd4-a3c5-3af8db6e6352 for /api/v1/payment-instruction/domestic/immediate
[2025-09-12 12:51:52 INF] Successfully created map MiddlewareMock_Success_f13d60c9-c1cc-44d9-8215-45fb39fc43f8 for /initialisepaymentorder/basic
[2025-09-12 12:51:53 INF] Response has PaymentId: bf906240-6213-41b2-9dd6-e54cd12cf877
[2025-09-12 12:51:53 INF] Finished Test Execution: POrchAPI_UltracsToTMV_Valid_Debtor_Particulars_Return_Success
[2025-09-12 12:51:53 INF] ---------------------------------------------------



TestContext Messages:
Given a Ultracs to TMV POrch TransferRequest is created
-&gt; done: POrchAPIStepDefinitions.ConditionalPOrchTransferRequestIsCreated("Ultracs", "TMV") (0.0s)
And the Transfer Debtor particulars is =@#_%,.
-&gt; done: POrchAPIStepDefinitions.WhenTheDebtorParticularsIs("Transfer", "=@#_%,.") (0.0s)
And ADPS Response is Success
-&gt; done: POrchAPIStepDefinitions.SetAdpsResponse("Success") (0.0s)
And MiddleWare Response is Success
-&gt; done: POrchAPIStepDefinitions.SetMiddlewareResponse("Success") (0.0s)
When POrch Transfer API is called
-&gt; done: POrchAPIStepDefinitions.WhenPOrchAPIIsCalled("Transfer") (1.1s)
Then the request should return status code 201
-&gt; done: POrchAPIStepDefinitions.ThenTheRequestShouldReturnStatusCode(201) (0.0s)</StdOut>
      </Output>
    </UnitTestResult>
    <UnitTestResult executionId="a103d68b-2995-42e0-9134-f2b99e0a8260" testId="37af9221-1044-bb39-76f3-d33c0e92bc2d" testName="POrchAPI_Invalid_PAS_Response_Doesnt_Retry (401,,)" computerName="ip-10-130-163-171" duration="00:00:00.5909447" startTime="2025-09-12T12:50:48.6221867+12:00" endTime="2025-09-12T12:50:49.2132852+12:00" testType="13cdc9d9-ddb5-4fa4-a97d-d965ccfc6d4b" outcome="Passed" testListId="8c84fa94-04c1-424b-9868-57a2d4851a1d" relativeResultsDirectory="a103d68b-2995-42e0-9134-f2b99e0a8260">
      <Output>
        <StdOut>[2025-09-12 12:50:48 INF] Starting Test Execution: POrchAPI_Invalid_PAS_Response_Doesn't_Retry:["[PASResponse, 401]"]
[2025-09-12 12:50:48 INF] Successfully created map FraudcheckMock_Decline_19a34ebf-a925-4d89-a28a-dab335e6595b for /api/v1/financial-transaction-fraud-checks
[2025-09-12 12:50:48 INF] Successfully created map PASSuccess_ae845e4b-1489-483c-a6e6-65d294bcfa67 for /v2/activities
[2025-09-12 12:50:48 INF] Successfully created map PASErrorResponse_401_17c86a5c-78e3-4f07-8e82-328be9597c71_1 for /v2/activities
[2025-09-12 12:50:49 INF] Response has PaymentId: 66de5fb8-03a7-458e-abf8-a6942593c0eb
[2025-09-12 12:50:49 INF] Finished Test Execution: POrchAPI_Invalid_PAS_Response_Doesn't_Retry
[2025-09-12 12:50:49 INF] ---------------------------------------------------



TestContext Messages:
Given a POrch PaymentRequest is created
-&gt; done: POrchAPIStepDefinitions.GivenAPOrchPaymentRequestIsCreated() (0.0s)
And FraudCheck Response is Decline
-&gt; done: POrchAPIStepDefinitions.SetFraudCheckResponse("Decline") (0.0s)
And the PAS mock response will return 401 then 200
-&gt; done: POrchAPIStepDefinitions.GivenThePASMockResponseWillReturnThen("401") (0.5s)
When POrch Payment API is called
-&gt; done: POrchAPIStepDefinitions.WhenPOrchAPIIsCalled("Payment") (0.1s)
Then the request should return status code 409
-&gt; done: POrchAPIStepDefinitions.ThenTheRequestShouldReturnStatusCode(409) (0.0s)
And there are 1 calls to the PASErrorResponse mock
-&gt; done: POrchAPIStepDefinitions.ThenThereAreCallsToThePasMock(1, "PASErrorResponse") (0.0s)</StdOut>
      </Output>
    </UnitTestResult>
    <UnitTestResult executionId="998f46dd-6203-4eed-a21f-4ebb865a1f25" testId="5d38ef26-5475-4696-cbcc-8daeda649577" testName="POrchAPI_TMVToUltracs_Negative_MiddleWare_Response_409_OtherErrors (InvalidBankBranchNumberError,409,)" computerName="ip-10-130-163-171" startTime="2025-09-12T12:51:49.8891605+12:00" endTime="2025-09-12T12:51:49.8891847+12:00" testType="13cdc9d9-ddb5-4fa4-a97d-d965ccfc6d4b" outcome="NotExecuted" testListId="8c84fa94-04c1-424b-9868-57a2d4851a1d" relativeResultsDirectory="998f46dd-6203-4eed-a21f-4ebb865a1f25">
      <Output></Output>
    </UnitTestResult>
    <UnitTestResult executionId="5b587f0f-8a32-4bff-945f-9134d41a00eb" testId="50e25875-2c25-fb3c-95d0-d87b9191fafb" testName="POrchAPI_Negative_MiddleWare_Response_409 (WithdrawalNotPermittedError,409,)" computerName="ip-10-130-163-171" duration="00:00:01.0910740" startTime="2025-09-12T12:50:05.7496524+12:00" endTime="2025-09-12T12:50:06.8409952+12:00" testType="13cdc9d9-ddb5-4fa4-a97d-d965ccfc6d4b" outcome="Passed" testListId="8c84fa94-04c1-424b-9868-57a2d4851a1d" relativeResultsDirectory="5b587f0f-8a32-4bff-945f-9134d41a00eb">
      <Output>
        <StdOut>[2025-09-12 12:50:05 INF] Starting Test Execution: POrchAPI_Negative_MiddleWare_Response_409:["[Result, WithdrawalNotPermittedError]","[StatusCode, 409]"]
[2025-09-12 12:50:05 INF] Mocks are not ready after 1 / 5 attempt(s). Expected 2 mock(s) to be registered with the manager and got 0.
[2025-09-12 12:50:05 INF] Successfully created map FraudcheckMock_Authorize_0a8dcd9d-26cd-4e18-9f72-623406077db7 for /api/v1/financial-transaction-fraud-checks
[2025-09-12 12:50:05 INF] Successfully created map MiddlewareMock_WithdrawalNotPermittedError_e5f0af51-afef-46fe-9a4f-4bcfa050a328 for /initialisepaymentorder/basic
[2025-09-12 12:50:06 INF] Response has PaymentId: 471a3072-0667-4be3-97df-72527caee67a
[2025-09-12 12:50:06 INF] Finished Test Execution: POrchAPI_Negative_MiddleWare_Response_409
[2025-09-12 12:50:06 INF] ---------------------------------------------------



TestContext Messages:
Given a POrch PaymentRequest is created
-&gt; done: POrchAPIStepDefinitions.GivenAPOrchPaymentRequestIsCreated() (0.0s)
And FraudCheck Response is Authorize
-&gt; done: POrchAPIStepDefinitions.SetFraudCheckResponse("Authorize") (0.0s)
And MiddleWare Response is WithdrawalNotPermittedError
-&gt; done: POrchAPIStepDefinitions.SetMiddlewareResponse("WithdrawalNotPerm...") (0.0s)
When POrch Payment API is called
-&gt; done: POrchAPIStepDefinitions.WhenPOrchAPIIsCalled("Payment") (1.1s)
Then the request should return status code 409
-&gt; done: POrchAPIStepDefinitions.ThenTheRequestShouldReturnStatusCode(409) (0.0s)</StdOut>
      </Output>
    </UnitTestResult>
    <UnitTestResult executionId="4bef0280-e86e-4630-8599-06edb629592e" testId="4d49d458-cfe1-d6c1-2067-018152c6cee1" testName="POrchAPI_TMVToUltracs_Valid_Creditor_Reference_Return_Success (=@#_%,.,201,)" computerName="ip-10-130-163-171" duration="00:00:01.0881746" startTime="2025-09-12T12:51:44.4508592+12:00" endTime="2025-09-12T12:51:45.5391704+12:00" testType="13cdc9d9-ddb5-4fa4-a97d-d965ccfc6d4b" outcome="Passed" testListId="8c84fa94-04c1-424b-9868-57a2d4851a1d" relativeResultsDirectory="4bef0280-e86e-4630-8599-06edb629592e">
      <Output>
        <StdOut>[2025-09-12 12:51:44 INF] Starting Test Execution: POrchAPI_TMVToUltracs_Valid_Creditor_Reference_Return_Success:["[CreditorReferenceValue, =@#_%,.]","[StatusCode, 201]"]
[2025-09-12 12:51:44 INF] Mocks are not ready after 1 / 5 attempt(s). Expected 2 mock(s) to be registered with the manager and got 0.
[2025-09-12 12:51:44 INF] Successfully created map AdpsMock_Success_bdc112ac-632a-416c-9bef-7788096065f0 for /api/v1/payment-instruction/domestic/immediate
[2025-09-12 12:51:44 INF] Successfully created map MiddlewareMock_Success_4c6755b2-3fb6-46db-9c3f-41102e32ab64 for /initialisepaymentorder/basic
[2025-09-12 12:51:45 INF] Response has PaymentId: 74e46d47-7f2b-44e0-9765-343e7e6925e5
[2025-09-12 12:51:45 INF] Finished Test Execution: POrchAPI_TMVToUltracs_Valid_Creditor_Reference_Return_Success
[2025-09-12 12:51:45 INF] ---------------------------------------------------



TestContext Messages:
Given a TMV to Ultracs POrch TransferRequest is created
-&gt; done: POrchAPIStepDefinitions.ConditionalPOrchTransferRequestIsCreated("TMV", "Ultracs") (0.0s)
And the Transfer Creditor Reference is =@#_%,.
-&gt; done: POrchAPIStepDefinitions.WhenTheCreditorReferenceIs("Transfer", "=@#_%,.") (0.0s)
And ADPS Response is Success
-&gt; done: POrchAPIStepDefinitions.SetAdpsResponse("Success") (0.0s)
And MiddleWare Response is Success
-&gt; done: POrchAPIStepDefinitions.SetMiddlewareResponse("Success") (0.0s)
When POrch Transfer API is called
-&gt; done: POrchAPIStepDefinitions.WhenPOrchAPIIsCalled("Transfer") (1.1s)
Then the request should return status code 201
-&gt; done: POrchAPIStepDefinitions.ThenTheRequestShouldReturnStatusCode(201) (0.0s)</StdOut>
      </Output>
    </UnitTestResult>
    <UnitTestResult executionId="bdbf6f38-5d01-4d46-8d97-c76c9caa1736" testId="41ca75c3-6259-05b8-285b-4f5ddad16486" testName="POrchAPI_Idempotency_Successful_Request_Gives_201_For_Same_Idempotency_Combo" computerName="ip-10-130-163-171" duration="00:00:02.1880685" startTime="2025-09-12T12:50:30.0069320+12:00" endTime="2025-09-12T12:50:32.1952403+12:00" testType="13cdc9d9-ddb5-4fa4-a97d-d965ccfc6d4b" outcome="Passed" testListId="8c84fa94-04c1-424b-9868-57a2d4851a1d" relativeResultsDirectory="bdbf6f38-5d01-4d46-8d97-c76c9caa1736">
      <Output>
        <StdOut>[2025-09-12 12:50:30 INF] Starting Test Execution: POrchAPI_Idempotency_Successful_Request_Gives_201_For_Same_Idempotency_Combo:[]
[2025-09-12 12:50:30 INF] Successfully created map FraudcheckMock_Authorize_250b4d5e-da1e-4a4f-a2db-ac5d01e347cf for /api/v1/financial-transaction-fraud-checks
[2025-09-12 12:50:30 INF] Mocks are not ready after 1 / 5 attempt(s). Expected 2 mock(s) to be registered with the manager and got 1.
[2025-09-12 12:50:30 INF] Successfully created map MiddlewareMock_Success_8068bbd4-7c07-46d3-b9a6-83501f2eab62 for /initialisepaymentorder/basic
[2025-09-12 12:50:31 INF] Response has PaymentId: 7f08c6f9-d092-47fd-a267-6d87261c8c78
[2025-09-12 12:50:31 INF] Successfully created map FraudcheckMock_Authorize_d7114e1b-7d8e-4e31-bf00-facf497dc44d for /api/v1/financial-transaction-fraud-checks
[2025-09-12 12:50:31 INF] Mocks are not ready after 1 / 5 attempt(s). Expected 2 mock(s) to be registered with the manager and got 1.
[2025-09-12 12:50:31 INF] Successfully created map MiddlewareMock_UnknownError_315207d7-e89b-4ac6-b4fd-31912235af44 for /initialisepaymentorder/basic
[2025-09-12 12:50:32 INF] Response has PaymentId: 7f08c6f9-d092-47fd-a267-6d87261c8c78
[2025-09-12 12:50:32 INF] Finished Test Execution: POrchAPI_Idempotency_Successful_Request_Gives_201_For_Same_Idempotency_Combo
[2025-09-12 12:50:32 INF] ---------------------------------------------------



TestContext Messages:
Given a POrch PaymentRequest is created
-&gt; done: POrchAPIStepDefinitions.GivenAPOrchPaymentRequestIsCreated() (0.0s)
And the credit Account is 389300099302202
-&gt; done: POrchAPIStepDefinitions.WhenTheCreditAccountIs("389300099302202") (0.0s)
And FraudCheck Response is Authorize
-&gt; done: POrchAPIStepDefinitions.SetFraudCheckResponse("Authorize") (0.0s)
And MiddleWare Response is Success
-&gt; done: POrchAPIStepDefinitions.SetMiddlewareResponse("Success") (0.0s)
And POrch Payment API is called
-&gt; done: POrchAPIStepDefinitions.WhenPOrchAPIIsCalled("Payment") (1.1s)
And the request should return status code 201
-&gt; done: POrchAPIStepDefinitions.ThenTheRequestShouldReturnStatusCode(201) (0.0s)
And the mock mappings are cleared
-&gt; done: POrchAPIStepDefinitions.WhenTheMockResponsesAreCleared() (0.0s)
And FraudCheck Response is Authorize
-&gt; done: POrchAPIStepDefinitions.SetFraudCheckResponse("Authorize") (0.0s)
And MiddleWare Response is UnknownError
-&gt; done: POrchAPIStepDefinitions.SetMiddlewareResponse("UnknownError") (0.0s)
When POrch Payment API is called again
-&gt; done: POrchAPIStepDefinitions.WhenPOrchAPIIsCalledAgain("Payment") (1.1s)
Then the request should return status code 201
-&gt; done: POrchAPIStepDefinitions.ThenTheRequestShouldReturnStatusCode(201) (0.0s)
And the new response matches the original response
-&gt; done: POrchAPIStepDefinitions.ThenTheNewResponseMatchesTheOriginalResponse() (0.0s)</StdOut>
      </Output>
    </UnitTestResult>
    <UnitTestResult executionId="f7905820-171f-453e-9f44-c11c0747e2a7" testId="d9444b0f-2afc-6e33-3f17-3c6285628dbd" testName="POrchAPI_TMVOnlineCall_To_TMVOnlineCall_Successful" computerName="ip-10-130-163-171" duration="00:00:01.1476579" startTime="2025-09-12T12:51:19.5096956+12:00" endTime="2025-09-12T12:51:20.6579001+12:00" testType="13cdc9d9-ddb5-4fa4-a97d-d965ccfc6d4b" outcome="Passed" testListId="8c84fa94-04c1-424b-9868-57a2d4851a1d" relativeResultsDirectory="f7905820-171f-453e-9f44-c11c0747e2a7">
      <Output>
        <StdOut>[2025-09-12 12:51:19 INF] Starting Test Execution: POrchAPI_TMVOnlineCall_To_TMVOnlineCall_successful:[]
[2025-09-12 12:51:19 INF] Mocks are not ready after 1 / 5 attempt(s). Expected 1 mock(s) to be registered with the manager and got 0.
[2025-09-12 12:51:19 INF] Successfully created map AdpsMock_Success_08bee0f3-9621-4e82-92e2-783c182235ad for /api/v1/payment-instruction/domestic/immediate
[2025-09-12 12:51:20 INF] Response has PaymentId: 4925419d-c0c5-437d-bfc4-5103eda75c7a
[2025-09-12 12:51:20 INF] Finished Test Execution: POrchAPI_TMVOnlineCall_To_TMVOnlineCall_successful
[2025-09-12 12:51:20 INF] ---------------------------------------------------



TestContext Messages:
Given a TMV to TMV POrch TransferRequest is created
-&gt; done: POrchAPIStepDefinitions.ConditionalPOrchTransferRequestIsCreated("TMV", "TMV") (0.0s)
And ADPS Response is Success
-&gt; done: POrchAPIStepDefinitions.SetAdpsResponse("Success") (0.0s)
When POrch Transfer API is called
-&gt; done: POrchAPIStepDefinitions.WhenPOrchAPIIsCalled("Transfer") (1.1s)
Then the request should return status code 201
-&gt; done: POrchAPIStepDefinitions.ThenTheRequestShouldReturnStatusCode(201) (0.0s)</StdOut>
      </Output>
    </UnitTestResult>
    <UnitTestResult executionId="56da3593-b15f-4100-8c70-f4a90b0d3cfb" testId="790b325d-3abd-eec1-3755-0e7f95bfd137" testName="POrchAPI_UltracsToTMV_Negative_MiddleWare_Response_409 (AccountNumberIsInvalidError,409,)" computerName="ip-10-130-163-171" duration="00:00:01.0437916" startTime="2025-09-12T12:52:10.3380329+12:00" endTime="2025-09-12T12:52:11.3819893+12:00" testType="13cdc9d9-ddb5-4fa4-a97d-d965ccfc6d4b" outcome="Passed" testListId="8c84fa94-04c1-424b-9868-57a2d4851a1d" relativeResultsDirectory="56da3593-b15f-4100-8c70-f4a90b0d3cfb">
      <Output>
        <StdOut>[2025-09-12 12:52:10 INF] Starting Test Execution: POrchAPI_UltracsToTMV_Negative_MiddleWare_Response_409:["[Result, AccountNumberIsInvalidError]","[StatusCode, 409]"]
[2025-09-12 12:52:10 INF] Mocks are not ready after 1 / 5 attempt(s). Expected 1 mock(s) to be registered with the manager and got 0.
[2025-09-12 12:52:10 INF] Successfully created map MiddlewareMock_AccountNumberIsInvalidError_db7b8115-2412-4c6b-a449-8016bf267c88 for /initialisepaymentorder/basic
[2025-09-12 12:52:11 INF] Response has PaymentId: 8f2aa18b-2a4a-436e-8dad-032912888ec2
[2025-09-12 12:52:11 INF] Finished Test Execution: POrchAPI_UltracsToTMV_Negative_MiddleWare_Response_409
[2025-09-12 12:52:11 INF] ---------------------------------------------------



TestContext Messages:
Given a Ultracs to TMV POrch TransferRequest is created
-&gt; done: POrchAPIStepDefinitions.ConditionalPOrchTransferRequestIsCreated("Ultracs", "TMV") (0.0s)
And MiddleWare Response is AccountNumberIsInvalidError
-&gt; done: POrchAPIStepDefinitions.SetMiddlewareResponse("AccountNumberIsIn...") (0.0s)
When POrch Transfer API is called
-&gt; done: POrchAPIStepDefinitions.WhenPOrchAPIIsCalled("Transfer") (1.0s)
Then the request should return status code 409
-&gt; done: POrchAPIStepDefinitions.ThenTheRequestShouldReturnStatusCode(409) (0.0s)</StdOut>
      </Output>
    </UnitTestResult>
    <UnitTestResult executionId="fecbde58-7b4f-4ecb-a8cf-eabfd6374677" testId="9be046ce-d5fd-9427-1050-dab4a1484a22" testName="POrchAPI_TMVToTMV_Valid_Creditor_Particulars_Return_Success (=@#_%,.,201,)" computerName="ip-10-130-163-171" duration="00:00:01.0693951" startTime="2025-09-12T12:51:23.8647304+12:00" endTime="2025-09-12T12:51:24.9342585+12:00" testType="13cdc9d9-ddb5-4fa4-a97d-d965ccfc6d4b" outcome="Passed" testListId="8c84fa94-04c1-424b-9868-57a2d4851a1d" relativeResultsDirectory="fecbde58-7b4f-4ecb-a8cf-eabfd6374677">
      <Output>
        <StdOut>[2025-09-12 12:51:23 INF] Starting Test Execution: POrchAPI_TMVToTMV_Valid_Creditor_Particulars_Return_Success:["[CreditorParticularsValue, =@#_%,.]","[StatusCode, 201]"]
[2025-09-12 12:51:23 INF] Mocks are not ready after 1 / 5 attempt(s). Expected 1 mock(s) to be registered with the manager and got 0.
[2025-09-12 12:51:23 INF] Successfully created map AdpsMock_Success_22dafc15-18d1-4fe7-bfa7-8a8fafe20283 for /api/v1/payment-instruction/domestic/immediate
[2025-09-12 12:51:24 INF] Response has PaymentId: eb49e848-e4b4-47c1-81a9-9f887f0a4d82
[2025-09-12 12:51:24 INF] Finished Test Execution: POrchAPI_TMVToTMV_Valid_Creditor_Particulars_Return_Success
[2025-09-12 12:51:24 INF] ---------------------------------------------------



TestContext Messages:
Given a TMV to TMV POrch TransferRequest is created
-&gt; done: POrchAPIStepDefinitions.ConditionalPOrchTransferRequestIsCreated("TMV", "TMV") (0.0s)
And the Transfer Creditor particulars is =@#_%,.
-&gt; done: POrchAPIStepDefinitions.WhenTheCreditorParticularsIs("Transfer", "=@#_%,.") (0.0s)
And ADPS Response is Success
-&gt; done: POrchAPIStepDefinitions.SetAdpsResponse("Success") (0.0s)
When POrch Transfer API is called
-&gt; done: POrchAPIStepDefinitions.WhenPOrchAPIIsCalled("Transfer") (1.1s)
Then the request should return status code 201
-&gt; done: POrchAPIStepDefinitions.ThenTheRequestShouldReturnStatusCode(201) (0.0s)</StdOut>
      </Output>
    </UnitTestResult>
    <UnitTestResult executionId="2c641a1c-da39-4c5d-aa44-c19846839812" testId="a734b8d7-64b6-c5b0-a01b-89519383f833" testName="POrchAPI_UltracsToTMV_Negative_MiddleWare_Response_409 (InvalidBankBranchNumberError,409,)" computerName="ip-10-130-163-171" duration="00:00:01.0413487" startTime="2025-09-12T12:52:07.2138892+12:00" endTime="2025-09-12T12:52:08.2553692+12:00" testType="13cdc9d9-ddb5-4fa4-a97d-d965ccfc6d4b" outcome="Passed" testListId="8c84fa94-04c1-424b-9868-57a2d4851a1d" relativeResultsDirectory="2c641a1c-da39-4c5d-aa44-c19846839812">
      <Output>
        <StdOut>[2025-09-12 12:52:07 INF] Starting Test Execution: POrchAPI_UltracsToTMV_Negative_MiddleWare_Response_409:["[Result, InvalidBankBranchNumberError]","[StatusCode, 409]"]
[2025-09-12 12:52:07 INF] Mocks are not ready after 1 / 5 attempt(s). Expected 1 mock(s) to be registered with the manager and got 0.
[2025-09-12 12:52:07 INF] Successfully created map MiddlewareMock_InvalidBankBranchNumberError_8ec78793-bf54-454a-bc91-832b0f285356 for /initialisepaymentorder/basic
[2025-09-12 12:52:08 INF] Response has PaymentId: 05b3a465-7316-447d-82af-245dba026153
[2025-09-12 12:52:08 INF] Finished Test Execution: POrchAPI_UltracsToTMV_Negative_MiddleWare_Response_409
[2025-09-12 12:52:08 INF] ---------------------------------------------------



TestContext Messages:
Given a Ultracs to TMV POrch TransferRequest is created
-&gt; done: POrchAPIStepDefinitions.ConditionalPOrchTransferRequestIsCreated("Ultracs", "TMV") (0.0s)
And MiddleWare Response is InvalidBankBranchNumberError
-&gt; done: POrchAPIStepDefinitions.SetMiddlewareResponse("InvalidBankBranch...") (0.0s)
When POrch Transfer API is called
-&gt; done: POrchAPIStepDefinitions.WhenPOrchAPIIsCalled("Transfer") (1.0s)
Then the request should return status code 409
-&gt; done: POrchAPIStepDefinitions.ThenTheRequestShouldReturnStatusCode(409) (0.0s)</StdOut>
      </Output>
    </UnitTestResult>
    <UnitTestResult executionId="b257ccdc-05c9-49e9-9cba-e0845152174a" testId="d20a2387-a6b8-75e4-543a-484f53ff788e" testName="POrchAPI_TMVToUltracs_Valid_Creditor_Particulars_Return_Success (()+$*!;-/?:,201,)" computerName="ip-10-130-163-171" duration="00:00:01.0988976" startTime="2025-09-12T12:51:36.7988870+12:00" endTime="2025-09-12T12:51:37.8979583+12:00" testType="13cdc9d9-ddb5-4fa4-a97d-d965ccfc6d4b" outcome="Passed" testListId="8c84fa94-04c1-424b-9868-57a2d4851a1d" relativeResultsDirectory="b257ccdc-05c9-49e9-9cba-e0845152174a">
      <Output>
        <StdOut>[2025-09-12 12:51:36 INF] Starting Test Execution: POrchAPI_TMVToUltracs_Valid_Creditor_Particulars_Return_Success:["[CreditorParticularsValue, ()+$*!;-/?:]","[StatusCode, 201]"]
[2025-09-12 12:51:36 INF] Mocks are not ready after 1 / 5 attempt(s). Expected 2 mock(s) to be registered with the manager and got 0.
[2025-09-12 12:51:36 INF] Successfully created map AdpsMock_Success_290e3d5a-42d1-4afd-ab49-f2acb032c7d8 for /api/v1/payment-instruction/domestic/immediate
[2025-09-12 12:51:36 INF] Successfully created map MiddlewareMock_Success_ce8fef47-c145-40f9-a35b-33abfaf7fb75 for /initialisepaymentorder/basic
[2025-09-12 12:51:37 INF] Response has PaymentId: ea5951f8-a7a8-4a28-98b0-123c73bb5fb7
[2025-09-12 12:51:37 INF] Finished Test Execution: POrchAPI_TMVToUltracs_Valid_Creditor_Particulars_Return_Success
[2025-09-12 12:51:37 INF] ---------------------------------------------------



TestContext Messages:
Given a TMV to Ultracs POrch TransferRequest is created
-&gt; done: POrchAPIStepDefinitions.ConditionalPOrchTransferRequestIsCreated("TMV", "Ultracs") (0.0s)
And the Transfer Creditor particulars is ()+$*!;-/?:
-&gt; done: POrchAPIStepDefinitions.WhenTheCreditorParticularsIs("Transfer", "()+$*!;-/?:") (0.0s)
And ADPS Response is Success
-&gt; done: POrchAPIStepDefinitions.SetAdpsResponse("Success") (0.0s)
And MiddleWare Response is Success
-&gt; done: POrchAPIStepDefinitions.SetMiddlewareResponse("Success") (0.0s)
When POrch Transfer API is called
-&gt; done: POrchAPIStepDefinitions.WhenPOrchAPIIsCalled("Transfer") (1.1s)
Then the request should return status code 201
-&gt; done: POrchAPIStepDefinitions.ThenTheRequestShouldReturnStatusCode(201) (0.0s)</StdOut>
      </Output>
    </UnitTestResult>
    <UnitTestResult executionId="97784e29-98f6-41f7-a77f-3ae0c808fd7b" testId="42f258d2-a624-e968-e234-9baaece024e5" testName="POrchAPI_TMVToUltracs_Valid_Debtor_Reference_Return_Success (()+$*!;-/?:,201,)" computerName="ip-10-130-163-171" duration="00:00:01.0997486" startTime="2025-09-12T12:51:45.5392198+12:00" endTime="2025-09-12T12:51:46.6391248+12:00" testType="13cdc9d9-ddb5-4fa4-a97d-d965ccfc6d4b" outcome="Passed" testListId="8c84fa94-04c1-424b-9868-57a2d4851a1d" relativeResultsDirectory="97784e29-98f6-41f7-a77f-3ae0c808fd7b">
      <Output>
        <StdOut>[2025-09-12 12:51:45 INF] Starting Test Execution: POrchAPI_TMVToUltracs_Valid_Debtor_Reference_Return_Success:["[DebtorReferenceValue, ()+$*!;-/?:]","[StatusCode, 201]"]
[2025-09-12 12:51:45 INF] Mocks are not ready after 1 / 5 attempt(s). Expected 2 mock(s) to be registered with the manager and got 0.
[2025-09-12 12:51:45 INF] Successfully created map AdpsMock_Success_0f3ab075-3974-4ece-8e37-996243e0455c for /api/v1/payment-instruction/domestic/immediate
[2025-09-12 12:51:45 INF] Successfully created map MiddlewareMock_Success_a03f6d7a-16d2-423a-9491-45927575ac36 for /initialisepaymentorder/basic
[2025-09-12 12:51:46 INF] Response has PaymentId: 16695a51-851b-4ddb-8cbb-4bb7963723a7
[2025-09-12 12:51:46 INF] Finished Test Execution: POrchAPI_TMVToUltracs_Valid_Debtor_Reference_Return_Success
[2025-09-12 12:51:46 INF] ---------------------------------------------------



TestContext Messages:
Given a TMV to Ultracs POrch TransferRequest is created
-&gt; done: POrchAPIStepDefinitions.ConditionalPOrchTransferRequestIsCreated("TMV", "Ultracs") (0.0s)
And the Transfer Debtor Reference is ()+$*!;-/?:
-&gt; done: POrchAPIStepDefinitions.WhenTheDebtorReferenceIs("Transfer", "()+$*!;-/?:") (0.0s)
And ADPS Response is Success
-&gt; done: POrchAPIStepDefinitions.SetAdpsResponse("Success") (0.0s)
And MiddleWare Response is Success
-&gt; done: POrchAPIStepDefinitions.SetMiddlewareResponse("Success") (0.0s)
When POrch Transfer API is called
-&gt; done: POrchAPIStepDefinitions.WhenPOrchAPIIsCalled("Transfer") (1.1s)
Then the request should return status code 201
-&gt; done: POrchAPIStepDefinitions.ThenTheRequestShouldReturnStatusCode(201) (0.0s)</StdOut>
      </Output>
    </UnitTestResult>
    <UnitTestResult executionId="0290cd82-836c-4eff-a6ca-53546380766e" testId="3c202c3e-cb38-f9d5-3947-b248696c1469" testName="POrchAPI_Invalid_PAS_Response_Doesnt_Affect_POrch_Result (403,,)" computerName="ip-10-130-163-171" duration="00:00:01.0975590" startTime="2025-09-12T12:50:36.5357980+12:00" endTime="2025-09-12T12:50:37.6379973+12:00" testType="13cdc9d9-ddb5-4fa4-a97d-d965ccfc6d4b" outcome="Passed" testListId="8c84fa94-04c1-424b-9868-57a2d4851a1d" relativeResultsDirectory="0290cd82-836c-4eff-a6ca-53546380766e">
      <Output>
        <StdOut>[2025-09-12 12:50:36 INF] Starting Test Execution: POrchAPI_Invalid_PAS_Response_Doesn't_Affect_POrch_Result:["[PASResponse, 403]"]
[2025-09-12 12:50:36 INF] Mocks are not ready after 1 / 5 attempt(s). Expected 3 mock(s) to be registered with the manager and got 0.
[2025-09-12 12:50:36 INF] Successfully created map FraudcheckMock_Decline_c935d213-2daa-4f79-93c9-a08df3a7847a for /api/v1/financial-transaction-fraud-checks
[2025-09-12 12:50:36 INF] Successfully created map PartyActivityServiceMock_403_378dd4b3-e49c-4ed5-8802-bf4e49ed66c7 for /v2/activities
[2025-09-12 12:50:36 INF] Successfully created map MiddlewareMock_FrozenError_1f565fd0-bf68-4599-95e4-2e1e9774bd0c for /initialisepaymentorder/basic
[2025-09-12 12:50:37 INF] Response has PaymentId: 920c5717-40d6-469b-a25e-a1c625755169
[2025-09-12 12:50:37 INF] Finished Test Execution: POrchAPI_Invalid_PAS_Response_Doesn't_Affect_POrch_Result
[2025-09-12 12:50:37 INF] ---------------------------------------------------



TestContext Messages:
Given a POrch PaymentRequest is created
-&gt; done: POrchAPIStepDefinitions.GivenAPOrchPaymentRequestIsCreated() (0.0s)
And FraudCheck Response is Decline
-&gt; done: POrchAPIStepDefinitions.SetFraudCheckResponse("Decline") (0.0s)
And MiddleWare Response is FrozenError
-&gt; done: POrchAPIStepDefinitions.SetMiddlewareResponse("FrozenError") (0.0s)
And the PAS response is 403
-&gt; done: POrchAPIStepDefinitions.ThePasResponseIs("403") (0.0s)
When POrch Payment API is called
-&gt; done: POrchAPIStepDefinitions.WhenPOrchAPIIsCalled("Payment") (1.1s)
Then the request should return status code 409
-&gt; done: POrchAPIStepDefinitions.ThenTheRequestShouldReturnStatusCode(409) (0.0s)</StdOut>
      </Output>
    </UnitTestResult>
    <UnitTestResult executionId="0b8ae1db-a939-4743-bdd1-f08cb66e5191" testId="e53b493e-3378-82fc-6e5a-40c8554a6b40" testName="POrchAPI_TMVToUltracs_Valid_Creditor_Particulars_Return_Success (=@#_%,.,201,)" computerName="ip-10-130-163-171" duration="00:00:01.0906432" startTime="2025-09-12T12:51:37.8980112+12:00" endTime="2025-09-12T12:51:38.9888260+12:00" testType="13cdc9d9-ddb5-4fa4-a97d-d965ccfc6d4b" outcome="Passed" testListId="8c84fa94-04c1-424b-9868-57a2d4851a1d" relativeResultsDirectory="0b8ae1db-a939-4743-bdd1-f08cb66e5191">
      <Output>
        <StdOut>[2025-09-12 12:51:37 INF] Starting Test Execution: POrchAPI_TMVToUltracs_Valid_Creditor_Particulars_Return_Success:["[CreditorParticularsValue, =@#_%,.]","[StatusCode, 201]"]
[2025-09-12 12:51:37 INF] Mocks are not ready after 1 / 5 attempt(s). Expected 2 mock(s) to be registered with the manager and got 0.
[2025-09-12 12:51:37 INF] Successfully created map AdpsMock_Success_fb269e94-fa30-4e5e-9a87-eab61fae0ccb for /api/v1/payment-instruction/domestic/immediate
[2025-09-12 12:51:37 INF] Successfully created map MiddlewareMock_Success_c2b22f7b-ade5-47c7-8780-f2b18b552d11 for /initialisepaymentorder/basic
[2025-09-12 12:51:38 INF] Response has PaymentId: f63c4053-fdfc-4628-952e-249802fbf7a2
[2025-09-12 12:51:38 INF] Finished Test Execution: POrchAPI_TMVToUltracs_Valid_Creditor_Particulars_Return_Success
[2025-09-12 12:51:38 INF] ---------------------------------------------------



TestContext Messages:
Given a TMV to Ultracs POrch TransferRequest is created
-&gt; done: POrchAPIStepDefinitions.ConditionalPOrchTransferRequestIsCreated("TMV", "Ultracs") (0.0s)
And the Transfer Creditor particulars is =@#_%,.
-&gt; done: POrchAPIStepDefinitions.WhenTheCreditorParticularsIs("Transfer", "=@#_%,.") (0.0s)
And ADPS Response is Success
-&gt; done: POrchAPIStepDefinitions.SetAdpsResponse("Success") (0.0s)
And MiddleWare Response is Success
-&gt; done: POrchAPIStepDefinitions.SetMiddlewareResponse("Success") (0.0s)
When POrch Transfer API is called
-&gt; done: POrchAPIStepDefinitions.WhenPOrchAPIIsCalled("Transfer") (1.1s)
Then the request should return status code 201
-&gt; done: POrchAPIStepDefinitions.ThenTheRequestShouldReturnStatusCode(201) (0.0s)</StdOut>
      </Output>
    </UnitTestResult>
    <UnitTestResult executionId="63cc329c-0167-409f-ab7c-47244046b7c6" testId="04b793ec-5c62-ae5e-cd50-abedc55872c6" testName="POrchAPI_Other_Middleware_Responses_Do_Not_Retry (UltracsDownError,500,)" computerName="ip-10-130-163-171" duration="00:00:01.0845978" startTime="2025-09-12T12:51:17.3395353+12:00" endTime="2025-09-12T12:51:18.4242954+12:00" testType="13cdc9d9-ddb5-4fa4-a97d-d965ccfc6d4b" outcome="Passed" testListId="8c84fa94-04c1-424b-9868-57a2d4851a1d" relativeResultsDirectory="63cc329c-0167-409f-ab7c-47244046b7c6">
      <Output>
        <StdOut>[2025-09-12 12:51:17 INF] Starting Test Execution: POrchAPI_Other_Middleware_Responses_Do_Not_Retry:["[Response, UltracsDownError]","[StatusCode, 500]"]
[2025-09-12 12:51:17 INF] Mocks are not ready after 1 / 5 attempt(s). Expected 3 mock(s) to be registered with the manager and got 0.
[2025-09-12 12:51:17 INF] Successfully created map FraudcheckMock_Authorize_bb6a869d-6569-4c8f-b250-2a32fdf86d7a for /api/v1/financial-transaction-fraud-checks
[2025-09-12 12:51:17 INF] Successfully created map MiddlewareSuccess_c9eb095d-fc02-443f-be39-0a6bb2109e86 for /initialisepaymentorder/basic
[2025-09-12 12:51:17 INF] Successfully created map MiddlewareFailure_UltracsDownError_4ad02689-4c23-48d2-845a-ffc0074c541e_1 for /initialisepaymentorder/basic
[2025-09-12 12:51:18 INF] Finished Test Execution: POrchAPI_Other_Middleware_Responses_Do_Not_Retry
[2025-09-12 12:51:18 INF] ---------------------------------------------------



TestContext Messages:
Given a POrch PaymentRequest is created
-&gt; done: POrchAPIStepDefinitions.GivenAPOrchPaymentRequestIsCreated() (0.0s)
And the credit Account is 389300099302202
-&gt; done: POrchAPIStepDefinitions.WhenTheCreditAccountIs("389300099302202") (0.0s)
And FraudCheck Response is Authorize
-&gt; done: POrchAPIStepDefinitions.SetFraudCheckResponse("Authorize") (0.0s)
And the Middleware responses will be UltracsDownError then 201
-&gt; done: POrchAPIStepDefinitions.GivenTheMiddlewareResponsesWillBe("UltracsDownError") (0.0s)
When POrch Payment API is called
-&gt; done: POrchAPIStepDefinitions.WhenPOrchAPIIsCalled("Payment") (1.1s)
Then the request should return status code 500
-&gt; done: POrchAPIStepDefinitions.ThenTheRequestShouldReturnStatusCode(500) (0.0s)</StdOut>
      </Output>
    </UnitTestResult>
    <UnitTestResult executionId="29149a64-6587-445d-900d-bf440090211d" testId="5255dc6d-608f-75ea-b670-2bf8b7b45263" testName="POrchAPI_Transfer_Invalid_Debtor_Reference_Return_Error (abcdefghijklmnsey,400,)" computerName="ip-10-130-163-171" duration="00:00:00.0093321" startTime="2025-09-12T12:52:13.7062547+12:00" endTime="2025-09-12T12:52:13.7157096+12:00" testType="13cdc9d9-ddb5-4fa4-a97d-d965ccfc6d4b" outcome="Passed" testListId="8c84fa94-04c1-424b-9868-57a2d4851a1d" relativeResultsDirectory="29149a64-6587-445d-900d-bf440090211d">
      <Output>
        <StdOut>[2025-09-12 12:52:13 INF] Starting Test Execution: POrchAPI_Transfer_Invalid_Debtor_Reference_Return_Error:["[DebtorReferenceValue, abcdefghijklmnsey]","[StatusCode, 400]"]
[2025-09-12 12:52:13 INF] Finished Test Execution: POrchAPI_Transfer_Invalid_Debtor_Reference_Return_Error
[2025-09-12 12:52:13 INF] ---------------------------------------------------



TestContext Messages:
Given a POrch TransferRequest is created
-&gt; done: POrchAPIStepDefinitions.GivenAPOrchTransferRequestIsCreated() (0.0s)
And the Transfer Debtor Reference is abcdefghijklmnsey
-&gt; done: POrchAPIStepDefinitions.WhenTheDebtorReferenceIs("Transfer", "abcdefghijklmnsey") (0.0s)
When POrch Transfer API is called
-&gt; done: POrchAPIStepDefinitions.WhenPOrchAPIIsCalled("Transfer") (0.0s)
Then the request should return status code 400
-&gt; done: POrchAPIStepDefinitions.ThenTheRequestShouldReturnStatusCode(400) (0.0s)</StdOut>
      </Output>
    </UnitTestResult>
    <UnitTestResult executionId="1892f51d-4f4c-4a6c-bdf5-5c6fb5f4cc7d" testId="e960d17e-5a16-1088-2ab9-bd4cbfeb6051" testName="POrchAPI_Various_Amounts_Return_Error_When_Length_Exceeded (12345678901.11,,)" computerName="ip-10-130-163-171" duration="00:00:01.0231836" startTime="2025-09-12T12:49:46.2141110+12:00" endTime="2025-09-12T12:49:47.2375697+12:00" testType="13cdc9d9-ddb5-4fa4-a97d-d965ccfc6d4b" outcome="Passed" testListId="8c84fa94-04c1-424b-9868-57a2d4851a1d" relativeResultsDirectory="1892f51d-4f4c-4a6c-bdf5-5c6fb5f4cc7d">
      <Output>
        <StdOut>[2025-09-12 12:49:46 INF] Starting Test Execution: POrchAPI_Various_Amounts_Return_Error_When_Length_Exceeded:["[Amount, 12345678901.11]"]
[2025-09-12 12:49:46 INF] Mocks are not ready after 1 / 5 attempt(s). Expected 2 mock(s) to be registered with the manager and got 0.
[2025-09-12 12:49:46 INF] Successfully created map FraudcheckMock_Authorize_8a0094ea-f763-40e6-a73a-251e46938676 for /api/v1/financial-transaction-fraud-checks
[2025-09-12 12:49:46 INF] Successfully created map MiddlewareMock_Success_c3a87330-8fd1-4726-bb71-80efb8bb8e5f for /initialisepaymentorder/basic
[2025-09-12 12:49:47 INF] Finished Test Execution: POrchAPI_Various_Amounts_Return_Error_When_Length_Exceeded
[2025-09-12 12:49:47 INF] ---------------------------------------------------



TestContext Messages:
Given a POrch PaymentRequest is created
-&gt; done: POrchAPIStepDefinitions.GivenAPOrchPaymentRequestIsCreated() (0.0s)
And the Payment Amount Field is 12345678901.11
-&gt; done: POrchAPIStepDefinitions.WhenTheAcountFieldIs("Payment", "12345678901.11") (0.0s)
And FraudCheck Response is Authorize
-&gt; done: POrchAPIStepDefinitions.SetFraudCheckResponse("Authorize") (0.0s)
And MiddleWare Response is Success
-&gt; done: POrchAPIStepDefinitions.SetMiddlewareResponse("Success") (0.0s)
When POrch Payment API is called
-&gt; done: POrchAPIStepDefinitions.WhenPOrchAPIIsCalled("Payment") (1.0s)
Then the request should return status code 400
-&gt; done: POrchAPIStepDefinitions.ThenTheRequestShouldReturnStatusCode(400) (0.0s)</StdOut>
      </Output>
    </UnitTestResult>
    <UnitTestResult executionId="d4361307-5901-4767-ae31-908ad72616a4" testId="ff2a19eb-d274-bc17-d69b-1ac44c30935b" testName="POrchAPI_Transfer_Invalid_Creditor_Reference_Return_Error (},400,)" computerName="ip-10-130-163-171" duration="00:00:00.0073295" startTime="2025-09-12T12:52:13.6983092+12:00" endTime="2025-09-12T12:52:13.7057429+12:00" testType="13cdc9d9-ddb5-4fa4-a97d-d965ccfc6d4b" outcome="Passed" testListId="8c84fa94-04c1-424b-9868-57a2d4851a1d" relativeResultsDirectory="d4361307-5901-4767-ae31-908ad72616a4">
      <Output>
        <StdOut>[2025-09-12 12:52:13 INF] Starting Test Execution: POrchAPI_Transfer_Invalid_Creditor_Reference_Return_Error:["[CreditorReferenceValue, }]","[StatusCode, 400]"]
[2025-09-12 12:52:13 INF] Finished Test Execution: POrchAPI_Transfer_Invalid_Creditor_Reference_Return_Error
[2025-09-12 12:52:13 INF] ---------------------------------------------------



TestContext Messages:
Given a POrch TransferRequest is created
-&gt; done: POrchAPIStepDefinitions.GivenAPOrchTransferRequestIsCreated() (0.0s)
And the Transfer Creditor Reference is }
-&gt; done: POrchAPIStepDefinitions.WhenTheCreditorReferenceIs("Transfer", "}") (0.0s)
When POrch Transfer API is called
-&gt; done: POrchAPIStepDefinitions.WhenPOrchAPIIsCalled("Transfer") (0.0s)
Then the request should return status code 400
-&gt; done: POrchAPIStepDefinitions.ThenTheRequestShouldReturnStatusCode(400) (0.0s)</StdOut>
      </Output>
    </UnitTestResult>
    <UnitTestResult executionId="d26e2372-9158-40b8-80c2-a5d38a9c0f00" testId="ee755468-4bdc-15d4-aa8b-4fc09225ec87" testName="POrchAPI_TMVToUltracs_Valid_Debtor_Particulars_Return_Success (()+$*!;-/?:,201,)" computerName="ip-10-130-163-171" duration="00:00:01.0982842" startTime="2025-09-12T12:51:34.5981277+12:00" endTime="2025-09-12T12:51:35.6965588+12:00" testType="13cdc9d9-ddb5-4fa4-a97d-d965ccfc6d4b" outcome="Passed" testListId="8c84fa94-04c1-424b-9868-57a2d4851a1d" relativeResultsDirectory="d26e2372-9158-40b8-80c2-a5d38a9c0f00">
      <Output>
        <StdOut>[2025-09-12 12:51:34 INF] Starting Test Execution: POrchAPI_TMVToUltracs_Valid_Debtor_Particulars_Return_Success:["[DebtorParticularsValue, ()+$*!;-/?:]","[StatusCode, 201]"]
[2025-09-12 12:51:34 INF] Mocks are not ready after 1 / 5 attempt(s). Expected 2 mock(s) to be registered with the manager and got 0.
[2025-09-12 12:51:34 INF] Successfully created map AdpsMock_Success_731422a4-09cc-4a9f-8390-3122323e52d0 for /api/v1/payment-instruction/domestic/immediate
[2025-09-12 12:51:34 INF] Successfully created map MiddlewareMock_Success_b260bb07-6633-4750-a04f-acde5bdc136e for /initialisepaymentorder/basic
[2025-09-12 12:51:35 INF] Response has PaymentId: 7041ad3e-57e6-446f-88a5-44dd40b8eb15
[2025-09-12 12:51:35 INF] Finished Test Execution: POrchAPI_TMVToUltracs_Valid_Debtor_Particulars_Return_Success
[2025-09-12 12:51:35 INF] ---------------------------------------------------



TestContext Messages:
Given a TMV to Ultracs POrch TransferRequest is created
-&gt; done: POrchAPIStepDefinitions.ConditionalPOrchTransferRequestIsCreated("TMV", "Ultracs") (0.0s)
And the Transfer Debtor particulars is ()+$*!;-/?:
-&gt; done: POrchAPIStepDefinitions.WhenTheDebtorParticularsIs("Transfer", "()+$*!;-/?:") (0.0s)
And ADPS Response is Success
-&gt; done: POrchAPIStepDefinitions.SetAdpsResponse("Success") (0.0s)
And MiddleWare Response is Success
-&gt; done: POrchAPIStepDefinitions.SetMiddlewareResponse("Success") (0.0s)
When POrch Transfer API is called
-&gt; done: POrchAPIStepDefinitions.WhenPOrchAPIIsCalled("Transfer") (1.1s)
Then the request should return status code 201
-&gt; done: POrchAPIStepDefinitions.ThenTheRequestShouldReturnStatusCode(201) (0.0s)</StdOut>
      </Output>
    </UnitTestResult>
    <UnitTestResult executionId="cf8e042c-b2db-46a1-aacd-712ae22d1dc3" testId="b6540edd-33a1-7fb7-59dd-c429fe9deaf1" testName="POrchAPI_TMVUltracs_Transfer_Invalid_Transfer_Reference_Return_Error (TRANSFER TO MR Test - 00,400,)" computerName="ip-10-130-163-171" duration="00:00:00.0075974" startTime="2025-09-12T12:52:13.8799750+12:00" endTime="2025-09-12T12:52:13.8876726+12:00" testType="13cdc9d9-ddb5-4fa4-a97d-d965ccfc6d4b" outcome="Passed" testListId="8c84fa94-04c1-424b-9868-57a2d4851a1d" relativeResultsDirectory="cf8e042c-b2db-46a1-aacd-712ae22d1dc3">
      <Output>
        <StdOut>[2025-09-12 12:52:13 INF] Starting Test Execution: POrchAPI_TMVUltracs_Transfer_Invalid_Transfer_Reference_Return_Error:["[TransferRefValue, TRANSFER TO MR Test - 00]","[StatusCode, 400]"]
[2025-09-12 12:52:13 INF] Finished Test Execution: POrchAPI_TMVUltracs_Transfer_Invalid_Transfer_Reference_Return_Error
[2025-09-12 12:52:13 INF] ---------------------------------------------------



TestContext Messages:
Given a TMV to Ultracs POrch TransferRequest is created
-&gt; done: POrchAPIStepDefinitions.ConditionalPOrchTransferRequestIsCreated("TMV", "Ultracs") (0.0s)
And the Transfer Reference is TRANSFER TO MR Test - 00
-&gt; done: POrchAPIStepDefinitions.TheTransferReferenceIs("TRANSFER TO MR Te...") (0.0s)
When POrch Transfer API is called
-&gt; done: POrchAPIStepDefinitions.WhenPOrchAPIIsCalled("Transfer") (0.0s)
Then the request should return status code 400
-&gt; done: POrchAPIStepDefinitions.ThenTheRequestShouldReturnStatusCode(400) (0.0s)</StdOut>
      </Output>
    </UnitTestResult>
    <UnitTestResult executionId="f4207f5b-1c54-47d5-9297-25312d4be2f4" testId="3d87b9df-462b-a8e2-6ede-09a058082661" testName="POrchAPI_Valid_Creditor_Code_Return_Success (()+$*!;-/?:,201,)" computerName="ip-10-130-163-171" duration="00:00:01.0821947" startTime="2025-09-12T12:49:53.7832023+12:00" endTime="2025-09-12T12:49:54.8656290+12:00" testType="13cdc9d9-ddb5-4fa4-a97d-d965ccfc6d4b" outcome="Passed" testListId="8c84fa94-04c1-424b-9868-57a2d4851a1d" relativeResultsDirectory="f4207f5b-1c54-47d5-9297-25312d4be2f4">
      <Output>
        <StdOut>[2025-09-12 12:49:53 INF] Starting Test Execution: POrchAPI_Valid_Creditor_Code_Return_Success:["[CreditorCodeValue, ()+$*!;-/?:]","[StatusCode, 201]"]
[2025-09-12 12:49:53 INF] Mocks are not ready after 1 / 5 attempt(s). Expected 2 mock(s) to be registered with the manager and got 0.
[2025-09-12 12:49:53 INF] Successfully created map FraudcheckMock_Authorize_7d39fe2c-87e0-46fa-a2e4-cbbefe3cd25f for /api/v1/financial-transaction-fraud-checks
[2025-09-12 12:49:53 INF] Successfully created map MiddlewareMock_Success_a95632e0-d161-4809-a84b-51c41792bf10 for /initialisepaymentorder/basic
[2025-09-12 12:49:54 INF] Response has PaymentId: bf6b5203-ca8a-4b50-841b-32d6f6045c48
[2025-09-12 12:49:54 INF] Finished Test Execution: POrchAPI_Valid_Creditor_Code_Return_Success
[2025-09-12 12:49:54 INF] ---------------------------------------------------



TestContext Messages:
Given a POrch PaymentRequest is created
-&gt; done: POrchAPIStepDefinitions.GivenAPOrchPaymentRequestIsCreated() (0.0s)
And the Payment Creditor Code is ()+$*!;-/?:
-&gt; done: POrchAPIStepDefinitions.WhenTheCreditorCodeIs("Payment", "()+$*!;-/?:") (0.0s)
And FraudCheck Response is Authorize
-&gt; done: POrchAPIStepDefinitions.SetFraudCheckResponse("Authorize") (0.0s)
And MiddleWare Response is Success
-&gt; done: POrchAPIStepDefinitions.SetMiddlewareResponse("Success") (0.0s)
When POrch Payment API is called
-&gt; done: POrchAPIStepDefinitions.WhenPOrchAPIIsCalled("Payment") (1.1s)
Then the request should return status code 201
-&gt; done: POrchAPIStepDefinitions.ThenTheRequestShouldReturnStatusCode(201) (0.0s)</StdOut>
      </Output>
    </UnitTestResult>
    <UnitTestResult executionId="e134d248-d066-42aa-844a-27fd744d869d" testId="e6d1c36d-6dd6-74e8-a2bb-c4429896bd7c" testName="POrchAPI_Transfer_Invalid_Debit_Account_Return_Error (38231234562856345,400,)" computerName="ip-10-130-163-171" duration="00:00:00.0071988" startTime="2025-09-12T12:52:13.5404450+12:00" endTime="2025-09-12T12:52:13.5477441+12:00" testType="13cdc9d9-ddb5-4fa4-a97d-d965ccfc6d4b" outcome="Passed" testListId="8c84fa94-04c1-424b-9868-57a2d4851a1d" relativeResultsDirectory="e134d248-d066-42aa-844a-27fd744d869d">
      <Output>
        <StdOut>[2025-09-12 12:52:13 INF] Starting Test Execution: POrchAPI_Transfer_Invalid_Debit_Account_Return_Error:["[DebitAccountValue, 38231234562856345]","[StatusCode, 400]"]
[2025-09-12 12:52:13 INF] Finished Test Execution: POrchAPI_Transfer_Invalid_Debit_Account_Return_Error
[2025-09-12 12:52:13 INF] ---------------------------------------------------



TestContext Messages:
Given a POrch TransferRequest is created
-&gt; done: POrchAPIStepDefinitions.GivenAPOrchTransferRequestIsCreated() (0.0s)
And the Transfer Debit Account field is 38231234562856345
-&gt; done: POrchAPIStepDefinitions.WhenTheDebitAccountFieldIs("Transfer", "38231234562856345") (0.0s)
When POrch Transfer API is called
-&gt; done: POrchAPIStepDefinitions.WhenPOrchAPIIsCalled("Transfer") (0.0s)
Then the request should return status code 400
-&gt; done: POrchAPIStepDefinitions.ThenTheRequestShouldReturnStatusCode(400) (0.0s)</StdOut>
      </Output>
    </UnitTestResult>
    <UnitTestResult executionId="65a17116-5433-4924-8fbe-0b4ee0cf0585" testId="0ab27023-6f4f-398c-0875-29e91f222b81" testName="POrchAPI_Other_Middleware_Responses_Do_Not_Retry (AccountNumberIsInvalidError,409,)" computerName="ip-10-130-163-171" duration="00:00:01.0808265" startTime="2025-09-12T12:51:14.0850563+12:00" endTime="2025-09-12T12:51:15.1660255+12:00" testType="13cdc9d9-ddb5-4fa4-a97d-d965ccfc6d4b" outcome="Passed" testListId="8c84fa94-04c1-424b-9868-57a2d4851a1d" relativeResultsDirectory="65a17116-5433-4924-8fbe-0b4ee0cf0585">
      <Output>
        <StdOut>[2025-09-12 12:51:14 INF] Starting Test Execution: POrchAPI_Other_Middleware_Responses_Do_Not_Retry:["[Response, AccountNumberIsInvalidError]","[StatusCode, 409]"]
[2025-09-12 12:51:14 INF] Mocks are not ready after 1 / 5 attempt(s). Expected 3 mock(s) to be registered with the manager and got 0.
[2025-09-12 12:51:14 INF] Successfully created map FraudcheckMock_Authorize_4bc89ef3-d695-41d1-823f-69b164f8a037 for /api/v1/financial-transaction-fraud-checks
[2025-09-12 12:51:14 INF] Successfully created map MiddlewareFailure_AccountNumberIsInvalidError_e8d861a1-3420-4bc6-bf88-16a677df62b6_1 for /initialisepaymentorder/basic
[2025-09-12 12:51:14 INF] Successfully created map MiddlewareSuccess_a6f1a2d1-9a86-4215-8875-e11b6c8dc325 for /initialisepaymentorder/basic
[2025-09-12 12:51:15 INF] Response has PaymentId: b94710ef-3c22-4651-a66b-57944be622d7
[2025-09-12 12:51:15 INF] Finished Test Execution: POrchAPI_Other_Middleware_Responses_Do_Not_Retry
[2025-09-12 12:51:15 INF] ---------------------------------------------------



TestContext Messages:
Given a POrch PaymentRequest is created
-&gt; done: POrchAPIStepDefinitions.GivenAPOrchPaymentRequestIsCreated() (0.0s)
And the credit Account is 389300099302202
-&gt; done: POrchAPIStepDefinitions.WhenTheCreditAccountIs("389300099302202") (0.0s)
And FraudCheck Response is Authorize
-&gt; done: POrchAPIStepDefinitions.SetFraudCheckResponse("Authorize") (0.0s)
And the Middleware responses will be AccountNumberIsInvalidError then 201
-&gt; done: POrchAPIStepDefinitions.GivenTheMiddlewareResponsesWillBe("AccountNumberIsIn...") (0.0s)
When POrch Payment API is called
-&gt; done: POrchAPIStepDefinitions.WhenPOrchAPIIsCalled("Payment") (1.1s)
Then the request should return status code 409
-&gt; done: POrchAPIStepDefinitions.ThenTheRequestShouldReturnStatusCode(409) (0.0s)</StdOut>
      </Output>
    </UnitTestResult>
    <UnitTestResult executionId="6329ac6b-0603-481f-a64b-444a8817252c" testId="05a34134-282d-36c0-676f-ed71d1cce9af" testName="ChallengedPaymentInitiationEndpointIsAccessible" computerName="ip-10-130-163-171" duration="00:00:00.0684083" startTime="2025-09-12T12:50:38.0311911+12:00" endTime="2025-09-12T12:50:38.1002869+12:00" testType="13cdc9d9-ddb5-4fa4-a97d-d965ccfc6d4b" outcome="NotExecuted" testListId="8c84fa94-04c1-424b-9868-57a2d4851a1d" relativeResultsDirectory="6329ac6b-0603-481f-a64b-444a8817252c">
      <Output>
        <StdOut>[2025-09-12 12:50:38 INF] Starting Test Execution: Challenged Payment Initiation endpoint is accessible:[]
[2025-09-12 12:50:38 INF] Finished Test Execution: Challenged Payment Initiation endpoint is accessible
[2025-09-12 12:50:38 INF] ---------------------------------------------------
[2025-09-12 12:50:38 INF] Current wiremock mappings at time of error:
[]
[2025-09-12 12:50:38 INF] Current wiremock requests at time of error:
[]



TestContext Messages:
Given a challenged payment initiation request is created
-&gt; No matching step definition found for the step. Use the following code to create one:
        [Given("a challenged payment initiation request is created")]
        public void GivenAChallengedPaymentInitiationRequestIsCreated()
        {
            _scenarioContext.Pending();
        }

When the challenged payment initiation api is called
-&gt; skipped because of previous errors
Then the response code should be 200
-&gt; skipped because of previous errors
And the response contains the fields:
  --- table step argument ---
  | $.accessNumber          | 380000000000001 |
  | $.amount.currency       | NZD             |
  | $.amount.value          | 10.00           |
  | $.creditorAccountNumber | 380000000000001 |
  | $.debtorAccountNumber   | 380000000000001 |
-&gt; skipped because of previous errors</StdOut>
        <ErrorInfo>
          <Message>Assert.Inconclusive failed. No matching step definition found for one or more steps.
using System;
using Reqnroll;

namespace MyNamespace
{
    [Binding]
    public class StepDefinitions
    {
        private readonly ScenarioContext _scenarioContext;

        public StepDefinitions(ScenarioContext scenarioContext)
        {
            _scenarioContext = scenarioContext;
        }
        [Given("a challenged payment initiation request is created")]
        public void GivenAChallengedPaymentInitiationRequestIsCreated()
        {
            _scenarioContext.Pending();
        }
    }
}
</Message>
          <StackTrace>   at Reqnroll.MSTest.ReqnrollPlugin.MsTestRuntimeProvider.TestInconclusive(String message)
   at Reqnroll.MSTest.ReqnrollPlugin.MsTestRuntimeProvider.TestPending(String message)
   at Reqnroll.ErrorHandling.ErrorProvider.ThrowPendingError(ScenarioExecutionStatus testStatus, String message)
   at Reqnroll.Infrastructure.TestExecutionEngine.OnAfterLastStepAsync()
   at Reqnroll.TestRunner.CollectScenarioErrorsAsync()
   at Kiwibank.Payments.PaymentsOrchestrator.Testings.Integration.Mocked.TestFeatures.ChallengeAndResponseEndpointsForPOrchFeature.ScenarioCleanupAsync()
   at Kiwibank.Payments.PaymentsOrchestrator.Testings.Integration.Mocked.TestFeatures.ChallengeAndResponseEndpointsForPOrchFeature.ChallengedPaymentInitiationEndpointIsAccessible() in /codebuild/output/src2564200978/src/Kiwibank-kb-cap-c17b067d0899fd8eab76e994fac32f86b40b021f/services/payments-orchestrator/src/Testings.Integration.Mocked/TestFeatures/PorchChallengeResponseTests.feature:line 22
</StackTrace>
        </ErrorInfo>
      </Output>
    </UnitTestResult>
    <UnitTestResult executionId="46562038-f1f4-4274-ad29-1a88fce0a99c" testId="fc88963e-633c-7e9a-9319-8a8e2a64aa72" testName="POrchAPI_Negative_FraudCheck_Response_Frozen_Middleware_409 (Unknown,409,)" computerName="ip-10-130-163-171" duration="00:00:01.0893339" startTime="2025-09-12T12:50:13.3290963+12:00" endTime="2025-09-12T12:50:14.4186181+12:00" testType="13cdc9d9-ddb5-4fa4-a97d-d965ccfc6d4b" outcome="Passed" testListId="8c84fa94-04c1-424b-9868-57a2d4851a1d" relativeResultsDirectory="46562038-f1f4-4274-ad29-1a88fce0a99c">
      <Output>
        <StdOut>[2025-09-12 12:50:13 INF] Starting Test Execution: POrchAPI_Negative_FraudCheck_Response_Frozen_Middleware_409:["[Result, Unknown]","[StatusCode, 409]"]
[2025-09-12 12:50:13 INF] Successfully created map FraudcheckMock_Unknown_7dcc2da4-fbf4-4646-bcd3-63619d468beb for /api/v1/financial-transaction-fraud-checks
[2025-09-12 12:50:13 INF] Successfully created map MiddlewareMock_FrozenError_beefe6f9-8918-4ca2-b450-af90c0972560 for /initialisepaymentorder/basic
[2025-09-12 12:50:13 INF] Mocks are not ready after 1 / 5 attempt(s). Expected 3 mock(s) to be registered with the manager and got 2.
[2025-09-12 12:50:13 INF] Successfully created map PartyActivityServiceMock_Created_5ce59fd4-233e-4b0a-9764-1ff7b345994c for /v2/activities
[2025-09-12 12:50:14 INF] Response has PaymentId: 5946ced5-87f3-439b-838c-55f50e8cf2e9
[2025-09-12 12:50:14 INF] Finished Test Execution: POrchAPI_Negative_FraudCheck_Response_Frozen_Middleware_409
[2025-09-12 12:50:14 INF] ---------------------------------------------------



TestContext Messages:
Given a POrch PaymentRequest is created
-&gt; done: POrchAPIStepDefinitions.GivenAPOrchPaymentRequestIsCreated() (0.0s)
And FraudCheck Response is Unknown
-&gt; done: POrchAPIStepDefinitions.SetFraudCheckResponse("Unknown") (0.0s)
And MiddleWare Response is FrozenError
-&gt; done: POrchAPIStepDefinitions.SetMiddlewareResponse("FrozenError") (0.0s)
And the PAS response is Created
-&gt; done: POrchAPIStepDefinitions.ThePasResponseIs("Created") (0.0s)
When POrch Payment API is called
-&gt; done: POrchAPIStepDefinitions.WhenPOrchAPIIsCalled("Payment") (1.1s)
Then the request should return status code 409
-&gt; done: POrchAPIStepDefinitions.ThenTheRequestShouldReturnStatusCode(409) (0.0s)</StdOut>
      </Output>
    </UnitTestResult>
    <UnitTestResult executionId="057032f8-20e8-4bcf-8eb4-5abb6da8a615" testId="775249f2-5313-8dc4-2a6f-e5ee207fa0a2" testName="POrchAPI_Invalid_Amount_Field_Return_Error (testAmount,400,)" computerName="ip-10-130-163-171" duration="00:00:00.0229044" startTime="2025-09-12T12:50:37.6381114+12:00" endTime="2025-09-12T12:50:37.6617483+12:00" testType="13cdc9d9-ddb5-4fa4-a97d-d965ccfc6d4b" outcome="Passed" testListId="8c84fa94-04c1-424b-9868-57a2d4851a1d" relativeResultsDirectory="057032f8-20e8-4bcf-8eb4-5abb6da8a615">
      <Output>
        <StdOut>[2025-09-12 12:50:37 INF] Starting Test Execution: POrchAPI_Invalid_Amount_Field_Return_Error:["[AmountValue, testAmount]","[StatusCode, 400]"]
[2025-09-12 12:50:37 INF] Finished Test Execution: POrchAPI_Invalid_Amount_Field_Return_Error
[2025-09-12 12:50:37 INF] ---------------------------------------------------



TestContext Messages:
Given a POrch PaymentRequest is created
-&gt; done: POrchAPIStepDefinitions.GivenAPOrchPaymentRequestIsCreated() (0.0s)
And the Payment Amount Field is testAmount
-&gt; done: POrchAPIStepDefinitions.WhenTheAcountFieldIs("Payment", "testAmount") (0.0s)
When POrch Payment API is called
-&gt; done: POrchAPIStepDefinitions.WhenPOrchAPIIsCalled("Payment") (0.0s)
Then the request should return status code 400
-&gt; done: POrchAPIStepDefinitions.ThenTheRequestShouldReturnStatusCode(400) (0.0s)</StdOut>
      </Output>
    </UnitTestResult>
    <UnitTestResult executionId="92c13ef5-6f9b-48cf-85e6-6feb5fafa5b7" testId="6977a376-609f-df40-bd12-0f486a155f29" testName="POrchAPI_TMVToUltracs_Negative_MiddleWare_Response_409_OtherErrors (AccountIdentificationInsufficientError,409,)" computerName="ip-10-130-163-171" startTime="2025-09-12T12:51:49.8892787+12:00" endTime="2025-09-12T12:51:49.8897658+12:00" testType="13cdc9d9-ddb5-4fa4-a97d-d965ccfc6d4b" outcome="NotExecuted" testListId="8c84fa94-04c1-424b-9868-57a2d4851a1d" relativeResultsDirectory="92c13ef5-6f9b-48cf-85e6-6feb5fafa5b7">
      <Output></Output>
    </UnitTestResult>
    <UnitTestResult executionId="998d8b4a-38e3-4c8f-93d0-1a73e13430bf" testId="56fb65db-6e4f-4370-45ab-c4f18ac46c69" testName="POrchAPI_Various_Amounts_Return_Success_When_Below_Max (1234567890.11,,)" computerName="ip-10-130-163-171" duration="00:00:01.1036851" startTime="2025-09-12T12:49:40.9832992+12:00" endTime="2025-09-12T12:49:42.0873405+12:00" testType="13cdc9d9-ddb5-4fa4-a97d-d965ccfc6d4b" outcome="Passed" testListId="8c84fa94-04c1-424b-9868-57a2d4851a1d" relativeResultsDirectory="998d8b4a-38e3-4c8f-93d0-1a73e13430bf">
      <Output>
        <StdOut>[2025-09-12 12:49:40 INF] Starting Test Execution: POrchAPI_Various_Amounts_Return_Success_When_Below_Max:["[Amount, 1234567890.11]"]
[2025-09-12 12:49:40 INF] Mocks are not ready after 1 / 5 attempt(s). Expected 2 mock(s) to be registered with the manager and got 0.
[2025-09-12 12:49:40 INF] Successfully created map FraudcheckMock_Authorize_715cd8e2-13db-465b-9b9e-09cf695ed394 for /api/v1/financial-transaction-fraud-checks
[2025-09-12 12:49:40 INF] Successfully created map MiddlewareMock_Success_54485cd7-3327-4c79-ae0c-dcf429e21063 for /initialisepaymentorder/basic
[2025-09-12 12:49:42 INF] Response has PaymentId: eb68e63c-52fc-4985-a185-84c108828a04
[2025-09-12 12:49:42 INF] Finished Test Execution: POrchAPI_Various_Amounts_Return_Success_When_Below_Max
[2025-09-12 12:49:42 INF] ---------------------------------------------------



TestContext Messages:
Given a POrch PaymentRequest is created
-&gt; done: POrchAPIStepDefinitions.GivenAPOrchPaymentRequestIsCreated() (0.0s)
And the Payment Amount Field is 1234567890.11
-&gt; done: POrchAPIStepDefinitions.WhenTheAcountFieldIs("Payment", "1234567890.11") (0.0s)
And FraudCheck Response is Authorize
-&gt; done: POrchAPIStepDefinitions.SetFraudCheckResponse("Authorize") (0.0s)
And MiddleWare Response is Success
-&gt; done: POrchAPIStepDefinitions.SetMiddlewareResponse("Success") (0.0s)
When POrch Payment API is called
-&gt; done: POrchAPIStepDefinitions.WhenPOrchAPIIsCalled("Payment") (1.1s)
Then the request should return status code 201
-&gt; done: POrchAPIStepDefinitions.ThenTheRequestShouldReturnStatusCode(201) (0.0s)</StdOut>
      </Output>
    </UnitTestResult>
    <UnitTestResult executionId="c8149524-08d7-447a-b46e-4ddf12eaa151" testId="14113774-8076-c027-eb5f-ce9b50496561" testName="POrchAPI_TMVToUltracs_Negative_MiddleWare_Response_409 (UnknownError,500,)" computerName="ip-10-130-163-171" duration="00:00:01.0665297" startTime="2025-09-12T12:51:48.8222916+12:00" endTime="2025-09-12T12:51:49.8889681+12:00" testType="13cdc9d9-ddb5-4fa4-a97d-d965ccfc6d4b" outcome="Passed" testListId="8c84fa94-04c1-424b-9868-57a2d4851a1d" relativeResultsDirectory="c8149524-08d7-447a-b46e-4ddf12eaa151">
      <Output>
        <StdOut>[2025-09-12 12:51:48 INF] Starting Test Execution: POrchAPI_TMVToUltracs_Negative_MiddleWare_Response_409:["[Result, UnknownError]","[StatusCode, 500]"]
[2025-09-12 12:51:48 INF] Mocks are not ready after 1 / 5 attempt(s). Expected 1 mock(s) to be registered with the manager and got 0.
[2025-09-12 12:51:48 INF] Successfully created map AdpsMock_UnknownError_58e8280c-2a89-4dd2-9636-d8e3b36070c5 for /api/v1/payment-instruction/domestic/immediate
[2025-09-12 12:51:49 INF] Finished Test Execution: POrchAPI_TMVToUltracs_Negative_MiddleWare_Response_409
[2025-09-12 12:51:49 INF] ---------------------------------------------------



TestContext Messages:
Given a TMV to Ultracs POrch TransferRequest is created
-&gt; done: POrchAPIStepDefinitions.ConditionalPOrchTransferRequestIsCreated("TMV", "Ultracs") (0.0s)
And ADPS Response is UnknownError
-&gt; done: POrchAPIStepDefinitions.SetAdpsResponse("UnknownError") (0.0s)
When POrch Transfer API is called
-&gt; done: POrchAPIStepDefinitions.WhenPOrchAPIIsCalled("Transfer") (1.1s)
Then the request should return status code 500
-&gt; done: POrchAPIStepDefinitions.ThenTheRequestShouldReturnStatusCode(500) (0.0s)</StdOut>
      </Output>
    </UnitTestResult>
    <UnitTestResult executionId="f5840b70-e887-4604-b108-b55db83245d1" testId="713e31be-1e71-4306-14c3-db35d3aa1175" testName="POrchAPI_Various_Amounts_Return_Success_When_Below_Max (0.99,,)" computerName="ip-10-130-163-171" duration="00:00:01.1226396" startTime="2025-09-12T12:49:35.4240410+12:00" endTime="2025-09-12T12:49:36.5469913+12:00" testType="13cdc9d9-ddb5-4fa4-a97d-d965ccfc6d4b" outcome="Passed" testListId="8c84fa94-04c1-424b-9868-57a2d4851a1d" relativeResultsDirectory="f5840b70-e887-4604-b108-b55db83245d1">
      <Output>
        <StdOut>[2025-09-12 12:49:35 INF] Starting Test Execution: POrchAPI_Various_Amounts_Return_Success_When_Below_Max:["[Amount, 0.99]"]
[2025-09-12 12:49:35 INF] Mocks are not ready after 1 / 5 attempt(s). Expected 2 mock(s) to be registered with the manager and got 0.
[2025-09-12 12:49:35 INF] Successfully created map FraudcheckMock_Authorize_59a16b63-7c5c-4373-a9b0-8302b20c3930 for /api/v1/financial-transaction-fraud-checks
[2025-09-12 12:49:35 INF] Successfully created map MiddlewareMock_Success_b2f46786-3b87-40c7-80c5-86e88647e2de for /initialisepaymentorder/basic
[2025-09-12 12:49:36 INF] Response has PaymentId: 7348c64e-ffab-4524-9264-26af5a2849d5
[2025-09-12 12:49:36 INF] Finished Test Execution: POrchAPI_Various_Amounts_Return_Success_When_Below_Max
[2025-09-12 12:49:36 INF] ---------------------------------------------------



TestContext Messages:
Given a POrch PaymentRequest is created
-&gt; done: POrchAPIStepDefinitions.GivenAPOrchPaymentRequestIsCreated() (0.0s)
And the Payment Amount Field is 0.99
-&gt; done: POrchAPIStepDefinitions.WhenTheAcountFieldIs("Payment", "0.99") (0.0s)
And FraudCheck Response is Authorize
-&gt; done: POrchAPIStepDefinitions.SetFraudCheckResponse("Authorize") (0.0s)
And MiddleWare Response is Success
-&gt; done: POrchAPIStepDefinitions.SetMiddlewareResponse("Success") (0.0s)
When POrch Payment API is called
-&gt; done: POrchAPIStepDefinitions.WhenPOrchAPIIsCalled("Payment") (1.1s)
Then the request should return status code 201
-&gt; done: POrchAPIStepDefinitions.ThenTheRequestShouldReturnStatusCode(201) (0.0s)</StdOut>
      </Output>
    </UnitTestResult>
    <UnitTestResult executionId="89d02ff7-bdbf-4894-bb69-32b7f8c1a0d8" testId="730f96a6-2c95-70cd-5315-1cda5ab862b7" testName="POrchAPI_TMVToTMV_Valid_Debtor_Code_Return_Success (=@#_%,.,201,)" computerName="ip-10-130-163-171" duration="00:00:01.0763285" startTime="2025-09-12T12:51:26.0045705+12:00" endTime="2025-09-12T12:51:27.0810389+12:00" testType="13cdc9d9-ddb5-4fa4-a97d-d965ccfc6d4b" outcome="Passed" testListId="8c84fa94-04c1-424b-9868-57a2d4851a1d" relativeResultsDirectory="89d02ff7-bdbf-4894-bb69-32b7f8c1a0d8">
      <Output>
        <StdOut>[2025-09-12 12:51:26 INF] Starting Test Execution: POrchAPI_TMVToTMV_Valid_Debtor_Code_Return_Success:["[DebtorCodeValue, =@#_%,.]","[StatusCode, 201]"]
[2025-09-12 12:51:26 INF] Mocks are not ready after 1 / 5 attempt(s). Expected 1 mock(s) to be registered with the manager and got 0.
[2025-09-12 12:51:26 INF] Successfully created map AdpsMock_Success_8bb2576b-2fb2-49ba-92d1-aa6e0bc6e623 for /api/v1/payment-instruction/domestic/immediate
[2025-09-12 12:51:27 INF] Response has PaymentId: 712c119f-59ad-4650-aad7-d490f5d6143d
[2025-09-12 12:51:27 INF] Finished Test Execution: POrchAPI_TMVToTMV_Valid_Debtor_Code_Return_Success
[2025-09-12 12:51:27 INF] ---------------------------------------------------



TestContext Messages:
Given a TMV to TMV POrch TransferRequest is created
-&gt; done: POrchAPIStepDefinitions.ConditionalPOrchTransferRequestIsCreated("TMV", "TMV") (0.0s)
And the Transfer Debtor Code is =@#_%,.
-&gt; done: POrchAPIStepDefinitions.WhenTheDebtorCodeIs("Transfer", "=@#_%,.") (0.0s)
And ADPS Response is Success
-&gt; done: POrchAPIStepDefinitions.SetAdpsResponse("Success") (0.0s)
When POrch Transfer API is called
-&gt; done: POrchAPIStepDefinitions.WhenPOrchAPIIsCalled("Transfer") (1.1s)
Then the request should return status code 201
-&gt; done: POrchAPIStepDefinitions.ThenTheRequestShouldReturnStatusCode(201) (0.0s)</StdOut>
      </Output>
    </UnitTestResult>
    <UnitTestResult executionId="dacda12f-9e41-41b8-b2a0-899d59c44b32" testId="9906dcd0-ae4b-525a-9295-634f86d82a75" testName="POrchAPI_TMVTMV_Transfer_Send_Transfer_Reference_Return_Error (TRANSFER TO MR Test - 00,400,)" computerName="ip-10-130-163-171" duration="00:00:00.0102133" startTime="2025-09-12T12:52:13.8877174+12:00" endTime="2025-09-12T12:52:13.8980397+12:00" testType="13cdc9d9-ddb5-4fa4-a97d-d965ccfc6d4b" outcome="Passed" testListId="8c84fa94-04c1-424b-9868-57a2d4851a1d" relativeResultsDirectory="dacda12f-9e41-41b8-b2a0-899d59c44b32">
      <Output>
        <StdOut>[2025-09-12 12:52:13 INF] Starting Test Execution: POrchAPI_TMVTMV_Transfer_Send_Transfer_Reference_Return_Error:["[TransferRefValue, TRANSFER TO MR Test - 00]","[StatusCode, 400]"]
[2025-09-12 12:52:13 INF] Finished Test Execution: POrchAPI_TMVTMV_Transfer_Send_Transfer_Reference_Return_Error
[2025-09-12 12:52:13 INF] ---------------------------------------------------



TestContext Messages:
Given a TMV to TMV POrch TransferRequest is created
-&gt; done: POrchAPIStepDefinitions.ConditionalPOrchTransferRequestIsCreated("TMV", "TMV") (0.0s)
And the Transfer Reference is TRANSFER TO MR Test - 00
-&gt; done: POrchAPIStepDefinitions.TheTransferReferenceIs("TRANSFER TO MR Te...") (0.0s)
When POrch Transfer API is called
-&gt; done: POrchAPIStepDefinitions.WhenPOrchAPIIsCalled("Transfer") (0.0s)
Then the request should return status code 400
-&gt; done: POrchAPIStepDefinitions.ThenTheRequestShouldReturnStatusCode(400) (0.0s)</StdOut>
      </Output>
    </UnitTestResult>
    <UnitTestResult executionId="aaf81f8d-cc5a-436c-baec-70317973dd80" testId="c53f27fb-3d3b-a509-2c4d-ee99c63b8770" testName="POrchAPI_Invalid_Payee_Code_Return_Error (abcdefghijklmnsey,400,)" computerName="ip-10-130-163-171" duration="00:00:00.0098438" startTime="2025-09-12T12:50:37.8840588+12:00" endTime="2025-09-12T12:50:37.8940898+12:00" testType="13cdc9d9-ddb5-4fa4-a97d-d965ccfc6d4b" outcome="Passed" testListId="8c84fa94-04c1-424b-9868-57a2d4851a1d" relativeResultsDirectory="aaf81f8d-cc5a-436c-baec-70317973dd80">
      <Output>
        <StdOut>[2025-09-12 12:50:37 INF] Starting Test Execution: POrchAPI_Invalid_Payee_Code_Return_Error:["[CreditorCodeValue, abcdefghijklmnsey]","[StatusCode, 400]"]
[2025-09-12 12:50:37 INF] Finished Test Execution: POrchAPI_Invalid_Payee_Code_Return_Error
[2025-09-12 12:50:37 INF] ---------------------------------------------------



TestContext Messages:
Given a POrch PaymentRequest is created
-&gt; done: POrchAPIStepDefinitions.GivenAPOrchPaymentRequestIsCreated() (0.0s)
And the Payment Creditor Code is abcdefghijklmnsey
-&gt; done: POrchAPIStepDefinitions.WhenTheCreditorCodeIs("Payment", "abcdefghijklmnsey") (0.0s)
When POrch Payment API is called
-&gt; done: POrchAPIStepDefinitions.WhenPOrchAPIIsCalled("Payment") (0.0s)
Then the request should return status code 400
-&gt; done: POrchAPIStepDefinitions.ThenTheRequestShouldReturnStatusCode(400) (0.0s)</StdOut>
      </Output>
    </UnitTestResult>
    <UnitTestResult executionId="a6247112-261d-4105-b9fe-d23f2bcb8ee0" testId="84215482-1639-cb06-f54a-780c0a44f94d" testName="POrchAPI_Transfer_Invalid_Creditor_Account_Source_Return_Error (&quot;&quot;,400,'CreditorAccountSource' can only be Ultracs or TMV for transfers.,)" computerName="ip-10-130-163-171" duration="00:00:00.0073490" startTime="2025-09-12T12:52:13.8142914+12:00" endTime="2025-09-12T12:52:13.8217601+12:00" testType="13cdc9d9-ddb5-4fa4-a97d-d965ccfc6d4b" outcome="Passed" testListId="8c84fa94-04c1-424b-9868-57a2d4851a1d" relativeResultsDirectory="a6247112-261d-4105-b9fe-d23f2bcb8ee0">
      <Output>
        <StdOut>[2025-09-12 12:52:13 INF] Starting Test Execution: POrchAPI_Transfer_Invalid_Creditor_Account_Source_Return_Error:["[AccountSource, \"\"]","[StatusCode, 400]","[ErrorMessage, 'CreditorAccountSource' can only be Ultracs or TMV for transfers.]"]
[2025-09-12 12:52:13 INF] Finished Test Execution: POrchAPI_Transfer_Invalid_Creditor_Account_Source_Return_Error
[2025-09-12 12:52:13 INF] ---------------------------------------------------



TestContext Messages:
Given a POrch TransferRequest is created
-&gt; done: POrchAPIStepDefinitions.GivenAPOrchTransferRequestIsCreated() (0.0s)
And the transfer Creditor Account Source is ""
-&gt; done: POrchAPIStepDefinitions.GivenTheTransferCreditorAccountSourceIs("""") (0.0s)
When POrch Transfer API is called
-&gt; done: POrchAPIStepDefinitions.WhenPOrchAPIIsCalled("Transfer") (0.0s)
Then the request should return status code 400
-&gt; done: POrchAPIStepDefinitions.ThenTheRequestShouldReturnStatusCode(400) (0.0s)
And the error message should be 'CreditorAccountSource' can only be Ultracs or TMV for transfers.
-&gt; done: POrchAPIStepDefinitions.ThenTheErrorMessageShouldBeErrorMessage("'CreditorAccountS...") (0.0s)</StdOut>
      </Output>
    </UnitTestResult>
    <UnitTestResult executionId="41f7690e-f15e-473f-998d-e216da829ca8" testId="9509b487-31fb-cc34-9fec-375f308c64f1" testName="POrchAPI_Various_Amounts_Return_Error_When_Length_Exceeded (12345678901.1,,)" computerName="ip-10-130-163-171" duration="00:00:01.0189643" startTime="2025-09-12T12:49:45.1946662+12:00" endTime="2025-09-12T12:49:46.2139651+12:00" testType="13cdc9d9-ddb5-4fa4-a97d-d965ccfc6d4b" outcome="Passed" testListId="8c84fa94-04c1-424b-9868-57a2d4851a1d" relativeResultsDirectory="41f7690e-f15e-473f-998d-e216da829ca8">
      <Output>
        <StdOut>[2025-09-12 12:49:45 INF] Starting Test Execution: POrchAPI_Various_Amounts_Return_Error_When_Length_Exceeded:["[Amount, 12345678901.1]"]
[2025-09-12 12:49:45 INF] Mocks are not ready after 1 / 5 attempt(s). Expected 2 mock(s) to be registered with the manager and got 0.
[2025-09-12 12:49:45 INF] Successfully created map FraudcheckMock_Authorize_1bd76511-3a6d-413c-a2d7-2ce558bcc9f3 for /api/v1/financial-transaction-fraud-checks
[2025-09-12 12:49:45 INF] Successfully created map MiddlewareMock_Success_2d49d4c7-e4c4-4a6f-b1da-580eb1041825 for /initialisepaymentorder/basic
[2025-09-12 12:49:46 INF] Finished Test Execution: POrchAPI_Various_Amounts_Return_Error_When_Length_Exceeded
[2025-09-12 12:49:46 INF] ---------------------------------------------------



TestContext Messages:
Given a POrch PaymentRequest is created
-&gt; done: POrchAPIStepDefinitions.GivenAPOrchPaymentRequestIsCreated() (0.0s)
And the Payment Amount Field is 12345678901.1
-&gt; done: POrchAPIStepDefinitions.WhenTheAcountFieldIs("Payment", "12345678901.1") (0.0s)
And FraudCheck Response is Authorize
-&gt; done: POrchAPIStepDefinitions.SetFraudCheckResponse("Authorize") (0.0s)
And MiddleWare Response is Success
-&gt; done: POrchAPIStepDefinitions.SetMiddlewareResponse("Success") (0.0s)
When POrch Payment API is called
-&gt; done: POrchAPIStepDefinitions.WhenPOrchAPIIsCalled("Payment") (1.0s)
Then the request should return status code 400
-&gt; done: POrchAPIStepDefinitions.ThenTheRequestShouldReturnStatusCode(400) (0.0s)</StdOut>
      </Output>
    </UnitTestResult>
    <UnitTestResult executionId="e7c53927-0efc-4e66-80c0-b4c89779de5f" testId="654ef9ea-1882-bb3a-85cf-3a634c0819fe" testName="POrchAPI_Transfer_Invalid_Creditor_Reference_Return_Error (abcdefghijklmnsey,400,)" computerName="ip-10-130-163-171" duration="00:00:00.0085894" startTime="2025-09-12T12:52:13.6817563+12:00" endTime="2025-09-12T12:52:13.6904463+12:00" testType="13cdc9d9-ddb5-4fa4-a97d-d965ccfc6d4b" outcome="Passed" testListId="8c84fa94-04c1-424b-9868-57a2d4851a1d" relativeResultsDirectory="e7c53927-0efc-4e66-80c0-b4c89779de5f">
      <Output>
        <StdOut>[2025-09-12 12:52:13 INF] Starting Test Execution: POrchAPI_Transfer_Invalid_Creditor_Reference_Return_Error:["[CreditorReferenceValue, abcdefghijklmnsey]","[StatusCode, 400]"]
[2025-09-12 12:52:13 INF] Finished Test Execution: POrchAPI_Transfer_Invalid_Creditor_Reference_Return_Error
[2025-09-12 12:52:13 INF] ---------------------------------------------------



TestContext Messages:
Given a POrch TransferRequest is created
-&gt; done: POrchAPIStepDefinitions.GivenAPOrchTransferRequestIsCreated() (0.0s)
And the Transfer Creditor Reference is abcdefghijklmnsey
-&gt; done: POrchAPIStepDefinitions.WhenTheCreditorReferenceIs("Transfer", "abcdefghijklmnsey") (0.0s)
When POrch Transfer API is called
-&gt; done: POrchAPIStepDefinitions.WhenPOrchAPIIsCalled("Transfer") (0.0s)
Then the request should return status code 400
-&gt; done: POrchAPIStepDefinitions.ThenTheRequestShouldReturnStatusCode(400) (0.0s)</StdOut>
      </Output>
    </UnitTestResult>
    <UnitTestResult executionId="948cd900-ede7-4231-a7e7-823390b5f576" testId="b9a13a5b-81a8-ca23-bb4b-d95c063257a2" testName="POrchAPI_UltracsToTMV_Valid_Creditor_Reference_Return_Success (()+$*!;-/?:,201,)" computerName="ip-10-130-163-171" duration="00:00:01.1074442" startTime="2025-09-12T12:51:59.7061804+12:00" endTime="2025-09-12T12:52:00.8137634+12:00" testType="13cdc9d9-ddb5-4fa4-a97d-d965ccfc6d4b" outcome="Passed" testListId="8c84fa94-04c1-424b-9868-57a2d4851a1d" relativeResultsDirectory="948cd900-ede7-4231-a7e7-823390b5f576">
      <Output>
        <StdOut>[2025-09-12 12:51:59 INF] Starting Test Execution: POrchAPI_UltracsToTMV_Valid_Creditor_Reference_Return_Success:["[CreditorReferenceValue, ()+$*!;-/?:]","[StatusCode, 201]"]
[2025-09-12 12:51:59 INF] Mocks are not ready after 1 / 5 attempt(s). Expected 2 mock(s) to be registered with the manager and got 0.
[2025-09-12 12:51:59 INF] Successfully created map AdpsMock_Success_40f09002-35a8-4956-ae90-801e92e368d4 for /api/v1/payment-instruction/domestic/immediate
[2025-09-12 12:51:59 INF] Successfully created map MiddlewareMock_Success_31504702-724a-490d-ae02-66926229c26e for /initialisepaymentorder/basic
[2025-09-12 12:52:00 INF] Response has PaymentId: bbaea3f4-14e3-4d11-bb0c-ebafb4296c96
[2025-09-12 12:52:00 INF] Finished Test Execution: POrchAPI_UltracsToTMV_Valid_Creditor_Reference_Return_Success
[2025-09-12 12:52:00 INF] ---------------------------------------------------



TestContext Messages:
Given a Ultracs to TMV POrch TransferRequest is created
-&gt; done: POrchAPIStepDefinitions.ConditionalPOrchTransferRequestIsCreated("Ultracs", "TMV") (0.0s)
And the Transfer Creditor Reference is ()+$*!;-/?:
-&gt; done: POrchAPIStepDefinitions.WhenTheCreditorReferenceIs("Transfer", "()+$*!;-/?:") (0.0s)
And ADPS Response is Success
-&gt; done: POrchAPIStepDefinitions.SetAdpsResponse("Success") (0.0s)
And MiddleWare Response is Success
-&gt; done: POrchAPIStepDefinitions.SetMiddlewareResponse("Success") (0.0s)
When POrch Transfer API is called
-&gt; done: POrchAPIStepDefinitions.WhenPOrchAPIIsCalled("Transfer") (1.1s)
Then the request should return status code 201
-&gt; done: POrchAPIStepDefinitions.ThenTheRequestShouldReturnStatusCode(201) (0.0s)</StdOut>
      </Output>
    </UnitTestResult>
    <UnitTestResult executionId="b6179e6f-a1f8-432e-af8d-57d309dca182" testId="e126e7cf-c0ab-74a1-6468-c90fcefa9c0d" testName="ChallengeAndResponseDecisionEndpointIsAccessible (Continue,Sent,)" computerName="ip-10-130-163-171" duration="00:00:00.0493560" startTime="2025-09-12T12:50:37.9728148+12:00" endTime="2025-09-12T12:50:38.0227193+12:00" testType="13cdc9d9-ddb5-4fa4-a97d-d965ccfc6d4b" outcome="Passed" testListId="8c84fa94-04c1-424b-9868-57a2d4851a1d" relativeResultsDirectory="b6179e6f-a1f8-432e-af8d-57d309dca182">
      <Output>
        <StdOut>[2025-09-12 12:50:37 INF] Starting Test Execution: Challenge and Response decision endpoint is accessible:["[Outcome, Continue]","[ExpectedStatus, Sent]"]
[2025-09-12 12:50:38 INF] Response has PaymentId: 64688cfb-3afa-4145-8f74-4da213b25f57
[2025-09-12 12:50:38 INF] Finished Test Execution: Challenge and Response decision endpoint is accessible
[2025-09-12 12:50:38 INF] ---------------------------------------------------



TestContext Messages:
Given a Decision is created with the outcome Continue
-&gt; done: POrchAPIStepDefinitions.GivenADecisionIsCreatedWithTheOutcome("Continue") (0.0s)
When the decision api is called
-&gt; done: POrchAPIStepDefinitions.WhenTheDecisionApiIsCalled() (0.0s)
Then the response code should be 200
-&gt; done: POrchAPIStepDefinitions.ThenTheRequestShouldReturnStatusCode(200) (0.0s)
And the response contains the fields:
  --- table step argument ---
  | $.status | Sent |
-&gt; done: POrchAPIStepDefinitions.ThenTheResponseContainsTheFields(&lt;table&gt;) (0.0s)</StdOut>
      </Output>
    </UnitTestResult>
    <UnitTestResult executionId="a8fea5a7-0228-457f-94cd-17b4ec3d38f5" testId="00c87c90-5fed-a59e-5da9-bdf8fc828b36" testName="POrchAPI_Negative_FraudCheck_Success_Middleware_Response (Decline,409,)" computerName="ip-10-130-163-171" duration="00:00:01.0710070" startTime="2025-09-12T12:50:18.7320766+12:00" endTime="2025-09-12T12:50:19.8032720+12:00" testType="13cdc9d9-ddb5-4fa4-a97d-d965ccfc6d4b" outcome="Passed" testListId="8c84fa94-04c1-424b-9868-57a2d4851a1d" relativeResultsDirectory="a8fea5a7-0228-457f-94cd-17b4ec3d38f5">
      <Output>
        <StdOut>[2025-09-12 12:50:18 INF] Starting Test Execution: POrchAPI_Negative_FraudCheck_Success_Middleware_Response:["[Result, Decline]","[StatusCode, 409]"]
[2025-09-12 12:50:18 INF] Mocks are not ready after 1 / 5 attempt(s). Expected 3 mock(s) to be registered with the manager and got 0.
[2025-09-12 12:50:18 INF] Successfully created map FraudcheckMock_Decline_e682ba56-290b-46e0-8a9c-6f7c041de044 for /api/v1/financial-transaction-fraud-checks
[2025-09-12 12:50:18 INF] Successfully created map MiddlewareMock_Success_d73fe27e-8cd9-46d1-adf9-5d9610e96a5b for /initialisepaymentorder/basic
[2025-09-12 12:50:18 INF] Successfully created map PartyActivityServiceMock_Created_902380e3-33fb-4117-bda6-5ba515c3ba68 for /v2/activities
[2025-09-12 12:50:19 INF] Response has PaymentId: 5cf851d3-397e-45fa-b86b-48aeabdabb65
[2025-09-12 12:50:19 INF] Finished Test Execution: POrchAPI_Negative_FraudCheck_Success_Middleware_Response
[2025-09-12 12:50:19 INF] ---------------------------------------------------



TestContext Messages:
Given a POrch PaymentRequest is created
-&gt; done: POrchAPIStepDefinitions.GivenAPOrchPaymentRequestIsCreated() (0.0s)
And FraudCheck Response is Decline
-&gt; done: POrchAPIStepDefinitions.SetFraudCheckResponse("Decline") (0.0s)
And MiddleWare Response is Success
-&gt; done: POrchAPIStepDefinitions.SetMiddlewareResponse("Success") (0.0s)
And the PAS response is Created
-&gt; done: POrchAPIStepDefinitions.ThePasResponseIs("Created") (0.0s)
When POrch Payment API is called
-&gt; done: POrchAPIStepDefinitions.WhenPOrchAPIIsCalled("Payment") (1.1s)
Then the request should return status code 409
-&gt; done: POrchAPIStepDefinitions.ThenTheRequestShouldReturnStatusCode(409) (0.0s)</StdOut>
      </Output>
    </UnitTestResult>
    <UnitTestResult executionId="5007f43c-0a79-425f-9dd3-a536718ca462" testId="11048aed-8975-a212-b0c8-7431a0595306" testName="POrchAPI_TMVToUltracs_Negative_MiddleWare_Response_409_OtherErrors (AccountDetectionFailedError,409,)" computerName="ip-10-130-163-171" startTime="2025-09-12T12:51:49.8891909+12:00" endTime="2025-09-12T12:51:49.8892149+12:00" testType="13cdc9d9-ddb5-4fa4-a97d-d965ccfc6d4b" outcome="NotExecuted" testListId="8c84fa94-04c1-424b-9868-57a2d4851a1d" relativeResultsDirectory="5007f43c-0a79-425f-9dd3-a536718ca462">
      <Output></Output>
    </UnitTestResult>
    <UnitTestResult executionId="1464e12d-f020-48da-b441-fa04089503b1" testId="72295e45-e674-1c99-e24a-c81a771d4fe0" testName="POrchAPI_Negative_MiddleWare_Response_409 (UnknownError,500,)" computerName="ip-10-130-163-171" duration="00:00:01.0820611" startTime="2025-09-12T12:50:10.0962285+12:00" endTime="2025-09-12T12:50:11.1784609+12:00" testType="13cdc9d9-ddb5-4fa4-a97d-d965ccfc6d4b" outcome="Passed" testListId="8c84fa94-04c1-424b-9868-57a2d4851a1d" relativeResultsDirectory="1464e12d-f020-48da-b441-fa04089503b1">
      <Output>
        <StdOut>[2025-09-12 12:50:10 INF] Starting Test Execution: POrchAPI_Negative_MiddleWare_Response_409:["[Result, UnknownError]","[StatusCode, 500]"]
[2025-09-12 12:50:10 INF] Mocks are not ready after 1 / 5 attempt(s). Expected 2 mock(s) to be registered with the manager and got 0.
[2025-09-12 12:50:10 INF] Successfully created map FraudcheckMock_Authorize_8ce79073-dc3c-4a41-bf88-ef4d69907921 for /api/v1/financial-transaction-fraud-checks
[2025-09-12 12:50:10 INF] Successfully created map MiddlewareMock_UnknownError_7e98b9ee-1602-431d-a431-fe52a08d8f11 for /initialisepaymentorder/basic
[2025-09-12 12:50:11 INF] Finished Test Execution: POrchAPI_Negative_MiddleWare_Response_409
[2025-09-12 12:50:11 INF] ---------------------------------------------------



TestContext Messages:
Given a POrch PaymentRequest is created
-&gt; done: POrchAPIStepDefinitions.GivenAPOrchPaymentRequestIsCreated() (0.0s)
And FraudCheck Response is Authorize
-&gt; done: POrchAPIStepDefinitions.SetFraudCheckResponse("Authorize") (0.0s)
And MiddleWare Response is UnknownError
-&gt; done: POrchAPIStepDefinitions.SetMiddlewareResponse("UnknownError") (0.0s)
When POrch Payment API is called
-&gt; done: POrchAPIStepDefinitions.WhenPOrchAPIIsCalled("Payment") (1.1s)
Then the request should return status code 500
-&gt; done: POrchAPIStepDefinitions.ThenTheRequestShouldReturnStatusCode(500) (0.0s)</StdOut>
      </Output>
    </UnitTestResult>
    <UnitTestResult executionId="2b493e04-c3ba-4e13-91c5-4ff3ba6c7a77" testId="f76b3f32-ad31-efe4-5487-c23eb6b9c7da" testName="POrchAPI_PAS_Retries (503,,)" computerName="ip-10-130-163-171" duration="00:00:01.1385106" startTime="2025-09-12T12:50:42.0218663+12:00" endTime="2025-09-12T12:50:43.1605360+12:00" testType="13cdc9d9-ddb5-4fa4-a97d-d965ccfc6d4b" outcome="Passed" testListId="8c84fa94-04c1-424b-9868-57a2d4851a1d" relativeResultsDirectory="2b493e04-c3ba-4e13-91c5-4ff3ba6c7a77">
      <Output>
        <StdOut>[2025-09-12 12:50:42 INF] Starting Test Execution: POrchAPI_PAS_Retries:["[ErrorCode, 503]"]
[2025-09-12 12:50:42 INF] Successfully created map FraudcheckMock_Decline_4df4dac3-3f45-493b-8976-3d37fe46ba5e for /api/v1/financial-transaction-fraud-checks
[2025-09-12 12:50:42 INF] Successfully created map PASErrorResponse_503_efeefcb8-1e1c-4d9d-b1bc-0a998412a458_1 for /v2/activities
[2025-09-12 12:50:42 INF] Successfully created map PASSuccess_d9f99451-8443-4e5c-aef6-9fd2c9e382ea for /v2/activities
[2025-09-12 12:50:43 INF] Response has PaymentId: 2104f442-ebed-4bba-ac1f-0dabeac4f993
[2025-09-12 12:50:43 INF] Finished Test Execution: POrchAPI_PAS_Retries
[2025-09-12 12:50:43 INF] ---------------------------------------------------



TestContext Messages:
Given a POrch PaymentRequest is created
-&gt; done: POrchAPIStepDefinitions.GivenAPOrchPaymentRequestIsCreated() (0.0s)
And FraudCheck Response is Decline
-&gt; done: POrchAPIStepDefinitions.SetFraudCheckResponse("Decline") (0.0s)
And the PAS mock response will return 503 then 200
-&gt; done: POrchAPIStepDefinitions.GivenThePASMockResponseWillReturnThen("503") (0.5s)
When POrch Payment API is called
-&gt; done: POrchAPIStepDefinitions.WhenPOrchAPIIsCalled("Payment") (0.6s)
Then the request should return status code 409
-&gt; done: POrchAPIStepDefinitions.ThenTheRequestShouldReturnStatusCode(409) (0.0s)
And there are 1 calls to the PASErrorResponse mock
-&gt; done: POrchAPIStepDefinitions.ThenThereAreCallsToThePasMock(1, "PASErrorResponse") (0.0s)
And there are 1 calls to the PASSuccess mock
-&gt; done: POrchAPIStepDefinitions.ThenThereAreCallsToThePasMock(1, "PASSuccess") (0.0s)</StdOut>
      </Output>
    </UnitTestResult>
    <UnitTestResult executionId="039ce4f1-3a04-4075-bdad-2b3ac745e54d" testId="01a614b6-dddf-0daf-b823-0fab31c9f504" testName="POrchAPI_UltracsToTMV_Valid_Creditor_Code_Return_Success (()+$*!;-/?:,201,)" computerName="ip-10-130-163-171" duration="00:00:01.0905795" startTime="2025-09-12T12:51:57.5261082+12:00" endTime="2025-09-12T12:51:58.6168282+12:00" testType="13cdc9d9-ddb5-4fa4-a97d-d965ccfc6d4b" outcome="Passed" testListId="8c84fa94-04c1-424b-9868-57a2d4851a1d" relativeResultsDirectory="039ce4f1-3a04-4075-bdad-2b3ac745e54d">
      <Output>
        <StdOut>[2025-09-12 12:51:57 INF] Starting Test Execution: POrchAPI_UltracsToTMV_Valid_Creditor_Code_Return_Success:["[CreditorCodeValue, ()+$*!;-/?:]","[StatusCode, 201]"]
[2025-09-12 12:51:57 INF] Mocks are not ready after 1 / 5 attempt(s). Expected 2 mock(s) to be registered with the manager and got 0.
[2025-09-12 12:51:57 INF] Successfully created map AdpsMock_Success_c6cccaaa-4d63-438e-9a73-2cd99df9bfd6 for /api/v1/payment-instruction/domestic/immediate
[2025-09-12 12:51:57 INF] Successfully created map MiddlewareMock_Success_c295c1fa-63a0-422e-a244-3cbe243db99a for /initialisepaymentorder/basic
[2025-09-12 12:51:58 INF] Response has PaymentId: 3bc7887e-bc73-4cc8-baa3-12e9fe8df606
[2025-09-12 12:51:58 INF] Finished Test Execution: POrchAPI_UltracsToTMV_Valid_Creditor_Code_Return_Success
[2025-09-12 12:51:58 INF] ---------------------------------------------------



TestContext Messages:
Given a Ultracs to TMV POrch TransferRequest is created
-&gt; done: POrchAPIStepDefinitions.ConditionalPOrchTransferRequestIsCreated("Ultracs", "TMV") (0.0s)
And the Transfer Creditor Code is ()+$*!;-/?:
-&gt; done: POrchAPIStepDefinitions.WhenTheCreditorCodeIs("Transfer", "()+$*!;-/?:") (0.0s)
And ADPS Response is Success
-&gt; done: POrchAPIStepDefinitions.SetAdpsResponse("Success") (0.0s)
And MiddleWare Response is Success
-&gt; done: POrchAPIStepDefinitions.SetMiddlewareResponse("Success") (0.0s)
When POrch Transfer API is called
-&gt; done: POrchAPIStepDefinitions.WhenPOrchAPIIsCalled("Transfer") (1.1s)
Then the request should return status code 201
-&gt; done: POrchAPIStepDefinitions.ThenTheRequestShouldReturnStatusCode(201) (0.0s)</StdOut>
      </Output>
    </UnitTestResult>
    <UnitTestResult executionId="e3cf8c0a-06b8-4099-be4f-40884d626b12" testId="8fe1e456-62c1-1f3d-ba20-1f75ca2590ef" testName="POrchAPI_UltracsToTMV_Valid_Debtor_Particulars_Return_Success (()+$*!;-/?:,201,)" computerName="ip-10-130-163-171" duration="00:00:01.0928564" startTime="2025-09-12T12:51:50.9772302+12:00" endTime="2025-09-12T12:51:52.0702366+12:00" testType="13cdc9d9-ddb5-4fa4-a97d-d965ccfc6d4b" outcome="Passed" testListId="8c84fa94-04c1-424b-9868-57a2d4851a1d" relativeResultsDirectory="e3cf8c0a-06b8-4099-be4f-40884d626b12">
      <Output>
        <StdOut>[2025-09-12 12:51:50 INF] Starting Test Execution: POrchAPI_UltracsToTMV_Valid_Debtor_Particulars_Return_Success:["[DebtorParticularsValue, ()+$*!;-/?:]","[StatusCode, 201]"]
[2025-09-12 12:51:50 INF] Mocks are not ready after 1 / 5 attempt(s). Expected 2 mock(s) to be registered with the manager and got 0.
[2025-09-12 12:51:50 INF] Successfully created map AdpsMock_Success_d5019fbe-4f5d-4ed3-b609-d6989df3bd26 for /api/v1/payment-instruction/domestic/immediate
[2025-09-12 12:51:50 INF] Successfully created map MiddlewareMock_Success_32dae069-eff0-4549-8a7b-1443a64daf16 for /initialisepaymentorder/basic
[2025-09-12 12:51:52 INF] Response has PaymentId: e401a7c3-bf3d-4cb3-8aab-81aadc0200d8
[2025-09-12 12:51:52 INF] Finished Test Execution: POrchAPI_UltracsToTMV_Valid_Debtor_Particulars_Return_Success
[2025-09-12 12:51:52 INF] ---------------------------------------------------



TestContext Messages:
Given a Ultracs to TMV POrch TransferRequest is created
-&gt; done: POrchAPIStepDefinitions.ConditionalPOrchTransferRequestIsCreated("Ultracs", "TMV") (0.0s)
And the Transfer Debtor particulars is ()+$*!;-/?:
-&gt; done: POrchAPIStepDefinitions.WhenTheDebtorParticularsIs("Transfer", "()+$*!;-/?:") (0.0s)
And ADPS Response is Success
-&gt; done: POrchAPIStepDefinitions.SetAdpsResponse("Success") (0.0s)
And MiddleWare Response is Success
-&gt; done: POrchAPIStepDefinitions.SetMiddlewareResponse("Success") (0.0s)
When POrch Transfer API is called
-&gt; done: POrchAPIStepDefinitions.WhenPOrchAPIIsCalled("Transfer") (1.1s)
Then the request should return status code 201
-&gt; done: POrchAPIStepDefinitions.ThenTheRequestShouldReturnStatusCode(201) (0.0s)</StdOut>
      </Output>
    </UnitTestResult>
    <UnitTestResult executionId="297ed221-3e1b-4f4b-8bde-b4541bf7af78" testId="ef366ad6-05cd-30d5-8f23-368e1f3db7b0" testName="POrchAPI_TMVToTMV_Valid_Debtor_Reference_Return_Success (=@#_%,.,201,)" computerName="ip-10-130-163-171" duration="00:00:01.0673097" startTime="2025-09-12T12:51:32.4289268+12:00" endTime="2025-09-12T12:51:33.4968497+12:00" testType="13cdc9d9-ddb5-4fa4-a97d-d965ccfc6d4b" outcome="Passed" testListId="8c84fa94-04c1-424b-9868-57a2d4851a1d" relativeResultsDirectory="297ed221-3e1b-4f4b-8bde-b4541bf7af78">
      <Output>
        <StdOut>[2025-09-12 12:51:32 INF] Starting Test Execution: POrchAPI_TMVToTMV_Valid_Debtor_Reference_Return_Success:["[DebtorReferenceValue, =@#_%,.]","[StatusCode, 201]"]
[2025-09-12 12:51:32 INF] Mocks are not ready after 1 / 5 attempt(s). Expected 1 mock(s) to be registered with the manager and got 0.
[2025-09-12 12:51:32 INF] Successfully created map AdpsMock_Success_ad136901-bffa-49ad-b255-9fc1c51a9b81 for /api/v1/payment-instruction/domestic/immediate
[2025-09-12 12:51:33 INF] Response has PaymentId: 23ea95b4-ba55-464d-b586-4cd4437cb703
[2025-09-12 12:51:33 INF] Finished Test Execution: POrchAPI_TMVToTMV_Valid_Debtor_Reference_Return_Success
[2025-09-12 12:51:33 INF] ---------------------------------------------------



TestContext Messages:
Given a TMV to TMV POrch TransferRequest is created
-&gt; done: POrchAPIStepDefinitions.ConditionalPOrchTransferRequestIsCreated("TMV", "TMV") (0.0s)
And the Transfer Debtor Reference is =@#_%,.
-&gt; done: POrchAPIStepDefinitions.WhenTheDebtorReferenceIs("Transfer", "=@#_%,.") (0.0s)
And ADPS Response is Success
-&gt; done: POrchAPIStepDefinitions.SetAdpsResponse("Success") (0.0s)
When POrch Transfer API is called
-&gt; done: POrchAPIStepDefinitions.WhenPOrchAPIIsCalled("Transfer") (1.1s)
Then the request should return status code 201
-&gt; done: POrchAPIStepDefinitions.ThenTheRequestShouldReturnStatusCode(201) (0.0s)</StdOut>
      </Output>
    </UnitTestResult>
    <UnitTestResult executionId="6b5c3161-5d2e-4392-8cde-e59f4da19cdd" testId="7a356f2b-a14c-5916-12db-273db6c151e1" testName="POrchAPI_Transfer_Invalid_Creditor_Particulars_Return_Error (\,400,)" computerName="ip-10-130-163-171" duration="00:00:00.0075587" startTime="2025-09-12T12:52:13.6150651+12:00" endTime="2025-09-12T12:52:13.6227264+12:00" testType="13cdc9d9-ddb5-4fa4-a97d-d965ccfc6d4b" outcome="Passed" testListId="8c84fa94-04c1-424b-9868-57a2d4851a1d" relativeResultsDirectory="6b5c3161-5d2e-4392-8cde-e59f4da19cdd">
      <Output>
        <StdOut>[2025-09-12 12:52:13 INF] Starting Test Execution: POrchAPI_Transfer_Invalid_Creditor_Particulars_Return_Error:["[CreditorParticularsValue, \\]","[StatusCode, 400]"]
[2025-09-12 12:52:13 INF] Finished Test Execution: POrchAPI_Transfer_Invalid_Creditor_Particulars_Return_Error
[2025-09-12 12:52:13 INF] ---------------------------------------------------



TestContext Messages:
Given a POrch TransferRequest is created
-&gt; done: POrchAPIStepDefinitions.GivenAPOrchTransferRequestIsCreated() (0.0s)
And the Transfer Creditor particulars is \
-&gt; done: POrchAPIStepDefinitions.WhenTheCreditorParticularsIs("Transfer", "\") (0.0s)
When POrch Transfer API is called
-&gt; done: POrchAPIStepDefinitions.WhenPOrchAPIIsCalled("Transfer") (0.0s)
Then the request should return status code 400
-&gt; done: POrchAPIStepDefinitions.ThenTheRequestShouldReturnStatusCode(400) (0.0s)</StdOut>
      </Output>
    </UnitTestResult>
    <UnitTestResult executionId="59195fd8-bd7e-4660-af11-da20e9891cb1" testId="d5d0ad9c-ccbe-06a9-b9aa-ca9f6c51210e" testName="POrchAPI_Fraud_Retries (504,,)" computerName="ip-10-130-163-171" duration="00:00:01.6348520" startTime="2025-09-12T12:50:54.7214096+12:00" endTime="2025-09-12T12:50:56.3564117+12:00" testType="13cdc9d9-ddb5-4fa4-a97d-d965ccfc6d4b" outcome="Passed" testListId="8c84fa94-04c1-424b-9868-57a2d4851a1d" relativeResultsDirectory="59195fd8-bd7e-4660-af11-da20e9891cb1">
      <Output>
        <StdOut>[2025-09-12 12:50:54 INF] Starting Test Execution: POrchAPI_Fraud_Retries:["[ErrorCode, 504]"]
[2025-09-12 12:50:54 INF] Mocks are not ready after 1 / 5 attempt(s). Expected 3 mock(s) to be registered with the manager and got 0.
[2025-09-12 12:50:54 INF] Successfully created map FraudErrorResponse_504_8ebc63ec-7601-4dfd-84ab-3e8d751e714a_1 for /api/v1/financial-transaction-fraud-checks
[2025-09-12 12:50:54 INF] Successfully created map FraudSuccess_d4d93792-1476-4a53-98fd-e0e10a37e5bc for /api/v1/financial-transaction-fraud-checks
[2025-09-12 12:50:54 INF] Successfully created map MiddlewareMock_Success_4a78c569-f334-4a32-9847-727d012f6458 for /initialisepaymentorder/basic
[2025-09-12 12:50:56 INF] Response has PaymentId: e3d0aae3-063a-40eb-9fd2-fbd7e6f90274
[2025-09-12 12:50:56 INF] Finished Test Execution: POrchAPI_Fraud_Retries
[2025-09-12 12:50:56 INF] ---------------------------------------------------



TestContext Messages:
Given a POrch PaymentRequest is created
-&gt; done: POrchAPIStepDefinitions.GivenAPOrchPaymentRequestIsCreated() (0.0s)
And the credit Account is 389300099302202
-&gt; done: POrchAPIStepDefinitions.WhenTheCreditAccountIs("389300099302202") (0.0s)
And the Fraudcheck mock response will return 504 then 200
-&gt; done: POrchAPIStepDefinitions.GivenTheFraudcheckMockResponseWillReturnThen("504") (0.0s)
And MiddleWare Response is Success
-&gt; done: POrchAPIStepDefinitions.SetMiddlewareResponse("Success") (0.0s)
When POrch Payment API is called
-&gt; done: POrchAPIStepDefinitions.WhenPOrchAPIIsCalled("Payment") (1.6s)
Then the request should return status code 201
-&gt; done: POrchAPIStepDefinitions.ThenTheRequestShouldReturnStatusCode(201) (0.0s)</StdOut>
      </Output>
    </UnitTestResult>
    <UnitTestResult executionId="4b83ea77-3f30-497d-b9c2-f1883a1c14fd" testId="25a77e9b-f7a6-9cd0-b29d-d08216a5d765" testName="POrchAPI_TMVUltracs_Transfer_Invalid_Transfer_Reference_Return_Error (transfer,400,)" computerName="ip-10-130-163-171" duration="00:00:00.0086666" startTime="2025-09-12T12:52:13.8545865+12:00" endTime="2025-09-12T12:52:13.8633686+12:00" testType="13cdc9d9-ddb5-4fa4-a97d-d965ccfc6d4b" outcome="Passed" testListId="8c84fa94-04c1-424b-9868-57a2d4851a1d" relativeResultsDirectory="4b83ea77-3f30-497d-b9c2-f1883a1c14fd">
      <Output>
        <StdOut>[2025-09-12 12:52:13 INF] Starting Test Execution: POrchAPI_TMVUltracs_Transfer_Invalid_Transfer_Reference_Return_Error:["[TransferRefValue, transfer]","[StatusCode, 400]"]
[2025-09-12 12:52:13 INF] Finished Test Execution: POrchAPI_TMVUltracs_Transfer_Invalid_Transfer_Reference_Return_Error
[2025-09-12 12:52:13 INF] ---------------------------------------------------



TestContext Messages:
Given a TMV to Ultracs POrch TransferRequest is created
-&gt; done: POrchAPIStepDefinitions.ConditionalPOrchTransferRequestIsCreated("TMV", "Ultracs") (0.0s)
And the Transfer Reference is transfer
-&gt; done: POrchAPIStepDefinitions.TheTransferReferenceIs("transfer") (0.0s)
When POrch Transfer API is called
-&gt; done: POrchAPIStepDefinitions.WhenPOrchAPIIsCalled("Transfer") (0.0s)
Then the request should return status code 400
-&gt; done: POrchAPIStepDefinitions.ThenTheRequestShouldReturnStatusCode(400) (0.0s)</StdOut>
      </Output>
    </UnitTestResult>
    <UnitTestResult executionId="0e743a4a-5628-4587-a4a1-5b7425efd56c" testId="e25d25bf-2450-37f1-6624-51c474e177b5" testName="POrchAPI_UltracsToTMV_Negative_MiddleWare_Response_409 (AccountDetectionFailedError,409,)" computerName="ip-10-130-163-171" duration="00:00:01.0409242" startTime="2025-09-12T12:52:08.2554161+12:00" endTime="2025-09-12T12:52:09.2964745+12:00" testType="13cdc9d9-ddb5-4fa4-a97d-d965ccfc6d4b" outcome="Passed" testListId="8c84fa94-04c1-424b-9868-57a2d4851a1d" relativeResultsDirectory="0e743a4a-5628-4587-a4a1-5b7425efd56c">
      <Output>
        <StdOut>[2025-09-12 12:52:08 INF] Starting Test Execution: POrchAPI_UltracsToTMV_Negative_MiddleWare_Response_409:["[Result, AccountDetectionFailedError]","[StatusCode, 409]"]
[2025-09-12 12:52:08 INF] Mocks are not ready after 1 / 5 attempt(s). Expected 1 mock(s) to be registered with the manager and got 0.
[2025-09-12 12:52:08 INF] Successfully created map MiddlewareMock_AccountDetectionFailedError_da20ea50-cc9b-480e-9c3c-5623c292a54d for /initialisepaymentorder/basic
[2025-09-12 12:52:09 INF] Response has PaymentId: 749b7129-1a9a-4344-b54d-73d97bc647e5
[2025-09-12 12:52:09 INF] Finished Test Execution: POrchAPI_UltracsToTMV_Negative_MiddleWare_Response_409
[2025-09-12 12:52:09 INF] ---------------------------------------------------



TestContext Messages:
Given a Ultracs to TMV POrch TransferRequest is created
-&gt; done: POrchAPIStepDefinitions.ConditionalPOrchTransferRequestIsCreated("Ultracs", "TMV") (0.0s)
And MiddleWare Response is AccountDetectionFailedError
-&gt; done: POrchAPIStepDefinitions.SetMiddlewareResponse("AccountDetectionF...") (0.0s)
When POrch Transfer API is called
-&gt; done: POrchAPIStepDefinitions.WhenPOrchAPIIsCalled("Transfer") (1.0s)
Then the request should return status code 409
-&gt; done: POrchAPIStepDefinitions.ThenTheRequestShouldReturnStatusCode(409) (0.0s)</StdOut>
      </Output>
    </UnitTestResult>
    <UnitTestResult executionId="9678bd02-d000-42e7-9190-8b80e4012507" testId="5d389af9-65a5-c3f7-2ce0-186dd7e293bb" testName="POrchAPI_TMVOnlineCall_To_UltracsTransactionAcct_Successful" computerName="ip-10-130-163-171" duration="00:00:01.1006210" startTime="2025-09-12T12:51:33.4968976+12:00" endTime="2025-09-12T12:51:34.5980839+12:00" testType="13cdc9d9-ddb5-4fa4-a97d-d965ccfc6d4b" outcome="Passed" testListId="8c84fa94-04c1-424b-9868-57a2d4851a1d" relativeResultsDirectory="9678bd02-d000-42e7-9190-8b80e4012507">
      <Output>
        <StdOut>[2025-09-12 12:51:33 INF] Starting Test Execution: POrchAPI_TMVOnlineCall_To_UltracsTransactionAcct_successful:[]
[2025-09-12 12:51:33 INF] Mocks are not ready after 1 / 5 attempt(s). Expected 2 mock(s) to be registered with the manager and got 0.
[2025-09-12 12:51:33 INF] Successfully created map AdpsMock_Success_8fc1dcf8-8730-419c-b695-ac82ae5bc096 for /api/v1/payment-instruction/domestic/immediate
[2025-09-12 12:51:33 INF] Successfully created map MiddlewareMock_Success_1d8c3e0d-ae7c-42af-a8fa-c632f9c1f7e6 for /initialisepaymentorder/basic
[2025-09-12 12:51:34 INF] Response has PaymentId: 109d1394-2947-4528-b164-ebac89e1a4a7
[2025-09-12 12:51:34 INF] Finished Test Execution: POrchAPI_TMVOnlineCall_To_UltracsTransactionAcct_successful
[2025-09-12 12:51:34 INF] ---------------------------------------------------



TestContext Messages:
Given a TMV to Ultracs POrch TransferRequest is created
-&gt; done: POrchAPIStepDefinitions.ConditionalPOrchTransferRequestIsCreated("TMV", "Ultracs") (0.0s)
And ADPS Response is Success
-&gt; done: POrchAPIStepDefinitions.SetAdpsResponse("Success") (0.0s)
And MiddleWare Response is Success
-&gt; done: POrchAPIStepDefinitions.SetMiddlewareResponse("Success") (0.0s)
When POrch Transfer API is called
-&gt; done: POrchAPIStepDefinitions.WhenPOrchAPIIsCalled("Transfer") (1.1s)
Then the request should return status code 201
-&gt; done: POrchAPIStepDefinitions.ThenTheRequestShouldReturnStatusCode(201) (0.0s)</StdOut>
      </Output>
    </UnitTestResult>
    <UnitTestResult executionId="848f384c-f451-44ee-8e9d-fd5360f2fa58" testId="1bd5fb5a-9e9f-97ad-4b8a-d3a892f44a91" testName="POrchNRT_Unsuccessful_Response_From_FraudCheck_Successful_From_NRT (Unknown,,)" computerName="ip-10-130-163-171" duration="00:00:00.0497271" startTime="2025-09-12T12:50:39.3055595+12:00" endTime="2025-09-12T12:50:39.3554701+12:00" testType="13cdc9d9-ddb5-4fa4-a97d-d965ccfc6d4b" outcome="Passed" testListId="8c84fa94-04c1-424b-9868-57a2d4851a1d" relativeResultsDirectory="848f384c-f451-44ee-8e9d-fd5360f2fa58">
      <Output>
        <StdOut>[2025-09-12 12:50:39 INF] Starting Test Execution: POrchNRT_Unsuccessful_Response_From_FraudCheck_Successful_From_NRT:["[paymentResult, Unknown]"]
[2025-09-12 12:50:39 INF] Executed DbCommand (1ms) [Parameters=[], CommandType='Text', CommandTimeout='30']
SELECT n.id, n.attempts, n.created_at, n.payment_id, n.status, n.updated_at
FROM net.nrt_outbox AS n
WHERE n.attempts &gt;= 0
[2025-09-12 12:50:39 INF] Executed DbCommand (1ms) [Parameters=[@p0='?' (DbType = Guid)], CommandType='Text', CommandTimeout='30']
DELETE FROM net.nrt_outbox
WHERE id = @p0;
[2025-09-12 12:50:39 INF] Executed DbCommand (1ms) [Parameters=[@p0='?' (DbType = Guid), @p1='?', @p2='?' (DbType = Decimal), @p3='?' (DbType = DateTime), @p4='?', @p5='?', @p6='?', @p7='?', @p8='?' (DbType = Object), @p9='?' (DbType = Object), @p10='?', @p11='?', @p12='?', @p13='?', @p14='?' (DbType = Object), @p15='?' (DbType = Object), @p16='?' (DbType = Object), @p17='?' (DbType = DateTime), @p18='?' (DbType = Object), @p19='?' (DbType = DateTime), @p20='?' (DbType = Guid), @p21='?' (DbType = Int32), @p22='?' (DbType = DateTime), @p23='?' (DbType = Guid), @p24='?' (DbType = Object), @p25='?' (DbType = DateTime)], CommandType='Text', CommandTimeout='30']
INSERT INTO net.payment (id, access_number, amount, created_at, creditor_account_code, creditor_account_number, creditor_account_particulars, creditor_account_reference, creditor_account_source, currency, debtor_account_code, debtor_account_number, debtor_account_particulars, debtor_account_reference, debtor_account_source, fraud_check_disposition, payment_type, processed_at, status, updated_at)
VALUES (@p0, @p1, @p2, @p3, @p4, @p5, @p6, @p7, @p8, @p9, @p10, @p11, @p12, @p13, @p14, @p15, @p16, @p17, @p18, @p19);
INSERT INTO net.nrt_outbox (id, attempts, created_at, payment_id, status, updated_at)
VALUES (@p20, @p21, @p22, @p23, @p24, @p25);
[2025-09-12 12:50:39 INF] Successfully created map FraudCheckNRTMock_Success_c03aea8d-923e-4ff8-a099-0f61a9e5a1a9 for /api/v1/financial-transaction-fraud-checks/bc794299-a76c-4784-8adc-e23b6bf55278
[2025-09-12 12:50:39 INF] Executed DbCommand (1ms) [Parameters=[@__p_0='?' (DbType = Guid)], CommandType='Text', CommandTimeout='30']
SELECT n.id, n.attempts, n.created_at, n.payment_id, n.status, n.updated_at
FROM net.nrt_outbox AS n
WHERE n.id = @__p_0
LIMIT 1
[2025-09-12 12:50:39 INF] Finished Test Execution: POrchNRT_Unsuccessful_Response_From_FraudCheck_Successful_From_NRT
[2025-09-12 12:50:39 INF] ---------------------------------------------------



TestContext Messages:
Given The NRT table is clean
-&gt; done: POrchAPIStepDefinitions.GivenTheNrtTableIsClean() (0.0s)
And there is an NRT entry with payment Unknown to process
-&gt; done: POrchAPIStepDefinitions.GivenThereIsAnNrtEntryToProcess("Unknown") (0.0s)
And the NRT entry should be processed successfully
-&gt; done: POrchAPIStepDefinitions.GivenTheNrtEntryShouldBeProcessedSuccessfully() (0.0s)
When the NRT Processor Has Run for at most 1 entry
-&gt; done: POrchAPIStepDefinitions.WhenTheNrtProcessorHasRunForAtMostXEntry(1) (0.0s)
Then the NRT entry has status Sent
-&gt; done: POrchAPIStepDefinitions.ThenTheNrtEntryHasStatus("Sent") (0.0s)</StdOut>
      </Output>
    </UnitTestResult>
    <UnitTestResult executionId="77a1a38c-84ea-4dd6-8c88-37d34706c6f3" testId="3c51f788-470f-b068-a20a-cd42a6521795" testName="POrchAPI_Valid_Debtor_Particulars_Return_Success (=@#_%,.,201,)" computerName="ip-10-130-163-171" duration="00:00:01.0894544" startTime="2025-09-12T12:49:48.3333056+12:00" endTime="2025-09-12T12:49:49.4230493+12:00" testType="13cdc9d9-ddb5-4fa4-a97d-d965ccfc6d4b" outcome="Passed" testListId="8c84fa94-04c1-424b-9868-57a2d4851a1d" relativeResultsDirectory="77a1a38c-84ea-4dd6-8c88-37d34706c6f3">
      <Output>
        <StdOut>[2025-09-12 12:49:48 INF] Starting Test Execution: POrchAPI_Valid_Debtor_Particulars_Return_Success:["[DebtorParticularsValue, =@#_%,.]","[StatusCode, 201]"]
[2025-09-12 12:49:48 INF] Mocks are not ready after 1 / 5 attempt(s). Expected 2 mock(s) to be registered with the manager and got 0.
[2025-09-12 12:49:48 INF] Successfully created map FraudcheckMock_Authorize_95a6a420-5f3a-408b-b085-c77ab8bb3b6a for /api/v1/financial-transaction-fraud-checks
[2025-09-12 12:49:48 INF] Successfully created map MiddlewareMock_Success_5ea5ce11-4d02-4eb1-9514-2e622358afff for /initialisepaymentorder/basic
[2025-09-12 12:49:49 INF] Response has PaymentId: a9c2fb6c-48a8-4ba2-85a8-07956bbe8f9a
[2025-09-12 12:49:49 INF] Finished Test Execution: POrchAPI_Valid_Debtor_Particulars_Return_Success
[2025-09-12 12:49:49 INF] ---------------------------------------------------



TestContext Messages:
Given a POrch PaymentRequest is created
-&gt; done: POrchAPIStepDefinitions.GivenAPOrchPaymentRequestIsCreated() (0.0s)
And the Payment Debtor particulars is =@#_%,.
-&gt; done: POrchAPIStepDefinitions.WhenTheDebtorParticularsIs("Payment", "=@#_%,.") (0.0s)
And FraudCheck Response is Authorize
-&gt; done: POrchAPIStepDefinitions.SetFraudCheckResponse("Authorize") (0.0s)
And MiddleWare Response is Success
-&gt; done: POrchAPIStepDefinitions.SetMiddlewareResponse("Success") (0.0s)
When POrch Payment API is called
-&gt; done: POrchAPIStepDefinitions.WhenPOrchAPIIsCalled("Payment") (1.1s)
Then the request should return status code 201
-&gt; done: POrchAPIStepDefinitions.ThenTheRequestShouldReturnStatusCode(201) (0.0s)</StdOut>
      </Output>
    </UnitTestResult>
    <UnitTestResult executionId="7bf3bb59-0823-469a-bb2a-315f48d1c022" testId="cf8e917f-8493-b13d-e6de-2124749937b2" testName="POrchAPI_Invalid_Debit_Account_Return_Error (38231234562856345,400,)" computerName="ip-10-130-163-171" duration="00:00:00.0090886" startTime="2025-09-12T12:50:37.7363503+12:00" endTime="2025-09-12T12:50:37.7456516+12:00" testType="13cdc9d9-ddb5-4fa4-a97d-d965ccfc6d4b" outcome="Passed" testListId="8c84fa94-04c1-424b-9868-57a2d4851a1d" relativeResultsDirectory="7bf3bb59-0823-469a-bb2a-315f48d1c022">
      <Output>
        <StdOut>[2025-09-12 12:50:37 INF] Starting Test Execution: POrchAPI_Invalid_Debit_Account_Return_Error:["[DebitAccountValue, 38231234562856345]","[StatusCode, 400]"]
[2025-09-12 12:50:37 INF] Finished Test Execution: POrchAPI_Invalid_Debit_Account_Return_Error
[2025-09-12 12:50:37 INF] ---------------------------------------------------



TestContext Messages:
Given a POrch PaymentRequest is created
-&gt; done: POrchAPIStepDefinitions.GivenAPOrchPaymentRequestIsCreated() (0.0s)
And the Payment Debit Account field is 38231234562856345
-&gt; done: POrchAPIStepDefinitions.WhenTheDebitAccountFieldIs("Payment", "38231234562856345") (0.0s)
When POrch Payment API is called
-&gt; done: POrchAPIStepDefinitions.WhenPOrchAPIIsCalled("Payment") (0.0s)
Then the request should return status code 400
-&gt; done: POrchAPIStepDefinitions.ThenTheRequestShouldReturnStatusCode(400) (0.0s)</StdOut>
      </Output>
    </UnitTestResult>
    <UnitTestResult executionId="14501803-0c56-4b20-a20e-f29a65c8fdeb" testId="953a78d6-fa77-032b-ac4f-79e4fda4fb2d" testName="POrchAPI_Other_Middleware_Responses_Do_Not_Retry (ClosedAccountError,409,)" computerName="ip-10-130-163-171" duration="00:00:01.0891510" startTime="2025-09-12T12:51:08.6595449+12:00" endTime="2025-09-12T12:51:09.7489134+12:00" testType="13cdc9d9-ddb5-4fa4-a97d-d965ccfc6d4b" outcome="Passed" testListId="8c84fa94-04c1-424b-9868-57a2d4851a1d" relativeResultsDirectory="14501803-0c56-4b20-a20e-f29a65c8fdeb">
      <Output>
        <StdOut>[2025-09-12 12:51:08 INF] Starting Test Execution: POrchAPI_Other_Middleware_Responses_Do_Not_Retry:["[Response, ClosedAccountError]","[StatusCode, 409]"]
[2025-09-12 12:51:08 INF] Mocks are not ready after 1 / 5 attempt(s). Expected 3 mock(s) to be registered with the manager and got 0.
[2025-09-12 12:51:08 INF] Successfully created map FraudcheckMock_Authorize_dcbcbf7f-a706-43bf-9eaa-369fc34fdb58 for /api/v1/financial-transaction-fraud-checks
[2025-09-12 12:51:08 INF] Successfully created map MiddlewareSuccess_b6252c5f-cb08-4994-8e46-c7fec99a6711 for /initialisepaymentorder/basic
[2025-09-12 12:51:08 INF] Successfully created map MiddlewareFailure_ClosedAccountError_a3cc21a5-d615-42d4-a02a-2d89cf4f3efd_1 for /initialisepaymentorder/basic
[2025-09-12 12:51:09 INF] Response has PaymentId: f53b2e7d-eb6c-4ede-b970-bbcb3092959a
[2025-09-12 12:51:09 INF] Finished Test Execution: POrchAPI_Other_Middleware_Responses_Do_Not_Retry
[2025-09-12 12:51:09 INF] ---------------------------------------------------



TestContext Messages:
Given a POrch PaymentRequest is created
-&gt; done: POrchAPIStepDefinitions.GivenAPOrchPaymentRequestIsCreated() (0.0s)
And the credit Account is 389300099302202
-&gt; done: POrchAPIStepDefinitions.WhenTheCreditAccountIs("389300099302202") (0.0s)
And FraudCheck Response is Authorize
-&gt; done: POrchAPIStepDefinitions.SetFraudCheckResponse("Authorize") (0.0s)
And the Middleware responses will be ClosedAccountError then 201
-&gt; done: POrchAPIStepDefinitions.GivenTheMiddlewareResponsesWillBe("ClosedAccountError") (0.0s)
When POrch Payment API is called
-&gt; done: POrchAPIStepDefinitions.WhenPOrchAPIIsCalled("Payment") (1.1s)
Then the request should return status code 409
-&gt; done: POrchAPIStepDefinitions.ThenTheRequestShouldReturnStatusCode(409) (0.0s)</StdOut>
      </Output>
    </UnitTestResult>
    <UnitTestResult executionId="c4582c02-b51d-4ac5-b1b8-968a26ff91ad" testId="67da564e-6940-64cf-631a-afe062bb1f5c" testName="POrchAPI_Various_Amounts_Return_Success_When_Below_Max (0.01,,)" computerName="ip-10-130-163-171" duration="00:00:01.0896889" startTime="2025-09-12T12:49:34.3338936+12:00" endTime="2025-09-12T12:49:35.4239242+12:00" testType="13cdc9d9-ddb5-4fa4-a97d-d965ccfc6d4b" outcome="Passed" testListId="8c84fa94-04c1-424b-9868-57a2d4851a1d" relativeResultsDirectory="c4582c02-b51d-4ac5-b1b8-968a26ff91ad">
      <Output>
        <StdOut>[2025-09-12 12:49:34 INF] Starting Test Execution: POrchAPI_Various_Amounts_Return_Success_When_Below_Max:["[Amount, 0.01]"]
[2025-09-12 12:49:34 INF] Mocks are not ready after 1 / 5 attempt(s). Expected 2 mock(s) to be registered with the manager and got 0.
[2025-09-12 12:49:34 INF] Successfully created map FraudcheckMock_Authorize_a06c5309-2359-42f8-afec-91591de9b3b4 for /api/v1/financial-transaction-fraud-checks
[2025-09-12 12:49:34 INF] Successfully created map MiddlewareMock_Success_eb2ec91b-0ee5-418a-8901-393dced958fb for /initialisepaymentorder/basic
[2025-09-12 12:49:35 INF] Response has PaymentId: de9be87b-10d9-48a9-92d0-a784eaf6ddcc
[2025-09-12 12:49:35 INF] Finished Test Execution: POrchAPI_Various_Amounts_Return_Success_When_Below_Max
[2025-09-12 12:49:35 INF] ---------------------------------------------------



TestContext Messages:
Given a POrch PaymentRequest is created
-&gt; done: POrchAPIStepDefinitions.GivenAPOrchPaymentRequestIsCreated() (0.0s)
And the Payment Amount Field is 0.01
-&gt; done: POrchAPIStepDefinitions.WhenTheAcountFieldIs("Payment", "0.01") (0.0s)
And FraudCheck Response is Authorize
-&gt; done: POrchAPIStepDefinitions.SetFraudCheckResponse("Authorize") (0.0s)
And MiddleWare Response is Success
-&gt; done: POrchAPIStepDefinitions.SetMiddlewareResponse("Success") (0.0s)
When POrch Payment API is called
-&gt; done: POrchAPIStepDefinitions.WhenPOrchAPIIsCalled("Payment") (1.1s)
Then the request should return status code 201
-&gt; done: POrchAPIStepDefinitions.ThenTheRequestShouldReturnStatusCode(201) (0.0s)</StdOut>
      </Output>
    </UnitTestResult>
    <UnitTestResult executionId="b54b40bf-5731-43ac-8ed7-7fd8a90d17ed" testId="1eba9d5f-108c-2454-5cfd-d38f970f6020" testName="POrchAPI_Invalid_Debtor_Reference_Return_Error (abcdefghijklmnsey,400,)" computerName="ip-10-130-163-171" duration="00:00:00.0101723" startTime="2025-09-12T12:50:37.9401697+12:00" endTime="2025-09-12T12:50:37.9505186+12:00" testType="13cdc9d9-ddb5-4fa4-a97d-d965ccfc6d4b" outcome="Passed" testListId="8c84fa94-04c1-424b-9868-57a2d4851a1d" relativeResultsDirectory="b54b40bf-5731-43ac-8ed7-7fd8a90d17ed">
      <Output>
        <StdOut>[2025-09-12 12:50:37 INF] Starting Test Execution: POrchAPI_Invalid_Debtor_Reference_Return_Error:["[DebtorReferenceValue, abcdefghijklmnsey]","[StatusCode, 400]"]
[2025-09-12 12:50:37 INF] Finished Test Execution: POrchAPI_Invalid_Debtor_Reference_Return_Error
[2025-09-12 12:50:37 INF] ---------------------------------------------------



TestContext Messages:
Given a POrch PaymentRequest is created
-&gt; done: POrchAPIStepDefinitions.GivenAPOrchPaymentRequestIsCreated() (0.0s)
And the Payment Debtor Reference is abcdefghijklmnsey
-&gt; done: POrchAPIStepDefinitions.WhenTheDebtorReferenceIs("Payment", "abcdefghijklmnsey") (0.0s)
When POrch Payment API is called
-&gt; done: POrchAPIStepDefinitions.WhenPOrchAPIIsCalled("Payment") (0.0s)
Then the request should return status code 400
-&gt; done: POrchAPIStepDefinitions.ThenTheRequestShouldReturnStatusCode(400) (0.0s)</StdOut>
      </Output>
    </UnitTestResult>
    <UnitTestResult executionId="e2364aa7-e6b4-4d3f-8d3a-1a6ba96512dd" testId="aea9dbb7-f7b6-b4e5-e721-553a69502aed" testName="POrchAPI_Transfer_Invalid_Currency_Return_Error (AUD,400,)" computerName="ip-10-130-163-171" duration="00:00:00.0087344" startTime="2025-09-12T12:52:13.4908986+12:00" endTime="2025-09-12T12:52:13.4997468+12:00" testType="13cdc9d9-ddb5-4fa4-a97d-d965ccfc6d4b" outcome="Passed" testListId="8c84fa94-04c1-424b-9868-57a2d4851a1d" relativeResultsDirectory="e2364aa7-e6b4-4d3f-8d3a-1a6ba96512dd">
      <Output>
        <StdOut>[2025-09-12 12:52:13 INF] Starting Test Execution: POrchAPI_Transfer_Invalid_Currency_Return_Error:["[CurrencyValue, AUD]","[StatusCode, 400]"]
[2025-09-12 12:52:13 INF] Finished Test Execution: POrchAPI_Transfer_Invalid_Currency_Return_Error
[2025-09-12 12:52:13 INF] ---------------------------------------------------



TestContext Messages:
Given a POrch TransferRequest is created
-&gt; done: POrchAPIStepDefinitions.GivenAPOrchTransferRequestIsCreated() (0.0s)
And the Transfer Currency Field is AUD
-&gt; done: POrchAPIStepDefinitions.WhenTheCurrencyFieldIs("Transfer", "AUD") (0.0s)
When POrch Transfer API is called
-&gt; done: POrchAPIStepDefinitions.WhenPOrchAPIIsCalled("Transfer") (0.0s)
Then the request should return status code 400
-&gt; done: POrchAPIStepDefinitions.ThenTheRequestShouldReturnStatusCode(400) (0.0s)</StdOut>
      </Output>
    </UnitTestResult>
    <UnitTestResult executionId="a0ef98b9-2f30-4745-8619-c08f556d0e61" testId="65bae37c-f475-9189-ca2c-8a760a3f92ff" testName="POrchAPI_Transfer_Invalid_Access_Number_Field_Return_Error (testValue,400,)" computerName="ip-10-130-163-171" duration="00:00:00.0108771" startTime="2025-09-12T12:52:13.4798685+12:00" endTime="2025-09-12T12:52:13.4908607+12:00" testType="13cdc9d9-ddb5-4fa4-a97d-d965ccfc6d4b" outcome="Passed" testListId="8c84fa94-04c1-424b-9868-57a2d4851a1d" relativeResultsDirectory="a0ef98b9-2f30-4745-8619-c08f556d0e61">
      <Output>
        <StdOut>[2025-09-12 12:52:13 INF] Starting Test Execution: POrchAPI_Transfer_Invalid_Access_Number_Field_Return_Error:["[AccessNumberValue, testValue]","[StatusCode, 400]"]
[2025-09-12 12:52:13 INF] Finished Test Execution: POrchAPI_Transfer_Invalid_Access_Number_Field_Return_Error
[2025-09-12 12:52:13 INF] ---------------------------------------------------



TestContext Messages:
Given a POrch TransferRequest is created
-&gt; done: POrchAPIStepDefinitions.GivenAPOrchTransferRequestIsCreated() (0.0s)
And the Transfer Access Number Field is testValue
-&gt; done: POrchAPIStepDefinitions.WhenTheAccessNumberFieldIs("Transfer", "testValue") (0.0s)
When POrch Transfer API is called
-&gt; done: POrchAPIStepDefinitions.WhenPOrchAPIIsCalled("Transfer") (0.0s)
Then the request should return status code 400
-&gt; done: POrchAPIStepDefinitions.ThenTheRequestShouldReturnStatusCode(400) (0.0s)</StdOut>
      </Output>
    </UnitTestResult>
    <UnitTestResult executionId="85ac2e39-23fc-43b0-bc81-7e11d8fb8fc9" testId="e03ebe14-51b2-e036-9a55-b41a897e8ee7" testName="POrchAPI_Transfer_Invalid_Debtor_Code_Return_Error (abcdefghijklmnsey,400,)" computerName="ip-10-130-163-171" duration="00:00:00.0136414" startTime="2025-09-12T12:52:13.6302396+12:00" endTime="2025-09-12T12:52:13.6439746+12:00" testType="13cdc9d9-ddb5-4fa4-a97d-d965ccfc6d4b" outcome="Passed" testListId="8c84fa94-04c1-424b-9868-57a2d4851a1d" relativeResultsDirectory="85ac2e39-23fc-43b0-bc81-7e11d8fb8fc9">
      <Output>
        <StdOut>[2025-09-12 12:52:13 INF] Starting Test Execution: POrchAPI_Transfer_Invalid_Debtor_Code_Return_Error:["[DebtorCodeValue, abcdefghijklmnsey]","[StatusCode, 400]"]
[2025-09-12 12:52:13 INF] Finished Test Execution: POrchAPI_Transfer_Invalid_Debtor_Code_Return_Error
[2025-09-12 12:52:13 INF] ---------------------------------------------------



TestContext Messages:
Given a POrch TransferRequest is created
-&gt; done: POrchAPIStepDefinitions.GivenAPOrchTransferRequestIsCreated() (0.0s)
And the Transfer Debtor Code is abcdefghijklmnsey
-&gt; done: POrchAPIStepDefinitions.WhenTheDebtorCodeIs("Transfer", "abcdefghijklmnsey") (0.0s)
When POrch Transfer API is called
-&gt; done: POrchAPIStepDefinitions.WhenPOrchAPIIsCalled("Transfer") (0.0s)
Then the request should return status code 400
-&gt; done: POrchAPIStepDefinitions.ThenTheRequestShouldReturnStatusCode(400) (0.0s)</StdOut>
      </Output>
    </UnitTestResult>
    <UnitTestResult executionId="14757bd9-9067-4c63-a79f-f3724b2eb15a" testId="06b9dd46-92f8-7409-e110-7dc0c68ab5fd" testName="POrchAPI_Other_Middleware_Responses_Do_Not_Retry (InvalidBankBranchNumberError,409,)" computerName="ip-10-130-163-171" duration="00:00:01.0810005" startTime="2025-09-12T12:51:10.8326022+12:00" endTime="2025-09-12T12:51:11.9137851+12:00" testType="13cdc9d9-ddb5-4fa4-a97d-d965ccfc6d4b" outcome="Passed" testListId="8c84fa94-04c1-424b-9868-57a2d4851a1d" relativeResultsDirectory="14757bd9-9067-4c63-a79f-f3724b2eb15a">
      <Output>
        <StdOut>[2025-09-12 12:51:10 INF] Starting Test Execution: POrchAPI_Other_Middleware_Responses_Do_Not_Retry:["[Response, InvalidBankBranchNumberError]","[StatusCode, 409]"]
[2025-09-12 12:51:10 INF] Successfully created map FraudcheckMock_Authorize_3cea3d4e-5d9c-4b40-a35a-d3ec86caf7a2 for /api/v1/financial-transaction-fraud-checks
[2025-09-12 12:51:10 INF] Mocks are not ready after 1 / 5 attempt(s). Expected 3 mock(s) to be registered with the manager and got 1.
[2025-09-12 12:51:10 INF] Successfully created map MiddlewareFailure_InvalidBankBranchNumberError_0fed2246-0182-49f0-b84a-c01827843eb7_1 for /initialisepaymentorder/basic
[2025-09-12 12:51:10 INF] Successfully created map MiddlewareSuccess_434d95be-bac8-486c-963e-ffdf246bbbd7 for /initialisepaymentorder/basic
[2025-09-12 12:51:11 INF] Response has PaymentId: b01a1893-5cd7-4b9f-8dd5-689d2f317dcf
[2025-09-12 12:51:11 INF] Finished Test Execution: POrchAPI_Other_Middleware_Responses_Do_Not_Retry
[2025-09-12 12:51:11 INF] ---------------------------------------------------



TestContext Messages:
Given a POrch PaymentRequest is created
-&gt; done: POrchAPIStepDefinitions.GivenAPOrchPaymentRequestIsCreated() (0.0s)
And the credit Account is 389300099302202
-&gt; done: POrchAPIStepDefinitions.WhenTheCreditAccountIs("389300099302202") (0.0s)
And FraudCheck Response is Authorize
-&gt; done: POrchAPIStepDefinitions.SetFraudCheckResponse("Authorize") (0.0s)
And the Middleware responses will be InvalidBankBranchNumberError then 201
-&gt; done: POrchAPIStepDefinitions.GivenTheMiddlewareResponsesWillBe("InvalidBankBranch...") (0.0s)
When POrch Payment API is called
-&gt; done: POrchAPIStepDefinitions.WhenPOrchAPIIsCalled("Payment") (1.1s)
Then the request should return status code 409
-&gt; done: POrchAPIStepDefinitions.ThenTheRequestShouldReturnStatusCode(409) (0.0s)</StdOut>
      </Output>
    </UnitTestResult>
    <UnitTestResult executionId="57bfdedd-1344-44d8-bf3e-79344a31ea65" testId="cc6e8de5-37e2-ebc2-e199-323c623a3e71" testName="POrchAPI_Negative_FraudCheck_Response_Frozen_Middleware_409 (Refer,409,)" computerName="ip-10-130-163-171" duration="00:00:01.0760149" startTime="2025-09-12T12:50:11.1785243+12:00" endTime="2025-09-12T12:50:12.2547363+12:00" testType="13cdc9d9-ddb5-4fa4-a97d-d965ccfc6d4b" outcome="Passed" testListId="8c84fa94-04c1-424b-9868-57a2d4851a1d" relativeResultsDirectory="57bfdedd-1344-44d8-bf3e-79344a31ea65">
      <Output>
        <StdOut>[2025-09-12 12:50:11 INF] Starting Test Execution: POrchAPI_Negative_FraudCheck_Response_Frozen_Middleware_409:["[Result, Refer]","[StatusCode, 409]"]
[2025-09-12 12:50:11 INF] Successfully created map FraudcheckMock_Refer_3a2f4fcd-b061-4191-8752-2053ec7f1974 for /api/v1/financial-transaction-fraud-checks
[2025-09-12 12:50:11 INF] Successfully created map MiddlewareMock_FrozenError_0c8cce0b-cd17-4158-8bce-f60a565a3731 for /initialisepaymentorder/basic
[2025-09-12 12:50:11 INF] Mocks are not ready after 1 / 5 attempt(s). Expected 3 mock(s) to be registered with the manager and got 2.
[2025-09-12 12:50:11 INF] Successfully created map PartyActivityServiceMock_Created_65729f65-6d37-4848-81f1-5c3db30c9e8c for /v2/activities
[2025-09-12 12:50:12 INF] Response has PaymentId: 8d172307-8d55-41d9-9af4-582e405ab0d5
[2025-09-12 12:50:12 INF] Finished Test Execution: POrchAPI_Negative_FraudCheck_Response_Frozen_Middleware_409
[2025-09-12 12:50:12 INF] ---------------------------------------------------



TestContext Messages:
Given a POrch PaymentRequest is created
-&gt; done: POrchAPIStepDefinitions.GivenAPOrchPaymentRequestIsCreated() (0.0s)
And FraudCheck Response is Refer
-&gt; done: POrchAPIStepDefinitions.SetFraudCheckResponse("Refer") (0.0s)
And MiddleWare Response is FrozenError
-&gt; done: POrchAPIStepDefinitions.SetMiddlewareResponse("FrozenError") (0.0s)
And the PAS response is Created
-&gt; done: POrchAPIStepDefinitions.ThePasResponseIs("Created") (0.0s)
When POrch Payment API is called
-&gt; done: POrchAPIStepDefinitions.WhenPOrchAPIIsCalled("Payment") (1.1s)
Then the request should return status code 409
-&gt; done: POrchAPIStepDefinitions.ThenTheRequestShouldReturnStatusCode(409) (0.0s)</StdOut>
      </Output>
    </UnitTestResult>
    <UnitTestResult executionId="fddb0c2f-2322-4b4e-9a0b-5fec7d9852d4" testId="9b93787a-b09d-885f-e62d-26302a9764e3" testName="POrchAPI_TMVToUltracs_Negative_MiddleWare_Response_409 (InsufficientFundsError,409,)" computerName="ip-10-130-163-171" duration="00:00:01.0934657" startTime="2025-09-12T12:51:47.7286418+12:00" endTime="2025-09-12T12:51:48.8222455+12:00" testType="13cdc9d9-ddb5-4fa4-a97d-d965ccfc6d4b" outcome="Passed" testListId="8c84fa94-04c1-424b-9868-57a2d4851a1d" relativeResultsDirectory="fddb0c2f-2322-4b4e-9a0b-5fec7d9852d4">
      <Output>
        <StdOut>[2025-09-12 12:51:47 INF] Starting Test Execution: POrchAPI_TMVToUltracs_Negative_MiddleWare_Response_409:["[Result, InsufficientFundsError]","[StatusCode, 409]"]
[2025-09-12 12:51:47 INF] Mocks are not ready after 1 / 5 attempt(s). Expected 1 mock(s) to be registered with the manager and got 0.
[2025-09-12 12:51:47 INF] Successfully created map AdpsMock_InsufficientFundsError_60341494-7cac-4f7e-be23-e7073278fc06 for /api/v1/payment-instruction/domestic/immediate
[2025-09-12 12:51:48 INF] Response has PaymentId: a0d5aa67-7a44-4da3-b1fa-3444eaa54381
[2025-09-12 12:51:48 INF] Finished Test Execution: POrchAPI_TMVToUltracs_Negative_MiddleWare_Response_409
[2025-09-12 12:51:48 INF] ---------------------------------------------------



TestContext Messages:
Given a TMV to Ultracs POrch TransferRequest is created
-&gt; done: POrchAPIStepDefinitions.ConditionalPOrchTransferRequestIsCreated("TMV", "Ultracs") (0.0s)
And ADPS Response is InsufficientFundsError
-&gt; done: POrchAPIStepDefinitions.SetAdpsResponse("InsufficientFunds...") (0.0s)
When POrch Transfer API is called
-&gt; done: POrchAPIStepDefinitions.WhenPOrchAPIIsCalled("Transfer") (1.1s)
Then the request should return status code 409
-&gt; done: POrchAPIStepDefinitions.ThenTheRequestShouldReturnStatusCode(409) (0.0s)</StdOut>
      </Output>
    </UnitTestResult>
    <UnitTestResult executionId="e766d23e-6e05-47d9-87b3-357f62a5ab9e" testId="0f49765d-7714-2e01-cacb-5bcb003533f7" testName="POrchAPI_Other_Fraud_Responses_Do_Not_Retry (Refer,409,)" computerName="ip-10-130-163-171" duration="00:00:00.0107600" startTime="2025-09-12T12:51:01.0367429+12:00" endTime="2025-09-12T12:51:01.0476552+12:00" testType="13cdc9d9-ddb5-4fa4-a97d-d965ccfc6d4b" outcome="Passed" testListId="8c84fa94-04c1-424b-9868-57a2d4851a1d" relativeResultsDirectory="e766d23e-6e05-47d9-87b3-357f62a5ab9e">
      <Output>
        <StdOut>[2025-09-12 12:51:01 INF] Starting Test Execution: POrchAPI_Other_Fraud_Responses_Do_Not_Retry:["[Result, Refer]","[StatusCode, 409]"]
[2025-09-12 12:51:01 INF] Finished Test Execution: POrchAPI_Other_Fraud_Responses_Do_Not_Retry
[2025-09-12 12:51:01 INF] ---------------------------------------------------
[2025-09-12 12:51:01 INF] Successfully created map FraudErrorResponse_Refer_a51602c4-0618-43ed-b9f1-d855c61a5dbf_1 for /api/v1/financial-transaction-fraud-checks
[2025-09-12 12:51:01 INF] Successfully created map PartyActivityServiceMock_Created_23dd8280-ab5e-4f57-8bcf-f1ca139fa41b for /v2/activities
[2025-09-12 12:51:01 INF] Successfully created map FraudSuccess_22a57e4e-c5e4-4751-891e-0b01355fc502 for /api/v1/financial-transaction-fraud-checks
[2025-09-12 12:51:01 INF] Successfully created map MiddlewareMock_FrozenError_b399d3d0-dbfe-420e-8fca-33d8069eafb5 for /initialisepaymentorder/basic



TestContext Messages:
Given a POrch PaymentRequest is created
-&gt; done: POrchAPIStepDefinitions.GivenAPOrchPaymentRequestIsCreated() (0.0s)
And the Fraudcheck mock response will return Refer then 200
-&gt; done: POrchAPIStepDefinitions.GivenTheFraudcheckMockResponseWillReturnThen("Refer") (0.0s)
And MiddleWare Response is FrozenError
-&gt; done: POrchAPIStepDefinitions.SetMiddlewareResponse("FrozenError") (0.0s)
And the PAS response is Created
-&gt; done: POrchAPIStepDefinitions.ThePasResponseIs("Created") (0.0s)</StdOut>
      </Output>
    </UnitTestResult>
    <UnitTestResult executionId="24df00f6-b615-49b2-a465-12761e72dde0" testId="f77da77f-ccab-db1f-b601-b20ad8accc1c" testName="POrchAPI_Invalid_Debtor_Particulars_Return_Error (\,400,)" computerName="ip-10-130-163-171" duration="00:00:00.0083572" startTime="2025-09-12T12:50:37.7965091+12:00" endTime="2025-09-12T12:50:37.8050238+12:00" testType="13cdc9d9-ddb5-4fa4-a97d-d965ccfc6d4b" outcome="Passed" testListId="8c84fa94-04c1-424b-9868-57a2d4851a1d" relativeResultsDirectory="24df00f6-b615-49b2-a465-12761e72dde0">
      <Output>
        <StdOut>[2025-09-12 12:50:37 INF] Starting Test Execution: POrchAPI_Invalid_Debtor_Particulars_Return_Error:["[PayerParticularsValue, \\]","[StatusCode, 400]"]
[2025-09-12 12:50:37 INF] Finished Test Execution: POrchAPI_Invalid_Debtor_Particulars_Return_Error
[2025-09-12 12:50:37 INF] ---------------------------------------------------



TestContext Messages:
Given a POrch PaymentRequest is created
-&gt; done: POrchAPIStepDefinitions.GivenAPOrchPaymentRequestIsCreated() (0.0s)
And the Payment Debtor particulars is \
-&gt; done: POrchAPIStepDefinitions.WhenTheDebtorParticularsIs("Payment", "\") (0.0s)
When POrch Payment API is called
-&gt; done: POrchAPIStepDefinitions.WhenPOrchAPIIsCalled("Payment") (0.0s)
Then the request should return status code 400
-&gt; done: POrchAPIStepDefinitions.ThenTheRequestShouldReturnStatusCode(400) (0.0s)</StdOut>
      </Output>
    </UnitTestResult>
    <UnitTestResult executionId="f3e60dcb-8db8-4012-8cdc-4439b75c7071" testId="99c8a6bf-0fcb-9ae5-1df7-fe0771c61c89" testName="POrchNRT_UnknownError_Response_From_POrch_Unsuccessful_From_NRT (PaymentNrtForbidden,,)" computerName="ip-10-130-163-171" duration="00:00:00.0646067" startTime="2025-09-12T12:50:39.6287471+12:00" endTime="2025-09-12T12:50:39.6939369+12:00" testType="13cdc9d9-ddb5-4fa4-a97d-d965ccfc6d4b" outcome="Passed" testListId="8c84fa94-04c1-424b-9868-57a2d4851a1d" relativeResultsDirectory="f3e60dcb-8db8-4012-8cdc-4439b75c7071">
      <Output>
        <StdOut>[2025-09-12 12:50:39 INF] Starting Test Execution: POrchNRT_UnknownError_Response_From_POrch_Unsuccessful_From_NRT:["[result, PaymentNrtForbidden]"]
[2025-09-12 12:50:39 INF] Executed DbCommand (1ms) [Parameters=[], CommandType='Text', CommandTimeout='30']
SELECT n.id, n.attempts, n.created_at, n.payment_id, n.status, n.updated_at
FROM net.nrt_outbox AS n
WHERE n.attempts &gt;= 0
[2025-09-12 12:50:39 INF] Executed DbCommand (1ms) [Parameters=[@p0='?' (DbType = Guid)], CommandType='Text', CommandTimeout='30']
DELETE FROM net.nrt_outbox
WHERE id = @p0;
[2025-09-12 12:50:39 INF] Executed DbCommand (1ms) [Parameters=[@p0='?' (DbType = Guid), @p1='?', @p2='?' (DbType = Decimal), @p3='?' (DbType = DateTime), @p4='?', @p5='?', @p6='?', @p7='?', @p8='?' (DbType = Object), @p9='?' (DbType = Object), @p10='?', @p11='?', @p12='?', @p13='?', @p14='?' (DbType = Object), @p15='?' (DbType = Object), @p16='?' (DbType = Object), @p17='?' (DbType = DateTime), @p18='?' (DbType = Object), @p19='?' (DbType = DateTime), @p20='?' (DbType = Guid), @p21='?' (DbType = Int32), @p22='?' (DbType = DateTime), @p23='?' (DbType = Guid), @p24='?' (DbType = Object), @p25='?' (DbType = DateTime)], CommandType='Text', CommandTimeout='30']
INSERT INTO net.payment (id, access_number, amount, created_at, creditor_account_code, creditor_account_number, creditor_account_particulars, creditor_account_reference, creditor_account_source, currency, debtor_account_code, debtor_account_number, debtor_account_particulars, debtor_account_reference, debtor_account_source, fraud_check_disposition, payment_type, processed_at, status, updated_at)
VALUES (@p0, @p1, @p2, @p3, @p4, @p5, @p6, @p7, @p8, @p9, @p10, @p11, @p12, @p13, @p14, @p15, @p16, @p17, @p18, @p19);
INSERT INTO net.nrt_outbox (id, attempts, created_at, payment_id, status, updated_at)
VALUES (@p20, @p21, @p22, @p23, @p24, @p25);
[2025-09-12 12:50:39 INF] Successfully created map FraudCheckNRTMock_PaymentNrtForbidden_c7328b27-6ba5-4b65-bd2e-f56f8ac4aeb6 for /api/v1/financial-transaction-fraud-checks/d1783aa6-8baa-4762-a11c-f5fc2563398f
[2025-09-12 12:50:39 INF] Executed DbCommand (1ms) [Parameters=[@__p_0='?' (DbType = Guid)], CommandType='Text', CommandTimeout='30']
SELECT n.id, n.attempts, n.created_at, n.payment_id, n.status, n.updated_at
FROM net.nrt_outbox AS n
WHERE n.id = @__p_0
LIMIT 1
[2025-09-12 12:50:39 INF] Finished Test Execution: POrchNRT_UnknownError_Response_From_POrch_Unsuccessful_From_NRT
[2025-09-12 12:50:39 INF] ---------------------------------------------------



TestContext Messages:
Given The NRT table is clean
-&gt; done: POrchAPIStepDefinitions.GivenTheNrtTableIsClean() (0.0s)
And there is an NRT entry with payment Unknown to process
-&gt; done: POrchAPIStepDefinitions.GivenThereIsAnNrtEntryToProcess("Unknown") (0.0s)
And the NRT entry should be processed with PaymentNrtForbidden
-&gt; done: POrchAPIStepDefinitions.GivenTheNrtEntryShouldBeProcessedWithUnsuccessfulResult("PaymentNrtForbidden") (0.0s)
When the NRT Processor Has Run for at most 1 entry
-&gt; done: POrchAPIStepDefinitions.WhenTheNrtProcessorHasRunForAtMostXEntry(1) (0.1s)
Then the NRT entry has status NotSent
-&gt; done: POrchAPIStepDefinitions.ThenTheNrtEntryHasStatus("NotSent") (0.0s)</StdOut>
      </Output>
    </UnitTestResult>
    <UnitTestResult executionId="e8cd09a1-8483-4b8e-99b2-b1b78242f777" testId="bfac94ad-c6ba-d365-29bc-e5cd11571be9" testName="POrchAPI_Middleware_Retries_Correctly (500,201,)" computerName="ip-10-130-163-171" duration="00:00:01.0978190" startTime="2025-09-12T12:51:02.2990873+12:00" endTime="2025-09-12T12:51:03.3970518+12:00" testType="13cdc9d9-ddb5-4fa4-a97d-d965ccfc6d4b" outcome="Passed" testListId="8c84fa94-04c1-424b-9868-57a2d4851a1d" relativeResultsDirectory="e8cd09a1-8483-4b8e-99b2-b1b78242f777">
      <Output>
        <StdOut>[2025-09-12 12:51:02 INF] Starting Test Execution: POrchAPI_Middleware_Retries_Correctly:["[ErrorCode, 500]","[ResponseCode, 201]"]
[2025-09-12 12:51:02 INF] Mocks are not ready after 1 / 5 attempt(s). Expected 3 mock(s) to be registered with the manager and got 0.
[2025-09-12 12:51:02 INF] Successfully created map FraudcheckMock_Authorize_c9130309-a1fe-4c82-8320-53811a4b56b3 for /api/v1/financial-transaction-fraud-checks
[2025-09-12 12:51:02 INF] Successfully created map MiddlewareFailure_500_9867bab9-71c7-4419-979f-a0c73331d370_1 for /initialisepaymentorder/basic
[2025-09-12 12:51:02 INF] Successfully created map MiddlewareSuccess_d10db340-8f1c-47f0-b278-c4193de01ca8 for /initialisepaymentorder/basic
[2025-09-12 12:51:03 INF] Response has PaymentId: 97f61dd0-903b-4e55-8c34-ce879318f4f1
[2025-09-12 12:51:03 INF] Finished Test Execution: POrchAPI_Middleware_Retries_Correctly
[2025-09-12 12:51:03 INF] ---------------------------------------------------



TestContext Messages:
Given a POrch PaymentRequest is created
-&gt; done: POrchAPIStepDefinitions.GivenAPOrchPaymentRequestIsCreated() (0.0s)
And the credit Account is 389300099302202
-&gt; done: POrchAPIStepDefinitions.WhenTheCreditAccountIs("389300099302202") (0.0s)
And FraudCheck Response is Authorize
-&gt; done: POrchAPIStepDefinitions.SetFraudCheckResponse("Authorize") (0.0s)
And the Middleware responses will be 500 then 201
-&gt; done: POrchAPIStepDefinitions.GivenTheMiddlewareResponsesWillBe("500") (0.0s)
When POrch Payment API is called
-&gt; done: POrchAPIStepDefinitions.WhenPOrchAPIIsCalled("Payment") (1.1s)
Then the request should return status code 201
-&gt; done: POrchAPIStepDefinitions.ThenTheRequestShouldReturnStatusCode(201) (0.0s)</StdOut>
      </Output>
    </UnitTestResult>
    <UnitTestResult executionId="402c25e5-e473-41a6-b332-ec05c0bfec39" testId="966c9619-a79f-7ecc-eadf-07d8da635bb8" testName="POrchAPI_Transfer_Invalid_Debtor_Account_Source_Return_Error (TNV,400,'DebtorAccountSource' can only be Ultracs or TMV for transfers.,)" computerName="ip-10-130-163-171" duration="00:00:00.0128380" startTime="2025-09-12T12:52:13.7357909+12:00" endTime="2025-09-12T12:52:13.7487513+12:00" testType="13cdc9d9-ddb5-4fa4-a97d-d965ccfc6d4b" outcome="Passed" testListId="8c84fa94-04c1-424b-9868-57a2d4851a1d" relativeResultsDirectory="402c25e5-e473-41a6-b332-ec05c0bfec39">
      <Output>
        <StdOut>[2025-09-12 12:52:13 INF] Starting Test Execution: POrchAPI_Transfer_Invalid_Debtor_Account_Source_Return_Error:["[AccountSource, TNV]","[StatusCode, 400]","[ErrorMessage, 'DebtorAccountSource' can only be Ultracs or TMV for transfers.]"]
[2025-09-12 12:52:13 INF] Finished Test Execution: POrchAPI_Transfer_Invalid_Debtor_Account_Source_Return_Error
[2025-09-12 12:52:13 INF] ---------------------------------------------------



TestContext Messages:
Given a POrch TransferRequest is created
-&gt; done: POrchAPIStepDefinitions.GivenAPOrchTransferRequestIsCreated() (0.0s)
And the transfer Debtor Account Source is TNV
-&gt; done: POrchAPIStepDefinitions.GivenTheTransferDebtorAccountSourceIs("TNV") (0.0s)
When POrch Transfer API is called
-&gt; done: POrchAPIStepDefinitions.WhenPOrchAPIIsCalled("Transfer") (0.0s)
Then the request should return status code 400
-&gt; done: POrchAPIStepDefinitions.ThenTheRequestShouldReturnStatusCode(400) (0.0s)
And the error message should be 'DebtorAccountSource' can only be Ultracs or TMV for transfers.
-&gt; done: POrchAPIStepDefinitions.ThenTheErrorMessageShouldBeErrorMessage("'DebtorAccountSou...") (0.0s)</StdOut>
      </Output>
    </UnitTestResult>
    <UnitTestResult executionId="d28b6f18-6ad2-446a-995c-a3f18d5fb010" testId="567aecf6-8050-60d3-0df1-56b65b0170fd" testName="POrchNRT_Unsuccessful_Response_From_FraudCheck_Unsuccessful_From_NRT (PaymentNrtBadRequest,,)" computerName="ip-10-130-163-171" duration="00:00:00.0551770" startTime="2025-09-12T12:50:39.3555310+12:00" endTime="2025-09-12T12:50:39.4108882+12:00" testType="13cdc9d9-ddb5-4fa4-a97d-d965ccfc6d4b" outcome="Passed" testListId="8c84fa94-04c1-424b-9868-57a2d4851a1d" relativeResultsDirectory="d28b6f18-6ad2-446a-995c-a3f18d5fb010">
      <Output>
        <StdOut>[2025-09-12 12:50:39 INF] Starting Test Execution: POrchNRT_Unsuccessful_Response_From_FraudCheck_Unsuccessful_From_NRT:["[result, PaymentNrtBadRequest]"]
[2025-09-12 12:50:39 INF] Executed DbCommand (1ms) [Parameters=[], CommandType='Text', CommandTimeout='30']
SELECT n.id, n.attempts, n.created_at, n.payment_id, n.status, n.updated_at
FROM net.nrt_outbox AS n
WHERE n.attempts &gt;= 0
[2025-09-12 12:50:39 INF] Executed DbCommand (1ms) [Parameters=[@p0='?' (DbType = Guid)], CommandType='Text', CommandTimeout='30']
DELETE FROM net.nrt_outbox
WHERE id = @p0;
[2025-09-12 12:50:39 INF] Executed DbCommand (1ms) [Parameters=[@p0='?' (DbType = Guid), @p1='?', @p2='?' (DbType = Decimal), @p3='?' (DbType = DateTime), @p4='?', @p5='?', @p6='?', @p7='?', @p8='?' (DbType = Object), @p9='?' (DbType = Object), @p10='?', @p11='?', @p12='?', @p13='?', @p14='?' (DbType = Object), @p15='?' (DbType = Object), @p16='?' (DbType = Object), @p17='?' (DbType = DateTime), @p18='?' (DbType = Object), @p19='?' (DbType = DateTime), @p20='?' (DbType = Guid), @p21='?' (DbType = Int32), @p22='?' (DbType = DateTime), @p23='?' (DbType = Guid), @p24='?' (DbType = Object), @p25='?' (DbType = DateTime)], CommandType='Text', CommandTimeout='30']
INSERT INTO net.payment (id, access_number, amount, created_at, creditor_account_code, creditor_account_number, creditor_account_particulars, creditor_account_reference, creditor_account_source, currency, debtor_account_code, debtor_account_number, debtor_account_particulars, debtor_account_reference, debtor_account_source, fraud_check_disposition, payment_type, processed_at, status, updated_at)
VALUES (@p0, @p1, @p2, @p3, @p4, @p5, @p6, @p7, @p8, @p9, @p10, @p11, @p12, @p13, @p14, @p15, @p16, @p17, @p18, @p19);
INSERT INTO net.nrt_outbox (id, attempts, created_at, payment_id, status, updated_at)
VALUES (@p20, @p21, @p22, @p23, @p24, @p25);
[2025-09-12 12:50:39 INF] Successfully created map FraudCheckNRTMock_PaymentNrtBadRequest_04096df0-dc8a-4d0e-8414-818f3a27872d for /api/v1/financial-transaction-fraud-checks/dd9d24f5-8ac4-468b-ae86-6943d0b51269
[2025-09-12 12:50:39 INF] Executed DbCommand (1ms) [Parameters=[@__p_0='?' (DbType = Guid)], CommandType='Text', CommandTimeout='30']
SELECT n.id, n.attempts, n.created_at, n.payment_id, n.status, n.updated_at
FROM net.nrt_outbox AS n
WHERE n.id = @__p_0
LIMIT 1
[2025-09-12 12:50:39 INF] Finished Test Execution: POrchNRT_Unsuccessful_Response_From_FraudCheck_Unsuccessful_From_NRT
[2025-09-12 12:50:39 INF] ---------------------------------------------------



TestContext Messages:
Given The NRT table is clean
-&gt; done: POrchAPIStepDefinitions.GivenTheNrtTableIsClean() (0.0s)
And there is an NRT entry with payment FraudFailed to process
-&gt; done: POrchAPIStepDefinitions.GivenThereIsAnNrtEntryToProcess("FraudFailed") (0.0s)
And the NRT entry should be processed with PaymentNrtBadRequest
-&gt; done: POrchAPIStepDefinitions.GivenTheNrtEntryShouldBeProcessedWithUnsuccessfulResult("PaymentNrtBadRequest") (0.0s)
When the NRT Processor Has Run for at most 1 entry
-&gt; done: POrchAPIStepDefinitions.WhenTheNrtProcessorHasRunForAtMostXEntry(1) (0.0s)
Then the NRT entry has status NotSent
-&gt; done: POrchAPIStepDefinitions.ThenTheNrtEntryHasStatus("NotSent") (0.0s)</StdOut>
      </Output>
    </UnitTestResult>
    <UnitTestResult executionId="71901aa1-1904-4a59-9211-73b94d78d0b4" testId="6dffef42-0f67-d446-3f31-7148f50c92b8" testName="POrchAPI_TMVToUltracs_Valid_Creditor_Code_Return_Success (()+$*!;-/?:,201,)" computerName="ip-10-130-163-171" duration="00:00:01.0995651" startTime="2025-09-12T12:51:41.1707700+12:00" endTime="2025-09-12T12:51:42.2704986+12:00" testType="13cdc9d9-ddb5-4fa4-a97d-d965ccfc6d4b" outcome="Passed" testListId="8c84fa94-04c1-424b-9868-57a2d4851a1d" relativeResultsDirectory="71901aa1-1904-4a59-9211-73b94d78d0b4">
      <Output>
        <StdOut>[2025-09-12 12:51:41 INF] Starting Test Execution: POrchAPI_TMVToUltracs_Valid_Creditor_Code_Return_Success:["[CreditorCodeValue, ()+$*!;-/?:]","[StatusCode, 201]"]
[2025-09-12 12:51:41 INF] Mocks are not ready after 1 / 5 attempt(s). Expected 2 mock(s) to be registered with the manager and got 0.
[2025-09-12 12:51:41 INF] Successfully created map MiddlewareMock_Success_2ec36cac-272c-4c94-9b83-645de569d957 for /initialisepaymentorder/basic
[2025-09-12 12:51:41 INF] Successfully created map AdpsMock_Success_ad2f70df-afdb-4977-b0e6-a80d7a93b520 for /api/v1/payment-instruction/domestic/immediate
[2025-09-12 12:51:42 INF] Response has PaymentId: 4ccdbc06-7ffa-4e0c-94cf-6cbd3ce90c0d
[2025-09-12 12:51:42 INF] Finished Test Execution: POrchAPI_TMVToUltracs_Valid_Creditor_Code_Return_Success
[2025-09-12 12:51:42 INF] ---------------------------------------------------



TestContext Messages:
Given a TMV to Ultracs POrch TransferRequest is created
-&gt; done: POrchAPIStepDefinitions.ConditionalPOrchTransferRequestIsCreated("TMV", "Ultracs") (0.0s)
And the Transfer Creditor Code is ()+$*!;-/?:
-&gt; done: POrchAPIStepDefinitions.WhenTheCreditorCodeIs("Transfer", "()+$*!;-/?:") (0.0s)
And ADPS Response is Success
-&gt; done: POrchAPIStepDefinitions.SetAdpsResponse("Success") (0.0s)
And MiddleWare Response is Success
-&gt; done: POrchAPIStepDefinitions.SetMiddlewareResponse("Success") (0.0s)
When POrch Transfer API is called
-&gt; done: POrchAPIStepDefinitions.WhenPOrchAPIIsCalled("Transfer") (1.1s)
Then the request should return status code 201
-&gt; done: POrchAPIStepDefinitions.ThenTheRequestShouldReturnStatusCode(201) (0.0s)</StdOut>
      </Output>
    </UnitTestResult>
    <UnitTestResult executionId="f3e0bb90-9e9a-4a7c-b802-b42e6ce3694e" testId="e050b393-98d3-94ce-7c71-c1e2257cc835" testName="POrchAPI_Invalid_Credit_Account_Return_Error (38231234562856345,400,)" computerName="ip-10-130-163-171" duration="00:00:00.0077753" startTime="2025-09-12T12:50:37.7654932+12:00" endTime="2025-09-12T12:50:37.7734136+12:00" testType="13cdc9d9-ddb5-4fa4-a97d-d965ccfc6d4b" outcome="Passed" testListId="8c84fa94-04c1-424b-9868-57a2d4851a1d" relativeResultsDirectory="f3e0bb90-9e9a-4a7c-b802-b42e6ce3694e">
      <Output>
        <StdOut>[2025-09-12 12:50:37 INF] Starting Test Execution: POrchAPI_Invalid_Credit_Account_Return_Error:["[CreditAccounValue, 38231234562856345]","[StatusCode, 400]"]
[2025-09-12 12:50:37 INF] Finished Test Execution: POrchAPI_Invalid_Credit_Account_Return_Error
[2025-09-12 12:50:37 INF] ---------------------------------------------------



TestContext Messages:
Given a POrch PaymentRequest is created
-&gt; done: POrchAPIStepDefinitions.GivenAPOrchPaymentRequestIsCreated() (0.0s)
And the Payment Credit Account field is &lt;CreditAccountValue&gt;
-&gt; done: POrchAPIStepDefinitions.WhenTheCreditAccountFieldIs("Payment", "&lt;CreditAccountValue&gt;") (0.0s)
When POrch Payment API is called
-&gt; done: POrchAPIStepDefinitions.WhenPOrchAPIIsCalled("Payment") (0.0s)
Then the request should return status code 400
-&gt; done: POrchAPIStepDefinitions.ThenTheRequestShouldReturnStatusCode(400) (0.0s)</StdOut>
      </Output>
    </UnitTestResult>
    <UnitTestResult executionId="bbddca6d-ef60-4302-b727-ce7225e04da2" testId="f6d0521c-fa56-8a50-37b1-66020c9096c5" testName="POrchAPI_TMVToTMV_Valid_Debtor_Reference_Return_Success (()+$*!;-/?:,201,)" computerName="ip-10-130-163-171" duration="00:00:01.0683899" startTime="2025-09-12T12:51:31.3603029+12:00" endTime="2025-09-12T12:51:32.4288808+12:00" testType="13cdc9d9-ddb5-4fa4-a97d-d965ccfc6d4b" outcome="Passed" testListId="8c84fa94-04c1-424b-9868-57a2d4851a1d" relativeResultsDirectory="bbddca6d-ef60-4302-b727-ce7225e04da2">
      <Output>
        <StdOut>[2025-09-12 12:51:31 INF] Starting Test Execution: POrchAPI_TMVToTMV_Valid_Debtor_Reference_Return_Success:["[DebtorReferenceValue, ()+$*!;-/?:]","[StatusCode, 201]"]
[2025-09-12 12:51:31 INF] Mocks are not ready after 1 / 5 attempt(s). Expected 1 mock(s) to be registered with the manager and got 0.
[2025-09-12 12:51:31 INF] Successfully created map AdpsMock_Success_b04b2094-3567-4791-9efa-f462ccbdef71 for /api/v1/payment-instruction/domestic/immediate
[2025-09-12 12:51:32 INF] Response has PaymentId: 49c518bf-c2b2-4137-b1ea-bf0f115a5045
[2025-09-12 12:51:32 INF] Finished Test Execution: POrchAPI_TMVToTMV_Valid_Debtor_Reference_Return_Success
[2025-09-12 12:51:32 INF] ---------------------------------------------------



TestContext Messages:
Given a TMV to TMV POrch TransferRequest is created
-&gt; done: POrchAPIStepDefinitions.ConditionalPOrchTransferRequestIsCreated("TMV", "TMV") (0.0s)
And the Transfer Debtor Reference is ()+$*!;-/?:
-&gt; done: POrchAPIStepDefinitions.WhenTheDebtorReferenceIs("Transfer", "()+$*!;-/?:") (0.0s)
And ADPS Response is Success
-&gt; done: POrchAPIStepDefinitions.SetAdpsResponse("Success") (0.0s)
When POrch Transfer API is called
-&gt; done: POrchAPIStepDefinitions.WhenPOrchAPIIsCalled("Transfer") (1.1s)
Then the request should return status code 201
-&gt; done: POrchAPIStepDefinitions.ThenTheRequestShouldReturnStatusCode(201) (0.0s)</StdOut>
      </Output>
    </UnitTestResult>
    <UnitTestResult executionId="a1bda1a3-c45c-4aec-9a4e-03d694f9d093" testId="5e0f1cfa-75f6-24c9-04dc-0016c4d99c0e" testName="POrchAPI_Idempotency_Multiple_Identical_Requests_Gives_409" computerName="ip-10-130-163-171" duration="00:00:01.5784826" startTime="2025-09-12T12:50:28.4281911+12:00" endTime="2025-09-12T12:50:30.0068700+12:00" testType="13cdc9d9-ddb5-4fa4-a97d-d965ccfc6d4b" outcome="Passed" testListId="8c84fa94-04c1-424b-9868-57a2d4851a1d" relativeResultsDirectory="a1bda1a3-c45c-4aec-9a4e-03d694f9d093">
      <Output>
        <StdOut>[2025-09-12 12:50:28 INF] Starting Test Execution: POrchAPI_Idempotency_Multiple_Identical_Requests_Gives_409:[]
[2025-09-12 12:50:28 INF] Successfully created map FraudcheckMock_Authorize_b6d3765a-c7ea-4d1f-b4db-5d05bde9c97e for /api/v1/financial-transaction-fraud-checks
[2025-09-12 12:50:28 INF] Successfully created map MiddlewareMock_Success_959ef93d-5124-4b62-87af-e7c2c0907bee for /initialisepaymentorder/basic
[2025-09-12 12:50:30 INF] Finished Test Execution: POrchAPI_Idempotency_Multiple_Identical_Requests_Gives_409
[2025-09-12 12:50:30 INF] ---------------------------------------------------



TestContext Messages:
Given a POrch PaymentRequest is created
-&gt; done: POrchAPIStepDefinitions.GivenAPOrchPaymentRequestIsCreated() (0.0s)
And the Payment Credit Account field is 389300099302202
-&gt; done: POrchAPIStepDefinitions.WhenTheCreditAccountFieldIs("Payment", "389300099302202") (0.0s)
And FraudCheck Response is Authorize
-&gt; done: POrchAPIStepDefinitions.SetFraudCheckResponse("Authorize") (0.0s)
And MiddleWare Response will be Success with a delay of 1500ms
-&gt; done: POrchAPIStepDefinitions.SetMiddlewareResponse("Success", 1500) (0.0s)
When two identical requests are sent to POrch API and the second is delayed by 500ms
-&gt; done: POrchAPIStepDefinitions.WhenTwoIdenticalRequestsAreSentToPOrchApi(500) (1.6s)
Then the first response code is 201
-&gt; done: POrchAPIStepDefinitions.ThenTheFirstResponseCodeIs(201) (0.0s)
And the second response code is 429
-&gt; done: POrchAPIStepDefinitions.ThenTheSecondResponseCodeIs(429) (0.0s)</StdOut>
      </Output>
    </UnitTestResult>
    <UnitTestResult executionId="8fa50a9e-ee88-463c-baf3-2e6ed58802ec" testId="0c59d76c-fcfa-911e-0eb0-a6a4bb0be5cb" testName="POrchAPI_Other_Middleware_Responses_Do_Not_Retry (AccountIdentificationInsufficientError,409,)" computerName="ip-10-130-163-171" duration="00:00:01.0934338" startTime="2025-09-12T12:51:15.1660898+12:00" endTime="2025-09-12T12:51:16.2596862+12:00" testType="13cdc9d9-ddb5-4fa4-a97d-d965ccfc6d4b" outcome="Passed" testListId="8c84fa94-04c1-424b-9868-57a2d4851a1d" relativeResultsDirectory="8fa50a9e-ee88-463c-baf3-2e6ed58802ec">
      <Output>
        <StdOut>[2025-09-12 12:51:15 INF] Starting Test Execution: POrchAPI_Other_Middleware_Responses_Do_Not_Retry:["[Response, AccountIdentificationInsufficientError]","[StatusCode, 409]"]
[2025-09-12 12:51:15 INF] Mocks are not ready after 1 / 5 attempt(s). Expected 3 mock(s) to be registered with the manager and got 0.
[2025-09-12 12:51:15 INF] Successfully created map FraudcheckMock_Authorize_2d25b95b-7276-404d-8726-aa88fd2cb950 for /api/v1/financial-transaction-fraud-checks
[2025-09-12 12:51:15 INF] Successfully created map MiddlewareFailure_AccountIdentificationInsufficientError_ee3459f4-145f-4992-a167-c869cbb2abde_1 for /initialisepaymentorder/basic
[2025-09-12 12:51:15 INF] Successfully created map MiddlewareSuccess_ff009db3-6ee2-4be4-8f86-970d15b77907 for /initialisepaymentorder/basic
[2025-09-12 12:51:16 INF] Response has PaymentId: 899db409-d1c5-405c-ae30-dc735545b467
[2025-09-12 12:51:16 INF] Finished Test Execution: POrchAPI_Other_Middleware_Responses_Do_Not_Retry
[2025-09-12 12:51:16 INF] ---------------------------------------------------



TestContext Messages:
Given a POrch PaymentRequest is created
-&gt; done: POrchAPIStepDefinitions.GivenAPOrchPaymentRequestIsCreated() (0.0s)
And the credit Account is 389300099302202
-&gt; done: POrchAPIStepDefinitions.WhenTheCreditAccountIs("389300099302202") (0.0s)
And FraudCheck Response is Authorize
-&gt; done: POrchAPIStepDefinitions.SetFraudCheckResponse("Authorize") (0.0s)
And the Middleware responses will be AccountIdentificationInsufficientError then 201
-&gt; done: POrchAPIStepDefinitions.GivenTheMiddlewareResponsesWillBe("AccountIdentifica...") (0.0s)
When POrch Payment API is called
-&gt; done: POrchAPIStepDefinitions.WhenPOrchAPIIsCalled("Payment") (1.1s)
Then the request should return status code 409
-&gt; done: POrchAPIStepDefinitions.ThenTheRequestShouldReturnStatusCode(409) (0.0s)</StdOut>
      </Output>
    </UnitTestResult>
    <UnitTestResult executionId="113b2d7c-85b5-4469-9b6c-79c706b5dc3a" testId="44f7b27f-f1c3-703c-68cf-d37045e86af9" testName="POrchAPI_Transfer_Invalid_Currency_Return_Error (Random,400,)" computerName="ip-10-130-163-171" duration="00:00:00.0078565" startTime="2025-09-12T12:52:13.4997818+12:00" endTime="2025-09-12T12:52:13.5077407+12:00" testType="13cdc9d9-ddb5-4fa4-a97d-d965ccfc6d4b" outcome="Passed" testListId="8c84fa94-04c1-424b-9868-57a2d4851a1d" relativeResultsDirectory="113b2d7c-85b5-4469-9b6c-79c706b5dc3a">
      <Output>
        <StdOut>[2025-09-12 12:52:13 INF] Starting Test Execution: POrchAPI_Transfer_Invalid_Currency_Return_Error:["[CurrencyValue, Random]","[StatusCode, 400]"]
[2025-09-12 12:52:13 INF] Finished Test Execution: POrchAPI_Transfer_Invalid_Currency_Return_Error
[2025-09-12 12:52:13 INF] ---------------------------------------------------



TestContext Messages:
Given a POrch TransferRequest is created
-&gt; done: POrchAPIStepDefinitions.GivenAPOrchTransferRequestIsCreated() (0.0s)
And the Transfer Currency Field is Random
-&gt; done: POrchAPIStepDefinitions.WhenTheCurrencyFieldIs("Transfer", "Random") (0.0s)
When POrch Transfer API is called
-&gt; done: POrchAPIStepDefinitions.WhenPOrchAPIIsCalled("Transfer") (0.0s)
Then the request should return status code 400
-&gt; done: POrchAPIStepDefinitions.ThenTheRequestShouldReturnStatusCode(400) (0.0s)</StdOut>
      </Output>
    </UnitTestResult>
    <UnitTestResult executionId="09c9243e-36d6-47e3-822b-7133eaed1077" testId="262a88e0-7eec-695a-5519-9da294723f05" testName="POrchAPI_Invalid_Debit_Account_Return_Error (abcdefghijklmnse,400,)" computerName="ip-10-130-163-171" duration="00:00:00.0086245" startTime="2025-09-12T12:50:37.7188935+12:00" endTime="2025-09-12T12:50:37.7276667+12:00" testType="13cdc9d9-ddb5-4fa4-a97d-d965ccfc6d4b" outcome="Passed" testListId="8c84fa94-04c1-424b-9868-57a2d4851a1d" relativeResultsDirectory="09c9243e-36d6-47e3-822b-7133eaed1077">
      <Output>
        <StdOut>[2025-09-12 12:50:37 INF] Starting Test Execution: POrchAPI_Invalid_Debit_Account_Return_Error:["[DebitAccountValue, abcdefghijklmnse]","[StatusCode, 400]"]
[2025-09-12 12:50:37 INF] Finished Test Execution: POrchAPI_Invalid_Debit_Account_Return_Error
[2025-09-12 12:50:37 INF] ---------------------------------------------------



TestContext Messages:
Given a POrch PaymentRequest is created
-&gt; done: POrchAPIStepDefinitions.GivenAPOrchPaymentRequestIsCreated() (0.0s)
And the Payment Debit Account field is abcdefghijklmnse
-&gt; done: POrchAPIStepDefinitions.WhenTheDebitAccountFieldIs("Payment", "abcdefghijklmnse") (0.0s)
When POrch Payment API is called
-&gt; done: POrchAPIStepDefinitions.WhenPOrchAPIIsCalled("Payment") (0.0s)
Then the request should return status code 400
-&gt; done: POrchAPIStepDefinitions.ThenTheRequestShouldReturnStatusCode(400) (0.0s)</StdOut>
      </Output>
    </UnitTestResult>
    <UnitTestResult executionId="ac607617-6f3f-43b4-a967-ceca6b57c37f" testId="41320dfe-3b5a-f638-b9f5-066020b7f9fb" testName="POrchAPI_Transfer_Invalid_Debtor_Particulars_Return_Error (\,400,)" computerName="ip-10-130-163-171" duration="00:00:00.0075169" startTime="2025-09-12T12:52:13.5902828+12:00" endTime="2025-09-12T12:52:13.5979108+12:00" testType="13cdc9d9-ddb5-4fa4-a97d-d965ccfc6d4b" outcome="Passed" testListId="8c84fa94-04c1-424b-9868-57a2d4851a1d" relativeResultsDirectory="ac607617-6f3f-43b4-a967-ceca6b57c37f">
      <Output>
        <StdOut>[2025-09-12 12:52:13 INF] Starting Test Execution: POrchAPI_Transfer_Invalid_Debtor_Particulars_Return_Error:["[DebtorParticularsValue, \\]","[StatusCode, 400]"]
[2025-09-12 12:52:13 INF] Finished Test Execution: POrchAPI_Transfer_Invalid_Debtor_Particulars_Return_Error
[2025-09-12 12:52:13 INF] ---------------------------------------------------



TestContext Messages:
Given a POrch TransferRequest is created
-&gt; done: POrchAPIStepDefinitions.GivenAPOrchTransferRequestIsCreated() (0.0s)
And the Transfer Debtor particulars is \
-&gt; done: POrchAPIStepDefinitions.WhenTheDebtorParticularsIs("Transfer", "\") (0.0s)
When POrch Transfer API is called
-&gt; done: POrchAPIStepDefinitions.WhenPOrchAPIIsCalled("Transfer") (0.0s)
Then the request should return status code 400
-&gt; done: POrchAPIStepDefinitions.ThenTheRequestShouldReturnStatusCode(400) (0.0s)</StdOut>
      </Output>
    </UnitTestResult>
    <UnitTestResult executionId="0ac3a90b-9d86-41a7-a5a1-9c4aed9a0375" testId="9fa4029e-04c2-4fbb-0305-224cc2bc4579" testName="POrchNRT_Unsuccessful_Response_From_NRT (PaymentNrtBadRequest,,)" computerName="ip-10-130-163-171" duration="00:00:00.0676525" startTime="2025-09-12T12:50:39.0298599+12:00" endTime="2025-09-12T12:50:39.0976806+12:00" testType="13cdc9d9-ddb5-4fa4-a97d-d965ccfc6d4b" outcome="Passed" testListId="8c84fa94-04c1-424b-9868-57a2d4851a1d" relativeResultsDirectory="0ac3a90b-9d86-41a7-a5a1-9c4aed9a0375">
      <Output>
        <StdOut>[2025-09-12 12:50:39 INF] Starting Test Execution: POrchNRT_Unsuccessful_Response_From_NRT:["[result, PaymentNrtBadRequest]"]
[2025-09-12 12:50:39 INF] Executed DbCommand (1ms) [Parameters=[], CommandType='Text', CommandTimeout='30']
SELECT n.id, n.attempts, n.created_at, n.payment_id, n.status, n.updated_at
FROM net.nrt_outbox AS n
WHERE n.attempts &gt;= 0
[2025-09-12 12:50:39 INF] Executed DbCommand (2ms) [Parameters=[@p0='?' (DbType = Guid)], CommandType='Text', CommandTimeout='30']
DELETE FROM net.nrt_outbox
WHERE id = @p0;
[2025-09-12 12:50:39 INF] Executed DbCommand (1ms) [Parameters=[@p0='?' (DbType = Guid), @p1='?', @p2='?' (DbType = Decimal), @p3='?' (DbType = DateTime), @p4='?', @p5='?', @p6='?', @p7='?', @p8='?' (DbType = Object), @p9='?' (DbType = Object), @p10='?', @p11='?', @p12='?', @p13='?', @p14='?' (DbType = Object), @p15='?' (DbType = Object), @p16='?' (DbType = Object), @p17='?' (DbType = DateTime), @p18='?' (DbType = Object), @p19='?' (DbType = DateTime), @p20='?' (DbType = Guid), @p21='?' (DbType = Int32), @p22='?' (DbType = DateTime), @p23='?' (DbType = Guid), @p24='?' (DbType = Object), @p25='?' (DbType = DateTime)], CommandType='Text', CommandTimeout='30']
INSERT INTO net.payment (id, access_number, amount, created_at, creditor_account_code, creditor_account_number, creditor_account_particulars, creditor_account_reference, creditor_account_source, currency, debtor_account_code, debtor_account_number, debtor_account_particulars, debtor_account_reference, debtor_account_source, fraud_check_disposition, payment_type, processed_at, status, updated_at)
VALUES (@p0, @p1, @p2, @p3, @p4, @p5, @p6, @p7, @p8, @p9, @p10, @p11, @p12, @p13, @p14, @p15, @p16, @p17, @p18, @p19);
INSERT INTO net.nrt_outbox (id, attempts, created_at, payment_id, status, updated_at)
VALUES (@p20, @p21, @p22, @p23, @p24, @p25);
[2025-09-12 12:50:39 INF] Successfully created map FraudCheckNRTMock_PaymentNrtBadRequest_8ae20190-1720-4e35-a4cc-f831a10ca859 for /api/v1/financial-transaction-fraud-checks/1808532f-0963-4216-b239-6c79bf37fa43
[2025-09-12 12:50:39 INF] Executed DbCommand (1ms) [Parameters=[@__p_0='?' (DbType = Guid)], CommandType='Text', CommandTimeout='30']
SELECT n.id, n.attempts, n.created_at, n.payment_id, n.status, n.updated_at
FROM net.nrt_outbox AS n
WHERE n.id = @__p_0
LIMIT 1
[2025-09-12 12:50:39 INF] Finished Test Execution: POrchNRT_Unsuccessful_Response_From_NRT
[2025-09-12 12:50:39 INF] ---------------------------------------------------



TestContext Messages:
Given The NRT table is clean
-&gt; done: POrchAPIStepDefinitions.GivenTheNrtTableIsClean() (0.0s)
And there is an NRT entry with payment successful to process
-&gt; done: POrchAPIStepDefinitions.GivenThereIsAnNrtEntryToProcess("successful") (0.0s)
And the NRT entry should be processed with PaymentNrtBadRequest
-&gt; done: POrchAPIStepDefinitions.GivenTheNrtEntryShouldBeProcessedWithUnsuccessfulResult("PaymentNrtBadRequest") (0.0s)
When the NRT Processor Has Run for at most 1 entry
-&gt; done: POrchAPIStepDefinitions.WhenTheNrtProcessorHasRunForAtMostXEntry(1) (0.0s)
Then the NRT entry has status NotSent
-&gt; done: POrchAPIStepDefinitions.ThenTheNrtEntryHasStatus("NotSent") (0.0s)</StdOut>
      </Output>
    </UnitTestResult>
    <UnitTestResult executionId="ba58c5a7-5668-4dc8-b30d-a349ee6a7272" testId="4efea0b2-fd13-8c87-2ec9-0987481ae174" testName="POrchAPI_Transfer_Invalid_Debtor_Reference_Return_Error (\,400,)" computerName="ip-10-130-163-171" duration="00:00:00.0100949" startTime="2025-09-12T12:52:13.7157559+12:00" endTime="2025-09-12T12:52:13.7259668+12:00" testType="13cdc9d9-ddb5-4fa4-a97d-d965ccfc6d4b" outcome="Passed" testListId="8c84fa94-04c1-424b-9868-57a2d4851a1d" relativeResultsDirectory="ba58c5a7-5668-4dc8-b30d-a349ee6a7272">
      <Output>
        <StdOut>[2025-09-12 12:52:13 INF] Starting Test Execution: POrchAPI_Transfer_Invalid_Debtor_Reference_Return_Error:["[DebtorReferenceValue, \\]","[StatusCode, 400]"]
[2025-09-12 12:52:13 INF] Finished Test Execution: POrchAPI_Transfer_Invalid_Debtor_Reference_Return_Error
[2025-09-12 12:52:13 INF] ---------------------------------------------------



TestContext Messages:
Given a POrch TransferRequest is created
-&gt; done: POrchAPIStepDefinitions.GivenAPOrchTransferRequestIsCreated() (0.0s)
And the Transfer Debtor Reference is \
-&gt; done: POrchAPIStepDefinitions.WhenTheDebtorReferenceIs("Transfer", "\") (0.0s)
When POrch Transfer API is called
-&gt; done: POrchAPIStepDefinitions.WhenPOrchAPIIsCalled("Transfer") (0.0s)
Then the request should return status code 400
-&gt; done: POrchAPIStepDefinitions.ThenTheRequestShouldReturnStatusCode(400) (0.0s)</StdOut>
      </Output>
    </UnitTestResult>
    <UnitTestResult executionId="5bf0f92a-daf9-4bab-bd63-ed7402e3801d" testId="f4b229a2-a8b7-144d-7478-c2badca0b648" testName="POrchAPI_Invalid_Debtor_Code_Return_Error (abcdefghijklmnsey,400,)" computerName="ip-10-130-163-171" duration="00:00:00.0089680" startTime="2025-09-12T12:50:37.8395939+12:00" endTime="2025-09-12T12:50:37.8486919+12:00" testType="13cdc9d9-ddb5-4fa4-a97d-d965ccfc6d4b" outcome="Passed" testListId="8c84fa94-04c1-424b-9868-57a2d4851a1d" relativeResultsDirectory="5bf0f92a-daf9-4bab-bd63-ed7402e3801d">
      <Output>
        <StdOut>[2025-09-12 12:50:37 INF] Starting Test Execution: POrchAPI_Invalid_Debtor_Code_Return_Error:["[DebtorCodeValue, abcdefghijklmnsey]","[StatusCode, 400]"]
[2025-09-12 12:50:37 INF] Finished Test Execution: POrchAPI_Invalid_Debtor_Code_Return_Error
[2025-09-12 12:50:37 INF] ---------------------------------------------------



TestContext Messages:
Given a POrch PaymentRequest is created
-&gt; done: POrchAPIStepDefinitions.GivenAPOrchPaymentRequestIsCreated() (0.0s)
And the Payment Debtor Code is abcdefghijklmnsey
-&gt; done: POrchAPIStepDefinitions.WhenTheDebtorCodeIs("Payment", "abcdefghijklmnsey") (0.0s)
When POrch Payment API is called
-&gt; done: POrchAPIStepDefinitions.WhenPOrchAPIIsCalled("Payment") (0.0s)
Then the request should return status code 400
-&gt; done: POrchAPIStepDefinitions.ThenTheRequestShouldReturnStatusCode(400) (0.0s)</StdOut>
      </Output>
    </UnitTestResult>
    <UnitTestResult executionId="bb178b99-41fa-4a56-96d1-993dc545076f" testId="def15d37-a46e-6d35-8494-fbad53c206f8" testName="POrchAPI_TMVToUltracs_Valid_Creditor_Reference_Return_Success (()+$*!;-/?:,201,)" computerName="ip-10-130-163-171" duration="00:00:01.0932742" startTime="2025-09-12T12:51:43.3573857+12:00" endTime="2025-09-12T12:51:44.4508120+12:00" testType="13cdc9d9-ddb5-4fa4-a97d-d965ccfc6d4b" outcome="Passed" testListId="8c84fa94-04c1-424b-9868-57a2d4851a1d" relativeResultsDirectory="bb178b99-41fa-4a56-96d1-993dc545076f">
      <Output>
        <StdOut>[2025-09-12 12:51:43 INF] Starting Test Execution: POrchAPI_TMVToUltracs_Valid_Creditor_Reference_Return_Success:["[CreditorReferenceValue, ()+$*!;-/?:]","[StatusCode, 201]"]
[2025-09-12 12:51:43 INF] Mocks are not ready after 1 / 5 attempt(s). Expected 2 mock(s) to be registered with the manager and got 0.
[2025-09-12 12:51:43 INF] Successfully created map AdpsMock_Success_ea2f36e1-b134-4ec0-87ce-f5836cd655f7 for /api/v1/payment-instruction/domestic/immediate
[2025-09-12 12:51:43 INF] Successfully created map MiddlewareMock_Success_39338c75-665c-4580-8d1f-a0a727922922 for /initialisepaymentorder/basic
[2025-09-12 12:51:44 INF] Response has PaymentId: 54981541-e958-4be9-9d1e-5dbd467c2560
[2025-09-12 12:51:44 INF] Finished Test Execution: POrchAPI_TMVToUltracs_Valid_Creditor_Reference_Return_Success
[2025-09-12 12:51:44 INF] ---------------------------------------------------



TestContext Messages:
Given a TMV to Ultracs POrch TransferRequest is created
-&gt; done: POrchAPIStepDefinitions.ConditionalPOrchTransferRequestIsCreated("TMV", "Ultracs") (0.0s)
And the Transfer Creditor Reference is ()+$*!;-/?:
-&gt; done: POrchAPIStepDefinitions.WhenTheCreditorReferenceIs("Transfer", "()+$*!;-/?:") (0.0s)
And ADPS Response is Success
-&gt; done: POrchAPIStepDefinitions.SetAdpsResponse("Success") (0.0s)
And MiddleWare Response is Success
-&gt; done: POrchAPIStepDefinitions.SetMiddlewareResponse("Success") (0.0s)
When POrch Transfer API is called
-&gt; done: POrchAPIStepDefinitions.WhenPOrchAPIIsCalled("Transfer") (1.1s)
Then the request should return status code 201
-&gt; done: POrchAPIStepDefinitions.ThenTheRequestShouldReturnStatusCode(201) (0.0s)</StdOut>
      </Output>
    </UnitTestResult>
    <UnitTestResult executionId="cdfeee66-2a58-4c7b-a025-f13602620b0c" testId="af75ef55-0542-65e8-b2ae-a8714b1b6ee8" testName="POrchAPI_Negative_FraudCheck_Response_Close_Middleware_409 (Hold,409,)" computerName="ip-10-130-163-171" duration="00:00:01.0711933" startTime="2025-09-12T12:50:20.8822795+12:00" endTime="2025-09-12T12:50:21.9536624+12:00" testType="13cdc9d9-ddb5-4fa4-a97d-d965ccfc6d4b" outcome="Passed" testListId="8c84fa94-04c1-424b-9868-57a2d4851a1d" relativeResultsDirectory="cdfeee66-2a58-4c7b-a025-f13602620b0c">
      <Output>
        <StdOut>[2025-09-12 12:50:20 INF] Starting Test Execution: POrchAPI_Negative_FraudCheck_Response_Close_Middleware_409:["[Result, Hold]","[StatusCode, 409]"]
[2025-09-12 12:50:20 INF] Successfully created map FraudcheckMock_Hold_d8f38699-d7c0-42ed-acc5-546db2476aab for /api/v1/financial-transaction-fraud-checks
[2025-09-12 12:50:20 INF] Mocks are not ready after 1 / 5 attempt(s). Expected 3 mock(s) to be registered with the manager and got 1.
[2025-09-12 12:50:20 INF] Successfully created map PartyActivityServiceMock_Created_5f0c3414-36c2-496a-a204-3a7866e3b9f0 for /v2/activities
[2025-09-12 12:50:20 INF] Successfully created map MiddlewareMock_FrozenError_9b51c51f-74c2-4586-b640-04adf51272af for /initialisepaymentorder/basic
[2025-09-12 12:50:21 INF] Response has PaymentId: 0b9cf67e-5a40-4eec-ae6d-9ce79bdd7143
[2025-09-12 12:50:21 INF] Finished Test Execution: POrchAPI_Negative_FraudCheck_Response_Close_Middleware_409
[2025-09-12 12:50:21 INF] ---------------------------------------------------



TestContext Messages:
Given a POrch PaymentRequest is created
-&gt; done: POrchAPIStepDefinitions.GivenAPOrchPaymentRequestIsCreated() (0.0s)
And FraudCheck Response is Hold
-&gt; done: POrchAPIStepDefinitions.SetFraudCheckResponse("Hold") (0.0s)
And MiddleWare Response is FrozenError
-&gt; done: POrchAPIStepDefinitions.SetMiddlewareResponse("FrozenError") (0.0s)
And the PAS response is Created
-&gt; done: POrchAPIStepDefinitions.ThePasResponseIs("Created") (0.0s)
When POrch Payment API is called
-&gt; done: POrchAPIStepDefinitions.WhenPOrchAPIIsCalled("Payment") (1.1s)
Then the request should return status code 409
-&gt; done: POrchAPIStepDefinitions.ThenTheRequestShouldReturnStatusCode(409) (0.0s)</StdOut>
      </Output>
    </UnitTestResult>
    <UnitTestResult executionId="bd065422-6d7a-4c94-aba4-79e8b58e27f9" testId="8f91f03b-52eb-2c3c-675c-55cedbafec7f" testName="POrchAPI_To_ExternalAccount_Successful" computerName="ip-10-130-163-171" duration="00:00:01.2233949" startTime="2025-09-12T12:49:31.9828325+12:00" endTime="2025-09-12T12:49:33.2065711+12:00" testType="13cdc9d9-ddb5-4fa4-a97d-d965ccfc6d4b" outcome="Passed" testListId="8c84fa94-04c1-424b-9868-57a2d4851a1d" relativeResultsDirectory="bd065422-6d7a-4c94-aba4-79e8b58e27f9">
      <Output>
        <StdOut>[2025-09-12 12:49:32 INF] Starting Test Execution: POrchAPI_To_ExternalAccount_successful:[]
[2025-09-12 12:49:32 INF] Mocks are not ready after 1 / 5 attempt(s). Expected 2 mock(s) to be registered with the manager and got 0.
[2025-09-12 12:49:32 INF] Successfully created map FraudcheckMock_Authorize_b991f68d-318b-48e1-8164-7a82b1a2b96d for /api/v1/financial-transaction-fraud-checks
[2025-09-12 12:49:32 INF] Successfully created map MiddlewareMock_Success_5df8f42a-fd3d-4773-8a46-bc4d6b33be03 for /initialisepaymentorder/basic
[2025-09-12 12:49:33 INF] Response has PaymentId: ca04ea06-db34-4bc3-be76-ea93da5e3a02
[2025-09-12 12:49:33 INF] Finished Test Execution: POrchAPI_To_ExternalAccount_successful
[2025-09-12 12:49:33 INF] ---------------------------------------------------



TestContext Messages:
Given a POrch PaymentRequest is created
-&gt; done: POrchAPIStepDefinitions.GivenAPOrchPaymentRequestIsCreated() (0.0s)
And the credit Account is 010221072021200
-&gt; done: POrchAPIStepDefinitions.WhenTheCreditAccountIs("010221072021200") (0.0s)
And FraudCheck Response is Authorize
-&gt; done: POrchAPIStepDefinitions.SetFraudCheckResponse("Authorize") (0.0s)
And MiddleWare Response is Success
-&gt; done: POrchAPIStepDefinitions.SetMiddlewareResponse("Success") (0.0s)
When POrch Payment API is called
-&gt; done: POrchAPIStepDefinitions.WhenPOrchAPIIsCalled("Payment") (1.2s)
Then the request should return status code 201
-&gt; done: POrchAPIStepDefinitions.ThenTheRequestShouldReturnStatusCode(201) (0.0s)</StdOut>
      </Output>
    </UnitTestResult>
    <UnitTestResult executionId="2ac910b0-7e10-4c03-809b-2d4cbcae88f3" testId="87cd87e7-f8b3-8fec-86a5-3e9d93a6a9b4" testName="POrchAPI_Invalid_Credit_Account_Return_Error (abcdefghijklmnse,400,)" computerName="ip-10-130-163-171" duration="00:00:00.0105306" startTime="2025-09-12T12:50:37.7457187+12:00" endTime="2025-09-12T12:50:37.7563954+12:00" testType="13cdc9d9-ddb5-4fa4-a97d-d965ccfc6d4b" outcome="Passed" testListId="8c84fa94-04c1-424b-9868-57a2d4851a1d" relativeResultsDirectory="2ac910b0-7e10-4c03-809b-2d4cbcae88f3">
      <Output>
        <StdOut>[2025-09-12 12:50:37 INF] Starting Test Execution: POrchAPI_Invalid_Credit_Account_Return_Error:["[CreditAccounValue, abcdefghijklmnse]","[StatusCode, 400]"]
[2025-09-12 12:50:37 INF] Finished Test Execution: POrchAPI_Invalid_Credit_Account_Return_Error
[2025-09-12 12:50:37 INF] ---------------------------------------------------



TestContext Messages:
Given a POrch PaymentRequest is created
-&gt; done: POrchAPIStepDefinitions.GivenAPOrchPaymentRequestIsCreated() (0.0s)
And the Payment Credit Account field is &lt;CreditAccountValue&gt;
-&gt; done: POrchAPIStepDefinitions.WhenTheCreditAccountFieldIs("Payment", "&lt;CreditAccountValue&gt;") (0.0s)
When POrch Payment API is called
-&gt; done: POrchAPIStepDefinitions.WhenPOrchAPIIsCalled("Payment") (0.0s)
Then the request should return status code 400
-&gt; done: POrchAPIStepDefinitions.ThenTheRequestShouldReturnStatusCode(400) (0.0s)</StdOut>
      </Output>
    </UnitTestResult>
    <UnitTestResult executionId="e3159a64-1a31-4cf1-a74b-491c4b89f8a5" testId="619942a7-a80d-eb03-35dd-da59797fd3a6" testName="POrchAPI_UltracsTMV_Transfer_Invalid_Transfer_Reference_Return_Error (TRANSFER FROM MR Test - 00,400,)" computerName="ip-10-130-163-171" duration="00:00:00.0072242" startTime="2025-09-12T12:52:13.8472251+12:00" endTime="2025-09-12T12:52:13.8545504+12:00" testType="13cdc9d9-ddb5-4fa4-a97d-d965ccfc6d4b" outcome="Passed" testListId="8c84fa94-04c1-424b-9868-57a2d4851a1d" relativeResultsDirectory="e3159a64-1a31-4cf1-a74b-491c4b89f8a5">
      <Output>
        <StdOut>[2025-09-12 12:52:13 INF] Starting Test Execution: POrchAPI_UltracsTMV_Transfer_Invalid_Transfer_Reference_Return_Error:["[TransferRefValue, TRANSFER FROM MR Test - 00]","[StatusCode, 400]"]
[2025-09-12 12:52:13 INF] Finished Test Execution: POrchAPI_UltracsTMV_Transfer_Invalid_Transfer_Reference_Return_Error
[2025-09-12 12:52:13 INF] ---------------------------------------------------



TestContext Messages:
Given a Ultracs to TMV POrch TransferRequest is created
-&gt; done: POrchAPIStepDefinitions.ConditionalPOrchTransferRequestIsCreated("Ultracs", "TMV") (0.0s)
And the Transfer Reference is TRANSFER FROM MR Test - 00
-&gt; done: POrchAPIStepDefinitions.TheTransferReferenceIs("TRANSFER FROM MR ...") (0.0s)
When POrch Transfer API is called
-&gt; done: POrchAPIStepDefinitions.WhenPOrchAPIIsCalled("Transfer") (0.0s)
Then the request should return status code 400
-&gt; done: POrchAPIStepDefinitions.ThenTheRequestShouldReturnStatusCode(400) (0.0s)</StdOut>
      </Output>
    </UnitTestResult>
    <UnitTestResult executionId="1db99959-8a46-4fbd-ac39-fec1613a7e38" testId="7056a748-e4f9-329a-3b22-50df97f55acf" testName="POrchAPI_Negative_FraudCheck_Response_Close_Middleware_409 (Unknown,409,)" computerName="ip-10-130-163-171" duration="00:00:01.0681361" startTime="2025-09-12T12:50:21.9537246+12:00" endTime="2025-09-12T12:50:23.0220348+12:00" testType="13cdc9d9-ddb5-4fa4-a97d-d965ccfc6d4b" outcome="Passed" testListId="8c84fa94-04c1-424b-9868-57a2d4851a1d" relativeResultsDirectory="1db99959-8a46-4fbd-ac39-fec1613a7e38">
      <Output>
        <StdOut>[2025-09-12 12:50:21 INF] Starting Test Execution: POrchAPI_Negative_FraudCheck_Response_Close_Middleware_409:["[Result, Unknown]","[StatusCode, 409]"]
[2025-09-12 12:50:21 INF] Mocks are not ready after 1 / 5 attempt(s). Expected 3 mock(s) to be registered with the manager and got 0.
[2025-09-12 12:50:21 INF] Successfully created map FraudcheckMock_Unknown_5d782d5f-3e94-4adf-a109-55db58c8ac96 for /api/v1/financial-transaction-fraud-checks
[2025-09-12 12:50:21 INF] Successfully created map MiddlewareMock_FrozenError_58c7e76d-9106-4852-bcae-126d66496977 for /initialisepaymentorder/basic
[2025-09-12 12:50:21 INF] Successfully created map PartyActivityServiceMock_Created_cff1bb68-0aa1-495b-916a-3fd1fdbb70e4 for /v2/activities
[2025-09-12 12:50:23 INF] Response has PaymentId: fbebd05b-fe4b-4dbb-92a3-b52f6fb851f2
[2025-09-12 12:50:23 INF] Finished Test Execution: POrchAPI_Negative_FraudCheck_Response_Close_Middleware_409
[2025-09-12 12:50:23 INF] ---------------------------------------------------



TestContext Messages:
Given a POrch PaymentRequest is created
-&gt; done: POrchAPIStepDefinitions.GivenAPOrchPaymentRequestIsCreated() (0.0s)
And FraudCheck Response is Unknown
-&gt; done: POrchAPIStepDefinitions.SetFraudCheckResponse("Unknown") (0.0s)
And MiddleWare Response is FrozenError
-&gt; done: POrchAPIStepDefinitions.SetMiddlewareResponse("FrozenError") (0.0s)
And the PAS response is Created
-&gt; done: POrchAPIStepDefinitions.ThePasResponseIs("Created") (0.0s)
When POrch Payment API is called
-&gt; done: POrchAPIStepDefinitions.WhenPOrchAPIIsCalled("Payment") (1.1s)
Then the request should return status code 409
-&gt; done: POrchAPIStepDefinitions.ThenTheRequestShouldReturnStatusCode(409) (0.0s)</StdOut>
      </Output>
    </UnitTestResult>
    <UnitTestResult executionId="88e8a46d-2629-4fb9-a523-ec941003b4b5" testId="a26ec6f8-6dd9-5136-a9d6-39566670d840" testName="POrchAPI_To_KBAccount_Successful" computerName="ip-10-130-163-171" duration="00:00:04.3604070" startTime="2025-09-12T12:47:47.4316603+12:00" endTime="2025-09-12T12:49:31.9689889+12:00" testType="13cdc9d9-ddb5-4fa4-a97d-d965ccfc6d4b" outcome="Passed" testListId="8c84fa94-04c1-424b-9868-57a2d4851a1d" relativeResultsDirectory="88e8a46d-2629-4fb9-a523-ec941003b4b5">
      <Output>
        <StdOut>-&gt; Loading plugin /codebuild/output/src2564200978/src/Kiwibank-kb-cap-c17b067d0899fd8eab76e994fac32f86b40b021f/services/payments-orchestrator/src/Testings.Integration.Mocked/bin/Release/net8.0/Reqnroll.Microsoft.Extensions.DependencyInjection.ReqnrollPlugin.dll
-&gt; Loading plugin /codebuild/output/src2564200978/src/Kiwibank-kb-cap-c17b067d0899fd8eab76e994fac32f86b40b021f/services/payments-orchestrator/src/Testings.Integration.Mocked/bin/Release/net8.0/Reqnroll.MSTest.ReqnrollPlugin.dll
-&gt; Loading plugin /codebuild/output/src2564200978/src/Kiwibank-kb-cap-c17b067d0899fd8eab76e994fac32f86b40b021f/services/payments-orchestrator/src/Testings.Integration.Mocked/bin/Release/net8.0/Kiwibank.Payments.PaymentsOrchestrator.Testings.Integration.Mocked.dll
-&gt; Using default config
Test environment accept
[2025-09-12 12:49:28 INF] Starting Test Execution: POrchAPI_To_KBAccount_successful:[]
[2025-09-12 12:49:28 INF] Mocks are not ready after 1 / 5 attempt(s). Expected 2 mock(s) to be registered with the manager and got 0.
[2025-09-12 12:49:28 INF] Successfully created map FraudcheckMock_Authorize_15809c0f-a58b-413d-ac48-baa2abef1345 for /api/v1/financial-transaction-fraud-checks
[2025-09-12 12:49:28 INF] Successfully created map MiddlewareMock_Success_8b005a7a-64de-43a9-a2f2-ba0d0c86c497 for /initialisepaymentorder/basic
[2025-09-12 12:49:31 INF] Response has PaymentId: a71b7a69-9fc6-4793-b704-6262b9c97556
[2025-09-12 12:49:31 INF] Finished Test Execution: POrchAPI_To_KBAccount_successful
[2025-09-12 12:49:31 INF] ---------------------------------------------------



TestContext Messages:
Given a POrch PaymentRequest is created
-&gt; done: POrchAPIStepDefinitions.GivenAPOrchPaymentRequestIsCreated() (0.0s)
And the credit Account is 389300099302202
-&gt; done: POrchAPIStepDefinitions.WhenTheCreditAccountIs("389300099302202") (0.0s)
And FraudCheck Response is Authorize
-&gt; done: POrchAPIStepDefinitions.SetFraudCheckResponse("Authorize") (0.1s)
And MiddleWare Response is Success
-&gt; done: POrchAPIStepDefinitions.SetMiddlewareResponse("Success") (0.0s)
When POrch Payment API is called
-&gt; done: POrchAPIStepDefinitions.WhenPOrchAPIIsCalled("Payment") (3.1s)
Then the request should return status code 201
-&gt; done: POrchAPIStepDefinitions.ThenTheRequestShouldReturnStatusCode(201) (0.1s)</StdOut>
      </Output>
    </UnitTestResult>
    <UnitTestResult executionId="82661bb9-c8f7-410c-b29e-241eb469d388" testId="bf2ebf86-752e-56e5-3529-0dcee7532d5d" testName="POrchAPI_UltracsUltracs_Transfer_Send_Transfer_Reference_Return_Error (TRANSFER TO MR Test - 00,400,)" computerName="ip-10-130-163-171" duration="00:00:00.0092582" startTime="2025-09-12T12:52:13.9068929+12:00" endTime="2025-09-12T12:52:13.9162752+12:00" testType="13cdc9d9-ddb5-4fa4-a97d-d965ccfc6d4b" outcome="Passed" testListId="8c84fa94-04c1-424b-9868-57a2d4851a1d" relativeResultsDirectory="82661bb9-c8f7-410c-b29e-241eb469d388">
      <Output>
        <StdOut>[2025-09-12 12:52:13 INF] Starting Test Execution: POrchAPI_UltracsUltracs_Transfer_Send_Transfer_Reference_Return_Error:["[TransferRefValue, TRANSFER TO MR Test - 00]","[StatusCode, 400]"]
[2025-09-12 12:52:13 INF] Finished Test Execution: POrchAPI_UltracsUltracs_Transfer_Send_Transfer_Reference_Return_Error
[2025-09-12 12:52:13 INF] ---------------------------------------------------



TestContext Messages:
Given a Ultracs to Ultracs POrch TransferRequest is created
-&gt; done: POrchAPIStepDefinitions.ConditionalPOrchTransferRequestIsCreated("Ultracs", "Ultracs") (0.0s)
And the Transfer Reference is TRANSFER TO MR Test - 00
-&gt; done: POrchAPIStepDefinitions.TheTransferReferenceIs("TRANSFER TO MR Te...") (0.0s)
When POrch Transfer API is called
-&gt; done: POrchAPIStepDefinitions.WhenPOrchAPIIsCalled("Transfer") (0.0s)
Then the request should return status code 400
-&gt; done: POrchAPIStepDefinitions.ThenTheRequestShouldReturnStatusCode(400) (0.0s)</StdOut>
      </Output>
    </UnitTestResult>
    <UnitTestResult executionId="577408ab-fb2c-4d36-b23f-06d464260cf4" testId="3359bec4-f88f-6930-585f-325fb5905ea7" testName="POrchAPI_Transfer_Invalid_Credit_Account_Return_Error (abcdefghijklmnse,400,)" computerName="ip-10-130-163-171" duration="00:00:00.0087323" startTime="2025-09-12T12:52:13.5477769+12:00" endTime="2025-09-12T12:52:13.5566053+12:00" testType="13cdc9d9-ddb5-4fa4-a97d-d965ccfc6d4b" outcome="Passed" testListId="8c84fa94-04c1-424b-9868-57a2d4851a1d" relativeResultsDirectory="577408ab-fb2c-4d36-b23f-06d464260cf4">
      <Output>
        <StdOut>[2025-09-12 12:52:13 INF] Starting Test Execution: POrchAPI_Transfer_Invalid_Credit_Account_Return_Error:["[CreditAccounValue, abcdefghijklmnse]","[StatusCode, 400]"]
[2025-09-12 12:52:13 INF] Finished Test Execution: POrchAPI_Transfer_Invalid_Credit_Account_Return_Error
[2025-09-12 12:52:13 INF] ---------------------------------------------------



TestContext Messages:
Given a POrch TransferRequest is created
-&gt; done: POrchAPIStepDefinitions.GivenAPOrchTransferRequestIsCreated() (0.0s)
And the Transfer Credit Account field is &lt;CreditAccountValue&gt;
-&gt; done: POrchAPIStepDefinitions.WhenTheCreditAccountFieldIs("Transfer", "&lt;CreditAccountValue&gt;") (0.0s)
When POrch Transfer API is called
-&gt; done: POrchAPIStepDefinitions.WhenPOrchAPIIsCalled("Transfer") (0.0s)
Then the request should return status code 400
-&gt; done: POrchAPIStepDefinitions.ThenTheRequestShouldReturnStatusCode(400) (0.0s)</StdOut>
      </Output>
    </UnitTestResult>
    <UnitTestResult executionId="ade02102-e52b-4d69-8558-05aa5392c6f2" testId="875445ef-e209-9bf8-5e7e-3be88ab2dbc5" testName="Example_Process_NRT_On_Demand" computerName="ip-10-130-163-171" duration="00:00:00.9284433" startTime="2025-09-12T12:50:38.1003510+12:00" endTime="2025-09-12T12:50:39.0293088+12:00" testType="13cdc9d9-ddb5-4fa4-a97d-d965ccfc6d4b" outcome="Passed" testListId="8c84fa94-04c1-424b-9868-57a2d4851a1d" relativeResultsDirectory="ade02102-e52b-4d69-8558-05aa5392c6f2">
      <Output>
        <StdOut>[2025-09-12 12:50:38 INF] Starting Test Execution: Example_Process_NRT_On_Demand:[]
[2025-09-12 12:50:38 INF] Executed DbCommand (17ms) [Parameters=[], CommandType='Text', CommandTimeout='30']
SELECT n.id, n.attempts, n.created_at, n.payment_id, n.status, n.updated_at
FROM net.nrt_outbox AS n
WHERE n.attempts &gt;= 0
[2025-09-12 12:50:38 INF] Executed DbCommand (11ms) [Parameters=[@p0='?' (DbType = Guid), @p1='?' (DbType = Guid), @p2='?' (DbType = Guid), @p3='?' (DbType = Guid), @p4='?' (DbType = Guid), @p5='?' (DbType = Guid), @p6='?' (DbType = Guid), @p7='?' (DbType = Guid), @p8='?' (DbType = Guid), @p9='?' (DbType = Guid), @p10='?' (DbType = Guid), @p11='?' (DbType = Guid), @p12='?' (DbType = Guid), @p13='?' (DbType = Guid), @p14='?' (DbType = Guid), @p15='?' (DbType = Guid), @p16='?' (DbType = Guid), @p17='?' (DbType = Guid), @p18='?' (DbType = Guid), @p19='?' (DbType = Guid), @p20='?' (DbType = Guid), @p21='?' (DbType = Guid), @p22='?' (DbType = Guid), @p23='?' (DbType = Guid), @p24='?' (DbType = Guid), @p25='?' (DbType = Guid), @p26='?' (DbType = Guid), @p27='?' (DbType = Guid), @p28='?' (DbType = Guid), @p29='?' (DbType = Guid), @p30='?' (DbType = Guid), @p31='?' (DbType = Guid), @p32='?' (DbType = Guid), @p33='?' (DbType = Guid), @p34='?' (DbType = Guid), @p35='?' (DbType = Guid), @p36='?' (DbType = Guid), @p37='?' (DbType = Guid), @p38='?' (DbType = Guid), @p39='?' (DbType = Guid), @p40='?' (DbType = Guid), @p41='?' (DbType = Guid), @p42='?' (DbType = Guid), @p43='?' (DbType = Guid), @p44='?' (DbType = Guid), @p45='?' (DbType = Guid), @p46='?' (DbType = Guid), @p47='?' (DbType = Guid), @p48='?' (DbType = Guid), @p49='?' (DbType = Guid), @p50='?' (DbType = Guid), @p51='?' (DbType = Guid), @p52='?' (DbType = Guid), @p53='?' (DbType = Guid), @p54='?' (DbType = Guid)], CommandType='Text', CommandTimeout='30']
DELETE FROM net.nrt_outbox
WHERE id = @p0;
DELETE FROM net.nrt_outbox
WHERE id = @p1;
DELETE FROM net.nrt_outbox
WHERE id = @p2;
DELETE FROM net.nrt_outbox
WHERE id = @p3;
DELETE FROM net.nrt_outbox
WHERE id = @p4;
DELETE FROM net.nrt_outbox
WHERE id = @p5;
DELETE FROM net.nrt_outbox
WHERE id = @p6;
DELETE FROM net.nrt_outbox
WHERE id = @p7;
DELETE FROM net.nrt_outbox
WHERE id = @p8;
DELETE FROM net.nrt_outbox
WHERE id = @p9;
DELETE FROM net.nrt_outbox
WHERE id = @p10;
DELETE FROM net.nrt_outbox
WHERE id = @p11;
DELETE FROM net.nrt_outbox
WHERE id = @p12;
DELETE FROM net.nrt_outbox
WHERE id = @p13;
DELETE FROM net.nrt_outbox
WHERE id = @p14;
DELETE FROM net.nrt_outbox
WHERE id = @p15;
DELETE FROM net.nrt_outbox
WHERE id = @p16;
DELETE FROM net.nrt_outbox
WHERE id = @p17;
DELETE FROM net.nrt_outbox
WHERE id = @p18;
DELETE FROM net.nrt_outbox
WHERE id = @p19;
DELETE FROM net.nrt_outbox
WHERE id = @p20;
DELETE FROM net.nrt_outbox
WHERE id = @p21;
DELETE FROM net.nrt_outbox
WHERE id = @p22;
DELETE FROM net.nrt_outbox
WHERE id = @p23;
DELETE FROM net.nrt_outbox
WHERE id = @p24;
DELETE FROM net.nrt_outbox
WHERE id = @p25;
DELETE FROM net.nrt_outbox
WHERE id = @p26;
DELETE FROM net.nrt_outbox
WHERE id = @p27;
DELETE FROM net.nrt_outbox
WHERE id = @p28;
DELETE FROM net.nrt_outbox
WHERE id = @p29;
DELETE FROM net.nrt_outbox
WHERE id = @p30;
DELETE FROM net.nrt_outbox
WHERE id = @p31;
DELETE FROM net.nrt_outbox
WHERE id = @p32;
DELETE FROM net.nrt_outbox
WHERE id = @p33;
DELETE FROM net.nrt_outbox
WHERE id = @p34;
DELETE FROM net.nrt_outbox
WHERE id = @p35;
DELETE FROM net.nrt_outbox
WHERE id = @p36;
DELETE FROM net.nrt_outbox
WHERE id = @p37;
DELETE FROM net.nrt_outbox
WHERE id = @p38;
DELETE FROM net.nrt_outbox
WHERE id = @p39;
DELETE FROM net.nrt_outbox
WHERE id = @p40;
DELETE FROM net.nrt_outbox
WHERE id = @p41;
DELETE FROM net.nrt_outbox
WHERE id = @p42;
DELETE FROM net.nrt_outbox
WHERE id = @p43;
DELETE FROM net.nrt_outbox
WHERE id = @p44;
DELETE FROM net.nrt_outbox
WHERE id = @p45;
DELETE FROM net.nrt_outbox
WHERE id = @p46;
DELETE FROM net.nrt_outbox
WHERE id = @p47;
DELETE FROM net.nrt_outbox
WHERE id = @p48;
DELETE FROM net.nrt_outbox
WHERE id = @p49;
DELETE FROM net.nrt_outbox
WHERE id = @p50;
DELETE FROM net.nrt_outbox
WHERE id = @p51;
DELETE FROM net.nrt_outbox
WHERE id = @p52;
DELETE FROM net.nrt_outbox
WHERE id = @p53;
DELETE FROM net.nrt_outbox
WHERE id = @p54;
[2025-09-12 12:50:38 INF] Executed DbCommand (12ms) [Parameters=[@p0='?' (DbType = Guid), @p1='?', @p2='?' (DbType = Decimal), @p3='?' (DbType = DateTime), @p4='?', @p5='?', @p6='?', @p7='?', @p8='?' (DbType = Object), @p9='?' (DbType = Object), @p10='?', @p11='?', @p12='?', @p13='?', @p14='?' (DbType = Object), @p15='?' (DbType = Object), @p16='?' (DbType = Object), @p17='?' (DbType = DateTime), @p18='?' (DbType = Object), @p19='?' (DbType = DateTime), @p20='?' (DbType = Guid), @p21='?' (DbType = Int32), @p22='?' (DbType = DateTime), @p23='?' (DbType = Guid), @p24='?' (DbType = Object), @p25='?' (DbType = DateTime)], CommandType='Text', CommandTimeout='30']
INSERT INTO net.payment (id, access_number, amount, created_at, creditor_account_code, creditor_account_number, creditor_account_particulars, creditor_account_reference, creditor_account_source, currency, debtor_account_code, debtor_account_number, debtor_account_particulars, debtor_account_reference, debtor_account_source, fraud_check_disposition, payment_type, processed_at, status, updated_at)
VALUES (@p0, @p1, @p2, @p3, @p4, @p5, @p6, @p7, @p8, @p9, @p10, @p11, @p12, @p13, @p14, @p15, @p16, @p17, @p18, @p19);
INSERT INTO net.nrt_outbox (id, attempts, created_at, payment_id, status, updated_at)
VALUES (@p20, @p21, @p22, @p23, @p24, @p25);
[2025-09-12 12:50:38 INF] Successfully created map FraudCheckNRTMock_Success_030fae24-1f5f-4fe9-84b9-e45f0e032f74 for /api/v1/financial-transaction-fraud-checks/0b925435-10d1-45d2-98b7-5ab8b2f35da4
[2025-09-12 12:50:39 INF] Executed DbCommand (1ms) [Parameters=[@__p_0='?' (DbType = Guid)], CommandType='Text', CommandTimeout='30']
SELECT n.id, n.attempts, n.created_at, n.payment_id, n.status, n.updated_at
FROM net.nrt_outbox AS n
WHERE n.id = @__p_0
LIMIT 1
[2025-09-12 12:50:39 INF] Finished Test Execution: Example_Process_NRT_On_Demand
[2025-09-12 12:50:39 INF] ---------------------------------------------------



TestContext Messages:
Given The NRT table is clean
-&gt; done: POrchAPIStepDefinitions.GivenTheNrtTableIsClean() (0.6s)
And there is an NRT entry with payment successful to process
-&gt; done: POrchAPIStepDefinitions.GivenThereIsAnNrtEntryToProcess("successful") (0.1s)
And the NRT entry should be processed successfully
-&gt; done: POrchAPIStepDefinitions.GivenTheNrtEntryShouldBeProcessedSuccessfully() (0.0s)
When the NRT Processor Has Run for at most 1 entry
-&gt; done: POrchAPIStepDefinitions.WhenTheNrtProcessorHasRunForAtMostXEntry(1) (0.2s)
Then the NRT entry has status Sent
-&gt; done: POrchAPIStepDefinitions.ThenTheNrtEntryHasStatus("Sent") (0.1s)</StdOut>
      </Output>
    </UnitTestResult>
    <UnitTestResult executionId="7f9bd2c8-9c47-4874-b205-83f2f1926c8c" testId="42d01a79-698a-8bdf-a47a-b3816ad9c51b" testName="POrchAPI_Valid_Creditor_Code_Return_Success (=@#_%,.,201,)" computerName="ip-10-130-163-171" duration="00:00:01.0775804" startTime="2025-09-12T12:49:54.8657068+12:00" endTime="2025-09-12T12:49:55.9435015+12:00" testType="13cdc9d9-ddb5-4fa4-a97d-d965ccfc6d4b" outcome="Passed" testListId="8c84fa94-04c1-424b-9868-57a2d4851a1d" relativeResultsDirectory="7f9bd2c8-9c47-4874-b205-83f2f1926c8c">
      <Output>
        <StdOut>[2025-09-12 12:49:54 INF] Starting Test Execution: POrchAPI_Valid_Creditor_Code_Return_Success:["[CreditorCodeValue, =@#_%,.]","[StatusCode, 201]"]
[2025-09-12 12:49:54 INF] Mocks are not ready after 1 / 5 attempt(s). Expected 2 mock(s) to be registered with the manager and got 0.
[2025-09-12 12:49:54 INF] Successfully created map FraudcheckMock_Authorize_b0dc18bc-2faf-49ee-b4e7-812d8d282b28 for /api/v1/financial-transaction-fraud-checks
[2025-09-12 12:49:54 INF] Successfully created map MiddlewareMock_Success_d4cf0f6d-96c1-4b22-94b9-95b8ee9bd5ce for /initialisepaymentorder/basic
[2025-09-12 12:49:55 INF] Response has PaymentId: 5ab21564-1c8d-4951-9d37-bd3179ff8b59
[2025-09-12 12:49:55 INF] Finished Test Execution: POrchAPI_Valid_Creditor_Code_Return_Success
[2025-09-12 12:49:55 INF] ---------------------------------------------------



TestContext Messages:
Given a POrch PaymentRequest is created
-&gt; done: POrchAPIStepDefinitions.GivenAPOrchPaymentRequestIsCreated() (0.0s)
And the Payment Creditor Code is =@#_%,.
-&gt; done: POrchAPIStepDefinitions.WhenTheCreditorCodeIs("Payment", "=@#_%,.") (0.0s)
And FraudCheck Response is Authorize
-&gt; done: POrchAPIStepDefinitions.SetFraudCheckResponse("Authorize") (0.0s)
And MiddleWare Response is Success
-&gt; done: POrchAPIStepDefinitions.SetMiddlewareResponse("Success") (0.0s)
When POrch Payment API is called
-&gt; done: POrchAPIStepDefinitions.WhenPOrchAPIIsCalled("Payment") (1.1s)
Then the request should return status code 201
-&gt; done: POrchAPIStepDefinitions.ThenTheRequestShouldReturnStatusCode(201) (0.0s)</StdOut>
      </Output>
    </UnitTestResult>
    <UnitTestResult executionId="762c4e0c-5fa1-41f6-9cf3-4a2dba29dc5c" testId="9e425f6e-42f2-b256-89c2-edfb5efac27a" testName="POrchAPI_Invalid_PAS_Response_Doesnt_Retry (400,,)" computerName="ip-10-130-163-171" duration="00:00:00.6126202" startTime="2025-09-12T12:50:48.0093659+12:00" endTime="2025-09-12T12:50:48.6221340+12:00" testType="13cdc9d9-ddb5-4fa4-a97d-d965ccfc6d4b" outcome="Passed" testListId="8c84fa94-04c1-424b-9868-57a2d4851a1d" relativeResultsDirectory="762c4e0c-5fa1-41f6-9cf3-4a2dba29dc5c">
      <Output>
        <StdOut>[2025-09-12 12:50:48 INF] Starting Test Execution: POrchAPI_Invalid_PAS_Response_Doesn't_Retry:["[PASResponse, 400]"]
[2025-09-12 12:50:48 INF] Successfully created map FraudcheckMock_Decline_f04578ab-0a0e-4948-9b29-2e36690e1332 for /api/v1/financial-transaction-fraud-checks
[2025-09-12 12:50:48 INF] Successfully created map PASSuccess_dd221b4d-cd67-424c-a842-91129df7cd84 for /v2/activities
[2025-09-12 12:50:48 INF] Successfully created map PASErrorResponse_400_fa512923-8a68-4659-b998-5979e5dfc09b_1 for /v2/activities
[2025-09-12 12:50:48 INF] Response has PaymentId: 818baa7c-4b94-413c-a9f8-5e2e9dd73181
[2025-09-12 12:50:48 INF] Finished Test Execution: POrchAPI_Invalid_PAS_Response_Doesn't_Retry
[2025-09-12 12:50:48 INF] ---------------------------------------------------



TestContext Messages:
Given a POrch PaymentRequest is created
-&gt; done: POrchAPIStepDefinitions.GivenAPOrchPaymentRequestIsCreated() (0.0s)
And FraudCheck Response is Decline
-&gt; done: POrchAPIStepDefinitions.SetFraudCheckResponse("Decline") (0.0s)
And the PAS mock response will return 400 then 200
-&gt; done: POrchAPIStepDefinitions.GivenThePASMockResponseWillReturnThen("400") (0.5s)
When POrch Payment API is called
-&gt; done: POrchAPIStepDefinitions.WhenPOrchAPIIsCalled("Payment") (0.1s)
Then the request should return status code 409
-&gt; done: POrchAPIStepDefinitions.ThenTheRequestShouldReturnStatusCode(409) (0.0s)
And there are 1 calls to the PASErrorResponse mock
-&gt; done: POrchAPIStepDefinitions.ThenThereAreCallsToThePasMock(1, "PASErrorResponse") (0.0s)</StdOut>
      </Output>
    </UnitTestResult>
    <UnitTestResult executionId="5187c288-16b0-4d93-9dc7-33c113e226aa" testId="fcc87965-3b73-69f4-c122-fdfc94e1d8cb" testName="POrchAPI_Various_Amounts_Return_Error_When_Length_Exceeded (00000000000.01,,)" computerName="ip-10-130-163-171" duration="00:00:01.0201607" startTime="2025-09-12T12:49:43.1544404+12:00" endTime="2025-09-12T12:49:44.1748621+12:00" testType="13cdc9d9-ddb5-4fa4-a97d-d965ccfc6d4b" outcome="Passed" testListId="8c84fa94-04c1-424b-9868-57a2d4851a1d" relativeResultsDirectory="5187c288-16b0-4d93-9dc7-33c113e226aa">
      <Output>
        <StdOut>[2025-09-12 12:49:43 INF] Starting Test Execution: POrchAPI_Various_Amounts_Return_Error_When_Length_Exceeded:["[Amount, 00000000000.01]"]
[2025-09-12 12:49:43 INF] Mocks are not ready after 1 / 5 attempt(s). Expected 2 mock(s) to be registered with the manager and got 0.
[2025-09-12 12:49:43 INF] Successfully created map FraudcheckMock_Authorize_8df8fc9a-ab7d-4033-972c-0bbe32fdcef6 for /api/v1/financial-transaction-fraud-checks
[2025-09-12 12:49:43 INF] Successfully created map MiddlewareMock_Success_1be326ba-26f1-4c44-a90a-b531b61e8a38 for /initialisepaymentorder/basic
[2025-09-12 12:49:44 INF] Finished Test Execution: POrchAPI_Various_Amounts_Return_Error_When_Length_Exceeded
[2025-09-12 12:49:44 INF] ---------------------------------------------------



TestContext Messages:
Given a POrch PaymentRequest is created
-&gt; done: POrchAPIStepDefinitions.GivenAPOrchPaymentRequestIsCreated() (0.0s)
And the Payment Amount Field is 00000000000.01
-&gt; done: POrchAPIStepDefinitions.WhenTheAcountFieldIs("Payment", "00000000000.01") (0.0s)
And FraudCheck Response is Authorize
-&gt; done: POrchAPIStepDefinitions.SetFraudCheckResponse("Authorize") (0.0s)
And MiddleWare Response is Success
-&gt; done: POrchAPIStepDefinitions.SetMiddlewareResponse("Success") (0.0s)
When POrch Payment API is called
-&gt; done: POrchAPIStepDefinitions.WhenPOrchAPIIsCalled("Payment") (1.0s)
Then the request should return status code 400
-&gt; done: POrchAPIStepDefinitions.ThenTheRequestShouldReturnStatusCode(400) (0.0s)</StdOut>
      </Output>
    </UnitTestResult>
  </Results>
  <TestDefinitions>
    <UnitTest name="POrchAPI_Middleware_Retries_Correctly (500,201,)" storage="/codebuild/output/src2564200978/src/kiwibank-kb-cap-c17b067d0899fd8eab76e994fac32f86b40b021f/services/payments-orchestrator/src/testings.integration.mocked/bin/release/net8.0/kiwibank.payments.paymentsorchestrator.testings.integration.mocked.dll" id="bfac94ad-c6ba-d365-29bc-e5cd11571be9">
      <TestCategory>
        <TestCategoryItem TestCategory="Process:L4ProcessPayment" />
        <TestCategoryItem TestCategory="scenarioTest" />
        <TestCategoryItem TestCategory="Outcome:L4ProcessPayment.UltracsUltracsTransfer" />
      </TestCategory>
      <Execution id="e8cd09a1-8483-4b8e-99b2-b1b78242f777" />
      <TestMethod codeBase="/codebuild/output/src2564200978/src/Kiwibank-kb-cap-c17b067d0899fd8eab76e994fac32f86b40b021f/services/payments-orchestrator/src/Testings.Integration.Mocked/bin/Release/net8.0/Kiwibank.Payments.PaymentsOrchestrator.Testings.Integration.Mocked.dll" adapterTypeName="executor://mstestadapter/v2" className="Kiwibank.Payments.PaymentsOrchestrator.Testings.Integration.Mocked.TestFeatures.POrchDownstreamServicesRetryAppropriatelyFeature" name="POrchAPI_Middleware_Retries_Correctly" />
    </UnitTest>
    <UnitTest name="POrchAPI_Transfer_Invalid_Debtor_Account_Source_Return_Error (&lt;null&gt;,400,'DebtorAccountSource' must not be empty.,)" storage="/codebuild/output/src2564200978/src/kiwibank-kb-cap-c17b067d0899fd8eab76e994fac32f86b40b021f/services/payments-orchestrator/src/testings.integration.mocked/bin/release/net8.0/kiwibank.payments.paymentsorchestrator.testings.integration.mocked.dll" id="912abe41-bb13-547c-08b8-149371040095">
      <TestCategory>
        <TestCategoryItem TestCategory="POrchAPI" />
        <TestCategoryItem TestCategory="NegativeTest" />
        <TestCategoryItem TestCategory="Process:L4ProcessPayment" />
        <TestCategoryItem TestCategory="Outcome:L4ProcessPayment.UltracsUltracs" />
      </TestCategory>
      <Execution id="d03be6a7-316c-4aef-84a3-9701e6f415b3" />
      <TestMethod codeBase="/codebuild/output/src2564200978/src/Kiwibank-kb-cap-c17b067d0899fd8eab76e994fac32f86b40b021f/services/payments-orchestrator/src/Testings.Integration.Mocked/bin/Release/net8.0/Kiwibank.Payments.PaymentsOrchestrator.Testings.Integration.Mocked.dll" adapterTypeName="executor://mstestadapter/v2" className="Kiwibank.Payments.PaymentsOrchestrator.Testings.Integration.Mocked.TestFeatures.POrchTransferFieldValidationFeature" name="POrchAPI_Transfer_Invalid_Debtor_Account_Source_Return_Error" />
    </UnitTest>
    <UnitTest name="POrchAPI_Transfer_Invalid_Debtor_Particulars_Return_Error (abcdefghijklmnsey,400,)" storage="/codebuild/output/src2564200978/src/kiwibank-kb-cap-c17b067d0899fd8eab76e994fac32f86b40b021f/services/payments-orchestrator/src/testings.integration.mocked/bin/release/net8.0/kiwibank.payments.paymentsorchestrator.testings.integration.mocked.dll" id="a96aeaab-ab34-d0c0-ddcf-e1f5c6aa6924">
      <TestCategory>
        <TestCategoryItem TestCategory="POrchAPI" />
        <TestCategoryItem TestCategory="NegativeTest" />
        <TestCategoryItem TestCategory="Process:L4ProcessPayment" />
        <TestCategoryItem TestCategory="Outcome:L4ProcessPayment.UltracsUltracs" />
      </TestCategory>
      <Execution id="06a66df4-b4f6-4cd0-ad4b-59d0f6f494cd" />
      <TestMethod codeBase="/codebuild/output/src2564200978/src/Kiwibank-kb-cap-c17b067d0899fd8eab76e994fac32f86b40b021f/services/payments-orchestrator/src/Testings.Integration.Mocked/bin/Release/net8.0/Kiwibank.Payments.PaymentsOrchestrator.Testings.Integration.Mocked.dll" adapterTypeName="executor://mstestadapter/v2" className="Kiwibank.Payments.PaymentsOrchestrator.Testings.Integration.Mocked.TestFeatures.POrchTransferFieldValidationFeature" name="POrchAPI_Transfer_Invalid_Debtor_Particulars_Return_Error" />
    </UnitTest>
    <UnitTest name="POrchAPI_Transfer_Invalid_Creditor_Account_Source_Return_Error (ULTRCS,400,'CreditorAccountSource' can only be Ultracs or TMV for transfers.,)" storage="/codebuild/output/src2564200978/src/kiwibank-kb-cap-c17b067d0899fd8eab76e994fac32f86b40b021f/services/payments-orchestrator/src/testings.integration.mocked/bin/release/net8.0/kiwibank.payments.paymentsorchestrator.testings.integration.mocked.dll" id="75c9d967-90eb-dc3b-3504-20fd3872b6a3">
      <TestCategory>
        <TestCategoryItem TestCategory="POrchAPI" />
        <TestCategoryItem TestCategory="NegativeTest" />
        <TestCategoryItem TestCategory="Process:L4ProcessPayment" />
        <TestCategoryItem TestCategory="Outcome:L4ProcessPayment.UltracsUltracs" />
      </TestCategory>
      <Execution id="5c30bd98-6748-4813-910d-ba8af75c2688" />
      <TestMethod codeBase="/codebuild/output/src2564200978/src/Kiwibank-kb-cap-c17b067d0899fd8eab76e994fac32f86b40b021f/services/payments-orchestrator/src/Testings.Integration.Mocked/bin/Release/net8.0/Kiwibank.Payments.PaymentsOrchestrator.Testings.Integration.Mocked.dll" adapterTypeName="executor://mstestadapter/v2" className="Kiwibank.Payments.PaymentsOrchestrator.Testings.Integration.Mocked.TestFeatures.POrchTransferFieldValidationFeature" name="POrchAPI_Transfer_Invalid_Creditor_Account_Source_Return_Error" />
    </UnitTest>
    <UnitTest name="POrchAPI_Middleware_Retries_To_Maximum_Failure_Limit" storage="/codebuild/output/src2564200978/src/kiwibank-kb-cap-c17b067d0899fd8eab76e994fac32f86b40b021f/services/payments-orchestrator/src/testings.integration.mocked/bin/release/net8.0/kiwibank.payments.paymentsorchestrator.testings.integration.mocked.dll" id="6929a334-af19-28ff-1261-b86a33752757">
      <TestCategory>
        <TestCategoryItem TestCategory="requestTest" />
        <TestCategoryItem TestCategory="Process:L4ProcessPayment" />
        <TestCategoryItem TestCategory="Outcome:L4ProcessPayment.UltracsUltracsTransfer" />
      </TestCategory>
      <Execution id="f58de230-86cb-41b7-bd6e-64a6dadf03db" />
      <TestMethod codeBase="/codebuild/output/src2564200978/src/Kiwibank-kb-cap-c17b067d0899fd8eab76e994fac32f86b40b021f/services/payments-orchestrator/src/Testings.Integration.Mocked/bin/Release/net8.0/Kiwibank.Payments.PaymentsOrchestrator.Testings.Integration.Mocked.dll" adapterTypeName="executor://mstestadapter/v2" className="Kiwibank.Payments.PaymentsOrchestrator.Testings.Integration.Mocked.TestFeatures.POrchDownstreamServicesRetryAppropriatelyFeature" name="POrchAPI_Middleware_Retries_To_Maximum_Failure_Limit" />
    </UnitTest>
    <UnitTest name="POrchAPI_TMVUltracs_Transfer_Invalid_Transfer_Reference_Return_Error (transfer to MR Test - 00,400,)" storage="/codebuild/output/src2564200978/src/kiwibank-kb-cap-c17b067d0899fd8eab76e994fac32f86b40b021f/services/payments-orchestrator/src/testings.integration.mocked/bin/release/net8.0/kiwibank.payments.paymentsorchestrator.testings.integration.mocked.dll" id="feec267f-5f3b-8ce3-d984-d9d9c2c9da27">
      <TestCategory>
        <TestCategoryItem TestCategory="POrchAPI" />
        <TestCategoryItem TestCategory="NegativeTest" />
        <TestCategoryItem TestCategory="Process:L4ProcessPayment" />
        <TestCategoryItem TestCategory="Outcome:L4ProcessPayment.UltracsUltracs" />
      </TestCategory>
      <Execution id="ea397b8c-a1d9-480d-9751-e9202d040185" />
      <TestMethod codeBase="/codebuild/output/src2564200978/src/Kiwibank-kb-cap-c17b067d0899fd8eab76e994fac32f86b40b021f/services/payments-orchestrator/src/Testings.Integration.Mocked/bin/Release/net8.0/Kiwibank.Payments.PaymentsOrchestrator.Testings.Integration.Mocked.dll" adapterTypeName="executor://mstestadapter/v2" className="Kiwibank.Payments.PaymentsOrchestrator.Testings.Integration.Mocked.TestFeatures.POrchTransferFieldValidationFeature" name="POrchAPI_TMVUltracs_Transfer_Invalid_Transfer_Reference_Return_Error" />
    </UnitTest>
    <UnitTest name="POrchAPI_UltracsTMV_Transfer_Invalid_Transfer_Reference_Return_Error (TRANSFER FROM MR Test  00,400,)" storage="/codebuild/output/src2564200978/src/kiwibank-kb-cap-c17b067d0899fd8eab76e994fac32f86b40b021f/services/payments-orchestrator/src/testings.integration.mocked/bin/release/net8.0/kiwibank.payments.paymentsorchestrator.testings.integration.mocked.dll" id="100bbf7a-69e8-fc51-888e-46253336c0ce">
      <TestCategory>
        <TestCategoryItem TestCategory="POrchAPI" />
        <TestCategoryItem TestCategory="NegativeTest" />
        <TestCategoryItem TestCategory="Process:L4ProcessPayment" />
        <TestCategoryItem TestCategory="Outcome:L4ProcessPayment.UltracsUltracs" />
      </TestCategory>
      <Execution id="ab0f1ebd-34a5-4154-823e-d7735ae04a99" />
      <TestMethod codeBase="/codebuild/output/src2564200978/src/Kiwibank-kb-cap-c17b067d0899fd8eab76e994fac32f86b40b021f/services/payments-orchestrator/src/Testings.Integration.Mocked/bin/Release/net8.0/Kiwibank.Payments.PaymentsOrchestrator.Testings.Integration.Mocked.dll" adapterTypeName="executor://mstestadapter/v2" className="Kiwibank.Payments.PaymentsOrchestrator.Testings.Integration.Mocked.TestFeatures.POrchTransferFieldValidationFeature" name="POrchAPI_UltracsTMV_Transfer_Invalid_Transfer_Reference_Return_Error" />
    </UnitTest>
    <UnitTest name="POrchAPI_UltracsTransactionAcct_To_TMVOnlineCall_Successful" storage="/codebuild/output/src2564200978/src/kiwibank-kb-cap-c17b067d0899fd8eab76e994fac32f86b40b021f/services/payments-orchestrator/src/testings.integration.mocked/bin/release/net8.0/kiwibank.payments.paymentsorchestrator.testings.integration.mocked.dll" id="f4caa0e6-6e3d-c131-c429-ec5067fe0c26">
      <TestCategory>
        <TestCategoryItem TestCategory="POrchAPI" />
        <TestCategoryItem TestCategory="PositiveTest" />
        <TestCategoryItem TestCategory="EDB-MPS-IPC-REQ.02" />
        <TestCategoryItem TestCategory="Process:L4ProcessPayment" />
        <TestCategoryItem TestCategory="Outcome:L4ProcessPayment.UltracsTmvTransfer" />
      </TestCategory>
      <Execution id="41bcefe6-bfaf-43a3-8760-3d0085ac2376" />
      <TestMethod codeBase="/codebuild/output/src2564200978/src/Kiwibank-kb-cap-c17b067d0899fd8eab76e994fac32f86b40b021f/services/payments-orchestrator/src/Testings.Integration.Mocked/bin/Release/net8.0/Kiwibank.Payments.PaymentsOrchestrator.Testings.Integration.Mocked.dll" adapterTypeName="executor://mstestadapter/v2" className="Kiwibank.Payments.PaymentsOrchestrator.Testings.Integration.Mocked.TestFeatures.POrchAPITransferUltracsTMVFeature" name="POrchAPI_UltracsTransactionAcct_To_TMVOnlineCall_Successful" />
    </UnitTest>
    <UnitTest name="POrchAPI_Fraud_Times_Out" storage="/codebuild/output/src2564200978/src/kiwibank-kb-cap-c17b067d0899fd8eab76e994fac32f86b40b021f/services/payments-orchestrator/src/testings.integration.mocked/bin/release/net8.0/kiwibank.payments.paymentsorchestrator.testings.integration.mocked.dll" id="f8a4a244-dbd0-c4f9-e484-9d9cd1b3f176">
      <TestCategory>
        <TestCategoryItem TestCategory="Outcome:L4ProcessPayment.UltracsUltracsTransfer" />
        <TestCategoryItem TestCategory="Process:L4ProcessPayment" />
      </TestCategory>
      <Execution id="041068d8-03c2-4573-a867-11e1c56f9944" />
      <TestMethod codeBase="/codebuild/output/src2564200978/src/Kiwibank-kb-cap-c17b067d0899fd8eab76e994fac32f86b40b021f/services/payments-orchestrator/src/Testings.Integration.Mocked/bin/Release/net8.0/Kiwibank.Payments.PaymentsOrchestrator.Testings.Integration.Mocked.dll" adapterTypeName="executor://mstestadapter/v2" className="Kiwibank.Payments.PaymentsOrchestrator.Testings.Integration.Mocked.TestFeatures.POrchDownstreamServicesRetryAppropriatelyFeature" name="POrchAPI_Fraud_Times_Out" />
    </UnitTest>
    <UnitTest name="Example_Process_NRT_On_Demand" storage="/codebuild/output/src2564200978/src/kiwibank-kb-cap-c17b067d0899fd8eab76e994fac32f86b40b021f/services/payments-orchestrator/src/testings.integration.mocked/bin/release/net8.0/kiwibank.payments.paymentsorchestrator.testings.integration.mocked.dll" id="875445ef-e209-9bf8-5e7e-3be88ab2dbc5">
      <TestCategory>
        <TestCategoryItem TestCategory="Process:L4ProcessPayment" />
        <TestCategoryItem TestCategory="POrchNRT" />
        <TestCategoryItem TestCategory="Outcome:L4ProcessPayment.UltracsUltracsTransfer" />
      </TestCategory>
      <Execution id="ade02102-e52b-4d69-8558-05aa5392c6f2" />
      <TestMethod codeBase="/codebuild/output/src2564200978/src/Kiwibank-kb-cap-c17b067d0899fd8eab76e994fac32f86b40b021f/services/payments-orchestrator/src/Testings.Integration.Mocked/bin/Release/net8.0/Kiwibank.Payments.PaymentsOrchestrator.Testings.Integration.Mocked.dll" adapterTypeName="executor://mstestadapter/v2" className="Kiwibank.Payments.PaymentsOrchestrator.Testings.Integration.Mocked.TestFeatures.POrchNRTFeature" name="Example_Process_NRT_On_Demand" />
    </UnitTest>
    <UnitTest name="POrchAPI_Negative_FraudCheck_Success_Middleware_Response (Hold,201,)" storage="/codebuild/output/src2564200978/src/kiwibank-kb-cap-c17b067d0899fd8eab76e994fac32f86b40b021f/services/payments-orchestrator/src/testings.integration.mocked/bin/release/net8.0/kiwibank.payments.paymentsorchestrator.testings.integration.mocked.dll" id="a9489768-942a-dcfa-ad6f-91ef6ea78a74">
      <TestCategory>
        <TestCategoryItem TestCategory="POrchAPI" />
        <TestCategoryItem TestCategory="Process:L4ProcessPayment" />
        <TestCategoryItem TestCategory="Outcome:L4ProcessPayment.UltracsUltracsTransfer" />
      </TestCategory>
      <Execution id="6fb8b990-7ab5-47fe-985c-e990a69ea6e8" />
      <TestMethod codeBase="/codebuild/output/src2564200978/src/Kiwibank-kb-cap-c17b067d0899fd8eab76e994fac32f86b40b021f/services/payments-orchestrator/src/Testings.Integration.Mocked/bin/Release/net8.0/Kiwibank.Payments.PaymentsOrchestrator.Testings.Integration.Mocked.dll" adapterTypeName="executor://mstestadapter/v2" className="Kiwibank.Payments.PaymentsOrchestrator.Testings.Integration.Mocked.TestFeatures.POrchAPIFeature" name="POrchAPI_Negative_FraudCheck_Success_Middleware_Response" />
    </UnitTest>
    <UnitTest name="POrchAPI_TMVToTMV_Valid_Creditor_Particulars_Return_Success (=@#_%,.,201,)" storage="/codebuild/output/src2564200978/src/kiwibank-kb-cap-c17b067d0899fd8eab76e994fac32f86b40b021f/services/payments-orchestrator/src/testings.integration.mocked/bin/release/net8.0/kiwibank.payments.paymentsorchestrator.testings.integration.mocked.dll" id="9be046ce-d5fd-9427-1050-dab4a1484a22">
      <TestCategory>
        <TestCategoryItem TestCategory="Outcome:L4ProcessPayment.TmvTmvTransfer" />
        <TestCategoryItem TestCategory="POrchAPI" />
        <TestCategoryItem TestCategory="PositiveTest" />
        <TestCategoryItem TestCategory="Process:L4ProcessPayment" />
        <TestCategoryItem TestCategory="EDB-MPS-IPC-REQ.01" />
      </TestCategory>
      <Execution id="fecbde58-7b4f-4ecb-a8cf-eabfd6374677" />
      <TestMethod codeBase="/codebuild/output/src2564200978/src/Kiwibank-kb-cap-c17b067d0899fd8eab76e994fac32f86b40b021f/services/payments-orchestrator/src/Testings.Integration.Mocked/bin/Release/net8.0/Kiwibank.Payments.PaymentsOrchestrator.Testings.Integration.Mocked.dll" adapterTypeName="executor://mstestadapter/v2" className="Kiwibank.Payments.PaymentsOrchestrator.Testings.Integration.Mocked.TestFeatures.POrchAPITransferTmvTmvFeature" name="POrchAPI_TMVToTMV_Valid_Creditor_Particulars_Return_Success" />
    </UnitTest>
    <UnitTest name="POrchAPI_Negative_FraudCheck_Success_Middleware_Response (Refer,201,)" storage="/codebuild/output/src2564200978/src/kiwibank-kb-cap-c17b067d0899fd8eab76e994fac32f86b40b021f/services/payments-orchestrator/src/testings.integration.mocked/bin/release/net8.0/kiwibank.payments.paymentsorchestrator.testings.integration.mocked.dll" id="032f12d0-722f-e4e5-5e5f-09b7a65d8a24">
      <TestCategory>
        <TestCategoryItem TestCategory="POrchAPI" />
        <TestCategoryItem TestCategory="Process:L4ProcessPayment" />
        <TestCategoryItem TestCategory="Outcome:L4ProcessPayment.UltracsUltracsTransfer" />
      </TestCategory>
      <Execution id="c23d2ca6-a9bd-4fa0-b354-9634894101de" />
      <TestMethod codeBase="/codebuild/output/src2564200978/src/Kiwibank-kb-cap-c17b067d0899fd8eab76e994fac32f86b40b021f/services/payments-orchestrator/src/Testings.Integration.Mocked/bin/Release/net8.0/Kiwibank.Payments.PaymentsOrchestrator.Testings.Integration.Mocked.dll" adapterTypeName="executor://mstestadapter/v2" className="Kiwibank.Payments.PaymentsOrchestrator.Testings.Integration.Mocked.TestFeatures.POrchAPIFeature" name="POrchAPI_Negative_FraudCheck_Success_Middleware_Response" />
    </UnitTest>
    <UnitTest name="POrchAPI_PAS_Retries (502,,)" storage="/codebuild/output/src2564200978/src/kiwibank-kb-cap-c17b067d0899fd8eab76e994fac32f86b40b021f/services/payments-orchestrator/src/testings.integration.mocked/bin/release/net8.0/kiwibank.payments.paymentsorchestrator.testings.integration.mocked.dll" id="1bfbc150-832a-e4ca-ae13-017131075b85">
      <TestCategory>
        <TestCategoryItem TestCategory="requestTest" />
        <TestCategoryItem TestCategory="Process:L4ProcessPayment" />
        <TestCategoryItem TestCategory="scenarioTest" />
        <TestCategoryItem TestCategory="Outcome:L4ProcessPayment.UltracsUltracsTransfer" />
      </TestCategory>
      <Execution id="8dbf506e-9d00-4966-9435-478701d9dcd1" />
      <TestMethod codeBase="/codebuild/output/src2564200978/src/Kiwibank-kb-cap-c17b067d0899fd8eab76e994fac32f86b40b021f/services/payments-orchestrator/src/Testings.Integration.Mocked/bin/Release/net8.0/Kiwibank.Payments.PaymentsOrchestrator.Testings.Integration.Mocked.dll" adapterTypeName="executor://mstestadapter/v2" className="Kiwibank.Payments.PaymentsOrchestrator.Testings.Integration.Mocked.TestFeatures.POrchDownstreamServicesRetryAppropriatelyFeature" name="POrchAPI_PAS_Retries" />
    </UnitTest>
    <UnitTest name="POrchNRT_Unsuccessful_Response_From_FraudCheck_Successful_From_NRT (FraudFailed,,)" storage="/codebuild/output/src2564200978/src/kiwibank-kb-cap-c17b067d0899fd8eab76e994fac32f86b40b021f/services/payments-orchestrator/src/testings.integration.mocked/bin/release/net8.0/kiwibank.payments.paymentsorchestrator.testings.integration.mocked.dll" id="3788b87d-2ea5-28d2-d757-7cb0d28c8b09">
      <TestCategory>
        <TestCategoryItem TestCategory="Process:L4ProcessPayment" />
        <TestCategoryItem TestCategory="POrchNRT" />
        <TestCategoryItem TestCategory="Outcome:L4ProcessPayment.UltracsUltracsTransfer" />
      </TestCategory>
      <Execution id="dc469f89-6907-4b31-bd07-09f398ae640b" />
      <TestMethod codeBase="/codebuild/output/src2564200978/src/Kiwibank-kb-cap-c17b067d0899fd8eab76e994fac32f86b40b021f/services/payments-orchestrator/src/Testings.Integration.Mocked/bin/Release/net8.0/Kiwibank.Payments.PaymentsOrchestrator.Testings.Integration.Mocked.dll" adapterTypeName="executor://mstestadapter/v2" className="Kiwibank.Payments.PaymentsOrchestrator.Testings.Integration.Mocked.TestFeatures.POrchNRTFeature" name="POrchNRT_Unsuccessful_Response_From_FraudCheck_Successful_From_NRT" />
    </UnitTest>
    <UnitTest name="POrchAPI_UltracsToTMV_Valid_Creditor_Particulars_Return_Success (()+$*!;-/?:,201,)" storage="/codebuild/output/src2564200978/src/kiwibank-kb-cap-c17b067d0899fd8eab76e994fac32f86b40b021f/services/payments-orchestrator/src/testings.integration.mocked/bin/release/net8.0/kiwibank.payments.paymentsorchestrator.testings.integration.mocked.dll" id="ac6f18e1-b1aa-fc1d-9736-25be49d247df">
      <TestCategory>
        <TestCategoryItem TestCategory="POrchAPI" />
        <TestCategoryItem TestCategory="PositiveTest" />
        <TestCategoryItem TestCategory="EDB-MPS-IPC-REQ.02" />
        <TestCategoryItem TestCategory="Process:L4ProcessPayment" />
        <TestCategoryItem TestCategory="Outcome:L4ProcessPayment.UltracsTmvTransfer" />
      </TestCategory>
      <Execution id="a86de32b-527d-4479-842d-a5d1fdab40be" />
      <TestMethod codeBase="/codebuild/output/src2564200978/src/Kiwibank-kb-cap-c17b067d0899fd8eab76e994fac32f86b40b021f/services/payments-orchestrator/src/Testings.Integration.Mocked/bin/Release/net8.0/Kiwibank.Payments.PaymentsOrchestrator.Testings.Integration.Mocked.dll" adapterTypeName="executor://mstestadapter/v2" className="Kiwibank.Payments.PaymentsOrchestrator.Testings.Integration.Mocked.TestFeatures.POrchAPITransferUltracsTMVFeature" name="POrchAPI_UltracsToTMV_Valid_Creditor_Particulars_Return_Success" />
    </UnitTest>
    <UnitTest name="POrchAPI_Valid_Creditor_Reference_Return_Success (()+$*!;-/?:,201,)" storage="/codebuild/output/src2564200978/src/kiwibank-kb-cap-c17b067d0899fd8eab76e994fac32f86b40b021f/services/payments-orchestrator/src/testings.integration.mocked/bin/release/net8.0/kiwibank.payments.paymentsorchestrator.testings.integration.mocked.dll" id="cb4fe453-385e-5b34-821a-7787f23cec1a">
      <TestCategory>
        <TestCategoryItem TestCategory="POrchAPI" />
        <TestCategoryItem TestCategory="Process:L4ProcessPayment" />
        <TestCategoryItem TestCategory="Outcome:L4ProcessPayment.UltracsUltracsTransfer" />
      </TestCategory>
      <Execution id="0aacfeb6-9d66-455c-a573-38f026cf26b9" />
      <TestMethod codeBase="/codebuild/output/src2564200978/src/Kiwibank-kb-cap-c17b067d0899fd8eab76e994fac32f86b40b021f/services/payments-orchestrator/src/Testings.Integration.Mocked/bin/Release/net8.0/Kiwibank.Payments.PaymentsOrchestrator.Testings.Integration.Mocked.dll" adapterTypeName="executor://mstestadapter/v2" className="Kiwibank.Payments.PaymentsOrchestrator.Testings.Integration.Mocked.TestFeatures.POrchAPIFeature" name="POrchAPI_Valid_Creditor_Reference_Return_Success" />
    </UnitTest>
    <UnitTest name="POrchAPI_TMVOnlineCall_To_TMVOnlineCall_Successful" storage="/codebuild/output/src2564200978/src/kiwibank-kb-cap-c17b067d0899fd8eab76e994fac32f86b40b021f/services/payments-orchestrator/src/testings.integration.mocked/bin/release/net8.0/kiwibank.payments.paymentsorchestrator.testings.integration.mocked.dll" id="d9444b0f-2afc-6e33-3f17-3c6285628dbd">
      <TestCategory>
        <TestCategoryItem TestCategory="Outcome:L4ProcessPayment.TmvTmvTransfer" />
        <TestCategoryItem TestCategory="POrchAPI" />
        <TestCategoryItem TestCategory="PositiveTest" />
        <TestCategoryItem TestCategory="Process:L4ProcessPayment" />
        <TestCategoryItem TestCategory="EDB-MPS-IPC-REQ.01" />
      </TestCategory>
      <Execution id="f7905820-171f-453e-9f44-c11c0747e2a7" />
      <TestMethod codeBase="/codebuild/output/src2564200978/src/Kiwibank-kb-cap-c17b067d0899fd8eab76e994fac32f86b40b021f/services/payments-orchestrator/src/Testings.Integration.Mocked/bin/Release/net8.0/Kiwibank.Payments.PaymentsOrchestrator.Testings.Integration.Mocked.dll" adapterTypeName="executor://mstestadapter/v2" className="Kiwibank.Payments.PaymentsOrchestrator.Testings.Integration.Mocked.TestFeatures.POrchAPITransferTmvTmvFeature" name="POrchAPI_TMVOnlineCall_To_TMVOnlineCall_Successful" />
    </UnitTest>
    <UnitTest name="POrchAPI_UltracsToTMV_Negative_MiddleWare_Response_409 (AccountIdentificationInsufficientError,409,)" storage="/codebuild/output/src2564200978/src/kiwibank-kb-cap-c17b067d0899fd8eab76e994fac32f86b40b021f/services/payments-orchestrator/src/testings.integration.mocked/bin/release/net8.0/kiwibank.payments.paymentsorchestrator.testings.integration.mocked.dll" id="2c9ea2e6-7811-c0cf-ceda-c0a495e83bbe">
      <TestCategory>
        <TestCategoryItem TestCategory="POrchAPI" />
        <TestCategoryItem TestCategory="EDB-MPS-IPC-REQ.04" />
        <TestCategoryItem TestCategory="NegativeTest" />
        <TestCategoryItem TestCategory="Process:L4ProcessPayment" />
        <TestCategoryItem TestCategory="Outcome:L4ProcessPayment.UltracsTmvTransfer" />
      </TestCategory>
      <Execution id="39a03902-c918-48bd-851f-d4229ff4478a" />
      <TestMethod codeBase="/codebuild/output/src2564200978/src/Kiwibank-kb-cap-c17b067d0899fd8eab76e994fac32f86b40b021f/services/payments-orchestrator/src/Testings.Integration.Mocked/bin/Release/net8.0/Kiwibank.Payments.PaymentsOrchestrator.Testings.Integration.Mocked.dll" adapterTypeName="executor://mstestadapter/v2" className="Kiwibank.Payments.PaymentsOrchestrator.Testings.Integration.Mocked.TestFeatures.POrchAPITransferUltracsTMVFeature" name="POrchAPI_UltracsToTMV_Negative_MiddleWare_Response_409" />
    </UnitTest>
    <UnitTest name="POrchAPI_Other_Fraud_Responses_Do_Not_Retry (Unknown,409,)" storage="/codebuild/output/src2564200978/src/kiwibank-kb-cap-c17b067d0899fd8eab76e994fac32f86b40b021f/services/payments-orchestrator/src/testings.integration.mocked/bin/release/net8.0/kiwibank.payments.paymentsorchestrator.testings.integration.mocked.dll" id="625b0c4f-ae51-ad6c-59ca-a92337c32e20">
      <TestCategory>
        <TestCategoryItem TestCategory="Process:L4ProcessPayment" />
        <TestCategoryItem TestCategory="scenarioTest" />
        <TestCategoryItem TestCategory="Outcome:L4ProcessPayment.UltracsUltracsTransfer" />
      </TestCategory>
      <Execution id="59e033b3-baff-4b14-9f3a-d9ee9c696a1b" />
      <TestMethod codeBase="/codebuild/output/src2564200978/src/Kiwibank-kb-cap-c17b067d0899fd8eab76e994fac32f86b40b021f/services/payments-orchestrator/src/Testings.Integration.Mocked/bin/Release/net8.0/Kiwibank.Payments.PaymentsOrchestrator.Testings.Integration.Mocked.dll" adapterTypeName="executor://mstestadapter/v2" className="Kiwibank.Payments.PaymentsOrchestrator.Testings.Integration.Mocked.TestFeatures.POrchDownstreamServicesRetryAppropriatelyFeature" name="POrchAPI_Other_Fraud_Responses_Do_Not_Retry" />
    </UnitTest>
    <UnitTest name="POrchAPI_TMVToUltracs_Negative_MiddleWare_Response_409_OtherErrors (InvalidBankBranchNumberError,409,)" storage="/codebuild/output/src2564200978/src/kiwibank-kb-cap-c17b067d0899fd8eab76e994fac32f86b40b021f/services/payments-orchestrator/src/testings.integration.mocked/bin/release/net8.0/kiwibank.payments.paymentsorchestrator.testings.integration.mocked.dll" id="5d38ef26-5475-4696-cbcc-8daeda649577">
      <TestCategory>
        <TestCategoryItem TestCategory="NegativeTest" />
        <TestCategoryItem TestCategory="Outcome:L4ProcessPayment.TmvUltracsTransfer" />
        <TestCategoryItem TestCategory="Process:L4ProcessPayment" />
      </TestCategory>
      <Execution id="998f46dd-6203-4eed-a21f-4ebb865a1f25" />
      <TestMethod codeBase="/codebuild/output/src2564200978/src/Kiwibank-kb-cap-c17b067d0899fd8eab76e994fac32f86b40b021f/services/payments-orchestrator/src/Testings.Integration.Mocked/bin/Release/net8.0/Kiwibank.Payments.PaymentsOrchestrator.Testings.Integration.Mocked.dll" adapterTypeName="executor://mstestadapter/v2" className="Kiwibank.Payments.PaymentsOrchestrator.Testings.Integration.Mocked.TestFeatures.POrchAPITransferTMVUltracsFeature" name="POrchAPI_TMVToUltracs_Negative_MiddleWare_Response_409_OtherErrors" />
    </UnitTest>
    <UnitTest name="POrchAPI_Transfer_Invalid_Debtor_Account_Source_Return_Error (TNV,400,'DebtorAccountSource' can only be Ultracs or TMV for transfers.,)" storage="/codebuild/output/src2564200978/src/kiwibank-kb-cap-c17b067d0899fd8eab76e994fac32f86b40b021f/services/payments-orchestrator/src/testings.integration.mocked/bin/release/net8.0/kiwibank.payments.paymentsorchestrator.testings.integration.mocked.dll" id="966c9619-a79f-7ecc-eadf-07d8da635bb8">
      <TestCategory>
        <TestCategoryItem TestCategory="POrchAPI" />
        <TestCategoryItem TestCategory="NegativeTest" />
        <TestCategoryItem TestCategory="Process:L4ProcessPayment" />
        <TestCategoryItem TestCategory="Outcome:L4ProcessPayment.UltracsUltracs" />
      </TestCategory>
      <Execution id="402c25e5-e473-41a6-b332-ec05c0bfec39" />
      <TestMethod codeBase="/codebuild/output/src2564200978/src/Kiwibank-kb-cap-c17b067d0899fd8eab76e994fac32f86b40b021f/services/payments-orchestrator/src/Testings.Integration.Mocked/bin/Release/net8.0/Kiwibank.Payments.PaymentsOrchestrator.Testings.Integration.Mocked.dll" adapterTypeName="executor://mstestadapter/v2" className="Kiwibank.Payments.PaymentsOrchestrator.Testings.Integration.Mocked.TestFeatures.POrchTransferFieldValidationFeature" name="POrchAPI_Transfer_Invalid_Debtor_Account_Source_Return_Error" />
    </UnitTest>
    <UnitTest name="POrchAPI_Invalid_Debtor_Particulars_Return_Error (\,400,)" storage="/codebuild/output/src2564200978/src/kiwibank-kb-cap-c17b067d0899fd8eab76e994fac32f86b40b021f/services/payments-orchestrator/src/testings.integration.mocked/bin/release/net8.0/kiwibank.payments.paymentsorchestrator.testings.integration.mocked.dll" id="f77da77f-ccab-db1f-b601-b20ad8accc1c">
      <TestCategory>
        <TestCategoryItem TestCategory="POrchAPI" />
        <TestCategoryItem TestCategory="NegativeTest" />
        <TestCategoryItem TestCategory="Process:L4ProcessPayment" />
        <TestCategoryItem TestCategory="Outcome:L4ProcessPayment.UltracsUltracsTransfer" />
      </TestCategory>
      <Execution id="24df00f6-b615-49b2-a465-12761e72dde0" />
      <TestMethod codeBase="/codebuild/output/src2564200978/src/Kiwibank-kb-cap-c17b067d0899fd8eab76e994fac32f86b40b021f/services/payments-orchestrator/src/Testings.Integration.Mocked/bin/Release/net8.0/Kiwibank.Payments.PaymentsOrchestrator.Testings.Integration.Mocked.dll" adapterTypeName="executor://mstestadapter/v2" className="Kiwibank.Payments.PaymentsOrchestrator.Testings.Integration.Mocked.TestFeatures.POrchAPIFieldValidationFeature" name="POrchAPI_Invalid_Debtor_Particulars_Return_Error" />
    </UnitTest>
    <UnitTest name="POrchAPI_Invalid_Currency_Return_Error (AUD,400,)" storage="/codebuild/output/src2564200978/src/kiwibank-kb-cap-c17b067d0899fd8eab76e994fac32f86b40b021f/services/payments-orchestrator/src/testings.integration.mocked/bin/release/net8.0/kiwibank.payments.paymentsorchestrator.testings.integration.mocked.dll" id="e6a6ceda-dfef-7277-77b1-95458be43904">
      <TestCategory>
        <TestCategoryItem TestCategory="POrchAPI" />
        <TestCategoryItem TestCategory="NegativeTest" />
        <TestCategoryItem TestCategory="Process:L4ProcessPayment" />
        <TestCategoryItem TestCategory="Outcome:L4ProcessPayment.UltracsUltracsTransfer" />
      </TestCategory>
      <Execution id="4f406a87-5b78-495b-ab4a-4004fec42a8c" />
      <TestMethod codeBase="/codebuild/output/src2564200978/src/Kiwibank-kb-cap-c17b067d0899fd8eab76e994fac32f86b40b021f/services/payments-orchestrator/src/Testings.Integration.Mocked/bin/Release/net8.0/Kiwibank.Payments.PaymentsOrchestrator.Testings.Integration.Mocked.dll" adapterTypeName="executor://mstestadapter/v2" className="Kiwibank.Payments.PaymentsOrchestrator.Testings.Integration.Mocked.TestFeatures.POrchAPIFieldValidationFeature" name="POrchAPI_Invalid_Currency_Return_Error" />
    </UnitTest>
    <UnitTest name="POrchAPI_Negative_MiddleWare_Response_409 (AccountNumberIsInvalidError,409,)" storage="/codebuild/output/src2564200978/src/kiwibank-kb-cap-c17b067d0899fd8eab76e994fac32f86b40b021f/services/payments-orchestrator/src/testings.integration.mocked/bin/release/net8.0/kiwibank.payments.paymentsorchestrator.testings.integration.mocked.dll" id="51ee23f8-e718-45a4-098e-53f61dfd5593">
      <TestCategory>
        <TestCategoryItem TestCategory="POrchAPI" />
        <TestCategoryItem TestCategory="NegativeTest" />
        <TestCategoryItem TestCategory="Process:L4ProcessPayment" />
        <TestCategoryItem TestCategory="Outcome:L4ProcessPayment.UltracsUltracsTransfer" />
      </TestCategory>
      <Execution id="66a9ed84-d0a7-45a5-911b-cbf7c937c779" />
      <TestMethod codeBase="/codebuild/output/src2564200978/src/Kiwibank-kb-cap-c17b067d0899fd8eab76e994fac32f86b40b021f/services/payments-orchestrator/src/Testings.Integration.Mocked/bin/Release/net8.0/Kiwibank.Payments.PaymentsOrchestrator.Testings.Integration.Mocked.dll" adapterTypeName="executor://mstestadapter/v2" className="Kiwibank.Payments.PaymentsOrchestrator.Testings.Integration.Mocked.TestFeatures.POrchAPIFeature" name="POrchAPI_Negative_MiddleWare_Response_409" />
    </UnitTest>
    <UnitTest name="POrchAPI_UltracsToTMV_Negative_MiddleWare_Response_409 (FrozenError,409,)" storage="/codebuild/output/src2564200978/src/kiwibank-kb-cap-c17b067d0899fd8eab76e994fac32f86b40b021f/services/payments-orchestrator/src/testings.integration.mocked/bin/release/net8.0/kiwibank.payments.paymentsorchestrator.testings.integration.mocked.dll" id="7732a642-5f4c-48dd-1d7e-985649745b2b">
      <TestCategory>
        <TestCategoryItem TestCategory="POrchAPI" />
        <TestCategoryItem TestCategory="EDB-MPS-IPC-REQ.04" />
        <TestCategoryItem TestCategory="NegativeTest" />
        <TestCategoryItem TestCategory="Process:L4ProcessPayment" />
        <TestCategoryItem TestCategory="Outcome:L4ProcessPayment.UltracsTmvTransfer" />
      </TestCategory>
      <Execution id="425821fa-9fd0-4d3d-9ff6-9d5928e5edf7" />
      <TestMethod codeBase="/codebuild/output/src2564200978/src/Kiwibank-kb-cap-c17b067d0899fd8eab76e994fac32f86b40b021f/services/payments-orchestrator/src/Testings.Integration.Mocked/bin/Release/net8.0/Kiwibank.Payments.PaymentsOrchestrator.Testings.Integration.Mocked.dll" adapterTypeName="executor://mstestadapter/v2" className="Kiwibank.Payments.PaymentsOrchestrator.Testings.Integration.Mocked.TestFeatures.POrchAPITransferUltracsTMVFeature" name="POrchAPI_UltracsToTMV_Negative_MiddleWare_Response_409" />
    </UnitTest>
    <UnitTest name="POrchAPI_UltracsToTMV_Valid_Debtor_Code_Return_Success (()+$*!;-/?:,201,)" storage="/codebuild/output/src2564200978/src/kiwibank-kb-cap-c17b067d0899fd8eab76e994fac32f86b40b021f/services/payments-orchestrator/src/testings.integration.mocked/bin/release/net8.0/kiwibank.payments.paymentsorchestrator.testings.integration.mocked.dll" id="018ced43-41c2-42e8-f806-f4bb8c3aa21c">
      <TestCategory>
        <TestCategoryItem TestCategory="POrchAPI" />
        <TestCategoryItem TestCategory="PositiveTest" />
        <TestCategoryItem TestCategory="EDB-MPS-IPC-REQ.02" />
        <TestCategoryItem TestCategory="Process:L4ProcessPayment" />
        <TestCategoryItem TestCategory="Outcome:L4ProcessPayment.UltracsTmvTransfer" />
      </TestCategory>
      <Execution id="4e6c4e9e-b0d1-4e15-9902-9f6ef1ffec59" />
      <TestMethod codeBase="/codebuild/output/src2564200978/src/Kiwibank-kb-cap-c17b067d0899fd8eab76e994fac32f86b40b021f/services/payments-orchestrator/src/Testings.Integration.Mocked/bin/Release/net8.0/Kiwibank.Payments.PaymentsOrchestrator.Testings.Integration.Mocked.dll" adapterTypeName="executor://mstestadapter/v2" className="Kiwibank.Payments.PaymentsOrchestrator.Testings.Integration.Mocked.TestFeatures.POrchAPITransferUltracsTMVFeature" name="POrchAPI_UltracsToTMV_Valid_Debtor_Code_Return_Success" />
    </UnitTest>
    <UnitTest name="POrchAPI_PAS_Retries (503,,)" storage="/codebuild/output/src2564200978/src/kiwibank-kb-cap-c17b067d0899fd8eab76e994fac32f86b40b021f/services/payments-orchestrator/src/testings.integration.mocked/bin/release/net8.0/kiwibank.payments.paymentsorchestrator.testings.integration.mocked.dll" id="f76b3f32-ad31-efe4-5487-c23eb6b9c7da">
      <TestCategory>
        <TestCategoryItem TestCategory="requestTest" />
        <TestCategoryItem TestCategory="Process:L4ProcessPayment" />
        <TestCategoryItem TestCategory="scenarioTest" />
        <TestCategoryItem TestCategory="Outcome:L4ProcessPayment.UltracsUltracsTransfer" />
      </TestCategory>
      <Execution id="2b493e04-c3ba-4e13-91c5-4ff3ba6c7a77" />
      <TestMethod codeBase="/codebuild/output/src2564200978/src/Kiwibank-kb-cap-c17b067d0899fd8eab76e994fac32f86b40b021f/services/payments-orchestrator/src/Testings.Integration.Mocked/bin/Release/net8.0/Kiwibank.Payments.PaymentsOrchestrator.Testings.Integration.Mocked.dll" adapterTypeName="executor://mstestadapter/v2" className="Kiwibank.Payments.PaymentsOrchestrator.Testings.Integration.Mocked.TestFeatures.POrchDownstreamServicesRetryAppropriatelyFeature" name="POrchAPI_PAS_Retries" />
    </UnitTest>
    <UnitTest name="POrchAPI_TMVToUltracs_Valid_Creditor_Reference_Return_Success (=@#_%,.,201,)" storage="/codebuild/output/src2564200978/src/kiwibank-kb-cap-c17b067d0899fd8eab76e994fac32f86b40b021f/services/payments-orchestrator/src/testings.integration.mocked/bin/release/net8.0/kiwibank.payments.paymentsorchestrator.testings.integration.mocked.dll" id="4d49d458-cfe1-d6c1-2067-018152c6cee1">
      <TestCategory>
        <TestCategoryItem TestCategory="POrchAPI" />
        <TestCategoryItem TestCategory="PositiveTest" />
        <TestCategoryItem TestCategory="Outcome:L4ProcessPayment.TmvUltracsTransfer" />
        <TestCategoryItem TestCategory="Process:L4ProcessPayment" />
        <TestCategoryItem TestCategory="EDB-MPS-IPC-REQ.02" />
      </TestCategory>
      <Execution id="4bef0280-e86e-4630-8599-06edb629592e" />
      <TestMethod codeBase="/codebuild/output/src2564200978/src/Kiwibank-kb-cap-c17b067d0899fd8eab76e994fac32f86b40b021f/services/payments-orchestrator/src/Testings.Integration.Mocked/bin/Release/net8.0/Kiwibank.Payments.PaymentsOrchestrator.Testings.Integration.Mocked.dll" adapterTypeName="executor://mstestadapter/v2" className="Kiwibank.Payments.PaymentsOrchestrator.Testings.Integration.Mocked.TestFeatures.POrchAPITransferTMVUltracsFeature" name="POrchAPI_TMVToUltracs_Valid_Creditor_Reference_Return_Success" />
    </UnitTest>
    <UnitTest name="POrchAPI_UltracsTMV_Transfer_Invalid_Transfer_Reference_Return_Error (TRANSFER FROM MR Test - 00,400,)" storage="/codebuild/output/src2564200978/src/kiwibank-kb-cap-c17b067d0899fd8eab76e994fac32f86b40b021f/services/payments-orchestrator/src/testings.integration.mocked/bin/release/net8.0/kiwibank.payments.paymentsorchestrator.testings.integration.mocked.dll" id="619942a7-a80d-eb03-35dd-da59797fd3a6">
      <TestCategory>
        <TestCategoryItem TestCategory="POrchAPI" />
        <TestCategoryItem TestCategory="NegativeTest" />
        <TestCategoryItem TestCategory="Process:L4ProcessPayment" />
        <TestCategoryItem TestCategory="Outcome:L4ProcessPayment.UltracsUltracs" />
      </TestCategory>
      <Execution id="e3159a64-1a31-4cf1-a74b-491c4b89f8a5" />
      <TestMethod codeBase="/codebuild/output/src2564200978/src/Kiwibank-kb-cap-c17b067d0899fd8eab76e994fac32f86b40b021f/services/payments-orchestrator/src/Testings.Integration.Mocked/bin/Release/net8.0/Kiwibank.Payments.PaymentsOrchestrator.Testings.Integration.Mocked.dll" adapterTypeName="executor://mstestadapter/v2" className="Kiwibank.Payments.PaymentsOrchestrator.Testings.Integration.Mocked.TestFeatures.POrchTransferFieldValidationFeature" name="POrchAPI_UltracsTMV_Transfer_Invalid_Transfer_Reference_Return_Error" />
    </UnitTest>
    <UnitTest name="POrchAPI_UltracsToTMV_Negative_MiddleWare_Response_409 (UnknownError,500,)" storage="/codebuild/output/src2564200978/src/kiwibank-kb-cap-c17b067d0899fd8eab76e994fac32f86b40b021f/services/payments-orchestrator/src/testings.integration.mocked/bin/release/net8.0/kiwibank.payments.paymentsorchestrator.testings.integration.mocked.dll" id="4ce7a7b1-260a-ec58-a1fb-b116afa545c9">
      <TestCategory>
        <TestCategoryItem TestCategory="POrchAPI" />
        <TestCategoryItem TestCategory="EDB-MPS-IPC-REQ.04" />
        <TestCategoryItem TestCategory="NegativeTest" />
        <TestCategoryItem TestCategory="Process:L4ProcessPayment" />
        <TestCategoryItem TestCategory="Outcome:L4ProcessPayment.UltracsTmvTransfer" />
      </TestCategory>
      <Execution id="c5deb0f0-40b6-47c5-a152-3b4d16dcf79e" />
      <TestMethod codeBase="/codebuild/output/src2564200978/src/Kiwibank-kb-cap-c17b067d0899fd8eab76e994fac32f86b40b021f/services/payments-orchestrator/src/Testings.Integration.Mocked/bin/Release/net8.0/Kiwibank.Payments.PaymentsOrchestrator.Testings.Integration.Mocked.dll" adapterTypeName="executor://mstestadapter/v2" className="Kiwibank.Payments.PaymentsOrchestrator.Testings.Integration.Mocked.TestFeatures.POrchAPITransferUltracsTMVFeature" name="POrchAPI_UltracsToTMV_Negative_MiddleWare_Response_409" />
    </UnitTest>
    <UnitTest name="POrchAPI_TMVToUltracs_Valid_Creditor_Code_Return_Success (()+$*!;-/?:,201,)" storage="/codebuild/output/src2564200978/src/kiwibank-kb-cap-c17b067d0899fd8eab76e994fac32f86b40b021f/services/payments-orchestrator/src/testings.integration.mocked/bin/release/net8.0/kiwibank.payments.paymentsorchestrator.testings.integration.mocked.dll" id="6dffef42-0f67-d446-3f31-7148f50c92b8">
      <TestCategory>
        <TestCategoryItem TestCategory="POrchAPI" />
        <TestCategoryItem TestCategory="PositiveTest" />
        <TestCategoryItem TestCategory="Outcome:L4ProcessPayment.TmvUltracsTransfer" />
        <TestCategoryItem TestCategory="Process:L4ProcessPayment" />
        <TestCategoryItem TestCategory="EDB-MPS-IPC-REQ.02" />
      </TestCategory>
      <Execution id="71901aa1-1904-4a59-9211-73b94d78d0b4" />
      <TestMethod codeBase="/codebuild/output/src2564200978/src/Kiwibank-kb-cap-c17b067d0899fd8eab76e994fac32f86b40b021f/services/payments-orchestrator/src/Testings.Integration.Mocked/bin/Release/net8.0/Kiwibank.Payments.PaymentsOrchestrator.Testings.Integration.Mocked.dll" adapterTypeName="executor://mstestadapter/v2" className="Kiwibank.Payments.PaymentsOrchestrator.Testings.Integration.Mocked.TestFeatures.POrchAPITransferTMVUltracsFeature" name="POrchAPI_TMVToUltracs_Valid_Creditor_Code_Return_Success" />
    </UnitTest>
    <UnitTest name="POrchAPI_Invalid_Creditor_Reference_Return_Error (},400,)" storage="/codebuild/output/src2564200978/src/kiwibank-kb-cap-c17b067d0899fd8eab76e994fac32f86b40b021f/services/payments-orchestrator/src/testings.integration.mocked/bin/release/net8.0/kiwibank.payments.paymentsorchestrator.testings.integration.mocked.dll" id="440dfa76-f2d6-e073-a941-9c06f5701cb8">
      <TestCategory>
        <TestCategoryItem TestCategory="POrchAPI" />
        <TestCategoryItem TestCategory="NegativeTest" />
        <TestCategoryItem TestCategory="Process:L4ProcessPayment" />
        <TestCategoryItem TestCategory="Outcome:L4ProcessPayment.UltracsUltracsTransfer" />
      </TestCategory>
      <Execution id="677b9cff-c309-4aa2-96cf-e9a7686f6db0" />
      <TestMethod codeBase="/codebuild/output/src2564200978/src/Kiwibank-kb-cap-c17b067d0899fd8eab76e994fac32f86b40b021f/services/payments-orchestrator/src/Testings.Integration.Mocked/bin/Release/net8.0/Kiwibank.Payments.PaymentsOrchestrator.Testings.Integration.Mocked.dll" adapterTypeName="executor://mstestadapter/v2" className="Kiwibank.Payments.PaymentsOrchestrator.Testings.Integration.Mocked.TestFeatures.POrchAPIFieldValidationFeature" name="POrchAPI_Invalid_Creditor_Reference_Return_Error" />
    </UnitTest>
    <UnitTest name="POrchAPI_Various_Amounts_Return_Success_When_Below_Max (1.11,,)" storage="/codebuild/output/src2564200978/src/kiwibank-kb-cap-c17b067d0899fd8eab76e994fac32f86b40b021f/services/payments-orchestrator/src/testings.integration.mocked/bin/release/net8.0/kiwibank.payments.paymentsorchestrator.testings.integration.mocked.dll" id="71d1c267-cd8e-60d5-e61b-182ab1bdc68a">
      <TestCategory>
        <TestCategoryItem TestCategory="POrchAPI" />
        <TestCategoryItem TestCategory="Process:L4ProcessPayment" />
        <TestCategoryItem TestCategory="Outcome:L4ProcessPayment.UltracsUltracsTransfer" />
      </TestCategory>
      <Execution id="72a6aa5e-12fd-44cc-9b40-8631d830337c" />
      <TestMethod codeBase="/codebuild/output/src2564200978/src/Kiwibank-kb-cap-c17b067d0899fd8eab76e994fac32f86b40b021f/services/payments-orchestrator/src/Testings.Integration.Mocked/bin/Release/net8.0/Kiwibank.Payments.PaymentsOrchestrator.Testings.Integration.Mocked.dll" adapterTypeName="executor://mstestadapter/v2" className="Kiwibank.Payments.PaymentsOrchestrator.Testings.Integration.Mocked.TestFeatures.POrchAPIFeature" name="POrchAPI_Various_Amounts_Return_Success_When_Below_Max" />
    </UnitTest>
    <UnitTest name="POrchAPI_TMVToUltracs_Negative_MiddleWare_Response_409 (InsufficientFundsError,409,)" storage="/codebuild/output/src2564200978/src/kiwibank-kb-cap-c17b067d0899fd8eab76e994fac32f86b40b021f/services/payments-orchestrator/src/testings.integration.mocked/bin/release/net8.0/kiwibank.payments.paymentsorchestrator.testings.integration.mocked.dll" id="9b93787a-b09d-885f-e62d-26302a9764e3">
      <TestCategory>
        <TestCategoryItem TestCategory="POrchAPI" />
        <TestCategoryItem TestCategory="EDB-MPS-IPC-REQ.04" />
        <TestCategoryItem TestCategory="NegativeTest" />
        <TestCategoryItem TestCategory="Outcome:L4ProcessPayment.TmvUltracsTransfer" />
        <TestCategoryItem TestCategory="Process:L4ProcessPayment" />
      </TestCategory>
      <Execution id="fddb0c2f-2322-4b4e-9a0b-5fec7d9852d4" />
      <TestMethod codeBase="/codebuild/output/src2564200978/src/Kiwibank-kb-cap-c17b067d0899fd8eab76e994fac32f86b40b021f/services/payments-orchestrator/src/Testings.Integration.Mocked/bin/Release/net8.0/Kiwibank.Payments.PaymentsOrchestrator.Testings.Integration.Mocked.dll" adapterTypeName="executor://mstestadapter/v2" className="Kiwibank.Payments.PaymentsOrchestrator.Testings.Integration.Mocked.TestFeatures.POrchAPITransferTMVUltracsFeature" name="POrchAPI_TMVToUltracs_Negative_MiddleWare_Response_409" />
    </UnitTest>
    <UnitTest name="POrchAPI_Negative_FraudCheck_Response_Frozen_Middleware_409 (Unknown,409,)" storage="/codebuild/output/src2564200978/src/kiwibank-kb-cap-c17b067d0899fd8eab76e994fac32f86b40b021f/services/payments-orchestrator/src/testings.integration.mocked/bin/release/net8.0/kiwibank.payments.paymentsorchestrator.testings.integration.mocked.dll" id="fc88963e-633c-7e9a-9319-8a8e2a64aa72">
      <TestCategory>
        <TestCategoryItem TestCategory="POrchAPI" />
        <TestCategoryItem TestCategory="NegativeTest" />
        <TestCategoryItem TestCategory="Process:L4ProcessPayment" />
        <TestCategoryItem TestCategory="Outcome:L4ProcessPayment.UltracsUltracsTransfer" />
      </TestCategory>
      <Execution id="46562038-f1f4-4274-ad29-1a88fce0a99c" />
      <TestMethod codeBase="/codebuild/output/src2564200978/src/Kiwibank-kb-cap-c17b067d0899fd8eab76e994fac32f86b40b021f/services/payments-orchestrator/src/Testings.Integration.Mocked/bin/Release/net8.0/Kiwibank.Payments.PaymentsOrchestrator.Testings.Integration.Mocked.dll" adapterTypeName="executor://mstestadapter/v2" className="Kiwibank.Payments.PaymentsOrchestrator.Testings.Integration.Mocked.TestFeatures.POrchAPIFeature" name="POrchAPI_Negative_FraudCheck_Response_Frozen_Middleware_409" />
    </UnitTest>
    <UnitTest name="POrchAPI_Various_Amounts_Return_Success_When_Below_Max (0.99,,)" storage="/codebuild/output/src2564200978/src/kiwibank-kb-cap-c17b067d0899fd8eab76e994fac32f86b40b021f/services/payments-orchestrator/src/testings.integration.mocked/bin/release/net8.0/kiwibank.payments.paymentsorchestrator.testings.integration.mocked.dll" id="713e31be-1e71-4306-14c3-db35d3aa1175">
      <TestCategory>
        <TestCategoryItem TestCategory="POrchAPI" />
        <TestCategoryItem TestCategory="Process:L4ProcessPayment" />
        <TestCategoryItem TestCategory="Outcome:L4ProcessPayment.UltracsUltracsTransfer" />
      </TestCategory>
      <Execution id="f5840b70-e887-4604-b108-b55db83245d1" />
      <TestMethod codeBase="/codebuild/output/src2564200978/src/Kiwibank-kb-cap-c17b067d0899fd8eab76e994fac32f86b40b021f/services/payments-orchestrator/src/Testings.Integration.Mocked/bin/Release/net8.0/Kiwibank.Payments.PaymentsOrchestrator.Testings.Integration.Mocked.dll" adapterTypeName="executor://mstestadapter/v2" className="Kiwibank.Payments.PaymentsOrchestrator.Testings.Integration.Mocked.TestFeatures.POrchAPIFeature" name="POrchAPI_Various_Amounts_Return_Success_When_Below_Max" />
    </UnitTest>
    <UnitTest name="POrchAPI_Other_Middleware_Responses_Do_Not_Retry (AccountNumberIsInvalidForTransactionTypeError,409,)" storage="/codebuild/output/src2564200978/src/kiwibank-kb-cap-c17b067d0899fd8eab76e994fac32f86b40b021f/services/payments-orchestrator/src/testings.integration.mocked/bin/release/net8.0/kiwibank.payments.paymentsorchestrator.testings.integration.mocked.dll" id="682d9c8c-0c1a-75fd-a1d2-d379a05c7ce3">
      <TestCategory>
        <TestCategoryItem TestCategory="Process:L4ProcessPayment" />
        <TestCategoryItem TestCategory="scenarioTest" />
        <TestCategoryItem TestCategory="Outcome:L4ProcessPayment.UltracsUltracsTransfer" />
      </TestCategory>
      <Execution id="b747a449-8875-435f-9595-b49daaed6d94" />
      <TestMethod codeBase="/codebuild/output/src2564200978/src/Kiwibank-kb-cap-c17b067d0899fd8eab76e994fac32f86b40b021f/services/payments-orchestrator/src/Testings.Integration.Mocked/bin/Release/net8.0/Kiwibank.Payments.PaymentsOrchestrator.Testings.Integration.Mocked.dll" adapterTypeName="executor://mstestadapter/v2" className="Kiwibank.Payments.PaymentsOrchestrator.Testings.Integration.Mocked.TestFeatures.POrchDownstreamServicesRetryAppropriatelyFeature" name="POrchAPI_Other_Middleware_Responses_Do_Not_Retry" />
    </UnitTest>
    <UnitTest name="POrchAPI_TMVOnlineCall_To_UltracsTransactionAcct_Successful" storage="/codebuild/output/src2564200978/src/kiwibank-kb-cap-c17b067d0899fd8eab76e994fac32f86b40b021f/services/payments-orchestrator/src/testings.integration.mocked/bin/release/net8.0/kiwibank.payments.paymentsorchestrator.testings.integration.mocked.dll" id="5d389af9-65a5-c3f7-2ce0-186dd7e293bb">
      <TestCategory>
        <TestCategoryItem TestCategory="POrchAPI" />
        <TestCategoryItem TestCategory="PositiveTest" />
        <TestCategoryItem TestCategory="Outcome:L4ProcessPayment.TmvUltracsTransfer" />
        <TestCategoryItem TestCategory="Process:L4ProcessPayment" />
        <TestCategoryItem TestCategory="EDB-MPS-IPC-REQ.02" />
      </TestCategory>
      <Execution id="9678bd02-d000-42e7-9190-8b80e4012507" />
      <TestMethod codeBase="/codebuild/output/src2564200978/src/Kiwibank-kb-cap-c17b067d0899fd8eab76e994fac32f86b40b021f/services/payments-orchestrator/src/Testings.Integration.Mocked/bin/Release/net8.0/Kiwibank.Payments.PaymentsOrchestrator.Testings.Integration.Mocked.dll" adapterTypeName="executor://mstestadapter/v2" className="Kiwibank.Payments.PaymentsOrchestrator.Testings.Integration.Mocked.TestFeatures.POrchAPITransferTMVUltracsFeature" name="POrchAPI_TMVOnlineCall_To_UltracsTransactionAcct_Successful" />
    </UnitTest>
    <UnitTest name="POrchAPI_UltracsToTMV_Valid_Debtor_Particulars_Return_Success (()+$*!;-/?:,201,)" storage="/codebuild/output/src2564200978/src/kiwibank-kb-cap-c17b067d0899fd8eab76e994fac32f86b40b021f/services/payments-orchestrator/src/testings.integration.mocked/bin/release/net8.0/kiwibank.payments.paymentsorchestrator.testings.integration.mocked.dll" id="8fe1e456-62c1-1f3d-ba20-1f75ca2590ef">
      <TestCategory>
        <TestCategoryItem TestCategory="POrchAPI" />
        <TestCategoryItem TestCategory="PositiveTest" />
        <TestCategoryItem TestCategory="EDB-MPS-IPC-REQ.02" />
        <TestCategoryItem TestCategory="Process:L4ProcessPayment" />
        <TestCategoryItem TestCategory="Outcome:L4ProcessPayment.UltracsTmvTransfer" />
      </TestCategory>
      <Execution id="e3cf8c0a-06b8-4099-be4f-40884d626b12" />
      <TestMethod codeBase="/codebuild/output/src2564200978/src/Kiwibank-kb-cap-c17b067d0899fd8eab76e994fac32f86b40b021f/services/payments-orchestrator/src/Testings.Integration.Mocked/bin/Release/net8.0/Kiwibank.Payments.PaymentsOrchestrator.Testings.Integration.Mocked.dll" adapterTypeName="executor://mstestadapter/v2" className="Kiwibank.Payments.PaymentsOrchestrator.Testings.Integration.Mocked.TestFeatures.POrchAPITransferUltracsTMVFeature" name="POrchAPI_UltracsToTMV_Valid_Debtor_Particulars_Return_Success" />
    </UnitTest>
    <UnitTest name="POrchAPI_Various_Amounts_Return_Success_When_Below_Max (01.11,,)" storage="/codebuild/output/src2564200978/src/kiwibank-kb-cap-c17b067d0899fd8eab76e994fac32f86b40b021f/services/payments-orchestrator/src/testings.integration.mocked/bin/release/net8.0/kiwibank.payments.paymentsorchestrator.testings.integration.mocked.dll" id="c8bcd01b-a393-1de5-8512-1f4782ddff91">
      <TestCategory>
        <TestCategoryItem TestCategory="POrchAPI" />
        <TestCategoryItem TestCategory="Process:L4ProcessPayment" />
        <TestCategoryItem TestCategory="Outcome:L4ProcessPayment.UltracsUltracsTransfer" />
      </TestCategory>
      <Execution id="9654c0f7-4062-4360-9386-54b537c47dcf" />
      <TestMethod codeBase="/codebuild/output/src2564200978/src/Kiwibank-kb-cap-c17b067d0899fd8eab76e994fac32f86b40b021f/services/payments-orchestrator/src/Testings.Integration.Mocked/bin/Release/net8.0/Kiwibank.Payments.PaymentsOrchestrator.Testings.Integration.Mocked.dll" adapterTypeName="executor://mstestadapter/v2" className="Kiwibank.Payments.PaymentsOrchestrator.Testings.Integration.Mocked.TestFeatures.POrchAPIFeature" name="POrchAPI_Various_Amounts_Return_Success_When_Below_Max" />
    </UnitTest>
    <UnitTest name="POrchAPI_Invalid_PAS_Response_Doesnt_Retry (403,,)" storage="/codebuild/output/src2564200978/src/kiwibank-kb-cap-c17b067d0899fd8eab76e994fac32f86b40b021f/services/payments-orchestrator/src/testings.integration.mocked/bin/release/net8.0/kiwibank.payments.paymentsorchestrator.testings.integration.mocked.dll" id="68699688-1432-0773-2a3e-42a9bd29c51d">
      <TestCategory>
        <TestCategoryItem TestCategory="requestTest" />
        <TestCategoryItem TestCategory="Process:L4ProcessPayment" />
        <TestCategoryItem TestCategory="scenarioTest" />
        <TestCategoryItem TestCategory="Outcome:L4ProcessPayment.UltracsUltracsTransfer" />
      </TestCategory>
      <Execution id="723bfe0d-8df5-43be-aaa9-637880c3fd35" />
      <TestMethod codeBase="/codebuild/output/src2564200978/src/Kiwibank-kb-cap-c17b067d0899fd8eab76e994fac32f86b40b021f/services/payments-orchestrator/src/Testings.Integration.Mocked/bin/Release/net8.0/Kiwibank.Payments.PaymentsOrchestrator.Testings.Integration.Mocked.dll" adapterTypeName="executor://mstestadapter/v2" className="Kiwibank.Payments.PaymentsOrchestrator.Testings.Integration.Mocked.TestFeatures.POrchDownstreamServicesRetryAppropriatelyFeature" name="POrchAPI_Invalid_PAS_Response_Doesnt_Retry" />
    </UnitTest>
    <UnitTest name="POrchAPI_Transfer_Invalid_Credit_Account_Return_Error (38123456789765,400,)" storage="/codebuild/output/src2564200978/src/kiwibank-kb-cap-c17b067d0899fd8eab76e994fac32f86b40b021f/services/payments-orchestrator/src/testings.integration.mocked/bin/release/net8.0/kiwibank.payments.paymentsorchestrator.testings.integration.mocked.dll" id="90f3763a-3900-3afd-f670-8ed70f8a8e9e">
      <TestCategory>
        <TestCategoryItem TestCategory="POrchAPI" />
        <TestCategoryItem TestCategory="NegativeTest" />
        <TestCategoryItem TestCategory="Process:L4ProcessPayment" />
        <TestCategoryItem TestCategory="Outcome:L4ProcessPayment.UltracsUltracs" />
      </TestCategory>
      <Execution id="030f0adc-5841-43e7-9c46-b8a58863aa81" />
      <TestMethod codeBase="/codebuild/output/src2564200978/src/Kiwibank-kb-cap-c17b067d0899fd8eab76e994fac32f86b40b021f/services/payments-orchestrator/src/Testings.Integration.Mocked/bin/Release/net8.0/Kiwibank.Payments.PaymentsOrchestrator.Testings.Integration.Mocked.dll" adapterTypeName="executor://mstestadapter/v2" className="Kiwibank.Payments.PaymentsOrchestrator.Testings.Integration.Mocked.TestFeatures.POrchTransferFieldValidationFeature" name="POrchAPI_Transfer_Invalid_Credit_Account_Return_Error" />
    </UnitTest>
    <UnitTest name="POrchAPI_TMVToUltracs_Valid_Debtor_Reference_Return_Success (=@#_%,.,201,)" storage="/codebuild/output/src2564200978/src/kiwibank-kb-cap-c17b067d0899fd8eab76e994fac32f86b40b021f/services/payments-orchestrator/src/testings.integration.mocked/bin/release/net8.0/kiwibank.payments.paymentsorchestrator.testings.integration.mocked.dll" id="53c1eb3d-2c21-ebf0-7781-bbd510504b80">
      <TestCategory>
        <TestCategoryItem TestCategory="POrchAPI" />
        <TestCategoryItem TestCategory="PositiveTest" />
        <TestCategoryItem TestCategory="Outcome:L4ProcessPayment.TmvUltracsTransfer" />
        <TestCategoryItem TestCategory="Process:L4ProcessPayment" />
        <TestCategoryItem TestCategory="EDB-MPS-IPC-REQ.02" />
      </TestCategory>
      <Execution id="5bae854d-a2f5-4cc3-b14d-0429df549d34" />
      <TestMethod codeBase="/codebuild/output/src2564200978/src/Kiwibank-kb-cap-c17b067d0899fd8eab76e994fac32f86b40b021f/services/payments-orchestrator/src/Testings.Integration.Mocked/bin/Release/net8.0/Kiwibank.Payments.PaymentsOrchestrator.Testings.Integration.Mocked.dll" adapterTypeName="executor://mstestadapter/v2" className="Kiwibank.Payments.PaymentsOrchestrator.Testings.Integration.Mocked.TestFeatures.POrchAPITransferTMVUltracsFeature" name="POrchAPI_TMVToUltracs_Valid_Debtor_Reference_Return_Success" />
    </UnitTest>
    <UnitTest name="POrchAPI_UltracsToTMV_Valid_Debtor_Particulars_Return_Success (=@#_%,.,201,)" storage="/codebuild/output/src2564200978/src/kiwibank-kb-cap-c17b067d0899fd8eab76e994fac32f86b40b021f/services/payments-orchestrator/src/testings.integration.mocked/bin/release/net8.0/kiwibank.payments.paymentsorchestrator.testings.integration.mocked.dll" id="7ec3e2f7-5c97-0db2-5273-5ff8a3fa8b7d">
      <TestCategory>
        <TestCategoryItem TestCategory="POrchAPI" />
        <TestCategoryItem TestCategory="PositiveTest" />
        <TestCategoryItem TestCategory="EDB-MPS-IPC-REQ.02" />
        <TestCategoryItem TestCategory="Process:L4ProcessPayment" />
        <TestCategoryItem TestCategory="Outcome:L4ProcessPayment.UltracsTmvTransfer" />
      </TestCategory>
      <Execution id="d1918dbb-42cd-44e3-9f8d-f1d9a7e5dee9" />
      <TestMethod codeBase="/codebuild/output/src2564200978/src/Kiwibank-kb-cap-c17b067d0899fd8eab76e994fac32f86b40b021f/services/payments-orchestrator/src/Testings.Integration.Mocked/bin/Release/net8.0/Kiwibank.Payments.PaymentsOrchestrator.Testings.Integration.Mocked.dll" adapterTypeName="executor://mstestadapter/v2" className="Kiwibank.Payments.PaymentsOrchestrator.Testings.Integration.Mocked.TestFeatures.POrchAPITransferUltracsTMVFeature" name="POrchAPI_UltracsToTMV_Valid_Debtor_Particulars_Return_Success" />
    </UnitTest>
    <UnitTest name="POrchAPI_Negative_MiddleWare_Response_409 (AccountDetectionFailedError,409,)" storage="/codebuild/output/src2564200978/src/kiwibank-kb-cap-c17b067d0899fd8eab76e994fac32f86b40b021f/services/payments-orchestrator/src/testings.integration.mocked/bin/release/net8.0/kiwibank.payments.paymentsorchestrator.testings.integration.mocked.dll" id="6f66e914-9cfb-4f18-5611-3ca4f7f1471d">
      <TestCategory>
        <TestCategoryItem TestCategory="POrchAPI" />
        <TestCategoryItem TestCategory="NegativeTest" />
        <TestCategoryItem TestCategory="Process:L4ProcessPayment" />
        <TestCategoryItem TestCategory="Outcome:L4ProcessPayment.UltracsUltracsTransfer" />
      </TestCategory>
      <Execution id="1da10ad2-151a-4aa2-966b-e4ee5a457ab4" />
      <TestMethod codeBase="/codebuild/output/src2564200978/src/Kiwibank-kb-cap-c17b067d0899fd8eab76e994fac32f86b40b021f/services/payments-orchestrator/src/Testings.Integration.Mocked/bin/Release/net8.0/Kiwibank.Payments.PaymentsOrchestrator.Testings.Integration.Mocked.dll" adapterTypeName="executor://mstestadapter/v2" className="Kiwibank.Payments.PaymentsOrchestrator.Testings.Integration.Mocked.TestFeatures.POrchAPIFeature" name="POrchAPI_Negative_MiddleWare_Response_409" />
    </UnitTest>
    <UnitTest name="POrchNRT_Unsuccessful_Response_From_FraudCheck_Unsuccessful_From_NRT (PaymentNrtForbidden,,)" storage="/codebuild/output/src2564200978/src/kiwibank-kb-cap-c17b067d0899fd8eab76e994fac32f86b40b021f/services/payments-orchestrator/src/testings.integration.mocked/bin/release/net8.0/kiwibank.payments.paymentsorchestrator.testings.integration.mocked.dll" id="0ab362cb-d48b-f45c-dc7e-403a2a8556ef">
      <TestCategory>
        <TestCategoryItem TestCategory="negative" />
        <TestCategoryItem TestCategory="Process:L4ProcessPayment" />
        <TestCategoryItem TestCategory="POrchNRT" />
        <TestCategoryItem TestCategory="Outcome:L4ProcessPayment.UltracsUltracsTransfer" />
      </TestCategory>
      <Execution id="bb7cf2ec-7cd5-4f79-8b39-2e5a81da6e2e" />
      <TestMethod codeBase="/codebuild/output/src2564200978/src/Kiwibank-kb-cap-c17b067d0899fd8eab76e994fac32f86b40b021f/services/payments-orchestrator/src/Testings.Integration.Mocked/bin/Release/net8.0/Kiwibank.Payments.PaymentsOrchestrator.Testings.Integration.Mocked.dll" adapterTypeName="executor://mstestadapter/v2" className="Kiwibank.Payments.PaymentsOrchestrator.Testings.Integration.Mocked.TestFeatures.POrchNRTFeature" name="POrchNRT_Unsuccessful_Response_From_FraudCheck_Unsuccessful_From_NRT" />
    </UnitTest>
    <UnitTest name="POrchAPI_TMVToTMV_Valid_Creditor_Code_Return_Success (=@#_%,.,201,)" storage="/codebuild/output/src2564200978/src/kiwibank-kb-cap-c17b067d0899fd8eab76e994fac32f86b40b021f/services/payments-orchestrator/src/testings.integration.mocked/bin/release/net8.0/kiwibank.payments.paymentsorchestrator.testings.integration.mocked.dll" id="67871900-0900-889d-1aef-49ad77f50ba8">
      <TestCategory>
        <TestCategoryItem TestCategory="Outcome:L4ProcessPayment.TmvTmvTransfer" />
        <TestCategoryItem TestCategory="POrchAPI" />
        <TestCategoryItem TestCategory="PositiveTest" />
        <TestCategoryItem TestCategory="Process:L4ProcessPayment" />
        <TestCategoryItem TestCategory="EDB-MPS-IPC-REQ.01" />
      </TestCategory>
      <Execution id="aba12510-1e7e-40f0-9cff-b33a389e1872" />
      <TestMethod codeBase="/codebuild/output/src2564200978/src/Kiwibank-kb-cap-c17b067d0899fd8eab76e994fac32f86b40b021f/services/payments-orchestrator/src/Testings.Integration.Mocked/bin/Release/net8.0/Kiwibank.Payments.PaymentsOrchestrator.Testings.Integration.Mocked.dll" adapterTypeName="executor://mstestadapter/v2" className="Kiwibank.Payments.PaymentsOrchestrator.Testings.Integration.Mocked.TestFeatures.POrchAPITransferTmvTmvFeature" name="POrchAPI_TMVToTMV_Valid_Creditor_Code_Return_Success" />
    </UnitTest>
    <UnitTest name="POrchAPI_UltracsToTMV_Valid_Debtor_Reference_Return_Success (()+$*!;-/?:,201,)" storage="/codebuild/output/src2564200978/src/kiwibank-kb-cap-c17b067d0899fd8eab76e994fac32f86b40b021f/services/payments-orchestrator/src/testings.integration.mocked/bin/release/net8.0/kiwibank.payments.paymentsorchestrator.testings.integration.mocked.dll" id="bf597c8f-6d88-69fd-7af2-70d0b1b56fa7">
      <TestCategory>
        <TestCategoryItem TestCategory="POrchAPI" />
        <TestCategoryItem TestCategory="PositiveTest" />
        <TestCategoryItem TestCategory="EDB-MPS-IPC-REQ.02" />
        <TestCategoryItem TestCategory="Process:L4ProcessPayment" />
        <TestCategoryItem TestCategory="Outcome:L4ProcessPayment.UltracsTmvTransfer" />
      </TestCategory>
      <Execution id="b7538d18-9333-4315-86a7-11c8d366e565" />
      <TestMethod codeBase="/codebuild/output/src2564200978/src/Kiwibank-kb-cap-c17b067d0899fd8eab76e994fac32f86b40b021f/services/payments-orchestrator/src/Testings.Integration.Mocked/bin/Release/net8.0/Kiwibank.Payments.PaymentsOrchestrator.Testings.Integration.Mocked.dll" adapterTypeName="executor://mstestadapter/v2" className="Kiwibank.Payments.PaymentsOrchestrator.Testings.Integration.Mocked.TestFeatures.POrchAPITransferUltracsTMVFeature" name="POrchAPI_UltracsToTMV_Valid_Debtor_Reference_Return_Success" />
    </UnitTest>
    <UnitTest name="POrchAPI_Other_Middleware_Responses_Do_Not_Retry (AccountNumberIsInvalidError,409,)" storage="/codebuild/output/src2564200978/src/kiwibank-kb-cap-c17b067d0899fd8eab76e994fac32f86b40b021f/services/payments-orchestrator/src/testings.integration.mocked/bin/release/net8.0/kiwibank.payments.paymentsorchestrator.testings.integration.mocked.dll" id="0ab27023-6f4f-398c-0875-29e91f222b81">
      <TestCategory>
        <TestCategoryItem TestCategory="Process:L4ProcessPayment" />
        <TestCategoryItem TestCategory="scenarioTest" />
        <TestCategoryItem TestCategory="Outcome:L4ProcessPayment.UltracsUltracsTransfer" />
      </TestCategory>
      <Execution id="65a17116-5433-4924-8fbe-0b4ee0cf0585" />
      <TestMethod codeBase="/codebuild/output/src2564200978/src/Kiwibank-kb-cap-c17b067d0899fd8eab76e994fac32f86b40b021f/services/payments-orchestrator/src/Testings.Integration.Mocked/bin/Release/net8.0/Kiwibank.Payments.PaymentsOrchestrator.Testings.Integration.Mocked.dll" adapterTypeName="executor://mstestadapter/v2" className="Kiwibank.Payments.PaymentsOrchestrator.Testings.Integration.Mocked.TestFeatures.POrchDownstreamServicesRetryAppropriatelyFeature" name="POrchAPI_Other_Middleware_Responses_Do_Not_Retry" />
    </UnitTest>
    <UnitTest name="POrchAPI_UltracsUltracs_Transfer_Send_Transfer_Reference_Return_Error (TRANSFER TO MR Test - 00,400,)" storage="/codebuild/output/src2564200978/src/kiwibank-kb-cap-c17b067d0899fd8eab76e994fac32f86b40b021f/services/payments-orchestrator/src/testings.integration.mocked/bin/release/net8.0/kiwibank.payments.paymentsorchestrator.testings.integration.mocked.dll" id="bf2ebf86-752e-56e5-3529-0dcee7532d5d">
      <TestCategory>
        <TestCategoryItem TestCategory="POrchAPI" />
        <TestCategoryItem TestCategory="NegativeTest" />
        <TestCategoryItem TestCategory="Process:L4ProcessPayment" />
        <TestCategoryItem TestCategory="Outcome:L4ProcessPayment.UltracsUltracs" />
      </TestCategory>
      <Execution id="82661bb9-c8f7-410c-b29e-241eb469d388" />
      <TestMethod codeBase="/codebuild/output/src2564200978/src/Kiwibank-kb-cap-c17b067d0899fd8eab76e994fac32f86b40b021f/services/payments-orchestrator/src/Testings.Integration.Mocked/bin/Release/net8.0/Kiwibank.Payments.PaymentsOrchestrator.Testings.Integration.Mocked.dll" adapterTypeName="executor://mstestadapter/v2" className="Kiwibank.Payments.PaymentsOrchestrator.Testings.Integration.Mocked.TestFeatures.POrchTransferFieldValidationFeature" name="POrchAPI_UltracsUltracs_Transfer_Send_Transfer_Reference_Return_Error" />
    </UnitTest>
    <UnitTest name="POrchNRT_Unsuccessful_Response_From_FraudCheck_Unsuccessful_From_NRT (PaymentNrtUnauthorized,,)" storage="/codebuild/output/src2564200978/src/kiwibank-kb-cap-c17b067d0899fd8eab76e994fac32f86b40b021f/services/payments-orchestrator/src/testings.integration.mocked/bin/release/net8.0/kiwibank.payments.paymentsorchestrator.testings.integration.mocked.dll" id="dc6df0ef-6815-0cab-7d5e-39c1193f19d2">
      <TestCategory>
        <TestCategoryItem TestCategory="negative" />
        <TestCategoryItem TestCategory="Process:L4ProcessPayment" />
        <TestCategoryItem TestCategory="POrchNRT" />
        <TestCategoryItem TestCategory="Outcome:L4ProcessPayment.UltracsUltracsTransfer" />
      </TestCategory>
      <Execution id="5c11970b-b97b-48ec-a13c-c5c139a2fbf7" />
      <TestMethod codeBase="/codebuild/output/src2564200978/src/Kiwibank-kb-cap-c17b067d0899fd8eab76e994fac32f86b40b021f/services/payments-orchestrator/src/Testings.Integration.Mocked/bin/Release/net8.0/Kiwibank.Payments.PaymentsOrchestrator.Testings.Integration.Mocked.dll" adapterTypeName="executor://mstestadapter/v2" className="Kiwibank.Payments.PaymentsOrchestrator.Testings.Integration.Mocked.TestFeatures.POrchNRTFeature" name="POrchNRT_Unsuccessful_Response_From_FraudCheck_Unsuccessful_From_NRT" />
    </UnitTest>
    <UnitTest name="POrchAPI_UltracsUltracs_Transfer_Send_Transfer_Reference_Return_Error (TRANSFER FROM MR Test - 00,400,)" storage="/codebuild/output/src2564200978/src/kiwibank-kb-cap-c17b067d0899fd8eab76e994fac32f86b40b021f/services/payments-orchestrator/src/testings.integration.mocked/bin/release/net8.0/kiwibank.payments.paymentsorchestrator.testings.integration.mocked.dll" id="6e0b63eb-2fd6-39bc-279e-348579ae6eae">
      <TestCategory>
        <TestCategoryItem TestCategory="POrchAPI" />
        <TestCategoryItem TestCategory="NegativeTest" />
        <TestCategoryItem TestCategory="Process:L4ProcessPayment" />
        <TestCategoryItem TestCategory="Outcome:L4ProcessPayment.UltracsUltracs" />
      </TestCategory>
      <Execution id="d8e8c260-5435-4dec-8aae-bc18c9238449" />
      <TestMethod codeBase="/codebuild/output/src2564200978/src/Kiwibank-kb-cap-c17b067d0899fd8eab76e994fac32f86b40b021f/services/payments-orchestrator/src/Testings.Integration.Mocked/bin/Release/net8.0/Kiwibank.Payments.PaymentsOrchestrator.Testings.Integration.Mocked.dll" adapterTypeName="executor://mstestadapter/v2" className="Kiwibank.Payments.PaymentsOrchestrator.Testings.Integration.Mocked.TestFeatures.POrchTransferFieldValidationFeature" name="POrchAPI_UltracsUltracs_Transfer_Send_Transfer_Reference_Return_Error" />
    </UnitTest>
    <UnitTest name="POrchAPI_UltracsToTMV_Valid_Creditor_Code_Return_Success (=@#_%,.,201,)" storage="/codebuild/output/src2564200978/src/kiwibank-kb-cap-c17b067d0899fd8eab76e994fac32f86b40b021f/services/payments-orchestrator/src/testings.integration.mocked/bin/release/net8.0/kiwibank.payments.paymentsorchestrator.testings.integration.mocked.dll" id="0bbe4b7d-872b-2c47-337d-1d2c17bb07b3">
      <TestCategory>
        <TestCategoryItem TestCategory="POrchAPI" />
        <TestCategoryItem TestCategory="PositiveTest" />
        <TestCategoryItem TestCategory="EDB-MPS-IPC-REQ.02" />
        <TestCategoryItem TestCategory="Process:L4ProcessPayment" />
        <TestCategoryItem TestCategory="Outcome:L4ProcessPayment.UltracsTmvTransfer" />
      </TestCategory>
      <Execution id="c85594e2-7209-47a6-962a-5ec60ee7798d" />
      <TestMethod codeBase="/codebuild/output/src2564200978/src/Kiwibank-kb-cap-c17b067d0899fd8eab76e994fac32f86b40b021f/services/payments-orchestrator/src/Testings.Integration.Mocked/bin/Release/net8.0/Kiwibank.Payments.PaymentsOrchestrator.Testings.Integration.Mocked.dll" adapterTypeName="executor://mstestadapter/v2" className="Kiwibank.Payments.PaymentsOrchestrator.Testings.Integration.Mocked.TestFeatures.POrchAPITransferUltracsTMVFeature" name="POrchAPI_UltracsToTMV_Valid_Creditor_Code_Return_Success" />
    </UnitTest>
    <UnitTest name="POrchAPI_Middleware_Times_Out" storage="/codebuild/output/src2564200978/src/kiwibank-kb-cap-c17b067d0899fd8eab76e994fac32f86b40b021f/services/payments-orchestrator/src/testings.integration.mocked/bin/release/net8.0/kiwibank.payments.paymentsorchestrator.testings.integration.mocked.dll" id="f2684dfd-f53c-b5d2-96f0-3d700f9cbced">
      <TestCategory>
        <TestCategoryItem TestCategory="Outcome:L4ProcessPayment.UltracsUltracsTransfer" />
        <TestCategoryItem TestCategory="Process:L4ProcessPayment" />
      </TestCategory>
      <Execution id="509664fa-9f2c-4803-9ed7-c9f96b07e16c" />
      <TestMethod codeBase="/codebuild/output/src2564200978/src/Kiwibank-kb-cap-c17b067d0899fd8eab76e994fac32f86b40b021f/services/payments-orchestrator/src/Testings.Integration.Mocked/bin/Release/net8.0/Kiwibank.Payments.PaymentsOrchestrator.Testings.Integration.Mocked.dll" adapterTypeName="executor://mstestadapter/v2" className="Kiwibank.Payments.PaymentsOrchestrator.Testings.Integration.Mocked.TestFeatures.POrchDownstreamServicesRetryAppropriatelyFeature" name="POrchAPI_Middleware_Times_Out" />
    </UnitTest>
    <UnitTest name="POrchAPI_TMVUltracs_Transfer_Invalid_Transfer_Reference_Return_Error (TRANSFER TO MR Test - 00,400,)" storage="/codebuild/output/src2564200978/src/kiwibank-kb-cap-c17b067d0899fd8eab76e994fac32f86b40b021f/services/payments-orchestrator/src/testings.integration.mocked/bin/release/net8.0/kiwibank.payments.paymentsorchestrator.testings.integration.mocked.dll" id="b6540edd-33a1-7fb7-59dd-c429fe9deaf1">
      <TestCategory>
        <TestCategoryItem TestCategory="POrchAPI" />
        <TestCategoryItem TestCategory="NegativeTest" />
        <TestCategoryItem TestCategory="Process:L4ProcessPayment" />
        <TestCategoryItem TestCategory="Outcome:L4ProcessPayment.UltracsUltracs" />
      </TestCategory>
      <Execution id="cf8e042c-b2db-46a1-aacd-712ae22d1dc3" />
      <TestMethod codeBase="/codebuild/output/src2564200978/src/Kiwibank-kb-cap-c17b067d0899fd8eab76e994fac32f86b40b021f/services/payments-orchestrator/src/Testings.Integration.Mocked/bin/Release/net8.0/Kiwibank.Payments.PaymentsOrchestrator.Testings.Integration.Mocked.dll" adapterTypeName="executor://mstestadapter/v2" className="Kiwibank.Payments.PaymentsOrchestrator.Testings.Integration.Mocked.TestFeatures.POrchTransferFieldValidationFeature" name="POrchAPI_TMVUltracs_Transfer_Invalid_Transfer_Reference_Return_Error" />
    </UnitTest>
    <UnitTest name="POrchAPI_Invalid_Currency_Return_Error (Random,400,)" storage="/codebuild/output/src2564200978/src/kiwibank-kb-cap-c17b067d0899fd8eab76e994fac32f86b40b021f/services/payments-orchestrator/src/testings.integration.mocked/bin/release/net8.0/kiwibank.payments.paymentsorchestrator.testings.integration.mocked.dll" id="321a1e37-ed3f-fdc1-45f5-8b14a2fd9d22">
      <TestCategory>
        <TestCategoryItem TestCategory="POrchAPI" />
        <TestCategoryItem TestCategory="NegativeTest" />
        <TestCategoryItem TestCategory="Process:L4ProcessPayment" />
        <TestCategoryItem TestCategory="Outcome:L4ProcessPayment.UltracsUltracsTransfer" />
      </TestCategory>
      <Execution id="92b66999-52dd-4ea4-a103-f49707c65b33" />
      <TestMethod codeBase="/codebuild/output/src2564200978/src/Kiwibank-kb-cap-c17b067d0899fd8eab76e994fac32f86b40b021f/services/payments-orchestrator/src/Testings.Integration.Mocked/bin/Release/net8.0/Kiwibank.Payments.PaymentsOrchestrator.Testings.Integration.Mocked.dll" adapterTypeName="executor://mstestadapter/v2" className="Kiwibank.Payments.PaymentsOrchestrator.Testings.Integration.Mocked.TestFeatures.POrchAPIFieldValidationFeature" name="POrchAPI_Invalid_Currency_Return_Error" />
    </UnitTest>
    <UnitTest name="POrchAPI_Transfer_Invalid_Debtor_Code_Return_Error (abcdefghijklmnsey,400,)" storage="/codebuild/output/src2564200978/src/kiwibank-kb-cap-c17b067d0899fd8eab76e994fac32f86b40b021f/services/payments-orchestrator/src/testings.integration.mocked/bin/release/net8.0/kiwibank.payments.paymentsorchestrator.testings.integration.mocked.dll" id="e03ebe14-51b2-e036-9a55-b41a897e8ee7">
      <TestCategory>
        <TestCategoryItem TestCategory="POrchAPI" />
        <TestCategoryItem TestCategory="NegativeTest" />
        <TestCategoryItem TestCategory="Process:L4ProcessPayment" />
        <TestCategoryItem TestCategory="Outcome:L4ProcessPayment.UltracsUltracs" />
      </TestCategory>
      <Execution id="85ac2e39-23fc-43b0-bc81-7e11d8fb8fc9" />
      <TestMethod codeBase="/codebuild/output/src2564200978/src/Kiwibank-kb-cap-c17b067d0899fd8eab76e994fac32f86b40b021f/services/payments-orchestrator/src/Testings.Integration.Mocked/bin/Release/net8.0/Kiwibank.Payments.PaymentsOrchestrator.Testings.Integration.Mocked.dll" adapterTypeName="executor://mstestadapter/v2" className="Kiwibank.Payments.PaymentsOrchestrator.Testings.Integration.Mocked.TestFeatures.POrchTransferFieldValidationFeature" name="POrchAPI_Transfer_Invalid_Debtor_Code_Return_Error" />
    </UnitTest>
    <UnitTest name="POrchAPI_Negative_MiddleWare_Response_409 (InsufficientFundsError,409,)" storage="/codebuild/output/src2564200978/src/kiwibank-kb-cap-c17b067d0899fd8eab76e994fac32f86b40b021f/services/payments-orchestrator/src/testings.integration.mocked/bin/release/net8.0/kiwibank.payments.paymentsorchestrator.testings.integration.mocked.dll" id="f77ab445-72c1-9358-91c3-ed101d29fad1">
      <TestCategory>
        <TestCategoryItem TestCategory="POrchAPI" />
        <TestCategoryItem TestCategory="NegativeTest" />
        <TestCategoryItem TestCategory="Process:L4ProcessPayment" />
        <TestCategoryItem TestCategory="Outcome:L4ProcessPayment.UltracsUltracsTransfer" />
      </TestCategory>
      <Execution id="85bb6cd4-c63a-449c-900c-befaae0aaae9" />
      <TestMethod codeBase="/codebuild/output/src2564200978/src/Kiwibank-kb-cap-c17b067d0899fd8eab76e994fac32f86b40b021f/services/payments-orchestrator/src/Testings.Integration.Mocked/bin/Release/net8.0/Kiwibank.Payments.PaymentsOrchestrator.Testings.Integration.Mocked.dll" adapterTypeName="executor://mstestadapter/v2" className="Kiwibank.Payments.PaymentsOrchestrator.Testings.Integration.Mocked.TestFeatures.POrchAPIFeature" name="POrchAPI_Negative_MiddleWare_Response_409" />
    </UnitTest>
    <UnitTest name="POrchAPI_Negative_MiddleWare_Response_409 (UnknownError,500,)" storage="/codebuild/output/src2564200978/src/kiwibank-kb-cap-c17b067d0899fd8eab76e994fac32f86b40b021f/services/payments-orchestrator/src/testings.integration.mocked/bin/release/net8.0/kiwibank.payments.paymentsorchestrator.testings.integration.mocked.dll" id="72295e45-e674-1c99-e24a-c81a771d4fe0">
      <TestCategory>
        <TestCategoryItem TestCategory="POrchAPI" />
        <TestCategoryItem TestCategory="NegativeTest" />
        <TestCategoryItem TestCategory="Process:L4ProcessPayment" />
        <TestCategoryItem TestCategory="Outcome:L4ProcessPayment.UltracsUltracsTransfer" />
      </TestCategory>
      <Execution id="1464e12d-f020-48da-b441-fa04089503b1" />
      <TestMethod codeBase="/codebuild/output/src2564200978/src/Kiwibank-kb-cap-c17b067d0899fd8eab76e994fac32f86b40b021f/services/payments-orchestrator/src/Testings.Integration.Mocked/bin/Release/net8.0/Kiwibank.Payments.PaymentsOrchestrator.Testings.Integration.Mocked.dll" adapterTypeName="executor://mstestadapter/v2" className="Kiwibank.Payments.PaymentsOrchestrator.Testings.Integration.Mocked.TestFeatures.POrchAPIFeature" name="POrchAPI_Negative_MiddleWare_Response_409" />
    </UnitTest>
    <UnitTest name="POrchAPI_Various_Amounts_Return_Success_When_Below_Max (0.00,,)" storage="/codebuild/output/src2564200978/src/kiwibank-kb-cap-c17b067d0899fd8eab76e994fac32f86b40b021f/services/payments-orchestrator/src/testings.integration.mocked/bin/release/net8.0/kiwibank.payments.paymentsorchestrator.testings.integration.mocked.dll" id="4744d4ae-2521-b24e-d5ed-700cfccee5b6">
      <TestCategory>
        <TestCategoryItem TestCategory="POrchAPI" />
        <TestCategoryItem TestCategory="Process:L4ProcessPayment" />
        <TestCategoryItem TestCategory="Outcome:L4ProcessPayment.UltracsUltracsTransfer" />
      </TestCategory>
      <Execution id="bcff0e1e-5b8c-41f3-a334-aae10f2c10ec" />
      <TestMethod codeBase="/codebuild/output/src2564200978/src/Kiwibank-kb-cap-c17b067d0899fd8eab76e994fac32f86b40b021f/services/payments-orchestrator/src/Testings.Integration.Mocked/bin/Release/net8.0/Kiwibank.Payments.PaymentsOrchestrator.Testings.Integration.Mocked.dll" adapterTypeName="executor://mstestadapter/v2" className="Kiwibank.Payments.PaymentsOrchestrator.Testings.Integration.Mocked.TestFeatures.POrchAPIFeature" name="POrchAPI_Various_Amounts_Return_Success_When_Below_Max" />
    </UnitTest>
    <UnitTest name="POrchAPI_TMVToTMV_Valid_Creditor_Particulars_Return_Success (()+$*!;-/?:,201,)" storage="/codebuild/output/src2564200978/src/kiwibank-kb-cap-c17b067d0899fd8eab76e994fac32f86b40b021f/services/payments-orchestrator/src/testings.integration.mocked/bin/release/net8.0/kiwibank.payments.paymentsorchestrator.testings.integration.mocked.dll" id="72321927-3b83-84e2-bb23-4e4ef51fbf75">
      <TestCategory>
        <TestCategoryItem TestCategory="Outcome:L4ProcessPayment.TmvTmvTransfer" />
        <TestCategoryItem TestCategory="POrchAPI" />
        <TestCategoryItem TestCategory="PositiveTest" />
        <TestCategoryItem TestCategory="Process:L4ProcessPayment" />
        <TestCategoryItem TestCategory="EDB-MPS-IPC-REQ.01" />
      </TestCategory>
      <Execution id="b0937001-b2dd-423a-b41e-34217503a429" />
      <TestMethod codeBase="/codebuild/output/src2564200978/src/Kiwibank-kb-cap-c17b067d0899fd8eab76e994fac32f86b40b021f/services/payments-orchestrator/src/Testings.Integration.Mocked/bin/Release/net8.0/Kiwibank.Payments.PaymentsOrchestrator.Testings.Integration.Mocked.dll" adapterTypeName="executor://mstestadapter/v2" className="Kiwibank.Payments.PaymentsOrchestrator.Testings.Integration.Mocked.TestFeatures.POrchAPITransferTmvTmvFeature" name="POrchAPI_TMVToTMV_Valid_Creditor_Particulars_Return_Success" />
    </UnitTest>
    <UnitTest name="POrchAPI_Transfer_Invalid_Debtor_Particulars_Return_Error (},400,)" storage="/codebuild/output/src2564200978/src/kiwibank-kb-cap-c17b067d0899fd8eab76e994fac32f86b40b021f/services/payments-orchestrator/src/testings.integration.mocked/bin/release/net8.0/kiwibank.payments.paymentsorchestrator.testings.integration.mocked.dll" id="b4944693-4056-da7f-f008-94659ea447c4">
      <TestCategory>
        <TestCategoryItem TestCategory="POrchAPI" />
        <TestCategoryItem TestCategory="NegativeTest" />
        <TestCategoryItem TestCategory="Process:L4ProcessPayment" />
        <TestCategoryItem TestCategory="Outcome:L4ProcessPayment.UltracsUltracs" />
      </TestCategory>
      <Execution id="e58c1459-c167-4c88-884a-c7727f3e49c8" />
      <TestMethod codeBase="/codebuild/output/src2564200978/src/Kiwibank-kb-cap-c17b067d0899fd8eab76e994fac32f86b40b021f/services/payments-orchestrator/src/Testings.Integration.Mocked/bin/Release/net8.0/Kiwibank.Payments.PaymentsOrchestrator.Testings.Integration.Mocked.dll" adapterTypeName="executor://mstestadapter/v2" className="Kiwibank.Payments.PaymentsOrchestrator.Testings.Integration.Mocked.TestFeatures.POrchTransferFieldValidationFeature" name="POrchAPI_Transfer_Invalid_Debtor_Particulars_Return_Error" />
    </UnitTest>
    <UnitTest name="POrchAPI_TMVToUltracs_Negative_MiddleWare_Response_409_OtherErrors (AccountDetectionFailedError,409,)" storage="/codebuild/output/src2564200978/src/kiwibank-kb-cap-c17b067d0899fd8eab76e994fac32f86b40b021f/services/payments-orchestrator/src/testings.integration.mocked/bin/release/net8.0/kiwibank.payments.paymentsorchestrator.testings.integration.mocked.dll" id="11048aed-8975-a212-b0c8-7431a0595306">
      <TestCategory>
        <TestCategoryItem TestCategory="NegativeTest" />
        <TestCategoryItem TestCategory="Outcome:L4ProcessPayment.TmvUltracsTransfer" />
        <TestCategoryItem TestCategory="Process:L4ProcessPayment" />
      </TestCategory>
      <Execution id="5007f43c-0a79-425f-9dd3-a536718ca462" />
      <TestMethod codeBase="/codebuild/output/src2564200978/src/Kiwibank-kb-cap-c17b067d0899fd8eab76e994fac32f86b40b021f/services/payments-orchestrator/src/Testings.Integration.Mocked/bin/Release/net8.0/Kiwibank.Payments.PaymentsOrchestrator.Testings.Integration.Mocked.dll" adapterTypeName="executor://mstestadapter/v2" className="Kiwibank.Payments.PaymentsOrchestrator.Testings.Integration.Mocked.TestFeatures.POrchAPITransferTMVUltracsFeature" name="POrchAPI_TMVToUltracs_Negative_MiddleWare_Response_409_OtherErrors" />
    </UnitTest>
    <UnitTest name="POrchAPI_Invalid_Payee_Code_Return_Error (},400,)" storage="/codebuild/output/src2564200978/src/kiwibank-kb-cap-c17b067d0899fd8eab76e994fac32f86b40b021f/services/payments-orchestrator/src/testings.integration.mocked/bin/release/net8.0/kiwibank.payments.paymentsorchestrator.testings.integration.mocked.dll" id="bc26215c-221b-e92a-8858-77f541750414">
      <TestCategory>
        <TestCategoryItem TestCategory="POrchAPI" />
        <TestCategoryItem TestCategory="NegativeTest" />
        <TestCategoryItem TestCategory="Process:L4ProcessPayment" />
        <TestCategoryItem TestCategory="Outcome:L4ProcessPayment.UltracsUltracsTransfer" />
      </TestCategory>
      <Execution id="636b2a09-90d1-4c4f-b9a0-522ff126d706" />
      <TestMethod codeBase="/codebuild/output/src2564200978/src/Kiwibank-kb-cap-c17b067d0899fd8eab76e994fac32f86b40b021f/services/payments-orchestrator/src/Testings.Integration.Mocked/bin/Release/net8.0/Kiwibank.Payments.PaymentsOrchestrator.Testings.Integration.Mocked.dll" adapterTypeName="executor://mstestadapter/v2" className="Kiwibank.Payments.PaymentsOrchestrator.Testings.Integration.Mocked.TestFeatures.POrchAPIFieldValidationFeature" name="POrchAPI_Invalid_Payee_Code_Return_Error" />
    </UnitTest>
    <UnitTest name="POrchAPI_TMVToTMV_Valid_Creditor_Reference_Return_Success (=@#_%,.,201,)" storage="/codebuild/output/src2564200978/src/kiwibank-kb-cap-c17b067d0899fd8eab76e994fac32f86b40b021f/services/payments-orchestrator/src/testings.integration.mocked/bin/release/net8.0/kiwibank.payments.paymentsorchestrator.testings.integration.mocked.dll" id="7416401c-ea0e-cc6d-9990-152626aa5d18">
      <TestCategory>
        <TestCategoryItem TestCategory="Outcome:L4ProcessPayment.TmvTmvTransfer" />
        <TestCategoryItem TestCategory="POrchAPI" />
        <TestCategoryItem TestCategory="PositiveTest" />
        <TestCategoryItem TestCategory="Process:L4ProcessPayment" />
        <TestCategoryItem TestCategory="EDB-MPS-IPC-REQ.01" />
      </TestCategory>
      <Execution id="1cb52a47-80de-4216-b092-0776f1e5217c" />
      <TestMethod codeBase="/codebuild/output/src2564200978/src/Kiwibank-kb-cap-c17b067d0899fd8eab76e994fac32f86b40b021f/services/payments-orchestrator/src/Testings.Integration.Mocked/bin/Release/net8.0/Kiwibank.Payments.PaymentsOrchestrator.Testings.Integration.Mocked.dll" adapterTypeName="executor://mstestadapter/v2" className="Kiwibank.Payments.PaymentsOrchestrator.Testings.Integration.Mocked.TestFeatures.POrchAPITransferTmvTmvFeature" name="POrchAPI_TMVToTMV_Valid_Creditor_Reference_Return_Success" />
    </UnitTest>
    <UnitTest name="POrchAPI_TMVUltracs_Transfer_Invalid_Transfer_Reference_Return_Error (TRANSFER TO MR Test  00,400,)" storage="/codebuild/output/src2564200978/src/kiwibank-kb-cap-c17b067d0899fd8eab76e994fac32f86b40b021f/services/payments-orchestrator/src/testings.integration.mocked/bin/release/net8.0/kiwibank.payments.paymentsorchestrator.testings.integration.mocked.dll" id="ca7de9fd-b635-9a89-8d2f-9d0eb6bc888b">
      <TestCategory>
        <TestCategoryItem TestCategory="POrchAPI" />
        <TestCategoryItem TestCategory="NegativeTest" />
        <TestCategoryItem TestCategory="Process:L4ProcessPayment" />
        <TestCategoryItem TestCategory="Outcome:L4ProcessPayment.UltracsUltracs" />
      </TestCategory>
      <Execution id="543c9f1c-eb2d-48d7-949d-78f8c1ee3673" />
      <TestMethod codeBase="/codebuild/output/src2564200978/src/Kiwibank-kb-cap-c17b067d0899fd8eab76e994fac32f86b40b021f/services/payments-orchestrator/src/Testings.Integration.Mocked/bin/Release/net8.0/Kiwibank.Payments.PaymentsOrchestrator.Testings.Integration.Mocked.dll" adapterTypeName="executor://mstestadapter/v2" className="Kiwibank.Payments.PaymentsOrchestrator.Testings.Integration.Mocked.TestFeatures.POrchTransferFieldValidationFeature" name="POrchAPI_TMVUltracs_Transfer_Invalid_Transfer_Reference_Return_Error" />
    </UnitTest>
    <UnitTest name="POrchAPI_Transfer_Invalid_Access_Number_Field_Return_Error (testValue,400,)" storage="/codebuild/output/src2564200978/src/kiwibank-kb-cap-c17b067d0899fd8eab76e994fac32f86b40b021f/services/payments-orchestrator/src/testings.integration.mocked/bin/release/net8.0/kiwibank.payments.paymentsorchestrator.testings.integration.mocked.dll" id="65bae37c-f475-9189-ca2c-8a760a3f92ff">
      <TestCategory>
        <TestCategoryItem TestCategory="POrchAPI" />
        <TestCategoryItem TestCategory="NegativeTest" />
        <TestCategoryItem TestCategory="Process:L4ProcessPayment" />
        <TestCategoryItem TestCategory="Outcome:L4ProcessPayment.UltracsUltracs" />
      </TestCategory>
      <Execution id="a0ef98b9-2f30-4745-8619-c08f556d0e61" />
      <TestMethod codeBase="/codebuild/output/src2564200978/src/Kiwibank-kb-cap-c17b067d0899fd8eab76e994fac32f86b40b021f/services/payments-orchestrator/src/Testings.Integration.Mocked/bin/Release/net8.0/Kiwibank.Payments.PaymentsOrchestrator.Testings.Integration.Mocked.dll" adapterTypeName="executor://mstestadapter/v2" className="Kiwibank.Payments.PaymentsOrchestrator.Testings.Integration.Mocked.TestFeatures.POrchTransferFieldValidationFeature" name="POrchAPI_Transfer_Invalid_Access_Number_Field_Return_Error" />
    </UnitTest>
    <UnitTest name="POrchAPI_Transfer_Invalid_Debit_Account_Return_Error (1200000000000000,400,)" storage="/codebuild/output/src2564200978/src/kiwibank-kb-cap-c17b067d0899fd8eab76e994fac32f86b40b021f/services/payments-orchestrator/src/testings.integration.mocked/bin/release/net8.0/kiwibank.payments.paymentsorchestrator.testings.integration.mocked.dll" id="478f3d78-10b6-28a4-5366-966921546be8">
      <TestCategory>
        <TestCategoryItem TestCategory="POrchAPI" />
        <TestCategoryItem TestCategory="NegativeTest" />
        <TestCategoryItem TestCategory="Process:L4ProcessPayment" />
        <TestCategoryItem TestCategory="Outcome:L4ProcessPayment.UltracsUltracs" />
      </TestCategory>
      <Execution id="07d3d50b-6a63-4294-bb32-d170235214cd" />
      <TestMethod codeBase="/codebuild/output/src2564200978/src/Kiwibank-kb-cap-c17b067d0899fd8eab76e994fac32f86b40b021f/services/payments-orchestrator/src/Testings.Integration.Mocked/bin/Release/net8.0/Kiwibank.Payments.PaymentsOrchestrator.Testings.Integration.Mocked.dll" adapterTypeName="executor://mstestadapter/v2" className="Kiwibank.Payments.PaymentsOrchestrator.Testings.Integration.Mocked.TestFeatures.POrchTransferFieldValidationFeature" name="POrchAPI_Transfer_Invalid_Debit_Account_Return_Error" />
    </UnitTest>
    <UnitTest name="POrchAPI_UltracsToTMV_Valid_Debtor_Reference_Return_Success (=@#_%,.,201,)" storage="/codebuild/output/src2564200978/src/kiwibank-kb-cap-c17b067d0899fd8eab76e994fac32f86b40b021f/services/payments-orchestrator/src/testings.integration.mocked/bin/release/net8.0/kiwibank.payments.paymentsorchestrator.testings.integration.mocked.dll" id="dcb661a8-080d-71c7-db9e-f900984a04d7">
      <TestCategory>
        <TestCategoryItem TestCategory="POrchAPI" />
        <TestCategoryItem TestCategory="PositiveTest" />
        <TestCategoryItem TestCategory="EDB-MPS-IPC-REQ.02" />
        <TestCategoryItem TestCategory="Process:L4ProcessPayment" />
        <TestCategoryItem TestCategory="Outcome:L4ProcessPayment.UltracsTmvTransfer" />
      </TestCategory>
      <Execution id="97f9c44a-e6b2-4a7d-aa1a-493915b4fc25" />
      <TestMethod codeBase="/codebuild/output/src2564200978/src/Kiwibank-kb-cap-c17b067d0899fd8eab76e994fac32f86b40b021f/services/payments-orchestrator/src/Testings.Integration.Mocked/bin/Release/net8.0/Kiwibank.Payments.PaymentsOrchestrator.Testings.Integration.Mocked.dll" adapterTypeName="executor://mstestadapter/v2" className="Kiwibank.Payments.PaymentsOrchestrator.Testings.Integration.Mocked.TestFeatures.POrchAPITransferUltracsTMVFeature" name="POrchAPI_UltracsToTMV_Valid_Debtor_Reference_Return_Success" />
    </UnitTest>
    <UnitTest name="ChallengedPaymentInitiationEndpointIsAccessible" storage="/codebuild/output/src2564200978/src/kiwibank-kb-cap-c17b067d0899fd8eab76e994fac32f86b40b021f/services/payments-orchestrator/src/testings.integration.mocked/bin/release/net8.0/kiwibank.payments.paymentsorchestrator.testings.integration.mocked.dll" id="05a34134-282d-36c0-676f-ed71d1cce9af">
      <TestCategory>
        <TestCategoryItem TestCategory="Process:L4ProcessPayment" />
      </TestCategory>
      <Execution id="6329ac6b-0603-481f-a64b-444a8817252c" />
      <TestMethod codeBase="/codebuild/output/src2564200978/src/Kiwibank-kb-cap-c17b067d0899fd8eab76e994fac32f86b40b021f/services/payments-orchestrator/src/Testings.Integration.Mocked/bin/Release/net8.0/Kiwibank.Payments.PaymentsOrchestrator.Testings.Integration.Mocked.dll" adapterTypeName="executor://mstestadapter/v2" className="Kiwibank.Payments.PaymentsOrchestrator.Testings.Integration.Mocked.TestFeatures.ChallengeAndResponseEndpointsForPOrchFeature" name="ChallengedPaymentInitiationEndpointIsAccessible" />
    </UnitTest>
    <UnitTest name="POrchAPI_Middleware_Retries_Correctly (503,201,)" storage="/codebuild/output/src2564200978/src/kiwibank-kb-cap-c17b067d0899fd8eab76e994fac32f86b40b021f/services/payments-orchestrator/src/testings.integration.mocked/bin/release/net8.0/kiwibank.payments.paymentsorchestrator.testings.integration.mocked.dll" id="ae49b406-a129-4a99-756f-9445e7e0bcb8">
      <TestCategory>
        <TestCategoryItem TestCategory="Process:L4ProcessPayment" />
        <TestCategoryItem TestCategory="scenarioTest" />
        <TestCategoryItem TestCategory="Outcome:L4ProcessPayment.UltracsUltracsTransfer" />
      </TestCategory>
      <Execution id="f152997d-4d94-4ade-ab41-a874529df201" />
      <TestMethod codeBase="/codebuild/output/src2564200978/src/Kiwibank-kb-cap-c17b067d0899fd8eab76e994fac32f86b40b021f/services/payments-orchestrator/src/Testings.Integration.Mocked/bin/Release/net8.0/Kiwibank.Payments.PaymentsOrchestrator.Testings.Integration.Mocked.dll" adapterTypeName="executor://mstestadapter/v2" className="Kiwibank.Payments.PaymentsOrchestrator.Testings.Integration.Mocked.TestFeatures.POrchDownstreamServicesRetryAppropriatelyFeature" name="POrchAPI_Middleware_Retries_Correctly" />
    </UnitTest>
    <UnitTest name="POrchAPI_Invalid_Credit_Account_Return_Error (38231234562856345,400,)" storage="/codebuild/output/src2564200978/src/kiwibank-kb-cap-c17b067d0899fd8eab76e994fac32f86b40b021f/services/payments-orchestrator/src/testings.integration.mocked/bin/release/net8.0/kiwibank.payments.paymentsorchestrator.testings.integration.mocked.dll" id="e050b393-98d3-94ce-7c71-c1e2257cc835">
      <TestCategory>
        <TestCategoryItem TestCategory="POrchAPI" />
        <TestCategoryItem TestCategory="NegativeTest" />
        <TestCategoryItem TestCategory="Process:L4ProcessPayment" />
        <TestCategoryItem TestCategory="Outcome:L4ProcessPayment.UltracsUltracsTransfer" />
      </TestCategory>
      <Execution id="f3e0bb90-9e9a-4a7c-b802-b42e6ce3694e" />
      <TestMethod codeBase="/codebuild/output/src2564200978/src/Kiwibank-kb-cap-c17b067d0899fd8eab76e994fac32f86b40b021f/services/payments-orchestrator/src/Testings.Integration.Mocked/bin/Release/net8.0/Kiwibank.Payments.PaymentsOrchestrator.Testings.Integration.Mocked.dll" adapterTypeName="executor://mstestadapter/v2" className="Kiwibank.Payments.PaymentsOrchestrator.Testings.Integration.Mocked.TestFeatures.POrchAPIFieldValidationFeature" name="POrchAPI_Invalid_Credit_Account_Return_Error" />
    </UnitTest>
    <UnitTest name="POrchAPI_TMVToUltracs_Valid_Debtor_Particulars_Return_Success (()+$*!;-/?:,201,)" storage="/codebuild/output/src2564200978/src/kiwibank-kb-cap-c17b067d0899fd8eab76e994fac32f86b40b021f/services/payments-orchestrator/src/testings.integration.mocked/bin/release/net8.0/kiwibank.payments.paymentsorchestrator.testings.integration.mocked.dll" id="ee755468-4bdc-15d4-aa8b-4fc09225ec87">
      <TestCategory>
        <TestCategoryItem TestCategory="POrchAPI" />
        <TestCategoryItem TestCategory="PositiveTest" />
        <TestCategoryItem TestCategory="Outcome:L4ProcessPayment.TmvUltracsTransfer" />
        <TestCategoryItem TestCategory="Process:L4ProcessPayment" />
        <TestCategoryItem TestCategory="EDB-MPS-IPC-REQ.02" />
      </TestCategory>
      <Execution id="d26e2372-9158-40b8-80c2-a5d38a9c0f00" />
      <TestMethod codeBase="/codebuild/output/src2564200978/src/Kiwibank-kb-cap-c17b067d0899fd8eab76e994fac32f86b40b021f/services/payments-orchestrator/src/Testings.Integration.Mocked/bin/Release/net8.0/Kiwibank.Payments.PaymentsOrchestrator.Testings.Integration.Mocked.dll" adapterTypeName="executor://mstestadapter/v2" className="Kiwibank.Payments.PaymentsOrchestrator.Testings.Integration.Mocked.TestFeatures.POrchAPITransferTMVUltracsFeature" name="POrchAPI_TMVToUltracs_Valid_Debtor_Particulars_Return_Success" />
    </UnitTest>
    <UnitTest name="POrchAPI_Transfer_Invalid_Creditor_Particulars_Return_Error (abcdefghijklmnsey,400,)" storage="/codebuild/output/src2564200978/src/kiwibank-kb-cap-c17b067d0899fd8eab76e994fac32f86b40b021f/services/payments-orchestrator/src/testings.integration.mocked/bin/release/net8.0/kiwibank.payments.paymentsorchestrator.testings.integration.mocked.dll" id="4c10f3c4-fd8c-41f9-b944-356e748b698a">
      <TestCategory>
        <TestCategoryItem TestCategory="POrchAPI" />
        <TestCategoryItem TestCategory="NegativeTest" />
        <TestCategoryItem TestCategory="Process:L4ProcessPayment" />
        <TestCategoryItem TestCategory="Outcome:L4ProcessPayment.UltracsUltracs" />
      </TestCategory>
      <Execution id="1ca6d75b-a1d2-4616-88a7-f8cdbe7d5ed7" />
      <TestMethod codeBase="/codebuild/output/src2564200978/src/Kiwibank-kb-cap-c17b067d0899fd8eab76e994fac32f86b40b021f/services/payments-orchestrator/src/Testings.Integration.Mocked/bin/Release/net8.0/Kiwibank.Payments.PaymentsOrchestrator.Testings.Integration.Mocked.dll" adapterTypeName="executor://mstestadapter/v2" className="Kiwibank.Payments.PaymentsOrchestrator.Testings.Integration.Mocked.TestFeatures.POrchTransferFieldValidationFeature" name="POrchAPI_Transfer_Invalid_Creditor_Particulars_Return_Error" />
    </UnitTest>
    <UnitTest name="POrchAPI_Transfer_Invalid_Amount_Field_Return_Error (testAmount,400,)" storage="/codebuild/output/src2564200978/src/kiwibank-kb-cap-c17b067d0899fd8eab76e994fac32f86b40b021f/services/payments-orchestrator/src/testings.integration.mocked/bin/release/net8.0/kiwibank.payments.paymentsorchestrator.testings.integration.mocked.dll" id="e7d2e063-5684-48de-cbd6-388356d5f6fc">
      <TestCategory>
        <TestCategoryItem TestCategory="POrchAPI" />
        <TestCategoryItem TestCategory="NegativeTest" />
        <TestCategoryItem TestCategory="Process:L4ProcessPayment" />
        <TestCategoryItem TestCategory="Outcome:L4ProcessPayment.UltracsUltracs" />
      </TestCategory>
      <Execution id="2cf3e876-1f62-4280-9fd7-9b7897af8cd8" />
      <TestMethod codeBase="/codebuild/output/src2564200978/src/Kiwibank-kb-cap-c17b067d0899fd8eab76e994fac32f86b40b021f/services/payments-orchestrator/src/Testings.Integration.Mocked/bin/Release/net8.0/Kiwibank.Payments.PaymentsOrchestrator.Testings.Integration.Mocked.dll" adapterTypeName="executor://mstestadapter/v2" className="Kiwibank.Payments.PaymentsOrchestrator.Testings.Integration.Mocked.TestFeatures.POrchTransferFieldValidationFeature" name="POrchAPI_Transfer_Invalid_Amount_Field_Return_Error" />
    </UnitTest>
    <UnitTest name="POrchAPI_UltracsToTMV_Negative_MiddleWare_Response_409 (InsufficientFundsError,409,)" storage="/codebuild/output/src2564200978/src/kiwibank-kb-cap-c17b067d0899fd8eab76e994fac32f86b40b021f/services/payments-orchestrator/src/testings.integration.mocked/bin/release/net8.0/kiwibank.payments.paymentsorchestrator.testings.integration.mocked.dll" id="9ed9400e-36e7-5296-9ea5-358c22b526a5">
      <TestCategory>
        <TestCategoryItem TestCategory="POrchAPI" />
        <TestCategoryItem TestCategory="EDB-MPS-IPC-REQ.04" />
        <TestCategoryItem TestCategory="NegativeTest" />
        <TestCategoryItem TestCategory="Process:L4ProcessPayment" />
        <TestCategoryItem TestCategory="Outcome:L4ProcessPayment.UltracsTmvTransfer" />
      </TestCategory>
      <Execution id="32bea069-5232-4dc1-9841-ea296aeae1ac" />
      <TestMethod codeBase="/codebuild/output/src2564200978/src/Kiwibank-kb-cap-c17b067d0899fd8eab76e994fac32f86b40b021f/services/payments-orchestrator/src/Testings.Integration.Mocked/bin/Release/net8.0/Kiwibank.Payments.PaymentsOrchestrator.Testings.Integration.Mocked.dll" adapterTypeName="executor://mstestadapter/v2" className="Kiwibank.Payments.PaymentsOrchestrator.Testings.Integration.Mocked.TestFeatures.POrchAPITransferUltracsTMVFeature" name="POrchAPI_UltracsToTMV_Negative_MiddleWare_Response_409" />
    </UnitTest>
    <UnitTest name="POrchAPI_Negative_MiddleWare_Response_409 (AccountIdentificationInsufficientError,409,)" storage="/codebuild/output/src2564200978/src/kiwibank-kb-cap-c17b067d0899fd8eab76e994fac32f86b40b021f/services/payments-orchestrator/src/testings.integration.mocked/bin/release/net8.0/kiwibank.payments.paymentsorchestrator.testings.integration.mocked.dll" id="23b19723-4ec5-2db0-0284-22ee74c1872a">
      <TestCategory>
        <TestCategoryItem TestCategory="POrchAPI" />
        <TestCategoryItem TestCategory="NegativeTest" />
        <TestCategoryItem TestCategory="Process:L4ProcessPayment" />
        <TestCategoryItem TestCategory="Outcome:L4ProcessPayment.UltracsUltracsTransfer" />
      </TestCategory>
      <Execution id="4c071d99-a058-4ccd-be12-9259031dbe8b" />
      <TestMethod codeBase="/codebuild/output/src2564200978/src/Kiwibank-kb-cap-c17b067d0899fd8eab76e994fac32f86b40b021f/services/payments-orchestrator/src/Testings.Integration.Mocked/bin/Release/net8.0/Kiwibank.Payments.PaymentsOrchestrator.Testings.Integration.Mocked.dll" adapterTypeName="executor://mstestadapter/v2" className="Kiwibank.Payments.PaymentsOrchestrator.Testings.Integration.Mocked.TestFeatures.POrchAPIFeature" name="POrchAPI_Negative_MiddleWare_Response_409" />
    </UnitTest>
    <UnitTest name="POrchAPI_Transfer_Invalid_Currency_Return_Error (AUD,400,)" storage="/codebuild/output/src2564200978/src/kiwibank-kb-cap-c17b067d0899fd8eab76e994fac32f86b40b021f/services/payments-orchestrator/src/testings.integration.mocked/bin/release/net8.0/kiwibank.payments.paymentsorchestrator.testings.integration.mocked.dll" id="aea9dbb7-f7b6-b4e5-e721-553a69502aed">
      <TestCategory>
        <TestCategoryItem TestCategory="POrchAPI" />
        <TestCategoryItem TestCategory="NegativeTest" />
        <TestCategoryItem TestCategory="Process:L4ProcessPayment" />
        <TestCategoryItem TestCategory="Outcome:L4ProcessPayment.UltracsUltracs" />
      </TestCategory>
      <Execution id="e2364aa7-e6b4-4d3f-8d3a-1a6ba96512dd" />
      <TestMethod codeBase="/codebuild/output/src2564200978/src/Kiwibank-kb-cap-c17b067d0899fd8eab76e994fac32f86b40b021f/services/payments-orchestrator/src/Testings.Integration.Mocked/bin/Release/net8.0/Kiwibank.Payments.PaymentsOrchestrator.Testings.Integration.Mocked.dll" adapterTypeName="executor://mstestadapter/v2" className="Kiwibank.Payments.PaymentsOrchestrator.Testings.Integration.Mocked.TestFeatures.POrchTransferFieldValidationFeature" name="POrchAPI_Transfer_Invalid_Currency_Return_Error" />
    </UnitTest>
    <UnitTest name="POrchAPI_TMVToTMV_Valid_Creditor_Code_Return_Success (()+$*!;-/?:,201,)" storage="/codebuild/output/src2564200978/src/kiwibank-kb-cap-c17b067d0899fd8eab76e994fac32f86b40b021f/services/payments-orchestrator/src/testings.integration.mocked/bin/release/net8.0/kiwibank.payments.paymentsorchestrator.testings.integration.mocked.dll" id="5f5c9022-b4ac-a4d0-1be9-5e586da98280">
      <TestCategory>
        <TestCategoryItem TestCategory="Outcome:L4ProcessPayment.TmvTmvTransfer" />
        <TestCategoryItem TestCategory="POrchAPI" />
        <TestCategoryItem TestCategory="PositiveTest" />
        <TestCategoryItem TestCategory="Process:L4ProcessPayment" />
        <TestCategoryItem TestCategory="EDB-MPS-IPC-REQ.01" />
      </TestCategory>
      <Execution id="384f1294-ce14-4227-a398-d1a0a79484da" />
      <TestMethod codeBase="/codebuild/output/src2564200978/src/Kiwibank-kb-cap-c17b067d0899fd8eab76e994fac32f86b40b021f/services/payments-orchestrator/src/Testings.Integration.Mocked/bin/Release/net8.0/Kiwibank.Payments.PaymentsOrchestrator.Testings.Integration.Mocked.dll" adapterTypeName="executor://mstestadapter/v2" className="Kiwibank.Payments.PaymentsOrchestrator.Testings.Integration.Mocked.TestFeatures.POrchAPITransferTmvTmvFeature" name="POrchAPI_TMVToTMV_Valid_Creditor_Code_Return_Success" />
    </UnitTest>
    <UnitTest name="POrchAPI_Idempotency_Multiple_Identical_Requests_Gives_409" storage="/codebuild/output/src2564200978/src/kiwibank-kb-cap-c17b067d0899fd8eab76e994fac32f86b40b021f/services/payments-orchestrator/src/testings.integration.mocked/bin/release/net8.0/kiwibank.payments.paymentsorchestrator.testings.integration.mocked.dll" id="5e0f1cfa-75f6-24c9-04dc-0016c4d99c0e">
      <TestCategory>
        <TestCategoryItem TestCategory="POrchAPI" />
        <TestCategoryItem TestCategory="Process:L4ProcessPayment" />
        <TestCategoryItem TestCategory="Outcome:L4ProcessPayment.UltracsUltracsTransfer" />
      </TestCategory>
      <Execution id="a1bda1a3-c45c-4aec-9a4e-03d694f9d093" />
      <TestMethod codeBase="/codebuild/output/src2564200978/src/Kiwibank-kb-cap-c17b067d0899fd8eab76e994fac32f86b40b021f/services/payments-orchestrator/src/Testings.Integration.Mocked/bin/Release/net8.0/Kiwibank.Payments.PaymentsOrchestrator.Testings.Integration.Mocked.dll" adapterTypeName="executor://mstestadapter/v2" className="Kiwibank.Payments.PaymentsOrchestrator.Testings.Integration.Mocked.TestFeatures.POrchAPIFeature" name="POrchAPI_Idempotency_Multiple_Identical_Requests_Gives_409" />
    </UnitTest>
    <UnitTest name="POrchAPI_Other_Middleware_Responses_Do_Not_Retry (UnknownError,500,)" storage="/codebuild/output/src2564200978/src/kiwibank-kb-cap-c17b067d0899fd8eab76e994fac32f86b40b021f/services/payments-orchestrator/src/testings.integration.mocked/bin/release/net8.0/kiwibank.payments.paymentsorchestrator.testings.integration.mocked.dll" id="9949895d-04f1-c413-02a3-f5fbc14f55ed">
      <TestCategory>
        <TestCategoryItem TestCategory="Process:L4ProcessPayment" />
        <TestCategoryItem TestCategory="scenarioTest" />
        <TestCategoryItem TestCategory="Outcome:L4ProcessPayment.UltracsUltracsTransfer" />
      </TestCategory>
      <Execution id="2f22897a-b327-4534-9440-4b791444f744" />
      <TestMethod codeBase="/codebuild/output/src2564200978/src/Kiwibank-kb-cap-c17b067d0899fd8eab76e994fac32f86b40b021f/services/payments-orchestrator/src/Testings.Integration.Mocked/bin/Release/net8.0/Kiwibank.Payments.PaymentsOrchestrator.Testings.Integration.Mocked.dll" adapterTypeName="executor://mstestadapter/v2" className="Kiwibank.Payments.PaymentsOrchestrator.Testings.Integration.Mocked.TestFeatures.POrchDownstreamServicesRetryAppropriatelyFeature" name="POrchAPI_Other_Middleware_Responses_Do_Not_Retry" />
    </UnitTest>
    <UnitTest name="POrchAPI_Invalid_Debtor_Particulars_Return_Error (abcdefghijklmnsey,400,)" storage="/codebuild/output/src2564200978/src/kiwibank-kb-cap-c17b067d0899fd8eab76e994fac32f86b40b021f/services/payments-orchestrator/src/testings.integration.mocked/bin/release/net8.0/kiwibank.payments.paymentsorchestrator.testings.integration.mocked.dll" id="67b89cf1-9fd9-82c6-35df-146c899a8938">
      <TestCategory>
        <TestCategoryItem TestCategory="POrchAPI" />
        <TestCategoryItem TestCategory="NegativeTest" />
        <TestCategoryItem TestCategory="Process:L4ProcessPayment" />
        <TestCategoryItem TestCategory="Outcome:L4ProcessPayment.UltracsUltracsTransfer" />
      </TestCategory>
      <Execution id="5eb62f83-d589-4bb3-9fdc-46d31938c970" />
      <TestMethod codeBase="/codebuild/output/src2564200978/src/Kiwibank-kb-cap-c17b067d0899fd8eab76e994fac32f86b40b021f/services/payments-orchestrator/src/Testings.Integration.Mocked/bin/Release/net8.0/Kiwibank.Payments.PaymentsOrchestrator.Testings.Integration.Mocked.dll" adapterTypeName="executor://mstestadapter/v2" className="Kiwibank.Payments.PaymentsOrchestrator.Testings.Integration.Mocked.TestFeatures.POrchAPIFieldValidationFeature" name="POrchAPI_Invalid_Debtor_Particulars_Return_Error" />
    </UnitTest>
    <UnitTest name="POrchAPI_Negative_FraudCheck_Response_Close_Middleware_409 (Decline,409,)" storage="/codebuild/output/src2564200978/src/kiwibank-kb-cap-c17b067d0899fd8eab76e994fac32f86b40b021f/services/payments-orchestrator/src/testings.integration.mocked/bin/release/net8.0/kiwibank.payments.paymentsorchestrator.testings.integration.mocked.dll" id="01acd6f1-ea71-38f7-18ae-626b04ac3478">
      <TestCategory>
        <TestCategoryItem TestCategory="POrchAPI" />
        <TestCategoryItem TestCategory="NegativeTest" />
        <TestCategoryItem TestCategory="Process:L4ProcessPayment" />
        <TestCategoryItem TestCategory="Outcome:L4ProcessPayment.UltracsUltracsTransfer" />
      </TestCategory>
      <Execution id="ff7d734a-f11b-4548-ae51-38a0587d24d3" />
      <TestMethod codeBase="/codebuild/output/src2564200978/src/Kiwibank-kb-cap-c17b067d0899fd8eab76e994fac32f86b40b021f/services/payments-orchestrator/src/Testings.Integration.Mocked/bin/Release/net8.0/Kiwibank.Payments.PaymentsOrchestrator.Testings.Integration.Mocked.dll" adapterTypeName="executor://mstestadapter/v2" className="Kiwibank.Payments.PaymentsOrchestrator.Testings.Integration.Mocked.TestFeatures.POrchAPIFeature" name="POrchAPI_Negative_FraudCheck_Response_Close_Middleware_409" />
    </UnitTest>
    <UnitTest name="POrchAPI_Negative_MiddleWare_Response_409 (WithdrawalNotPermittedError,409,)" storage="/codebuild/output/src2564200978/src/kiwibank-kb-cap-c17b067d0899fd8eab76e994fac32f86b40b021f/services/payments-orchestrator/src/testings.integration.mocked/bin/release/net8.0/kiwibank.payments.paymentsorchestrator.testings.integration.mocked.dll" id="50e25875-2c25-fb3c-95d0-d87b9191fafb">
      <TestCategory>
        <TestCategoryItem TestCategory="POrchAPI" />
        <TestCategoryItem TestCategory="NegativeTest" />
        <TestCategoryItem TestCategory="Process:L4ProcessPayment" />
        <TestCategoryItem TestCategory="Outcome:L4ProcessPayment.UltracsUltracsTransfer" />
      </TestCategory>
      <Execution id="5b587f0f-8a32-4bff-945f-9134d41a00eb" />
      <TestMethod codeBase="/codebuild/output/src2564200978/src/Kiwibank-kb-cap-c17b067d0899fd8eab76e994fac32f86b40b021f/services/payments-orchestrator/src/Testings.Integration.Mocked/bin/Release/net8.0/Kiwibank.Payments.PaymentsOrchestrator.Testings.Integration.Mocked.dll" adapterTypeName="executor://mstestadapter/v2" className="Kiwibank.Payments.PaymentsOrchestrator.Testings.Integration.Mocked.TestFeatures.POrchAPIFeature" name="POrchAPI_Negative_MiddleWare_Response_409" />
    </UnitTest>
    <UnitTest name="POrchAPI_Fraud_Retries (504,,)" storage="/codebuild/output/src2564200978/src/kiwibank-kb-cap-c17b067d0899fd8eab76e994fac32f86b40b021f/services/payments-orchestrator/src/testings.integration.mocked/bin/release/net8.0/kiwibank.payments.paymentsorchestrator.testings.integration.mocked.dll" id="d5d0ad9c-ccbe-06a9-b9aa-ca9f6c51210e">
      <TestCategory>
        <TestCategoryItem TestCategory="Process:L4ProcessPayment" />
        <TestCategoryItem TestCategory="scenarioTest" />
        <TestCategoryItem TestCategory="Outcome:L4ProcessPayment.UltracsUltracsTransfer" />
      </TestCategory>
      <Execution id="59195fd8-bd7e-4660-af11-da20e9891cb1" />
      <TestMethod codeBase="/codebuild/output/src2564200978/src/Kiwibank-kb-cap-c17b067d0899fd8eab76e994fac32f86b40b021f/services/payments-orchestrator/src/Testings.Integration.Mocked/bin/Release/net8.0/Kiwibank.Payments.PaymentsOrchestrator.Testings.Integration.Mocked.dll" adapterTypeName="executor://mstestadapter/v2" className="Kiwibank.Payments.PaymentsOrchestrator.Testings.Integration.Mocked.TestFeatures.POrchDownstreamServicesRetryAppropriatelyFeature" name="POrchAPI_Fraud_Retries" />
    </UnitTest>
    <UnitTest name="POrchAPI_Transfer_Invalid_Debtor_Code_Return_Error (\,400,)" storage="/codebuild/output/src2564200978/src/kiwibank-kb-cap-c17b067d0899fd8eab76e994fac32f86b40b021f/services/payments-orchestrator/src/testings.integration.mocked/bin/release/net8.0/kiwibank.payments.paymentsorchestrator.testings.integration.mocked.dll" id="06644832-0720-9f66-794e-34617103e056">
      <TestCategory>
        <TestCategoryItem TestCategory="POrchAPI" />
        <TestCategoryItem TestCategory="NegativeTest" />
        <TestCategoryItem TestCategory="Process:L4ProcessPayment" />
        <TestCategoryItem TestCategory="Outcome:L4ProcessPayment.UltracsUltracs" />
      </TestCategory>
      <Execution id="b44f6b2a-7922-449f-aa9d-8f11a1bcd6c3" />
      <TestMethod codeBase="/codebuild/output/src2564200978/src/Kiwibank-kb-cap-c17b067d0899fd8eab76e994fac32f86b40b021f/services/payments-orchestrator/src/Testings.Integration.Mocked/bin/Release/net8.0/Kiwibank.Payments.PaymentsOrchestrator.Testings.Integration.Mocked.dll" adapterTypeName="executor://mstestadapter/v2" className="Kiwibank.Payments.PaymentsOrchestrator.Testings.Integration.Mocked.TestFeatures.POrchTransferFieldValidationFeature" name="POrchAPI_Transfer_Invalid_Debtor_Code_Return_Error" />
    </UnitTest>
    <UnitTest name="POrchAPI_UltracsToTMV_Negative_MiddleWare_Response_409 (ClosedAccountError,409,)" storage="/codebuild/output/src2564200978/src/kiwibank-kb-cap-c17b067d0899fd8eab76e994fac32f86b40b021f/services/payments-orchestrator/src/testings.integration.mocked/bin/release/net8.0/kiwibank.payments.paymentsorchestrator.testings.integration.mocked.dll" id="e0c97504-1436-a1ed-d7df-2c297bbad90c">
      <TestCategory>
        <TestCategoryItem TestCategory="POrchAPI" />
        <TestCategoryItem TestCategory="EDB-MPS-IPC-REQ.04" />
        <TestCategoryItem TestCategory="NegativeTest" />
        <TestCategoryItem TestCategory="Process:L4ProcessPayment" />
        <TestCategoryItem TestCategory="Outcome:L4ProcessPayment.UltracsTmvTransfer" />
      </TestCategory>
      <Execution id="23f477d2-6fc2-4594-b01b-b2998278f69d" />
      <TestMethod codeBase="/codebuild/output/src2564200978/src/Kiwibank-kb-cap-c17b067d0899fd8eab76e994fac32f86b40b021f/services/payments-orchestrator/src/Testings.Integration.Mocked/bin/Release/net8.0/Kiwibank.Payments.PaymentsOrchestrator.Testings.Integration.Mocked.dll" adapterTypeName="executor://mstestadapter/v2" className="Kiwibank.Payments.PaymentsOrchestrator.Testings.Integration.Mocked.TestFeatures.POrchAPITransferUltracsTMVFeature" name="POrchAPI_UltracsToTMV_Negative_MiddleWare_Response_409" />
    </UnitTest>
    <UnitTest name="POrchAPI_Middleware_Retries_Correctly (500 with body,201,)" storage="/codebuild/output/src2564200978/src/kiwibank-kb-cap-c17b067d0899fd8eab76e994fac32f86b40b021f/services/payments-orchestrator/src/testings.integration.mocked/bin/release/net8.0/kiwibank.payments.paymentsorchestrator.testings.integration.mocked.dll" id="ced0770e-b901-4274-885a-59ff4d76a8a9">
      <TestCategory>
        <TestCategoryItem TestCategory="Process:L4ProcessPayment" />
        <TestCategoryItem TestCategory="scenarioTest" />
        <TestCategoryItem TestCategory="Outcome:L4ProcessPayment.UltracsUltracsTransfer" />
      </TestCategory>
      <Execution id="103d7933-6f33-4389-aada-6f692a686475" />
      <TestMethod codeBase="/codebuild/output/src2564200978/src/Kiwibank-kb-cap-c17b067d0899fd8eab76e994fac32f86b40b021f/services/payments-orchestrator/src/Testings.Integration.Mocked/bin/Release/net8.0/Kiwibank.Payments.PaymentsOrchestrator.Testings.Integration.Mocked.dll" adapterTypeName="executor://mstestadapter/v2" className="Kiwibank.Payments.PaymentsOrchestrator.Testings.Integration.Mocked.TestFeatures.POrchDownstreamServicesRetryAppropriatelyFeature" name="POrchAPI_Middleware_Retries_Correctly" />
    </UnitTest>
    <UnitTest name="POrchAPI_Idempotency_Successful_Request_Gives_201_For_Same_Idempotency_Combo" storage="/codebuild/output/src2564200978/src/kiwibank-kb-cap-c17b067d0899fd8eab76e994fac32f86b40b021f/services/payments-orchestrator/src/testings.integration.mocked/bin/release/net8.0/kiwibank.payments.paymentsorchestrator.testings.integration.mocked.dll" id="41ca75c3-6259-05b8-285b-4f5ddad16486">
      <TestCategory>
        <TestCategoryItem TestCategory="POrchAPI" />
        <TestCategoryItem TestCategory="Process:L4ProcessPayment" />
        <TestCategoryItem TestCategory="Outcome:L4ProcessPayment.UltracsUltracsTransfer" />
      </TestCategory>
      <Execution id="bdbf6f38-5d01-4d46-8d97-c76c9caa1736" />
      <TestMethod codeBase="/codebuild/output/src2564200978/src/Kiwibank-kb-cap-c17b067d0899fd8eab76e994fac32f86b40b021f/services/payments-orchestrator/src/Testings.Integration.Mocked/bin/Release/net8.0/Kiwibank.Payments.PaymentsOrchestrator.Testings.Integration.Mocked.dll" adapterTypeName="executor://mstestadapter/v2" className="Kiwibank.Payments.PaymentsOrchestrator.Testings.Integration.Mocked.TestFeatures.POrchAPIFeature" name="POrchAPI_Idempotency_Successful_Request_Gives_201_For_Same_Idempotency_Combo" />
    </UnitTest>
    <UnitTest name="POrchAPI_Invalid_Debtor_Reference_Return_Error (\,400,)" storage="/codebuild/output/src2564200978/src/kiwibank-kb-cap-c17b067d0899fd8eab76e994fac32f86b40b021f/services/payments-orchestrator/src/testings.integration.mocked/bin/release/net8.0/kiwibank.payments.paymentsorchestrator.testings.integration.mocked.dll" id="50ca2893-6404-dd2c-fb98-40482ee17ad2">
      <TestCategory>
        <TestCategoryItem TestCategory="POrchAPI" />
        <TestCategoryItem TestCategory="NegativeTest" />
        <TestCategoryItem TestCategory="Process:L4ProcessPayment" />
        <TestCategoryItem TestCategory="Outcome:L4ProcessPayment.UltracsUltracsTransfer" />
      </TestCategory>
      <Execution id="e9144631-3100-4ebe-a1d2-303158b05f57" />
      <TestMethod codeBase="/codebuild/output/src2564200978/src/Kiwibank-kb-cap-c17b067d0899fd8eab76e994fac32f86b40b021f/services/payments-orchestrator/src/Testings.Integration.Mocked/bin/Release/net8.0/Kiwibank.Payments.PaymentsOrchestrator.Testings.Integration.Mocked.dll" adapterTypeName="executor://mstestadapter/v2" className="Kiwibank.Payments.PaymentsOrchestrator.Testings.Integration.Mocked.TestFeatures.POrchAPIFieldValidationFeature" name="POrchAPI_Invalid_Debtor_Reference_Return_Error" />
    </UnitTest>
    <UnitTest name="ChallengeAndResponseDecisionEndpointIsAccessible (Continue,Sent,)" storage="/codebuild/output/src2564200978/src/kiwibank-kb-cap-c17b067d0899fd8eab76e994fac32f86b40b021f/services/payments-orchestrator/src/testings.integration.mocked/bin/release/net8.0/kiwibank.payments.paymentsorchestrator.testings.integration.mocked.dll" id="e126e7cf-c0ab-74a1-6468-c90fcefa9c0d">
      <TestCategory>
        <TestCategoryItem TestCategory="Process:L4ProcessPayment" />
      </TestCategory>
      <Execution id="b6179e6f-a1f8-432e-af8d-57d309dca182" />
      <TestMethod codeBase="/codebuild/output/src2564200978/src/Kiwibank-kb-cap-c17b067d0899fd8eab76e994fac32f86b40b021f/services/payments-orchestrator/src/Testings.Integration.Mocked/bin/Release/net8.0/Kiwibank.Payments.PaymentsOrchestrator.Testings.Integration.Mocked.dll" adapterTypeName="executor://mstestadapter/v2" className="Kiwibank.Payments.PaymentsOrchestrator.Testings.Integration.Mocked.TestFeatures.ChallengeAndResponseEndpointsForPOrchFeature" name="ChallengeAndResponseDecisionEndpointIsAccessible" />
    </UnitTest>
    <UnitTest name="POrchAPI_TMVToUltracs_Valid_Creditor_Code_Return_Success (=@#_%,.,201,)" storage="/codebuild/output/src2564200978/src/kiwibank-kb-cap-c17b067d0899fd8eab76e994fac32f86b40b021f/services/payments-orchestrator/src/testings.integration.mocked/bin/release/net8.0/kiwibank.payments.paymentsorchestrator.testings.integration.mocked.dll" id="903cd4f8-517c-7a37-07f4-921fbc9d361d">
      <TestCategory>
        <TestCategoryItem TestCategory="POrchAPI" />
        <TestCategoryItem TestCategory="PositiveTest" />
        <TestCategoryItem TestCategory="Outcome:L4ProcessPayment.TmvUltracsTransfer" />
        <TestCategoryItem TestCategory="Process:L4ProcessPayment" />
        <TestCategoryItem TestCategory="EDB-MPS-IPC-REQ.02" />
      </TestCategory>
      <Execution id="69b27065-7f34-4ba4-ac1f-36f08e7704fc" />
      <TestMethod codeBase="/codebuild/output/src2564200978/src/Kiwibank-kb-cap-c17b067d0899fd8eab76e994fac32f86b40b021f/services/payments-orchestrator/src/Testings.Integration.Mocked/bin/Release/net8.0/Kiwibank.Payments.PaymentsOrchestrator.Testings.Integration.Mocked.dll" adapterTypeName="executor://mstestadapter/v2" className="Kiwibank.Payments.PaymentsOrchestrator.Testings.Integration.Mocked.TestFeatures.POrchAPITransferTMVUltracsFeature" name="POrchAPI_TMVToUltracs_Valid_Creditor_Code_Return_Success" />
    </UnitTest>
    <UnitTest name="POrchAPI_Various_Amounts_Return_Error_When_Length_Exceeded (00000000000.01,,)" storage="/codebuild/output/src2564200978/src/kiwibank-kb-cap-c17b067d0899fd8eab76e994fac32f86b40b021f/services/payments-orchestrator/src/testings.integration.mocked/bin/release/net8.0/kiwibank.payments.paymentsorchestrator.testings.integration.mocked.dll" id="fcc87965-3b73-69f4-c122-fdfc94e1d8cb">
      <TestCategory>
        <TestCategoryItem TestCategory="POrchAPI" />
        <TestCategoryItem TestCategory="Process:L4ProcessPayment" />
        <TestCategoryItem TestCategory="Outcome:L4ProcessPayment.UltracsUltracsTransfer" />
      </TestCategory>
      <Execution id="5187c288-16b0-4d93-9dc7-33c113e226aa" />
      <TestMethod codeBase="/codebuild/output/src2564200978/src/Kiwibank-kb-cap-c17b067d0899fd8eab76e994fac32f86b40b021f/services/payments-orchestrator/src/Testings.Integration.Mocked/bin/Release/net8.0/Kiwibank.Payments.PaymentsOrchestrator.Testings.Integration.Mocked.dll" adapterTypeName="executor://mstestadapter/v2" className="Kiwibank.Payments.PaymentsOrchestrator.Testings.Integration.Mocked.TestFeatures.POrchAPIFeature" name="POrchAPI_Various_Amounts_Return_Error_When_Length_Exceeded" />
    </UnitTest>
    <UnitTest name="POrchAPI_Transfer_Invalid_Creditor_Account_Source_Return_Error (&quot;&quot;,400,'CreditorAccountSource' can only be Ultracs or TMV for transfers.,)" storage="/codebuild/output/src2564200978/src/kiwibank-kb-cap-c17b067d0899fd8eab76e994fac32f86b40b021f/services/payments-orchestrator/src/testings.integration.mocked/bin/release/net8.0/kiwibank.payments.paymentsorchestrator.testings.integration.mocked.dll" id="84215482-1639-cb06-f54a-780c0a44f94d">
      <TestCategory>
        <TestCategoryItem TestCategory="POrchAPI" />
        <TestCategoryItem TestCategory="NegativeTest" />
        <TestCategoryItem TestCategory="Process:L4ProcessPayment" />
        <TestCategoryItem TestCategory="Outcome:L4ProcessPayment.UltracsUltracs" />
      </TestCategory>
      <Execution id="a6247112-261d-4105-b9fe-d23f2bcb8ee0" />
      <TestMethod codeBase="/codebuild/output/src2564200978/src/Kiwibank-kb-cap-c17b067d0899fd8eab76e994fac32f86b40b021f/services/payments-orchestrator/src/Testings.Integration.Mocked/bin/Release/net8.0/Kiwibank.Payments.PaymentsOrchestrator.Testings.Integration.Mocked.dll" adapterTypeName="executor://mstestadapter/v2" className="Kiwibank.Payments.PaymentsOrchestrator.Testings.Integration.Mocked.TestFeatures.POrchTransferFieldValidationFeature" name="POrchAPI_Transfer_Invalid_Creditor_Account_Source_Return_Error" />
    </UnitTest>
    <UnitTest name="POrchAPI_Valid_Creditor_Code_Return_Success (()+$*!;-/?:,201,)" storage="/codebuild/output/src2564200978/src/kiwibank-kb-cap-c17b067d0899fd8eab76e994fac32f86b40b021f/services/payments-orchestrator/src/testings.integration.mocked/bin/release/net8.0/kiwibank.payments.paymentsorchestrator.testings.integration.mocked.dll" id="3d87b9df-462b-a8e2-6ede-09a058082661">
      <TestCategory>
        <TestCategoryItem TestCategory="POrchAPI" />
        <TestCategoryItem TestCategory="Process:L4ProcessPayment" />
        <TestCategoryItem TestCategory="Outcome:L4ProcessPayment.UltracsUltracsTransfer" />
      </TestCategory>
      <Execution id="f4207f5b-1c54-47d5-9297-25312d4be2f4" />
      <TestMethod codeBase="/codebuild/output/src2564200978/src/Kiwibank-kb-cap-c17b067d0899fd8eab76e994fac32f86b40b021f/services/payments-orchestrator/src/Testings.Integration.Mocked/bin/Release/net8.0/Kiwibank.Payments.PaymentsOrchestrator.Testings.Integration.Mocked.dll" adapterTypeName="executor://mstestadapter/v2" className="Kiwibank.Payments.PaymentsOrchestrator.Testings.Integration.Mocked.TestFeatures.POrchAPIFeature" name="POrchAPI_Valid_Creditor_Code_Return_Success" />
    </UnitTest>
    <UnitTest name="POrchNRT_Unsuccessful_Response_From_FraudCheck_Successful_From_NRT (Unknown,,)" storage="/codebuild/output/src2564200978/src/kiwibank-kb-cap-c17b067d0899fd8eab76e994fac32f86b40b021f/services/payments-orchestrator/src/testings.integration.mocked/bin/release/net8.0/kiwibank.payments.paymentsorchestrator.testings.integration.mocked.dll" id="1bd5fb5a-9e9f-97ad-4b8a-d3a892f44a91">
      <TestCategory>
        <TestCategoryItem TestCategory="Process:L4ProcessPayment" />
        <TestCategoryItem TestCategory="POrchNRT" />
        <TestCategoryItem TestCategory="Outcome:L4ProcessPayment.UltracsUltracsTransfer" />
      </TestCategory>
      <Execution id="848f384c-f451-44ee-8e9d-fd5360f2fa58" />
      <TestMethod codeBase="/codebuild/output/src2564200978/src/Kiwibank-kb-cap-c17b067d0899fd8eab76e994fac32f86b40b021f/services/payments-orchestrator/src/Testings.Integration.Mocked/bin/Release/net8.0/Kiwibank.Payments.PaymentsOrchestrator.Testings.Integration.Mocked.dll" adapterTypeName="executor://mstestadapter/v2" className="Kiwibank.Payments.PaymentsOrchestrator.Testings.Integration.Mocked.TestFeatures.POrchNRTFeature" name="POrchNRT_Unsuccessful_Response_From_FraudCheck_Successful_From_NRT" />
    </UnitTest>
    <UnitTest name="POrchAPI_Various_Amounts_Return_Error_When_Length_Exceeded (12345678901.11,,)" storage="/codebuild/output/src2564200978/src/kiwibank-kb-cap-c17b067d0899fd8eab76e994fac32f86b40b021f/services/payments-orchestrator/src/testings.integration.mocked/bin/release/net8.0/kiwibank.payments.paymentsorchestrator.testings.integration.mocked.dll" id="e960d17e-5a16-1088-2ab9-bd4cbfeb6051">
      <TestCategory>
        <TestCategoryItem TestCategory="POrchAPI" />
        <TestCategoryItem TestCategory="Process:L4ProcessPayment" />
        <TestCategoryItem TestCategory="Outcome:L4ProcessPayment.UltracsUltracsTransfer" />
      </TestCategory>
      <Execution id="1892f51d-4f4c-4a6c-bdf5-5c6fb5f4cc7d" />
      <TestMethod codeBase="/codebuild/output/src2564200978/src/Kiwibank-kb-cap-c17b067d0899fd8eab76e994fac32f86b40b021f/services/payments-orchestrator/src/Testings.Integration.Mocked/bin/Release/net8.0/Kiwibank.Payments.PaymentsOrchestrator.Testings.Integration.Mocked.dll" adapterTypeName="executor://mstestadapter/v2" className="Kiwibank.Payments.PaymentsOrchestrator.Testings.Integration.Mocked.TestFeatures.POrchAPIFeature" name="POrchAPI_Various_Amounts_Return_Error_When_Length_Exceeded" />
    </UnitTest>
    <UnitTest name="POrchAPI_UltracsToTMV_Valid_Creditor_Code_Return_Success (()+$*!;-/?:,201,)" storage="/codebuild/output/src2564200978/src/kiwibank-kb-cap-c17b067d0899fd8eab76e994fac32f86b40b021f/services/payments-orchestrator/src/testings.integration.mocked/bin/release/net8.0/kiwibank.payments.paymentsorchestrator.testings.integration.mocked.dll" id="01a614b6-dddf-0daf-b823-0fab31c9f504">
      <TestCategory>
        <TestCategoryItem TestCategory="POrchAPI" />
        <TestCategoryItem TestCategory="PositiveTest" />
        <TestCategoryItem TestCategory="EDB-MPS-IPC-REQ.02" />
        <TestCategoryItem TestCategory="Process:L4ProcessPayment" />
        <TestCategoryItem TestCategory="Outcome:L4ProcessPayment.UltracsTmvTransfer" />
      </TestCategory>
      <Execution id="039ce4f1-3a04-4075-bdad-2b3ac745e54d" />
      <TestMethod codeBase="/codebuild/output/src2564200978/src/Kiwibank-kb-cap-c17b067d0899fd8eab76e994fac32f86b40b021f/services/payments-orchestrator/src/Testings.Integration.Mocked/bin/Release/net8.0/Kiwibank.Payments.PaymentsOrchestrator.Testings.Integration.Mocked.dll" adapterTypeName="executor://mstestadapter/v2" className="Kiwibank.Payments.PaymentsOrchestrator.Testings.Integration.Mocked.TestFeatures.POrchAPITransferUltracsTMVFeature" name="POrchAPI_UltracsToTMV_Valid_Creditor_Code_Return_Success" />
    </UnitTest>
    <UnitTest name="POrchAPI_TMVToTMV_Valid_Debtor_Particulars_Return_Success (()+$*!;-/?:,201,)" storage="/codebuild/output/src2564200978/src/kiwibank-kb-cap-c17b067d0899fd8eab76e994fac32f86b40b021f/services/payments-orchestrator/src/testings.integration.mocked/bin/release/net8.0/kiwibank.payments.paymentsorchestrator.testings.integration.mocked.dll" id="3dbdba1a-6fd0-35a0-1845-7a9d5e1b5f0c">
      <TestCategory>
        <TestCategoryItem TestCategory="Outcome:L4ProcessPayment.TmvTmvTransfer" />
        <TestCategoryItem TestCategory="POrchAPI" />
        <TestCategoryItem TestCategory="PositiveTest" />
        <TestCategoryItem TestCategory="Process:L4ProcessPayment" />
        <TestCategoryItem TestCategory="EDB-MPS-IPC-REQ.01" />
      </TestCategory>
      <Execution id="64e9d14d-bbd3-4195-9989-dc1508253ee4" />
      <TestMethod codeBase="/codebuild/output/src2564200978/src/Kiwibank-kb-cap-c17b067d0899fd8eab76e994fac32f86b40b021f/services/payments-orchestrator/src/Testings.Integration.Mocked/bin/Release/net8.0/Kiwibank.Payments.PaymentsOrchestrator.Testings.Integration.Mocked.dll" adapterTypeName="executor://mstestadapter/v2" className="Kiwibank.Payments.PaymentsOrchestrator.Testings.Integration.Mocked.TestFeatures.POrchAPITransferTmvTmvFeature" name="POrchAPI_TMVToTMV_Valid_Debtor_Particulars_Return_Success" />
    </UnitTest>
    <UnitTest name="POrchAPI_Various_Amounts_Return_Success_When_Below_Max (0000000001.11,,)" storage="/codebuild/output/src2564200978/src/kiwibank-kb-cap-c17b067d0899fd8eab76e994fac32f86b40b021f/services/payments-orchestrator/src/testings.integration.mocked/bin/release/net8.0/kiwibank.payments.paymentsorchestrator.testings.integration.mocked.dll" id="706ab6ba-2b51-b9db-cf4d-e95f5e95f91d">
      <TestCategory>
        <TestCategoryItem TestCategory="POrchAPI" />
        <TestCategoryItem TestCategory="Process:L4ProcessPayment" />
        <TestCategoryItem TestCategory="Outcome:L4ProcessPayment.UltracsUltracsTransfer" />
      </TestCategory>
      <Execution id="54460d48-855d-4d8b-962a-57d9a99a2374" />
      <TestMethod codeBase="/codebuild/output/src2564200978/src/Kiwibank-kb-cap-c17b067d0899fd8eab76e994fac32f86b40b021f/services/payments-orchestrator/src/Testings.Integration.Mocked/bin/Release/net8.0/Kiwibank.Payments.PaymentsOrchestrator.Testings.Integration.Mocked.dll" adapterTypeName="executor://mstestadapter/v2" className="Kiwibank.Payments.PaymentsOrchestrator.Testings.Integration.Mocked.TestFeatures.POrchAPIFeature" name="POrchAPI_Various_Amounts_Return_Success_When_Below_Max" />
    </UnitTest>
    <UnitTest name="POrchAPI_Invalid_Debtor_Code_Return_Error (},400,)" storage="/codebuild/output/src2564200978/src/kiwibank-kb-cap-c17b067d0899fd8eab76e994fac32f86b40b021f/services/payments-orchestrator/src/testings.integration.mocked/bin/release/net8.0/kiwibank.payments.paymentsorchestrator.testings.integration.mocked.dll" id="55967ab3-f02b-24cf-715e-447550358823">
      <TestCategory>
        <TestCategoryItem TestCategory="POrchAPI" />
        <TestCategoryItem TestCategory="NegativeTest" />
        <TestCategoryItem TestCategory="Process:L4ProcessPayment" />
        <TestCategoryItem TestCategory="Outcome:L4ProcessPayment.UltracsUltracsTransfer" />
      </TestCategory>
      <Execution id="29ff8f1e-8d16-4c8b-a639-e61d22188e49" />
      <TestMethod codeBase="/codebuild/output/src2564200978/src/Kiwibank-kb-cap-c17b067d0899fd8eab76e994fac32f86b40b021f/services/payments-orchestrator/src/Testings.Integration.Mocked/bin/Release/net8.0/Kiwibank.Payments.PaymentsOrchestrator.Testings.Integration.Mocked.dll" adapterTypeName="executor://mstestadapter/v2" className="Kiwibank.Payments.PaymentsOrchestrator.Testings.Integration.Mocked.TestFeatures.POrchAPIFieldValidationFeature" name="POrchAPI_Invalid_Debtor_Code_Return_Error" />
    </UnitTest>
    <UnitTest name="POrchAPI_Transfer_Invalid_Debtor_Account_Source_Return_Error (&quot;&quot;,400,'DebtorAccountSource' can only be Ultracs or TMV for transfers.,)" storage="/codebuild/output/src2564200978/src/kiwibank-kb-cap-c17b067d0899fd8eab76e994fac32f86b40b021f/services/payments-orchestrator/src/testings.integration.mocked/bin/release/net8.0/kiwibank.payments.paymentsorchestrator.testings.integration.mocked.dll" id="ea760280-3855-9de7-a46e-864928aef426">
      <TestCategory>
        <TestCategoryItem TestCategory="POrchAPI" />
        <TestCategoryItem TestCategory="NegativeTest" />
        <TestCategoryItem TestCategory="Process:L4ProcessPayment" />
        <TestCategoryItem TestCategory="Outcome:L4ProcessPayment.UltracsUltracs" />
      </TestCategory>
      <Execution id="ac2482e5-ea4b-4592-8e8e-e48fd72c50dc" />
      <TestMethod codeBase="/codebuild/output/src2564200978/src/Kiwibank-kb-cap-c17b067d0899fd8eab76e994fac32f86b40b021f/services/payments-orchestrator/src/Testings.Integration.Mocked/bin/Release/net8.0/Kiwibank.Payments.PaymentsOrchestrator.Testings.Integration.Mocked.dll" adapterTypeName="executor://mstestadapter/v2" className="Kiwibank.Payments.PaymentsOrchestrator.Testings.Integration.Mocked.TestFeatures.POrchTransferFieldValidationFeature" name="POrchAPI_Transfer_Invalid_Debtor_Account_Source_Return_Error" />
    </UnitTest>
    <UnitTest name="POrchAPI_Fraud_Retries (408,,)" storage="/codebuild/output/src2564200978/src/kiwibank-kb-cap-c17b067d0899fd8eab76e994fac32f86b40b021f/services/payments-orchestrator/src/testings.integration.mocked/bin/release/net8.0/kiwibank.payments.paymentsorchestrator.testings.integration.mocked.dll" id="a310d40e-f014-60e6-7b2c-ec53a7367fc9">
      <TestCategory>
        <TestCategoryItem TestCategory="Process:L4ProcessPayment" />
        <TestCategoryItem TestCategory="scenarioTest" />
        <TestCategoryItem TestCategory="Outcome:L4ProcessPayment.UltracsUltracsTransfer" />
      </TestCategory>
      <Execution id="e9eb58d8-702d-48a6-a9bc-9bca12845ea3" />
      <TestMethod codeBase="/codebuild/output/src2564200978/src/Kiwibank-kb-cap-c17b067d0899fd8eab76e994fac32f86b40b021f/services/payments-orchestrator/src/Testings.Integration.Mocked/bin/Release/net8.0/Kiwibank.Payments.PaymentsOrchestrator.Testings.Integration.Mocked.dll" adapterTypeName="executor://mstestadapter/v2" className="Kiwibank.Payments.PaymentsOrchestrator.Testings.Integration.Mocked.TestFeatures.POrchDownstreamServicesRetryAppropriatelyFeature" name="POrchAPI_Fraud_Retries" />
    </UnitTest>
    <UnitTest name="POrchAPI_Invalid_Creditor_Particulars_Return_Error (},400,)" storage="/codebuild/output/src2564200978/src/kiwibank-kb-cap-c17b067d0899fd8eab76e994fac32f86b40b021f/services/payments-orchestrator/src/testings.integration.mocked/bin/release/net8.0/kiwibank.payments.paymentsorchestrator.testings.integration.mocked.dll" id="10f869b5-3f94-9d9b-fca6-ae8470aff83f">
      <TestCategory>
        <TestCategoryItem TestCategory="POrchAPI" />
        <TestCategoryItem TestCategory="NegativeTest" />
        <TestCategoryItem TestCategory="Process:L4ProcessPayment" />
        <TestCategoryItem TestCategory="Outcome:L4ProcessPayment.UltracsUltracsTransfer" />
      </TestCategory>
      <Execution id="aad4f3db-0ca8-411f-bf9a-8bfc46b48c35" />
      <TestMethod codeBase="/codebuild/output/src2564200978/src/Kiwibank-kb-cap-c17b067d0899fd8eab76e994fac32f86b40b021f/services/payments-orchestrator/src/Testings.Integration.Mocked/bin/Release/net8.0/Kiwibank.Payments.PaymentsOrchestrator.Testings.Integration.Mocked.dll" adapterTypeName="executor://mstestadapter/v2" className="Kiwibank.Payments.PaymentsOrchestrator.Testings.Integration.Mocked.TestFeatures.POrchAPIFieldValidationFeature" name="POrchAPI_Invalid_Creditor_Particulars_Return_Error" />
    </UnitTest>
    <UnitTest name="POrchAPI_Invalid_Debit_Account_Return_Error (38231234562856345,400,)" storage="/codebuild/output/src2564200978/src/kiwibank-kb-cap-c17b067d0899fd8eab76e994fac32f86b40b021f/services/payments-orchestrator/src/testings.integration.mocked/bin/release/net8.0/kiwibank.payments.paymentsorchestrator.testings.integration.mocked.dll" id="cf8e917f-8493-b13d-e6de-2124749937b2">
      <TestCategory>
        <TestCategoryItem TestCategory="POrchAPI" />
        <TestCategoryItem TestCategory="NegativeTest" />
        <TestCategoryItem TestCategory="Process:L4ProcessPayment" />
        <TestCategoryItem TestCategory="Outcome:L4ProcessPayment.UltracsUltracsTransfer" />
      </TestCategory>
      <Execution id="7bf3bb59-0823-469a-bb2a-315f48d1c022" />
      <TestMethod codeBase="/codebuild/output/src2564200978/src/Kiwibank-kb-cap-c17b067d0899fd8eab76e994fac32f86b40b021f/services/payments-orchestrator/src/Testings.Integration.Mocked/bin/Release/net8.0/Kiwibank.Payments.PaymentsOrchestrator.Testings.Integration.Mocked.dll" adapterTypeName="executor://mstestadapter/v2" className="Kiwibank.Payments.PaymentsOrchestrator.Testings.Integration.Mocked.TestFeatures.POrchAPIFieldValidationFeature" name="POrchAPI_Invalid_Debit_Account_Return_Error" />
    </UnitTest>
    <UnitTest name="POrchAPI_PAS_Retries (408,,)" storage="/codebuild/output/src2564200978/src/kiwibank-kb-cap-c17b067d0899fd8eab76e994fac32f86b40b021f/services/payments-orchestrator/src/testings.integration.mocked/bin/release/net8.0/kiwibank.payments.paymentsorchestrator.testings.integration.mocked.dll" id="6e13db0b-eab0-62c7-9943-5f8d6499ceec">
      <TestCategory>
        <TestCategoryItem TestCategory="requestTest" />
        <TestCategoryItem TestCategory="Process:L4ProcessPayment" />
        <TestCategoryItem TestCategory="scenarioTest" />
        <TestCategoryItem TestCategory="Outcome:L4ProcessPayment.UltracsUltracsTransfer" />
      </TestCategory>
      <Execution id="e7c72762-cfd0-48d4-be9f-a136b4e257d8" />
      <TestMethod codeBase="/codebuild/output/src2564200978/src/Kiwibank-kb-cap-c17b067d0899fd8eab76e994fac32f86b40b021f/services/payments-orchestrator/src/Testings.Integration.Mocked/bin/Release/net8.0/Kiwibank.Payments.PaymentsOrchestrator.Testings.Integration.Mocked.dll" adapterTypeName="executor://mstestadapter/v2" className="Kiwibank.Payments.PaymentsOrchestrator.Testings.Integration.Mocked.TestFeatures.POrchDownstreamServicesRetryAppropriatelyFeature" name="POrchAPI_PAS_Retries" />
    </UnitTest>
    <UnitTest name="POrchAPI_Invalid_Credit_Account_Return_Error (3800000000000000,400,)" storage="/codebuild/output/src2564200978/src/kiwibank-kb-cap-c17b067d0899fd8eab76e994fac32f86b40b021f/services/payments-orchestrator/src/testings.integration.mocked/bin/release/net8.0/kiwibank.payments.paymentsorchestrator.testings.integration.mocked.dll" id="a3c39b41-51e1-a78c-afd1-34265f9d4312">
      <TestCategory>
        <TestCategoryItem TestCategory="POrchAPI" />
        <TestCategoryItem TestCategory="NegativeTest" />
        <TestCategoryItem TestCategory="Process:L4ProcessPayment" />
        <TestCategoryItem TestCategory="Outcome:L4ProcessPayment.UltracsUltracsTransfer" />
      </TestCategory>
      <Execution id="e656d47d-a26f-46cc-89c0-de1934a19c52" />
      <TestMethod codeBase="/codebuild/output/src2564200978/src/Kiwibank-kb-cap-c17b067d0899fd8eab76e994fac32f86b40b021f/services/payments-orchestrator/src/Testings.Integration.Mocked/bin/Release/net8.0/Kiwibank.Payments.PaymentsOrchestrator.Testings.Integration.Mocked.dll" adapterTypeName="executor://mstestadapter/v2" className="Kiwibank.Payments.PaymentsOrchestrator.Testings.Integration.Mocked.TestFeatures.POrchAPIFieldValidationFeature" name="POrchAPI_Invalid_Credit_Account_Return_Error" />
    </UnitTest>
    <UnitTest name="POrchAPI_Fraud_Retries (502,,)" storage="/codebuild/output/src2564200978/src/kiwibank-kb-cap-c17b067d0899fd8eab76e994fac32f86b40b021f/services/payments-orchestrator/src/testings.integration.mocked/bin/release/net8.0/kiwibank.payments.paymentsorchestrator.testings.integration.mocked.dll" id="3d69c8e0-c71d-c253-b1df-d8f83d8df8e6">
      <TestCategory>
        <TestCategoryItem TestCategory="Process:L4ProcessPayment" />
        <TestCategoryItem TestCategory="scenarioTest" />
        <TestCategoryItem TestCategory="Outcome:L4ProcessPayment.UltracsUltracsTransfer" />
      </TestCategory>
      <Execution id="279a494d-13c7-4f4d-85f7-57f7a445a2a0" />
      <TestMethod codeBase="/codebuild/output/src2564200978/src/Kiwibank-kb-cap-c17b067d0899fd8eab76e994fac32f86b40b021f/services/payments-orchestrator/src/Testings.Integration.Mocked/bin/Release/net8.0/Kiwibank.Payments.PaymentsOrchestrator.Testings.Integration.Mocked.dll" adapterTypeName="executor://mstestadapter/v2" className="Kiwibank.Payments.PaymentsOrchestrator.Testings.Integration.Mocked.TestFeatures.POrchDownstreamServicesRetryAppropriatelyFeature" name="POrchAPI_Fraud_Retries" />
    </UnitTest>
    <UnitTest name="POrchAPI_Various_Amounts_Return_Success_When_Below_Max (0000000000.11,,)" storage="/codebuild/output/src2564200978/src/kiwibank-kb-cap-c17b067d0899fd8eab76e994fac32f86b40b021f/services/payments-orchestrator/src/testings.integration.mocked/bin/release/net8.0/kiwibank.payments.paymentsorchestrator.testings.integration.mocked.dll" id="188ab1bc-d4b4-26df-945b-2f118c1675e7">
      <TestCategory>
        <TestCategoryItem TestCategory="POrchAPI" />
        <TestCategoryItem TestCategory="Process:L4ProcessPayment" />
        <TestCategoryItem TestCategory="Outcome:L4ProcessPayment.UltracsUltracsTransfer" />
      </TestCategory>
      <Execution id="4c0fbebb-606d-4390-b96f-1e738c50efc1" />
      <TestMethod codeBase="/codebuild/output/src2564200978/src/Kiwibank-kb-cap-c17b067d0899fd8eab76e994fac32f86b40b021f/services/payments-orchestrator/src/Testings.Integration.Mocked/bin/Release/net8.0/Kiwibank.Payments.PaymentsOrchestrator.Testings.Integration.Mocked.dll" adapterTypeName="executor://mstestadapter/v2" className="Kiwibank.Payments.PaymentsOrchestrator.Testings.Integration.Mocked.TestFeatures.POrchAPIFeature" name="POrchAPI_Various_Amounts_Return_Success_When_Below_Max" />
    </UnitTest>
    <UnitTest name="POrchAPI_Invalid_Access_Number_Field_Return_Error (testValue,400,)" storage="/codebuild/output/src2564200978/src/kiwibank-kb-cap-c17b067d0899fd8eab76e994fac32f86b40b021f/services/payments-orchestrator/src/testings.integration.mocked/bin/release/net8.0/kiwibank.payments.paymentsorchestrator.testings.integration.mocked.dll" id="2c1e2f18-dfa5-3295-1131-b7430d488d2a">
      <TestCategory>
        <TestCategoryItem TestCategory="POrchAPI" />
        <TestCategoryItem TestCategory="NegativeTest" />
        <TestCategoryItem TestCategory="Process:L4ProcessPayment" />
        <TestCategoryItem TestCategory="Outcome:L4ProcessPayment.UltracsUltracsTransfer" />
      </TestCategory>
      <Execution id="71aa509e-a4ff-4b77-9016-650e5b94b8cf" />
      <TestMethod codeBase="/codebuild/output/src2564200978/src/Kiwibank-kb-cap-c17b067d0899fd8eab76e994fac32f86b40b021f/services/payments-orchestrator/src/Testings.Integration.Mocked/bin/Release/net8.0/Kiwibank.Payments.PaymentsOrchestrator.Testings.Integration.Mocked.dll" adapterTypeName="executor://mstestadapter/v2" className="Kiwibank.Payments.PaymentsOrchestrator.Testings.Integration.Mocked.TestFeatures.POrchAPIFieldValidationFeature" name="POrchAPI_Invalid_Access_Number_Field_Return_Error" />
    </UnitTest>
    <UnitTest name="POrchAPI_UltracsToTMV_Negative_MiddleWare_Response_409 (AccountDetectionFailedError,409,)" storage="/codebuild/output/src2564200978/src/kiwibank-kb-cap-c17b067d0899fd8eab76e994fac32f86b40b021f/services/payments-orchestrator/src/testings.integration.mocked/bin/release/net8.0/kiwibank.payments.paymentsorchestrator.testings.integration.mocked.dll" id="e25d25bf-2450-37f1-6624-51c474e177b5">
      <TestCategory>
        <TestCategoryItem TestCategory="POrchAPI" />
        <TestCategoryItem TestCategory="EDB-MPS-IPC-REQ.04" />
        <TestCategoryItem TestCategory="NegativeTest" />
        <TestCategoryItem TestCategory="Process:L4ProcessPayment" />
        <TestCategoryItem TestCategory="Outcome:L4ProcessPayment.UltracsTmvTransfer" />
      </TestCategory>
      <Execution id="0e743a4a-5628-4587-a4a1-5b7425efd56c" />
      <TestMethod codeBase="/codebuild/output/src2564200978/src/Kiwibank-kb-cap-c17b067d0899fd8eab76e994fac32f86b40b021f/services/payments-orchestrator/src/Testings.Integration.Mocked/bin/Release/net8.0/Kiwibank.Payments.PaymentsOrchestrator.Testings.Integration.Mocked.dll" adapterTypeName="executor://mstestadapter/v2" className="Kiwibank.Payments.PaymentsOrchestrator.Testings.Integration.Mocked.TestFeatures.POrchAPITransferUltracsTMVFeature" name="POrchAPI_UltracsToTMV_Negative_MiddleWare_Response_409" />
    </UnitTest>
    <UnitTest name="POrchAPI_Invalid_Creditor_Particulars_Return_Error (\,400,)" storage="/codebuild/output/src2564200978/src/kiwibank-kb-cap-c17b067d0899fd8eab76e994fac32f86b40b021f/services/payments-orchestrator/src/testings.integration.mocked/bin/release/net8.0/kiwibank.payments.paymentsorchestrator.testings.integration.mocked.dll" id="77b189ce-eb39-7c71-e2c3-21da24d1bcc0">
      <TestCategory>
        <TestCategoryItem TestCategory="POrchAPI" />
        <TestCategoryItem TestCategory="NegativeTest" />
        <TestCategoryItem TestCategory="Process:L4ProcessPayment" />
        <TestCategoryItem TestCategory="Outcome:L4ProcessPayment.UltracsUltracsTransfer" />
      </TestCategory>
      <Execution id="31cafbc6-6fa6-4ae9-b348-1c414a8940ea" />
      <TestMethod codeBase="/codebuild/output/src2564200978/src/Kiwibank-kb-cap-c17b067d0899fd8eab76e994fac32f86b40b021f/services/payments-orchestrator/src/Testings.Integration.Mocked/bin/Release/net8.0/Kiwibank.Payments.PaymentsOrchestrator.Testings.Integration.Mocked.dll" adapterTypeName="executor://mstestadapter/v2" className="Kiwibank.Payments.PaymentsOrchestrator.Testings.Integration.Mocked.TestFeatures.POrchAPIFieldValidationFeature" name="POrchAPI_Invalid_Creditor_Particulars_Return_Error" />
    </UnitTest>
    <UnitTest name="POrchAPI_Transfer_Invalid_Debtor_Code_Return_Error (},400,)" storage="/codebuild/output/src2564200978/src/kiwibank-kb-cap-c17b067d0899fd8eab76e994fac32f86b40b021f/services/payments-orchestrator/src/testings.integration.mocked/bin/release/net8.0/kiwibank.payments.paymentsorchestrator.testings.integration.mocked.dll" id="3546d9b7-4026-1f42-4d63-c78b4bd42ca5">
      <TestCategory>
        <TestCategoryItem TestCategory="POrchAPI" />
        <TestCategoryItem TestCategory="NegativeTest" />
        <TestCategoryItem TestCategory="Process:L4ProcessPayment" />
        <TestCategoryItem TestCategory="Outcome:L4ProcessPayment.UltracsUltracs" />
      </TestCategory>
      <Execution id="43d5701e-1f1f-4bf9-8ace-97d360422c73" />
      <TestMethod codeBase="/codebuild/output/src2564200978/src/Kiwibank-kb-cap-c17b067d0899fd8eab76e994fac32f86b40b021f/services/payments-orchestrator/src/Testings.Integration.Mocked/bin/Release/net8.0/Kiwibank.Payments.PaymentsOrchestrator.Testings.Integration.Mocked.dll" adapterTypeName="executor://mstestadapter/v2" className="Kiwibank.Payments.PaymentsOrchestrator.Testings.Integration.Mocked.TestFeatures.POrchTransferFieldValidationFeature" name="POrchAPI_Transfer_Invalid_Debtor_Code_Return_Error" />
    </UnitTest>
    <UnitTest name="POrchAPI_UltracsToTMV_Negative_MiddleWare_Response_409 (WithdrawalNotPermittedError,409,)" storage="/codebuild/output/src2564200978/src/kiwibank-kb-cap-c17b067d0899fd8eab76e994fac32f86b40b021f/services/payments-orchestrator/src/testings.integration.mocked/bin/release/net8.0/kiwibank.payments.paymentsorchestrator.testings.integration.mocked.dll" id="100430cd-6565-18f3-c294-373025ab087e">
      <TestCategory>
        <TestCategoryItem TestCategory="POrchAPI" />
        <TestCategoryItem TestCategory="EDB-MPS-IPC-REQ.04" />
        <TestCategoryItem TestCategory="NegativeTest" />
        <TestCategoryItem TestCategory="Process:L4ProcessPayment" />
        <TestCategoryItem TestCategory="Outcome:L4ProcessPayment.UltracsTmvTransfer" />
      </TestCategory>
      <Execution id="ad58a794-53c4-4c74-a795-3a354b2d9a08" />
      <TestMethod codeBase="/codebuild/output/src2564200978/src/Kiwibank-kb-cap-c17b067d0899fd8eab76e994fac32f86b40b021f/services/payments-orchestrator/src/Testings.Integration.Mocked/bin/Release/net8.0/Kiwibank.Payments.PaymentsOrchestrator.Testings.Integration.Mocked.dll" adapterTypeName="executor://mstestadapter/v2" className="Kiwibank.Payments.PaymentsOrchestrator.Testings.Integration.Mocked.TestFeatures.POrchAPITransferUltracsTMVFeature" name="POrchAPI_UltracsToTMV_Negative_MiddleWare_Response_409" />
    </UnitTest>
    <UnitTest name="POrchAPI_Invalid_Debit_Account_Return_Error (abcdefghijklmnse,400,)" storage="/codebuild/output/src2564200978/src/kiwibank-kb-cap-c17b067d0899fd8eab76e994fac32f86b40b021f/services/payments-orchestrator/src/testings.integration.mocked/bin/release/net8.0/kiwibank.payments.paymentsorchestrator.testings.integration.mocked.dll" id="262a88e0-7eec-695a-5519-9da294723f05">
      <TestCategory>
        <TestCategoryItem TestCategory="POrchAPI" />
        <TestCategoryItem TestCategory="NegativeTest" />
        <TestCategoryItem TestCategory="Process:L4ProcessPayment" />
        <TestCategoryItem TestCategory="Outcome:L4ProcessPayment.UltracsUltracsTransfer" />
      </TestCategory>
      <Execution id="09c9243e-36d6-47e3-822b-7133eaed1077" />
      <TestMethod codeBase="/codebuild/output/src2564200978/src/Kiwibank-kb-cap-c17b067d0899fd8eab76e994fac32f86b40b021f/services/payments-orchestrator/src/Testings.Integration.Mocked/bin/Release/net8.0/Kiwibank.Payments.PaymentsOrchestrator.Testings.Integration.Mocked.dll" adapterTypeName="executor://mstestadapter/v2" className="Kiwibank.Payments.PaymentsOrchestrator.Testings.Integration.Mocked.TestFeatures.POrchAPIFieldValidationFeature" name="POrchAPI_Invalid_Debit_Account_Return_Error" />
    </UnitTest>
    <UnitTest name="POrchAPI_UltracsToTMV_Valid_Debtor_Code_Return_Success (=@#_%,.,201,)" storage="/codebuild/output/src2564200978/src/kiwibank-kb-cap-c17b067d0899fd8eab76e994fac32f86b40b021f/services/payments-orchestrator/src/testings.integration.mocked/bin/release/net8.0/kiwibank.payments.paymentsorchestrator.testings.integration.mocked.dll" id="b9c9f4bb-12e2-f31d-1164-f61d3e0a5f5b">
      <TestCategory>
        <TestCategoryItem TestCategory="POrchAPI" />
        <TestCategoryItem TestCategory="PositiveTest" />
        <TestCategoryItem TestCategory="EDB-MPS-IPC-REQ.02" />
        <TestCategoryItem TestCategory="Process:L4ProcessPayment" />
        <TestCategoryItem TestCategory="Outcome:L4ProcessPayment.UltracsTmvTransfer" />
      </TestCategory>
      <Execution id="fb598524-feb4-4532-96fa-5b17076f9773" />
      <TestMethod codeBase="/codebuild/output/src2564200978/src/Kiwibank-kb-cap-c17b067d0899fd8eab76e994fac32f86b40b021f/services/payments-orchestrator/src/Testings.Integration.Mocked/bin/Release/net8.0/Kiwibank.Payments.PaymentsOrchestrator.Testings.Integration.Mocked.dll" adapterTypeName="executor://mstestadapter/v2" className="Kiwibank.Payments.PaymentsOrchestrator.Testings.Integration.Mocked.TestFeatures.POrchAPITransferUltracsTMVFeature" name="POrchAPI_UltracsToTMV_Valid_Debtor_Code_Return_Success" />
    </UnitTest>
    <UnitTest name="POrchAPI_Transfer_Invalid_Creditor_Code_Return_Error (\,400,)" storage="/codebuild/output/src2564200978/src/kiwibank-kb-cap-c17b067d0899fd8eab76e994fac32f86b40b021f/services/payments-orchestrator/src/testings.integration.mocked/bin/release/net8.0/kiwibank.payments.paymentsorchestrator.testings.integration.mocked.dll" id="550c4634-a435-f6fa-91e9-954fe692c2a9">
      <TestCategory>
        <TestCategoryItem TestCategory="POrchAPI" />
        <TestCategoryItem TestCategory="NegativeTest" />
        <TestCategoryItem TestCategory="Process:L4ProcessPayment" />
        <TestCategoryItem TestCategory="Outcome:L4ProcessPayment.UltracsUltracs" />
      </TestCategory>
      <Execution id="2ea9cbbb-5e8f-44b5-a6cd-adfa22792584" />
      <TestMethod codeBase="/codebuild/output/src2564200978/src/Kiwibank-kb-cap-c17b067d0899fd8eab76e994fac32f86b40b021f/services/payments-orchestrator/src/Testings.Integration.Mocked/bin/Release/net8.0/Kiwibank.Payments.PaymentsOrchestrator.Testings.Integration.Mocked.dll" adapterTypeName="executor://mstestadapter/v2" className="Kiwibank.Payments.PaymentsOrchestrator.Testings.Integration.Mocked.TestFeatures.POrchTransferFieldValidationFeature" name="POrchAPI_Transfer_Invalid_Creditor_Code_Return_Error" />
    </UnitTest>
    <UnitTest name="POrchAPI_Transfer_Invalid_Debtor_Account_Source_Return_Error (ULTRCS,400,'DebtorAccountSource' can only be Ultracs or TMV for transfers.,)" storage="/codebuild/output/src2564200978/src/kiwibank-kb-cap-c17b067d0899fd8eab76e994fac32f86b40b021f/services/payments-orchestrator/src/testings.integration.mocked/bin/release/net8.0/kiwibank.payments.paymentsorchestrator.testings.integration.mocked.dll" id="2fecca67-338e-25c3-05f8-daf7beebf1e8">
      <TestCategory>
        <TestCategoryItem TestCategory="POrchAPI" />
        <TestCategoryItem TestCategory="NegativeTest" />
        <TestCategoryItem TestCategory="Process:L4ProcessPayment" />
        <TestCategoryItem TestCategory="Outcome:L4ProcessPayment.UltracsUltracs" />
      </TestCategory>
      <Execution id="7f8e8955-b3be-47ca-b4ad-120f17f572e7" />
      <TestMethod codeBase="/codebuild/output/src2564200978/src/Kiwibank-kb-cap-c17b067d0899fd8eab76e994fac32f86b40b021f/services/payments-orchestrator/src/Testings.Integration.Mocked/bin/Release/net8.0/Kiwibank.Payments.PaymentsOrchestrator.Testings.Integration.Mocked.dll" adapterTypeName="executor://mstestadapter/v2" className="Kiwibank.Payments.PaymentsOrchestrator.Testings.Integration.Mocked.TestFeatures.POrchTransferFieldValidationFeature" name="POrchAPI_Transfer_Invalid_Debtor_Account_Source_Return_Error" />
    </UnitTest>
    <UnitTest name="POrchAPI_Invalid_Amount_Field_Return_Error (testAmount,400,)" storage="/codebuild/output/src2564200978/src/kiwibank-kb-cap-c17b067d0899fd8eab76e994fac32f86b40b021f/services/payments-orchestrator/src/testings.integration.mocked/bin/release/net8.0/kiwibank.payments.paymentsorchestrator.testings.integration.mocked.dll" id="775249f2-5313-8dc4-2a6f-e5ee207fa0a2">
      <TestCategory>
        <TestCategoryItem TestCategory="POrchAPI" />
        <TestCategoryItem TestCategory="NegativeTest" />
        <TestCategoryItem TestCategory="Process:L4ProcessPayment" />
        <TestCategoryItem TestCategory="Outcome:L4ProcessPayment.UltracsUltracsTransfer" />
      </TestCategory>
      <Execution id="057032f8-20e8-4bcf-8eb4-5abb6da8a615" />
      <TestMethod codeBase="/codebuild/output/src2564200978/src/Kiwibank-kb-cap-c17b067d0899fd8eab76e994fac32f86b40b021f/services/payments-orchestrator/src/Testings.Integration.Mocked/bin/Release/net8.0/Kiwibank.Payments.PaymentsOrchestrator.Testings.Integration.Mocked.dll" adapterTypeName="executor://mstestadapter/v2" className="Kiwibank.Payments.PaymentsOrchestrator.Testings.Integration.Mocked.TestFeatures.POrchAPIFieldValidationFeature" name="POrchAPI_Invalid_Amount_Field_Return_Error" />
    </UnitTest>
    <UnitTest name="POrchAPI_Transfer_Invalid_Creditor_Reference_Return_Error (abcdefghijklmnsey,400,)" storage="/codebuild/output/src2564200978/src/kiwibank-kb-cap-c17b067d0899fd8eab76e994fac32f86b40b021f/services/payments-orchestrator/src/testings.integration.mocked/bin/release/net8.0/kiwibank.payments.paymentsorchestrator.testings.integration.mocked.dll" id="654ef9ea-1882-bb3a-85cf-3a634c0819fe">
      <TestCategory>
        <TestCategoryItem TestCategory="POrchAPI" />
        <TestCategoryItem TestCategory="NegativeTest" />
        <TestCategoryItem TestCategory="Process:L4ProcessPayment" />
        <TestCategoryItem TestCategory="Outcome:L4ProcessPayment.UltracsUltracs" />
      </TestCategory>
      <Execution id="e7c53927-0efc-4e66-80c0-b4c89779de5f" />
      <TestMethod codeBase="/codebuild/output/src2564200978/src/Kiwibank-kb-cap-c17b067d0899fd8eab76e994fac32f86b40b021f/services/payments-orchestrator/src/Testings.Integration.Mocked/bin/Release/net8.0/Kiwibank.Payments.PaymentsOrchestrator.Testings.Integration.Mocked.dll" adapterTypeName="executor://mstestadapter/v2" className="Kiwibank.Payments.PaymentsOrchestrator.Testings.Integration.Mocked.TestFeatures.POrchTransferFieldValidationFeature" name="POrchAPI_Transfer_Invalid_Creditor_Reference_Return_Error" />
    </UnitTest>
    <UnitTest name="POrchNRT_UnknownError_Response_From_POrch_Unsuccessful_From_NRT (PaymentNrtBadRequest,,)" storage="/codebuild/output/src2564200978/src/kiwibank-kb-cap-c17b067d0899fd8eab76e994fac32f86b40b021f/services/payments-orchestrator/src/testings.integration.mocked/bin/release/net8.0/kiwibank.payments.paymentsorchestrator.testings.integration.mocked.dll" id="40b05d2c-3508-4dea-d68b-5b8372859f2c">
      <TestCategory>
        <TestCategoryItem TestCategory="negative" />
        <TestCategoryItem TestCategory="Process:L4ProcessPayment" />
        <TestCategoryItem TestCategory="POrchNRT" />
        <TestCategoryItem TestCategory="Outcome:L4ProcessPayment.UltracsUltracsTransfer" />
      </TestCategory>
      <Execution id="5096b374-f393-4e85-b78d-15f77b6e9454" />
      <TestMethod codeBase="/codebuild/output/src2564200978/src/Kiwibank-kb-cap-c17b067d0899fd8eab76e994fac32f86b40b021f/services/payments-orchestrator/src/Testings.Integration.Mocked/bin/Release/net8.0/Kiwibank.Payments.PaymentsOrchestrator.Testings.Integration.Mocked.dll" adapterTypeName="executor://mstestadapter/v2" className="Kiwibank.Payments.PaymentsOrchestrator.Testings.Integration.Mocked.TestFeatures.POrchNRTFeature" name="POrchNRT_UnknownError_Response_From_POrch_Unsuccessful_From_NRT" />
    </UnitTest>
    <UnitTest name="POrchAPI_TMVToTMV_Valid_Debtor_Code_Return_Success (=@#_%,.,201,)" storage="/codebuild/output/src2564200978/src/kiwibank-kb-cap-c17b067d0899fd8eab76e994fac32f86b40b021f/services/payments-orchestrator/src/testings.integration.mocked/bin/release/net8.0/kiwibank.payments.paymentsorchestrator.testings.integration.mocked.dll" id="730f96a6-2c95-70cd-5315-1cda5ab862b7">
      <TestCategory>
        <TestCategoryItem TestCategory="Outcome:L4ProcessPayment.TmvTmvTransfer" />
        <TestCategoryItem TestCategory="POrchAPI" />
        <TestCategoryItem TestCategory="PositiveTest" />
        <TestCategoryItem TestCategory="Process:L4ProcessPayment" />
        <TestCategoryItem TestCategory="EDB-MPS-IPC-REQ.01" />
      </TestCategory>
      <Execution id="89d02ff7-bdbf-4894-bb69-32b7f8c1a0d8" />
      <TestMethod codeBase="/codebuild/output/src2564200978/src/Kiwibank-kb-cap-c17b067d0899fd8eab76e994fac32f86b40b021f/services/payments-orchestrator/src/Testings.Integration.Mocked/bin/Release/net8.0/Kiwibank.Payments.PaymentsOrchestrator.Testings.Integration.Mocked.dll" adapterTypeName="executor://mstestadapter/v2" className="Kiwibank.Payments.PaymentsOrchestrator.Testings.Integration.Mocked.TestFeatures.POrchAPITransferTmvTmvFeature" name="POrchAPI_TMVToTMV_Valid_Debtor_Code_Return_Success" />
    </UnitTest>
    <UnitTest name="POrchAPI_Fraud_Retries (503,,)" storage="/codebuild/output/src2564200978/src/kiwibank-kb-cap-c17b067d0899fd8eab76e994fac32f86b40b021f/services/payments-orchestrator/src/testings.integration.mocked/bin/release/net8.0/kiwibank.payments.paymentsorchestrator.testings.integration.mocked.dll" id="429a1c3b-e939-1746-62d9-442bf834c169">
      <TestCategory>
        <TestCategoryItem TestCategory="Process:L4ProcessPayment" />
        <TestCategoryItem TestCategory="scenarioTest" />
        <TestCategoryItem TestCategory="Outcome:L4ProcessPayment.UltracsUltracsTransfer" />
      </TestCategory>
      <Execution id="e38ea98a-b46d-46aa-9d76-755f7a7386c0" />
      <TestMethod codeBase="/codebuild/output/src2564200978/src/Kiwibank-kb-cap-c17b067d0899fd8eab76e994fac32f86b40b021f/services/payments-orchestrator/src/Testings.Integration.Mocked/bin/Release/net8.0/Kiwibank.Payments.PaymentsOrchestrator.Testings.Integration.Mocked.dll" adapterTypeName="executor://mstestadapter/v2" className="Kiwibank.Payments.PaymentsOrchestrator.Testings.Integration.Mocked.TestFeatures.POrchDownstreamServicesRetryAppropriatelyFeature" name="POrchAPI_Fraud_Retries" />
    </UnitTest>
    <UnitTest name="POrchAPI_Transfer_Invalid_Credit_Account_Return_Error (abcdefghijklmnse,400,)" storage="/codebuild/output/src2564200978/src/kiwibank-kb-cap-c17b067d0899fd8eab76e994fac32f86b40b021f/services/payments-orchestrator/src/testings.integration.mocked/bin/release/net8.0/kiwibank.payments.paymentsorchestrator.testings.integration.mocked.dll" id="3359bec4-f88f-6930-585f-325fb5905ea7">
      <TestCategory>
        <TestCategoryItem TestCategory="POrchAPI" />
        <TestCategoryItem TestCategory="NegativeTest" />
        <TestCategoryItem TestCategory="Process:L4ProcessPayment" />
        <TestCategoryItem TestCategory="Outcome:L4ProcessPayment.UltracsUltracs" />
      </TestCategory>
      <Execution id="577408ab-fb2c-4d36-b23f-06d464260cf4" />
      <TestMethod codeBase="/codebuild/output/src2564200978/src/Kiwibank-kb-cap-c17b067d0899fd8eab76e994fac32f86b40b021f/services/payments-orchestrator/src/Testings.Integration.Mocked/bin/Release/net8.0/Kiwibank.Payments.PaymentsOrchestrator.Testings.Integration.Mocked.dll" adapterTypeName="executor://mstestadapter/v2" className="Kiwibank.Payments.PaymentsOrchestrator.Testings.Integration.Mocked.TestFeatures.POrchTransferFieldValidationFeature" name="POrchAPI_Transfer_Invalid_Credit_Account_Return_Error" />
    </UnitTest>
    <UnitTest name="POrchAPI_Fraud_Retries (500,,)" storage="/codebuild/output/src2564200978/src/kiwibank-kb-cap-c17b067d0899fd8eab76e994fac32f86b40b021f/services/payments-orchestrator/src/testings.integration.mocked/bin/release/net8.0/kiwibank.payments.paymentsorchestrator.testings.integration.mocked.dll" id="39bffd83-9007-e2f4-e442-04d0b842cdea">
      <TestCategory>
        <TestCategoryItem TestCategory="Process:L4ProcessPayment" />
        <TestCategoryItem TestCategory="scenarioTest" />
        <TestCategoryItem TestCategory="Outcome:L4ProcessPayment.UltracsUltracsTransfer" />
      </TestCategory>
      <Execution id="969f8917-63eb-4721-8dc5-6f568c846104" />
      <TestMethod codeBase="/codebuild/output/src2564200978/src/Kiwibank-kb-cap-c17b067d0899fd8eab76e994fac32f86b40b021f/services/payments-orchestrator/src/Testings.Integration.Mocked/bin/Release/net8.0/Kiwibank.Payments.PaymentsOrchestrator.Testings.Integration.Mocked.dll" adapterTypeName="executor://mstestadapter/v2" className="Kiwibank.Payments.PaymentsOrchestrator.Testings.Integration.Mocked.TestFeatures.POrchDownstreamServicesRetryAppropriatelyFeature" name="POrchAPI_Fraud_Retries" />
    </UnitTest>
    <UnitTest name="POrchNRT_Unsuccessful_Response_From_NRT (PaymentNrtUnauthorized,,)" storage="/codebuild/output/src2564200978/src/kiwibank-kb-cap-c17b067d0899fd8eab76e994fac32f86b40b021f/services/payments-orchestrator/src/testings.integration.mocked/bin/release/net8.0/kiwibank.payments.paymentsorchestrator.testings.integration.mocked.dll" id="d237d2eb-6f05-5bfd-e442-cd9c40ea90e7">
      <TestCategory>
        <TestCategoryItem TestCategory="negative" />
        <TestCategoryItem TestCategory="Process:L4ProcessPayment" />
        <TestCategoryItem TestCategory="POrchNRT" />
        <TestCategoryItem TestCategory="Outcome:L4ProcessPayment.UltracsUltracsTransfer" />
      </TestCategory>
      <Execution id="25688cc8-4099-44ea-ace9-5c8809c6e948" />
      <TestMethod codeBase="/codebuild/output/src2564200978/src/Kiwibank-kb-cap-c17b067d0899fd8eab76e994fac32f86b40b021f/services/payments-orchestrator/src/Testings.Integration.Mocked/bin/Release/net8.0/Kiwibank.Payments.PaymentsOrchestrator.Testings.Integration.Mocked.dll" adapterTypeName="executor://mstestadapter/v2" className="Kiwibank.Payments.PaymentsOrchestrator.Testings.Integration.Mocked.TestFeatures.POrchNRTFeature" name="POrchNRT_Unsuccessful_Response_From_NRT" />
    </UnitTest>
    <UnitTest name="POrchAPI_Transfer_Invalid_Currency_Return_Error (nzd,400,)" storage="/codebuild/output/src2564200978/src/kiwibank-kb-cap-c17b067d0899fd8eab76e994fac32f86b40b021f/services/payments-orchestrator/src/testings.integration.mocked/bin/release/net8.0/kiwibank.payments.paymentsorchestrator.testings.integration.mocked.dll" id="2acb2af8-f3fb-080e-8fda-e0eac2bb3f2e">
      <TestCategory>
        <TestCategoryItem TestCategory="POrchAPI" />
        <TestCategoryItem TestCategory="NegativeTest" />
        <TestCategoryItem TestCategory="Process:L4ProcessPayment" />
        <TestCategoryItem TestCategory="Outcome:L4ProcessPayment.UltracsUltracs" />
      </TestCategory>
      <Execution id="bae217c4-dbc6-4cc5-bdc1-25bc4d433867" />
      <TestMethod codeBase="/codebuild/output/src2564200978/src/Kiwibank-kb-cap-c17b067d0899fd8eab76e994fac32f86b40b021f/services/payments-orchestrator/src/Testings.Integration.Mocked/bin/Release/net8.0/Kiwibank.Payments.PaymentsOrchestrator.Testings.Integration.Mocked.dll" adapterTypeName="executor://mstestadapter/v2" className="Kiwibank.Payments.PaymentsOrchestrator.Testings.Integration.Mocked.TestFeatures.POrchTransferFieldValidationFeature" name="POrchAPI_Transfer_Invalid_Currency_Return_Error" />
    </UnitTest>
    <UnitTest name="POrchAPI_Transfer_Invalid_Creditor_Account_Source_Return_Error (TNV,400,'CreditorAccountSource' can only be Ultracs or TMV for transfers.,)" storage="/codebuild/output/src2564200978/src/kiwibank-kb-cap-c17b067d0899fd8eab76e994fac32f86b40b021f/services/payments-orchestrator/src/testings.integration.mocked/bin/release/net8.0/kiwibank.payments.paymentsorchestrator.testings.integration.mocked.dll" id="d474115b-5d44-792f-c0b3-6286fc08511c">
      <TestCategory>
        <TestCategoryItem TestCategory="POrchAPI" />
        <TestCategoryItem TestCategory="NegativeTest" />
        <TestCategoryItem TestCategory="Process:L4ProcessPayment" />
        <TestCategoryItem TestCategory="Outcome:L4ProcessPayment.UltracsUltracs" />
      </TestCategory>
      <Execution id="25c7f4dc-94df-4269-8792-09edbf483416" />
      <TestMethod codeBase="/codebuild/output/src2564200978/src/Kiwibank-kb-cap-c17b067d0899fd8eab76e994fac32f86b40b021f/services/payments-orchestrator/src/Testings.Integration.Mocked/bin/Release/net8.0/Kiwibank.Payments.PaymentsOrchestrator.Testings.Integration.Mocked.dll" adapterTypeName="executor://mstestadapter/v2" className="Kiwibank.Payments.PaymentsOrchestrator.Testings.Integration.Mocked.TestFeatures.POrchTransferFieldValidationFeature" name="POrchAPI_Transfer_Invalid_Creditor_Account_Source_Return_Error" />
    </UnitTest>
    <UnitTest name="POrchAPI_Negative_FraudCheck_Success_Middleware_Response (Unknown,201,)" storage="/codebuild/output/src2564200978/src/kiwibank-kb-cap-c17b067d0899fd8eab76e994fac32f86b40b021f/services/payments-orchestrator/src/testings.integration.mocked/bin/release/net8.0/kiwibank.payments.paymentsorchestrator.testings.integration.mocked.dll" id="8dc1d0ae-0d54-54ca-643f-2bdcb01eb030">
      <TestCategory>
        <TestCategoryItem TestCategory="POrchAPI" />
        <TestCategoryItem TestCategory="Process:L4ProcessPayment" />
        <TestCategoryItem TestCategory="Outcome:L4ProcessPayment.UltracsUltracsTransfer" />
      </TestCategory>
      <Execution id="3d6ff6e1-0f73-4895-b77c-6ecdaa00feb8" />
      <TestMethod codeBase="/codebuild/output/src2564200978/src/Kiwibank-kb-cap-c17b067d0899fd8eab76e994fac32f86b40b021f/services/payments-orchestrator/src/Testings.Integration.Mocked/bin/Release/net8.0/Kiwibank.Payments.PaymentsOrchestrator.Testings.Integration.Mocked.dll" adapterTypeName="executor://mstestadapter/v2" className="Kiwibank.Payments.PaymentsOrchestrator.Testings.Integration.Mocked.TestFeatures.POrchAPIFeature" name="POrchAPI_Negative_FraudCheck_Success_Middleware_Response" />
    </UnitTest>
    <UnitTest name="POrchAPI_Other_Middleware_Responses_Do_Not_Retry (ClosedAccountError,409,)" storage="/codebuild/output/src2564200978/src/kiwibank-kb-cap-c17b067d0899fd8eab76e994fac32f86b40b021f/services/payments-orchestrator/src/testings.integration.mocked/bin/release/net8.0/kiwibank.payments.paymentsorchestrator.testings.integration.mocked.dll" id="953a78d6-fa77-032b-ac4f-79e4fda4fb2d">
      <TestCategory>
        <TestCategoryItem TestCategory="Process:L4ProcessPayment" />
        <TestCategoryItem TestCategory="scenarioTest" />
        <TestCategoryItem TestCategory="Outcome:L4ProcessPayment.UltracsUltracsTransfer" />
      </TestCategory>
      <Execution id="14501803-0c56-4b20-a20e-f29a65c8fdeb" />
      <TestMethod codeBase="/codebuild/output/src2564200978/src/Kiwibank-kb-cap-c17b067d0899fd8eab76e994fac32f86b40b021f/services/payments-orchestrator/src/Testings.Integration.Mocked/bin/Release/net8.0/Kiwibank.Payments.PaymentsOrchestrator.Testings.Integration.Mocked.dll" adapterTypeName="executor://mstestadapter/v2" className="Kiwibank.Payments.PaymentsOrchestrator.Testings.Integration.Mocked.TestFeatures.POrchDownstreamServicesRetryAppropriatelyFeature" name="POrchAPI_Other_Middleware_Responses_Do_Not_Retry" />
    </UnitTest>
    <UnitTest name="POrchAPI_Valid_Creditor_Code_Return_Success (=@#_%,.,201,)" storage="/codebuild/output/src2564200978/src/kiwibank-kb-cap-c17b067d0899fd8eab76e994fac32f86b40b021f/services/payments-orchestrator/src/testings.integration.mocked/bin/release/net8.0/kiwibank.payments.paymentsorchestrator.testings.integration.mocked.dll" id="42d01a79-698a-8bdf-a47a-b3816ad9c51b">
      <TestCategory>
        <TestCategoryItem TestCategory="POrchAPI" />
        <TestCategoryItem TestCategory="Process:L4ProcessPayment" />
        <TestCategoryItem TestCategory="Outcome:L4ProcessPayment.UltracsUltracsTransfer" />
      </TestCategory>
      <Execution id="7f9bd2c8-9c47-4874-b205-83f2f1926c8c" />
      <TestMethod codeBase="/codebuild/output/src2564200978/src/Kiwibank-kb-cap-c17b067d0899fd8eab76e994fac32f86b40b021f/services/payments-orchestrator/src/Testings.Integration.Mocked/bin/Release/net8.0/Kiwibank.Payments.PaymentsOrchestrator.Testings.Integration.Mocked.dll" adapterTypeName="executor://mstestadapter/v2" className="Kiwibank.Payments.PaymentsOrchestrator.Testings.Integration.Mocked.TestFeatures.POrchAPIFeature" name="POrchAPI_Valid_Creditor_Code_Return_Success" />
    </UnitTest>
    <UnitTest name="POrchAPI_Invalid_Debtor_Code_Return_Error (abcdefghijklmnsey,400,)" storage="/codebuild/output/src2564200978/src/kiwibank-kb-cap-c17b067d0899fd8eab76e994fac32f86b40b021f/services/payments-orchestrator/src/testings.integration.mocked/bin/release/net8.0/kiwibank.payments.paymentsorchestrator.testings.integration.mocked.dll" id="f4b229a2-a8b7-144d-7478-c2badca0b648">
      <TestCategory>
        <TestCategoryItem TestCategory="POrchAPI" />
        <TestCategoryItem TestCategory="NegativeTest" />
        <TestCategoryItem TestCategory="Process:L4ProcessPayment" />
        <TestCategoryItem TestCategory="Outcome:L4ProcessPayment.UltracsUltracsTransfer" />
      </TestCategory>
      <Execution id="5bf0f92a-daf9-4bab-bd63-ed7402e3801d" />
      <TestMethod codeBase="/codebuild/output/src2564200978/src/Kiwibank-kb-cap-c17b067d0899fd8eab76e994fac32f86b40b021f/services/payments-orchestrator/src/Testings.Integration.Mocked/bin/Release/net8.0/Kiwibank.Payments.PaymentsOrchestrator.Testings.Integration.Mocked.dll" adapterTypeName="executor://mstestadapter/v2" className="Kiwibank.Payments.PaymentsOrchestrator.Testings.Integration.Mocked.TestFeatures.POrchAPIFieldValidationFeature" name="POrchAPI_Invalid_Debtor_Code_Return_Error" />
    </UnitTest>
    <UnitTest name="POrchAPI_Transfer_Invalid_Creditor_Reference_Return_Error (},400,)" storage="/codebuild/output/src2564200978/src/kiwibank-kb-cap-c17b067d0899fd8eab76e994fac32f86b40b021f/services/payments-orchestrator/src/testings.integration.mocked/bin/release/net8.0/kiwibank.payments.paymentsorchestrator.testings.integration.mocked.dll" id="ff2a19eb-d274-bc17-d69b-1ac44c30935b">
      <TestCategory>
        <TestCategoryItem TestCategory="POrchAPI" />
        <TestCategoryItem TestCategory="NegativeTest" />
        <TestCategoryItem TestCategory="Process:L4ProcessPayment" />
        <TestCategoryItem TestCategory="Outcome:L4ProcessPayment.UltracsUltracs" />
      </TestCategory>
      <Execution id="d4361307-5901-4767-ae31-908ad72616a4" />
      <TestMethod codeBase="/codebuild/output/src2564200978/src/Kiwibank-kb-cap-c17b067d0899fd8eab76e994fac32f86b40b021f/services/payments-orchestrator/src/Testings.Integration.Mocked/bin/Release/net8.0/Kiwibank.Payments.PaymentsOrchestrator.Testings.Integration.Mocked.dll" adapterTypeName="executor://mstestadapter/v2" className="Kiwibank.Payments.PaymentsOrchestrator.Testings.Integration.Mocked.TestFeatures.POrchTransferFieldValidationFeature" name="POrchAPI_Transfer_Invalid_Creditor_Reference_Return_Error" />
    </UnitTest>
    <UnitTest name="POrchAPI_Various_Amounts_Return_Error_When_Length_Exceeded (12345678901.1,,)" storage="/codebuild/output/src2564200978/src/kiwibank-kb-cap-c17b067d0899fd8eab76e994fac32f86b40b021f/services/payments-orchestrator/src/testings.integration.mocked/bin/release/net8.0/kiwibank.payments.paymentsorchestrator.testings.integration.mocked.dll" id="9509b487-31fb-cc34-9fec-375f308c64f1">
      <TestCategory>
        <TestCategoryItem TestCategory="POrchAPI" />
        <TestCategoryItem TestCategory="Process:L4ProcessPayment" />
        <TestCategoryItem TestCategory="Outcome:L4ProcessPayment.UltracsUltracsTransfer" />
      </TestCategory>
      <Execution id="41f7690e-f15e-473f-998d-e216da829ca8" />
      <TestMethod codeBase="/codebuild/output/src2564200978/src/Kiwibank-kb-cap-c17b067d0899fd8eab76e994fac32f86b40b021f/services/payments-orchestrator/src/Testings.Integration.Mocked/bin/Release/net8.0/Kiwibank.Payments.PaymentsOrchestrator.Testings.Integration.Mocked.dll" adapterTypeName="executor://mstestadapter/v2" className="Kiwibank.Payments.PaymentsOrchestrator.Testings.Integration.Mocked.TestFeatures.POrchAPIFeature" name="POrchAPI_Various_Amounts_Return_Error_When_Length_Exceeded" />
    </UnitTest>
    <UnitTest name="POrchAPI_TMVToTMV_Valid_Debtor_Particulars_Return_Success (=@#_%,.,201,)" storage="/codebuild/output/src2564200978/src/kiwibank-kb-cap-c17b067d0899fd8eab76e994fac32f86b40b021f/services/payments-orchestrator/src/testings.integration.mocked/bin/release/net8.0/kiwibank.payments.paymentsorchestrator.testings.integration.mocked.dll" id="487b5447-1e0e-25cb-4f41-b1e89c7b33b5">
      <TestCategory>
        <TestCategoryItem TestCategory="Outcome:L4ProcessPayment.TmvTmvTransfer" />
        <TestCategoryItem TestCategory="POrchAPI" />
        <TestCategoryItem TestCategory="PositiveTest" />
        <TestCategoryItem TestCategory="Process:L4ProcessPayment" />
        <TestCategoryItem TestCategory="EDB-MPS-IPC-REQ.01" />
      </TestCategory>
      <Execution id="46253645-df5c-47b8-a70b-0e3309ea8c69" />
      <TestMethod codeBase="/codebuild/output/src2564200978/src/Kiwibank-kb-cap-c17b067d0899fd8eab76e994fac32f86b40b021f/services/payments-orchestrator/src/Testings.Integration.Mocked/bin/Release/net8.0/Kiwibank.Payments.PaymentsOrchestrator.Testings.Integration.Mocked.dll" adapterTypeName="executor://mstestadapter/v2" className="Kiwibank.Payments.PaymentsOrchestrator.Testings.Integration.Mocked.TestFeatures.POrchAPITransferTmvTmvFeature" name="POrchAPI_TMVToTMV_Valid_Debtor_Particulars_Return_Success" />
    </UnitTest>
    <UnitTest name="POrchAPI_Idempotency_Unsuccessful_Request_Gives_201_For_Same_Idempotency_Combo" storage="/codebuild/output/src2564200978/src/kiwibank-kb-cap-c17b067d0899fd8eab76e994fac32f86b40b021f/services/payments-orchestrator/src/testings.integration.mocked/bin/release/net8.0/kiwibank.payments.paymentsorchestrator.testings.integration.mocked.dll" id="140cdba7-bdd7-21ce-465d-c6f1ecf49583">
      <TestCategory>
        <TestCategoryItem TestCategory="POrchAPI" />
        <TestCategoryItem TestCategory="Process:L4ProcessPayment" />
        <TestCategoryItem TestCategory="Outcome:L4ProcessPayment.UltracsUltracsTransfer" />
      </TestCategory>
      <Execution id="1bd3307a-2cc5-4814-8611-218f883a5011" />
      <TestMethod codeBase="/codebuild/output/src2564200978/src/Kiwibank-kb-cap-c17b067d0899fd8eab76e994fac32f86b40b021f/services/payments-orchestrator/src/Testings.Integration.Mocked/bin/Release/net8.0/Kiwibank.Payments.PaymentsOrchestrator.Testings.Integration.Mocked.dll" adapterTypeName="executor://mstestadapter/v2" className="Kiwibank.Payments.PaymentsOrchestrator.Testings.Integration.Mocked.TestFeatures.POrchAPIFeature" name="POrchAPI_Idempotency_Unsuccessful_Request_Gives_201_For_Same_Idempotency_Combo" />
    </UnitTest>
    <UnitTest name="POrchAPI_Invalid_Debtor_Reference_Return_Error (},400,)" storage="/codebuild/output/src2564200978/src/kiwibank-kb-cap-c17b067d0899fd8eab76e994fac32f86b40b021f/services/payments-orchestrator/src/testings.integration.mocked/bin/release/net8.0/kiwibank.payments.paymentsorchestrator.testings.integration.mocked.dll" id="124a5e80-5b0d-71a0-1c67-af5274a72cea">
      <TestCategory>
        <TestCategoryItem TestCategory="POrchAPI" />
        <TestCategoryItem TestCategory="NegativeTest" />
        <TestCategoryItem TestCategory="Process:L4ProcessPayment" />
        <TestCategoryItem TestCategory="Outcome:L4ProcessPayment.UltracsUltracsTransfer" />
      </TestCategory>
      <Execution id="26e9966b-8844-4a74-8549-322cb05e2f52" />
      <TestMethod codeBase="/codebuild/output/src2564200978/src/Kiwibank-kb-cap-c17b067d0899fd8eab76e994fac32f86b40b021f/services/payments-orchestrator/src/Testings.Integration.Mocked/bin/Release/net8.0/Kiwibank.Payments.PaymentsOrchestrator.Testings.Integration.Mocked.dll" adapterTypeName="executor://mstestadapter/v2" className="Kiwibank.Payments.PaymentsOrchestrator.Testings.Integration.Mocked.TestFeatures.POrchAPIFieldValidationFeature" name="POrchAPI_Invalid_Debtor_Reference_Return_Error" />
    </UnitTest>
    <UnitTest name="POrchAPI_TMVToUltracs_Negative_MiddleWare_Response_409_OtherErrors (AccountNumberIsInvalidError,409,)" storage="/codebuild/output/src2564200978/src/kiwibank-kb-cap-c17b067d0899fd8eab76e994fac32f86b40b021f/services/payments-orchestrator/src/testings.integration.mocked/bin/release/net8.0/kiwibank.payments.paymentsorchestrator.testings.integration.mocked.dll" id="0482ccde-1d3a-57a5-32b1-49eeebf2bb9f">
      <TestCategory>
        <TestCategoryItem TestCategory="NegativeTest" />
        <TestCategoryItem TestCategory="Outcome:L4ProcessPayment.TmvUltracsTransfer" />
        <TestCategoryItem TestCategory="Process:L4ProcessPayment" />
      </TestCategory>
      <Execution id="f3024971-ee54-447c-8821-7b4edd099bb0" />
      <TestMethod codeBase="/codebuild/output/src2564200978/src/Kiwibank-kb-cap-c17b067d0899fd8eab76e994fac32f86b40b021f/services/payments-orchestrator/src/Testings.Integration.Mocked/bin/Release/net8.0/Kiwibank.Payments.PaymentsOrchestrator.Testings.Integration.Mocked.dll" adapterTypeName="executor://mstestadapter/v2" className="Kiwibank.Payments.PaymentsOrchestrator.Testings.Integration.Mocked.TestFeatures.POrchAPITransferTMVUltracsFeature" name="POrchAPI_TMVToUltracs_Negative_MiddleWare_Response_409_OtherErrors" />
    </UnitTest>
    <UnitTest name="POrchAPI_Invalid_Creditor_Reference_Return_Error (abcdefghijklmnsey,400,)" storage="/codebuild/output/src2564200978/src/kiwibank-kb-cap-c17b067d0899fd8eab76e994fac32f86b40b021f/services/payments-orchestrator/src/testings.integration.mocked/bin/release/net8.0/kiwibank.payments.paymentsorchestrator.testings.integration.mocked.dll" id="f2eac08d-8d7d-c6e7-2cda-0b64c57484bd">
      <TestCategory>
        <TestCategoryItem TestCategory="POrchAPI" />
        <TestCategoryItem TestCategory="NegativeTest" />
        <TestCategoryItem TestCategory="Process:L4ProcessPayment" />
        <TestCategoryItem TestCategory="Outcome:L4ProcessPayment.UltracsUltracsTransfer" />
      </TestCategory>
      <Execution id="98b49efd-7afd-4b8e-a3db-d913433e16fc" />
      <TestMethod codeBase="/codebuild/output/src2564200978/src/Kiwibank-kb-cap-c17b067d0899fd8eab76e994fac32f86b40b021f/services/payments-orchestrator/src/Testings.Integration.Mocked/bin/Release/net8.0/Kiwibank.Payments.PaymentsOrchestrator.Testings.Integration.Mocked.dll" adapterTypeName="executor://mstestadapter/v2" className="Kiwibank.Payments.PaymentsOrchestrator.Testings.Integration.Mocked.TestFeatures.POrchAPIFieldValidationFeature" name="POrchAPI_Invalid_Creditor_Reference_Return_Error" />
    </UnitTest>
    <UnitTest name="POrchAPI_TMVToTMV_Valid_Debtor_Reference_Return_Success (=@#_%,.,201,)" storage="/codebuild/output/src2564200978/src/kiwibank-kb-cap-c17b067d0899fd8eab76e994fac32f86b40b021f/services/payments-orchestrator/src/testings.integration.mocked/bin/release/net8.0/kiwibank.payments.paymentsorchestrator.testings.integration.mocked.dll" id="ef366ad6-05cd-30d5-8f23-368e1f3db7b0">
      <TestCategory>
        <TestCategoryItem TestCategory="Outcome:L4ProcessPayment.TmvTmvTransfer" />
        <TestCategoryItem TestCategory="POrchAPI" />
        <TestCategoryItem TestCategory="PositiveTest" />
        <TestCategoryItem TestCategory="Process:L4ProcessPayment" />
        <TestCategoryItem TestCategory="EDB-MPS-IPC-REQ.01" />
      </TestCategory>
      <Execution id="297ed221-3e1b-4f4b-8bde-b4541bf7af78" />
      <TestMethod codeBase="/codebuild/output/src2564200978/src/Kiwibank-kb-cap-c17b067d0899fd8eab76e994fac32f86b40b021f/services/payments-orchestrator/src/Testings.Integration.Mocked/bin/Release/net8.0/Kiwibank.Payments.PaymentsOrchestrator.Testings.Integration.Mocked.dll" adapterTypeName="executor://mstestadapter/v2" className="Kiwibank.Payments.PaymentsOrchestrator.Testings.Integration.Mocked.TestFeatures.POrchAPITransferTmvTmvFeature" name="POrchAPI_TMVToTMV_Valid_Debtor_Reference_Return_Success" />
    </UnitTest>
    <UnitTest name="POrchAPI_UltracsToTMV_Valid_Creditor_Reference_Return_Success (=@#_%,.,201,)" storage="/codebuild/output/src2564200978/src/kiwibank-kb-cap-c17b067d0899fd8eab76e994fac32f86b40b021f/services/payments-orchestrator/src/testings.integration.mocked/bin/release/net8.0/kiwibank.payments.paymentsorchestrator.testings.integration.mocked.dll" id="89804543-53e1-d8c6-96f9-d64716b77f4c">
      <TestCategory>
        <TestCategoryItem TestCategory="POrchAPI" />
        <TestCategoryItem TestCategory="PositiveTest" />
        <TestCategoryItem TestCategory="EDB-MPS-IPC-REQ.02" />
        <TestCategoryItem TestCategory="Process:L4ProcessPayment" />
        <TestCategoryItem TestCategory="Outcome:L4ProcessPayment.UltracsTmvTransfer" />
      </TestCategory>
      <Execution id="bbbbcab1-83d5-43dd-8b39-b57ed44b3de7" />
      <TestMethod codeBase="/codebuild/output/src2564200978/src/Kiwibank-kb-cap-c17b067d0899fd8eab76e994fac32f86b40b021f/services/payments-orchestrator/src/Testings.Integration.Mocked/bin/Release/net8.0/Kiwibank.Payments.PaymentsOrchestrator.Testings.Integration.Mocked.dll" adapterTypeName="executor://mstestadapter/v2" className="Kiwibank.Payments.PaymentsOrchestrator.Testings.Integration.Mocked.TestFeatures.POrchAPITransferUltracsTMVFeature" name="POrchAPI_UltracsToTMV_Valid_Creditor_Reference_Return_Success" />
    </UnitTest>
    <UnitTest name="POrchAPI_Valid_Debtor_Reference_Return_Success (()+$*!;-/?:,201,)" storage="/codebuild/output/src2564200978/src/kiwibank-kb-cap-c17b067d0899fd8eab76e994fac32f86b40b021f/services/payments-orchestrator/src/testings.integration.mocked/bin/release/net8.0/kiwibank.payments.paymentsorchestrator.testings.integration.mocked.dll" id="1e8e6330-c538-1157-ece4-73d09ac62670">
      <TestCategory>
        <TestCategoryItem TestCategory="POrchAPI" />
        <TestCategoryItem TestCategory="Process:L4ProcessPayment" />
        <TestCategoryItem TestCategory="Outcome:L4ProcessPayment.UltracsUltracsTransfer" />
      </TestCategory>
      <Execution id="0f02b097-9b64-4b34-b43b-da621b310621" />
      <TestMethod codeBase="/codebuild/output/src2564200978/src/Kiwibank-kb-cap-c17b067d0899fd8eab76e994fac32f86b40b021f/services/payments-orchestrator/src/Testings.Integration.Mocked/bin/Release/net8.0/Kiwibank.Payments.PaymentsOrchestrator.Testings.Integration.Mocked.dll" adapterTypeName="executor://mstestadapter/v2" className="Kiwibank.Payments.PaymentsOrchestrator.Testings.Integration.Mocked.TestFeatures.POrchAPIFeature" name="POrchAPI_Valid_Debtor_Reference_Return_Success" />
    </UnitTest>
    <UnitTest name="POrchAPI_Invalid_Creditor_Particulars_Return_Error (abcdefghijklmnsey,400,)" storage="/codebuild/output/src2564200978/src/kiwibank-kb-cap-c17b067d0899fd8eab76e994fac32f86b40b021f/services/payments-orchestrator/src/testings.integration.mocked/bin/release/net8.0/kiwibank.payments.paymentsorchestrator.testings.integration.mocked.dll" id="53b6770d-123b-c33a-2e83-ccd7b92d6331">
      <TestCategory>
        <TestCategoryItem TestCategory="POrchAPI" />
        <TestCategoryItem TestCategory="NegativeTest" />
        <TestCategoryItem TestCategory="Process:L4ProcessPayment" />
        <TestCategoryItem TestCategory="Outcome:L4ProcessPayment.UltracsUltracsTransfer" />
      </TestCategory>
      <Execution id="11602913-01a0-4be4-8e71-1027093d6dd9" />
      <TestMethod codeBase="/codebuild/output/src2564200978/src/Kiwibank-kb-cap-c17b067d0899fd8eab76e994fac32f86b40b021f/services/payments-orchestrator/src/Testings.Integration.Mocked/bin/Release/net8.0/Kiwibank.Payments.PaymentsOrchestrator.Testings.Integration.Mocked.dll" adapterTypeName="executor://mstestadapter/v2" className="Kiwibank.Payments.PaymentsOrchestrator.Testings.Integration.Mocked.TestFeatures.POrchAPIFieldValidationFeature" name="POrchAPI_Invalid_Creditor_Particulars_Return_Error" />
    </UnitTest>
    <UnitTest name="POrchAPI_UltracsTMV_Transfer_Invalid_Transfer_Reference_Return_Error (transfer from MR Test - 00,400,)" storage="/codebuild/output/src2564200978/src/kiwibank-kb-cap-c17b067d0899fd8eab76e994fac32f86b40b021f/services/payments-orchestrator/src/testings.integration.mocked/bin/release/net8.0/kiwibank.payments.paymentsorchestrator.testings.integration.mocked.dll" id="9458c6ec-e5a8-9efa-fa5f-996f70cbe542">
      <TestCategory>
        <TestCategoryItem TestCategory="POrchAPI" />
        <TestCategoryItem TestCategory="NegativeTest" />
        <TestCategoryItem TestCategory="Process:L4ProcessPayment" />
        <TestCategoryItem TestCategory="Outcome:L4ProcessPayment.UltracsUltracs" />
      </TestCategory>
      <Execution id="479b76c9-88d4-4c48-b2c1-3c7553cd6b4b" />
      <TestMethod codeBase="/codebuild/output/src2564200978/src/Kiwibank-kb-cap-c17b067d0899fd8eab76e994fac32f86b40b021f/services/payments-orchestrator/src/Testings.Integration.Mocked/bin/Release/net8.0/Kiwibank.Payments.PaymentsOrchestrator.Testings.Integration.Mocked.dll" adapterTypeName="executor://mstestadapter/v2" className="Kiwibank.Payments.PaymentsOrchestrator.Testings.Integration.Mocked.TestFeatures.POrchTransferFieldValidationFeature" name="POrchAPI_UltracsTMV_Transfer_Invalid_Transfer_Reference_Return_Error" />
    </UnitTest>
    <UnitTest name="POrchAPI_Transfer_Invalid_Creditor_Particulars_Return_Error (\,400,)" storage="/codebuild/output/src2564200978/src/kiwibank-kb-cap-c17b067d0899fd8eab76e994fac32f86b40b021f/services/payments-orchestrator/src/testings.integration.mocked/bin/release/net8.0/kiwibank.payments.paymentsorchestrator.testings.integration.mocked.dll" id="7a356f2b-a14c-5916-12db-273db6c151e1">
      <TestCategory>
        <TestCategoryItem TestCategory="POrchAPI" />
        <TestCategoryItem TestCategory="NegativeTest" />
        <TestCategoryItem TestCategory="Process:L4ProcessPayment" />
        <TestCategoryItem TestCategory="Outcome:L4ProcessPayment.UltracsUltracs" />
      </TestCategory>
      <Execution id="6b5c3161-5d2e-4392-8cde-e59f4da19cdd" />
      <TestMethod codeBase="/codebuild/output/src2564200978/src/Kiwibank-kb-cap-c17b067d0899fd8eab76e994fac32f86b40b021f/services/payments-orchestrator/src/Testings.Integration.Mocked/bin/Release/net8.0/Kiwibank.Payments.PaymentsOrchestrator.Testings.Integration.Mocked.dll" adapterTypeName="executor://mstestadapter/v2" className="Kiwibank.Payments.PaymentsOrchestrator.Testings.Integration.Mocked.TestFeatures.POrchTransferFieldValidationFeature" name="POrchAPI_Transfer_Invalid_Creditor_Particulars_Return_Error" />
    </UnitTest>
    <UnitTest name="POrchAPI_TMVToTMV_Valid_Debtor_Reference_Return_Success (()+$*!;-/?:,201,)" storage="/codebuild/output/src2564200978/src/kiwibank-kb-cap-c17b067d0899fd8eab76e994fac32f86b40b021f/services/payments-orchestrator/src/testings.integration.mocked/bin/release/net8.0/kiwibank.payments.paymentsorchestrator.testings.integration.mocked.dll" id="f6d0521c-fa56-8a50-37b1-66020c9096c5">
      <TestCategory>
        <TestCategoryItem TestCategory="Outcome:L4ProcessPayment.TmvTmvTransfer" />
        <TestCategoryItem TestCategory="POrchAPI" />
        <TestCategoryItem TestCategory="PositiveTest" />
        <TestCategoryItem TestCategory="Process:L4ProcessPayment" />
        <TestCategoryItem TestCategory="EDB-MPS-IPC-REQ.01" />
      </TestCategory>
      <Execution id="bbddca6d-ef60-4302-b727-ce7225e04da2" />
      <TestMethod codeBase="/codebuild/output/src2564200978/src/Kiwibank-kb-cap-c17b067d0899fd8eab76e994fac32f86b40b021f/services/payments-orchestrator/src/Testings.Integration.Mocked/bin/Release/net8.0/Kiwibank.Payments.PaymentsOrchestrator.Testings.Integration.Mocked.dll" adapterTypeName="executor://mstestadapter/v2" className="Kiwibank.Payments.PaymentsOrchestrator.Testings.Integration.Mocked.TestFeatures.POrchAPITransferTmvTmvFeature" name="POrchAPI_TMVToTMV_Valid_Debtor_Reference_Return_Success" />
    </UnitTest>
    <UnitTest name="POrchAPI_Transfer_Invalid_Debtor_Reference_Return_Error (\,400,)" storage="/codebuild/output/src2564200978/src/kiwibank-kb-cap-c17b067d0899fd8eab76e994fac32f86b40b021f/services/payments-orchestrator/src/testings.integration.mocked/bin/release/net8.0/kiwibank.payments.paymentsorchestrator.testings.integration.mocked.dll" id="4efea0b2-fd13-8c87-2ec9-0987481ae174">
      <TestCategory>
        <TestCategoryItem TestCategory="POrchAPI" />
        <TestCategoryItem TestCategory="NegativeTest" />
        <TestCategoryItem TestCategory="Process:L4ProcessPayment" />
        <TestCategoryItem TestCategory="Outcome:L4ProcessPayment.UltracsUltracs" />
      </TestCategory>
      <Execution id="ba58c5a7-5668-4dc8-b30d-a349ee6a7272" />
      <TestMethod codeBase="/codebuild/output/src2564200978/src/Kiwibank-kb-cap-c17b067d0899fd8eab76e994fac32f86b40b021f/services/payments-orchestrator/src/Testings.Integration.Mocked/bin/Release/net8.0/Kiwibank.Payments.PaymentsOrchestrator.Testings.Integration.Mocked.dll" adapterTypeName="executor://mstestadapter/v2" className="Kiwibank.Payments.PaymentsOrchestrator.Testings.Integration.Mocked.TestFeatures.POrchTransferFieldValidationFeature" name="POrchAPI_Transfer_Invalid_Debtor_Reference_Return_Error" />
    </UnitTest>
    <UnitTest name="POrchAPI_Transfer_Invalid_Credit_Account_Return_Error (38231234562856345,400,)" storage="/codebuild/output/src2564200978/src/kiwibank-kb-cap-c17b067d0899fd8eab76e994fac32f86b40b021f/services/payments-orchestrator/src/testings.integration.mocked/bin/release/net8.0/kiwibank.payments.paymentsorchestrator.testings.integration.mocked.dll" id="e1f7352b-0f9a-6b65-cb9b-1232c6779ad0">
      <TestCategory>
        <TestCategoryItem TestCategory="POrchAPI" />
        <TestCategoryItem TestCategory="NegativeTest" />
        <TestCategoryItem TestCategory="Process:L4ProcessPayment" />
        <TestCategoryItem TestCategory="Outcome:L4ProcessPayment.UltracsUltracs" />
      </TestCategory>
      <Execution id="089db266-e889-48a0-b622-3f4399e6bb34" />
      <TestMethod codeBase="/codebuild/output/src2564200978/src/Kiwibank-kb-cap-c17b067d0899fd8eab76e994fac32f86b40b021f/services/payments-orchestrator/src/Testings.Integration.Mocked/bin/Release/net8.0/Kiwibank.Payments.PaymentsOrchestrator.Testings.Integration.Mocked.dll" adapterTypeName="executor://mstestadapter/v2" className="Kiwibank.Payments.PaymentsOrchestrator.Testings.Integration.Mocked.TestFeatures.POrchTransferFieldValidationFeature" name="POrchAPI_Transfer_Invalid_Credit_Account_Return_Error" />
    </UnitTest>
    <UnitTest name="POrchAPI_Negative_MiddleWare_Response_409 (ClosedAccountError,409,)" storage="/codebuild/output/src2564200978/src/kiwibank-kb-cap-c17b067d0899fd8eab76e994fac32f86b40b021f/services/payments-orchestrator/src/testings.integration.mocked/bin/release/net8.0/kiwibank.payments.paymentsorchestrator.testings.integration.mocked.dll" id="e6a694f9-d3f0-9a3a-82cb-9c48c0d4fe95">
      <TestCategory>
        <TestCategoryItem TestCategory="POrchAPI" />
        <TestCategoryItem TestCategory="NegativeTest" />
        <TestCategoryItem TestCategory="Process:L4ProcessPayment" />
        <TestCategoryItem TestCategory="Outcome:L4ProcessPayment.UltracsUltracsTransfer" />
      </TestCategory>
      <Execution id="4f7095e0-9109-4140-b83b-3dfa4e77627a" />
      <TestMethod codeBase="/codebuild/output/src2564200978/src/Kiwibank-kb-cap-c17b067d0899fd8eab76e994fac32f86b40b021f/services/payments-orchestrator/src/Testings.Integration.Mocked/bin/Release/net8.0/Kiwibank.Payments.PaymentsOrchestrator.Testings.Integration.Mocked.dll" adapterTypeName="executor://mstestadapter/v2" className="Kiwibank.Payments.PaymentsOrchestrator.Testings.Integration.Mocked.TestFeatures.POrchAPIFeature" name="POrchAPI_Negative_MiddleWare_Response_409" />
    </UnitTest>
    <UnitTest name="POrchAPI_UltracsToTMV_Valid_Creditor_Reference_Return_Success (()+$*!;-/?:,201,)" storage="/codebuild/output/src2564200978/src/kiwibank-kb-cap-c17b067d0899fd8eab76e994fac32f86b40b021f/services/payments-orchestrator/src/testings.integration.mocked/bin/release/net8.0/kiwibank.payments.paymentsorchestrator.testings.integration.mocked.dll" id="b9a13a5b-81a8-ca23-bb4b-d95c063257a2">
      <TestCategory>
        <TestCategoryItem TestCategory="POrchAPI" />
        <TestCategoryItem TestCategory="PositiveTest" />
        <TestCategoryItem TestCategory="EDB-MPS-IPC-REQ.02" />
        <TestCategoryItem TestCategory="Process:L4ProcessPayment" />
        <TestCategoryItem TestCategory="Outcome:L4ProcessPayment.UltracsTmvTransfer" />
      </TestCategory>
      <Execution id="948cd900-ede7-4231-a7e7-823390b5f576" />
      <TestMethod codeBase="/codebuild/output/src2564200978/src/Kiwibank-kb-cap-c17b067d0899fd8eab76e994fac32f86b40b021f/services/payments-orchestrator/src/Testings.Integration.Mocked/bin/Release/net8.0/Kiwibank.Payments.PaymentsOrchestrator.Testings.Integration.Mocked.dll" adapterTypeName="executor://mstestadapter/v2" className="Kiwibank.Payments.PaymentsOrchestrator.Testings.Integration.Mocked.TestFeatures.POrchAPITransferUltracsTMVFeature" name="POrchAPI_UltracsToTMV_Valid_Creditor_Reference_Return_Success" />
    </UnitTest>
    <UnitTest name="POrchAPI_Invalid_Debtor_Code_Return_Error (\,400,)" storage="/codebuild/output/src2564200978/src/kiwibank-kb-cap-c17b067d0899fd8eab76e994fac32f86b40b021f/services/payments-orchestrator/src/testings.integration.mocked/bin/release/net8.0/kiwibank.payments.paymentsorchestrator.testings.integration.mocked.dll" id="0cf8d1ee-2aa5-1f26-f781-4fea09aaca63">
      <TestCategory>
        <TestCategoryItem TestCategory="POrchAPI" />
        <TestCategoryItem TestCategory="NegativeTest" />
        <TestCategoryItem TestCategory="Process:L4ProcessPayment" />
        <TestCategoryItem TestCategory="Outcome:L4ProcessPayment.UltracsUltracsTransfer" />
      </TestCategory>
      <Execution id="3a31457d-df0a-4c92-9488-82691b1320b7" />
      <TestMethod codeBase="/codebuild/output/src2564200978/src/Kiwibank-kb-cap-c17b067d0899fd8eab76e994fac32f86b40b021f/services/payments-orchestrator/src/Testings.Integration.Mocked/bin/Release/net8.0/Kiwibank.Payments.PaymentsOrchestrator.Testings.Integration.Mocked.dll" adapterTypeName="executor://mstestadapter/v2" className="Kiwibank.Payments.PaymentsOrchestrator.Testings.Integration.Mocked.TestFeatures.POrchAPIFieldValidationFeature" name="POrchAPI_Invalid_Debtor_Code_Return_Error" />
    </UnitTest>
    <UnitTest name="POrchAPI_Valid_Debtor_Code_Return_Success (=@#_%,.,201,)" storage="/codebuild/output/src2564200978/src/kiwibank-kb-cap-c17b067d0899fd8eab76e994fac32f86b40b021f/services/payments-orchestrator/src/testings.integration.mocked/bin/release/net8.0/kiwibank.payments.paymentsorchestrator.testings.integration.mocked.dll" id="69685b74-7fc2-5b44-30db-5fa56ac301e3">
      <TestCategory>
        <TestCategoryItem TestCategory="POrchAPI" />
        <TestCategoryItem TestCategory="Process:L4ProcessPayment" />
        <TestCategoryItem TestCategory="Outcome:L4ProcessPayment.UltracsUltracsTransfer" />
      </TestCategory>
      <Execution id="aff5f650-3e55-4dd1-8da8-3cfd90094d7f" />
      <TestMethod codeBase="/codebuild/output/src2564200978/src/Kiwibank-kb-cap-c17b067d0899fd8eab76e994fac32f86b40b021f/services/payments-orchestrator/src/Testings.Integration.Mocked/bin/Release/net8.0/Kiwibank.Payments.PaymentsOrchestrator.Testings.Integration.Mocked.dll" adapterTypeName="executor://mstestadapter/v2" className="Kiwibank.Payments.PaymentsOrchestrator.Testings.Integration.Mocked.TestFeatures.POrchAPIFeature" name="POrchAPI_Valid_Debtor_Code_Return_Success" />
    </UnitTest>
    <UnitTest name="POrchAPI_Invalid_Payee_Code_Return_Error (\,400,)" storage="/codebuild/output/src2564200978/src/kiwibank-kb-cap-c17b067d0899fd8eab76e994fac32f86b40b021f/services/payments-orchestrator/src/testings.integration.mocked/bin/release/net8.0/kiwibank.payments.paymentsorchestrator.testings.integration.mocked.dll" id="87658b8d-a2b9-fc3e-5c2d-d98073969a68">
      <TestCategory>
        <TestCategoryItem TestCategory="POrchAPI" />
        <TestCategoryItem TestCategory="NegativeTest" />
        <TestCategoryItem TestCategory="Process:L4ProcessPayment" />
        <TestCategoryItem TestCategory="Outcome:L4ProcessPayment.UltracsUltracsTransfer" />
      </TestCategory>
      <Execution id="263689a4-3d02-4e9b-9b38-be87a232ff5e" />
      <TestMethod codeBase="/codebuild/output/src2564200978/src/Kiwibank-kb-cap-c17b067d0899fd8eab76e994fac32f86b40b021f/services/payments-orchestrator/src/Testings.Integration.Mocked/bin/Release/net8.0/Kiwibank.Payments.PaymentsOrchestrator.Testings.Integration.Mocked.dll" adapterTypeName="executor://mstestadapter/v2" className="Kiwibank.Payments.PaymentsOrchestrator.Testings.Integration.Mocked.TestFeatures.POrchAPIFieldValidationFeature" name="POrchAPI_Invalid_Payee_Code_Return_Error" />
    </UnitTest>
    <UnitTest name="POrchAPI_Various_Amounts_Return_Success_When_Below_Max (1234567890.11,,)" storage="/codebuild/output/src2564200978/src/kiwibank-kb-cap-c17b067d0899fd8eab76e994fac32f86b40b021f/services/payments-orchestrator/src/testings.integration.mocked/bin/release/net8.0/kiwibank.payments.paymentsorchestrator.testings.integration.mocked.dll" id="56fb65db-6e4f-4370-45ab-c4f18ac46c69">
      <TestCategory>
        <TestCategoryItem TestCategory="POrchAPI" />
        <TestCategoryItem TestCategory="Process:L4ProcessPayment" />
        <TestCategoryItem TestCategory="Outcome:L4ProcessPayment.UltracsUltracsTransfer" />
      </TestCategory>
      <Execution id="998d8b4a-38e3-4c8f-93d0-1a73e13430bf" />
      <TestMethod codeBase="/codebuild/output/src2564200978/src/Kiwibank-kb-cap-c17b067d0899fd8eab76e994fac32f86b40b021f/services/payments-orchestrator/src/Testings.Integration.Mocked/bin/Release/net8.0/Kiwibank.Payments.PaymentsOrchestrator.Testings.Integration.Mocked.dll" adapterTypeName="executor://mstestadapter/v2" className="Kiwibank.Payments.PaymentsOrchestrator.Testings.Integration.Mocked.TestFeatures.POrchAPIFeature" name="POrchAPI_Various_Amounts_Return_Success_When_Below_Max" />
    </UnitTest>
    <UnitTest name="POrchAPI_Transfer_Invalid_Debtor_Reference_Return_Error (},400,)" storage="/codebuild/output/src2564200978/src/kiwibank-kb-cap-c17b067d0899fd8eab76e994fac32f86b40b021f/services/payments-orchestrator/src/testings.integration.mocked/bin/release/net8.0/kiwibank.payments.paymentsorchestrator.testings.integration.mocked.dll" id="67e37726-eab6-6c29-52b6-70f881dce15b">
      <TestCategory>
        <TestCategoryItem TestCategory="POrchAPI" />
        <TestCategoryItem TestCategory="NegativeTest" />
        <TestCategoryItem TestCategory="Process:L4ProcessPayment" />
        <TestCategoryItem TestCategory="Outcome:L4ProcessPayment.UltracsUltracs" />
      </TestCategory>
      <Execution id="674aaf81-6700-498c-be4b-7079f42b6a61" />
      <TestMethod codeBase="/codebuild/output/src2564200978/src/Kiwibank-kb-cap-c17b067d0899fd8eab76e994fac32f86b40b021f/services/payments-orchestrator/src/Testings.Integration.Mocked/bin/Release/net8.0/Kiwibank.Payments.PaymentsOrchestrator.Testings.Integration.Mocked.dll" adapterTypeName="executor://mstestadapter/v2" className="Kiwibank.Payments.PaymentsOrchestrator.Testings.Integration.Mocked.TestFeatures.POrchTransferFieldValidationFeature" name="POrchAPI_Transfer_Invalid_Debtor_Reference_Return_Error" />
    </UnitTest>
    <UnitTest name="POrchAPI_Other_Fraud_Responses_Do_Not_Retry (Hold,409,)" storage="/codebuild/output/src2564200978/src/kiwibank-kb-cap-c17b067d0899fd8eab76e994fac32f86b40b021f/services/payments-orchestrator/src/testings.integration.mocked/bin/release/net8.0/kiwibank.payments.paymentsorchestrator.testings.integration.mocked.dll" id="ebb7c562-38a7-096a-0612-1d420361f243">
      <TestCategory>
        <TestCategoryItem TestCategory="Process:L4ProcessPayment" />
        <TestCategoryItem TestCategory="scenarioTest" />
        <TestCategoryItem TestCategory="Outcome:L4ProcessPayment.UltracsUltracsTransfer" />
      </TestCategory>
      <Execution id="e87f1ba1-bd18-4033-b523-165015b46691" />
      <TestMethod codeBase="/codebuild/output/src2564200978/src/Kiwibank-kb-cap-c17b067d0899fd8eab76e994fac32f86b40b021f/services/payments-orchestrator/src/Testings.Integration.Mocked/bin/Release/net8.0/Kiwibank.Payments.PaymentsOrchestrator.Testings.Integration.Mocked.dll" adapterTypeName="executor://mstestadapter/v2" className="Kiwibank.Payments.PaymentsOrchestrator.Testings.Integration.Mocked.TestFeatures.POrchDownstreamServicesRetryAppropriatelyFeature" name="POrchAPI_Other_Fraud_Responses_Do_Not_Retry" />
    </UnitTest>
    <UnitTest name="POrchAPI_Valid_Creditor_Reference_Return_Success (=@#_%,.,201,)" storage="/codebuild/output/src2564200978/src/kiwibank-kb-cap-c17b067d0899fd8eab76e994fac32f86b40b021f/services/payments-orchestrator/src/testings.integration.mocked/bin/release/net8.0/kiwibank.payments.paymentsorchestrator.testings.integration.mocked.dll" id="0b2452c9-3768-d7b0-b1d6-1659f9a1efa7">
      <TestCategory>
        <TestCategoryItem TestCategory="POrchAPI" />
        <TestCategoryItem TestCategory="Process:L4ProcessPayment" />
        <TestCategoryItem TestCategory="Outcome:L4ProcessPayment.UltracsUltracsTransfer" />
      </TestCategory>
      <Execution id="bca192e7-5c8d-404c-987d-21c3a7d41285" />
      <TestMethod codeBase="/codebuild/output/src2564200978/src/Kiwibank-kb-cap-c17b067d0899fd8eab76e994fac32f86b40b021f/services/payments-orchestrator/src/Testings.Integration.Mocked/bin/Release/net8.0/Kiwibank.Payments.PaymentsOrchestrator.Testings.Integration.Mocked.dll" adapterTypeName="executor://mstestadapter/v2" className="Kiwibank.Payments.PaymentsOrchestrator.Testings.Integration.Mocked.TestFeatures.POrchAPIFeature" name="POrchAPI_Valid_Creditor_Reference_Return_Success" />
    </UnitTest>
    <UnitTest name="POrchAPI_Negative_FraudCheck_Response_Frozen_Middleware_409 (Refer,409,)" storage="/codebuild/output/src2564200978/src/kiwibank-kb-cap-c17b067d0899fd8eab76e994fac32f86b40b021f/services/payments-orchestrator/src/testings.integration.mocked/bin/release/net8.0/kiwibank.payments.paymentsorchestrator.testings.integration.mocked.dll" id="cc6e8de5-37e2-ebc2-e199-323c623a3e71">
      <TestCategory>
        <TestCategoryItem TestCategory="POrchAPI" />
        <TestCategoryItem TestCategory="NegativeTest" />
        <TestCategoryItem TestCategory="Process:L4ProcessPayment" />
        <TestCategoryItem TestCategory="Outcome:L4ProcessPayment.UltracsUltracsTransfer" />
      </TestCategory>
      <Execution id="57bfdedd-1344-44d8-bf3e-79344a31ea65" />
      <TestMethod codeBase="/codebuild/output/src2564200978/src/Kiwibank-kb-cap-c17b067d0899fd8eab76e994fac32f86b40b021f/services/payments-orchestrator/src/Testings.Integration.Mocked/bin/Release/net8.0/Kiwibank.Payments.PaymentsOrchestrator.Testings.Integration.Mocked.dll" adapterTypeName="executor://mstestadapter/v2" className="Kiwibank.Payments.PaymentsOrchestrator.Testings.Integration.Mocked.TestFeatures.POrchAPIFeature" name="POrchAPI_Negative_FraudCheck_Response_Frozen_Middleware_409" />
    </UnitTest>
    <UnitTest name="POrchAPI_TMVUltracs_Transfer_Invalid_Transfer_Reference_Return_Error (transfer,400,)" storage="/codebuild/output/src2564200978/src/kiwibank-kb-cap-c17b067d0899fd8eab76e994fac32f86b40b021f/services/payments-orchestrator/src/testings.integration.mocked/bin/release/net8.0/kiwibank.payments.paymentsorchestrator.testings.integration.mocked.dll" id="25a77e9b-f7a6-9cd0-b29d-d08216a5d765">
      <TestCategory>
        <TestCategoryItem TestCategory="POrchAPI" />
        <TestCategoryItem TestCategory="NegativeTest" />
        <TestCategoryItem TestCategory="Process:L4ProcessPayment" />
        <TestCategoryItem TestCategory="Outcome:L4ProcessPayment.UltracsUltracs" />
      </TestCategory>
      <Execution id="4b83ea77-3f30-497d-b9c2-f1883a1c14fd" />
      <TestMethod codeBase="/codebuild/output/src2564200978/src/Kiwibank-kb-cap-c17b067d0899fd8eab76e994fac32f86b40b021f/services/payments-orchestrator/src/Testings.Integration.Mocked/bin/Release/net8.0/Kiwibank.Payments.PaymentsOrchestrator.Testings.Integration.Mocked.dll" adapterTypeName="executor://mstestadapter/v2" className="Kiwibank.Payments.PaymentsOrchestrator.Testings.Integration.Mocked.TestFeatures.POrchTransferFieldValidationFeature" name="POrchAPI_TMVUltracs_Transfer_Invalid_Transfer_Reference_Return_Error" />
    </UnitTest>
    <UnitTest name="POrchAPI_Invalid_Debtor_Particulars_Return_Error (},400,)" storage="/codebuild/output/src2564200978/src/kiwibank-kb-cap-c17b067d0899fd8eab76e994fac32f86b40b021f/services/payments-orchestrator/src/testings.integration.mocked/bin/release/net8.0/kiwibank.payments.paymentsorchestrator.testings.integration.mocked.dll" id="549ae9f4-6b0c-80f5-d847-88cbb37cd83c">
      <TestCategory>
        <TestCategoryItem TestCategory="POrchAPI" />
        <TestCategoryItem TestCategory="NegativeTest" />
        <TestCategoryItem TestCategory="Process:L4ProcessPayment" />
        <TestCategoryItem TestCategory="Outcome:L4ProcessPayment.UltracsUltracsTransfer" />
      </TestCategory>
      <Execution id="cebfada4-525f-4496-ab94-0ea140799477" />
      <TestMethod codeBase="/codebuild/output/src2564200978/src/Kiwibank-kb-cap-c17b067d0899fd8eab76e994fac32f86b40b021f/services/payments-orchestrator/src/Testings.Integration.Mocked/bin/Release/net8.0/Kiwibank.Payments.PaymentsOrchestrator.Testings.Integration.Mocked.dll" adapterTypeName="executor://mstestadapter/v2" className="Kiwibank.Payments.PaymentsOrchestrator.Testings.Integration.Mocked.TestFeatures.POrchAPIFieldValidationFeature" name="POrchAPI_Invalid_Debtor_Particulars_Return_Error" />
    </UnitTest>
    <UnitTest name="POrchAPI_PAS_Times_Out" storage="/codebuild/output/src2564200978/src/kiwibank-kb-cap-c17b067d0899fd8eab76e994fac32f86b40b021f/services/payments-orchestrator/src/testings.integration.mocked/bin/release/net8.0/kiwibank.payments.paymentsorchestrator.testings.integration.mocked.dll" id="7851ebde-72f9-3991-4091-a85fc3a11eba">
      <TestCategory>
        <TestCategoryItem TestCategory="Outcome:L4ProcessPayment.UltracsUltracsTransfer" />
        <TestCategoryItem TestCategory="Process:L4ProcessPayment" />
      </TestCategory>
      <Execution id="0ed868f5-90e4-4409-b86b-97782bfbd487" />
      <TestMethod codeBase="/codebuild/output/src2564200978/src/Kiwibank-kb-cap-c17b067d0899fd8eab76e994fac32f86b40b021f/services/payments-orchestrator/src/Testings.Integration.Mocked/bin/Release/net8.0/Kiwibank.Payments.PaymentsOrchestrator.Testings.Integration.Mocked.dll" adapterTypeName="executor://mstestadapter/v2" className="Kiwibank.Payments.PaymentsOrchestrator.Testings.Integration.Mocked.TestFeatures.POrchDownstreamServicesRetryAppropriatelyFeature" name="POrchAPI_PAS_Times_Out" />
    </UnitTest>
    <UnitTest name="POrchAPI_Valid_Debtor_Particulars_Return_Success (()+$*!;-/?:,201,)" storage="/codebuild/output/src2564200978/src/kiwibank-kb-cap-c17b067d0899fd8eab76e994fac32f86b40b021f/services/payments-orchestrator/src/testings.integration.mocked/bin/release/net8.0/kiwibank.payments.paymentsorchestrator.testings.integration.mocked.dll" id="fdea718c-e7bf-5aa2-3704-8a4192cbbb7b">
      <TestCategory>
        <TestCategoryItem TestCategory="POrchAPI" />
        <TestCategoryItem TestCategory="Process:L4ProcessPayment" />
        <TestCategoryItem TestCategory="Outcome:L4ProcessPayment.UltracsUltracsTransfer" />
      </TestCategory>
      <Execution id="0f357ef2-a78e-47a7-8fec-6f2511b13c00" />
      <TestMethod codeBase="/codebuild/output/src2564200978/src/Kiwibank-kb-cap-c17b067d0899fd8eab76e994fac32f86b40b021f/services/payments-orchestrator/src/Testings.Integration.Mocked/bin/Release/net8.0/Kiwibank.Payments.PaymentsOrchestrator.Testings.Integration.Mocked.dll" adapterTypeName="executor://mstestadapter/v2" className="Kiwibank.Payments.PaymentsOrchestrator.Testings.Integration.Mocked.TestFeatures.POrchAPIFeature" name="POrchAPI_Valid_Debtor_Particulars_Return_Success" />
    </UnitTest>
    <UnitTest name="POrchAPI_UltracsToTMV_Negative_MiddleWare_Response_409 (InvalidBankBranchNumberError,409,)" storage="/codebuild/output/src2564200978/src/kiwibank-kb-cap-c17b067d0899fd8eab76e994fac32f86b40b021f/services/payments-orchestrator/src/testings.integration.mocked/bin/release/net8.0/kiwibank.payments.paymentsorchestrator.testings.integration.mocked.dll" id="a734b8d7-64b6-c5b0-a01b-89519383f833">
      <TestCategory>
        <TestCategoryItem TestCategory="POrchAPI" />
        <TestCategoryItem TestCategory="EDB-MPS-IPC-REQ.04" />
        <TestCategoryItem TestCategory="NegativeTest" />
        <TestCategoryItem TestCategory="Process:L4ProcessPayment" />
        <TestCategoryItem TestCategory="Outcome:L4ProcessPayment.UltracsTmvTransfer" />
      </TestCategory>
      <Execution id="2c641a1c-da39-4c5d-aa44-c19846839812" />
      <TestMethod codeBase="/codebuild/output/src2564200978/src/Kiwibank-kb-cap-c17b067d0899fd8eab76e994fac32f86b40b021f/services/payments-orchestrator/src/Testings.Integration.Mocked/bin/Release/net8.0/Kiwibank.Payments.PaymentsOrchestrator.Testings.Integration.Mocked.dll" adapterTypeName="executor://mstestadapter/v2" className="Kiwibank.Payments.PaymentsOrchestrator.Testings.Integration.Mocked.TestFeatures.POrchAPITransferUltracsTMVFeature" name="POrchAPI_UltracsToTMV_Negative_MiddleWare_Response_409" />
    </UnitTest>
    <UnitTest name="POrchAPI_UltracsToTMV_Valid_Creditor_Particulars_Return_Success (=@#_%,.,201,)" storage="/codebuild/output/src2564200978/src/kiwibank-kb-cap-c17b067d0899fd8eab76e994fac32f86b40b021f/services/payments-orchestrator/src/testings.integration.mocked/bin/release/net8.0/kiwibank.payments.paymentsorchestrator.testings.integration.mocked.dll" id="250ddffa-5865-dc85-3782-1d123181032f">
      <TestCategory>
        <TestCategoryItem TestCategory="POrchAPI" />
        <TestCategoryItem TestCategory="PositiveTest" />
        <TestCategoryItem TestCategory="EDB-MPS-IPC-REQ.02" />
        <TestCategoryItem TestCategory="Process:L4ProcessPayment" />
        <TestCategoryItem TestCategory="Outcome:L4ProcessPayment.UltracsTmvTransfer" />
      </TestCategory>
      <Execution id="86672372-cd1a-4a96-aaaa-7eabe10e8cfe" />
      <TestMethod codeBase="/codebuild/output/src2564200978/src/Kiwibank-kb-cap-c17b067d0899fd8eab76e994fac32f86b40b021f/services/payments-orchestrator/src/Testings.Integration.Mocked/bin/Release/net8.0/Kiwibank.Payments.PaymentsOrchestrator.Testings.Integration.Mocked.dll" adapterTypeName="executor://mstestadapter/v2" className="Kiwibank.Payments.PaymentsOrchestrator.Testings.Integration.Mocked.TestFeatures.POrchAPITransferUltracsTMVFeature" name="POrchAPI_UltracsToTMV_Valid_Creditor_Particulars_Return_Success" />
    </UnitTest>
    <UnitTest name="POrchAPI_Negative_FraudCheck_Response_Close_Middleware_409 (Refer,409,)" storage="/codebuild/output/src2564200978/src/kiwibank-kb-cap-c17b067d0899fd8eab76e994fac32f86b40b021f/services/payments-orchestrator/src/testings.integration.mocked/bin/release/net8.0/kiwibank.payments.paymentsorchestrator.testings.integration.mocked.dll" id="8a250861-9e55-1130-202a-5e79a2a0feae">
      <TestCategory>
        <TestCategoryItem TestCategory="POrchAPI" />
        <TestCategoryItem TestCategory="NegativeTest" />
        <TestCategoryItem TestCategory="Process:L4ProcessPayment" />
        <TestCategoryItem TestCategory="Outcome:L4ProcessPayment.UltracsUltracsTransfer" />
      </TestCategory>
      <Execution id="1e249d08-2118-4571-8d97-cd3ca762682a" />
      <TestMethod codeBase="/codebuild/output/src2564200978/src/Kiwibank-kb-cap-c17b067d0899fd8eab76e994fac32f86b40b021f/services/payments-orchestrator/src/Testings.Integration.Mocked/bin/Release/net8.0/Kiwibank.Payments.PaymentsOrchestrator.Testings.Integration.Mocked.dll" adapterTypeName="executor://mstestadapter/v2" className="Kiwibank.Payments.PaymentsOrchestrator.Testings.Integration.Mocked.TestFeatures.POrchAPIFeature" name="POrchAPI_Negative_FraudCheck_Response_Close_Middleware_409" />
    </UnitTest>
    <UnitTest name="POrchAPI_TMVToTMV_Valid_Debtor_Code_Return_Success (()+$*!;-/?:,201,)" storage="/codebuild/output/src2564200978/src/kiwibank-kb-cap-c17b067d0899fd8eab76e994fac32f86b40b021f/services/payments-orchestrator/src/testings.integration.mocked/bin/release/net8.0/kiwibank.payments.paymentsorchestrator.testings.integration.mocked.dll" id="42a3bc4d-02bc-8094-0907-2e9fbb08778b">
      <TestCategory>
        <TestCategoryItem TestCategory="Outcome:L4ProcessPayment.TmvTmvTransfer" />
        <TestCategoryItem TestCategory="POrchAPI" />
        <TestCategoryItem TestCategory="PositiveTest" />
        <TestCategoryItem TestCategory="Process:L4ProcessPayment" />
        <TestCategoryItem TestCategory="EDB-MPS-IPC-REQ.01" />
      </TestCategory>
      <Execution id="1ba6313c-9b3f-4beb-b6d1-db4a5204e9af" />
      <TestMethod codeBase="/codebuild/output/src2564200978/src/Kiwibank-kb-cap-c17b067d0899fd8eab76e994fac32f86b40b021f/services/payments-orchestrator/src/Testings.Integration.Mocked/bin/Release/net8.0/Kiwibank.Payments.PaymentsOrchestrator.Testings.Integration.Mocked.dll" adapterTypeName="executor://mstestadapter/v2" className="Kiwibank.Payments.PaymentsOrchestrator.Testings.Integration.Mocked.TestFeatures.POrchAPITransferTmvTmvFeature" name="POrchAPI_TMVToTMV_Valid_Debtor_Code_Return_Success" />
    </UnitTest>
    <UnitTest name="POrchAPI_Transfer_Invalid_Creditor_Particulars_Return_Error (},400,)" storage="/codebuild/output/src2564200978/src/kiwibank-kb-cap-c17b067d0899fd8eab76e994fac32f86b40b021f/services/payments-orchestrator/src/testings.integration.mocked/bin/release/net8.0/kiwibank.payments.paymentsorchestrator.testings.integration.mocked.dll" id="7921a5cf-e854-49ae-c247-664dc2281b3b">
      <TestCategory>
        <TestCategoryItem TestCategory="POrchAPI" />
        <TestCategoryItem TestCategory="NegativeTest" />
        <TestCategoryItem TestCategory="Process:L4ProcessPayment" />
        <TestCategoryItem TestCategory="Outcome:L4ProcessPayment.UltracsUltracs" />
      </TestCategory>
      <Execution id="b0599a13-acb6-416f-96cd-9f9f4235b14c" />
      <TestMethod codeBase="/codebuild/output/src2564200978/src/Kiwibank-kb-cap-c17b067d0899fd8eab76e994fac32f86b40b021f/services/payments-orchestrator/src/Testings.Integration.Mocked/bin/Release/net8.0/Kiwibank.Payments.PaymentsOrchestrator.Testings.Integration.Mocked.dll" adapterTypeName="executor://mstestadapter/v2" className="Kiwibank.Payments.PaymentsOrchestrator.Testings.Integration.Mocked.TestFeatures.POrchTransferFieldValidationFeature" name="POrchAPI_Transfer_Invalid_Creditor_Particulars_Return_Error" />
    </UnitTest>
    <UnitTest name="POrchAPI_TMVTMV_Transfer_Send_Transfer_Reference_Return_Error (TRANSFER FROM MR Test - 00,400,)" storage="/codebuild/output/src2564200978/src/kiwibank-kb-cap-c17b067d0899fd8eab76e994fac32f86b40b021f/services/payments-orchestrator/src/testings.integration.mocked/bin/release/net8.0/kiwibank.payments.paymentsorchestrator.testings.integration.mocked.dll" id="6c1c4578-a7af-aca4-9467-6b8db73501c1">
      <TestCategory>
        <TestCategoryItem TestCategory="POrchAPI" />
        <TestCategoryItem TestCategory="NegativeTest" />
        <TestCategoryItem TestCategory="Process:L4ProcessPayment" />
        <TestCategoryItem TestCategory="Outcome:L4ProcessPayment.UltracsUltracs" />
      </TestCategory>
      <Execution id="19f96be7-46a7-4d5d-9545-ad71eabfc108" />
      <TestMethod codeBase="/codebuild/output/src2564200978/src/Kiwibank-kb-cap-c17b067d0899fd8eab76e994fac32f86b40b021f/services/payments-orchestrator/src/Testings.Integration.Mocked/bin/Release/net8.0/Kiwibank.Payments.PaymentsOrchestrator.Testings.Integration.Mocked.dll" adapterTypeName="executor://mstestadapter/v2" className="Kiwibank.Payments.PaymentsOrchestrator.Testings.Integration.Mocked.TestFeatures.POrchTransferFieldValidationFeature" name="POrchAPI_TMVTMV_Transfer_Send_Transfer_Reference_Return_Error" />
    </UnitTest>
    <UnitTest name="POrchAPI_Transfer_Invalid_Creditor_Account_Source_Return_Error (External,400,'CreditorAccountSource' can only be Ultracs or TMV for transfers.,)" storage="/codebuild/output/src2564200978/src/kiwibank-kb-cap-c17b067d0899fd8eab76e994fac32f86b40b021f/services/payments-orchestrator/src/testings.integration.mocked/bin/release/net8.0/kiwibank.payments.paymentsorchestrator.testings.integration.mocked.dll" id="2312b328-8686-77ae-427a-1dc0d27ceadb">
      <TestCategory>
        <TestCategoryItem TestCategory="POrchAPI" />
        <TestCategoryItem TestCategory="NegativeTest" />
        <TestCategoryItem TestCategory="Process:L4ProcessPayment" />
        <TestCategoryItem TestCategory="Outcome:L4ProcessPayment.UltracsUltracs" />
      </TestCategory>
      <Execution id="df7a7467-a2c4-4cc0-ae6d-d13366a81637" />
      <TestMethod codeBase="/codebuild/output/src2564200978/src/Kiwibank-kb-cap-c17b067d0899fd8eab76e994fac32f86b40b021f/services/payments-orchestrator/src/Testings.Integration.Mocked/bin/Release/net8.0/Kiwibank.Payments.PaymentsOrchestrator.Testings.Integration.Mocked.dll" adapterTypeName="executor://mstestadapter/v2" className="Kiwibank.Payments.PaymentsOrchestrator.Testings.Integration.Mocked.TestFeatures.POrchTransferFieldValidationFeature" name="POrchAPI_Transfer_Invalid_Creditor_Account_Source_Return_Error" />
    </UnitTest>
    <UnitTest name="POrchAPI_Other_Middleware_Responses_Do_Not_Retry (AccountDetectionFailedError,409,)" storage="/codebuild/output/src2564200978/src/kiwibank-kb-cap-c17b067d0899fd8eab76e994fac32f86b40b021f/services/payments-orchestrator/src/testings.integration.mocked/bin/release/net8.0/kiwibank.payments.paymentsorchestrator.testings.integration.mocked.dll" id="a7dcfefc-4bb1-7cd3-999f-cc58af315ef6">
      <TestCategory>
        <TestCategoryItem TestCategory="Process:L4ProcessPayment" />
        <TestCategoryItem TestCategory="scenarioTest" />
        <TestCategoryItem TestCategory="Outcome:L4ProcessPayment.UltracsUltracsTransfer" />
      </TestCategory>
      <Execution id="f54fdd3d-2876-44d6-a530-4b3fc2835600" />
      <TestMethod codeBase="/codebuild/output/src2564200978/src/Kiwibank-kb-cap-c17b067d0899fd8eab76e994fac32f86b40b021f/services/payments-orchestrator/src/Testings.Integration.Mocked/bin/Release/net8.0/Kiwibank.Payments.PaymentsOrchestrator.Testings.Integration.Mocked.dll" adapterTypeName="executor://mstestadapter/v2" className="Kiwibank.Payments.PaymentsOrchestrator.Testings.Integration.Mocked.TestFeatures.POrchDownstreamServicesRetryAppropriatelyFeature" name="POrchAPI_Other_Middleware_Responses_Do_Not_Retry" />
    </UnitTest>
    <UnitTest name="POrchAPI_Other_Middleware_Responses_Do_Not_Retry (FrozenError,409,)" storage="/codebuild/output/src2564200978/src/kiwibank-kb-cap-c17b067d0899fd8eab76e994fac32f86b40b021f/services/payments-orchestrator/src/testings.integration.mocked/bin/release/net8.0/kiwibank.payments.paymentsorchestrator.testings.integration.mocked.dll" id="e3d003eb-216d-67bb-ca2c-8e3b1ca8a7b8">
      <TestCategory>
        <TestCategoryItem TestCategory="Process:L4ProcessPayment" />
        <TestCategoryItem TestCategory="scenarioTest" />
        <TestCategoryItem TestCategory="Outcome:L4ProcessPayment.UltracsUltracsTransfer" />
      </TestCategory>
      <Execution id="b2be0988-539c-453f-bf74-b5ff6cc23cc8" />
      <TestMethod codeBase="/codebuild/output/src2564200978/src/Kiwibank-kb-cap-c17b067d0899fd8eab76e994fac32f86b40b021f/services/payments-orchestrator/src/Testings.Integration.Mocked/bin/Release/net8.0/Kiwibank.Payments.PaymentsOrchestrator.Testings.Integration.Mocked.dll" adapterTypeName="executor://mstestadapter/v2" className="Kiwibank.Payments.PaymentsOrchestrator.Testings.Integration.Mocked.TestFeatures.POrchDownstreamServicesRetryAppropriatelyFeature" name="POrchAPI_Other_Middleware_Responses_Do_Not_Retry" />
    </UnitTest>
    <UnitTest name="POrchAPI_Various_Amounts_Return_Success_When_Below_Max (0.01,,)" storage="/codebuild/output/src2564200978/src/kiwibank-kb-cap-c17b067d0899fd8eab76e994fac32f86b40b021f/services/payments-orchestrator/src/testings.integration.mocked/bin/release/net8.0/kiwibank.payments.paymentsorchestrator.testings.integration.mocked.dll" id="67da564e-6940-64cf-631a-afe062bb1f5c">
      <TestCategory>
        <TestCategoryItem TestCategory="POrchAPI" />
        <TestCategoryItem TestCategory="Process:L4ProcessPayment" />
        <TestCategoryItem TestCategory="Outcome:L4ProcessPayment.UltracsUltracsTransfer" />
      </TestCategory>
      <Execution id="c4582c02-b51d-4ac5-b1b8-968a26ff91ad" />
      <TestMethod codeBase="/codebuild/output/src2564200978/src/Kiwibank-kb-cap-c17b067d0899fd8eab76e994fac32f86b40b021f/services/payments-orchestrator/src/Testings.Integration.Mocked/bin/Release/net8.0/Kiwibank.Payments.PaymentsOrchestrator.Testings.Integration.Mocked.dll" adapterTypeName="executor://mstestadapter/v2" className="Kiwibank.Payments.PaymentsOrchestrator.Testings.Integration.Mocked.TestFeatures.POrchAPIFeature" name="POrchAPI_Various_Amounts_Return_Success_When_Below_Max" />
    </UnitTest>
    <UnitTest name="POrchAPI_Transfer_Invalid_Credit_Account_Return_Error (3800000000000000,400,)" storage="/codebuild/output/src2564200978/src/kiwibank-kb-cap-c17b067d0899fd8eab76e994fac32f86b40b021f/services/payments-orchestrator/src/testings.integration.mocked/bin/release/net8.0/kiwibank.payments.paymentsorchestrator.testings.integration.mocked.dll" id="5a784b05-d140-3c48-a864-8715e0cfaed9">
      <TestCategory>
        <TestCategoryItem TestCategory="POrchAPI" />
        <TestCategoryItem TestCategory="NegativeTest" />
        <TestCategoryItem TestCategory="Process:L4ProcessPayment" />
        <TestCategoryItem TestCategory="Outcome:L4ProcessPayment.UltracsUltracs" />
      </TestCategory>
      <Execution id="0a774e4f-9cb9-4fe3-9795-2338ba762a9b" />
      <TestMethod codeBase="/codebuild/output/src2564200978/src/Kiwibank-kb-cap-c17b067d0899fd8eab76e994fac32f86b40b021f/services/payments-orchestrator/src/Testings.Integration.Mocked/bin/Release/net8.0/Kiwibank.Payments.PaymentsOrchestrator.Testings.Integration.Mocked.dll" adapterTypeName="executor://mstestadapter/v2" className="Kiwibank.Payments.PaymentsOrchestrator.Testings.Integration.Mocked.TestFeatures.POrchTransferFieldValidationFeature" name="POrchAPI_Transfer_Invalid_Credit_Account_Return_Error" />
    </UnitTest>
    <UnitTest name="POrchAPI_Negative_FraudCheck_Response_Insufficient_Middleware_409 (Decline,409,)" storage="/codebuild/output/src2564200978/src/kiwibank-kb-cap-c17b067d0899fd8eab76e994fac32f86b40b021f/services/payments-orchestrator/src/testings.integration.mocked/bin/release/net8.0/kiwibank.payments.paymentsorchestrator.testings.integration.mocked.dll" id="3c9ce4a6-a234-4f04-3950-b005d33815c2">
      <TestCategory>
        <TestCategoryItem TestCategory="POrchAPI" />
        <TestCategoryItem TestCategory="NegativeTest" />
        <TestCategoryItem TestCategory="Process:L4ProcessPayment" />
        <TestCategoryItem TestCategory="Outcome:L4ProcessPayment.UltracsUltracsTransfer" />
      </TestCategory>
      <Execution id="cc25b0b2-6b25-4a42-b1d6-0cc41fab5b81" />
      <TestMethod codeBase="/codebuild/output/src2564200978/src/Kiwibank-kb-cap-c17b067d0899fd8eab76e994fac32f86b40b021f/services/payments-orchestrator/src/Testings.Integration.Mocked/bin/Release/net8.0/Kiwibank.Payments.PaymentsOrchestrator.Testings.Integration.Mocked.dll" adapterTypeName="executor://mstestadapter/v2" className="Kiwibank.Payments.PaymentsOrchestrator.Testings.Integration.Mocked.TestFeatures.POrchAPIFeature" name="POrchAPI_Negative_FraudCheck_Response_Insufficient_Middleware_409" />
    </UnitTest>
    <UnitTest name="POrchAPI_Transfer_Invalid_Debtor_Particulars_Return_Error (\,400,)" storage="/codebuild/output/src2564200978/src/kiwibank-kb-cap-c17b067d0899fd8eab76e994fac32f86b40b021f/services/payments-orchestrator/src/testings.integration.mocked/bin/release/net8.0/kiwibank.payments.paymentsorchestrator.testings.integration.mocked.dll" id="41320dfe-3b5a-f638-b9f5-066020b7f9fb">
      <TestCategory>
        <TestCategoryItem TestCategory="POrchAPI" />
        <TestCategoryItem TestCategory="NegativeTest" />
        <TestCategoryItem TestCategory="Process:L4ProcessPayment" />
        <TestCategoryItem TestCategory="Outcome:L4ProcessPayment.UltracsUltracs" />
      </TestCategory>
      <Execution id="ac607617-6f3f-43b4-a967-ceca6b57c37f" />
      <TestMethod codeBase="/codebuild/output/src2564200978/src/Kiwibank-kb-cap-c17b067d0899fd8eab76e994fac32f86b40b021f/services/payments-orchestrator/src/Testings.Integration.Mocked/bin/Release/net8.0/Kiwibank.Payments.PaymentsOrchestrator.Testings.Integration.Mocked.dll" adapterTypeName="executor://mstestadapter/v2" className="Kiwibank.Payments.PaymentsOrchestrator.Testings.Integration.Mocked.TestFeatures.POrchTransferFieldValidationFeature" name="POrchAPI_Transfer_Invalid_Debtor_Particulars_Return_Error" />
    </UnitTest>
    <UnitTest name="POrchAPI_TMVToUltracs_Negative_MiddleWare_Response_409_OtherErrors (AccountIdentificationInsufficientError,409,)" storage="/codebuild/output/src2564200978/src/kiwibank-kb-cap-c17b067d0899fd8eab76e994fac32f86b40b021f/services/payments-orchestrator/src/testings.integration.mocked/bin/release/net8.0/kiwibank.payments.paymentsorchestrator.testings.integration.mocked.dll" id="6977a376-609f-df40-bd12-0f486a155f29">
      <TestCategory>
        <TestCategoryItem TestCategory="NegativeTest" />
        <TestCategoryItem TestCategory="Outcome:L4ProcessPayment.TmvUltracsTransfer" />
        <TestCategoryItem TestCategory="Process:L4ProcessPayment" />
      </TestCategory>
      <Execution id="92c13ef5-6f9b-48cf-85e6-6feb5fafa5b7" />
      <TestMethod codeBase="/codebuild/output/src2564200978/src/Kiwibank-kb-cap-c17b067d0899fd8eab76e994fac32f86b40b021f/services/payments-orchestrator/src/Testings.Integration.Mocked/bin/Release/net8.0/Kiwibank.Payments.PaymentsOrchestrator.Testings.Integration.Mocked.dll" adapterTypeName="executor://mstestadapter/v2" className="Kiwibank.Payments.PaymentsOrchestrator.Testings.Integration.Mocked.TestFeatures.POrchAPITransferTMVUltracsFeature" name="POrchAPI_TMVToUltracs_Negative_MiddleWare_Response_409_OtherErrors" />
    </UnitTest>
    <UnitTest name="POrchAPI_Negative_FraudCheck_Response_Insufficient_Middleware_409 (Unknown,409,)" storage="/codebuild/output/src2564200978/src/kiwibank-kb-cap-c17b067d0899fd8eab76e994fac32f86b40b021f/services/payments-orchestrator/src/testings.integration.mocked/bin/release/net8.0/kiwibank.payments.paymentsorchestrator.testings.integration.mocked.dll" id="1aaafd23-625c-e340-226c-f8478ccc875e">
      <TestCategory>
        <TestCategoryItem TestCategory="POrchAPI" />
        <TestCategoryItem TestCategory="NegativeTest" />
        <TestCategoryItem TestCategory="Process:L4ProcessPayment" />
        <TestCategoryItem TestCategory="Outcome:L4ProcessPayment.UltracsUltracsTransfer" />
      </TestCategory>
      <Execution id="c3552f51-dacd-42b1-a26e-5b645b11c35c" />
      <TestMethod codeBase="/codebuild/output/src2564200978/src/Kiwibank-kb-cap-c17b067d0899fd8eab76e994fac32f86b40b021f/services/payments-orchestrator/src/Testings.Integration.Mocked/bin/Release/net8.0/Kiwibank.Payments.PaymentsOrchestrator.Testings.Integration.Mocked.dll" adapterTypeName="executor://mstestadapter/v2" className="Kiwibank.Payments.PaymentsOrchestrator.Testings.Integration.Mocked.TestFeatures.POrchAPIFeature" name="POrchAPI_Negative_FraudCheck_Response_Insufficient_Middleware_409" />
    </UnitTest>
    <UnitTest name="POrchAPI_TMVToUltracs_Valid_Debtor_Reference_Return_Success (()+$*!;-/?:,201,)" storage="/codebuild/output/src2564200978/src/kiwibank-kb-cap-c17b067d0899fd8eab76e994fac32f86b40b021f/services/payments-orchestrator/src/testings.integration.mocked/bin/release/net8.0/kiwibank.payments.paymentsorchestrator.testings.integration.mocked.dll" id="42f258d2-a624-e968-e234-9baaece024e5">
      <TestCategory>
        <TestCategoryItem TestCategory="POrchAPI" />
        <TestCategoryItem TestCategory="PositiveTest" />
        <TestCategoryItem TestCategory="Outcome:L4ProcessPayment.TmvUltracsTransfer" />
        <TestCategoryItem TestCategory="Process:L4ProcessPayment" />
        <TestCategoryItem TestCategory="EDB-MPS-IPC-REQ.02" />
      </TestCategory>
      <Execution id="97784e29-98f6-41f7-a77f-3ae0c808fd7b" />
      <TestMethod codeBase="/codebuild/output/src2564200978/src/Kiwibank-kb-cap-c17b067d0899fd8eab76e994fac32f86b40b021f/services/payments-orchestrator/src/Testings.Integration.Mocked/bin/Release/net8.0/Kiwibank.Payments.PaymentsOrchestrator.Testings.Integration.Mocked.dll" adapterTypeName="executor://mstestadapter/v2" className="Kiwibank.Payments.PaymentsOrchestrator.Testings.Integration.Mocked.TestFeatures.POrchAPITransferTMVUltracsFeature" name="POrchAPI_TMVToUltracs_Valid_Debtor_Reference_Return_Success" />
    </UnitTest>
    <UnitTest name="POrchAPI_Valid_Creditor_Particulars_Return_Success (()+$*!;-/?:,201,)" storage="/codebuild/output/src2564200978/src/kiwibank-kb-cap-c17b067d0899fd8eab76e994fac32f86b40b021f/services/payments-orchestrator/src/testings.integration.mocked/bin/release/net8.0/kiwibank.payments.paymentsorchestrator.testings.integration.mocked.dll" id="af19f751-b680-6600-9f8b-34f9762fb7cf">
      <TestCategory>
        <TestCategoryItem TestCategory="POrchAPI" />
        <TestCategoryItem TestCategory="Process:L4ProcessPayment" />
        <TestCategoryItem TestCategory="Outcome:L4ProcessPayment.UltracsUltracsTransfer" />
      </TestCategory>
      <Execution id="0f276dd7-6bef-4c9f-8c9f-899133e8c4a2" />
      <TestMethod codeBase="/codebuild/output/src2564200978/src/Kiwibank-kb-cap-c17b067d0899fd8eab76e994fac32f86b40b021f/services/payments-orchestrator/src/Testings.Integration.Mocked/bin/Release/net8.0/Kiwibank.Payments.PaymentsOrchestrator.Testings.Integration.Mocked.dll" adapterTypeName="executor://mstestadapter/v2" className="Kiwibank.Payments.PaymentsOrchestrator.Testings.Integration.Mocked.TestFeatures.POrchAPIFeature" name="POrchAPI_Valid_Creditor_Particulars_Return_Success" />
    </UnitTest>
    <UnitTest name="POrchAPI_TMVToUltracs_Valid_Debtor_Particulars_Return_Success (=@#_%,.,201,)" storage="/codebuild/output/src2564200978/src/kiwibank-kb-cap-c17b067d0899fd8eab76e994fac32f86b40b021f/services/payments-orchestrator/src/testings.integration.mocked/bin/release/net8.0/kiwibank.payments.paymentsorchestrator.testings.integration.mocked.dll" id="b8ce9f29-cdc4-e1d3-26c0-ac7a8c66e827">
      <TestCategory>
        <TestCategoryItem TestCategory="POrchAPI" />
        <TestCategoryItem TestCategory="PositiveTest" />
        <TestCategoryItem TestCategory="Outcome:L4ProcessPayment.TmvUltracsTransfer" />
        <TestCategoryItem TestCategory="Process:L4ProcessPayment" />
        <TestCategoryItem TestCategory="EDB-MPS-IPC-REQ.02" />
      </TestCategory>
      <Execution id="935b6288-ab2b-477a-a881-468291b7f825" />
      <TestMethod codeBase="/codebuild/output/src2564200978/src/Kiwibank-kb-cap-c17b067d0899fd8eab76e994fac32f86b40b021f/services/payments-orchestrator/src/Testings.Integration.Mocked/bin/Release/net8.0/Kiwibank.Payments.PaymentsOrchestrator.Testings.Integration.Mocked.dll" adapterTypeName="executor://mstestadapter/v2" className="Kiwibank.Payments.PaymentsOrchestrator.Testings.Integration.Mocked.TestFeatures.POrchAPITransferTMVUltracsFeature" name="POrchAPI_TMVToUltracs_Valid_Debtor_Particulars_Return_Success" />
    </UnitTest>
    <UnitTest name="POrchAPI_Transfer_Invalid_Debit_Account_Return_Error (38231234562856345,400,)" storage="/codebuild/output/src2564200978/src/kiwibank-kb-cap-c17b067d0899fd8eab76e994fac32f86b40b021f/services/payments-orchestrator/src/testings.integration.mocked/bin/release/net8.0/kiwibank.payments.paymentsorchestrator.testings.integration.mocked.dll" id="e6d1c36d-6dd6-74e8-a2bb-c4429896bd7c">
      <TestCategory>
        <TestCategoryItem TestCategory="POrchAPI" />
        <TestCategoryItem TestCategory="NegativeTest" />
        <TestCategoryItem TestCategory="Process:L4ProcessPayment" />
        <TestCategoryItem TestCategory="Outcome:L4ProcessPayment.UltracsUltracs" />
      </TestCategory>
      <Execution id="e134d248-d066-42aa-844a-27fd744d869d" />
      <TestMethod codeBase="/codebuild/output/src2564200978/src/Kiwibank-kb-cap-c17b067d0899fd8eab76e994fac32f86b40b021f/services/payments-orchestrator/src/Testings.Integration.Mocked/bin/Release/net8.0/Kiwibank.Payments.PaymentsOrchestrator.Testings.Integration.Mocked.dll" adapterTypeName="executor://mstestadapter/v2" className="Kiwibank.Payments.PaymentsOrchestrator.Testings.Integration.Mocked.TestFeatures.POrchTransferFieldValidationFeature" name="POrchAPI_Transfer_Invalid_Debit_Account_Return_Error" />
    </UnitTest>
    <UnitTest name="POrchAPI_Invalid_Payee_Code_Return_Error (abcdefghijklmnsey,400,)" storage="/codebuild/output/src2564200978/src/kiwibank-kb-cap-c17b067d0899fd8eab76e994fac32f86b40b021f/services/payments-orchestrator/src/testings.integration.mocked/bin/release/net8.0/kiwibank.payments.paymentsorchestrator.testings.integration.mocked.dll" id="c53f27fb-3d3b-a509-2c4d-ee99c63b8770">
      <TestCategory>
        <TestCategoryItem TestCategory="POrchAPI" />
        <TestCategoryItem TestCategory="NegativeTest" />
        <TestCategoryItem TestCategory="Process:L4ProcessPayment" />
        <TestCategoryItem TestCategory="Outcome:L4ProcessPayment.UltracsUltracsTransfer" />
      </TestCategory>
      <Execution id="aaf81f8d-cc5a-436c-baec-70317973dd80" />
      <TestMethod codeBase="/codebuild/output/src2564200978/src/Kiwibank-kb-cap-c17b067d0899fd8eab76e994fac32f86b40b021f/services/payments-orchestrator/src/Testings.Integration.Mocked/bin/Release/net8.0/Kiwibank.Payments.PaymentsOrchestrator.Testings.Integration.Mocked.dll" adapterTypeName="executor://mstestadapter/v2" className="Kiwibank.Payments.PaymentsOrchestrator.Testings.Integration.Mocked.TestFeatures.POrchAPIFieldValidationFeature" name="POrchAPI_Invalid_Payee_Code_Return_Error" />
    </UnitTest>
    <UnitTest name="POrchAPI_PAS_Retries (504,,)" storage="/codebuild/output/src2564200978/src/kiwibank-kb-cap-c17b067d0899fd8eab76e994fac32f86b40b021f/services/payments-orchestrator/src/testings.integration.mocked/bin/release/net8.0/kiwibank.payments.paymentsorchestrator.testings.integration.mocked.dll" id="a0157183-2b9e-596f-c60a-e365112807dc">
      <TestCategory>
        <TestCategoryItem TestCategory="requestTest" />
        <TestCategoryItem TestCategory="Process:L4ProcessPayment" />
        <TestCategoryItem TestCategory="scenarioTest" />
        <TestCategoryItem TestCategory="Outcome:L4ProcessPayment.UltracsUltracsTransfer" />
      </TestCategory>
      <Execution id="70e940a3-e6a9-43d2-a4f0-ca36fc96622f" />
      <TestMethod codeBase="/codebuild/output/src2564200978/src/Kiwibank-kb-cap-c17b067d0899fd8eab76e994fac32f86b40b021f/services/payments-orchestrator/src/Testings.Integration.Mocked/bin/Release/net8.0/Kiwibank.Payments.PaymentsOrchestrator.Testings.Integration.Mocked.dll" adapterTypeName="executor://mstestadapter/v2" className="Kiwibank.Payments.PaymentsOrchestrator.Testings.Integration.Mocked.TestFeatures.POrchDownstreamServicesRetryAppropriatelyFeature" name="POrchAPI_PAS_Retries" />
    </UnitTest>
    <UnitTest name="POrchNRT_UnknownError_Response_From_POrch_Unsuccessful_From_NRT (PaymentNrtForbidden,,)" storage="/codebuild/output/src2564200978/src/kiwibank-kb-cap-c17b067d0899fd8eab76e994fac32f86b40b021f/services/payments-orchestrator/src/testings.integration.mocked/bin/release/net8.0/kiwibank.payments.paymentsorchestrator.testings.integration.mocked.dll" id="99c8a6bf-0fcb-9ae5-1df7-fe0771c61c89">
      <TestCategory>
        <TestCategoryItem TestCategory="negative" />
        <TestCategoryItem TestCategory="Process:L4ProcessPayment" />
        <TestCategoryItem TestCategory="POrchNRT" />
        <TestCategoryItem TestCategory="Outcome:L4ProcessPayment.UltracsUltracsTransfer" />
      </TestCategory>
      <Execution id="f3e60dcb-8db8-4012-8cdc-4439b75c7071" />
      <TestMethod codeBase="/codebuild/output/src2564200978/src/Kiwibank-kb-cap-c17b067d0899fd8eab76e994fac32f86b40b021f/services/payments-orchestrator/src/Testings.Integration.Mocked/bin/Release/net8.0/Kiwibank.Payments.PaymentsOrchestrator.Testings.Integration.Mocked.dll" adapterTypeName="executor://mstestadapter/v2" className="Kiwibank.Payments.PaymentsOrchestrator.Testings.Integration.Mocked.TestFeatures.POrchNRTFeature" name="POrchNRT_UnknownError_Response_From_POrch_Unsuccessful_From_NRT" />
    </UnitTest>
    <UnitTest name="POrchAPI_Negative_MiddleWare_Response_409 (FrozenError,409,)" storage="/codebuild/output/src2564200978/src/kiwibank-kb-cap-c17b067d0899fd8eab76e994fac32f86b40b021f/services/payments-orchestrator/src/testings.integration.mocked/bin/release/net8.0/kiwibank.payments.paymentsorchestrator.testings.integration.mocked.dll" id="ffc04f98-ebde-4d4a-8364-6dbb9f652689">
      <TestCategory>
        <TestCategoryItem TestCategory="POrchAPI" />
        <TestCategoryItem TestCategory="NegativeTest" />
        <TestCategoryItem TestCategory="Process:L4ProcessPayment" />
        <TestCategoryItem TestCategory="Outcome:L4ProcessPayment.UltracsUltracsTransfer" />
      </TestCategory>
      <Execution id="1a95ab00-06a0-42ed-a4c8-041f0dc122f9" />
      <TestMethod codeBase="/codebuild/output/src2564200978/src/Kiwibank-kb-cap-c17b067d0899fd8eab76e994fac32f86b40b021f/services/payments-orchestrator/src/Testings.Integration.Mocked/bin/Release/net8.0/Kiwibank.Payments.PaymentsOrchestrator.Testings.Integration.Mocked.dll" adapterTypeName="executor://mstestadapter/v2" className="Kiwibank.Payments.PaymentsOrchestrator.Testings.Integration.Mocked.TestFeatures.POrchAPIFeature" name="POrchAPI_Negative_MiddleWare_Response_409" />
    </UnitTest>
    <UnitTest name="POrchAPI_Invalid_PAS_Response_Doesnt_Affect_POrch_Result (400,,)" storage="/codebuild/output/src2564200978/src/kiwibank-kb-cap-c17b067d0899fd8eab76e994fac32f86b40b021f/services/payments-orchestrator/src/testings.integration.mocked/bin/release/net8.0/kiwibank.payments.paymentsorchestrator.testings.integration.mocked.dll" id="1012c324-8161-0942-c41e-efe0e24c3068">
      <TestCategory>
        <TestCategoryItem TestCategory="POrchAPI" />
        <TestCategoryItem TestCategory="Process:L4ProcessPayment" />
        <TestCategoryItem TestCategory="Outcome:L4ProcessPayment.UltracsUltracsTransfer" />
      </TestCategory>
      <Execution id="f29bf0d9-bb83-4460-9193-c643356ef03d" />
      <TestMethod codeBase="/codebuild/output/src2564200978/src/Kiwibank-kb-cap-c17b067d0899fd8eab76e994fac32f86b40b021f/services/payments-orchestrator/src/Testings.Integration.Mocked/bin/Release/net8.0/Kiwibank.Payments.PaymentsOrchestrator.Testings.Integration.Mocked.dll" adapterTypeName="executor://mstestadapter/v2" className="Kiwibank.Payments.PaymentsOrchestrator.Testings.Integration.Mocked.TestFeatures.POrchAPIFeature" name="POrchAPI_Invalid_PAS_Response_Doesnt_Affect_POrch_Result" />
    </UnitTest>
    <UnitTest name="POrchAPI_Other_Fraud_Responses_Do_Not_Retry (Refer,409,)" storage="/codebuild/output/src2564200978/src/kiwibank-kb-cap-c17b067d0899fd8eab76e994fac32f86b40b021f/services/payments-orchestrator/src/testings.integration.mocked/bin/release/net8.0/kiwibank.payments.paymentsorchestrator.testings.integration.mocked.dll" id="0f49765d-7714-2e01-cacb-5bcb003533f7">
      <TestCategory>
        <TestCategoryItem TestCategory="Process:L4ProcessPayment" />
        <TestCategoryItem TestCategory="scenarioTest" />
        <TestCategoryItem TestCategory="Outcome:L4ProcessPayment.UltracsUltracsTransfer" />
      </TestCategory>
      <Execution id="e766d23e-6e05-47d9-87b3-357f62a5ab9e" />
      <TestMethod codeBase="/codebuild/output/src2564200978/src/Kiwibank-kb-cap-c17b067d0899fd8eab76e994fac32f86b40b021f/services/payments-orchestrator/src/Testings.Integration.Mocked/bin/Release/net8.0/Kiwibank.Payments.PaymentsOrchestrator.Testings.Integration.Mocked.dll" adapterTypeName="executor://mstestadapter/v2" className="Kiwibank.Payments.PaymentsOrchestrator.Testings.Integration.Mocked.TestFeatures.POrchDownstreamServicesRetryAppropriatelyFeature" name="POrchAPI_Other_Fraud_Responses_Do_Not_Retry" />
    </UnitTest>
    <UnitTest name="POrchNRT_Unsuccessful_Response_From_NRT (PaymentNrtForbidden,,)" storage="/codebuild/output/src2564200978/src/kiwibank-kb-cap-c17b067d0899fd8eab76e994fac32f86b40b021f/services/payments-orchestrator/src/testings.integration.mocked/bin/release/net8.0/kiwibank.payments.paymentsorchestrator.testings.integration.mocked.dll" id="bd1a2810-75db-7add-94a1-1261e7ac4845">
      <TestCategory>
        <TestCategoryItem TestCategory="negative" />
        <TestCategoryItem TestCategory="Process:L4ProcessPayment" />
        <TestCategoryItem TestCategory="POrchNRT" />
        <TestCategoryItem TestCategory="Outcome:L4ProcessPayment.UltracsUltracsTransfer" />
      </TestCategory>
      <Execution id="b2f02570-5ce8-46aa-af10-ef554d181350" />
      <TestMethod codeBase="/codebuild/output/src2564200978/src/Kiwibank-kb-cap-c17b067d0899fd8eab76e994fac32f86b40b021f/services/payments-orchestrator/src/Testings.Integration.Mocked/bin/Release/net8.0/Kiwibank.Payments.PaymentsOrchestrator.Testings.Integration.Mocked.dll" adapterTypeName="executor://mstestadapter/v2" className="Kiwibank.Payments.PaymentsOrchestrator.Testings.Integration.Mocked.TestFeatures.POrchNRTFeature" name="POrchNRT_Unsuccessful_Response_From_NRT" />
    </UnitTest>
    <UnitTest name="POrchAPI_TMVToUltracs_Negative_MiddleWare_Response_409_OtherErrors (WithdrawalNotPermittedError,409,)" storage="/codebuild/output/src2564200978/src/kiwibank-kb-cap-c17b067d0899fd8eab76e994fac32f86b40b021f/services/payments-orchestrator/src/testings.integration.mocked/bin/release/net8.0/kiwibank.payments.paymentsorchestrator.testings.integration.mocked.dll" id="2e747181-a559-95b7-a3ff-f517b34504e5">
      <TestCategory>
        <TestCategoryItem TestCategory="NegativeTest" />
        <TestCategoryItem TestCategory="Outcome:L4ProcessPayment.TmvUltracsTransfer" />
        <TestCategoryItem TestCategory="Process:L4ProcessPayment" />
      </TestCategory>
      <Execution id="c0f63d4e-5e0b-41d8-9f5a-848e3b902588" />
      <TestMethod codeBase="/codebuild/output/src2564200978/src/Kiwibank-kb-cap-c17b067d0899fd8eab76e994fac32f86b40b021f/services/payments-orchestrator/src/Testings.Integration.Mocked/bin/Release/net8.0/Kiwibank.Payments.PaymentsOrchestrator.Testings.Integration.Mocked.dll" adapterTypeName="executor://mstestadapter/v2" className="Kiwibank.Payments.PaymentsOrchestrator.Testings.Integration.Mocked.TestFeatures.POrchAPITransferTMVUltracsFeature" name="POrchAPI_TMVToUltracs_Negative_MiddleWare_Response_409_OtherErrors" />
    </UnitTest>
    <UnitTest name="POrchAPI_TMVToUltracs_Negative_MiddleWare_Response_409_OtherErrors (FrozenError,409,)" storage="/codebuild/output/src2564200978/src/kiwibank-kb-cap-c17b067d0899fd8eab76e994fac32f86b40b021f/services/payments-orchestrator/src/testings.integration.mocked/bin/release/net8.0/kiwibank.payments.paymentsorchestrator.testings.integration.mocked.dll" id="34484d7f-dbd0-1c67-e279-552a6dfdfeba">
      <TestCategory>
        <TestCategoryItem TestCategory="NegativeTest" />
        <TestCategoryItem TestCategory="Outcome:L4ProcessPayment.TmvUltracsTransfer" />
        <TestCategoryItem TestCategory="Process:L4ProcessPayment" />
      </TestCategory>
      <Execution id="740c7740-4ca0-429e-aa2f-a847244d798b" />
      <TestMethod codeBase="/codebuild/output/src2564200978/src/Kiwibank-kb-cap-c17b067d0899fd8eab76e994fac32f86b40b021f/services/payments-orchestrator/src/Testings.Integration.Mocked/bin/Release/net8.0/Kiwibank.Payments.PaymentsOrchestrator.Testings.Integration.Mocked.dll" adapterTypeName="executor://mstestadapter/v2" className="Kiwibank.Payments.PaymentsOrchestrator.Testings.Integration.Mocked.TestFeatures.POrchAPITransferTMVUltracsFeature" name="POrchAPI_TMVToUltracs_Negative_MiddleWare_Response_409_OtherErrors" />
    </UnitTest>
    <UnitTest name="POrchAPI_Invalid_Debtor_Reference_Return_Error (abcdefghijklmnsey,400,)" storage="/codebuild/output/src2564200978/src/kiwibank-kb-cap-c17b067d0899fd8eab76e994fac32f86b40b021f/services/payments-orchestrator/src/testings.integration.mocked/bin/release/net8.0/kiwibank.payments.paymentsorchestrator.testings.integration.mocked.dll" id="1eba9d5f-108c-2454-5cfd-d38f970f6020">
      <TestCategory>
        <TestCategoryItem TestCategory="POrchAPI" />
        <TestCategoryItem TestCategory="NegativeTest" />
        <TestCategoryItem TestCategory="Process:L4ProcessPayment" />
        <TestCategoryItem TestCategory="Outcome:L4ProcessPayment.UltracsUltracsTransfer" />
      </TestCategory>
      <Execution id="b54b40bf-5731-43ac-8ed7-7fd8a90d17ed" />
      <TestMethod codeBase="/codebuild/output/src2564200978/src/Kiwibank-kb-cap-c17b067d0899fd8eab76e994fac32f86b40b021f/services/payments-orchestrator/src/Testings.Integration.Mocked/bin/Release/net8.0/Kiwibank.Payments.PaymentsOrchestrator.Testings.Integration.Mocked.dll" adapterTypeName="executor://mstestadapter/v2" className="Kiwibank.Payments.PaymentsOrchestrator.Testings.Integration.Mocked.TestFeatures.POrchAPIFieldValidationFeature" name="POrchAPI_Invalid_Debtor_Reference_Return_Error" />
    </UnitTest>
    <UnitTest name="POrchAPI_Negative_MiddleWare_Response_409 (InvalidBankBranchNumberError,409,)" storage="/codebuild/output/src2564200978/src/kiwibank-kb-cap-c17b067d0899fd8eab76e994fac32f86b40b021f/services/payments-orchestrator/src/testings.integration.mocked/bin/release/net8.0/kiwibank.payments.paymentsorchestrator.testings.integration.mocked.dll" id="e0888376-299a-3fad-9735-42c534ccca04">
      <TestCategory>
        <TestCategoryItem TestCategory="POrchAPI" />
        <TestCategoryItem TestCategory="NegativeTest" />
        <TestCategoryItem TestCategory="Process:L4ProcessPayment" />
        <TestCategoryItem TestCategory="Outcome:L4ProcessPayment.UltracsUltracsTransfer" />
      </TestCategory>
      <Execution id="024b4b3a-6a54-4df2-8337-fa803643ae6a" />
      <TestMethod codeBase="/codebuild/output/src2564200978/src/Kiwibank-kb-cap-c17b067d0899fd8eab76e994fac32f86b40b021f/services/payments-orchestrator/src/Testings.Integration.Mocked/bin/Release/net8.0/Kiwibank.Payments.PaymentsOrchestrator.Testings.Integration.Mocked.dll" adapterTypeName="executor://mstestadapter/v2" className="Kiwibank.Payments.PaymentsOrchestrator.Testings.Integration.Mocked.TestFeatures.POrchAPIFeature" name="POrchAPI_Negative_MiddleWare_Response_409" />
    </UnitTest>
    <UnitTest name="POrchAPI_Negative_FraudCheck_Response_Insufficient_Middleware_409 (Hold,409,)" storage="/codebuild/output/src2564200978/src/kiwibank-kb-cap-c17b067d0899fd8eab76e994fac32f86b40b021f/services/payments-orchestrator/src/testings.integration.mocked/bin/release/net8.0/kiwibank.payments.paymentsorchestrator.testings.integration.mocked.dll" id="adf1aabf-ee1c-1eb6-cb0b-7dfcdb73cc2e">
      <TestCategory>
        <TestCategoryItem TestCategory="POrchAPI" />
        <TestCategoryItem TestCategory="NegativeTest" />
        <TestCategoryItem TestCategory="Process:L4ProcessPayment" />
        <TestCategoryItem TestCategory="Outcome:L4ProcessPayment.UltracsUltracsTransfer" />
      </TestCategory>
      <Execution id="f3190d77-0c81-4f3d-a1e7-e80b306fb118" />
      <TestMethod codeBase="/codebuild/output/src2564200978/src/Kiwibank-kb-cap-c17b067d0899fd8eab76e994fac32f86b40b021f/services/payments-orchestrator/src/Testings.Integration.Mocked/bin/Release/net8.0/Kiwibank.Payments.PaymentsOrchestrator.Testings.Integration.Mocked.dll" adapterTypeName="executor://mstestadapter/v2" className="Kiwibank.Payments.PaymentsOrchestrator.Testings.Integration.Mocked.TestFeatures.POrchAPIFeature" name="POrchAPI_Negative_FraudCheck_Response_Insufficient_Middleware_409" />
    </UnitTest>
    <UnitTest name="POrchAPI_PAS_Retries (500,,)" storage="/codebuild/output/src2564200978/src/kiwibank-kb-cap-c17b067d0899fd8eab76e994fac32f86b40b021f/services/payments-orchestrator/src/testings.integration.mocked/bin/release/net8.0/kiwibank.payments.paymentsorchestrator.testings.integration.mocked.dll" id="7e4ff303-6afd-4499-de8d-cb38653a6f34">
      <TestCategory>
        <TestCategoryItem TestCategory="requestTest" />
        <TestCategoryItem TestCategory="Process:L4ProcessPayment" />
        <TestCategoryItem TestCategory="scenarioTest" />
        <TestCategoryItem TestCategory="Outcome:L4ProcessPayment.UltracsUltracsTransfer" />
      </TestCategory>
      <Execution id="abfa8637-0286-4d35-9f82-6ca8c2825e35" />
      <TestMethod codeBase="/codebuild/output/src2564200978/src/Kiwibank-kb-cap-c17b067d0899fd8eab76e994fac32f86b40b021f/services/payments-orchestrator/src/Testings.Integration.Mocked/bin/Release/net8.0/Kiwibank.Payments.PaymentsOrchestrator.Testings.Integration.Mocked.dll" adapterTypeName="executor://mstestadapter/v2" className="Kiwibank.Payments.PaymentsOrchestrator.Testings.Integration.Mocked.TestFeatures.POrchDownstreamServicesRetryAppropriatelyFeature" name="POrchAPI_PAS_Retries" />
    </UnitTest>
    <UnitTest name="POrchAPI_TMVTMV_Transfer_Send_Transfer_Reference_Return_Error (TRANSFER TO MR Test - 00,400,)" storage="/codebuild/output/src2564200978/src/kiwibank-kb-cap-c17b067d0899fd8eab76e994fac32f86b40b021f/services/payments-orchestrator/src/testings.integration.mocked/bin/release/net8.0/kiwibank.payments.paymentsorchestrator.testings.integration.mocked.dll" id="9906dcd0-ae4b-525a-9295-634f86d82a75">
      <TestCategory>
        <TestCategoryItem TestCategory="POrchAPI" />
        <TestCategoryItem TestCategory="NegativeTest" />
        <TestCategoryItem TestCategory="Process:L4ProcessPayment" />
        <TestCategoryItem TestCategory="Outcome:L4ProcessPayment.UltracsUltracs" />
      </TestCategory>
      <Execution id="dacda12f-9e41-41b8-b2a0-899d59c44b32" />
      <TestMethod codeBase="/codebuild/output/src2564200978/src/Kiwibank-kb-cap-c17b067d0899fd8eab76e994fac32f86b40b021f/services/payments-orchestrator/src/Testings.Integration.Mocked/bin/Release/net8.0/Kiwibank.Payments.PaymentsOrchestrator.Testings.Integration.Mocked.dll" adapterTypeName="executor://mstestadapter/v2" className="Kiwibank.Payments.PaymentsOrchestrator.Testings.Integration.Mocked.TestFeatures.POrchTransferFieldValidationFeature" name="POrchAPI_TMVTMV_Transfer_Send_Transfer_Reference_Return_Error" />
    </UnitTest>
    <UnitTest name="POrchAPI_TMVToUltracs_Negative_MiddleWare_Response_409 (UnknownError,500,)" storage="/codebuild/output/src2564200978/src/kiwibank-kb-cap-c17b067d0899fd8eab76e994fac32f86b40b021f/services/payments-orchestrator/src/testings.integration.mocked/bin/release/net8.0/kiwibank.payments.paymentsorchestrator.testings.integration.mocked.dll" id="14113774-8076-c027-eb5f-ce9b50496561">
      <TestCategory>
        <TestCategoryItem TestCategory="POrchAPI" />
        <TestCategoryItem TestCategory="EDB-MPS-IPC-REQ.04" />
        <TestCategoryItem TestCategory="NegativeTest" />
        <TestCategoryItem TestCategory="Outcome:L4ProcessPayment.TmvUltracsTransfer" />
        <TestCategoryItem TestCategory="Process:L4ProcessPayment" />
      </TestCategory>
      <Execution id="c8149524-08d7-447a-b46e-4ddf12eaa151" />
      <TestMethod codeBase="/codebuild/output/src2564200978/src/Kiwibank-kb-cap-c17b067d0899fd8eab76e994fac32f86b40b021f/services/payments-orchestrator/src/Testings.Integration.Mocked/bin/Release/net8.0/Kiwibank.Payments.PaymentsOrchestrator.Testings.Integration.Mocked.dll" adapterTypeName="executor://mstestadapter/v2" className="Kiwibank.Payments.PaymentsOrchestrator.Testings.Integration.Mocked.TestFeatures.POrchAPITransferTMVUltracsFeature" name="POrchAPI_TMVToUltracs_Negative_MiddleWare_Response_409" />
    </UnitTest>
    <UnitTest name="POrchAPI_Transfer_Invalid_Debtor_Reference_Return_Error (abcdefghijklmnsey,400,)" storage="/codebuild/output/src2564200978/src/kiwibank-kb-cap-c17b067d0899fd8eab76e994fac32f86b40b021f/services/payments-orchestrator/src/testings.integration.mocked/bin/release/net8.0/kiwibank.payments.paymentsorchestrator.testings.integration.mocked.dll" id="5255dc6d-608f-75ea-b670-2bf8b7b45263">
      <TestCategory>
        <TestCategoryItem TestCategory="POrchAPI" />
        <TestCategoryItem TestCategory="NegativeTest" />
        <TestCategoryItem TestCategory="Process:L4ProcessPayment" />
        <TestCategoryItem TestCategory="Outcome:L4ProcessPayment.UltracsUltracs" />
      </TestCategory>
      <Execution id="29149a64-6587-445d-900d-bf440090211d" />
      <TestMethod codeBase="/codebuild/output/src2564200978/src/Kiwibank-kb-cap-c17b067d0899fd8eab76e994fac32f86b40b021f/services/payments-orchestrator/src/Testings.Integration.Mocked/bin/Release/net8.0/Kiwibank.Payments.PaymentsOrchestrator.Testings.Integration.Mocked.dll" adapterTypeName="executor://mstestadapter/v2" className="Kiwibank.Payments.PaymentsOrchestrator.Testings.Integration.Mocked.TestFeatures.POrchTransferFieldValidationFeature" name="POrchAPI_Transfer_Invalid_Debtor_Reference_Return_Error" />
    </UnitTest>
    <UnitTest name="POrchAPI_TMVToUltracs_Valid_Creditor_Reference_Return_Success (()+$*!;-/?:,201,)" storage="/codebuild/output/src2564200978/src/kiwibank-kb-cap-c17b067d0899fd8eab76e994fac32f86b40b021f/services/payments-orchestrator/src/testings.integration.mocked/bin/release/net8.0/kiwibank.payments.paymentsorchestrator.testings.integration.mocked.dll" id="def15d37-a46e-6d35-8494-fbad53c206f8">
      <TestCategory>
        <TestCategoryItem TestCategory="POrchAPI" />
        <TestCategoryItem TestCategory="PositiveTest" />
        <TestCategoryItem TestCategory="Outcome:L4ProcessPayment.TmvUltracsTransfer" />
        <TestCategoryItem TestCategory="Process:L4ProcessPayment" />
        <TestCategoryItem TestCategory="EDB-MPS-IPC-REQ.02" />
      </TestCategory>
      <Execution id="bb178b99-41fa-4a56-96d1-993dc545076f" />
      <TestMethod codeBase="/codebuild/output/src2564200978/src/Kiwibank-kb-cap-c17b067d0899fd8eab76e994fac32f86b40b021f/services/payments-orchestrator/src/Testings.Integration.Mocked/bin/Release/net8.0/Kiwibank.Payments.PaymentsOrchestrator.Testings.Integration.Mocked.dll" adapterTypeName="executor://mstestadapter/v2" className="Kiwibank.Payments.PaymentsOrchestrator.Testings.Integration.Mocked.TestFeatures.POrchAPITransferTMVUltracsFeature" name="POrchAPI_TMVToUltracs_Valid_Creditor_Reference_Return_Success" />
    </UnitTest>
    <UnitTest name="POrchAPI_To_KBAccount_Successful" storage="/codebuild/output/src2564200978/src/kiwibank-kb-cap-c17b067d0899fd8eab76e994fac32f86b40b021f/services/payments-orchestrator/src/testings.integration.mocked/bin/release/net8.0/kiwibank.payments.paymentsorchestrator.testings.integration.mocked.dll" id="a26ec6f8-6dd9-5136-a9d6-39566670d840">
      <TestCategory>
        <TestCategoryItem TestCategory="POrchAPI" />
        <TestCategoryItem TestCategory="Process:L4ProcessPayment" />
        <TestCategoryItem TestCategory="Outcome:L4ProcessPayment.UltracsUltracsTransfer" />
      </TestCategory>
      <Execution id="88e8a46d-2629-4fb9-a523-ec941003b4b5" />
      <TestMethod codeBase="/codebuild/output/src2564200978/src/Kiwibank-kb-cap-c17b067d0899fd8eab76e994fac32f86b40b021f/services/payments-orchestrator/src/Testings.Integration.Mocked/bin/Release/net8.0/Kiwibank.Payments.PaymentsOrchestrator.Testings.Integration.Mocked.dll" adapterTypeName="executor://mstestadapter/v2" className="Kiwibank.Payments.PaymentsOrchestrator.Testings.Integration.Mocked.TestFeatures.POrchAPIFeature" name="POrchAPI_To_KBAccount_Successful" />
    </UnitTest>
    <UnitTest name="POrchAPI_Invalid_Credit_Account_Return_Error (abcdefghijklmnse,400,)" storage="/codebuild/output/src2564200978/src/kiwibank-kb-cap-c17b067d0899fd8eab76e994fac32f86b40b021f/services/payments-orchestrator/src/testings.integration.mocked/bin/release/net8.0/kiwibank.payments.paymentsorchestrator.testings.integration.mocked.dll" id="87cd87e7-f8b3-8fec-86a5-3e9d93a6a9b4">
      <TestCategory>
        <TestCategoryItem TestCategory="POrchAPI" />
        <TestCategoryItem TestCategory="NegativeTest" />
        <TestCategoryItem TestCategory="Process:L4ProcessPayment" />
        <TestCategoryItem TestCategory="Outcome:L4ProcessPayment.UltracsUltracsTransfer" />
      </TestCategory>
      <Execution id="2ac910b0-7e10-4c03-809b-2d4cbcae88f3" />
      <TestMethod codeBase="/codebuild/output/src2564200978/src/Kiwibank-kb-cap-c17b067d0899fd8eab76e994fac32f86b40b021f/services/payments-orchestrator/src/Testings.Integration.Mocked/bin/Release/net8.0/Kiwibank.Payments.PaymentsOrchestrator.Testings.Integration.Mocked.dll" adapterTypeName="executor://mstestadapter/v2" className="Kiwibank.Payments.PaymentsOrchestrator.Testings.Integration.Mocked.TestFeatures.POrchAPIFieldValidationFeature" name="POrchAPI_Invalid_Credit_Account_Return_Error" />
    </UnitTest>
    <UnitTest name="POrchAPI_Invalid_Debit_Account_Return_Error (1200000000000000,400,)" storage="/codebuild/output/src2564200978/src/kiwibank-kb-cap-c17b067d0899fd8eab76e994fac32f86b40b021f/services/payments-orchestrator/src/testings.integration.mocked/bin/release/net8.0/kiwibank.payments.paymentsorchestrator.testings.integration.mocked.dll" id="c67d40ef-7aa0-2b61-c77e-51a5c90cb5be">
      <TestCategory>
        <TestCategoryItem TestCategory="POrchAPI" />
        <TestCategoryItem TestCategory="NegativeTest" />
        <TestCategoryItem TestCategory="Process:L4ProcessPayment" />
        <TestCategoryItem TestCategory="Outcome:L4ProcessPayment.UltracsUltracsTransfer" />
      </TestCategory>
      <Execution id="3e905d76-fb8b-4917-90c8-d67dbb541196" />
      <TestMethod codeBase="/codebuild/output/src2564200978/src/Kiwibank-kb-cap-c17b067d0899fd8eab76e994fac32f86b40b021f/services/payments-orchestrator/src/Testings.Integration.Mocked/bin/Release/net8.0/Kiwibank.Payments.PaymentsOrchestrator.Testings.Integration.Mocked.dll" adapterTypeName="executor://mstestadapter/v2" className="Kiwibank.Payments.PaymentsOrchestrator.Testings.Integration.Mocked.TestFeatures.POrchAPIFieldValidationFeature" name="POrchAPI_Invalid_Debit_Account_Return_Error" />
    </UnitTest>
    <UnitTest name="POrchAPI_TMVToTMV_Valid_Creditor_Reference_Return_Success (()+$*!;-/?:,201,)" storage="/codebuild/output/src2564200978/src/kiwibank-kb-cap-c17b067d0899fd8eab76e994fac32f86b40b021f/services/payments-orchestrator/src/testings.integration.mocked/bin/release/net8.0/kiwibank.payments.paymentsorchestrator.testings.integration.mocked.dll" id="a923da62-0967-101d-20f5-b36319276a81">
      <TestCategory>
        <TestCategoryItem TestCategory="Outcome:L4ProcessPayment.TmvTmvTransfer" />
        <TestCategoryItem TestCategory="POrchAPI" />
        <TestCategoryItem TestCategory="PositiveTest" />
        <TestCategoryItem TestCategory="Process:L4ProcessPayment" />
        <TestCategoryItem TestCategory="EDB-MPS-IPC-REQ.01" />
      </TestCategory>
      <Execution id="9fd07c79-f8e5-490d-8d94-b0f799c82dd1" />
      <TestMethod codeBase="/codebuild/output/src2564200978/src/Kiwibank-kb-cap-c17b067d0899fd8eab76e994fac32f86b40b021f/services/payments-orchestrator/src/Testings.Integration.Mocked/bin/Release/net8.0/Kiwibank.Payments.PaymentsOrchestrator.Testings.Integration.Mocked.dll" adapterTypeName="executor://mstestadapter/v2" className="Kiwibank.Payments.PaymentsOrchestrator.Testings.Integration.Mocked.TestFeatures.POrchAPITransferTmvTmvFeature" name="POrchAPI_TMVToTMV_Valid_Creditor_Reference_Return_Success" />
    </UnitTest>
    <UnitTest name="POrchAPI_Transfer_Invalid_Currency_Return_Error (Random,400,)" storage="/codebuild/output/src2564200978/src/kiwibank-kb-cap-c17b067d0899fd8eab76e994fac32f86b40b021f/services/payments-orchestrator/src/testings.integration.mocked/bin/release/net8.0/kiwibank.payments.paymentsorchestrator.testings.integration.mocked.dll" id="44f7b27f-f1c3-703c-68cf-d37045e86af9">
      <TestCategory>
        <TestCategoryItem TestCategory="POrchAPI" />
        <TestCategoryItem TestCategory="NegativeTest" />
        <TestCategoryItem TestCategory="Process:L4ProcessPayment" />
        <TestCategoryItem TestCategory="Outcome:L4ProcessPayment.UltracsUltracs" />
      </TestCategory>
      <Execution id="113b2d7c-85b5-4469-9b6c-79c706b5dc3a" />
      <TestMethod codeBase="/codebuild/output/src2564200978/src/Kiwibank-kb-cap-c17b067d0899fd8eab76e994fac32f86b40b021f/services/payments-orchestrator/src/Testings.Integration.Mocked/bin/Release/net8.0/Kiwibank.Payments.PaymentsOrchestrator.Testings.Integration.Mocked.dll" adapterTypeName="executor://mstestadapter/v2" className="Kiwibank.Payments.PaymentsOrchestrator.Testings.Integration.Mocked.TestFeatures.POrchTransferFieldValidationFeature" name="POrchAPI_Transfer_Invalid_Currency_Return_Error" />
    </UnitTest>
    <UnitTest name="POrchAPI_Negative_FraudCheck_Response_Insufficient_Middleware_409 (Refer,409,)" storage="/codebuild/output/src2564200978/src/kiwibank-kb-cap-c17b067d0899fd8eab76e994fac32f86b40b021f/services/payments-orchestrator/src/testings.integration.mocked/bin/release/net8.0/kiwibank.payments.paymentsorchestrator.testings.integration.mocked.dll" id="3005acbb-bd0a-569e-1890-86c7b486cbc0">
      <TestCategory>
        <TestCategoryItem TestCategory="POrchAPI" />
        <TestCategoryItem TestCategory="NegativeTest" />
        <TestCategoryItem TestCategory="Process:L4ProcessPayment" />
        <TestCategoryItem TestCategory="Outcome:L4ProcessPayment.UltracsUltracsTransfer" />
      </TestCategory>
      <Execution id="dceb3f0b-cf0c-4424-b4d8-2e1954e655d9" />
      <TestMethod codeBase="/codebuild/output/src2564200978/src/Kiwibank-kb-cap-c17b067d0899fd8eab76e994fac32f86b40b021f/services/payments-orchestrator/src/Testings.Integration.Mocked/bin/Release/net8.0/Kiwibank.Payments.PaymentsOrchestrator.Testings.Integration.Mocked.dll" adapterTypeName="executor://mstestadapter/v2" className="Kiwibank.Payments.PaymentsOrchestrator.Testings.Integration.Mocked.TestFeatures.POrchAPIFeature" name="POrchAPI_Negative_FraudCheck_Response_Insufficient_Middleware_409" />
    </UnitTest>
    <UnitTest name="POrchAPI_Transfer_Invalid_Debit_Account_Return_Error (38123456789765,400,)" storage="/codebuild/output/src2564200978/src/kiwibank-kb-cap-c17b067d0899fd8eab76e994fac32f86b40b021f/services/payments-orchestrator/src/testings.integration.mocked/bin/release/net8.0/kiwibank.payments.paymentsorchestrator.testings.integration.mocked.dll" id="21e999d7-510e-1c4e-c52c-d104b54dd531">
      <TestCategory>
        <TestCategoryItem TestCategory="POrchAPI" />
        <TestCategoryItem TestCategory="NegativeTest" />
        <TestCategoryItem TestCategory="Process:L4ProcessPayment" />
        <TestCategoryItem TestCategory="Outcome:L4ProcessPayment.UltracsUltracs" />
      </TestCategory>
      <Execution id="6b73a1df-de12-4440-9961-14a71861cb66" />
      <TestMethod codeBase="/codebuild/output/src2564200978/src/Kiwibank-kb-cap-c17b067d0899fd8eab76e994fac32f86b40b021f/services/payments-orchestrator/src/Testings.Integration.Mocked/bin/Release/net8.0/Kiwibank.Payments.PaymentsOrchestrator.Testings.Integration.Mocked.dll" adapterTypeName="executor://mstestadapter/v2" className="Kiwibank.Payments.PaymentsOrchestrator.Testings.Integration.Mocked.TestFeatures.POrchTransferFieldValidationFeature" name="POrchAPI_Transfer_Invalid_Debit_Account_Return_Error" />
    </UnitTest>
    <UnitTest name="POrchAPI_Invalid_Currency_Return_Error (nzd,400,)" storage="/codebuild/output/src2564200978/src/kiwibank-kb-cap-c17b067d0899fd8eab76e994fac32f86b40b021f/services/payments-orchestrator/src/testings.integration.mocked/bin/release/net8.0/kiwibank.payments.paymentsorchestrator.testings.integration.mocked.dll" id="3706f52f-501f-e437-b20e-47a7a96d2a24">
      <TestCategory>
        <TestCategoryItem TestCategory="POrchAPI" />
        <TestCategoryItem TestCategory="NegativeTest" />
        <TestCategoryItem TestCategory="Process:L4ProcessPayment" />
        <TestCategoryItem TestCategory="Outcome:L4ProcessPayment.UltracsUltracsTransfer" />
      </TestCategory>
      <Execution id="e5a8a226-0b64-4b2b-8ea9-912d705add0f" />
      <TestMethod codeBase="/codebuild/output/src2564200978/src/Kiwibank-kb-cap-c17b067d0899fd8eab76e994fac32f86b40b021f/services/payments-orchestrator/src/Testings.Integration.Mocked/bin/Release/net8.0/Kiwibank.Payments.PaymentsOrchestrator.Testings.Integration.Mocked.dll" adapterTypeName="executor://mstestadapter/v2" className="Kiwibank.Payments.PaymentsOrchestrator.Testings.Integration.Mocked.TestFeatures.POrchAPIFieldValidationFeature" name="POrchAPI_Invalid_Currency_Return_Error" />
    </UnitTest>
    <UnitTest name="POrchAPI_Invalid_Creditor_Reference_Return_Error (\,400,)" storage="/codebuild/output/src2564200978/src/kiwibank-kb-cap-c17b067d0899fd8eab76e994fac32f86b40b021f/services/payments-orchestrator/src/testings.integration.mocked/bin/release/net8.0/kiwibank.payments.paymentsorchestrator.testings.integration.mocked.dll" id="3d6e4665-1829-641c-4861-4af62b7a71a9">
      <TestCategory>
        <TestCategoryItem TestCategory="POrchAPI" />
        <TestCategoryItem TestCategory="NegativeTest" />
        <TestCategoryItem TestCategory="Process:L4ProcessPayment" />
        <TestCategoryItem TestCategory="Outcome:L4ProcessPayment.UltracsUltracsTransfer" />
      </TestCategory>
      <Execution id="56ebf961-2884-472a-aaed-70496aca085f" />
      <TestMethod codeBase="/codebuild/output/src2564200978/src/Kiwibank-kb-cap-c17b067d0899fd8eab76e994fac32f86b40b021f/services/payments-orchestrator/src/Testings.Integration.Mocked/bin/Release/net8.0/Kiwibank.Payments.PaymentsOrchestrator.Testings.Integration.Mocked.dll" adapterTypeName="executor://mstestadapter/v2" className="Kiwibank.Payments.PaymentsOrchestrator.Testings.Integration.Mocked.TestFeatures.POrchAPIFieldValidationFeature" name="POrchAPI_Invalid_Creditor_Reference_Return_Error" />
    </UnitTest>
    <UnitTest name="POrchAPI_Other_Middleware_Responses_Do_Not_Retry (AccountIdentificationInsufficientError,409,)" storage="/codebuild/output/src2564200978/src/kiwibank-kb-cap-c17b067d0899fd8eab76e994fac32f86b40b021f/services/payments-orchestrator/src/testings.integration.mocked/bin/release/net8.0/kiwibank.payments.paymentsorchestrator.testings.integration.mocked.dll" id="0c59d76c-fcfa-911e-0eb0-a6a4bb0be5cb">
      <TestCategory>
        <TestCategoryItem TestCategory="Process:L4ProcessPayment" />
        <TestCategoryItem TestCategory="scenarioTest" />
        <TestCategoryItem TestCategory="Outcome:L4ProcessPayment.UltracsUltracsTransfer" />
      </TestCategory>
      <Execution id="8fa50a9e-ee88-463c-baf3-2e6ed58802ec" />
      <TestMethod codeBase="/codebuild/output/src2564200978/src/Kiwibank-kb-cap-c17b067d0899fd8eab76e994fac32f86b40b021f/services/payments-orchestrator/src/Testings.Integration.Mocked/bin/Release/net8.0/Kiwibank.Payments.PaymentsOrchestrator.Testings.Integration.Mocked.dll" adapterTypeName="executor://mstestadapter/v2" className="Kiwibank.Payments.PaymentsOrchestrator.Testings.Integration.Mocked.TestFeatures.POrchDownstreamServicesRetryAppropriatelyFeature" name="POrchAPI_Other_Middleware_Responses_Do_Not_Retry" />
    </UnitTest>
    <UnitTest name="POrchAPI_Transfer_Invalid_Creditor_Reference_Return_Error (\,400,)" storage="/codebuild/output/src2564200978/src/kiwibank-kb-cap-c17b067d0899fd8eab76e994fac32f86b40b021f/services/payments-orchestrator/src/testings.integration.mocked/bin/release/net8.0/kiwibank.payments.paymentsorchestrator.testings.integration.mocked.dll" id="66b2a30f-8850-0f1e-aa89-5d56c4f90710">
      <TestCategory>
        <TestCategoryItem TestCategory="POrchAPI" />
        <TestCategoryItem TestCategory="NegativeTest" />
        <TestCategoryItem TestCategory="Process:L4ProcessPayment" />
        <TestCategoryItem TestCategory="Outcome:L4ProcessPayment.UltracsUltracs" />
      </TestCategory>
      <Execution id="990b03a6-899c-4c24-9f2f-3fdacf9c6839" />
      <TestMethod codeBase="/codebuild/output/src2564200978/src/Kiwibank-kb-cap-c17b067d0899fd8eab76e994fac32f86b40b021f/services/payments-orchestrator/src/Testings.Integration.Mocked/bin/Release/net8.0/Kiwibank.Payments.PaymentsOrchestrator.Testings.Integration.Mocked.dll" adapterTypeName="executor://mstestadapter/v2" className="Kiwibank.Payments.PaymentsOrchestrator.Testings.Integration.Mocked.TestFeatures.POrchTransferFieldValidationFeature" name="POrchAPI_Transfer_Invalid_Creditor_Reference_Return_Error" />
    </UnitTest>
    <UnitTest name="POrchAPI_Invalid_Credit_Account_Return_Error (38123456789765,400,)" storage="/codebuild/output/src2564200978/src/kiwibank-kb-cap-c17b067d0899fd8eab76e994fac32f86b40b021f/services/payments-orchestrator/src/testings.integration.mocked/bin/release/net8.0/kiwibank.payments.paymentsorchestrator.testings.integration.mocked.dll" id="bd7de458-b30d-1d8e-6031-b0f25ccd5a5d">
      <TestCategory>
        <TestCategoryItem TestCategory="POrchAPI" />
        <TestCategoryItem TestCategory="NegativeTest" />
        <TestCategoryItem TestCategory="Process:L4ProcessPayment" />
        <TestCategoryItem TestCategory="Outcome:L4ProcessPayment.UltracsUltracsTransfer" />
      </TestCategory>
      <Execution id="83c3fa6e-b9f4-48f2-a4eb-f3a2771e2cd1" />
      <TestMethod codeBase="/codebuild/output/src2564200978/src/Kiwibank-kb-cap-c17b067d0899fd8eab76e994fac32f86b40b021f/services/payments-orchestrator/src/Testings.Integration.Mocked/bin/Release/net8.0/Kiwibank.Payments.PaymentsOrchestrator.Testings.Integration.Mocked.dll" adapterTypeName="executor://mstestadapter/v2" className="Kiwibank.Payments.PaymentsOrchestrator.Testings.Integration.Mocked.TestFeatures.POrchAPIFieldValidationFeature" name="POrchAPI_Invalid_Credit_Account_Return_Error" />
    </UnitTest>
    <UnitTest name="POrchNRT_UnknownError_Response_From_POrch_Unsuccessful_From_NRT (PaymentNrtUnauthorized,,)" storage="/codebuild/output/src2564200978/src/kiwibank-kb-cap-c17b067d0899fd8eab76e994fac32f86b40b021f/services/payments-orchestrator/src/testings.integration.mocked/bin/release/net8.0/kiwibank.payments.paymentsorchestrator.testings.integration.mocked.dll" id="4a656428-a2cf-3901-edf6-8416647c8b40">
      <TestCategory>
        <TestCategoryItem TestCategory="negative" />
        <TestCategoryItem TestCategory="Process:L4ProcessPayment" />
        <TestCategoryItem TestCategory="POrchNRT" />
        <TestCategoryItem TestCategory="Outcome:L4ProcessPayment.UltracsUltracsTransfer" />
      </TestCategory>
      <Execution id="f0ecfe14-7535-4dd1-9fe1-0d6f4949911a" />
      <TestMethod codeBase="/codebuild/output/src2564200978/src/Kiwibank-kb-cap-c17b067d0899fd8eab76e994fac32f86b40b021f/services/payments-orchestrator/src/Testings.Integration.Mocked/bin/Release/net8.0/Kiwibank.Payments.PaymentsOrchestrator.Testings.Integration.Mocked.dll" adapterTypeName="executor://mstestadapter/v2" className="Kiwibank.Payments.PaymentsOrchestrator.Testings.Integration.Mocked.TestFeatures.POrchNRTFeature" name="POrchNRT_UnknownError_Response_From_POrch_Unsuccessful_From_NRT" />
    </UnitTest>
    <UnitTest name="POrchAPI_Negative_MiddleWare_Response_409 (AccountNumberIsInvalidForTransactionTypeError,409,)" storage="/codebuild/output/src2564200978/src/kiwibank-kb-cap-c17b067d0899fd8eab76e994fac32f86b40b021f/services/payments-orchestrator/src/testings.integration.mocked/bin/release/net8.0/kiwibank.payments.paymentsorchestrator.testings.integration.mocked.dll" id="46370a69-f762-494a-36ea-c68ad69179c4">
      <TestCategory>
        <TestCategoryItem TestCategory="POrchAPI" />
        <TestCategoryItem TestCategory="NegativeTest" />
        <TestCategoryItem TestCategory="Process:L4ProcessPayment" />
        <TestCategoryItem TestCategory="Outcome:L4ProcessPayment.UltracsUltracsTransfer" />
      </TestCategory>
      <Execution id="3291a613-2f83-43cd-b1d0-b8fb069a7ef7" />
      <TestMethod codeBase="/codebuild/output/src2564200978/src/Kiwibank-kb-cap-c17b067d0899fd8eab76e994fac32f86b40b021f/services/payments-orchestrator/src/Testings.Integration.Mocked/bin/Release/net8.0/Kiwibank.Payments.PaymentsOrchestrator.Testings.Integration.Mocked.dll" adapterTypeName="executor://mstestadapter/v2" className="Kiwibank.Payments.PaymentsOrchestrator.Testings.Integration.Mocked.TestFeatures.POrchAPIFeature" name="POrchAPI_Negative_MiddleWare_Response_409" />
    </UnitTest>
    <UnitTest name="POrchAPI_Invalid_PAS_Response_Doesnt_Retry (400,,)" storage="/codebuild/output/src2564200978/src/kiwibank-kb-cap-c17b067d0899fd8eab76e994fac32f86b40b021f/services/payments-orchestrator/src/testings.integration.mocked/bin/release/net8.0/kiwibank.payments.paymentsorchestrator.testings.integration.mocked.dll" id="9e425f6e-42f2-b256-89c2-edfb5efac27a">
      <TestCategory>
        <TestCategoryItem TestCategory="requestTest" />
        <TestCategoryItem TestCategory="Process:L4ProcessPayment" />
        <TestCategoryItem TestCategory="scenarioTest" />
        <TestCategoryItem TestCategory="Outcome:L4ProcessPayment.UltracsUltracsTransfer" />
      </TestCategory>
      <Execution id="762c4e0c-5fa1-41f6-9cf3-4a2dba29dc5c" />
      <TestMethod codeBase="/codebuild/output/src2564200978/src/Kiwibank-kb-cap-c17b067d0899fd8eab76e994fac32f86b40b021f/services/payments-orchestrator/src/Testings.Integration.Mocked/bin/Release/net8.0/Kiwibank.Payments.PaymentsOrchestrator.Testings.Integration.Mocked.dll" adapterTypeName="executor://mstestadapter/v2" className="Kiwibank.Payments.PaymentsOrchestrator.Testings.Integration.Mocked.TestFeatures.POrchDownstreamServicesRetryAppropriatelyFeature" name="POrchAPI_Invalid_PAS_Response_Doesnt_Retry" />
    </UnitTest>
    <UnitTest name="POrchAPI_Invalid_PAS_Response_Doesnt_Affect_POrch_Result (401,,)" storage="/codebuild/output/src2564200978/src/kiwibank-kb-cap-c17b067d0899fd8eab76e994fac32f86b40b021f/services/payments-orchestrator/src/testings.integration.mocked/bin/release/net8.0/kiwibank.payments.paymentsorchestrator.testings.integration.mocked.dll" id="f644defc-09e1-a2b2-0b72-6e70140be709">
      <TestCategory>
        <TestCategoryItem TestCategory="POrchAPI" />
        <TestCategoryItem TestCategory="Process:L4ProcessPayment" />
        <TestCategoryItem TestCategory="Outcome:L4ProcessPayment.UltracsUltracsTransfer" />
      </TestCategory>
      <Execution id="7d16bfb8-805e-4140-82a5-290d3ad2adaa" />
      <TestMethod codeBase="/codebuild/output/src2564200978/src/Kiwibank-kb-cap-c17b067d0899fd8eab76e994fac32f86b40b021f/services/payments-orchestrator/src/Testings.Integration.Mocked/bin/Release/net8.0/Kiwibank.Payments.PaymentsOrchestrator.Testings.Integration.Mocked.dll" adapterTypeName="executor://mstestadapter/v2" className="Kiwibank.Payments.PaymentsOrchestrator.Testings.Integration.Mocked.TestFeatures.POrchAPIFeature" name="POrchAPI_Invalid_PAS_Response_Doesnt_Affect_POrch_Result" />
    </UnitTest>
    <UnitTest name="POrchAPI_TMVToUltracs_Negative_MiddleWare_Response_409_OtherErrors (ClosedAccountError,409,)" storage="/codebuild/output/src2564200978/src/kiwibank-kb-cap-c17b067d0899fd8eab76e994fac32f86b40b021f/services/payments-orchestrator/src/testings.integration.mocked/bin/release/net8.0/kiwibank.payments.paymentsorchestrator.testings.integration.mocked.dll" id="3a63ca50-c45c-09f6-c8d8-5c73d507111e">
      <TestCategory>
        <TestCategoryItem TestCategory="NegativeTest" />
        <TestCategoryItem TestCategory="Outcome:L4ProcessPayment.TmvUltracsTransfer" />
        <TestCategoryItem TestCategory="Process:L4ProcessPayment" />
      </TestCategory>
      <Execution id="812c4207-ab83-4fcb-8daa-f0fdfa8ebf6a" />
      <TestMethod codeBase="/codebuild/output/src2564200978/src/Kiwibank-kb-cap-c17b067d0899fd8eab76e994fac32f86b40b021f/services/payments-orchestrator/src/Testings.Integration.Mocked/bin/Release/net8.0/Kiwibank.Payments.PaymentsOrchestrator.Testings.Integration.Mocked.dll" adapterTypeName="executor://mstestadapter/v2" className="Kiwibank.Payments.PaymentsOrchestrator.Testings.Integration.Mocked.TestFeatures.POrchAPITransferTMVUltracsFeature" name="POrchAPI_TMVToUltracs_Negative_MiddleWare_Response_409_OtherErrors" />
    </UnitTest>
    <UnitTest name="POrchAPI_Transfer_Invalid_Creditor_Account_Source_Return_Error (&lt;null&gt;,400,'CreditorAccountSource' must not be empty.,)" storage="/codebuild/output/src2564200978/src/kiwibank-kb-cap-c17b067d0899fd8eab76e994fac32f86b40b021f/services/payments-orchestrator/src/testings.integration.mocked/bin/release/net8.0/kiwibank.payments.paymentsorchestrator.testings.integration.mocked.dll" id="770a30e6-f1f8-6922-1dd6-9f6a8a8c05a1">
      <TestCategory>
        <TestCategoryItem TestCategory="POrchAPI" />
        <TestCategoryItem TestCategory="NegativeTest" />
        <TestCategoryItem TestCategory="Process:L4ProcessPayment" />
        <TestCategoryItem TestCategory="Outcome:L4ProcessPayment.UltracsUltracs" />
      </TestCategory>
      <Execution id="a3ee159c-29e4-414f-86e8-ae384f8f977c" />
      <TestMethod codeBase="/codebuild/output/src2564200978/src/Kiwibank-kb-cap-c17b067d0899fd8eab76e994fac32f86b40b021f/services/payments-orchestrator/src/Testings.Integration.Mocked/bin/Release/net8.0/Kiwibank.Payments.PaymentsOrchestrator.Testings.Integration.Mocked.dll" adapterTypeName="executor://mstestadapter/v2" className="Kiwibank.Payments.PaymentsOrchestrator.Testings.Integration.Mocked.TestFeatures.POrchTransferFieldValidationFeature" name="POrchAPI_Transfer_Invalid_Creditor_Account_Source_Return_Error" />
    </UnitTest>
    <UnitTest name="POrchAPI_Negative_FraudCheck_Response_Frozen_Middleware_409 (Decline,409,)" storage="/codebuild/output/src2564200978/src/kiwibank-kb-cap-c17b067d0899fd8eab76e994fac32f86b40b021f/services/payments-orchestrator/src/testings.integration.mocked/bin/release/net8.0/kiwibank.payments.paymentsorchestrator.testings.integration.mocked.dll" id="0f05724c-ecb1-a49e-a7ab-eb22e8343906">
      <TestCategory>
        <TestCategoryItem TestCategory="POrchAPI" />
        <TestCategoryItem TestCategory="NegativeTest" />
        <TestCategoryItem TestCategory="Process:L4ProcessPayment" />
        <TestCategoryItem TestCategory="Outcome:L4ProcessPayment.UltracsUltracsTransfer" />
      </TestCategory>
      <Execution id="dc3dda74-06d0-440e-94c7-813069b8f092" />
      <TestMethod codeBase="/codebuild/output/src2564200978/src/Kiwibank-kb-cap-c17b067d0899fd8eab76e994fac32f86b40b021f/services/payments-orchestrator/src/Testings.Integration.Mocked/bin/Release/net8.0/Kiwibank.Payments.PaymentsOrchestrator.Testings.Integration.Mocked.dll" adapterTypeName="executor://mstestadapter/v2" className="Kiwibank.Payments.PaymentsOrchestrator.Testings.Integration.Mocked.TestFeatures.POrchAPIFeature" name="POrchAPI_Negative_FraudCheck_Response_Frozen_Middleware_409" />
    </UnitTest>
    <UnitTest name="POrchAPI_Negative_FraudCheck_Response_Close_Middleware_409 (Hold,409,)" storage="/codebuild/output/src2564200978/src/kiwibank-kb-cap-c17b067d0899fd8eab76e994fac32f86b40b021f/services/payments-orchestrator/src/testings.integration.mocked/bin/release/net8.0/kiwibank.payments.paymentsorchestrator.testings.integration.mocked.dll" id="af75ef55-0542-65e8-b2ae-a8714b1b6ee8">
      <TestCategory>
        <TestCategoryItem TestCategory="POrchAPI" />
        <TestCategoryItem TestCategory="NegativeTest" />
        <TestCategoryItem TestCategory="Process:L4ProcessPayment" />
        <TestCategoryItem TestCategory="Outcome:L4ProcessPayment.UltracsUltracsTransfer" />
      </TestCategory>
      <Execution id="cdfeee66-2a58-4c7b-a025-f13602620b0c" />
      <TestMethod codeBase="/codebuild/output/src2564200978/src/Kiwibank-kb-cap-c17b067d0899fd8eab76e994fac32f86b40b021f/services/payments-orchestrator/src/Testings.Integration.Mocked/bin/Release/net8.0/Kiwibank.Payments.PaymentsOrchestrator.Testings.Integration.Mocked.dll" adapterTypeName="executor://mstestadapter/v2" className="Kiwibank.Payments.PaymentsOrchestrator.Testings.Integration.Mocked.TestFeatures.POrchAPIFeature" name="POrchAPI_Negative_FraudCheck_Response_Close_Middleware_409" />
    </UnitTest>
    <UnitTest name="POrchAPI_Negative_FraudCheck_Response_Close_Middleware_409 (Unknown,409,)" storage="/codebuild/output/src2564200978/src/kiwibank-kb-cap-c17b067d0899fd8eab76e994fac32f86b40b021f/services/payments-orchestrator/src/testings.integration.mocked/bin/release/net8.0/kiwibank.payments.paymentsorchestrator.testings.integration.mocked.dll" id="7056a748-e4f9-329a-3b22-50df97f55acf">
      <TestCategory>
        <TestCategoryItem TestCategory="POrchAPI" />
        <TestCategoryItem TestCategory="NegativeTest" />
        <TestCategoryItem TestCategory="Process:L4ProcessPayment" />
        <TestCategoryItem TestCategory="Outcome:L4ProcessPayment.UltracsUltracsTransfer" />
      </TestCategory>
      <Execution id="1db99959-8a46-4fbd-ac39-fec1613a7e38" />
      <TestMethod codeBase="/codebuild/output/src2564200978/src/Kiwibank-kb-cap-c17b067d0899fd8eab76e994fac32f86b40b021f/services/payments-orchestrator/src/Testings.Integration.Mocked/bin/Release/net8.0/Kiwibank.Payments.PaymentsOrchestrator.Testings.Integration.Mocked.dll" adapterTypeName="executor://mstestadapter/v2" className="Kiwibank.Payments.PaymentsOrchestrator.Testings.Integration.Mocked.TestFeatures.POrchAPIFeature" name="POrchAPI_Negative_FraudCheck_Response_Close_Middleware_409" />
    </UnitTest>
    <UnitTest name="POrchAPI_Invalid_PAS_Response_Doesnt_Retry (401,,)" storage="/codebuild/output/src2564200978/src/kiwibank-kb-cap-c17b067d0899fd8eab76e994fac32f86b40b021f/services/payments-orchestrator/src/testings.integration.mocked/bin/release/net8.0/kiwibank.payments.paymentsorchestrator.testings.integration.mocked.dll" id="37af9221-1044-bb39-76f3-d33c0e92bc2d">
      <TestCategory>
        <TestCategoryItem TestCategory="requestTest" />
        <TestCategoryItem TestCategory="Process:L4ProcessPayment" />
        <TestCategoryItem TestCategory="scenarioTest" />
        <TestCategoryItem TestCategory="Outcome:L4ProcessPayment.UltracsUltracsTransfer" />
      </TestCategory>
      <Execution id="a103d68b-2995-42e0-9134-f2b99e0a8260" />
      <TestMethod codeBase="/codebuild/output/src2564200978/src/Kiwibank-kb-cap-c17b067d0899fd8eab76e994fac32f86b40b021f/services/payments-orchestrator/src/Testings.Integration.Mocked/bin/Release/net8.0/Kiwibank.Payments.PaymentsOrchestrator.Testings.Integration.Mocked.dll" adapterTypeName="executor://mstestadapter/v2" className="Kiwibank.Payments.PaymentsOrchestrator.Testings.Integration.Mocked.TestFeatures.POrchDownstreamServicesRetryAppropriatelyFeature" name="POrchAPI_Invalid_PAS_Response_Doesnt_Retry" />
    </UnitTest>
    <UnitTest name="POrchAPI_Invalid_Debit_Account_Return_Error (38123456789765,400,)" storage="/codebuild/output/src2564200978/src/kiwibank-kb-cap-c17b067d0899fd8eab76e994fac32f86b40b021f/services/payments-orchestrator/src/testings.integration.mocked/bin/release/net8.0/kiwibank.payments.paymentsorchestrator.testings.integration.mocked.dll" id="ab6d71d0-ee6a-f04c-a6dd-a8a8852d24a1">
      <TestCategory>
        <TestCategoryItem TestCategory="POrchAPI" />
        <TestCategoryItem TestCategory="NegativeTest" />
        <TestCategoryItem TestCategory="Process:L4ProcessPayment" />
        <TestCategoryItem TestCategory="Outcome:L4ProcessPayment.UltracsUltracsTransfer" />
      </TestCategory>
      <Execution id="9dd61406-84a9-49db-ae0c-f80101a1fbd1" />
      <TestMethod codeBase="/codebuild/output/src2564200978/src/Kiwibank-kb-cap-c17b067d0899fd8eab76e994fac32f86b40b021f/services/payments-orchestrator/src/Testings.Integration.Mocked/bin/Release/net8.0/Kiwibank.Payments.PaymentsOrchestrator.Testings.Integration.Mocked.dll" adapterTypeName="executor://mstestadapter/v2" className="Kiwibank.Payments.PaymentsOrchestrator.Testings.Integration.Mocked.TestFeatures.POrchAPIFieldValidationFeature" name="POrchAPI_Invalid_Debit_Account_Return_Error" />
    </UnitTest>
    <UnitTest name="POrchAPI_Other_Middleware_Responses_Do_Not_Retry (UltracsDownError,500,)" storage="/codebuild/output/src2564200978/src/kiwibank-kb-cap-c17b067d0899fd8eab76e994fac32f86b40b021f/services/payments-orchestrator/src/testings.integration.mocked/bin/release/net8.0/kiwibank.payments.paymentsorchestrator.testings.integration.mocked.dll" id="04b793ec-5c62-ae5e-cd50-abedc55872c6">
      <TestCategory>
        <TestCategoryItem TestCategory="Process:L4ProcessPayment" />
        <TestCategoryItem TestCategory="scenarioTest" />
        <TestCategoryItem TestCategory="Outcome:L4ProcessPayment.UltracsUltracsTransfer" />
      </TestCategory>
      <Execution id="63cc329c-0167-409f-ab7c-47244046b7c6" />
      <TestMethod codeBase="/codebuild/output/src2564200978/src/Kiwibank-kb-cap-c17b067d0899fd8eab76e994fac32f86b40b021f/services/payments-orchestrator/src/Testings.Integration.Mocked/bin/Release/net8.0/Kiwibank.Payments.PaymentsOrchestrator.Testings.Integration.Mocked.dll" adapterTypeName="executor://mstestadapter/v2" className="Kiwibank.Payments.PaymentsOrchestrator.Testings.Integration.Mocked.TestFeatures.POrchDownstreamServicesRetryAppropriatelyFeature" name="POrchAPI_Other_Middleware_Responses_Do_Not_Retry" />
    </UnitTest>
    <UnitTest name="POrchAPI_Various_Amounts_Return_Error_When_Length_Exceeded (01234567890.11,,)" storage="/codebuild/output/src2564200978/src/kiwibank-kb-cap-c17b067d0899fd8eab76e994fac32f86b40b021f/services/payments-orchestrator/src/testings.integration.mocked/bin/release/net8.0/kiwibank.payments.paymentsorchestrator.testings.integration.mocked.dll" id="86732163-4051-7399-a1b7-021a42dcb384">
      <TestCategory>
        <TestCategoryItem TestCategory="POrchAPI" />
        <TestCategoryItem TestCategory="Process:L4ProcessPayment" />
        <TestCategoryItem TestCategory="Outcome:L4ProcessPayment.UltracsUltracsTransfer" />
      </TestCategory>
      <Execution id="b1d331d2-2b18-499a-af5e-d815f6b810a5" />
      <TestMethod codeBase="/codebuild/output/src2564200978/src/Kiwibank-kb-cap-c17b067d0899fd8eab76e994fac32f86b40b021f/services/payments-orchestrator/src/Testings.Integration.Mocked/bin/Release/net8.0/Kiwibank.Payments.PaymentsOrchestrator.Testings.Integration.Mocked.dll" adapterTypeName="executor://mstestadapter/v2" className="Kiwibank.Payments.PaymentsOrchestrator.Testings.Integration.Mocked.TestFeatures.POrchAPIFeature" name="POrchAPI_Various_Amounts_Return_Error_When_Length_Exceeded" />
    </UnitTest>
    <UnitTest name="POrchNRT_Unsuccessful_Response_From_FraudCheck_Unsuccessful_From_NRT (PaymentNrtBadRequest,,)" storage="/codebuild/output/src2564200978/src/kiwibank-kb-cap-c17b067d0899fd8eab76e994fac32f86b40b021f/services/payments-orchestrator/src/testings.integration.mocked/bin/release/net8.0/kiwibank.payments.paymentsorchestrator.testings.integration.mocked.dll" id="567aecf6-8050-60d3-0df1-56b65b0170fd">
      <TestCategory>
        <TestCategoryItem TestCategory="negative" />
        <TestCategoryItem TestCategory="Process:L4ProcessPayment" />
        <TestCategoryItem TestCategory="POrchNRT" />
        <TestCategoryItem TestCategory="Outcome:L4ProcessPayment.UltracsUltracsTransfer" />
      </TestCategory>
      <Execution id="d28b6f18-6ad2-446a-995c-a3f18d5fb010" />
      <TestMethod codeBase="/codebuild/output/src2564200978/src/Kiwibank-kb-cap-c17b067d0899fd8eab76e994fac32f86b40b021f/services/payments-orchestrator/src/Testings.Integration.Mocked/bin/Release/net8.0/Kiwibank.Payments.PaymentsOrchestrator.Testings.Integration.Mocked.dll" adapterTypeName="executor://mstestadapter/v2" className="Kiwibank.Payments.PaymentsOrchestrator.Testings.Integration.Mocked.TestFeatures.POrchNRTFeature" name="POrchNRT_Unsuccessful_Response_From_FraudCheck_Unsuccessful_From_NRT" />
    </UnitTest>
    <UnitTest name="POrchAPI_Other_Middleware_Responses_Do_Not_Retry (WithdrawalNotPermittedError,409,)" storage="/codebuild/output/src2564200978/src/kiwibank-kb-cap-c17b067d0899fd8eab76e994fac32f86b40b021f/services/payments-orchestrator/src/testings.integration.mocked/bin/release/net8.0/kiwibank.payments.paymentsorchestrator.testings.integration.mocked.dll" id="80e74a32-3a38-ad7d-dbbc-155069dd63ff">
      <TestCategory>
        <TestCategoryItem TestCategory="Process:L4ProcessPayment" />
        <TestCategoryItem TestCategory="scenarioTest" />
        <TestCategoryItem TestCategory="Outcome:L4ProcessPayment.UltracsUltracsTransfer" />
      </TestCategory>
      <Execution id="06f6e22a-2f37-4c2e-bbc2-d175b98e47f1" />
      <TestMethod codeBase="/codebuild/output/src2564200978/src/Kiwibank-kb-cap-c17b067d0899fd8eab76e994fac32f86b40b021f/services/payments-orchestrator/src/Testings.Integration.Mocked/bin/Release/net8.0/Kiwibank.Payments.PaymentsOrchestrator.Testings.Integration.Mocked.dll" adapterTypeName="executor://mstestadapter/v2" className="Kiwibank.Payments.PaymentsOrchestrator.Testings.Integration.Mocked.TestFeatures.POrchDownstreamServicesRetryAppropriatelyFeature" name="POrchAPI_Other_Middleware_Responses_Do_Not_Retry" />
    </UnitTest>
    <UnitTest name="POrchAPI_Other_Middleware_Responses_Do_Not_Retry (InvalidBankBranchNumberError,409,)" storage="/codebuild/output/src2564200978/src/kiwibank-kb-cap-c17b067d0899fd8eab76e994fac32f86b40b021f/services/payments-orchestrator/src/testings.integration.mocked/bin/release/net8.0/kiwibank.payments.paymentsorchestrator.testings.integration.mocked.dll" id="06b9dd46-92f8-7409-e110-7dc0c68ab5fd">
      <TestCategory>
        <TestCategoryItem TestCategory="Process:L4ProcessPayment" />
        <TestCategoryItem TestCategory="scenarioTest" />
        <TestCategoryItem TestCategory="Outcome:L4ProcessPayment.UltracsUltracsTransfer" />
      </TestCategory>
      <Execution id="14757bd9-9067-4c63-a79f-f3724b2eb15a" />
      <TestMethod codeBase="/codebuild/output/src2564200978/src/Kiwibank-kb-cap-c17b067d0899fd8eab76e994fac32f86b40b021f/services/payments-orchestrator/src/Testings.Integration.Mocked/bin/Release/net8.0/Kiwibank.Payments.PaymentsOrchestrator.Testings.Integration.Mocked.dll" adapterTypeName="executor://mstestadapter/v2" className="Kiwibank.Payments.PaymentsOrchestrator.Testings.Integration.Mocked.TestFeatures.POrchDownstreamServicesRetryAppropriatelyFeature" name="POrchAPI_Other_Middleware_Responses_Do_Not_Retry" />
    </UnitTest>
    <UnitTest name="POrchAPI_Valid_Debtor_Reference_Return_Success (=@#_%,.,201,)" storage="/codebuild/output/src2564200978/src/kiwibank-kb-cap-c17b067d0899fd8eab76e994fac32f86b40b021f/services/payments-orchestrator/src/testings.integration.mocked/bin/release/net8.0/kiwibank.payments.paymentsorchestrator.testings.integration.mocked.dll" id="8b7df467-989e-dea2-b676-4968df992a0d">
      <TestCategory>
        <TestCategoryItem TestCategory="POrchAPI" />
        <TestCategoryItem TestCategory="Process:L4ProcessPayment" />
        <TestCategoryItem TestCategory="Outcome:L4ProcessPayment.UltracsUltracsTransfer" />
      </TestCategory>
      <Execution id="422a8d39-44db-41d1-b0e3-0da3d66481d9" />
      <TestMethod codeBase="/codebuild/output/src2564200978/src/Kiwibank-kb-cap-c17b067d0899fd8eab76e994fac32f86b40b021f/services/payments-orchestrator/src/Testings.Integration.Mocked/bin/Release/net8.0/Kiwibank.Payments.PaymentsOrchestrator.Testings.Integration.Mocked.dll" adapterTypeName="executor://mstestadapter/v2" className="Kiwibank.Payments.PaymentsOrchestrator.Testings.Integration.Mocked.TestFeatures.POrchAPIFeature" name="POrchAPI_Valid_Debtor_Reference_Return_Success" />
    </UnitTest>
    <UnitTest name="POrchAPI_Negative_FraudCheck_Response_Frozen_Middleware_409 (Hold,409,)" storage="/codebuild/output/src2564200978/src/kiwibank-kb-cap-c17b067d0899fd8eab76e994fac32f86b40b021f/services/payments-orchestrator/src/testings.integration.mocked/bin/release/net8.0/kiwibank.payments.paymentsorchestrator.testings.integration.mocked.dll" id="5c7021b2-ab84-6ddb-0ca5-4189e02d5ac9">
      <TestCategory>
        <TestCategoryItem TestCategory="POrchAPI" />
        <TestCategoryItem TestCategory="NegativeTest" />
        <TestCategoryItem TestCategory="Process:L4ProcessPayment" />
        <TestCategoryItem TestCategory="Outcome:L4ProcessPayment.UltracsUltracsTransfer" />
      </TestCategory>
      <Execution id="314b81cf-2e9e-44b3-a3ef-addae59fd33c" />
      <TestMethod codeBase="/codebuild/output/src2564200978/src/Kiwibank-kb-cap-c17b067d0899fd8eab76e994fac32f86b40b021f/services/payments-orchestrator/src/Testings.Integration.Mocked/bin/Release/net8.0/Kiwibank.Payments.PaymentsOrchestrator.Testings.Integration.Mocked.dll" adapterTypeName="executor://mstestadapter/v2" className="Kiwibank.Payments.PaymentsOrchestrator.Testings.Integration.Mocked.TestFeatures.POrchAPIFeature" name="POrchAPI_Negative_FraudCheck_Response_Frozen_Middleware_409" />
    </UnitTest>
    <UnitTest name="POrchAPI_Negative_FraudCheck_Success_Middleware_Response (Decline,409,)" storage="/codebuild/output/src2564200978/src/kiwibank-kb-cap-c17b067d0899fd8eab76e994fac32f86b40b021f/services/payments-orchestrator/src/testings.integration.mocked/bin/release/net8.0/kiwibank.payments.paymentsorchestrator.testings.integration.mocked.dll" id="00c87c90-5fed-a59e-5da9-bdf8fc828b36">
      <TestCategory>
        <TestCategoryItem TestCategory="POrchAPI" />
        <TestCategoryItem TestCategory="Process:L4ProcessPayment" />
        <TestCategoryItem TestCategory="Outcome:L4ProcessPayment.UltracsUltracsTransfer" />
      </TestCategory>
      <Execution id="a8fea5a7-0228-457f-94cd-17b4ec3d38f5" />
      <TestMethod codeBase="/codebuild/output/src2564200978/src/Kiwibank-kb-cap-c17b067d0899fd8eab76e994fac32f86b40b021f/services/payments-orchestrator/src/Testings.Integration.Mocked/bin/Release/net8.0/Kiwibank.Payments.PaymentsOrchestrator.Testings.Integration.Mocked.dll" adapterTypeName="executor://mstestadapter/v2" className="Kiwibank.Payments.PaymentsOrchestrator.Testings.Integration.Mocked.TestFeatures.POrchAPIFeature" name="POrchAPI_Negative_FraudCheck_Success_Middleware_Response" />
    </UnitTest>
    <UnitTest name="POrchAPI_Transfer_Invalid_Creditor_Code_Return_Error (abcdefghijklmnsey,400,)" storage="/codebuild/output/src2564200978/src/kiwibank-kb-cap-c17b067d0899fd8eab76e994fac32f86b40b021f/services/payments-orchestrator/src/testings.integration.mocked/bin/release/net8.0/kiwibank.payments.paymentsorchestrator.testings.integration.mocked.dll" id="49a78842-ec47-7cc5-2701-fa32c229c763">
      <TestCategory>
        <TestCategoryItem TestCategory="POrchAPI" />
        <TestCategoryItem TestCategory="NegativeTest" />
        <TestCategoryItem TestCategory="Process:L4ProcessPayment" />
        <TestCategoryItem TestCategory="Outcome:L4ProcessPayment.UltracsUltracs" />
      </TestCategory>
      <Execution id="6ef35d14-4e4d-476d-837d-85120453cabe" />
      <TestMethod codeBase="/codebuild/output/src2564200978/src/Kiwibank-kb-cap-c17b067d0899fd8eab76e994fac32f86b40b021f/services/payments-orchestrator/src/Testings.Integration.Mocked/bin/Release/net8.0/Kiwibank.Payments.PaymentsOrchestrator.Testings.Integration.Mocked.dll" adapterTypeName="executor://mstestadapter/v2" className="Kiwibank.Payments.PaymentsOrchestrator.Testings.Integration.Mocked.TestFeatures.POrchTransferFieldValidationFeature" name="POrchAPI_Transfer_Invalid_Creditor_Code_Return_Error" />
    </UnitTest>
    <UnitTest name="POrchAPI_TMVToUltracs_Valid_Debtor_Code_Return_Success (()+$*!;-/?:,201,)" storage="/codebuild/output/src2564200978/src/kiwibank-kb-cap-c17b067d0899fd8eab76e994fac32f86b40b021f/services/payments-orchestrator/src/testings.integration.mocked/bin/release/net8.0/kiwibank.payments.paymentsorchestrator.testings.integration.mocked.dll" id="eebc9ed1-f2e7-45fc-4115-381dd920666a">
      <TestCategory>
        <TestCategoryItem TestCategory="POrchAPI" />
        <TestCategoryItem TestCategory="PositiveTest" />
        <TestCategoryItem TestCategory="Outcome:L4ProcessPayment.TmvUltracsTransfer" />
        <TestCategoryItem TestCategory="Process:L4ProcessPayment" />
        <TestCategoryItem TestCategory="EDB-MPS-IPC-REQ.02" />
      </TestCategory>
      <Execution id="8559fc9f-7fa8-45c8-bd39-62b0d32cdd61" />
      <TestMethod codeBase="/codebuild/output/src2564200978/src/Kiwibank-kb-cap-c17b067d0899fd8eab76e994fac32f86b40b021f/services/payments-orchestrator/src/Testings.Integration.Mocked/bin/Release/net8.0/Kiwibank.Payments.PaymentsOrchestrator.Testings.Integration.Mocked.dll" adapterTypeName="executor://mstestadapter/v2" className="Kiwibank.Payments.PaymentsOrchestrator.Testings.Integration.Mocked.TestFeatures.POrchAPITransferTMVUltracsFeature" name="POrchAPI_TMVToUltracs_Valid_Debtor_Code_Return_Success" />
    </UnitTest>
    <UnitTest name="POrchAPI_Middleware_Retries_Correctly (503 with body,201,)" storage="/codebuild/output/src2564200978/src/kiwibank-kb-cap-c17b067d0899fd8eab76e994fac32f86b40b021f/services/payments-orchestrator/src/testings.integration.mocked/bin/release/net8.0/kiwibank.payments.paymentsorchestrator.testings.integration.mocked.dll" id="e93e5a9a-ab06-56d7-b779-cdb7aa605acc">
      <TestCategory>
        <TestCategoryItem TestCategory="Process:L4ProcessPayment" />
        <TestCategoryItem TestCategory="scenarioTest" />
        <TestCategoryItem TestCategory="Outcome:L4ProcessPayment.UltracsUltracsTransfer" />
      </TestCategory>
      <Execution id="c0b5c569-c4a4-4805-8f72-65fce39d5023" />
      <TestMethod codeBase="/codebuild/output/src2564200978/src/Kiwibank-kb-cap-c17b067d0899fd8eab76e994fac32f86b40b021f/services/payments-orchestrator/src/Testings.Integration.Mocked/bin/Release/net8.0/Kiwibank.Payments.PaymentsOrchestrator.Testings.Integration.Mocked.dll" adapterTypeName="executor://mstestadapter/v2" className="Kiwibank.Payments.PaymentsOrchestrator.Testings.Integration.Mocked.TestFeatures.POrchDownstreamServicesRetryAppropriatelyFeature" name="POrchAPI_Middleware_Retries_Correctly" />
    </UnitTest>
    <UnitTest name="POrchAPI_TMVToUltracs_Valid_Creditor_Particulars_Return_Success (=@#_%,.,201,)" storage="/codebuild/output/src2564200978/src/kiwibank-kb-cap-c17b067d0899fd8eab76e994fac32f86b40b021f/services/payments-orchestrator/src/testings.integration.mocked/bin/release/net8.0/kiwibank.payments.paymentsorchestrator.testings.integration.mocked.dll" id="e53b493e-3378-82fc-6e5a-40c8554a6b40">
      <TestCategory>
        <TestCategoryItem TestCategory="POrchAPI" />
        <TestCategoryItem TestCategory="PositiveTest" />
        <TestCategoryItem TestCategory="Outcome:L4ProcessPayment.TmvUltracsTransfer" />
        <TestCategoryItem TestCategory="Process:L4ProcessPayment" />
        <TestCategoryItem TestCategory="EDB-MPS-IPC-REQ.02" />
      </TestCategory>
      <Execution id="0b8ae1db-a939-4743-bdd1-f08cb66e5191" />
      <TestMethod codeBase="/codebuild/output/src2564200978/src/Kiwibank-kb-cap-c17b067d0899fd8eab76e994fac32f86b40b021f/services/payments-orchestrator/src/Testings.Integration.Mocked/bin/Release/net8.0/Kiwibank.Payments.PaymentsOrchestrator.Testings.Integration.Mocked.dll" adapterTypeName="executor://mstestadapter/v2" className="Kiwibank.Payments.PaymentsOrchestrator.Testings.Integration.Mocked.TestFeatures.POrchAPITransferTMVUltracsFeature" name="POrchAPI_TMVToUltracs_Valid_Creditor_Particulars_Return_Success" />
    </UnitTest>
    <UnitTest name="POrchNRT_Unsuccessful_Response_From_NRT (PaymentNrtBadRequest,,)" storage="/codebuild/output/src2564200978/src/kiwibank-kb-cap-c17b067d0899fd8eab76e994fac32f86b40b021f/services/payments-orchestrator/src/testings.integration.mocked/bin/release/net8.0/kiwibank.payments.paymentsorchestrator.testings.integration.mocked.dll" id="9fa4029e-04c2-4fbb-0305-224cc2bc4579">
      <TestCategory>
        <TestCategoryItem TestCategory="negative" />
        <TestCategoryItem TestCategory="Process:L4ProcessPayment" />
        <TestCategoryItem TestCategory="POrchNRT" />
        <TestCategoryItem TestCategory="Outcome:L4ProcessPayment.UltracsUltracsTransfer" />
      </TestCategory>
      <Execution id="0ac3a90b-9d86-41a7-a5a1-9c4aed9a0375" />
      <TestMethod codeBase="/codebuild/output/src2564200978/src/Kiwibank-kb-cap-c17b067d0899fd8eab76e994fac32f86b40b021f/services/payments-orchestrator/src/Testings.Integration.Mocked/bin/Release/net8.0/Kiwibank.Payments.PaymentsOrchestrator.Testings.Integration.Mocked.dll" adapterTypeName="executor://mstestadapter/v2" className="Kiwibank.Payments.PaymentsOrchestrator.Testings.Integration.Mocked.TestFeatures.POrchNRTFeature" name="POrchNRT_Unsuccessful_Response_From_NRT" />
    </UnitTest>
    <UnitTest name="POrchAPI_TMVToUltracs_Valid_Creditor_Particulars_Return_Success (()+$*!;-/?:,201,)" storage="/codebuild/output/src2564200978/src/kiwibank-kb-cap-c17b067d0899fd8eab76e994fac32f86b40b021f/services/payments-orchestrator/src/testings.integration.mocked/bin/release/net8.0/kiwibank.payments.paymentsorchestrator.testings.integration.mocked.dll" id="d20a2387-a6b8-75e4-543a-484f53ff788e">
      <TestCategory>
        <TestCategoryItem TestCategory="POrchAPI" />
        <TestCategoryItem TestCategory="PositiveTest" />
        <TestCategoryItem TestCategory="Outcome:L4ProcessPayment.TmvUltracsTransfer" />
        <TestCategoryItem TestCategory="Process:L4ProcessPayment" />
        <TestCategoryItem TestCategory="EDB-MPS-IPC-REQ.02" />
      </TestCategory>
      <Execution id="b257ccdc-05c9-49e9-9cba-e0845152174a" />
      <TestMethod codeBase="/codebuild/output/src2564200978/src/Kiwibank-kb-cap-c17b067d0899fd8eab76e994fac32f86b40b021f/services/payments-orchestrator/src/Testings.Integration.Mocked/bin/Release/net8.0/Kiwibank.Payments.PaymentsOrchestrator.Testings.Integration.Mocked.dll" adapterTypeName="executor://mstestadapter/v2" className="Kiwibank.Payments.PaymentsOrchestrator.Testings.Integration.Mocked.TestFeatures.POrchAPITransferTMVUltracsFeature" name="POrchAPI_TMVToUltracs_Valid_Creditor_Particulars_Return_Success" />
    </UnitTest>
    <UnitTest name="POrchAPI_Various_Amounts_Return_Error_When_Length_Exceeded (1.234,,)" storage="/codebuild/output/src2564200978/src/kiwibank-kb-cap-c17b067d0899fd8eab76e994fac32f86b40b021f/services/payments-orchestrator/src/testings.integration.mocked/bin/release/net8.0/kiwibank.payments.paymentsorchestrator.testings.integration.mocked.dll" id="ecec72ae-4a1b-0909-ceb8-34060384e02f">
      <TestCategory>
        <TestCategoryItem TestCategory="POrchAPI" />
        <TestCategoryItem TestCategory="Process:L4ProcessPayment" />
        <TestCategoryItem TestCategory="Outcome:L4ProcessPayment.UltracsUltracsTransfer" />
      </TestCategory>
      <Execution id="510da119-d51f-4ec3-b340-5c9421aa2780" />
      <TestMethod codeBase="/codebuild/output/src2564200978/src/Kiwibank-kb-cap-c17b067d0899fd8eab76e994fac32f86b40b021f/services/payments-orchestrator/src/Testings.Integration.Mocked/bin/Release/net8.0/Kiwibank.Payments.PaymentsOrchestrator.Testings.Integration.Mocked.dll" adapterTypeName="executor://mstestadapter/v2" className="Kiwibank.Payments.PaymentsOrchestrator.Testings.Integration.Mocked.TestFeatures.POrchAPIFeature" name="POrchAPI_Various_Amounts_Return_Error_When_Length_Exceeded" />
    </UnitTest>
    <UnitTest name="POrchAPI_Transfer_Invalid_Debit_Account_Return_Error (abcdefghijklmnse,400,)" storage="/codebuild/output/src2564200978/src/kiwibank-kb-cap-c17b067d0899fd8eab76e994fac32f86b40b021f/services/payments-orchestrator/src/testings.integration.mocked/bin/release/net8.0/kiwibank.payments.paymentsorchestrator.testings.integration.mocked.dll" id="22e8c9f5-18cd-e757-dd99-5b5cabca4c49">
      <TestCategory>
        <TestCategoryItem TestCategory="POrchAPI" />
        <TestCategoryItem TestCategory="NegativeTest" />
        <TestCategoryItem TestCategory="Process:L4ProcessPayment" />
        <TestCategoryItem TestCategory="Outcome:L4ProcessPayment.UltracsUltracs" />
      </TestCategory>
      <Execution id="61cd9049-16a8-4d9c-aa58-29b328551942" />
      <TestMethod codeBase="/codebuild/output/src2564200978/src/Kiwibank-kb-cap-c17b067d0899fd8eab76e994fac32f86b40b021f/services/payments-orchestrator/src/Testings.Integration.Mocked/bin/Release/net8.0/Kiwibank.Payments.PaymentsOrchestrator.Testings.Integration.Mocked.dll" adapterTypeName="executor://mstestadapter/v2" className="Kiwibank.Payments.PaymentsOrchestrator.Testings.Integration.Mocked.TestFeatures.POrchTransferFieldValidationFeature" name="POrchAPI_Transfer_Invalid_Debit_Account_Return_Error" />
    </UnitTest>
    <UnitTest name="POrchAPI_TMVToUltracs_Valid_Debtor_Code_Return_Success (=@#_%,.,201,)" storage="/codebuild/output/src2564200978/src/kiwibank-kb-cap-c17b067d0899fd8eab76e994fac32f86b40b021f/services/payments-orchestrator/src/testings.integration.mocked/bin/release/net8.0/kiwibank.payments.paymentsorchestrator.testings.integration.mocked.dll" id="b62d72e0-9de4-5866-12c5-253681d0df88">
      <TestCategory>
        <TestCategoryItem TestCategory="POrchAPI" />
        <TestCategoryItem TestCategory="PositiveTest" />
        <TestCategoryItem TestCategory="Outcome:L4ProcessPayment.TmvUltracsTransfer" />
        <TestCategoryItem TestCategory="Process:L4ProcessPayment" />
        <TestCategoryItem TestCategory="EDB-MPS-IPC-REQ.02" />
      </TestCategory>
      <Execution id="4af1f83d-4e77-4147-9ab4-006623bb7553" />
      <TestMethod codeBase="/codebuild/output/src2564200978/src/Kiwibank-kb-cap-c17b067d0899fd8eab76e994fac32f86b40b021f/services/payments-orchestrator/src/Testings.Integration.Mocked/bin/Release/net8.0/Kiwibank.Payments.PaymentsOrchestrator.Testings.Integration.Mocked.dll" adapterTypeName="executor://mstestadapter/v2" className="Kiwibank.Payments.PaymentsOrchestrator.Testings.Integration.Mocked.TestFeatures.POrchAPITransferTMVUltracsFeature" name="POrchAPI_TMVToUltracs_Valid_Debtor_Code_Return_Success" />
    </UnitTest>
    <UnitTest name="POrchAPI_Valid_Payee_Reference_Return_Success_Todo (&amp;&lt;&gt;,201,)" storage="/codebuild/output/src2564200978/src/kiwibank-kb-cap-c17b067d0899fd8eab76e994fac32f86b40b021f/services/payments-orchestrator/src/testings.integration.mocked/bin/release/net8.0/kiwibank.payments.paymentsorchestrator.testings.integration.mocked.dll" id="37322710-4f83-355d-c165-4ada16078ec2">
      <TestCategory>
        <TestCategoryItem TestCategory="POrchAPI" />
        <TestCategoryItem TestCategory="Process:L4ProcessPayment" />
        <TestCategoryItem TestCategory="Outcome:L4ProcessPayment.UltracsUltracsTransfer" />
      </TestCategory>
      <Execution id="16518e4e-9058-42bc-ab4f-6189bb96eefb" />
      <TestMethod codeBase="/codebuild/output/src2564200978/src/Kiwibank-kb-cap-c17b067d0899fd8eab76e994fac32f86b40b021f/services/payments-orchestrator/src/Testings.Integration.Mocked/bin/Release/net8.0/Kiwibank.Payments.PaymentsOrchestrator.Testings.Integration.Mocked.dll" adapterTypeName="executor://mstestadapter/v2" className="Kiwibank.Payments.PaymentsOrchestrator.Testings.Integration.Mocked.TestFeatures.POrchAPIFeature" name="POrchAPI_Valid_Payee_Reference_Return_Success_Todo" />
    </UnitTest>
    <UnitTest name="POrchAPI_Valid_Debtor_Particulars_Return_Success (=@#_%,.,201,)" storage="/codebuild/output/src2564200978/src/kiwibank-kb-cap-c17b067d0899fd8eab76e994fac32f86b40b021f/services/payments-orchestrator/src/testings.integration.mocked/bin/release/net8.0/kiwibank.payments.paymentsorchestrator.testings.integration.mocked.dll" id="3c51f788-470f-b068-a20a-cd42a6521795">
      <TestCategory>
        <TestCategoryItem TestCategory="POrchAPI" />
        <TestCategoryItem TestCategory="Process:L4ProcessPayment" />
        <TestCategoryItem TestCategory="Outcome:L4ProcessPayment.UltracsUltracsTransfer" />
      </TestCategory>
      <Execution id="77a1a38c-84ea-4dd6-8c88-37d34706c6f3" />
      <TestMethod codeBase="/codebuild/output/src2564200978/src/Kiwibank-kb-cap-c17b067d0899fd8eab76e994fac32f86b40b021f/services/payments-orchestrator/src/Testings.Integration.Mocked/bin/Release/net8.0/Kiwibank.Payments.PaymentsOrchestrator.Testings.Integration.Mocked.dll" adapterTypeName="executor://mstestadapter/v2" className="Kiwibank.Payments.PaymentsOrchestrator.Testings.Integration.Mocked.TestFeatures.POrchAPIFeature" name="POrchAPI_Valid_Debtor_Particulars_Return_Success" />
    </UnitTest>
    <UnitTest name="POrchAPI_Invalid_PAS_Response_Doesnt_Affect_POrch_Result (403,,)" storage="/codebuild/output/src2564200978/src/kiwibank-kb-cap-c17b067d0899fd8eab76e994fac32f86b40b021f/services/payments-orchestrator/src/testings.integration.mocked/bin/release/net8.0/kiwibank.payments.paymentsorchestrator.testings.integration.mocked.dll" id="3c202c3e-cb38-f9d5-3947-b248696c1469">
      <TestCategory>
        <TestCategoryItem TestCategory="POrchAPI" />
        <TestCategoryItem TestCategory="Process:L4ProcessPayment" />
        <TestCategoryItem TestCategory="Outcome:L4ProcessPayment.UltracsUltracsTransfer" />
      </TestCategory>
      <Execution id="0290cd82-836c-4eff-a6ca-53546380766e" />
      <TestMethod codeBase="/codebuild/output/src2564200978/src/Kiwibank-kb-cap-c17b067d0899fd8eab76e994fac32f86b40b021f/services/payments-orchestrator/src/Testings.Integration.Mocked/bin/Release/net8.0/Kiwibank.Payments.PaymentsOrchestrator.Testings.Integration.Mocked.dll" adapterTypeName="executor://mstestadapter/v2" className="Kiwibank.Payments.PaymentsOrchestrator.Testings.Integration.Mocked.TestFeatures.POrchAPIFeature" name="POrchAPI_Invalid_PAS_Response_Doesnt_Affect_POrch_Result" />
    </UnitTest>
    <UnitTest name="POrchAPI_Transfer_Invalid_Creditor_Code_Return_Error (},400,)" storage="/codebuild/output/src2564200978/src/kiwibank-kb-cap-c17b067d0899fd8eab76e994fac32f86b40b021f/services/payments-orchestrator/src/testings.integration.mocked/bin/release/net8.0/kiwibank.payments.paymentsorchestrator.testings.integration.mocked.dll" id="17123aeb-362b-66b0-2981-2994bc93be84">
      <TestCategory>
        <TestCategoryItem TestCategory="POrchAPI" />
        <TestCategoryItem TestCategory="NegativeTest" />
        <TestCategoryItem TestCategory="Process:L4ProcessPayment" />
        <TestCategoryItem TestCategory="Outcome:L4ProcessPayment.UltracsUltracs" />
      </TestCategory>
      <Execution id="a86bc66e-8f49-46fd-8b10-93b0b1286263" />
      <TestMethod codeBase="/codebuild/output/src2564200978/src/Kiwibank-kb-cap-c17b067d0899fd8eab76e994fac32f86b40b021f/services/payments-orchestrator/src/Testings.Integration.Mocked/bin/Release/net8.0/Kiwibank.Payments.PaymentsOrchestrator.Testings.Integration.Mocked.dll" adapterTypeName="executor://mstestadapter/v2" className="Kiwibank.Payments.PaymentsOrchestrator.Testings.Integration.Mocked.TestFeatures.POrchTransferFieldValidationFeature" name="POrchAPI_Transfer_Invalid_Creditor_Code_Return_Error" />
    </UnitTest>
    <UnitTest name="POrchAPI_UltracsToTMV_Negative_MiddleWare_Response_409 (AccountNumberIsInvalidError,409,)" storage="/codebuild/output/src2564200978/src/kiwibank-kb-cap-c17b067d0899fd8eab76e994fac32f86b40b021f/services/payments-orchestrator/src/testings.integration.mocked/bin/release/net8.0/kiwibank.payments.paymentsorchestrator.testings.integration.mocked.dll" id="790b325d-3abd-eec1-3755-0e7f95bfd137">
      <TestCategory>
        <TestCategoryItem TestCategory="POrchAPI" />
        <TestCategoryItem TestCategory="EDB-MPS-IPC-REQ.04" />
        <TestCategoryItem TestCategory="NegativeTest" />
        <TestCategoryItem TestCategory="Process:L4ProcessPayment" />
        <TestCategoryItem TestCategory="Outcome:L4ProcessPayment.UltracsTmvTransfer" />
      </TestCategory>
      <Execution id="56da3593-b15f-4100-8c70-f4a90b0d3cfb" />
      <TestMethod codeBase="/codebuild/output/src2564200978/src/Kiwibank-kb-cap-c17b067d0899fd8eab76e994fac32f86b40b021f/services/payments-orchestrator/src/Testings.Integration.Mocked/bin/Release/net8.0/Kiwibank.Payments.PaymentsOrchestrator.Testings.Integration.Mocked.dll" adapterTypeName="executor://mstestadapter/v2" className="Kiwibank.Payments.PaymentsOrchestrator.Testings.Integration.Mocked.TestFeatures.POrchAPITransferUltracsTMVFeature" name="POrchAPI_UltracsToTMV_Negative_MiddleWare_Response_409" />
    </UnitTest>
    <UnitTest name="POrchAPI_Valid_Creditor_Particulars_Return_Success (=@#_%,.,201,)" storage="/codebuild/output/src2564200978/src/kiwibank-kb-cap-c17b067d0899fd8eab76e994fac32f86b40b021f/services/payments-orchestrator/src/testings.integration.mocked/bin/release/net8.0/kiwibank.payments.paymentsorchestrator.testings.integration.mocked.dll" id="0e9c9dc4-cb99-11e9-939a-074176508061">
      <TestCategory>
        <TestCategoryItem TestCategory="POrchAPI" />
        <TestCategoryItem TestCategory="Process:L4ProcessPayment" />
        <TestCategoryItem TestCategory="Outcome:L4ProcessPayment.UltracsUltracsTransfer" />
      </TestCategory>
      <Execution id="590f9d91-f3ea-4aa1-85c8-af6feb46399b" />
      <TestMethod codeBase="/codebuild/output/src2564200978/src/Kiwibank-kb-cap-c17b067d0899fd8eab76e994fac32f86b40b021f/services/payments-orchestrator/src/Testings.Integration.Mocked/bin/Release/net8.0/Kiwibank.Payments.PaymentsOrchestrator.Testings.Integration.Mocked.dll" adapterTypeName="executor://mstestadapter/v2" className="Kiwibank.Payments.PaymentsOrchestrator.Testings.Integration.Mocked.TestFeatures.POrchAPIFeature" name="POrchAPI_Valid_Creditor_Particulars_Return_Success" />
    </UnitTest>
    <UnitTest name="POrchAPI_Other_Middleware_Responses_Do_Not_Retry (InsufficientFundsError,409,)" storage="/codebuild/output/src2564200978/src/kiwibank-kb-cap-c17b067d0899fd8eab76e994fac32f86b40b021f/services/payments-orchestrator/src/testings.integration.mocked/bin/release/net8.0/kiwibank.payments.paymentsorchestrator.testings.integration.mocked.dll" id="97df8d55-ad90-bd8f-de70-c9dc2b92e2c7">
      <TestCategory>
        <TestCategoryItem TestCategory="Process:L4ProcessPayment" />
        <TestCategoryItem TestCategory="scenarioTest" />
        <TestCategoryItem TestCategory="Outcome:L4ProcessPayment.UltracsUltracsTransfer" />
      </TestCategory>
      <Execution id="9d21e692-3e95-4a23-87df-ca355eb758ec" />
      <TestMethod codeBase="/codebuild/output/src2564200978/src/Kiwibank-kb-cap-c17b067d0899fd8eab76e994fac32f86b40b021f/services/payments-orchestrator/src/Testings.Integration.Mocked/bin/Release/net8.0/Kiwibank.Payments.PaymentsOrchestrator.Testings.Integration.Mocked.dll" adapterTypeName="executor://mstestadapter/v2" className="Kiwibank.Payments.PaymentsOrchestrator.Testings.Integration.Mocked.TestFeatures.POrchDownstreamServicesRetryAppropriatelyFeature" name="POrchAPI_Other_Middleware_Responses_Do_Not_Retry" />
    </UnitTest>
    <UnitTest name="POrchAPI_Transfer_Invalid_Debtor_Account_Source_Return_Error (External,400,'DebtorAccountSource' can only be Ultracs or TMV for transfers.,)" storage="/codebuild/output/src2564200978/src/kiwibank-kb-cap-c17b067d0899fd8eab76e994fac32f86b40b021f/services/payments-orchestrator/src/testings.integration.mocked/bin/release/net8.0/kiwibank.payments.paymentsorchestrator.testings.integration.mocked.dll" id="f508055b-5bee-31e3-7739-a002119aa0d0">
      <TestCategory>
        <TestCategoryItem TestCategory="POrchAPI" />
        <TestCategoryItem TestCategory="NegativeTest" />
        <TestCategoryItem TestCategory="Process:L4ProcessPayment" />
        <TestCategoryItem TestCategory="Outcome:L4ProcessPayment.UltracsUltracs" />
      </TestCategory>
      <Execution id="41adb2c0-4d38-4049-8166-265df9f9e114" />
      <TestMethod codeBase="/codebuild/output/src2564200978/src/Kiwibank-kb-cap-c17b067d0899fd8eab76e994fac32f86b40b021f/services/payments-orchestrator/src/Testings.Integration.Mocked/bin/Release/net8.0/Kiwibank.Payments.PaymentsOrchestrator.Testings.Integration.Mocked.dll" adapterTypeName="executor://mstestadapter/v2" className="Kiwibank.Payments.PaymentsOrchestrator.Testings.Integration.Mocked.TestFeatures.POrchTransferFieldValidationFeature" name="POrchAPI_Transfer_Invalid_Debtor_Account_Source_Return_Error" />
    </UnitTest>
    <UnitTest name="POrchAPI_Valid_Debtor_Code_Return_Success (()+$*!;-/?:,201,)" storage="/codebuild/output/src2564200978/src/kiwibank-kb-cap-c17b067d0899fd8eab76e994fac32f86b40b021f/services/payments-orchestrator/src/testings.integration.mocked/bin/release/net8.0/kiwibank.payments.paymentsorchestrator.testings.integration.mocked.dll" id="566b1200-57eb-44bd-2743-4b05607b5df1">
      <TestCategory>
        <TestCategoryItem TestCategory="POrchAPI" />
        <TestCategoryItem TestCategory="Process:L4ProcessPayment" />
        <TestCategoryItem TestCategory="Outcome:L4ProcessPayment.UltracsUltracsTransfer" />
      </TestCategory>
      <Execution id="39d23a05-3877-43f2-a0ca-a7f15a7f1d08" />
      <TestMethod codeBase="/codebuild/output/src2564200978/src/Kiwibank-kb-cap-c17b067d0899fd8eab76e994fac32f86b40b021f/services/payments-orchestrator/src/Testings.Integration.Mocked/bin/Release/net8.0/Kiwibank.Payments.PaymentsOrchestrator.Testings.Integration.Mocked.dll" adapterTypeName="executor://mstestadapter/v2" className="Kiwibank.Payments.PaymentsOrchestrator.Testings.Integration.Mocked.TestFeatures.POrchAPIFeature" name="POrchAPI_Valid_Debtor_Code_Return_Success" />
    </UnitTest>
    <UnitTest name="ChallengeAndResponseDecisionEndpointIsAccessible (Cancel,PaymentCancelled,)" storage="/codebuild/output/src2564200978/src/kiwibank-kb-cap-c17b067d0899fd8eab76e994fac32f86b40b021f/services/payments-orchestrator/src/testings.integration.mocked/bin/release/net8.0/kiwibank.payments.paymentsorchestrator.testings.integration.mocked.dll" id="45782df9-6cc6-9c66-8f7c-93fd9cd53f3d">
      <TestCategory>
        <TestCategoryItem TestCategory="Process:L4ProcessPayment" />
      </TestCategory>
      <Execution id="a2f133bf-dbd2-41fa-86d6-8765268b128d" />
      <TestMethod codeBase="/codebuild/output/src2564200978/src/Kiwibank-kb-cap-c17b067d0899fd8eab76e994fac32f86b40b021f/services/payments-orchestrator/src/Testings.Integration.Mocked/bin/Release/net8.0/Kiwibank.Payments.PaymentsOrchestrator.Testings.Integration.Mocked.dll" adapterTypeName="executor://mstestadapter/v2" className="Kiwibank.Payments.PaymentsOrchestrator.Testings.Integration.Mocked.TestFeatures.ChallengeAndResponseEndpointsForPOrchFeature" name="ChallengeAndResponseDecisionEndpointIsAccessible" />
    </UnitTest>
    <UnitTest name="POrchAPI_Other_Fraud_Responses_Do_Not_Retry (Decline,409,)" storage="/codebuild/output/src2564200978/src/kiwibank-kb-cap-c17b067d0899fd8eab76e994fac32f86b40b021f/services/payments-orchestrator/src/testings.integration.mocked/bin/release/net8.0/kiwibank.payments.paymentsorchestrator.testings.integration.mocked.dll" id="cde0434b-bd2d-c388-0502-f1cc3498473d">
      <TestCategory>
        <TestCategoryItem TestCategory="Process:L4ProcessPayment" />
        <TestCategoryItem TestCategory="scenarioTest" />
        <TestCategoryItem TestCategory="Outcome:L4ProcessPayment.UltracsUltracsTransfer" />
      </TestCategory>
      <Execution id="898e48e6-f234-4467-ba76-a339c894280f" />
      <TestMethod codeBase="/codebuild/output/src2564200978/src/Kiwibank-kb-cap-c17b067d0899fd8eab76e994fac32f86b40b021f/services/payments-orchestrator/src/Testings.Integration.Mocked/bin/Release/net8.0/Kiwibank.Payments.PaymentsOrchestrator.Testings.Integration.Mocked.dll" adapterTypeName="executor://mstestadapter/v2" className="Kiwibank.Payments.PaymentsOrchestrator.Testings.Integration.Mocked.TestFeatures.POrchDownstreamServicesRetryAppropriatelyFeature" name="POrchAPI_Other_Fraud_Responses_Do_Not_Retry" />
    </UnitTest>
    <UnitTest name="POrchAPI_UltracsTMV_Transfer_Invalid_Transfer_Reference_Return_Error (transfer,400,)" storage="/codebuild/output/src2564200978/src/kiwibank-kb-cap-c17b067d0899fd8eab76e994fac32f86b40b021f/services/payments-orchestrator/src/testings.integration.mocked/bin/release/net8.0/kiwibank.payments.paymentsorchestrator.testings.integration.mocked.dll" id="0c35ab26-c024-d956-23a5-b4f2d6aef4c2">
      <TestCategory>
        <TestCategoryItem TestCategory="POrchAPI" />
        <TestCategoryItem TestCategory="NegativeTest" />
        <TestCategoryItem TestCategory="Process:L4ProcessPayment" />
        <TestCategoryItem TestCategory="Outcome:L4ProcessPayment.UltracsUltracs" />
      </TestCategory>
      <Execution id="c2bf5666-a1d9-4437-92ce-a67b11271137" />
      <TestMethod codeBase="/codebuild/output/src2564200978/src/Kiwibank-kb-cap-c17b067d0899fd8eab76e994fac32f86b40b021f/services/payments-orchestrator/src/Testings.Integration.Mocked/bin/Release/net8.0/Kiwibank.Payments.PaymentsOrchestrator.Testings.Integration.Mocked.dll" adapterTypeName="executor://mstestadapter/v2" className="Kiwibank.Payments.PaymentsOrchestrator.Testings.Integration.Mocked.TestFeatures.POrchTransferFieldValidationFeature" name="POrchAPI_UltracsTMV_Transfer_Invalid_Transfer_Reference_Return_Error" />
    </UnitTest>
    <UnitTest name="POrchAPI_To_ExternalAccount_Successful" storage="/codebuild/output/src2564200978/src/kiwibank-kb-cap-c17b067d0899fd8eab76e994fac32f86b40b021f/services/payments-orchestrator/src/testings.integration.mocked/bin/release/net8.0/kiwibank.payments.paymentsorchestrator.testings.integration.mocked.dll" id="8f91f03b-52eb-2c3c-675c-55cedbafec7f">
      <TestCategory>
        <TestCategoryItem TestCategory="POrchAPI" />
        <TestCategoryItem TestCategory="Process:L4ProcessPayment" />
        <TestCategoryItem TestCategory="Outcome:L4ProcessPayment.UltracsUltracsTransfer" />
      </TestCategory>
      <Execution id="bd065422-6d7a-4c94-aba4-79e8b58e27f9" />
      <TestMethod codeBase="/codebuild/output/src2564200978/src/Kiwibank-kb-cap-c17b067d0899fd8eab76e994fac32f86b40b021f/services/payments-orchestrator/src/Testings.Integration.Mocked/bin/Release/net8.0/Kiwibank.Payments.PaymentsOrchestrator.Testings.Integration.Mocked.dll" adapterTypeName="executor://mstestadapter/v2" className="Kiwibank.Payments.PaymentsOrchestrator.Testings.Integration.Mocked.TestFeatures.POrchAPIFeature" name="POrchAPI_To_ExternalAccount_Successful" />
    </UnitTest>
  </TestDefinitions>
  <TestEntries>
    <TestEntry testId="77b189ce-eb39-7c71-e2c3-21da24d1bcc0" executionId="31cafbc6-6fa6-4ae9-b348-1c414a8940ea" testListId="8c84fa94-04c1-424b-9868-57a2d4851a1d" />
    <TestEntry testId="9949895d-04f1-c413-02a3-f5fbc14f55ed" executionId="2f22897a-b327-4534-9440-4b791444f744" testListId="8c84fa94-04c1-424b-9868-57a2d4851a1d" />
    <TestEntry testId="0c35ab26-c024-d956-23a5-b4f2d6aef4c2" executionId="c2bf5666-a1d9-4437-92ce-a67b11271137" testListId="8c84fa94-04c1-424b-9868-57a2d4851a1d" />
    <TestEntry testId="566b1200-57eb-44bd-2743-4b05607b5df1" executionId="39d23a05-3877-43f2-a0ca-a7f15a7f1d08" testListId="8c84fa94-04c1-424b-9868-57a2d4851a1d" />
    <TestEntry testId="b8ce9f29-cdc4-e1d3-26c0-ac7a8c66e827" executionId="935b6288-ab2b-477a-a881-468291b7f825" testListId="8c84fa94-04c1-424b-9868-57a2d4851a1d" />
    <TestEntry testId="429a1c3b-e939-1746-62d9-442bf834c169" executionId="e38ea98a-b46d-46aa-9d76-755f7a7386c0" testListId="8c84fa94-04c1-424b-9868-57a2d4851a1d" />
    <TestEntry testId="2312b328-8686-77ae-427a-1dc0d27ceadb" executionId="df7a7467-a2c4-4cc0-ae6d-d13366a81637" testListId="8c84fa94-04c1-424b-9868-57a2d4851a1d" />
    <TestEntry testId="ab6d71d0-ee6a-f04c-a6dd-a8a8852d24a1" executionId="9dd61406-84a9-49db-ae0c-f80101a1fbd1" testListId="8c84fa94-04c1-424b-9868-57a2d4851a1d" />
    <TestEntry testId="4ce7a7b1-260a-ec58-a1fb-b116afa545c9" executionId="c5deb0f0-40b6-47c5-a152-3b4d16dcf79e" testListId="8c84fa94-04c1-424b-9868-57a2d4851a1d" />
    <TestEntry testId="5a784b05-d140-3c48-a864-8715e0cfaed9" executionId="0a774e4f-9cb9-4fe3-9795-2338ba762a9b" testListId="8c84fa94-04c1-424b-9868-57a2d4851a1d" />
    <TestEntry testId="f2eac08d-8d7d-c6e7-2cda-0b64c57484bd" executionId="98b49efd-7afd-4b8e-a3db-d913433e16fc" testListId="8c84fa94-04c1-424b-9868-57a2d4851a1d" />
    <TestEntry testId="a3c39b41-51e1-a78c-afd1-34265f9d4312" executionId="e656d47d-a26f-46cc-89c0-de1934a19c52" testListId="8c84fa94-04c1-424b-9868-57a2d4851a1d" />
    <TestEntry testId="ecec72ae-4a1b-0909-ceb8-34060384e02f" executionId="510da119-d51f-4ec3-b340-5c9421aa2780" testListId="8c84fa94-04c1-424b-9868-57a2d4851a1d" />
    <TestEntry testId="f77ab445-72c1-9358-91c3-ed101d29fad1" executionId="85bb6cd4-c63a-449c-900c-befaae0aaae9" testListId="8c84fa94-04c1-424b-9868-57a2d4851a1d" />
    <TestEntry testId="e3d003eb-216d-67bb-ca2c-8e3b1ca8a7b8" executionId="b2be0988-539c-453f-bf74-b5ff6cc23cc8" testListId="8c84fa94-04c1-424b-9868-57a2d4851a1d" />
    <TestEntry testId="0cf8d1ee-2aa5-1f26-f781-4fea09aaca63" executionId="3a31457d-df0a-4c92-9488-82691b1320b7" testListId="8c84fa94-04c1-424b-9868-57a2d4851a1d" />
    <TestEntry testId="ca7de9fd-b635-9a89-8d2f-9d0eb6bc888b" executionId="543c9f1c-eb2d-48d7-949d-78f8c1ee3673" testListId="8c84fa94-04c1-424b-9868-57a2d4851a1d" />
    <TestEntry testId="1bfbc150-832a-e4ca-ae13-017131075b85" executionId="8dbf506e-9d00-4966-9435-478701d9dcd1" testListId="8c84fa94-04c1-424b-9868-57a2d4851a1d" />
    <TestEntry testId="71d1c267-cd8e-60d5-e61b-182ab1bdc68a" executionId="72a6aa5e-12fd-44cc-9b40-8631d830337c" testListId="8c84fa94-04c1-424b-9868-57a2d4851a1d" />
    <TestEntry testId="487b5447-1e0e-25cb-4f41-b1e89c7b33b5" executionId="46253645-df5c-47b8-a70b-0e3309ea8c69" testListId="8c84fa94-04c1-424b-9868-57a2d4851a1d" />
    <TestEntry testId="124a5e80-5b0d-71a0-1c67-af5274a72cea" executionId="26e9966b-8844-4a74-8549-322cb05e2f52" testListId="8c84fa94-04c1-424b-9868-57a2d4851a1d" />
    <TestEntry testId="b62d72e0-9de4-5866-12c5-253681d0df88" executionId="4af1f83d-4e77-4147-9ab4-006623bb7553" testListId="8c84fa94-04c1-424b-9868-57a2d4851a1d" />
    <TestEntry testId="f2684dfd-f53c-b5d2-96f0-3d700f9cbced" executionId="509664fa-9f2c-4803-9ed7-c9f96b07e16c" testListId="8c84fa94-04c1-424b-9868-57a2d4851a1d" />
    <TestEntry testId="ea760280-3855-9de7-a46e-864928aef426" executionId="ac2482e5-ea4b-4592-8e8e-e48fd72c50dc" testListId="8c84fa94-04c1-424b-9868-57a2d4851a1d" />
    <TestEntry testId="a0157183-2b9e-596f-c60a-e365112807dc" executionId="70e940a3-e6a9-43d2-a4f0-ca36fc96622f" testListId="8c84fa94-04c1-424b-9868-57a2d4851a1d" />
    <TestEntry testId="8b7df467-989e-dea2-b676-4968df992a0d" executionId="422a8d39-44db-41d1-b0e3-0da3d66481d9" testListId="8c84fa94-04c1-424b-9868-57a2d4851a1d" />
    <TestEntry testId="e7d2e063-5684-48de-cbd6-388356d5f6fc" executionId="2cf3e876-1f62-4280-9fd7-9b7897af8cd8" testListId="8c84fa94-04c1-424b-9868-57a2d4851a1d" />
    <TestEntry testId="1012c324-8161-0942-c41e-efe0e24c3068" executionId="f29bf0d9-bb83-4460-9193-c643356ef03d" testListId="8c84fa94-04c1-424b-9868-57a2d4851a1d" />
    <TestEntry testId="3706f52f-501f-e437-b20e-47a7a96d2a24" executionId="e5a8a226-0b64-4b2b-8ea9-912d705add0f" testListId="8c84fa94-04c1-424b-9868-57a2d4851a1d" />
    <TestEntry testId="e0c97504-1436-a1ed-d7df-2c297bbad90c" executionId="23f477d2-6fc2-4594-b01b-b2998278f69d" testListId="8c84fa94-04c1-424b-9868-57a2d4851a1d" />
    <TestEntry testId="bd1a2810-75db-7add-94a1-1261e7ac4845" executionId="b2f02570-5ce8-46aa-af10-ef554d181350" testListId="8c84fa94-04c1-424b-9868-57a2d4851a1d" />
    <TestEntry testId="cde0434b-bd2d-c388-0502-f1cc3498473d" executionId="898e48e6-f234-4467-ba76-a339c894280f" testListId="8c84fa94-04c1-424b-9868-57a2d4851a1d" />
    <TestEntry testId="ffc04f98-ebde-4d4a-8364-6dbb9f652689" executionId="1a95ab00-06a0-42ed-a4c8-041f0dc122f9" testListId="8c84fa94-04c1-424b-9868-57a2d4851a1d" />
    <TestEntry testId="4c10f3c4-fd8c-41f9-b944-356e748b698a" executionId="1ca6d75b-a1d2-4616-88a7-f8cdbe7d5ed7" testListId="8c84fa94-04c1-424b-9868-57a2d4851a1d" />
    <TestEntry testId="50ca2893-6404-dd2c-fb98-40482ee17ad2" executionId="e9144631-3100-4ebe-a1d2-303158b05f57" testListId="8c84fa94-04c1-424b-9868-57a2d4851a1d" />
    <TestEntry testId="3d69c8e0-c71d-c253-b1df-d8f83d8df8e6" executionId="279a494d-13c7-4f4d-85f7-57f7a445a2a0" testListId="8c84fa94-04c1-424b-9868-57a2d4851a1d" />
    <TestEntry testId="0e9c9dc4-cb99-11e9-939a-074176508061" executionId="590f9d91-f3ea-4aa1-85c8-af6feb46399b" testListId="8c84fa94-04c1-424b-9868-57a2d4851a1d" />
    <TestEntry testId="3c9ce4a6-a234-4f04-3950-b005d33815c2" executionId="cc25b0b2-6b25-4a42-b1d6-0cc41fab5b81" testListId="8c84fa94-04c1-424b-9868-57a2d4851a1d" />
    <TestEntry testId="6f66e914-9cfb-4f18-5611-3ca4f7f1471d" executionId="1da10ad2-151a-4aa2-966b-e4ee5a457ab4" testListId="8c84fa94-04c1-424b-9868-57a2d4851a1d" />
    <TestEntry testId="549ae9f4-6b0c-80f5-d847-88cbb37cd83c" executionId="cebfada4-525f-4496-ab94-0ea140799477" testListId="8c84fa94-04c1-424b-9868-57a2d4851a1d" />
    <TestEntry testId="55967ab3-f02b-24cf-715e-447550358823" executionId="29ff8f1e-8d16-4c8b-a639-e61d22188e49" testListId="8c84fa94-04c1-424b-9868-57a2d4851a1d" />
    <TestEntry testId="89804543-53e1-d8c6-96f9-d64716b77f4c" executionId="bbbbcab1-83d5-43dd-8b39-b57ed44b3de7" testListId="8c84fa94-04c1-424b-9868-57a2d4851a1d" />
    <TestEntry testId="903cd4f8-517c-7a37-07f4-921fbc9d361d" executionId="69b27065-7f34-4ba4-ac1f-36f08e7704fc" testListId="8c84fa94-04c1-424b-9868-57a2d4851a1d" />
    <TestEntry testId="9458c6ec-e5a8-9efa-fa5f-996f70cbe542" executionId="479b76c9-88d4-4c48-b2c1-3c7553cd6b4b" testListId="8c84fa94-04c1-424b-9868-57a2d4851a1d" />
    <TestEntry testId="eebc9ed1-f2e7-45fc-4115-381dd920666a" executionId="8559fc9f-7fa8-45c8-bd39-62b0d32cdd61" testListId="8c84fa94-04c1-424b-9868-57a2d4851a1d" />
    <TestEntry testId="0b2452c9-3768-d7b0-b1d6-1659f9a1efa7" executionId="bca192e7-5c8d-404c-987d-21c3a7d41285" testListId="8c84fa94-04c1-424b-9868-57a2d4851a1d" />
    <TestEntry testId="682d9c8c-0c1a-75fd-a1d2-d379a05c7ce3" executionId="b747a449-8875-435f-9595-b49daaed6d94" testListId="8c84fa94-04c1-424b-9868-57a2d4851a1d" />
    <TestEntry testId="8dc1d0ae-0d54-54ca-643f-2bdcb01eb030" executionId="3d6ff6e1-0f73-4895-b77c-6ecdaa00feb8" testListId="8c84fa94-04c1-424b-9868-57a2d4851a1d" />
    <TestEntry testId="75c9d967-90eb-dc3b-3504-20fd3872b6a3" executionId="5c30bd98-6748-4813-910d-ba8af75c2688" testListId="8c84fa94-04c1-424b-9868-57a2d4851a1d" />
    <TestEntry testId="42a3bc4d-02bc-8094-0907-2e9fbb08778b" executionId="1ba6313c-9b3f-4beb-b6d1-db4a5204e9af" testListId="8c84fa94-04c1-424b-9868-57a2d4851a1d" />
    <TestEntry testId="adf1aabf-ee1c-1eb6-cb0b-7dfcdb73cc2e" executionId="f3190d77-0c81-4f3d-a1e7-e80b306fb118" testListId="8c84fa94-04c1-424b-9868-57a2d4851a1d" />
    <TestEntry testId="f644defc-09e1-a2b2-0b72-6e70140be709" executionId="7d16bfb8-805e-4140-82a5-290d3ad2adaa" testListId="8c84fa94-04c1-424b-9868-57a2d4851a1d" />
    <TestEntry testId="53b6770d-123b-c33a-2e83-ccd7b92d6331" executionId="11602913-01a0-4be4-8e71-1027093d6dd9" testListId="8c84fa94-04c1-424b-9868-57a2d4851a1d" />
    <TestEntry testId="5f5c9022-b4ac-a4d0-1be9-5e586da98280" executionId="384f1294-ce14-4227-a398-d1a0a79484da" testListId="8c84fa94-04c1-424b-9868-57a2d4851a1d" />
    <TestEntry testId="250ddffa-5865-dc85-3782-1d123181032f" executionId="86672372-cd1a-4a96-aaaa-7eabe10e8cfe" testListId="8c84fa94-04c1-424b-9868-57a2d4851a1d" />
    <TestEntry testId="e6a694f9-d3f0-9a3a-82cb-9c48c0d4fe95" executionId="4f7095e0-9109-4140-b83b-3dfa4e77627a" testListId="8c84fa94-04c1-424b-9868-57a2d4851a1d" />
    <TestEntry testId="4744d4ae-2521-b24e-d5ed-700cfccee5b6" executionId="bcff0e1e-5b8c-41f3-a334-aae10f2c10ec" testListId="8c84fa94-04c1-424b-9868-57a2d4851a1d" />
    <TestEntry testId="6e13db0b-eab0-62c7-9943-5f8d6499ceec" executionId="e7c72762-cfd0-48d4-be9f-a136b4e257d8" testListId="8c84fa94-04c1-424b-9868-57a2d4851a1d" />
    <TestEntry testId="a7dcfefc-4bb1-7cd3-999f-cc58af315ef6" executionId="f54fdd3d-2876-44d6-a530-4b3fc2835600" testListId="8c84fa94-04c1-424b-9868-57a2d4851a1d" />
    <TestEntry testId="67b89cf1-9fd9-82c6-35df-146c899a8938" executionId="5eb62f83-d589-4bb3-9fdc-46d31938c970" testListId="8c84fa94-04c1-424b-9868-57a2d4851a1d" />
    <TestEntry testId="ae49b406-a129-4a99-756f-9445e7e0bcb8" executionId="f152997d-4d94-4ade-ab41-a874529df201" testListId="8c84fa94-04c1-424b-9868-57a2d4851a1d" />
    <TestEntry testId="40b05d2c-3508-4dea-d68b-5b8372859f2c" executionId="5096b374-f393-4e85-b78d-15f77b6e9454" testListId="8c84fa94-04c1-424b-9868-57a2d4851a1d" />
    <TestEntry testId="67e37726-eab6-6c29-52b6-70f881dce15b" executionId="674aaf81-6700-498c-be4b-7079f42b6a61" testListId="8c84fa94-04c1-424b-9868-57a2d4851a1d" />
    <TestEntry testId="3d6e4665-1829-641c-4861-4af62b7a71a9" executionId="56ebf961-2884-472a-aaed-70496aca085f" testListId="8c84fa94-04c1-424b-9868-57a2d4851a1d" />
    <TestEntry testId="770a30e6-f1f8-6922-1dd6-9f6a8a8c05a1" executionId="a3ee159c-29e4-414f-86e8-ae384f8f977c" testListId="8c84fa94-04c1-424b-9868-57a2d4851a1d" />
    <TestEntry testId="ebb7c562-38a7-096a-0612-1d420361f243" executionId="e87f1ba1-bd18-4033-b523-165015b46691" testListId="8c84fa94-04c1-424b-9868-57a2d4851a1d" />
    <TestEntry testId="a310d40e-f014-60e6-7b2c-ec53a7367fc9" executionId="e9eb58d8-702d-48a6-a9bc-9bca12845ea3" testListId="8c84fa94-04c1-424b-9868-57a2d4851a1d" />
    <TestEntry testId="b9c9f4bb-12e2-f31d-1164-f61d3e0a5f5b" executionId="fb598524-feb4-4532-96fa-5b17076f9773" testListId="8c84fa94-04c1-424b-9868-57a2d4851a1d" />
    <TestEntry testId="e0888376-299a-3fad-9735-42c534ccca04" executionId="024b4b3a-6a54-4df2-8337-fa803643ae6a" testListId="8c84fa94-04c1-424b-9868-57a2d4851a1d" />
    <TestEntry testId="dcb661a8-080d-71c7-db9e-f900984a04d7" executionId="97f9c44a-e6b2-4a7d-aa1a-493915b4fc25" testListId="8c84fa94-04c1-424b-9868-57a2d4851a1d" />
    <TestEntry testId="2e747181-a559-95b7-a3ff-f517b34504e5" executionId="c0f63d4e-5e0b-41d8-9f5a-848e3b902588" testListId="8c84fa94-04c1-424b-9868-57a2d4851a1d" />
    <TestEntry testId="01acd6f1-ea71-38f7-18ae-626b04ac3478" executionId="ff7d734a-f11b-4548-ae51-38a0587d24d3" testListId="8c84fa94-04c1-424b-9868-57a2d4851a1d" />
    <TestEntry testId="1aaafd23-625c-e340-226c-f8478ccc875e" executionId="c3552f51-dacd-42b1-a26e-5b645b11c35c" testListId="8c84fa94-04c1-424b-9868-57a2d4851a1d" />
    <TestEntry testId="c67d40ef-7aa0-2b61-c77e-51a5c90cb5be" executionId="3e905d76-fb8b-4917-90c8-d67dbb541196" testListId="8c84fa94-04c1-424b-9868-57a2d4851a1d" />
    <TestEntry testId="2c9ea2e6-7811-c0cf-ceda-c0a495e83bbe" executionId="39a03902-c918-48bd-851f-d4229ff4478a" testListId="8c84fa94-04c1-424b-9868-57a2d4851a1d" />
    <TestEntry testId="49a78842-ec47-7cc5-2701-fa32c229c763" executionId="6ef35d14-4e4d-476d-837d-85120453cabe" testListId="8c84fa94-04c1-424b-9868-57a2d4851a1d" />
    <TestEntry testId="e93e5a9a-ab06-56d7-b779-cdb7aa605acc" executionId="c0b5c569-c4a4-4805-8f72-65fce39d5023" testListId="8c84fa94-04c1-424b-9868-57a2d4851a1d" />
    <TestEntry testId="550c4634-a435-f6fa-91e9-954fe692c2a9" executionId="2ea9cbbb-5e8f-44b5-a6cd-adfa22792584" testListId="8c84fa94-04c1-424b-9868-57a2d4851a1d" />
    <TestEntry testId="6929a334-af19-28ff-1261-b86a33752757" executionId="f58de230-86cb-41b7-bd6e-64a6dadf03db" testListId="8c84fa94-04c1-424b-9868-57a2d4851a1d" />
    <TestEntry testId="f8a4a244-dbd0-c4f9-e484-9d9cd1b3f176" executionId="041068d8-03c2-4573-a867-11e1c56f9944" testListId="8c84fa94-04c1-424b-9868-57a2d4851a1d" />
    <TestEntry testId="37322710-4f83-355d-c165-4ada16078ec2" executionId="16518e4e-9058-42bc-ab4f-6189bb96eefb" testListId="8c84fa94-04c1-424b-9868-57a2d4851a1d" />
    <TestEntry testId="0ab362cb-d48b-f45c-dc7e-403a2a8556ef" executionId="bb7cf2ec-7cd5-4f79-8b39-2e5a81da6e2e" testListId="8c84fa94-04c1-424b-9868-57a2d4851a1d" />
    <TestEntry testId="4a656428-a2cf-3901-edf6-8416647c8b40" executionId="f0ecfe14-7535-4dd1-9fe1-0d6f4949911a" testListId="8c84fa94-04c1-424b-9868-57a2d4851a1d" />
    <TestEntry testId="bf597c8f-6d88-69fd-7af2-70d0b1b56fa7" executionId="b7538d18-9333-4315-86a7-11c8d366e565" testListId="8c84fa94-04c1-424b-9868-57a2d4851a1d" />
    <TestEntry testId="e6a6ceda-dfef-7277-77b1-95458be43904" executionId="4f406a87-5b78-495b-ab4a-4004fec42a8c" testListId="8c84fa94-04c1-424b-9868-57a2d4851a1d" />
    <TestEntry testId="3005acbb-bd0a-569e-1890-86c7b486cbc0" executionId="dceb3f0b-cf0c-4424-b4d8-2e1954e655d9" testListId="8c84fa94-04c1-424b-9868-57a2d4851a1d" />
    <TestEntry testId="7732a642-5f4c-48dd-1d7e-985649745b2b" executionId="425821fa-9fd0-4d3d-9ff6-9d5928e5edf7" testListId="8c84fa94-04c1-424b-9868-57a2d4851a1d" />
    <TestEntry testId="39bffd83-9007-e2f4-e442-04d0b842cdea" executionId="969f8917-63eb-4721-8dc5-6f568c846104" testListId="8c84fa94-04c1-424b-9868-57a2d4851a1d" />
    <TestEntry testId="46370a69-f762-494a-36ea-c68ad69179c4" executionId="3291a613-2f83-43cd-b1d0-b8fb069a7ef7" testListId="8c84fa94-04c1-424b-9868-57a2d4851a1d" />
    <TestEntry testId="3a63ca50-c45c-09f6-c8d8-5c73d507111e" executionId="812c4207-ab83-4fcb-8daa-f0fdfa8ebf6a" testListId="8c84fa94-04c1-424b-9868-57a2d4851a1d" />
    <TestEntry testId="100bbf7a-69e8-fc51-888e-46253336c0ce" executionId="ab0f1ebd-34a5-4154-823e-d7735ae04a99" testListId="8c84fa94-04c1-424b-9868-57a2d4851a1d" />
    <TestEntry testId="7851ebde-72f9-3991-4091-a85fc3a11eba" executionId="0ed868f5-90e4-4409-b86b-97782bfbd487" testListId="8c84fa94-04c1-424b-9868-57a2d4851a1d" />
    <TestEntry testId="a96aeaab-ab34-d0c0-ddcf-e1f5c6aa6924" executionId="06a66df4-b4f6-4cd0-ad4b-59d0f6f494cd" testListId="8c84fa94-04c1-424b-9868-57a2d4851a1d" />
    <TestEntry testId="912abe41-bb13-547c-08b8-149371040095" executionId="d03be6a7-316c-4aef-84a3-9701e6f415b3" testListId="8c84fa94-04c1-424b-9868-57a2d4851a1d" />
    <TestEntry testId="23b19723-4ec5-2db0-0284-22ee74c1872a" executionId="4c071d99-a058-4ccd-be12-9259031dbe8b" testListId="8c84fa94-04c1-424b-9868-57a2d4851a1d" />
    <TestEntry testId="a923da62-0967-101d-20f5-b36319276a81" executionId="9fd07c79-f8e5-490d-8d94-b0f799c82dd1" testListId="8c84fa94-04c1-424b-9868-57a2d4851a1d" />
    <TestEntry testId="cb4fe453-385e-5b34-821a-7787f23cec1a" executionId="0aacfeb6-9d66-455c-a573-38f026cf26b9" testListId="8c84fa94-04c1-424b-9868-57a2d4851a1d" />
    <TestEntry testId="7e4ff303-6afd-4499-de8d-cb38653a6f34" executionId="abfa8637-0286-4d35-9f82-6ca8c2825e35" testListId="8c84fa94-04c1-424b-9868-57a2d4851a1d" />
    <TestEntry testId="90f3763a-3900-3afd-f670-8ed70f8a8e9e" executionId="030f0adc-5841-43e7-9c46-b8a58863aa81" testListId="8c84fa94-04c1-424b-9868-57a2d4851a1d" />
    <TestEntry testId="67871900-0900-889d-1aef-49ad77f50ba8" executionId="aba12510-1e7e-40f0-9cff-b33a389e1872" testListId="8c84fa94-04c1-424b-9868-57a2d4851a1d" />
    <TestEntry testId="6e0b63eb-2fd6-39bc-279e-348579ae6eae" executionId="d8e8c260-5435-4dec-8aae-bc18c9238449" testListId="8c84fa94-04c1-424b-9868-57a2d4851a1d" />
    <TestEntry testId="032f12d0-722f-e4e5-5e5f-09b7a65d8a24" executionId="c23d2ca6-a9bd-4fa0-b354-9634894101de" testListId="8c84fa94-04c1-424b-9868-57a2d4851a1d" />
    <TestEntry testId="53c1eb3d-2c21-ebf0-7781-bbd510504b80" executionId="5bae854d-a2f5-4cc3-b14d-0429df549d34" testListId="8c84fa94-04c1-424b-9868-57a2d4851a1d" />
    <TestEntry testId="440dfa76-f2d6-e073-a941-9c06f5701cb8" executionId="677b9cff-c309-4aa2-96cf-e9a7686f6db0" testListId="8c84fa94-04c1-424b-9868-57a2d4851a1d" />
    <TestEntry testId="2fecca67-338e-25c3-05f8-daf7beebf1e8" executionId="7f8e8955-b3be-47ca-b4ad-120f17f572e7" testListId="8c84fa94-04c1-424b-9868-57a2d4851a1d" />
    <TestEntry testId="018ced43-41c2-42e8-f806-f4bb8c3aa21c" executionId="4e6c4e9e-b0d1-4e15-9902-9f6ef1ffec59" testListId="8c84fa94-04c1-424b-9868-57a2d4851a1d" />
    <TestEntry testId="bc26215c-221b-e92a-8858-77f541750414" executionId="636b2a09-90d1-4c4f-b9a0-522ff126d706" testListId="8c84fa94-04c1-424b-9868-57a2d4851a1d" />
    <TestEntry testId="6c1c4578-a7af-aca4-9467-6b8db73501c1" executionId="19f96be7-46a7-4d5d-9545-ad71eabfc108" testListId="8c84fa94-04c1-424b-9868-57a2d4851a1d" />
    <TestEntry testId="bd7de458-b30d-1d8e-6031-b0f25ccd5a5d" executionId="83c3fa6e-b9f4-48f2-a4eb-f3a2771e2cd1" testListId="8c84fa94-04c1-424b-9868-57a2d4851a1d" />
    <TestEntry testId="68699688-1432-0773-2a3e-42a9bd29c51d" executionId="723bfe0d-8df5-43be-aaa9-637880c3fd35" testListId="8c84fa94-04c1-424b-9868-57a2d4851a1d" />
    <TestEntry testId="5c7021b2-ab84-6ddb-0ca5-4189e02d5ac9" executionId="314b81cf-2e9e-44b3-a3ef-addae59fd33c" testListId="8c84fa94-04c1-424b-9868-57a2d4851a1d" />
    <TestEntry testId="17123aeb-362b-66b0-2981-2994bc93be84" executionId="a86bc66e-8f49-46fd-8b10-93b0b1286263" testListId="8c84fa94-04c1-424b-9868-57a2d4851a1d" />
    <TestEntry testId="21e999d7-510e-1c4e-c52c-d104b54dd531" executionId="6b73a1df-de12-4440-9961-14a71861cb66" testListId="8c84fa94-04c1-424b-9868-57a2d4851a1d" />
    <TestEntry testId="f4caa0e6-6e3d-c131-c429-ec5067fe0c26" executionId="41bcefe6-bfaf-43a3-8760-3d0085ac2376" testListId="8c84fa94-04c1-424b-9868-57a2d4851a1d" />
    <TestEntry testId="fdea718c-e7bf-5aa2-3704-8a4192cbbb7b" executionId="0f357ef2-a78e-47a7-8fec-6f2511b13c00" testListId="8c84fa94-04c1-424b-9868-57a2d4851a1d" />
    <TestEntry testId="10f869b5-3f94-9d9b-fca6-ae8470aff83f" executionId="aad4f3db-0ca8-411f-bf9a-8bfc46b48c35" testListId="8c84fa94-04c1-424b-9868-57a2d4851a1d" />
    <TestEntry testId="72321927-3b83-84e2-bb23-4e4ef51fbf75" executionId="b0937001-b2dd-423a-b41e-34217503a429" testListId="8c84fa94-04c1-424b-9868-57a2d4851a1d" />
    <TestEntry testId="0f05724c-ecb1-a49e-a7ab-eb22e8343906" executionId="dc3dda74-06d0-440e-94c7-813069b8f092" testListId="8c84fa94-04c1-424b-9868-57a2d4851a1d" />
    <TestEntry testId="ced0770e-b901-4274-885a-59ff4d76a8a9" executionId="103d7933-6f33-4389-aada-6f692a686475" testListId="8c84fa94-04c1-424b-9868-57a2d4851a1d" />
    <TestEntry testId="8a250861-9e55-1130-202a-5e79a2a0feae" executionId="1e249d08-2118-4571-8d97-cd3ca762682a" testListId="8c84fa94-04c1-424b-9868-57a2d4851a1d" />
    <TestEntry testId="9ed9400e-36e7-5296-9ea5-358c22b526a5" executionId="32bea069-5232-4dc1-9841-ea296aeae1ac" testListId="8c84fa94-04c1-424b-9868-57a2d4851a1d" />
    <TestEntry testId="100430cd-6565-18f3-c294-373025ab087e" executionId="ad58a794-53c4-4c74-a795-3a354b2d9a08" testListId="8c84fa94-04c1-424b-9868-57a2d4851a1d" />
    <TestEntry testId="feec267f-5f3b-8ce3-d984-d9d9c2c9da27" executionId="ea397b8c-a1d9-480d-9751-e9202d040185" testListId="8c84fa94-04c1-424b-9868-57a2d4851a1d" />
    <TestEntry testId="188ab1bc-d4b4-26df-945b-2f118c1675e7" executionId="4c0fbebb-606d-4390-b96f-1e738c50efc1" testListId="8c84fa94-04c1-424b-9868-57a2d4851a1d" />
    <TestEntry testId="140cdba7-bdd7-21ce-465d-c6f1ecf49583" executionId="1bd3307a-2cc5-4814-8611-218f883a5011" testListId="8c84fa94-04c1-424b-9868-57a2d4851a1d" />
    <TestEntry testId="51ee23f8-e718-45a4-098e-53f61dfd5593" executionId="66a9ed84-d0a7-45a5-911b-cbf7c937c779" testListId="8c84fa94-04c1-424b-9868-57a2d4851a1d" />
    <TestEntry testId="87658b8d-a2b9-fc3e-5c2d-d98073969a68" executionId="263689a4-3d02-4e9b-9b38-be87a232ff5e" testListId="8c84fa94-04c1-424b-9868-57a2d4851a1d" />
    <TestEntry testId="2c1e2f18-dfa5-3295-1131-b7430d488d2a" executionId="71aa509e-a4ff-4b77-9016-650e5b94b8cf" testListId="8c84fa94-04c1-424b-9868-57a2d4851a1d" />
    <TestEntry testId="321a1e37-ed3f-fdc1-45f5-8b14a2fd9d22" executionId="92b66999-52dd-4ea4-a103-f49707c65b33" testListId="8c84fa94-04c1-424b-9868-57a2d4851a1d" />
    <TestEntry testId="478f3d78-10b6-28a4-5366-966921546be8" executionId="07d3d50b-6a63-4294-bb32-d170235214cd" testListId="8c84fa94-04c1-424b-9868-57a2d4851a1d" />
    <TestEntry testId="3dbdba1a-6fd0-35a0-1845-7a9d5e1b5f0c" executionId="64e9d14d-bbd3-4195-9989-dc1508253ee4" testListId="8c84fa94-04c1-424b-9868-57a2d4851a1d" />
    <TestEntry testId="d237d2eb-6f05-5bfd-e442-cd9c40ea90e7" executionId="25688cc8-4099-44ea-ace9-5c8809c6e948" testListId="8c84fa94-04c1-424b-9868-57a2d4851a1d" />
    <TestEntry testId="66b2a30f-8850-0f1e-aa89-5d56c4f90710" executionId="990b03a6-899c-4c24-9f2f-3fdacf9c6839" testListId="8c84fa94-04c1-424b-9868-57a2d4851a1d" />
    <TestEntry testId="a9489768-942a-dcfa-ad6f-91ef6ea78a74" executionId="6fb8b990-7ab5-47fe-985c-e990a69ea6e8" testListId="8c84fa94-04c1-424b-9868-57a2d4851a1d" />
    <TestEntry testId="625b0c4f-ae51-ad6c-59ca-a92337c32e20" executionId="59e033b3-baff-4b14-9f3a-d9ee9c696a1b" testListId="8c84fa94-04c1-424b-9868-57a2d4851a1d" />
    <TestEntry testId="86732163-4051-7399-a1b7-021a42dcb384" executionId="b1d331d2-2b18-499a-af5e-d815f6b810a5" testListId="8c84fa94-04c1-424b-9868-57a2d4851a1d" />
    <TestEntry testId="45782df9-6cc6-9c66-8f7c-93fd9cd53f3d" executionId="a2f133bf-dbd2-41fa-86d6-8765268b128d" testListId="8c84fa94-04c1-424b-9868-57a2d4851a1d" />
    <TestEntry testId="22e8c9f5-18cd-e757-dd99-5b5cabca4c49" executionId="61cd9049-16a8-4d9c-aa58-29b328551942" testListId="8c84fa94-04c1-424b-9868-57a2d4851a1d" />
    <TestEntry testId="3788b87d-2ea5-28d2-d757-7cb0d28c8b09" executionId="dc469f89-6907-4b31-bd07-09f398ae640b" testListId="8c84fa94-04c1-424b-9868-57a2d4851a1d" />
    <TestEntry testId="706ab6ba-2b51-b9db-cf4d-e95f5e95f91d" executionId="54460d48-855d-4d8b-962a-57d9a99a2374" testListId="8c84fa94-04c1-424b-9868-57a2d4851a1d" />
    <TestEntry testId="06644832-0720-9f66-794e-34617103e056" executionId="b44f6b2a-7922-449f-aa9d-8f11a1bcd6c3" testListId="8c84fa94-04c1-424b-9868-57a2d4851a1d" />
    <TestEntry testId="2acb2af8-f3fb-080e-8fda-e0eac2bb3f2e" executionId="bae217c4-dbc6-4cc5-bdc1-25bc4d433867" testListId="8c84fa94-04c1-424b-9868-57a2d4851a1d" />
    <TestEntry testId="7416401c-ea0e-cc6d-9990-152626aa5d18" executionId="1cb52a47-80de-4216-b092-0776f1e5217c" testListId="8c84fa94-04c1-424b-9868-57a2d4851a1d" />
    <TestEntry testId="80e74a32-3a38-ad7d-dbbc-155069dd63ff" executionId="06f6e22a-2f37-4c2e-bbc2-d175b98e47f1" testListId="8c84fa94-04c1-424b-9868-57a2d4851a1d" />
    <TestEntry testId="dc6df0ef-6815-0cab-7d5e-39c1193f19d2" executionId="5c11970b-b97b-48ec-a13c-c5c139a2fbf7" testListId="8c84fa94-04c1-424b-9868-57a2d4851a1d" />
    <TestEntry testId="d474115b-5d44-792f-c0b3-6286fc08511c" executionId="25c7f4dc-94df-4269-8792-09edbf483416" testListId="8c84fa94-04c1-424b-9868-57a2d4851a1d" />
    <TestEntry testId="c8bcd01b-a393-1de5-8512-1f4782ddff91" executionId="9654c0f7-4062-4360-9386-54b537c47dcf" testListId="8c84fa94-04c1-424b-9868-57a2d4851a1d" />
    <TestEntry testId="0482ccde-1d3a-57a5-32b1-49eeebf2bb9f" executionId="f3024971-ee54-447c-8821-7b4edd099bb0" testListId="8c84fa94-04c1-424b-9868-57a2d4851a1d" />
    <TestEntry testId="b4944693-4056-da7f-f008-94659ea447c4" executionId="e58c1459-c167-4c88-884a-c7727f3e49c8" testListId="8c84fa94-04c1-424b-9868-57a2d4851a1d" />
    <TestEntry testId="e1f7352b-0f9a-6b65-cb9b-1232c6779ad0" executionId="089db266-e889-48a0-b622-3f4399e6bb34" testListId="8c84fa94-04c1-424b-9868-57a2d4851a1d" />
    <TestEntry testId="ac6f18e1-b1aa-fc1d-9736-25be49d247df" executionId="a86de32b-527d-4479-842d-a5d1fdab40be" testListId="8c84fa94-04c1-424b-9868-57a2d4851a1d" />
    <TestEntry testId="1e8e6330-c538-1157-ece4-73d09ac62670" executionId="0f02b097-9b64-4b34-b43b-da621b310621" testListId="8c84fa94-04c1-424b-9868-57a2d4851a1d" />
    <TestEntry testId="7921a5cf-e854-49ae-c247-664dc2281b3b" executionId="b0599a13-acb6-416f-96cd-9f9f4235b14c" testListId="8c84fa94-04c1-424b-9868-57a2d4851a1d" />
    <TestEntry testId="0bbe4b7d-872b-2c47-337d-1d2c17bb07b3" executionId="c85594e2-7209-47a6-962a-5ec60ee7798d" testListId="8c84fa94-04c1-424b-9868-57a2d4851a1d" />
    <TestEntry testId="f508055b-5bee-31e3-7739-a002119aa0d0" executionId="41adb2c0-4d38-4049-8166-265df9f9e114" testListId="8c84fa94-04c1-424b-9868-57a2d4851a1d" />
    <TestEntry testId="97df8d55-ad90-bd8f-de70-c9dc2b92e2c7" executionId="9d21e692-3e95-4a23-87df-ca355eb758ec" testListId="8c84fa94-04c1-424b-9868-57a2d4851a1d" />
    <TestEntry testId="34484d7f-dbd0-1c67-e279-552a6dfdfeba" executionId="740c7740-4ca0-429e-aa2f-a847244d798b" testListId="8c84fa94-04c1-424b-9868-57a2d4851a1d" />
    <TestEntry testId="69685b74-7fc2-5b44-30db-5fa56ac301e3" executionId="aff5f650-3e55-4dd1-8da8-3cfd90094d7f" testListId="8c84fa94-04c1-424b-9868-57a2d4851a1d" />
    <TestEntry testId="af19f751-b680-6600-9f8b-34f9762fb7cf" executionId="0f276dd7-6bef-4c9f-8c9f-899133e8c4a2" testListId="8c84fa94-04c1-424b-9868-57a2d4851a1d" />
    <TestEntry testId="3546d9b7-4026-1f42-4d63-c78b4bd42ca5" executionId="43d5701e-1f1f-4bf9-8ace-97d360422c73" testListId="8c84fa94-04c1-424b-9868-57a2d4851a1d" />
    <TestEntry testId="7ec3e2f7-5c97-0db2-5273-5ff8a3fa8b7d" executionId="d1918dbb-42cd-44e3-9f8d-f1d9a7e5dee9" testListId="8c84fa94-04c1-424b-9868-57a2d4851a1d" />
    <TestEntry testId="37af9221-1044-bb39-76f3-d33c0e92bc2d" executionId="a103d68b-2995-42e0-9134-f2b99e0a8260" testListId="8c84fa94-04c1-424b-9868-57a2d4851a1d" />
    <TestEntry testId="5d38ef26-5475-4696-cbcc-8daeda649577" executionId="998f46dd-6203-4eed-a21f-4ebb865a1f25" testListId="8c84fa94-04c1-424b-9868-57a2d4851a1d" />
    <TestEntry testId="50e25875-2c25-fb3c-95d0-d87b9191fafb" executionId="5b587f0f-8a32-4bff-945f-9134d41a00eb" testListId="8c84fa94-04c1-424b-9868-57a2d4851a1d" />
    <TestEntry testId="4d49d458-cfe1-d6c1-2067-018152c6cee1" executionId="4bef0280-e86e-4630-8599-06edb629592e" testListId="8c84fa94-04c1-424b-9868-57a2d4851a1d" />
    <TestEntry testId="41ca75c3-6259-05b8-285b-4f5ddad16486" executionId="bdbf6f38-5d01-4d46-8d97-c76c9caa1736" testListId="8c84fa94-04c1-424b-9868-57a2d4851a1d" />
    <TestEntry testId="d9444b0f-2afc-6e33-3f17-3c6285628dbd" executionId="f7905820-171f-453e-9f44-c11c0747e2a7" testListId="8c84fa94-04c1-424b-9868-57a2d4851a1d" />
    <TestEntry testId="790b325d-3abd-eec1-3755-0e7f95bfd137" executionId="56da3593-b15f-4100-8c70-f4a90b0d3cfb" testListId="8c84fa94-04c1-424b-9868-57a2d4851a1d" />
    <TestEntry testId="9be046ce-d5fd-9427-1050-dab4a1484a22" executionId="fecbde58-7b4f-4ecb-a8cf-eabfd6374677" testListId="8c84fa94-04c1-424b-9868-57a2d4851a1d" />
    <TestEntry testId="a734b8d7-64b6-c5b0-a01b-89519383f833" executionId="2c641a1c-da39-4c5d-aa44-c19846839812" testListId="8c84fa94-04c1-424b-9868-57a2d4851a1d" />
    <TestEntry testId="d20a2387-a6b8-75e4-543a-484f53ff788e" executionId="b257ccdc-05c9-49e9-9cba-e0845152174a" testListId="8c84fa94-04c1-424b-9868-57a2d4851a1d" />
    <TestEntry testId="42f258d2-a624-e968-e234-9baaece024e5" executionId="97784e29-98f6-41f7-a77f-3ae0c808fd7b" testListId="8c84fa94-04c1-424b-9868-57a2d4851a1d" />
    <TestEntry testId="3c202c3e-cb38-f9d5-3947-b248696c1469" executionId="0290cd82-836c-4eff-a6ca-53546380766e" testListId="8c84fa94-04c1-424b-9868-57a2d4851a1d" />
    <TestEntry testId="e53b493e-3378-82fc-6e5a-40c8554a6b40" executionId="0b8ae1db-a939-4743-bdd1-f08cb66e5191" testListId="8c84fa94-04c1-424b-9868-57a2d4851a1d" />
    <TestEntry testId="04b793ec-5c62-ae5e-cd50-abedc55872c6" executionId="63cc329c-0167-409f-ab7c-47244046b7c6" testListId="8c84fa94-04c1-424b-9868-57a2d4851a1d" />
    <TestEntry testId="5255dc6d-608f-75ea-b670-2bf8b7b45263" executionId="29149a64-6587-445d-900d-bf440090211d" testListId="8c84fa94-04c1-424b-9868-57a2d4851a1d" />
    <TestEntry testId="e960d17e-5a16-1088-2ab9-bd4cbfeb6051" executionId="1892f51d-4f4c-4a6c-bdf5-5c6fb5f4cc7d" testListId="8c84fa94-04c1-424b-9868-57a2d4851a1d" />
    <TestEntry testId="ff2a19eb-d274-bc17-d69b-1ac44c30935b" executionId="d4361307-5901-4767-ae31-908ad72616a4" testListId="8c84fa94-04c1-424b-9868-57a2d4851a1d" />
    <TestEntry testId="ee755468-4bdc-15d4-aa8b-4fc09225ec87" executionId="d26e2372-9158-40b8-80c2-a5d38a9c0f00" testListId="8c84fa94-04c1-424b-9868-57a2d4851a1d" />
    <TestEntry testId="b6540edd-33a1-7fb7-59dd-c429fe9deaf1" executionId="cf8e042c-b2db-46a1-aacd-712ae22d1dc3" testListId="8c84fa94-04c1-424b-9868-57a2d4851a1d" />
    <TestEntry testId="3d87b9df-462b-a8e2-6ede-09a058082661" executionId="f4207f5b-1c54-47d5-9297-25312d4be2f4" testListId="8c84fa94-04c1-424b-9868-57a2d4851a1d" />
    <TestEntry testId="e6d1c36d-6dd6-74e8-a2bb-c4429896bd7c" executionId="e134d248-d066-42aa-844a-27fd744d869d" testListId="8c84fa94-04c1-424b-9868-57a2d4851a1d" />
    <TestEntry testId="0ab27023-6f4f-398c-0875-29e91f222b81" executionId="65a17116-5433-4924-8fbe-0b4ee0cf0585" testListId="8c84fa94-04c1-424b-9868-57a2d4851a1d" />
    <TestEntry testId="05a34134-282d-36c0-676f-ed71d1cce9af" executionId="6329ac6b-0603-481f-a64b-444a8817252c" testListId="8c84fa94-04c1-424b-9868-57a2d4851a1d" />
    <TestEntry testId="fc88963e-633c-7e9a-9319-8a8e2a64aa72" executionId="46562038-f1f4-4274-ad29-1a88fce0a99c" testListId="8c84fa94-04c1-424b-9868-57a2d4851a1d" />
    <TestEntry testId="775249f2-5313-8dc4-2a6f-e5ee207fa0a2" executionId="057032f8-20e8-4bcf-8eb4-5abb6da8a615" testListId="8c84fa94-04c1-424b-9868-57a2d4851a1d" />
    <TestEntry testId="6977a376-609f-df40-bd12-0f486a155f29" executionId="92c13ef5-6f9b-48cf-85e6-6feb5fafa5b7" testListId="8c84fa94-04c1-424b-9868-57a2d4851a1d" />
    <TestEntry testId="56fb65db-6e4f-4370-45ab-c4f18ac46c69" executionId="998d8b4a-38e3-4c8f-93d0-1a73e13430bf" testListId="8c84fa94-04c1-424b-9868-57a2d4851a1d" />
    <TestEntry testId="14113774-8076-c027-eb5f-ce9b50496561" executionId="c8149524-08d7-447a-b46e-4ddf12eaa151" testListId="8c84fa94-04c1-424b-9868-57a2d4851a1d" />
    <TestEntry testId="713e31be-1e71-4306-14c3-db35d3aa1175" executionId="f5840b70-e887-4604-b108-b55db83245d1" testListId="8c84fa94-04c1-424b-9868-57a2d4851a1d" />
    <TestEntry testId="730f96a6-2c95-70cd-5315-1cda5ab862b7" executionId="89d02ff7-bdbf-4894-bb69-32b7f8c1a0d8" testListId="8c84fa94-04c1-424b-9868-57a2d4851a1d" />
    <TestEntry testId="9906dcd0-ae4b-525a-9295-634f86d82a75" executionId="dacda12f-9e41-41b8-b2a0-899d59c44b32" testListId="8c84fa94-04c1-424b-9868-57a2d4851a1d" />
    <TestEntry testId="c53f27fb-3d3b-a509-2c4d-ee99c63b8770" executionId="aaf81f8d-cc5a-436c-baec-70317973dd80" testListId="8c84fa94-04c1-424b-9868-57a2d4851a1d" />
    <TestEntry testId="84215482-1639-cb06-f54a-780c0a44f94d" executionId="a6247112-261d-4105-b9fe-d23f2bcb8ee0" testListId="8c84fa94-04c1-424b-9868-57a2d4851a1d" />
    <TestEntry testId="9509b487-31fb-cc34-9fec-375f308c64f1" executionId="41f7690e-f15e-473f-998d-e216da829ca8" testListId="8c84fa94-04c1-424b-9868-57a2d4851a1d" />
    <TestEntry testId="654ef9ea-1882-bb3a-85cf-3a634c0819fe" executionId="e7c53927-0efc-4e66-80c0-b4c89779de5f" testListId="8c84fa94-04c1-424b-9868-57a2d4851a1d" />
    <TestEntry testId="b9a13a5b-81a8-ca23-bb4b-d95c063257a2" executionId="948cd900-ede7-4231-a7e7-823390b5f576" testListId="8c84fa94-04c1-424b-9868-57a2d4851a1d" />
    <TestEntry testId="e126e7cf-c0ab-74a1-6468-c90fcefa9c0d" executionId="b6179e6f-a1f8-432e-af8d-57d309dca182" testListId="8c84fa94-04c1-424b-9868-57a2d4851a1d" />
    <TestEntry testId="00c87c90-5fed-a59e-5da9-bdf8fc828b36" executionId="a8fea5a7-0228-457f-94cd-17b4ec3d38f5" testListId="8c84fa94-04c1-424b-9868-57a2d4851a1d" />
    <TestEntry testId="11048aed-8975-a212-b0c8-7431a0595306" executionId="5007f43c-0a79-425f-9dd3-a536718ca462" testListId="8c84fa94-04c1-424b-9868-57a2d4851a1d" />
    <TestEntry testId="72295e45-e674-1c99-e24a-c81a771d4fe0" executionId="1464e12d-f020-48da-b441-fa04089503b1" testListId="8c84fa94-04c1-424b-9868-57a2d4851a1d" />
    <TestEntry testId="f76b3f32-ad31-efe4-5487-c23eb6b9c7da" executionId="2b493e04-c3ba-4e13-91c5-4ff3ba6c7a77" testListId="8c84fa94-04c1-424b-9868-57a2d4851a1d" />
    <TestEntry testId="01a614b6-dddf-0daf-b823-0fab31c9f504" executionId="039ce4f1-3a04-4075-bdad-2b3ac745e54d" testListId="8c84fa94-04c1-424b-9868-57a2d4851a1d" />
    <TestEntry testId="8fe1e456-62c1-1f3d-ba20-1f75ca2590ef" executionId="e3cf8c0a-06b8-4099-be4f-40884d626b12" testListId="8c84fa94-04c1-424b-9868-57a2d4851a1d" />
    <TestEntry testId="ef366ad6-05cd-30d5-8f23-368e1f3db7b0" executionId="297ed221-3e1b-4f4b-8bde-b4541bf7af78" testListId="8c84fa94-04c1-424b-9868-57a2d4851a1d" />
    <TestEntry testId="7a356f2b-a14c-5916-12db-273db6c151e1" executionId="6b5c3161-5d2e-4392-8cde-e59f4da19cdd" testListId="8c84fa94-04c1-424b-9868-57a2d4851a1d" />
    <TestEntry testId="d5d0ad9c-ccbe-06a9-b9aa-ca9f6c51210e" executionId="59195fd8-bd7e-4660-af11-da20e9891cb1" testListId="8c84fa94-04c1-424b-9868-57a2d4851a1d" />
    <TestEntry testId="25a77e9b-f7a6-9cd0-b29d-d08216a5d765" executionId="4b83ea77-3f30-497d-b9c2-f1883a1c14fd" testListId="8c84fa94-04c1-424b-9868-57a2d4851a1d" />
    <TestEntry testId="e25d25bf-2450-37f1-6624-51c474e177b5" executionId="0e743a4a-5628-4587-a4a1-5b7425efd56c" testListId="8c84fa94-04c1-424b-9868-57a2d4851a1d" />
    <TestEntry testId="5d389af9-65a5-c3f7-2ce0-186dd7e293bb" executionId="9678bd02-d000-42e7-9190-8b80e4012507" testListId="8c84fa94-04c1-424b-9868-57a2d4851a1d" />
    <TestEntry testId="1bd5fb5a-9e9f-97ad-4b8a-d3a892f44a91" executionId="848f384c-f451-44ee-8e9d-fd5360f2fa58" testListId="8c84fa94-04c1-424b-9868-57a2d4851a1d" />
    <TestEntry testId="3c51f788-470f-b068-a20a-cd42a6521795" executionId="77a1a38c-84ea-4dd6-8c88-37d34706c6f3" testListId="8c84fa94-04c1-424b-9868-57a2d4851a1d" />
    <TestEntry testId="cf8e917f-8493-b13d-e6de-2124749937b2" executionId="7bf3bb59-0823-469a-bb2a-315f48d1c022" testListId="8c84fa94-04c1-424b-9868-57a2d4851a1d" />
    <TestEntry testId="953a78d6-fa77-032b-ac4f-79e4fda4fb2d" executionId="14501803-0c56-4b20-a20e-f29a65c8fdeb" testListId="8c84fa94-04c1-424b-9868-57a2d4851a1d" />
    <TestEntry testId="67da564e-6940-64cf-631a-afe062bb1f5c" executionId="c4582c02-b51d-4ac5-b1b8-968a26ff91ad" testListId="8c84fa94-04c1-424b-9868-57a2d4851a1d" />
    <TestEntry testId="1eba9d5f-108c-2454-5cfd-d38f970f6020" executionId="b54b40bf-5731-43ac-8ed7-7fd8a90d17ed" testListId="8c84fa94-04c1-424b-9868-57a2d4851a1d" />
    <TestEntry testId="aea9dbb7-f7b6-b4e5-e721-553a69502aed" executionId="e2364aa7-e6b4-4d3f-8d3a-1a6ba96512dd" testListId="8c84fa94-04c1-424b-9868-57a2d4851a1d" />
    <TestEntry testId="65bae37c-f475-9189-ca2c-8a760a3f92ff" executionId="a0ef98b9-2f30-4745-8619-c08f556d0e61" testListId="8c84fa94-04c1-424b-9868-57a2d4851a1d" />
    <TestEntry testId="e03ebe14-51b2-e036-9a55-b41a897e8ee7" executionId="85ac2e39-23fc-43b0-bc81-7e11d8fb8fc9" testListId="8c84fa94-04c1-424b-9868-57a2d4851a1d" />
    <TestEntry testId="06b9dd46-92f8-7409-e110-7dc0c68ab5fd" executionId="14757bd9-9067-4c63-a79f-f3724b2eb15a" testListId="8c84fa94-04c1-424b-9868-57a2d4851a1d" />
    <TestEntry testId="cc6e8de5-37e2-ebc2-e199-323c623a3e71" executionId="57bfdedd-1344-44d8-bf3e-79344a31ea65" testListId="8c84fa94-04c1-424b-9868-57a2d4851a1d" />
    <TestEntry testId="9b93787a-b09d-885f-e62d-26302a9764e3" executionId="fddb0c2f-2322-4b4e-9a0b-5fec7d9852d4" testListId="8c84fa94-04c1-424b-9868-57a2d4851a1d" />
    <TestEntry testId="0f49765d-7714-2e01-cacb-5bcb003533f7" executionId="e766d23e-6e05-47d9-87b3-357f62a5ab9e" testListId="8c84fa94-04c1-424b-9868-57a2d4851a1d" />
    <TestEntry testId="f77da77f-ccab-db1f-b601-b20ad8accc1c" executionId="24df00f6-b615-49b2-a465-12761e72dde0" testListId="8c84fa94-04c1-424b-9868-57a2d4851a1d" />
    <TestEntry testId="99c8a6bf-0fcb-9ae5-1df7-fe0771c61c89" executionId="f3e60dcb-8db8-4012-8cdc-4439b75c7071" testListId="8c84fa94-04c1-424b-9868-57a2d4851a1d" />
    <TestEntry testId="bfac94ad-c6ba-d365-29bc-e5cd11571be9" executionId="e8cd09a1-8483-4b8e-99b2-b1b78242f777" testListId="8c84fa94-04c1-424b-9868-57a2d4851a1d" />
    <TestEntry testId="966c9619-a79f-7ecc-eadf-07d8da635bb8" executionId="402c25e5-e473-41a6-b332-ec05c0bfec39" testListId="8c84fa94-04c1-424b-9868-57a2d4851a1d" />
    <TestEntry testId="567aecf6-8050-60d3-0df1-56b65b0170fd" executionId="d28b6f18-6ad2-446a-995c-a3f18d5fb010" testListId="8c84fa94-04c1-424b-9868-57a2d4851a1d" />
    <TestEntry testId="6dffef42-0f67-d446-3f31-7148f50c92b8" executionId="71901aa1-1904-4a59-9211-73b94d78d0b4" testListId="8c84fa94-04c1-424b-9868-57a2d4851a1d" />
    <TestEntry testId="e050b393-98d3-94ce-7c71-c1e2257cc835" executionId="f3e0bb90-9e9a-4a7c-b802-b42e6ce3694e" testListId="8c84fa94-04c1-424b-9868-57a2d4851a1d" />
    <TestEntry testId="f6d0521c-fa56-8a50-37b1-66020c9096c5" executionId="bbddca6d-ef60-4302-b727-ce7225e04da2" testListId="8c84fa94-04c1-424b-9868-57a2d4851a1d" />
    <TestEntry testId="5e0f1cfa-75f6-24c9-04dc-0016c4d99c0e" executionId="a1bda1a3-c45c-4aec-9a4e-03d694f9d093" testListId="8c84fa94-04c1-424b-9868-57a2d4851a1d" />
    <TestEntry testId="0c59d76c-fcfa-911e-0eb0-a6a4bb0be5cb" executionId="8fa50a9e-ee88-463c-baf3-2e6ed58802ec" testListId="8c84fa94-04c1-424b-9868-57a2d4851a1d" />
    <TestEntry testId="44f7b27f-f1c3-703c-68cf-d37045e86af9" executionId="113b2d7c-85b5-4469-9b6c-79c706b5dc3a" testListId="8c84fa94-04c1-424b-9868-57a2d4851a1d" />
    <TestEntry testId="262a88e0-7eec-695a-5519-9da294723f05" executionId="09c9243e-36d6-47e3-822b-7133eaed1077" testListId="8c84fa94-04c1-424b-9868-57a2d4851a1d" />
    <TestEntry testId="41320dfe-3b5a-f638-b9f5-066020b7f9fb" executionId="ac607617-6f3f-43b4-a967-ceca6b57c37f" testListId="8c84fa94-04c1-424b-9868-57a2d4851a1d" />
    <TestEntry testId="9fa4029e-04c2-4fbb-0305-224cc2bc4579" executionId="0ac3a90b-9d86-41a7-a5a1-9c4aed9a0375" testListId="8c84fa94-04c1-424b-9868-57a2d4851a1d" />
    <TestEntry testId="4efea0b2-fd13-8c87-2ec9-0987481ae174" executionId="ba58c5a7-5668-4dc8-b30d-a349ee6a7272" testListId="8c84fa94-04c1-424b-9868-57a2d4851a1d" />
    <TestEntry testId="f4b229a2-a8b7-144d-7478-c2badca0b648" executionId="5bf0f92a-daf9-4bab-bd63-ed7402e3801d" testListId="8c84fa94-04c1-424b-9868-57a2d4851a1d" />
    <TestEntry testId="def15d37-a46e-6d35-8494-fbad53c206f8" executionId="bb178b99-41fa-4a56-96d1-993dc545076f" testListId="8c84fa94-04c1-424b-9868-57a2d4851a1d" />
    <TestEntry testId="af75ef55-0542-65e8-b2ae-a8714b1b6ee8" executionId="cdfeee66-2a58-4c7b-a025-f13602620b0c" testListId="8c84fa94-04c1-424b-9868-57a2d4851a1d" />
    <TestEntry testId="8f91f03b-52eb-2c3c-675c-55cedbafec7f" executionId="bd065422-6d7a-4c94-aba4-79e8b58e27f9" testListId="8c84fa94-04c1-424b-9868-57a2d4851a1d" />
    <TestEntry testId="87cd87e7-f8b3-8fec-86a5-3e9d93a6a9b4" executionId="2ac910b0-7e10-4c03-809b-2d4cbcae88f3" testListId="8c84fa94-04c1-424b-9868-57a2d4851a1d" />
    <TestEntry testId="619942a7-a80d-eb03-35dd-da59797fd3a6" executionId="e3159a64-1a31-4cf1-a74b-491c4b89f8a5" testListId="8c84fa94-04c1-424b-9868-57a2d4851a1d" />
    <TestEntry testId="7056a748-e4f9-329a-3b22-50df97f55acf" executionId="1db99959-8a46-4fbd-ac39-fec1613a7e38" testListId="8c84fa94-04c1-424b-9868-57a2d4851a1d" />
    <TestEntry testId="a26ec6f8-6dd9-5136-a9d6-39566670d840" executionId="88e8a46d-2629-4fb9-a523-ec941003b4b5" testListId="8c84fa94-04c1-424b-9868-57a2d4851a1d" />
    <TestEntry testId="bf2ebf86-752e-56e5-3529-0dcee7532d5d" executionId="82661bb9-c8f7-410c-b29e-241eb469d388" testListId="8c84fa94-04c1-424b-9868-57a2d4851a1d" />
    <TestEntry testId="3359bec4-f88f-6930-585f-325fb5905ea7" executionId="577408ab-fb2c-4d36-b23f-06d464260cf4" testListId="8c84fa94-04c1-424b-9868-57a2d4851a1d" />
    <TestEntry testId="875445ef-e209-9bf8-5e7e-3be88ab2dbc5" executionId="ade02102-e52b-4d69-8558-05aa5392c6f2" testListId="8c84fa94-04c1-424b-9868-57a2d4851a1d" />
    <TestEntry testId="42d01a79-698a-8bdf-a47a-b3816ad9c51b" executionId="7f9bd2c8-9c47-4874-b205-83f2f1926c8c" testListId="8c84fa94-04c1-424b-9868-57a2d4851a1d" />
    <TestEntry testId="9e425f6e-42f2-b256-89c2-edfb5efac27a" executionId="762c4e0c-5fa1-41f6-9cf3-4a2dba29dc5c" testListId="8c84fa94-04c1-424b-9868-57a2d4851a1d" />
    <TestEntry testId="fcc87965-3b73-69f4-c122-fdfc94e1d8cb" executionId="5187c288-16b0-4d93-9dc7-33c113e226aa" testListId="8c84fa94-04c1-424b-9868-57a2d4851a1d" />
  </TestEntries>
  <TestLists>
    <TestList name="Results Not in a List" id="8c84fa94-04c1-424b-9868-57a2d4851a1d" />
    <TestList name="All Loaded Results" id="19431567-8539-422a-85d7-44ee4e166bda" />
  </TestLists>
  <ResultSummary outcome="Completed">
    <Counters total="252" executed="242" passed="242" failed="0" error="0" timeout="0" aborted="0" inconclusive="0" passedButRunAborted="0" notRunnable="0" notExecuted="0" disconnected="0" warning="0" completed="0" inProgress="0" pending="0" />
    <Output>
      <StdOut>[xUnit.net 00:00:00.00] xUnit.net VSTest Adapter v2.8.2+699d445a1a (64-bit .NET 8.0.20)
[xUnit.net 00:00:00.09]   Discovering: Kiwibank.Payments.PaymentsOrchestrator.Testings.Integration.Mocked
[xUnit.net 00:00:00.10]   Discovered:  Kiwibank.Payments.PaymentsOrchestrator.Testings.Integration.Mocked
Test 'POrchAPI_Valid_Payee_Reference_Return_Success_Todo (&amp;&lt;&gt;,201,)' was skipped in the test run.
Test 'ChallengedPaymentInitiationEndpointIsAccessible' was skipped in the test run.
Test 'POrchAPI_Middleware_Retries_To_Maximum_Failure_Limit' was skipped in the test run.
Test 'POrchAPI_TMVToUltracs_Negative_MiddleWare_Response_409_OtherErrors (FrozenError,409,)' was skipped in the test run.
Test 'POrchAPI_TMVToUltracs_Negative_MiddleWare_Response_409_OtherErrors (ClosedAccountError,409,)' was skipped in the test run.
Test 'POrchAPI_TMVToUltracs_Negative_MiddleWare_Response_409_OtherErrors (InvalidBankBranchNumberError,409,)' was skipped in the test run.
Test 'POrchAPI_TMVToUltracs_Negative_MiddleWare_Response_409_OtherErrors (AccountDetectionFailedError,409,)' was skipped in the test run.
Test 'POrchAPI_TMVToUltracs_Negative_MiddleWare_Response_409_OtherErrors (WithdrawalNotPermittedError,409,)' was skipped in the test run.
Test 'POrchAPI_TMVToUltracs_Negative_MiddleWare_Response_409_OtherErrors (AccountNumberIsInvalidError,409,)' was skipped in the test run.
Test 'POrchAPI_TMVToUltracs_Negative_MiddleWare_Response_409_OtherErrors (AccountIdentificationInsufficientError,409,)' was skipped in the test run.
</StdOut>
    </Output>
  </ResultSummary>
</TestRun>